PRT1
297
913
4 0 49 (2048 1024 1024 ) (2048 1024 -992 ) (2976 1024 -992 ) (2976 1024 1024 ) 
4 0 47 (2048 1024 1040 ) (2048 1024 1024 ) (2976 1024 1024 ) (2976 1024 1040 ) 
4 0 43 (2048 1024 1072 ) (2048 1024 1040 ) (2976 1024 1040 ) (2976 1024 1072 ) 
4 0 15 (2048 1024 1272 ) (2048 1024 1072 ) (2976 1024 1072 ) (2976 1024 1272 ) 
4 0 10 (2976 1024 2016 ) (2048 1024 2016 ) (2048 1024 1272 ) (2976 1024 1272 ) 
4 0 7 (3008 1024 2016 ) (2976 1024 2016 ) (2976 1024 -992 ) (3008 1024 -992 ) 
4 0 6 (3040 1024 2016 ) (3008 1024 2016 ) (3008 1024 -992 ) (3040 1024 -992 ) 
4 0 2 (2048 1024 -992 ) (2048 1024 2016 ) (2048 1154 2016 ) (2048 1154 -992 ) 
4 0 1 (2048 1154 2016 ) (2048 2016 2016 ) (2048 2016 -992 ) (2048 1154 -992 ) 
4 1 112 (1024 1154 -992 ) (1024 1154 2016 ) (1024 2016 2016 ) (1024 2016 -992 ) 
4 1 5 (1024 1154 1085 ) (1024 1154 -992 ) (1162 1154 -992 ) (1162 1154 1085 ) 
27 1 4 (1024 1154 1209.666992 ) (1024 1154 1115.332886 ) (1030 1154 1108 ) (1041.995361 1154 1098.007324 ) (1055.033203 1154 1090.987427 ) (1069.886597 1154 1086.743896 ) (1084.500122 1154 1085.057739 ) (1099.172241 1154 1086.750610 ) (1113.926636 1154 1090.965820 ) (1127.004639 1154 1098.007446 ) (1139 1154 1108 ) (1149.322388 1154 1120.615723 ) (1156.157593 1154 1133.525391 ) (1159.907715 1154 1146.282471 ) (1161.937378 1154 1162.500366 ) (1159.907959 1154 1178.716919 ) (1156.157715 1154 1191.474243 ) (1149.322266 1154 1204.384521 ) (1139 1154 1217 ) (1127.004639 1154 1226.992676 ) (1113.965820 1154 1234.013062 ) (1099.113770 1154 1238.256104 ) (1084.500122 1154 1239.942261 ) (1069.886597 1154 1238.256104 ) (1055.033691 1154 1234.012695 ) (1041.994873 1154 1226.992188 ) (1030 1154 1217 ) 
4 1 3 (1024 1154 2016 ) (1024 1154 1240 ) (1162 1154 1240 ) (1162 1154 2016 ) 
4 1 2 (1162 1154 -992 ) (2048 1154 -992 ) (2048 1154 2016 ) (1162 1154 2016 ) 
4 2 99 (2048 1024 -992 ) (2048 1024 1024 ) (1162 1024 1024 ) (1162 1024 -992 ) 
4 2 97 (2048 1024 1024 ) (2048 1024 1040 ) (1162 1024 1040 ) (1162 1024 1024 ) 
4 2 92 (2048 1024 1040 ) (2048 1024 1072 ) (1162 1024 1072 ) (1162 1024 1040 ) 
4 2 51 (2048 1024 1072 ) (2048 1024 1272 ) (1162 1024 1272 ) (1162 1024 1072 ) 
4 2 50 (2048 1024 1272 ) (2048 1024 2016 ) (1162 1024 2016 ) (1162 1024 1272 ) 
4 2 5 (1162 1154 1085 ) (1162 1154 -992 ) (1162 1024 -992 ) (1162 1024 1085 ) 
4 2 3 (1162 1154 2016 ) (1162 1154 1240 ) (1162 1024 1240 ) (1162 1024 2016 ) 
4 3 114 (1024 1024 1240 ) (1024 1024 2016 ) (1024 1154 2016 ) (1024 1154 1240 ) 
4 3 52 (1162 1024 1240 ) (1162 1024 2016 ) (1024 1024 2016 ) (1024 1024 1240 ) 
4 4 115 (1024 1024 1115.332886 ) (1024 1024 1209.666992 ) (1024 1154 1209.666992 ) (1024 1154 1115.332886 ) 
27 4 54 (1159.907959 1024 1178.716919 ) (1156.157715 1024 1191.474243 ) (1149.322266 1024 1204.384521 ) (1139 1024 1217 ) (1127.004639 1024 1226.992676 ) (1113.965820 1024 1234.013062 ) (1099.113770 1024 1238.256104 ) (1084.500122 1024 1239.942261 ) (1069.886597 1024 1238.256104 ) (1055.033691 1024 1234.012695 ) (1041.994873 1024 1226.992188 ) (1030 1024 1217 ) (1024 1024 1209.666992 ) (1024 1024 1115.332886 ) (1030 1024 1108 ) (1041.995361 1024 1098.007324 ) (1055.033203 1024 1090.987427 ) (1069.886597 1024 1086.743896 ) (1084.500122 1024 1085.057739 ) (1099.172241 1024 1086.750610 ) (1113.926636 1024 1090.965820 ) (1127.004639 1024 1098.007446 ) (1139 1024 1108 ) (1149.322388 1024 1120.615723 ) (1156.157593 1024 1133.525391 ) (1159.907715 1024 1146.282471 ) (1161.937378 1024 1162.500366 ) 
4 5 113 (1024 1024 -992 ) (1024 1024 1085 ) (1024 1154 1085 ) (1024 1154 -992 ) 
4 5 99 (1162 1024 -992 ) (1162 1024 1024 ) (1024 1024 1024 ) (1024 1024 -992 ) 
4 5 97 (1162 1024 1024 ) (1162 1024 1040 ) (1024 1024 1040 ) (1024 1024 1024 ) 
4 5 92 (1162 1024 1040 ) (1162 1024 1072 ) (1024 1024 1072 ) (1024 1024 1040 ) 
4 5 56 (1162 1024 1072 ) (1162 1024 1085 ) (1149 1024 1085 ) (1149 1024 1072 ) 
4 5 57 (1149 1024 1085 ) (1024 1024 1085 ) (1024 1024 1072 ) (1149 1024 1072 ) 
4 6 100 (3040 0 2016 ) (3008 0 2016 ) (3008 0 -992 ) (3040 0 -992 ) 
4 6 8 (3008 0 1304 ) (3008 0 2016 ) (3008 384 2016 ) (3008 384 1304 ) 
4 6 9 (3008 384 -992 ) (3008 0 -992 ) (3008 0 1024 ) (3008 384 1024 ) 
4 6 7 (3008 1024 -992 ) (3008 384 -992 ) (3008 384 2016 ) (3008 1024 2016 ) 
4 7 49 (2976 1024 1024 ) (2976 1024 -992 ) (2976 384 -992 ) (2976 384 1024 ) 
4 7 47 (2976 1024 1040 ) (2976 1024 1024 ) (2976 384 1024 ) (2976 384 1040 ) 
4 7 43 (2976 1024 1072 ) (2976 1024 1040 ) (2976 384 1040 ) (2976 384 1072 ) 
4 7 15 (2976 1024 1272 ) (2976 1024 1072 ) (2976 384 1072 ) (2976 384 1272 ) 
4 7 10 (2976 1024 2016 ) (2976 1024 1272 ) (2976 384 1272 ) (2976 384 2016 ) 
4 7 8 (3008 384 1304 ) (3008 384 2016 ) (2976 384 2016 ) (2976 384 1304 ) 
4 7 9 (2976 384 -992 ) (3008 384 -992 ) (3008 384 1024 ) (2976 384 1024 ) 
4 8 101 (3008 0 2016 ) (2976 0 2016 ) (2976 0 1304 ) (3008 0 1304 ) 
4 8 34 (2976 24 2016 ) (2976 80 2016 ) (2976 80 1304 ) (2976 24 1304 ) 
4 8 36 (2976 0 1304 ) (2976 0 2016 ) (2976 24 2016 ) (2976 24 1304 ) 
4 8 22 (2976 80 2016 ) (2976 288 2016 ) (2976 288 1304 ) (2976 80 1304 ) 
4 8 13 (2976 288 2016 ) (2976 344 2016 ) (2976 344 1304 ) (2976 288 1304 ) 
4 8 11 (2976 344 2016 ) (2976 368 2016 ) (2976 368 1304 ) (2976 344 1304 ) 
4 8 10 (2976 368 2016 ) (2976 384 2016 ) (2976 384 1304 ) (2976 368 1304 ) 
4 9 102 (2976 0 1024 ) (2976 0 -992 ) (3008 0 -992 ) (3008 0 1024 ) 
4 9 49 (2976 384 -992 ) (2976 0 -992 ) (2976 0 1024 ) (2976 384 1024 ) 
4 10 58 (2048 377 1272 ) (2048 368 1272 ) (2048 368 2016 ) (2048 377 2016 ) 
4 10 50 (2048 1024 2016 ) (2048 1024 1272 ) (2048 377 1272 ) (2048 377 2016 ) 
4 10 15 (2048 384 1272 ) (2048 1024 1272 ) (2976 1024 1272 ) (2976 384 1272 ) 
4 10 11 (2976 368 1288 ) (2976 368 2016 ) (2048 368 2016 ) (2048 368 1288 ) 
4 11 71 (2048 344 1288 ) (2048 344 2016 ) (2048 368 2016 ) (2048 368 1288 ) 
4 11 13 (2976 344 1304 ) (2976 344 2016 ) (2048 344 2016 ) (2048 344 1304 ) 
4 12 72 (2048 360.002594 1272 ) (2048 344 1272 ) (2048 344 1288 ) (2048 344.002594 1288 ) 
4 12 17 (2976 352 1272 ) (2976 344 1272 ) (2972 344 1272 ) (2972 352 1272 ) 
4 12 16 (2972 360.002594 1272 ) (2976 360.002594 1272 ) (2976 352 1272 ) (2972 352 1272 ) 
4 12 21 (2048 344 1272 ) (2048 360.002594 1272 ) (2972 360.002594 1272 ) (2972 344 1272 ) 
4 12 14 (2048 344 1272 ) (2976 344 1272 ) (2976 344 1288 ) (2048 344 1288 ) 
4 13 73 (2048 288 1304 ) (2048 288 2016 ) (2048 344 2016 ) (2048 344 1304 ) 
4 13 22 (2976 288 1304 ) (2976 288 2016 ) (2048 288 2016 ) (2048 288 1304 ) 
4 14 74 (2048 344 1272 ) (2048 288 1272 ) (2048 288 1296 ) (2048 344 1288 ) 
4 14 29 (2104 288 1296 ) (2048 288 1296 ) (2048 288 1272 ) (2104 288 1272 ) 
4 14 28 (2368 288 1296 ) (2104 288 1296 ) (2104 288 1272 ) (2368 288 1272 ) 
4 14 24 (2496 288 1296 ) (2368 288 1296 ) (2368 288 1272 ) (2496 288 1272 ) 
4 14 23 (2976 288 1272 ) (2976 288 1296 ) (2496 288 1296 ) (2496 288 1272 ) 
4 14 17 (2972 312 1272 ) (2972 344 1272 ) (2976 344 1272 ) (2976 312 1272 ) 
4 14 20 (2976 288 1272 ) (2972 288 1272 ) (2972 312 1272 ) (2976 312 1272 ) 
4 14 21 (2972 288 1272 ) (2048 288 1272 ) (2048 344 1272 ) (2972 344 1272 ) 
4 15 51 (2048 1024 1272 ) (2048 1024 1072 ) (2048 384 1072 ) (2048 384 1272 ) 
4 15 43 (2048 384 1072 ) (2048 1024 1072 ) (2976 1024 1072 ) (2976 384 1072 ) 
4 16 18 (2972 352 1140 ) (2972 352 1120 ) (2976 352 1120 ) (2976 352 1140 ) 
4 16 17 (2972 352 1272 ) (2972 352 1140 ) (2976 352 1140 ) (2976 352 1272 ) 
4 16 19 (2972 352 1120 ) (2972 352 1088 ) (2976 352 1088 ) (2976 352 1120 ) 
5 16 21 (2972 360 1272 ) (2972 368 1239.996094 ) (2972 368 1088 ) (2972 352 1088 ) (2972 352 1272 ) 
4 17 20 (2972 312 1272 ) (2972 312 1140 ) (2976 312 1140 ) (2976 312 1272 ) 
4 17 21 (2972 312 1140 ) (2972 312 1272 ) (2972 352 1272 ) (2972 352 1140 ) 
4 17 18 (2976 312 1140 ) (2972 312 1140 ) (2972 352 1140 ) (2976 352 1140 ) 
4 18 19 (2976 312 1120 ) (2972 312 1120 ) (2972 352 1120 ) (2976 352 1120 ) 
4 18 20 (2972 312 1140 ) (2972 312 1120 ) (2976 312 1120 ) (2976 312 1140 ) 
4 18 21 (2972 312 1120 ) (2972 312 1140 ) (2972 352 1140 ) (2972 352 1120 ) 
4 19 21 (2972 352 1088 ) (2972 312 1088 ) (2972 312 1120 ) (2972 352 1120 ) 
4 19 20 (2972 312 1120 ) (2972 312 1088 ) (2976 312 1088 ) (2976 312 1120 ) 
4 20 23 (2976 288 1088 ) (2976 288 1272 ) (2972 288 1272 ) (2972 288 1088 ) 
4 20 21 (2972 312 1088 ) (2972 288 1088 ) (2972 288 1272 ) (2972 312 1272 ) 
5 21 75 (2048 288 1088 ) (2048 288 1272 ) (2048 360 1272 ) (2048 368 1240 ) (2048 368 1088 ) 
4 21 29 (2104 288 1272 ) (2048 288 1272 ) (2048 288 1088 ) (2104 288 1088 ) 
4 21 28 (2368 288 1272 ) (2104 288 1272 ) (2104 288 1088 ) (2368 288 1088 ) 
4 21 24 (2496 288 1272 ) (2368 288 1272 ) (2368 288 1088 ) (2496 288 1088 ) 
4 21 23 (2972 288 1272 ) (2496 288 1272 ) (2496 288 1088 ) (2972 288 1088 ) 
4 22 76 (2048 288 2016 ) (2048 288 1304 ) (2048 80 1304 ) (2048 80 2016 ) 
4 22 34 (2048 80 2016 ) (2048 80 1304 ) (2976 80 1304 ) (2976 80 2016 ) 
4 23 40 (2976 256 1072 ) (2976 128 1072 ) (2496 128 1072 ) (2496 256 1072 ) 
4 23 39 (2496 288 1072 ) (2976 288 1072 ) (2976 256 1072 ) (2496 256 1072 ) 
4 23 41 (2976 128 1072 ) (2976 80 1072 ) (2496 80 1072 ) (2496 128 1072 ) 
4 23 38 (2976 80 1088 ) (2976 80 1272 ) (2496 80 1272 ) (2496 80 1088 ) 
4 23 37 (2976 80 1272 ) (2976 80 1288 ) (2496 80 1288 ) (2496 80 1272 ) 
4 23 35 (2976 80 1288 ) (2976 80 1296 ) (2496 80 1296 ) (2496 80 1288 ) 
4 23 25 (2496 128 1296 ) (2496 256 1296 ) (2496 256 1168 ) (2496 128 1168 ) 
4 23 26 (2496 256 1152 ) (2496 256 1072 ) (2496 128 1072 ) (2496 128 1152 ) 
4 23 24 (2496 256 1296 ) (2496 288 1296 ) (2496 288 1072 ) (2496 256 1072 ) 
4 23 27 (2496 80 1072 ) (2496 80 1296 ) (2496 128 1296 ) (2496 128 1072 ) 
4 24 39 (2368 288 1072 ) (2496 288 1072 ) (2496 256 1072 ) (2368 256 1072 ) 
4 24 28 (2368 256 1296 ) (2368 288 1296 ) (2368 288 1072 ) (2368 256 1072 ) 
4 24 25 (2368 256 1296 ) (2368 256 1168 ) (2496 256 1168 ) (2496 256 1296 ) 
4 24 26 (2368 256 1152 ) (2368 256 1072 ) (2496 256 1072 ) (2496 256 1152 ) 
4 25 28 (2368 128 1296 ) (2368 256 1296 ) (2368 256 1168 ) (2368 128 1168 ) 
4 25 27 (2368 128 1296 ) (2368 128 1168 ) (2496 128 1168 ) (2496 128 1296 ) 
4 26 40 (2496 256 1072 ) (2496 128 1072 ) (2368 128 1072 ) (2368 256 1072 ) 
4 26 28 (2368 256 1152 ) (2368 256 1072 ) (2368 128 1072 ) (2368 128 1152 ) 
4 26 27 (2368 128 1152 ) (2368 128 1072 ) (2496 128 1072 ) (2496 128 1152 ) 
4 27 41 (2496 128 1072 ) (2496 80 1072 ) (2368 80 1072 ) (2368 128 1072 ) 
4 27 38 (2496 80 1088 ) (2496 80 1272 ) (2368 80 1272 ) (2368 80 1088 ) 
4 27 37 (2496 80 1272 ) (2496 80 1288 ) (2368 80 1288 ) (2368 80 1272 ) 
4 27 35 (2496 80 1288 ) (2496 80 1296 ) (2368 80 1296 ) (2368 80 1288 ) 
4 27 28 (2368 80 1072 ) (2368 80 1296 ) (2368 128 1296 ) (2368 128 1072 ) 
4 28 40 (2368 256 1072 ) (2368 128 1072 ) (2104 128 1072 ) (2104 256 1072 ) 
4 28 39 (2104 288 1072 ) (2368 288 1072 ) (2368 256 1072 ) (2104 256 1072 ) 
4 28 41 (2368 128 1072 ) (2368 80 1072 ) (2104 80 1072 ) (2104 128 1072 ) 
4 28 38 (2368 80 1088 ) (2368 80 1272 ) (2104 80 1272 ) (2104 80 1088 ) 
4 28 37 (2368 80 1272 ) (2368 80 1288 ) (2104 80 1288 ) (2104 80 1272 ) 
4 28 35 (2368 80 1288 ) (2368 80 1296 ) (2104 80 1296 ) (2104 80 1288 ) 
4 28 31 (2104 200 1286 ) (2104 200 1270 ) (2104 184 1270 ) (2104 184 1286 ) 
4 28 30 (2104 184 1296 ) (2104 200 1296 ) (2104 200 1286 ) (2104 184 1286 ) 
4 28 32 (2104 200 1270 ) (2104 200 1072 ) (2104 184 1072 ) (2104 184 1270 ) 
4 28 29 (2104 200 1296 ) (2104 288 1296 ) (2104 288 1072 ) (2104 200 1072 ) 
4 28 33 (2104 80 1072 ) (2104 80 1296 ) (2104 184 1296 ) (2104 184 1072 ) 
4 29 77 (2048 288 1296 ) (2048 288 1072 ) (2048 200 1072 ) (2048 200 1296 ) 
4 29 40 (2048 200 1072 ) (2048 256 1072 ) (2104 256 1072 ) (2104 200 1072 ) 
4 29 39 (2048 256 1072 ) (2048 288 1072 ) (2104 288 1072 ) (2104 256 1072 ) 
4 29 31 (2104 200 1270 ) (2104 200 1286 ) (2048 200 1286 ) (2048 200 1270 ) 
4 29 30 (2104 200 1286 ) (2104 200 1296 ) (2048 200 1296 ) (2048 200 1286 ) 
4 29 32 (2048 200 1072 ) (2104 200 1072 ) (2104 200 1270 ) (2048 200 1270 ) 
4 30 78 (2048 184 1286 ) (2048 184 1296 ) (2048 200 1296 ) (2048 200 1286 ) 
4 30 33 (2104 184 1286 ) (2104 184 1296 ) (2048 184 1296 ) (2048 184 1286 ) 
4 30 31 (2104 184 1286 ) (2048 184 1286 ) (2048 200 1286 ) (2104 200 1286 ) 
4 31 79 (2048 184 1270 ) (2048 184 1286 ) (2048 200 1286 ) (2048 200 1270 ) 
4 31 32 (2104 184 1270 ) (2048 184 1270 ) (2048 200 1270 ) (2104 200 1270 ) 
4 31 33 (2104 184 1270 ) (2104 184 1286 ) (2048 184 1286 ) (2048 184 1270 ) 
4 32 82 (2048 200 1072 ) (2048 184 1072 ) (2048 184 1270 ) (2048 200 1270 ) 
4 32 40 (2048 184 1072 ) (2048 200 1072 ) (2104 200 1072 ) (2104 184 1072 ) 
4 32 33 (2048 184 1072 ) (2104 184 1072 ) (2104 184 1270 ) (2048 184 1270 ) 
4 33 83 (2048 184 1072 ) (2048 80 1072 ) (2048 80 1296 ) (2048 184 1296 ) 
4 33 40 (2048 128 1072 ) (2048 184 1072 ) (2104 184 1072 ) (2104 128 1072 ) 
4 33 41 (2048 80 1072 ) (2048 128 1072 ) (2104 128 1072 ) (2104 80 1072 ) 
4 33 38 (2048 80 1272 ) (2048 80 1088 ) (2104 80 1088 ) (2104 80 1272 ) 
4 33 37 (2048 80 1288 ) (2048 80 1272 ) (2104 80 1272 ) (2104 80 1288 ) 
4 33 35 (2048 80 1296 ) (2048 80 1288 ) (2104 80 1288 ) (2104 80 1296 ) 
4 34 84 (2048 24 2016 ) (2048 80 2016 ) (2048 80 1304 ) (2048 24 1304 ) 
4 34 36 (2976 24 1304 ) (2976 24 2016 ) (2048 24 2016 ) (2048 24 1304 ) 
3 35 85 (2048 80 1296 ) (2048 80 1288 ) (2048 24 1288 ) 
4 35 37 (2048 24 1288 ) (2048 80 1288 ) (2976 80 1288 ) (2976 24 1288 ) 
4 36 104 (2976 0 1288 ) (2976 0 2016 ) (2048 0 2016 ) (2048 0 1288 ) 
4 36 86 (2048 0 1288 ) (2048 0 2016 ) (2048 24 2016 ) (2048 24 1288 ) 
4 37 87 (2048 24 1288 ) (2048 80 1288 ) (2048 80 1272 ) (2048 8 1272 ) 
4 37 38 (2048 80 1272 ) (2976 80 1272 ) (2976 8 1272 ) (2048 8 1272 ) 
5 38 88 (2048 0 1088 ) (2048 0 1240 ) (2048 8 1272 ) (2048 80 1272 ) (2048 80 1088 ) 
4 39 89 (2048 256 1072 ) (2048 288 1072 ) (2048 280 1040 ) (2048 256 1040 ) 
4 39 44 (2976 280 1040 ) (2976 256 1040 ) (2048 256 1040 ) (2048 280 1040 ) 
4 39 40 (2048 256 1040 ) (2976 256 1040 ) (2976 256 1072 ) (2048 256 1072 ) 
4 40 90 (2048 128 1072 ) (2048 256 1072 ) (2048 256 1040 ) (2048 128 1040 ) 
4 40 45 (2976 256 1040 ) (2976 128 1040 ) (2048 128 1040 ) (2048 256 1040 ) 
4 40 41 (2048 128 1040 ) (2976 128 1040 ) (2976 128 1072 ) (2048 128 1072 ) 
4 41 91 (2048 80 1072 ) (2048 128 1072 ) (2048 128 1040 ) (2048 96 1040 ) 
4 41 46 (2976 128 1040 ) (2976 96 1040 ) (2048 96 1040 ) (2048 128 1040 ) 
4 42 106 (2976 0 1040 ) (2976 0 1072 ) (2048 0 1072 ) (2048 0 1040 ) 
4 42 93 (2048 0 1040 ) (2048 0 1072 ) (2048 72 1072 ) (2048 72 1040 ) 
4 42 48 (2976 72 1040 ) (2976 0 1040 ) (2048 0 1040 ) (2048 72 1040 ) 
4 43 92 (2048 304 1072 ) (2048 1024 1072 ) (2048 1024 1040 ) (2048 304 1040 ) 
4 43 47 (2048 1024 1040 ) (2976 1024 1040 ) (2976 304 1040 ) (2048 304 1040 ) 
3 44 94 (2048 256 1040 ) (2048 280 1040 ) (2048 256 1032 ) 
4 44 45 (2048 256 1032 ) (2976 256 1032 ) (2976 256 1040 ) (2048 256 1040 ) 
4 45 95 (2048 128 1040 ) (2048 256 1040 ) (2048 256 1032 ) (2048 128 1032 ) 
4 45 46 (2048 128 1032 ) (2976 128 1032 ) (2976 128 1040 ) (2048 128 1040 ) 
3 46 96 (2048 96 1040 ) (2048 128 1040 ) (2048 128 1032 ) 
4 47 97 (2048 280 1040 ) (2048 1024 1040 ) (2048 1024 1024 ) (2048 280 1024 ) 
4 47 49 (2048 280 1024 ) (2048 1024 1024 ) (2976 1024 1024 ) (2976 280 1024 ) 
4 48 106 (2976 0 1024 ) (2976 0 1040 ) (2048 0 1040 ) (2048 0 1024 ) 
4 48 98 (2048 0 1024 ) (2048 0 1040 ) (2048 96 1040 ) (2048 96 1024 ) 
4 48 49 (2048 0 1024 ) (2048 96 1024 ) (2976 96 1024 ) (2976 0 1024 ) 
4 49 106 (2976 0 -992 ) (2976 0 1024 ) (2048 0 1024 ) (2048 0 -992 ) 
4 49 99 (2048 0 -992 ) (2048 0 1024 ) (2048 1024 1024 ) (2048 1024 -992 ) 
4 50 58 (2048 377 1272 ) (2048 377 2016 ) (1162 377 2016 ) (1162 377 1272 ) 
4 50 53 (1162 384 1272 ) (1162 377 1272 ) (1162 377 2016 ) (1162 384 2016 ) 
4 50 52 (1162 1024 2016 ) (1162 1024 1272 ) (1162 384 1272 ) (1162 384 2016 ) 
4 50 51 (1162 384 1272 ) (1162 1024 1272 ) (2048 1024 1272 ) (2048 384 1272 ) 
4 51 92 (1162 1024 1072 ) (2048 1024 1072 ) (2048 384 1072 ) (1162 384 1072 ) 
4 51 56 (1162 1024 1085 ) (1162 1024 1072 ) (1162 384 1072 ) (1162 384 1085 ) 
4 51 52 (1162 1024 1272 ) (1162 1024 1240 ) (1162 384 1240 ) (1162 384 1272 ) 
4 52 156 (1024 1024 1272 ) (1024 1024 1240 ) (1024 384 1240 ) (1024 384 1272 ) 
4 52 123 (1024 1024 1304 ) (1024 1024 1272 ) (1024 384 1272 ) (1024 384 1304 ) 
4 52 120 (1024 1024 2016 ) (1024 1024 1304 ) (1024 384 1304 ) (1024 384 2016 ) 
4 52 53 (1162 384 1272 ) (1162 384 2016 ) (1024 384 2016 ) (1024 384 1272 ) 
4 53 123 (1024 377 1272 ) (1024 377 1304 ) (1024 384 1304 ) (1024 384 1272 ) 
4 53 120 (1024 377 1304 ) (1024 377 2016 ) (1024 384 2016 ) (1024 384 1304 ) 
4 53 69 (1028 377 2016 ) (1024 377 2016 ) (1024 377 1272 ) (1028 377 1272 ) 
4 53 66 (1048 377 2016 ) (1028 377 2016 ) (1028 377 1272 ) (1048 377 1272 ) 
4 53 64 (1121 377 2016 ) (1048 377 2016 ) (1048 377 1272 ) (1121 377 1272 ) 
4 53 61 (1141 377 2016 ) (1121 377 2016 ) (1121 377 1272 ) (1141 377 1272 ) 
4 53 58 (1162 377 1272 ) (1162 377 2016 ) (1141 377 2016 ) (1141 377 1272 ) 
4 54 158 (1024 1024 1209.666992 ) (1024 1024 1115.332886 ) (1024 384 1115.332886 ) (1024 384 1209.666992 ) 
22 54 55 (1024 384 1115.323853 ) (1029.976563 384 1108.019531 ) (1042.008911 384 1097.996094 ) (1055.017944 384 1090.991699 ) (1069.886475 384 1086.743896 ) (1084.500244 384 1085.057739 ) (1099.171997 384 1086.750610 ) (1113.926392 384 1090.965820 ) (1127.005249 384 1098.007813 ) (1139 384 1108 ) (1149 384 1120.221680 ) (1149 384 1204.778442 ) (1139 384 1217 ) (1127.004883 384 1226.992554 ) (1113.965942 384 1234.013062 ) (1099.113892 384 1238.256104 ) (1084.513428 384 1239.940674 ) (1069.871094 384 1238.251465 ) (1055.053345 384 1234.018433 ) (1041.980469 384 1226.980469 ) (1029.995483 384 1216.996338 ) (1024 384 1209.668579 ) 
4 55 160 (1024 384 1115.332886 ) (1024 377 1115.332886 ) (1024 377 1209.666992 ) (1024 384 1209.666992 ) 
4 55 70 (1024 377 1203.569946 ) (1024 377 1128 ) (1028 377 1128 ) (1028 377 1208.709961 ) 
3 55 68 (1048 377 1108 ) (1048 377 1125 ) (1031 377 1125 ) 
4 55 67 (1028 377 1211 ) (1028 377 1125 ) (1048 377 1125 ) (1048 377 1226.239990 ) 
4 55 65 (1048 377 1227 ) (1048 377 1098 ) (1121 377 1098 ) (1121 377 1227 ) 
3 55 63 (1121 377 1125 ) (1121 377 1108 ) (1138 377 1125 ) 
4 55 62 (1121 377 1226.239990 ) (1121 377 1125 ) (1141 377 1125 ) (1141 377 1211 ) 
5 55 60 (1149 377 1204.778320 ) (1144.727539 377 1210 ) (1141 377 1210 ) (1141 377 1125 ) (1149 377 1133 ) 
3 55 59 (1144.727539 377 1210 ) (1141 377 1214.555664 ) (1141 377 1210 ) 
4 56 92 (1149 1024 1072 ) (1162 1024 1072 ) (1162 384 1072 ) (1149 384 1072 ) 
4 56 57 (1149 1024 1072 ) (1149 384 1072 ) (1149 384 1085 ) (1149 1024 1085 ) 
4 57 159 (1024 384 1072 ) (1024 377 1072 ) (1024 377 1085 ) (1024 384 1085 ) 
4 57 157 (1024 1024 1085 ) (1024 1024 1072 ) (1024 384 1072 ) (1024 384 1085 ) 
4 57 92 (1024 1024 1072 ) (1149 1024 1072 ) (1149 377 1072 ) (1024 377 1072 ) 
4 58 71 (2048 368 1288 ) (2048 368 2016 ) (1141 368 2016 ) (1141 368 1288 ) 
4 58 61 (1141 377 2016 ) (1141 377 1272 ) (1141 368 1272 ) (1141 368 2016 ) 
3 59 75 (1141 368 1217.709961 ) (1141 368 1210 ) (1147 368 1210 ) 
4 59 62 (1141 377 1211 ) (1141 377 1210 ) (1141 368 1210 ) (1141 368 1211 ) 
4 59 60 (1141 368 1210 ) (1141 377 1210 ) (1147 377 1210 ) (1147 368 1210 ) 
4 60 75 (1149 368 1133 ) (1149 368 1210 ) (1141 368 1210 ) (1141 368 1125 ) 
4 60 62 (1141 377 1210 ) (1141 377 1125 ) (1141 368 1125 ) (1141 368 1210 ) 
4 61 71 (1141 368 1288 ) (1141 368 2016 ) (1121 368 2016 ) (1121 368 1288 ) 
4 61 64 (1121 377 2016 ) (1121 377 1272 ) (1121 368 1272 ) (1121 368 2016 ) 
4 62 75 (1141 368 1125 ) (1141 368 1211 ) (1121 368 1226.240112 ) (1121 368 1125 ) 
4 62 65 (1121 377 1226.240112 ) (1121 377 1125 ) (1121 368 1125 ) (1121 368 1226.240112 ) 
4 62 63 (1121 368 1125 ) (1121 377 1125 ) (1138 377 1125 ) (1138 368 1125 ) 
3 63 75 (1138 368 1125 ) (1121 368 1125 ) (1121 368 1108 ) 
4 63 65 (1121 377 1125 ) (1121 377 1108 ) (1121 368 1108 ) (1121 368 1125 ) 
4 64 71 (1121 368 1288 ) (1121 368 2016 ) (1048 368 2016 ) (1048 368 1288 ) 
4 64 66 (1048 377 2016 ) (1048 377 1272 ) (1048 368 1272 ) (1048 368 2016 ) 
4 65 75 (1121 368 1098 ) (1121 368 1227 ) (1048 368 1227 ) (1048 368 1098 ) 
4 65 68 (1048 377 1125 ) (1048 377 1108 ) (1048 368 1108 ) (1048 368 1125 ) 
4 65 67 (1048 377 1226.239990 ) (1048 377 1125 ) (1048 368 1125 ) (1048 368 1226.239990 ) 
4 66 71 (1048 368 1288 ) (1048 368 2016 ) (1028 368 2016 ) (1028 368 1288 ) 
4 66 69 (1028 377 2016 ) (1028 377 1272 ) (1028 368 1272 ) (1028 368 2016 ) 
4 67 75 (1048 368 1125 ) (1048 368 1226.239990 ) (1028 368 1211 ) (1028 368 1125 ) 
4 67 70 (1028 377 1208.709961 ) (1028 377 1128 ) (1028 368 1128 ) (1028 368 1208.709961 ) 
4 67 68 (1031 377 1125 ) (1048 377 1125 ) (1048 368 1125 ) (1031 368 1125 ) 
3 68 75 (1048 368 1108 ) (1048 368 1125 ) (1031 368 1125 ) 
4 69 123 (1024 377 1304 ) (1024 377 1272 ) (1024 368 1272 ) (1024 368 1304 ) 
4 69 120 (1024 377 2016 ) (1024 377 1304 ) (1024 368 1304 ) (1024 368 2016 ) 
4 69 71 (1024 368 2016 ) (1024 368 1288 ) (1028 368 1288 ) (1028 368 2016 ) 
4 70 162 (1024 377 1203.569946 ) (1024 377 1201 ) (1024 368 1201 ) (1024 368 1203.569946 ) 
4 70 164 (1024 377 1201 ) (1024 377 1128 ) (1024 368 1128 ) (1024 368 1201 ) 
4 70 75 (1024 368 1203.569946 ) (1024 368 1128 ) (1028 368 1128 ) (1028 368 1208.709961 ) 
4 71 125 (1024 368 1304 ) (1024 368 1288 ) (1024 344 1288 ) (1024 344 1304 ) 
4 71 120 (1024 368 2016 ) (1024 368 1304 ) (1024 344 1304 ) (1024 344 2016 ) 
4 71 73 (2048 344 1304 ) (2048 344 2016 ) (1024 344 2016 ) (1024 344 1304 ) 
4 72 128 (1024 360.002594 1272 ) (1024 344 1272 ) (1024 344 1288 ) (1024 344.002594 1288 ) 
4 72 75 (1024 344 1272 ) (1024 360.002594 1272 ) (2048 360.002594 1272 ) (2048 344 1272 ) 
4 72 74 (1024 344 1272 ) (2048 344 1272 ) (2048 344 1288 ) (1024 344 1288 ) 
4 73 120 (1024 288 1304 ) (1024 288 2016 ) (1024 344 2016 ) (1024 344 1304 ) 
4 73 76 (1024 288 2016 ) (1024 288 1304 ) (2048 288 1304 ) (2048 288 2016 ) 
4 74 128 (1024 344 1272 ) (1024 288 1272 ) (1024 288 1288 ) (1024 344 1288 ) 
3 74 126 (1024 288 1288 ) (1024 288 1296 ) (1024 344 1288 ) 
4 74 77 (1024 288 1296 ) (1024 288 1272 ) (2048 288 1272 ) (2048 288 1296 ) 
4 74 75 (2048 288 1272 ) (1024 288 1272 ) (1024 344 1272 ) (2048 344 1272 ) 
4 75 165 (1024 368 1128 ) (1024 368 1088 ) (1024 288 1088 ) (1024 288 1128 ) 
5 75 163 (1024 368 1240 ) (1024 368 1201 ) (1024 288 1201 ) (1024 288 1272 ) (1024 360 1272 ) 
4 75 164 (1024 368 1201 ) (1024 368 1128 ) (1024 288 1128 ) (1024 288 1201 ) 
4 75 77 (1024 288 1272 ) (1024 288 1088 ) (2048 288 1088 ) (2048 288 1272 ) 
4 76 120 (1024 288 2016 ) (1024 288 1304 ) (1024 80 1304 ) (1024 80 2016 ) 
4 76 84 (2048 80 1304 ) (2048 80 2016 ) (1024 80 2016 ) (1024 80 1304 ) 
4 77 167 (1024 288 1272 ) (1024 288 1072 ) (1024 200 1072 ) (1024 200 1272 ) 
4 77 128 (1024 288 1288 ) (1024 288 1272 ) (1024 200 1272 ) (1024 200 1288 ) 
4 77 126 (1024 288 1296 ) (1024 288 1288 ) (1024 200 1288 ) (1024 200 1296 ) 
4 77 90 (2048 256 1072 ) (2048 200 1072 ) (1024 200 1072 ) (1024 256 1072 ) 
4 77 89 (2048 288 1072 ) (2048 256 1072 ) (1024 256 1072 ) (1024 288 1072 ) 
4 77 81 (1512 200 1286 ) (1024 200 1286 ) (1024 200 1270 ) (1512 200 1270 ) 
4 77 80 (1528 200 1286 ) (1512 200 1286 ) (1512 200 1270 ) (1528 200 1270 ) 
4 77 79 (2048 200 1270 ) (2048 200 1286 ) (1528 200 1286 ) (1528 200 1270 ) 
4 77 78 (2048 200 1286 ) (2048 200 1296 ) (1024 200 1296 ) (1024 200 1286 ) 
4 77 82 (1024 200 1072 ) (2048 200 1072 ) (2048 200 1270 ) (1024 200 1270 ) 
4 78 129 (1024 184 1286 ) (1024 184 1288 ) (1024 200 1288 ) (1024 200 1286 ) 
4 78 126 (1024 184 1288 ) (1024 184 1296 ) (1024 200 1296 ) (1024 200 1288 ) 
4 78 81 (1512 184 1286 ) (1024 184 1286 ) (1024 200 1286 ) (1512 200 1286 ) 
4 78 80 (1528 184 1286 ) (1512 184 1286 ) (1512 200 1286 ) (1528 200 1286 ) 
4 78 79 (2048 184 1286 ) (1528 184 1286 ) (1528 200 1286 ) (2048 200 1286 ) 
4 78 83 (2048 184 1286 ) (2048 184 1296 ) (1024 184 1296 ) (1024 184 1286 ) 
4 79 80 (1528 200 1270 ) (1528 184 1270 ) (1528 184 1286 ) (1528 200 1286 ) 
4 79 83 (2048 184 1270 ) (2048 184 1286 ) (1528 184 1286 ) (1528 184 1270 ) 
4 79 82 (2048 184 1270 ) (1528 184 1270 ) (1528 200 1270 ) (2048 200 1270 ) 
4 80 82 (1528 184 1270 ) (1512 184 1270 ) (1512 200 1270 ) (1528 200 1270 ) 
4 80 83 (1528 184 1286 ) (1512 184 1286 ) (1512 184 1270 ) (1528 184 1270 ) 
4 80 81 (1512 200 1270 ) (1512 184 1270 ) (1512 184 1286 ) (1512 200 1286 ) 
4 81 168 (1024 184 1270 ) (1024 184 1272 ) (1024 200 1272 ) (1024 200 1270 ) 
4 81 130 (1024 184 1272 ) (1024 184 1286 ) (1024 200 1286 ) (1024 200 1272 ) 
4 81 82 (1512 184 1270 ) (1024 184 1270 ) (1024 200 1270 ) (1512 200 1270 ) 
4 81 83 (1512 184 1286 ) (1024 184 1286 ) (1024 184 1270 ) (1512 184 1270 ) 
4 82 171 (1024 200 1072 ) (1024 184 1072 ) (1024 184 1270 ) (1024 200 1270 ) 
4 82 90 (2048 200 1072 ) (2048 184 1072 ) (1024 184 1072 ) (1024 200 1072 ) 
4 82 83 (1024 184 1072 ) (2048 184 1072 ) (2048 184 1270 ) (1024 184 1270 ) 
4 83 172 (1024 184 1072 ) (1024 80 1072 ) (1024 80 1272 ) (1024 184 1272 ) 
4 83 131 (1024 80 1272 ) (1024 80 1288 ) (1024 184 1288 ) (1024 184 1272 ) 
4 83 126 (1024 80 1288 ) (1024 80 1296 ) (1024 184 1296 ) (1024 184 1288 ) 
4 83 90 (2048 184 1072 ) (2048 128 1072 ) (1024 128 1072 ) (1024 184 1072 ) 
4 83 91 (2048 128 1072 ) (2048 80 1072 ) (1024 80 1072 ) (1024 128 1072 ) 
4 83 88 (2048 80 1088 ) (2048 80 1272 ) (1024 80 1272 ) (1024 80 1088 ) 
4 83 87 (2048 80 1272 ) (2048 80 1288 ) (1024 80 1288 ) (1024 80 1272 ) 
4 83 85 (2048 80 1288 ) (2048 80 1296 ) (1024 80 1296 ) (1024 80 1288 ) 
4 84 120 (1024 24 2016 ) (1024 80 2016 ) (1024 80 1304 ) (1024 24 1304 ) 
4 84 86 (2048 24 1304 ) (2048 24 2016 ) (1024 24 2016 ) (1024 24 1304 ) 
3 85 126 (1024 80 1296 ) (1024 80 1288 ) (1024 24 1288 ) 
4 85 87 (1024 24 1288 ) (1024 80 1288 ) (2048 80 1288 ) (2048 24 1288 ) 
4 86 127 (1024 0 1288 ) (1024 0 1304 ) (1024 24 1304 ) (1024 24 1288 ) 
4 86 120 (1024 0 1304 ) (1024 0 2016 ) (1024 24 2016 ) (1024 24 1304 ) 
4 86 107 (1024 0 2016 ) (1024 0 1288 ) (2048 0 1288 ) (2048 0 2016 ) 
4 87 131 (1024 24 1288 ) (1024 80 1288 ) (1024 80 1272 ) (1024 8 1272 ) 
4 87 88 (1024 80 1272 ) (2048 80 1272 ) (2048 8 1272 ) (1024 8 1272 ) 
5 88 173 (1024 0 1088 ) (1024 0 1240 ) (1024 8 1272 ) (1024 80 1272 ) (1024 80 1088 ) 
4 89 174 (1024 256 1072 ) (1024 288 1072 ) (1024 280 1040 ) (1024 256 1040 ) 
4 89 94 (2048 280 1040 ) (2048 256 1040 ) (1024 256 1040 ) (1024 280 1040 ) 
4 89 90 (1024 256 1040 ) (2048 256 1040 ) (2048 256 1072 ) (1024 256 1072 ) 
4 90 175 (1024 128 1072 ) (1024 256 1072 ) (1024 256 1040 ) (1024 128 1040 ) 
4 90 95 (2048 256 1040 ) (2048 128 1040 ) (1024 128 1040 ) (1024 256 1040 ) 
4 90 91 (1024 128 1040 ) (2048 128 1040 ) (2048 128 1072 ) (1024 128 1072 ) 
4 91 176 (1024 80 1072 ) (1024 128 1072 ) (1024 128 1040 ) (1024 96 1040 ) 
4 91 96 (2048 128 1040 ) (2048 96 1040 ) (1024 96 1040 ) (1024 128 1040 ) 
4 92 177 (1024 304 1072 ) (1024 1024 1072 ) (1024 1024 1040 ) (1024 304 1040 ) 
4 92 97 (1024 1024 1040 ) (2048 1024 1040 ) (2048 304 1040 ) (1024 304 1040 ) 
4 93 178 (1024 0 1040 ) (1024 0 1072 ) (1024 72 1072 ) (1024 72 1040 ) 
4 93 109 (1024 0 1072 ) (1024 0 1040 ) (2048 0 1040 ) (2048 0 1072 ) 
4 93 98 (2048 72 1040 ) (2048 0 1040 ) (1024 0 1040 ) (1024 72 1040 ) 
3 94 179 (1024 256 1040 ) (1024 280 1040 ) (1024 256 1032 ) 
4 94 95 (1024 256 1032 ) (2048 256 1032 ) (2048 256 1040 ) (1024 256 1040 ) 
4 95 180 (1024 128 1040 ) (1024 256 1040 ) (1024 256 1032 ) (1024 128 1032 ) 
4 95 96 (1024 128 1032 ) (2048 128 1032 ) (2048 128 1040 ) (1024 128 1040 ) 
3 96 181 (1024 96 1040 ) (1024 128 1040 ) (1024 128 1032 ) 
4 97 182 (1024 280 1040 ) (1024 1024 1040 ) (1024 1024 1024 ) (1024 280 1024 ) 
4 97 99 (1024 280 1024 ) (1024 1024 1024 ) (2048 1024 1024 ) (2048 280 1024 ) 
4 98 183 (1024 0 1024 ) (1024 0 1040 ) (1024 96 1040 ) (1024 96 1024 ) 
4 98 109 (1024 0 1040 ) (1024 0 1024 ) (2048 0 1024 ) (2048 0 1040 ) 
4 98 99 (2048 0 1024 ) (1024 0 1024 ) (1024 96 1024 ) (2048 96 1024 ) 
4 99 184 (1024 0 -992 ) (1024 0 1024 ) (1024 1024 1024 ) (1024 1024 -992 ) 
4 99 109 (1024 0 1024 ) (1024 0 -992 ) (2048 0 -992 ) (2048 0 1024 ) 
4 100 110 (3040 -1024 2016 ) (3008 -1024 2016 ) (3008 -1024 -992 ) (3040 -1024 -992 ) 
4 100 101 (3008 -16 1304 ) (3008 -16 2016 ) (3008 0 2016 ) (3008 0 1304 ) 
4 100 102 (3008 0 -992 ) (3008 -16 -992 ) (3008 -16 1024 ) (3008 0 1024 ) 
4 100 103 (3008 -16 -992 ) (3008 -1024 -992 ) (3008 -1024 2016 ) (3008 -16 2016 ) 
4 101 104 (2976 -16 2016 ) (2976 0 2016 ) (2976 0 1304 ) (2976 -16 1304 ) 
4 101 103 (2976 -16 2016 ) (2976 -16 1304 ) (3008 -16 1304 ) (3008 -16 2016 ) 
4 102 106 (2976 0 1024 ) (2976 0 -992 ) (2976 -16 -992 ) (2976 -16 1024 ) 
4 102 103 (2976 -16 1024 ) (2976 -16 -992 ) (3008 -16 -992 ) (3008 -16 1024 ) 
4 103 110 (3008 -1024 2016 ) (2976 -1024 2016 ) (2976 -1024 -992 ) (3008 -1024 -992 ) 
4 103 106 (2976 -16 1072 ) (2976 -16 -992 ) (2976 -1024 -992 ) (2976 -1024 1072 ) 
4 103 105 (2976 -1024 2016 ) (2976 -16 2016 ) (2976 -16 1072 ) (2976 -1024 1072 ) 
4 104 107 (2048 0 2016 ) (2048 0 1272 ) (2048 -16 1272 ) (2048 -16 2016 ) 
4 104 105 (2976 -16 1272 ) (2976 -16 2016 ) (2048 -16 2016 ) (2048 -16 1272 ) 
4 105 110 (2976 -1024 1072 ) (2976 -1024 2016 ) (2048 -1024 2016 ) (2048 -1024 1072 ) 
4 105 108 (2048 -16 1072 ) (2048 -1024 1072 ) (2048 -1024 1272 ) (2048 -16 1272 ) 
4 105 107 (2048 -1024 1272 ) (2048 -1024 2016 ) (2048 -16 2016 ) (2048 -16 1272 ) 
4 105 106 (2976 -16 1072 ) (2976 -1024 1072 ) (2048 -1024 1072 ) (2048 -16 1072 ) 
4 106 110 (2976 -1024 -992 ) (2976 -1024 1072 ) (2048 -1024 1072 ) (2048 -1024 -992 ) 
4 106 109 (2048 0 1072 ) (2048 0 -992 ) (2048 -1024 -992 ) (2048 -1024 1072 ) 
4 107 225 (1024 -1024 1272 ) (1024 -1024 2016 ) (1024 -16 2016 ) (1024 -16 1272 ) 
4 107 218 (1024 -16 2016 ) (1024 0 2016 ) (1024 0 1272 ) (1024 -16 1272 ) 
4 107 111 (1024 -1024 2016 ) (1024 -1024 1272 ) (2048 -1024 1272 ) (2048 -1024 2016 ) 
4 107 108 (2048 -1024 1272 ) (1024 -1024 1272 ) (1024 -16 1272 ) (2048 -16 1272 ) 
4 108 225 (1024 -1024 1072 ) (1024 -1024 1272 ) (1024 -16 1272 ) (1024 -16 1072 ) 
4 108 111 (1024 -1024 1272 ) (1024 -1024 1072 ) (2048 -1024 1072 ) (2048 -1024 1272 ) 
4 108 109 (2048 -16 1072 ) (2048 -1024 1072 ) (1024 -1024 1072 ) (1024 -16 1072 ) 
4 109 225 (1024 -1024 -992 ) (1024 -1024 1072 ) (1024 -16 1072 ) (1024 -16 -992 ) 
4 109 224 (1024 -16 1072 ) (1024 0 1072 ) (1024 0 -992 ) (1024 -16 -992 ) 
4 109 111 (1024 -1024 1072 ) (1024 -1024 -992 ) (2048 -1024 -992 ) (2048 -1024 1072 ) 
4 110 111 (2048 -1024 2016 ) (2048 -1024 -992 ) (2048 -2016 -992 ) (2048 -2016 2016 ) 
4 111 229 (1024 -2016 2016 ) (1024 -1024 2016 ) (1024 -1024 -992 ) (1024 -2016 -992 ) 
4 112 117 (0 1154 -992 ) (0 1154 2016 ) (0 2016 2016 ) (0 2016 -992 ) 
4 112 116 (1007 1154 2016 ) (0 1154 2016 ) (0 1154 -992 ) (1007 1154 -992 ) 
9 112 115 (1024 1154 1115.332886 ) (1024 1154 1209.666992 ) (1019.677551 1154 1204.384155 ) (1012.842590 1154 1191.474854 ) (1009.092224 1154 1178.717163 ) (1007.062622 1154 1162.500122 ) (1009.092163 1154 1146.283203 ) (1012.842712 1154 1133.524780 ) (1019.677307 1154 1120.616089 ) 
4 112 114 (1024 1154 1240 ) (1024 1154 2016 ) (1007 1154 2016 ) (1007 1154 1240 ) 
4 112 113 (1024 1154 -992 ) (1024 1154 1085 ) (1007 1154 1085 ) (1007 1154 -992 ) 
4 113 184 (1024 1024 -992 ) (1024 1024 1024 ) (1007 1024 1024 ) (1007 1024 -992 ) 
4 113 182 (1024 1024 1024 ) (1024 1024 1040 ) (1007 1024 1040 ) (1007 1024 1024 ) 
4 113 177 (1024 1024 1040 ) (1024 1024 1072 ) (1007 1024 1072 ) (1007 1024 1040 ) 
4 113 157 (1024 1024 1072 ) (1024 1024 1085 ) (1007 1024 1085 ) (1007 1024 1072 ) 
4 113 116 (1007 1154 1085 ) (1007 1154 -992 ) (1007 1024 -992 ) (1007 1024 1085 ) 
4 114 156 (1024 1024 1240 ) (1024 1024 1272 ) (1007 1024 1272 ) (1007 1024 1240 ) 
4 114 123 (1024 1024 1272 ) (1024 1024 1304 ) (1007 1024 1304 ) (1007 1024 1272 ) 
4 114 120 (1024 1024 1304 ) (1024 1024 2016 ) (1007 1024 2016 ) (1007 1024 1304 ) 
4 114 116 (1007 1154 2016 ) (1007 1154 1240 ) (1007 1024 1240 ) (1007 1024 2016 ) 
9 115 158 (1024 1024 1115.332886 ) (1024 1024 1209.666992 ) (1019.677551 1024 1204.384155 ) (1012.842590 1024 1191.474854 ) (1009.092224 1024 1178.717163 ) (1007.062622 1024 1162.500122 ) (1009.092163 1024 1146.283203 ) (1012.842712 1024 1133.524780 ) (1019.677307 1024 1120.616089 ) 
4 116 184 (1007 1024 -992 ) (1007 1024 1024 ) (0 1024 1024 ) (0 1024 -992 ) 
4 116 182 (1007 1024 1024 ) (1007 1024 1040 ) (0 1024 1040 ) (0 1024 1024 ) 
4 116 177 (1007 1024 1040 ) (1007 1024 1072 ) (0 1024 1072 ) (0 1024 1040 ) 
4 116 161 (1007 1024 1072 ) (1007 1024 1272 ) (0 1024 1272 ) (0 1024 1072 ) 
4 116 148 (0 1024 1288 ) (0 1024 1272 ) (704 1024 1272 ) (704 1024 1288 ) 
4 116 138 (0 1024 1304 ) (0 1024 1288 ) (704 1024 1288 ) (704 1024 1304 ) 
4 116 136 (224 1024 1304 ) (256 1024 1304 ) (256 1024 1728 ) (224 1024 1728 ) 
4 116 137 (0 1024 1728 ) (0 1024 1304 ) (224 1024 1304 ) (224 1024 1728 ) 
4 116 134 (256 1024 1304 ) (704 1024 1304 ) (704 1024 1728 ) (256 1024 1728 ) 
4 116 133 (704 1024 2016 ) (0 1024 2016 ) (0 1024 1728 ) (704 1024 1728 ) 
4 116 124 (736 1024 1304 ) (704 1024 1304 ) (704 1024 1272 ) (736 1024 1272 ) 
4 116 123 (1007 1024 1272 ) (1007 1024 1304 ) (736 1024 1304 ) (736 1024 1272 ) 
4 116 121 (736 1024 2016 ) (704 1024 2016 ) (704 1024 1304 ) (736 1024 1304 ) 
4 116 120 (1007 1024 1304 ) (1007 1024 2016 ) (736 1024 2016 ) (736 1024 1304 ) 
4 116 117 (0 1024 -992 ) (0 1024 2016 ) (0 1154 2016 ) (0 1154 -992 ) 
4 117 217 (0 1024 -992 ) (0 1024 1024 ) (-1024 1024 1024 ) (-1024 1024 -992 ) 
4 117 216 (0 1024 1024 ) (0 1024 1040 ) (-1024 1024 1040 ) (-1024 1024 1024 ) 
4 117 210 (0 1024 1040 ) (0 1024 1072 ) (-1024 1024 1072 ) (-1024 1024 1040 ) 
4 117 190 (0 1024 1072 ) (0 1024 1272 ) (-1024 1024 1272 ) (-1024 1024 1072 ) 
4 117 188 (0 1024 1272 ) (0 1024 1288 ) (-1024 1024 1288 ) (-1024 1024 1272 ) 
4 117 185 (0 1024 1288 ) (0 1024 2016 ) (-1024 1024 2016 ) (-1024 1024 1288 ) 
4 117 118 (-1024 1024 -992 ) (-1024 1024 2016 ) (-1024 2016 2016 ) (-1024 2016 -992 ) 
4 118 260 (-1024 1024 -992 ) (-1024 1024 1024 ) (-2048 1024 1024 ) (-2048 1024 -992 ) 
4 118 259 (-1024 1024 1024 ) (-1024 1024 1040 ) (-2048 1024 1040 ) (-2048 1024 1024 ) 
4 118 253 (-1024 1024 1040 ) (-1024 1024 1072 ) (-2048 1024 1072 ) (-2048 1024 1040 ) 
4 118 236 (-1024 1024 1072 ) (-1024 1024 1272 ) (-2048 1024 1272 ) (-2048 1024 1072 ) 
4 118 234 (-1024 1024 1272 ) (-1024 1024 1288 ) (-2048 1024 1288 ) (-2048 1024 1272 ) 
4 118 231 (-1024 1024 1288 ) (-1024 1024 2016 ) (-2048 1024 2016 ) (-2048 1024 1288 ) 
4 118 119 (-2048 1024 -992 ) (-2048 1024 2016 ) (-2048 2016 2016 ) (-2048 2016 -992 ) 
4 119 284 (-2464 1024 2016 ) (-2496 1024 2016 ) (-2496 1024 -992 ) (-2464 1024 -992 ) 
4 119 287 (-2496 1024 2016 ) (-2528 1024 2016 ) (-2528 1024 -992 ) (-2496 1024 -992 ) 
4 119 283 (-2048 1024 -992 ) (-2048 1024 1024 ) (-2464 1024 1024 ) (-2464 1024 -992 ) 
4 119 281 (-2048 1024 1024 ) (-2048 1024 1040 ) (-2464 1024 1040 ) (-2464 1024 1024 ) 
4 119 277 (-2048 1024 1040 ) (-2048 1024 1072 ) (-2464 1024 1072 ) (-2464 1024 1040 ) 
4 119 270 (-2048 1024 1072 ) (-2048 1024 1272 ) (-2464 1024 1272 ) (-2464 1024 1072 ) 
4 119 268 (-2048 1024 1272 ) (-2048 1024 1288 ) (-2464 1024 1288 ) (-2464 1024 1272 ) 
4 119 265 (-2048 1024 1288 ) (-2048 1024 1304 ) (-2464 1024 1304 ) (-2464 1024 1288 ) 
4 119 264 (-2048 1024 1304 ) (-2048 1024 2016 ) (-2464 1024 2016 ) (-2464 1024 1304 ) 
4 120 218 (1024 0 1304 ) (1024 0 2016 ) (736 0 2016 ) (736 0 1304 ) 
4 120 127 (1024 24 1304 ) (1024 0 1304 ) (736 0 1304 ) (736 24 1304 ) 
4 120 125 (1024 368 1304 ) (1024 344 1304 ) (736 344 1304 ) (736 368 1304 ) 
4 120 123 (736 1024 1304 ) (1024 1024 1304 ) (1024 368 1304 ) (736 368 1304 ) 
4 120 122 (736 0 1728 ) (736 0 2016 ) (736 384 2016 ) (736 384 1728 ) 
4 120 121 (736 1024 1304 ) (736 384 1304 ) (736 384 2016 ) (736 1024 2016 ) 
4 121 134 (704 1024 1728 ) (704 1024 1304 ) (704 384 1304 ) (704 384 1728 ) 
4 121 133 (704 1024 2016 ) (704 1024 1728 ) (704 384 1728 ) (704 384 2016 ) 
4 121 124 (704 384 1304 ) (704 1024 1304 ) (736 1024 1304 ) (736 384 1304 ) 
4 121 122 (736 384 1728 ) (736 384 2016 ) (704 384 2016 ) (704 384 1728 ) 
4 122 219 (736 0 2016 ) (704 0 2016 ) (704 0 1728 ) (736 0 1728 ) 
4 122 133 (704 0 1728 ) (704 0 2016 ) (704 384 2016 ) (704 384 1728 ) 
4 123 161 (736 1024 1272 ) (1007 1024 1272 ) (1007 384 1272 ) (736 384 1272 ) 
4 123 156 (1007 1024 1272 ) (1024 1024 1272 ) (1024 384 1272 ) (1007 384 1272 ) 
4 123 125 (1024 368 1304 ) (736 368 1304 ) (736 368 1288 ) (1024 368 1288 ) 
4 123 124 (736 1024 1272 ) (736 384 1272 ) (736 384 1304 ) (736 1024 1304 ) 
4 124 161 (704 1024 1272 ) (736 1024 1272 ) (736 384 1272 ) (704 384 1272 ) 
4 124 148 (704 1024 1288 ) (704 1024 1272 ) (704 384 1272 ) (704 384 1288 ) 
4 124 138 (704 1024 1304 ) (704 1024 1288 ) (704 384 1288 ) (704 384 1304 ) 
4 126 142 (704 344 1288 ) (704 24 1288 ) (704 80 1296 ) (704 288 1296 ) 
4 126 129 (1024 200 1288 ) (1024 184 1288 ) (936 184 1288 ) (936 200 1288 ) 
4 126 128 (936 344 1288 ) (1024 344 1288 ) (1024 200 1288 ) (936 200 1288 ) 
4 126 131 (1024 184 1288 ) (1024 24 1288 ) (936 24 1288 ) (936 184 1288 ) 
4 126 132 (704 24 1288 ) (704 344 1288 ) (936 344 1288 ) (936 24 1288 ) 
4 127 218 (1024 0 1288 ) (1024 0 1304 ) (736 0 1304 ) (736 0 1288 ) 
4 128 167 (1024 288 1272 ) (1024 200 1272 ) (936 200 1272 ) (936 288 1272 ) 
4 128 166 (1020 288 1272 ) (936 288 1272 ) (936 360.002594 1272 ) (1020 360.002594 1272 ) 
4 128 163 (1024 360.002594 1272 ) (1024 288 1272 ) (1020 288 1272 ) (1020 360.002594 1272 ) 
4 128 130 (936 200 1286 ) (936 200 1272 ) (1024 200 1272 ) (1024 200 1286 ) 
4 128 129 (936 200 1288 ) (936 200 1286 ) (1024 200 1286 ) (1024 200 1288 ) 
4 128 132 (936 200 1288 ) (936 343.992188 1288 ) (936 359.992188 1272 ) (936 200 1272 ) 
4 129 132 (936 184 1288 ) (936 200 1288 ) (936 200 1286 ) (936 184 1286 ) 
4 129 131 (936 184 1288 ) (936 184 1286 ) (1024 184 1286 ) (1024 184 1288 ) 
4 129 130 (1024 184 1286 ) (936 184 1286 ) (936 200 1286 ) (1024 200 1286 ) 
4 130 168 (1024 200 1272 ) (1024 184 1272 ) (936 184 1272 ) (936 200 1272 ) 
4 130 132 (936 200 1286 ) (936 200 1272 ) (936 184 1272 ) (936 184 1286 ) 
4 130 131 (936 184 1286 ) (936 184 1272 ) (1024 184 1272 ) (1024 184 1286 ) 
4 131 173 (1024 80 1272 ) (1024 8 1272 ) (936 8 1272 ) (936 80 1272 ) 
4 131 172 (1024 184 1272 ) (1024 80 1272 ) (936 80 1272 ) (936 184 1272 ) 
4 131 132 (936 7.996094 1272 ) (936 23.996094 1288 ) (936 184 1288 ) (936 184 1272 ) 
4 132 173 (936 8 1272 ) (704 8 1272 ) (704 80 1272 ) (936 80 1272 ) 
4 132 169 (704 184 1272 ) (704 200 1272 ) (936 200 1272 ) (936 184 1272 ) 
4 132 167 (704 200 1272 ) (704 288 1272 ) (936 288 1272 ) (936 200 1272 ) 
4 132 172 (704 80 1272 ) (704 184 1272 ) (936 184 1272 ) (936 80 1272 ) 
4 132 166 (704 288 1272 ) (704 360.002594 1272 ) (936 360.002594 1272 ) (936 288 1272 ) 
4 132 150 (704 360.002594 1272 ) (704 8 1272 ) (704 24 1288 ) (704 344.002563 1288 ) 
4 133 222 (0 0 2016 ) (0 0 1728 ) (256 0 1728 ) (256 0 2016 ) 
4 133 220 (256 0 1728 ) (704 0 1728 ) (704 0 2016 ) (256 0 2016 ) 
4 133 204 (0 0 1728 ) (0 0 2016 ) (0 24 2016 ) (0 24 1728 ) 
4 133 202 (0 24 2016 ) (0 80 2016 ) (0 80 1728 ) (0 24 1728 ) 
4 133 192 (0 80 2016 ) (0 288 2016 ) (0 288 1728 ) (0 80 1728 ) 
4 133 186 (0 288 2016 ) (0 344 2016 ) (0 344 1728 ) (0 288 1728 ) 
4 133 185 (0 344 2016 ) (0 1024 2016 ) (0 1024 1728 ) (0 344 1728 ) 
4 133 136 (224 1024 1728 ) (256 1024 1728 ) (256 384 1728 ) (224 384 1728 ) 
4 133 137 (0 0 1728 ) (0 1024 1728 ) (224 1024 1728 ) (224 0 1728 ) 
4 133 134 (256 1024 1728 ) (704 1024 1728 ) (704 384 1728 ) (256 384 1728 ) 
4 134 138 (256 1024 1304 ) (704 1024 1304 ) (704 384 1304 ) (256 384 1304 ) 
4 134 136 (256 1024 1304 ) (256 384 1304 ) (256 384 1728 ) (256 1024 1728 ) 
4 135 221 (256 0 1304 ) (704 0 1304 ) (704 0 1696 ) (256 0 1696 ) 
4 135 146 (384 0 1304 ) (256 0 1304 ) (256 24 1304 ) (384 24 1304 ) 
4 135 144 (448 0 1304 ) (384 0 1304 ) (384 288 1304 ) (448 288 1304 ) 
4 135 142 (704 344 1304 ) (704 0 1304 ) (448 0 1304 ) (448 344 1304 ) 
4 135 140 (704 368 1304 ) (704 344 1304 ) (256 344 1304 ) (256 368 1304 ) 
4 136 138 (224 1024 1304 ) (256 1024 1304 ) (256 384 1304 ) (224 384 1304 ) 
4 136 137 (224 1024 1304 ) (224 384 1304 ) (224 384 1728 ) (224 1024 1728 ) 
4 137 223 (0 0 1728 ) (0 0 1304 ) (224 0 1304 ) (224 0 1728 ) 
4 137 204 (0 0 1304 ) (0 0 1728 ) (0 24 1728 ) (0 24 1304 ) 
4 137 202 (0 24 1728 ) (0 80 1728 ) (0 80 1304 ) (0 24 1304 ) 
4 137 192 (0 80 1728 ) (0 288 1728 ) (0 288 1304 ) (0 80 1304 ) 
4 137 186 (0 288 1728 ) (0 344 1728 ) (0 344 1304 ) (0 288 1304 ) 
4 137 185 (0 344 1728 ) (0 1024 1728 ) (0 1024 1304 ) (0 344 1304 ) 
4 137 147 (224 24 1304 ) (224 0 1304 ) (0 0 1304 ) (0 24 1304 ) 
4 137 141 (224 368 1304 ) (224 344 1304 ) (0 344 1304 ) (0 368 1304 ) 
4 137 139 (224 384 1304 ) (224 368 1304 ) (0 368 1304 ) (0 384 1304 ) 
4 137 138 (0 1024 1304 ) (224 1024 1304 ) (224 384 1304 ) (0 384 1304 ) 
4 138 185 (0 384 1304 ) (0 1024 1304 ) (0 1024 1288 ) (0 384 1288 ) 
4 138 148 (0 384 1288 ) (0 1024 1288 ) (704 1024 1288 ) (704 384 1288 ) 
4 138 139 (0 384 1288 ) (224 384 1288 ) (224 384 1304 ) (0 384 1304 ) 
4 139 185 (0 368 1304 ) (0 384 1304 ) (0 384 1288 ) (0 368 1288 ) 
4 139 149 (0 368 1288 ) (0 384 1288 ) (224 384 1288 ) (224 368 1288 ) 
4 139 141 (0 368 1288 ) (224 368 1288 ) (224 368 1304 ) (0 368 1304 ) 
4 140 142 (448 344 1288 ) (704 344 1288 ) (704 344 1304 ) (448 344 1304 ) 
4 141 185 (0 344 1304 ) (0 368 1304 ) (0 368 1288 ) (0 344 1288 ) 
4 142 221 (448 0 1288 ) (704 0 1288 ) (704 0 1304 ) (448 0 1304 ) 
4 142 155 (640 0 1288 ) (536 0 1288 ) (536 24 1288 ) (640 24 1288 ) 
4 142 150 (448 344 1288 ) (704 344 1288 ) (704 24 1288 ) (448 24 1288 ) 
3 142 143 (448 344 1288 ) (448 288 1288 ) (448 288 1296 ) 
4 142 144 (448 288 1288 ) (448 0 1288 ) (448 0 1304 ) (448 288 1304 ) 
4 143 150 (384 344 1288 ) (448 344 1288 ) (448 288 1288 ) (384 288 1288 ) 
3 143 145 (384 344 1288 ) (384 288 1288 ) (384 288 1296 ) 
4 143 144 (384 288 1296 ) (384 288 1288 ) (448 288 1288 ) (448 288 1296 ) 
4 144 221 (384 0 1288 ) (448 0 1288 ) (448 0 1304 ) (384 0 1304 ) 
4 144 150 (448 288 1288 ) (448 24 1288 ) (384 24 1288 ) (384 288 1288 ) 
4 144 146 (384 24 1288 ) (384 0 1288 ) (384 0 1304 ) (384 24 1304 ) 
4 144 145 (384 288 1288 ) (384 24 1288 ) (384 80 1296 ) (384 288 1296 ) 
3 145 203 (0 80 1288 ) (0 24 1288 ) (0 80 1296 ) 
4 145 194 (0 200 1288 ) (0 184 1288 ) (0 184 1296 ) (0 200 1296 ) 
4 145 193 (0 288 1288 ) (0 200 1288 ) (0 200 1296 ) (0 288 1296 ) 
4 145 201 (0 184 1288 ) (0 80 1288 ) (0 80 1296 ) (0 184 1296 ) 
3 145 187 (0 344 1288 ) (0 288 1288 ) (0 288 1296 ) 
4 145 152 (0 184 1288 ) (0 200 1288 ) (328 200 1288 ) (328 184 1288 ) 
4 145 151 (0 200 1288 ) (0 344 1288 ) (328 344 1288 ) (328 200 1288 ) 
4 145 154 (0 24 1288 ) (0 184 1288 ) (328 184 1288 ) (328 24 1288 ) 
4 145 150 (328 344 1288 ) (384 344 1288 ) (384 24 1288 ) (328 24 1288 ) 
4 146 221 (256 0 1288 ) (384 0 1288 ) (384 0 1304 ) (256 0 1304 ) 
4 147 223 (0 0 1304 ) (0 0 1288 ) (224 0 1288 ) (224 0 1304 ) 
4 147 204 (0 0 1288 ) (0 0 1304 ) (0 24 1304 ) (0 24 1288 ) 
4 148 188 (0 384 1288 ) (0 1024 1288 ) (0 1024 1272 ) (0 384 1272 ) 
4 148 161 (0 384 1272 ) (0 1024 1272 ) (704 1024 1272 ) (704 384 1272 ) 
4 148 149 (0 384 1272 ) (224 384 1272 ) (224 384 1288 ) (0 384 1288 ) 
4 149 188 (0 368 1288 ) (0 384 1288 ) (0 384 1272 ) (0 368 1272 ) 
4 150 173 (704 80 1272 ) (704 8 1272 ) (328 8 1272 ) (328 80 1272 ) 
4 150 169 (704 200 1272 ) (704 184 1272 ) (328 184 1272 ) (328 200 1272 ) 
4 150 167 (704 288 1272 ) (704 200 1272 ) (328 200 1272 ) (328 288 1272 ) 
4 150 172 (704 184 1272 ) (704 80 1272 ) (328 80 1272 ) (328 184 1272 ) 
4 150 166 (328 360.002594 1272 ) (704 360.002594 1272 ) (704 288 1272 ) (328 288 1272 ) 
4 150 155 (536 8 1272 ) (640 8 1272 ) (640 24 1288 ) (536 24 1288 ) 
4 150 153 (328 200 1286 ) (328 200 1272 ) (328 184 1272 ) (328 184 1286 ) 
4 150 152 (328 184 1288 ) (328 200 1288 ) (328 200 1286 ) (328 184 1286 ) 
4 150 151 (328 200 1288 ) (328 343.992188 1288 ) (328 359.992188 1272 ) (328 200 1272 ) 
4 150 154 (328 7.996094 1272 ) (328 23.996094 1288 ) (328 184 1288 ) (328 184 1272 ) 
4 151 193 (0 200 1288 ) (0 288 1288 ) (0 288 1272 ) (0 200 1272 ) 
4 151 189 (0 288 1288 ) (0 344.002563 1288 ) (0 360.002594 1272 ) (0 288 1272 ) 
4 151 167 (0 200 1272 ) (0 288 1272 ) (328 288 1272 ) (328 200 1272 ) 
4 151 166 (0 288 1272 ) (0 360.002594 1272 ) (328 360.002594 1272 ) (328 288 1272 ) 
4 151 153 (0 200 1272 ) (328 200 1272 ) (328 200 1286 ) (0 200 1286 ) 
4 151 152 (328 200 1286 ) (328 200 1288 ) (0 200 1288 ) (0 200 1286 ) 
4 152 194 (0 184 1288 ) (0 200 1288 ) (0 200 1286 ) (0 184 1286 ) 
4 152 154 (328 184 1286 ) (328 184 1288 ) (0 184 1288 ) (0 184 1286 ) 
4 152 153 (328 184 1286 ) (0 184 1286 ) (0 200 1286 ) (328 200 1286 ) 
4 153 195 (0 200 1286 ) (0 200 1272 ) (0 184 1272 ) (0 184 1286 ) 
4 153 170 (0 184 1272 ) (0 200 1272 ) (328 200 1272 ) (328 184 1272 ) 
4 153 154 (0 184 1272 ) (328 184 1272 ) (328 184 1286 ) (0 184 1286 ) 
3 154 205 (0 24 1288 ) (0 24 1272 ) (0 8 1272 ) 
4 154 203 (0 24 1288 ) (0 80 1288 ) (0 80 1272 ) (0 24 1272 ) 
4 154 201 (0 80 1288 ) (0 184 1288 ) (0 184 1272 ) (0 80 1272 ) 
4 154 173 (0 8 1272 ) (0 80 1272 ) (328 80 1272 ) (328 8 1272 ) 
4 154 172 (0 80 1272 ) (0 184 1272 ) (328 184 1272 ) (328 80 1272 ) 
4 155 221 (536 0 1272 ) (640 0 1272 ) (640 0 1288 ) (536 0 1288 ) 
4 156 161 (1007 384 1272 ) (1007 1024 1272 ) (1007 1024 1240 ) (1007 384 1240 ) 
4 157 177 (1007 1024 1072 ) (1024 1024 1072 ) (1024 384 1072 ) (1007 384 1072 ) 
4 157 161 (1007 1024 1072 ) (1007 384 1072 ) (1007 384 1085 ) (1007 1024 1085 ) 
4 157 159 (1020 384 1072 ) (1024 384 1072 ) (1024 384 1085 ) (1020 384 1085 ) 
4 158 160 (1020 384 1120.221680 ) (1024 384 1115.332886 ) (1024 384 1209.666992 ) (1020 384 1204.778320 ) 
4 159 177 (1024 384 1072 ) (1024 377 1072 ) (1020 377 1072 ) (1020 384 1072 ) 
3 160 162 (1024 377 1201 ) (1024 377 1203.569946 ) (1022 377 1201 ) 
4 160 164 (1024 377 1128 ) (1024 377 1201 ) (1020 377 1201 ) (1020 377 1128 ) 
4 161 190 (0 384 1272 ) (0 1024 1272 ) (0 1024 1072 ) (0 384 1072 ) 
4 161 177 (0 384 1072 ) (0 1024 1072 ) (1007 1024 1072 ) (1007 384 1072 ) 
3 162 163 (1022 368 1201 ) (1024 368 1201 ) (1024 368 1203.569946 ) 
4 162 164 (1022 377 1201 ) (1024 377 1201 ) (1024 368 1201 ) (1022 368 1201 ) 
4 163 167 (1024 288 1201 ) (1024 288 1272 ) (1020 288 1272 ) (1020 288 1201 ) 
5 163 166 (1020 368 1201 ) (1020 288 1201 ) (1020 288 1272 ) (1020 360 1272 ) (1020 368 1240 ) 
4 163 164 (1024 288 1201 ) (1020 288 1201 ) (1020 368 1201 ) (1024 368 1201 ) 
4 164 167 (1024 288 1128 ) (1024 288 1201 ) (1020 288 1201 ) (1020 288 1128 ) 
4 164 166 (1020 368 1128 ) (1020 288 1128 ) (1020 288 1201 ) (1020 368 1201 ) 
4 164 165 (1024 288 1128 ) (1020 288 1128 ) (1020 368 1128 ) (1024 368 1128 ) 
4 165 167 (1024 288 1088 ) (1024 288 1128 ) (1020 288 1128 ) (1020 288 1088 ) 
4 165 166 (1020 288 1088 ) (1020 288 1128 ) (1020 368 1128 ) (1020 368 1088 ) 
5 166 191 (0 288 1272 ) (0 360 1272 ) (0 368 1240 ) (0 368 1088 ) (0 288 1088 ) 
4 166 167 (1020 288 1088 ) (1020 288 1272 ) (0 288 1272 ) (0 288 1088 ) 
4 167 193 (0 200 1272 ) (0 288 1272 ) (0 288 1072 ) (0 200 1072 ) 
4 167 175 (0 200 1072 ) (0 256 1072 ) (1024 256 1072 ) (1024 200 1072 ) 
4 167 174 (0 256 1072 ) (0 288 1072 ) (1024 288 1072 ) (1024 256 1072 ) 
4 167 169 (936 200 1272 ) (328 200 1272 ) (328 200 1270 ) (936 200 1270 ) 
4 167 168 (1024 200 1270 ) (1024 200 1272 ) (936 200 1272 ) (936 200 1270 ) 
4 167 170 (328 200 1272 ) (0 200 1272 ) (0 200 1270 ) (328 200 1270 ) 
4 167 171 (0 200 1072 ) (1024 200 1072 ) (1024 200 1270 ) (0 200 1270 ) 
4 168 172 (1024 184 1270 ) (1024 184 1272 ) (936 184 1272 ) (936 184 1270 ) 
4 168 171 (1024 184 1270 ) (936 184 1270 ) (936 200 1270 ) (1024 200 1270 ) 
4 168 169 (936 200 1272 ) (936 200 1270 ) (936 184 1270 ) (936 184 1272 ) 
4 169 170 (328 200 1272 ) (328 200 1270 ) (328 184 1270 ) (328 184 1272 ) 
4 169 172 (936 184 1272 ) (328 184 1272 ) (328 184 1270 ) (936 184 1270 ) 
4 169 171 (936 184 1270 ) (328 184 1270 ) (328 200 1270 ) (936 200 1270 ) 
4 170 195 (0 184 1272 ) (0 200 1272 ) (0 200 1270 ) (0 184 1270 ) 
4 170 171 (328 184 1270 ) (0 184 1270 ) (0 200 1270 ) (328 200 1270 ) 
4 170 172 (328 184 1272 ) (0 184 1272 ) (0 184 1270 ) (328 184 1270 ) 
4 171 200 (0 200 1270 ) (0 200 1072 ) (0 184 1072 ) (0 184 1270 ) 
4 171 175 (0 184 1072 ) (0 200 1072 ) (1024 200 1072 ) (1024 184 1072 ) 
4 171 172 (0 184 1072 ) (1024 184 1072 ) (1024 184 1270 ) (0 184 1270 ) 
4 172 201 (0 80 1272 ) (0 184 1272 ) (0 184 1072 ) (0 80 1072 ) 
4 172 175 (0 128 1072 ) (0 184 1072 ) (1024 184 1072 ) (1024 128 1072 ) 
4 172 176 (0 80 1072 ) (0 128 1072 ) (1024 128 1072 ) (1024 80 1072 ) 
4 172 173 (1024 80 1088 ) (1024 80 1272 ) (0 80 1272 ) (0 80 1088 ) 
5 173 206 (0 0 1088 ) (0 0 1240 ) (0 8 1272 ) (0 80 1272 ) (0 80 1088 ) 
4 174 207 (0 256 1072 ) (0 288 1072 ) (0 280 1040 ) (0 256 1040 ) 
4 174 179 (0 256 1040 ) (0 280 1040 ) (1024 280 1040 ) (1024 256 1040 ) 
4 174 175 (0 256 1040 ) (1024 256 1040 ) (1024 256 1072 ) (0 256 1072 ) 
4 175 208 (0 128 1072 ) (0 256 1072 ) (0 256 1040 ) (0 128 1040 ) 
4 175 180 (0 128 1040 ) (0 256 1040 ) (1024 256 1040 ) (1024 128 1040 ) 
4 175 176 (0 128 1040 ) (1024 128 1040 ) (1024 128 1072 ) (0 128 1072 ) 
4 176 209 (0 80 1072 ) (0 128 1072 ) (0 128 1040 ) (0 96 1040 ) 
4 176 181 (0 96 1040 ) (0 128 1040 ) (1024 128 1040 ) (1024 96 1040 ) 
4 177 210 (0 304 1072 ) (0 1024 1072 ) (0 1024 1040 ) (0 304 1040 ) 
4 177 182 (0 304 1040 ) (0 1024 1040 ) (1024 1024 1040 ) (1024 304 1040 ) 
4 178 224 (1024 0 1040 ) (1024 0 1072 ) (0 0 1072 ) (0 0 1040 ) 
4 178 211 (0 0 1040 ) (0 0 1072 ) (0 72 1072 ) (0 72 1040 ) 
4 178 183 (1024 0 1040 ) (0 0 1040 ) (0 72 1040 ) (1024 72 1040 ) 
3 179 212 (0 256 1040 ) (0 280 1040 ) (0 256 1032 ) 
4 179 180 (0 256 1032 ) (1024 256 1032 ) (1024 256 1040 ) (0 256 1040 ) 
4 180 213 (0 128 1040 ) (0 256 1040 ) (0 256 1032 ) (0 128 1032 ) 
4 180 181 (0 128 1032 ) (1024 128 1032 ) (1024 128 1040 ) (0 128 1040 ) 
3 181 214 (0 96 1040 ) (0 128 1040 ) (0 128 1032 ) 
4 182 216 (0 280 1040 ) (0 1024 1040 ) (0 1024 1024 ) (0 280 1024 ) 
4 182 184 (0 280 1024 ) (0 1024 1024 ) (1024 1024 1024 ) (1024 280 1024 ) 
4 183 224 (1024 0 1024 ) (1024 0 1040 ) (0 0 1040 ) (0 0 1024 ) 
4 183 215 (0 0 1024 ) (0 0 1040 ) (0 96 1040 ) (0 96 1024 ) 
4 183 184 (0 0 1024 ) (0 96 1024 ) (1024 96 1024 ) (1024 0 1024 ) 
4 184 224 (1024 0 -992 ) (1024 0 1024 ) (0 0 1024 ) (0 0 -992 ) 
4 184 217 (0 0 -992 ) (0 0 1024 ) (0 1024 1024 ) (0 1024 -992 ) 
4 185 231 (-1024 1024 2016 ) (-1024 1024 1288 ) (-1024 344 1288 ) (-1024 344 2016 ) 
4 185 188 (-1024 368 1288 ) (-1024 1024 1288 ) (0 1024 1288 ) (0 368 1288 ) 
4 185 186 (0 344 1304 ) (0 344 2016 ) (-1024 344 2016 ) (-1024 344 1304 ) 
4 186 232 (-1024 288 1304 ) (-1024 288 2016 ) (-1024 344 2016 ) (-1024 344 1304 ) 
4 186 192 (0 288 1304 ) (0 288 2016 ) (-1024 288 2016 ) (-1024 288 1304 ) 
3 187 233 (-1024 344 1288 ) (-1024 288 1288 ) (-1024 288 1296 ) 
4 187 193 (0 288 1288 ) (0 288 1296 ) (-1024 288 1296 ) (-1024 288 1288 ) 
4 187 189 (0 288 1288 ) (-1024 288 1288 ) (-1024 344 1288 ) (0 344 1288 ) 
4 188 234 (-1024 1024 1288 ) (-1024 1024 1272 ) (-1024 368 1272 ) (-1024 368 1288 ) 
4 188 190 (-1024 384 1272 ) (-1024 1024 1272 ) (0 1024 1272 ) (0 384 1272 ) 
4 189 235 (-1024 360.002594 1272 ) (-1024 288 1272 ) (-1024 288 1288 ) (-1024 344.002594 1288 ) 
4 189 193 (0 288 1272 ) (0 288 1288 ) (-1024 288 1288 ) (-1024 288 1272 ) 
4 189 191 (0 288 1272 ) (-1024 288 1272 ) (-1024 360.002594 1272 ) (0 360.002594 1272 ) 
4 190 236 (-1024 1024 1272 ) (-1024 1024 1072 ) (-1024 384 1072 ) (-1024 384 1272 ) 
4 190 210 (0 1024 1072 ) (0 384 1072 ) (-1024 384 1072 ) (-1024 1024 1072 ) 
5 191 237 (-1024 288 1088 ) (-1024 288 1272 ) (-1024 360 1272 ) (-1024 368 1240 ) (-1024 368 1088 ) 
4 191 193 (0 288 1088 ) (0 288 1272 ) (-1024 288 1272 ) (-1024 288 1088 ) 
4 192 238 (-1024 80 1304 ) (-1024 80 2016 ) (-1024 288 2016 ) (-1024 288 1304 ) 
4 192 202 (-1024 80 2016 ) (-1024 80 1304 ) (0 80 1304 ) (0 80 2016 ) 
4 193 239 (-1024 288 1072 ) (-1024 200 1072 ) (-1024 200 1296 ) (-1024 288 1296 ) 
4 193 208 (0 256 1072 ) (0 200 1072 ) (-1024 200 1072 ) (-1024 256 1072 ) 
4 193 207 (0 288 1072 ) (0 256 1072 ) (-1024 256 1072 ) (-1024 288 1072 ) 
4 193 197 (-152 200 1286 ) (-616 200 1286 ) (-616 200 1270 ) (-152 200 1270 ) 
4 193 196 (-136 200 1286 ) (-152 200 1286 ) (-152 200 1270 ) (-136 200 1270 ) 
4 193 198 (-616 200 1286 ) (-632 200 1286 ) (-632 200 1270 ) (-616 200 1270 ) 
4 193 199 (-632 200 1286 ) (-1024 200 1286 ) (-1024 200 1270 ) (-632 200 1270 ) 
4 193 195 (0 200 1270 ) (0 200 1286 ) (-136 200 1286 ) (-136 200 1270 ) 
4 193 194 (0 200 1286 ) (0 200 1296 ) (-1024 200 1296 ) (-1024 200 1286 ) 
4 193 200 (-1024 200 1072 ) (0 200 1072 ) (0 200 1270 ) (-1024 200 1270 ) 
4 194 240 (-1024 184 1286 ) (-1024 184 1296 ) (-1024 200 1296 ) (-1024 200 1286 ) 
4 194 197 (-152 184 1286 ) (-616 184 1286 ) (-616 200 1286 ) (-152 200 1286 ) 
4 194 196 (-136 184 1286 ) (-152 184 1286 ) (-152 200 1286 ) (-136 200 1286 ) 
4 194 198 (-616 184 1286 ) (-632 184 1286 ) (-632 200 1286 ) (-616 200 1286 ) 
4 194 199 (-632 184 1286 ) (-1024 184 1286 ) (-1024 200 1286 ) (-632 200 1286 ) 
4 194 195 (0 184 1286 ) (-136 184 1286 ) (-136 200 1286 ) (0 200 1286 ) 
4 194 201 (0 184 1286 ) (0 184 1296 ) (-1024 184 1296 ) (-1024 184 1286 ) 
4 195 196 (-136 200 1270 ) (-136 184 1270 ) (-136 184 1286 ) (-136 200 1286 ) 
4 195 201 (0 184 1270 ) (0 184 1286 ) (-136 184 1286 ) (-136 184 1270 ) 
4 195 200 (0 184 1270 ) (-136 184 1270 ) (-136 200 1270 ) (0 200 1270 ) 
4 196 200 (-136 184 1270 ) (-152 184 1270 ) (-152 200 1270 ) (-136 200 1270 ) 
4 196 201 (-136 184 1286 ) (-152 184 1286 ) (-152 184 1270 ) (-136 184 1270 ) 
4 196 197 (-152 200 1270 ) (-152 184 1270 ) (-152 184 1286 ) (-152 200 1286 ) 
4 197 198 (-616 200 1270 ) (-616 184 1270 ) (-616 184 1286 ) (-616 200 1286 ) 
4 197 200 (-152 184 1270 ) (-616 184 1270 ) (-616 200 1270 ) (-152 200 1270 ) 
4 197 201 (-152 184 1286 ) (-616 184 1286 ) (-616 184 1270 ) (-152 184 1270 ) 
4 198 199 (-632 200 1270 ) (-632 184 1270 ) (-632 184 1286 ) (-632 200 1286 ) 
4 198 201 (-616 184 1286 ) (-632 184 1286 ) (-632 184 1270 ) (-616 184 1270 ) 
4 198 200 (-616 184 1270 ) (-632 184 1270 ) (-632 200 1270 ) (-616 200 1270 ) 
4 199 241 (-1024 184 1270 ) (-1024 184 1286 ) (-1024 200 1286 ) (-1024 200 1270 ) 
4 199 200 (-632 184 1270 ) (-1024 184 1270 ) (-1024 200 1270 ) (-632 200 1270 ) 
4 199 201 (-632 184 1286 ) (-1024 184 1286 ) (-1024 184 1270 ) (-632 184 1270 ) 
4 200 242 (-1024 200 1072 ) (-1024 184 1072 ) (-1024 184 1270 ) (-1024 200 1270 ) 
4 200 208 (0 200 1072 ) (0 184 1072 ) (-1024 184 1072 ) (-1024 200 1072 ) 
4 200 201 (-1024 184 1072 ) (0 184 1072 ) (0 184 1270 ) (-1024 184 1270 ) 
4 201 243 (-1024 184 1072 ) (-1024 80 1072 ) (-1024 80 1296 ) (-1024 184 1296 ) 
4 201 208 (0 184 1072 ) (0 128 1072 ) (-1024 128 1072 ) (-1024 184 1072 ) 
4 201 209 (0 128 1072 ) (0 80 1072 ) (-1024 80 1072 ) (-1024 128 1072 ) 
4 201 206 (-1024 80 1272 ) (-1024 80 1088 ) (0 80 1088 ) (0 80 1272 ) 
4 201 203 (-1024 80 1296 ) (-1024 80 1272 ) (0 80 1272 ) (0 80 1296 ) 
4 202 245 (-1024 24 2016 ) (-1024 80 2016 ) (-1024 80 1304 ) (-1024 24 1304 ) 
4 202 204 (0 24 1304 ) (0 24 2016 ) (-1024 24 2016 ) (-1024 24 1304 ) 
4 203 246 (-1024 80 1296 ) (-1024 80 1272 ) (-1024 24 1272 ) (-1024 24 1288 ) 
4 203 206 (-1024 24 1272 ) (-1024 80 1272 ) (0 80 1272 ) (0 24 1272 ) 
4 203 205 (-1024 24 1272 ) (0 24 1272 ) (0 24 1288 ) (-1024 24 1288 ) 
4 204 247 (-1024 0 1288 ) (-1024 0 2016 ) (-1024 24 2016 ) (-1024 24 1288 ) 
4 204 226 (-1024 0 2016 ) (-1024 0 1288 ) (0 0 1288 ) (0 0 2016 ) 
3 205 248 (-1024 24 1288 ) (-1024 24 1272 ) (-1024 8 1272 ) 
4 205 206 (-1024 8 1272 ) (-1024 24 1272 ) (0 24 1272 ) (0 8 1272 ) 
5 206 249 (-1024 0 1088 ) (-1024 0 1240 ) (-1024 8 1272 ) (-1024 80 1272 ) (-1024 80 1088 ) 
4 207 250 (-1024 280 1040 ) (-1024 256 1040 ) (-1024 256 1072 ) (-1024 288 1072 ) 
4 207 212 (-1024 256 1040 ) (-1024 280 1040 ) (0 280 1040 ) (0 256 1040 ) 
4 207 208 (-1024 256 1040 ) (0 256 1040 ) (0 256 1072 ) (-1024 256 1072 ) 
4 208 251 (-1024 256 1040 ) (-1024 128 1040 ) (-1024 128 1072 ) (-1024 256 1072 ) 
4 208 213 (-1024 128 1040 ) (-1024 256 1040 ) (0 256 1040 ) (0 128 1040 ) 
4 208 209 (-1024 128 1040 ) (0 128 1040 ) (0 128 1072 ) (-1024 128 1072 ) 
4 209 252 (-1024 128 1040 ) (-1024 96 1040 ) (-1024 80 1072 ) (-1024 128 1072 ) 
4 209 214 (-1024 96 1040 ) (-1024 128 1040 ) (0 128 1040 ) (0 96 1040 ) 
4 210 253 (-1024 1024 1072 ) (-1024 1024 1040 ) (-1024 304 1040 ) (-1024 304 1072 ) 
4 210 216 (-1024 304 1040 ) (-1024 1024 1040 ) (0 1024 1040 ) (0 304 1040 ) 
4 211 254 (-1024 72 1040 ) (-1024 0 1040 ) (-1024 0 1072 ) (-1024 72 1072 ) 
4 211 228 (-1024 0 1072 ) (-1024 0 1040 ) (0 0 1040 ) (0 0 1072 ) 
4 211 215 (0 0 1040 ) (-1024 0 1040 ) (-1024 72 1040 ) (0 72 1040 ) 
3 212 255 (-1024 256 1040 ) (-1024 280 1040 ) (-1024 256 1032 ) 
4 212 213 (-1024 256 1032 ) (0 256 1032 ) (0 256 1040 ) (-1024 256 1040 ) 
4 213 256 (-1024 128 1032 ) (-1024 128 1040 ) (-1024 256 1040 ) (-1024 256 1032 ) 
4 213 214 (-1024 128 1032 ) (0 128 1032 ) (0 128 1040 ) (-1024 128 1040 ) 
3 214 257 (-1024 128 1032 ) (-1024 96 1040 ) (-1024 128 1040 ) 
4 215 258 (-1024 96 1024 ) (-1024 0 1024 ) (-1024 0 1040 ) (-1024 96 1040 ) 
4 215 228 (-1024 0 1040 ) (-1024 0 1024 ) (0 0 1024 ) (0 0 1040 ) 
4 215 217 (0 96 1024 ) (0 0 1024 ) (-1024 0 1024 ) (-1024 96 1024 ) 
4 216 259 (-1024 1024 1040 ) (-1024 1024 1024 ) (-1024 280 1024 ) (-1024 280 1040 ) 
4 216 217 (0 1024 1024 ) (0 280 1024 ) (-1024 280 1024 ) (-1024 1024 1024 ) 
4 217 260 (-1024 1024 1024 ) (-1024 1024 -992 ) (-1024 0 -992 ) (-1024 0 1024 ) 
4 217 228 (-1024 0 1024 ) (-1024 0 -992 ) (0 0 -992 ) (0 0 1024 ) 
4 218 225 (1024 -16 1272 ) (1024 -16 2016 ) (736 -16 2016 ) (736 -16 1272 ) 
4 218 219 (736 -16 1728 ) (736 -16 2016 ) (736 0 2016 ) (736 0 1728 ) 
4 219 225 (736 -16 2016 ) (704 -16 2016 ) (704 -16 1728 ) (736 -16 1728 ) 
4 219 220 (704 -16 1728 ) (704 -16 2016 ) (704 0 2016 ) (704 0 1728 ) 
4 220 225 (256 -16 2016 ) (256 -16 1728 ) (704 -16 1728 ) (704 -16 2016 ) 
4 220 222 (256 0 2016 ) (256 0 1728 ) (256 -16 1728 ) (256 -16 2016 ) 
4 222 226 (0 0 2016 ) (0 0 1728 ) (0 -16 1728 ) (0 -16 2016 ) 
4 222 225 (0 -16 2016 ) (0 -16 1728 ) (256 -16 1728 ) (256 -16 2016 ) 
4 222 223 (0 0 1728 ) (224 0 1728 ) (224 -16 1728 ) (0 -16 1728 ) 
4 223 226 (0 0 1728 ) (0 0 1272 ) (0 -16 1272 ) (0 -16 1728 ) 
4 223 225 (0 -16 1728 ) (0 -16 1272 ) (224 -16 1272 ) (224 -16 1728 ) 
4 224 228 (0 0 1072 ) (0 0 -992 ) (0 -16 -992 ) (0 -16 1072 ) 
4 224 225 (1024 -16 -992 ) (1024 -16 1072 ) (0 -16 1072 ) (0 -16 -992 ) 
4 225 229 (1024 -1024 -992 ) (1024 -1024 2016 ) (0 -1024 2016 ) (0 -1024 -992 ) 
4 225 228 (0 -1024 -992 ) (0 -1024 1072 ) (0 -16 1072 ) (0 -16 -992 ) 
4 225 227 (0 -1024 1072 ) (0 -1024 1272 ) (0 -16 1272 ) (0 -16 1072 ) 
4 225 226 (0 -1024 1272 ) (0 -1024 2016 ) (0 -16 2016 ) (0 -16 1272 ) 
4 226 261 (-1024 -1024 1272 ) (-1024 -1024 2016 ) (-1024 0 2016 ) (-1024 0 1272 ) 
4 226 230 (0 -1024 1272 ) (0 -1024 2016 ) (-1024 -1024 2016 ) (-1024 -1024 1272 ) 
4 226 227 (0 -1024 1272 ) (-1024 -1024 1272 ) (-1024 -16 1272 ) (0 -16 1272 ) 
4 227 262 (-1024 -1024 1072 ) (-1024 -1024 1272 ) (-1024 -16 1272 ) (-1024 -16 1072 ) 
4 227 230 (0 -1024 1072 ) (0 -1024 1272 ) (-1024 -1024 1272 ) (-1024 -1024 1072 ) 
4 227 228 (-1024 -1024 1072 ) (-1024 -16 1072 ) (0 -16 1072 ) (0 -1024 1072 ) 
4 228 263 (-1024 -1024 -992 ) (-1024 -1024 1072 ) (-1024 0 1072 ) (-1024 0 -992 ) 
4 228 230 (0 -1024 -992 ) (0 -1024 1072 ) (-1024 -1024 1072 ) (-1024 -1024 -992 ) 
4 229 230 (0 -2016 2016 ) (0 -1024 2016 ) (0 -1024 -992 ) (0 -2016 -992 ) 
4 230 295 (-1024 -2016 2016 ) (-1024 -1024 2016 ) (-1024 -1024 -992 ) (-1024 -2016 -992 ) 
4 231 265 (-2048 1024 1304 ) (-2048 1024 1288 ) (-2048 344 1288 ) (-2048 344 1304 ) 
4 231 264 (-2048 1024 2016 ) (-2048 1024 1304 ) (-2048 344 1304 ) (-2048 344 2016 ) 
4 231 234 (-2048 368 1288 ) (-2048 1024 1288 ) (-1024 1024 1288 ) (-1024 368 1288 ) 
4 231 232 (-1024 344 1304 ) (-1024 344 2016 ) (-2048 344 2016 ) (-2048 344 1304 ) 
4 232 264 (-2048 288 1304 ) (-2048 288 2016 ) (-2048 344 2016 ) (-2048 344 1304 ) 
4 232 238 (-1024 288 1304 ) (-1024 288 2016 ) (-2048 288 2016 ) (-2048 288 1304 ) 
3 233 266 (-2048 344 1288 ) (-2048 288 1288 ) (-2048 288 1296 ) 
4 233 239 (-1024 288 1288 ) (-1024 288 1296 ) (-1096 288 1296 ) (-1096 288 1288 ) 
4 233 244 (-1096 288 1296 ) (-2048 288 1296 ) (-2048 288 1288 ) (-1096 288 1288 ) 
4 233 235 (-1024 288 1288 ) (-2048 288 1288 ) (-2048 344 1288 ) (-1024 344 1288 ) 
4 234 268 (-2048 1024 1288 ) (-2048 1024 1272 ) (-2048 368 1272 ) (-2048 368 1288 ) 
4 234 236 (-2048 384 1272 ) (-2048 1024 1272 ) (-1024 1024 1272 ) (-1024 384 1272 ) 
4 235 269 (-2048 360.002594 1272 ) (-2048 288 1272 ) (-2048 288 1288 ) (-2048 344.002594 1288 ) 
4 235 239 (-1024 288 1272 ) (-1024 288 1288 ) (-1096 288 1288 ) (-1096 288 1272 ) 
4 235 244 (-1096 288 1288 ) (-2048 288 1288 ) (-2048 288 1272 ) (-1096 288 1272 ) 
4 235 237 (-1024 288 1272 ) (-2048 288 1272 ) (-2048 360.002594 1272 ) (-1024 360.002594 1272 ) 
4 236 270 (-2048 1024 1272 ) (-2048 1024 1072 ) (-2048 384 1072 ) (-2048 384 1272 ) 
4 236 253 (-2048 384 1072 ) (-2048 1024 1072 ) (-1024 1024 1072 ) (-1024 384 1072 ) 
5 237 271 (-2048 288 1088 ) (-2048 288 1272 ) (-2048 360 1272 ) (-2048 368 1240 ) (-2048 368 1088 ) 
4 237 239 (-1024 288 1088 ) (-1024 288 1272 ) (-1096 288 1272 ) (-1096 288 1088 ) 
4 237 244 (-1096 288 1272 ) (-2048 288 1272 ) (-2048 288 1088 ) (-1096 288 1088 ) 
4 238 264 (-2048 80 1304 ) (-2048 80 2016 ) (-2048 288 2016 ) (-2048 288 1304 ) 
4 238 245 (-2048 80 2016 ) (-2048 80 1304 ) (-1024 80 1304 ) (-1024 80 2016 ) 
4 239 251 (-1024 256 1072 ) (-1024 200 1072 ) (-1096 200 1072 ) (-1096 256 1072 ) 
4 239 250 (-1096 288 1072 ) (-1024 288 1072 ) (-1024 256 1072 ) (-1096 256 1072 ) 
4 239 241 (-1096 200 1286 ) (-1096 200 1270 ) (-1024 200 1270 ) (-1024 200 1286 ) 
4 239 240 (-1096 200 1296 ) (-1096 200 1286 ) (-1024 200 1286 ) (-1024 200 1296 ) 
4 239 242 (-1096 200 1270 ) (-1096 200 1072 ) (-1024 200 1072 ) (-1024 200 1270 ) 
4 239 244 (-1096 200 1296 ) (-1096 288 1296 ) (-1096 288 1072 ) (-1096 200 1072 ) 
4 240 243 (-1096 184 1296 ) (-1096 184 1286 ) (-1024 184 1286 ) (-1024 184 1296 ) 
4 240 244 (-1096 184 1296 ) (-1096 200 1296 ) (-1096 200 1286 ) (-1096 184 1286 ) 
4 240 241 (-1024 184 1286 ) (-1096 184 1286 ) (-1096 200 1286 ) (-1024 200 1286 ) 
4 241 242 (-1024 184 1270 ) (-1096 184 1270 ) (-1096 200 1270 ) (-1024 200 1270 ) 
4 241 243 (-1096 184 1286 ) (-1096 184 1270 ) (-1024 184 1270 ) (-1024 184 1286 ) 
4 241 244 (-1096 200 1286 ) (-1096 200 1270 ) (-1096 184 1270 ) (-1096 184 1286 ) 
4 242 251 (-1024 200 1072 ) (-1024 184 1072 ) (-1096 184 1072 ) (-1096 200 1072 ) 
4 242 244 (-1096 200 1270 ) (-1096 200 1072 ) (-1096 184 1072 ) (-1096 184 1270 ) 
4 242 243 (-1096 184 1270 ) (-1096 184 1072 ) (-1024 184 1072 ) (-1024 184 1270 ) 
4 243 251 (-1024 184 1072 ) (-1024 128 1072 ) (-1096 128 1072 ) (-1096 184 1072 ) 
4 243 252 (-1024 128 1072 ) (-1024 80 1072 ) (-1096 80 1072 ) (-1096 128 1072 ) 
4 243 249 (-1024 80 1088 ) (-1024 80 1272 ) (-1096 80 1272 ) (-1096 80 1088 ) 
4 243 246 (-1024 80 1272 ) (-1024 80 1296 ) (-1096 80 1296 ) (-1096 80 1272 ) 
4 243 244 (-1096 80 1072 ) (-1096 80 1296 ) (-1096 184 1296 ) (-1096 184 1072 ) 
4 244 272 (-2048 288 1072 ) (-2048 80 1072 ) (-2048 80 1088 ) (-2048 288 1088 ) 
4 244 271 (-2048 80 1088 ) (-2048 80 1272 ) (-2048 288 1272 ) (-2048 288 1088 ) 
4 244 269 (-2048 80 1272 ) (-2048 80 1288 ) (-2048 288 1288 ) (-2048 288 1272 ) 
4 244 266 (-2048 80 1288 ) (-2048 80 1296 ) (-2048 288 1296 ) (-2048 288 1288 ) 
4 244 251 (-2048 128 1072 ) (-2048 256 1072 ) (-1096 256 1072 ) (-1096 128 1072 ) 
4 244 250 (-2048 256 1072 ) (-2048 288 1072 ) (-1096 288 1072 ) (-1096 256 1072 ) 
4 244 252 (-2048 80 1072 ) (-2048 128 1072 ) (-1096 128 1072 ) (-1096 80 1072 ) 
4 244 249 (-2048 80 1272 ) (-2048 80 1088 ) (-1096 80 1088 ) (-1096 80 1272 ) 
4 244 246 (-2048 80 1296 ) (-2048 80 1272 ) (-1096 80 1272 ) (-1096 80 1296 ) 
4 245 264 (-2048 24 2016 ) (-2048 80 2016 ) (-2048 80 1304 ) (-2048 24 1304 ) 
4 245 247 (-1024 24 1304 ) (-1024 24 2016 ) (-2048 24 2016 ) (-2048 24 1304 ) 
4 246 269 (-2048 80 1288 ) (-2048 80 1272 ) (-2048 24 1272 ) (-2048 24 1288 ) 
3 246 266 (-2048 80 1296 ) (-2048 80 1288 ) (-2048 24 1288 ) 
4 246 249 (-2048 24 1272 ) (-2048 80 1272 ) (-1024 80 1272 ) (-1024 24 1272 ) 
4 246 248 (-2048 24 1272 ) (-1024 24 1272 ) (-1024 24 1288 ) (-2048 24 1288 ) 
4 247 267 (-2048 0 1288 ) (-2048 0 1304 ) (-2048 24 1304 ) (-2048 24 1288 ) 
4 247 264 (-2048 0 1304 ) (-2048 0 2016 ) (-2048 24 2016 ) (-2048 24 1304 ) 
4 247 261 (-1024 0 1288 ) (-1024 0 2016 ) (-2048 0 2016 ) (-2048 0 1288 ) 
3 248 269 (-2048 24 1288 ) (-2048 24 1272 ) (-2048 8 1272 ) 
4 248 249 (-2048 8 1272 ) (-2048 24 1272 ) (-1024 24 1272 ) (-1024 8 1272 ) 
5 249 271 (-2048 0 1088 ) (-2048 0 1240 ) (-2048 8 1272 ) (-2048 80 1272 ) (-2048 80 1088 ) 
4 250 273 (-2048 280 1040 ) (-2048 256 1040 ) (-2048 256 1072 ) (-2048 288 1072 ) 
4 250 255 (-2048 256 1040 ) (-2048 280 1040 ) (-1024 280 1040 ) (-1024 256 1040 ) 
4 250 251 (-2048 256 1040 ) (-1024 256 1040 ) (-1024 256 1072 ) (-2048 256 1072 ) 
4 251 274 (-2048 256 1040 ) (-2048 128 1040 ) (-2048 128 1072 ) (-2048 256 1072 ) 
4 251 256 (-2048 128 1040 ) (-2048 256 1040 ) (-1024 256 1040 ) (-1024 128 1040 ) 
4 251 252 (-2048 128 1040 ) (-1024 128 1040 ) (-1024 128 1072 ) (-2048 128 1072 ) 
4 252 275 (-2048 128 1040 ) (-2048 96 1040 ) (-2048 80 1072 ) (-2048 128 1072 ) 
4 252 257 (-2048 96 1040 ) (-2048 128 1040 ) (-1024 128 1040 ) (-1024 96 1040 ) 
4 253 277 (-2048 1024 1072 ) (-2048 1024 1040 ) (-2048 304 1040 ) (-2048 304 1072 ) 
4 253 259 (-2048 304 1040 ) (-2048 1024 1040 ) (-1024 1024 1040 ) (-1024 304 1040 ) 
4 254 276 (-2048 72 1040 ) (-2048 0 1040 ) (-2048 0 1072 ) (-2048 72 1072 ) 
4 254 263 (-1024 0 1040 ) (-1024 0 1072 ) (-2048 0 1072 ) (-2048 0 1040 ) 
4 254 258 (-1024 0 1040 ) (-2048 0 1040 ) (-2048 72 1040 ) (-1024 72 1040 ) 
3 255 278 (-2048 256 1040 ) (-2048 280 1040 ) (-2048 256 1032 ) 
4 255 256 (-2048 256 1032 ) (-1024 256 1032 ) (-1024 256 1040 ) (-2048 256 1040 ) 
4 256 279 (-2048 128 1032 ) (-2048 128 1040 ) (-2048 256 1040 ) (-2048 256 1032 ) 
4 256 257 (-2048 128 1032 ) (-1024 128 1032 ) (-1024 128 1040 ) (-2048 128 1040 ) 
3 257 280 (-2048 128 1032 ) (-2048 96 1040 ) (-2048 128 1040 ) 
4 258 282 (-2048 96 1024 ) (-2048 0 1024 ) (-2048 0 1040 ) (-2048 96 1040 ) 
4 258 263 (-1024 0 1024 ) (-1024 0 1040 ) (-2048 0 1040 ) (-2048 0 1024 ) 
4 258 260 (-2048 0 1024 ) (-2048 96 1024 ) (-1024 96 1024 ) (-1024 0 1024 ) 
4 259 281 (-2048 1024 1040 ) (-2048 1024 1024 ) (-2048 280 1024 ) (-2048 280 1040 ) 
4 259 260 (-2048 280 1024 ) (-2048 1024 1024 ) (-1024 1024 1024 ) (-1024 280 1024 ) 
4 260 283 (-2048 1024 1024 ) (-2048 1024 -992 ) (-2048 0 -992 ) (-2048 0 1024 ) 
4 260 263 (-1024 0 -992 ) (-1024 0 1024 ) (-2048 0 1024 ) (-2048 0 -992 ) 
4 261 295 (-1024 -1024 1272 ) (-1024 -1024 2016 ) (-2048 -1024 2016 ) (-2048 -1024 1272 ) 
4 261 288 (-2048 -16 2016 ) (-2048 0 2016 ) (-2048 0 1272 ) (-2048 -16 1272 ) 
4 261 289 (-2048 -1024 1272 ) (-2048 -1024 2016 ) (-2048 -16 2016 ) (-2048 -16 1272 ) 
4 261 262 (-1024 -1024 1272 ) (-2048 -1024 1272 ) (-2048 -16 1272 ) (-1024 -16 1272 ) 
4 262 295 (-1024 -1024 1072 ) (-1024 -1024 1272 ) (-2048 -1024 1272 ) (-2048 -1024 1072 ) 
4 262 289 (-2048 -1024 1072 ) (-2048 -1024 1272 ) (-2048 -16 1272 ) (-2048 -16 1072 ) 
4 262 263 (-2048 -1024 1072 ) (-2048 -16 1072 ) (-1024 -16 1072 ) (-1024 -1024 1072 ) 
4 263 295 (-1024 -1024 -992 ) (-1024 -1024 1072 ) (-2048 -1024 1072 ) (-2048 -1024 -992 ) 
4 263 290 (-2048 -1024 -992 ) (-2048 -1024 1072 ) (-2048 0 1072 ) (-2048 0 -992 ) 
4 264 288 (-2048 0 1304 ) (-2048 0 2016 ) (-2464 0 2016 ) (-2464 0 1304 ) 
4 264 285 (-2464 0 1304 ) (-2464 0 2016 ) (-2464 384 2016 ) (-2464 384 1304 ) 
4 264 284 (-2464 384 2016 ) (-2464 1024 2016 ) (-2464 1024 1304 ) (-2464 384 1304 ) 
4 264 267 (-2464 0 1304 ) (-2464 24 1304 ) (-2048 24 1304 ) (-2048 0 1304 ) 
4 264 265 (-2464 344 1304 ) (-2464 1024 1304 ) (-2048 1024 1304 ) (-2048 344 1304 ) 
4 265 284 (-2464 384 1304 ) (-2464 1024 1304 ) (-2464 1024 1288 ) (-2464 384 1288 ) 
4 265 268 (-2464 368 1288 ) (-2464 1024 1288 ) (-2048 1024 1288 ) (-2048 368 1288 ) 
4 266 269 (-2464 24 1288 ) (-2464 344 1288 ) (-2048 344 1288 ) (-2048 24 1288 ) 
4 267 288 (-2048 0 1288 ) (-2048 0 1304 ) (-2464 0 1304 ) (-2464 0 1288 ) 
4 268 284 (-2464 384 1288 ) (-2464 1024 1288 ) (-2464 1024 1272 ) (-2464 384 1272 ) 
4 268 270 (-2464 384 1272 ) (-2464 1024 1272 ) (-2048 1024 1272 ) (-2048 384 1272 ) 
4 269 271 (-2464 8 1272 ) (-2464 360.002563 1272 ) (-2048 360.002594 1272 ) (-2048 8 1272 ) 
4 270 284 (-2464 384 1272 ) (-2464 1024 1272 ) (-2464 1024 1072 ) (-2464 384 1072 ) 
4 270 277 (-2464 384 1072 ) (-2464 1024 1072 ) (-2048 1024 1072 ) (-2048 384 1072 ) 
4 271 272 (-2464 80 1088 ) (-2464 288 1088 ) (-2048 288 1088 ) (-2048 80 1088 ) 
4 272 274 (-2464 128 1072 ) (-2464 256 1072 ) (-2048 256 1072 ) (-2048 128 1072 ) 
4 272 273 (-2464 256 1072 ) (-2464 288 1072 ) (-2048 288 1072 ) (-2048 256 1072 ) 
4 272 275 (-2464 80 1072 ) (-2464 128 1072 ) (-2048 128 1072 ) (-2048 80 1072 ) 
4 273 278 (-2464 256 1040 ) (-2464 280 1040 ) (-2048 280 1040 ) (-2048 256 1040 ) 
4 273 274 (-2464 256 1040 ) (-2048 256 1040 ) (-2048 256 1072 ) (-2464 256 1072 ) 
4 274 279 (-2464 128 1040 ) (-2464 256 1040 ) (-2048 256 1040 ) (-2048 128 1040 ) 
4 274 275 (-2464 128 1040 ) (-2048 128 1040 ) (-2048 128 1072 ) (-2464 128 1072 ) 
4 275 280 (-2464 96 1040 ) (-2464 128 1040 ) (-2048 128 1040 ) (-2048 96 1040 ) 
4 276 290 (-2048 0 1040 ) (-2048 0 1072 ) (-2464 0 1072 ) (-2464 0 1040 ) 
4 276 282 (-2048 0 1040 ) (-2464 0 1040 ) (-2464 72 1040 ) (-2048 72 1040 ) 
4 277 284 (-2464 384 1072 ) (-2464 1024 1072 ) (-2464 1024 1040 ) (-2464 384 1040 ) 
4 277 281 (-2464 304 1040 ) (-2464 1024 1040 ) (-2048 1024 1040 ) (-2048 304 1040 ) 
4 278 279 (-2464 256 1032 ) (-2048 256 1032 ) (-2048 256 1040 ) (-2464 256 1040 ) 
4 279 280 (-2464 128 1032 ) (-2048 128 1032 ) (-2048 128 1040 ) (-2464 128 1040 ) 
4 281 284 (-2464 384 1040 ) (-2464 1024 1040 ) (-2464 1024 1024 ) (-2464 384 1024 ) 
4 281 283 (-2464 280 1024 ) (-2464 1024 1024 ) (-2048 1024 1024 ) (-2048 280 1024 ) 
4 282 290 (-2048 0 1024 ) (-2048 0 1040 ) (-2464 0 1040 ) (-2464 0 1024 ) 
4 282 283 (-2464 0 1024 ) (-2464 96 1024 ) (-2048 96 1024 ) (-2048 0 1024 ) 
4 283 290 (-2048 0 -992 ) (-2048 0 1024 ) (-2464 0 1024 ) (-2464 0 -992 ) 
4 283 286 (-2464 0 -992 ) (-2464 0 1024 ) (-2464 384 1024 ) (-2464 384 -992 ) 
4 283 284 (-2464 384 1024 ) (-2464 1024 1024 ) (-2464 1024 -992 ) (-2464 384 -992 ) 
4 284 285 (-2496 384 2016 ) (-2496 384 1304 ) (-2464 384 1304 ) (-2464 384 2016 ) 
4 284 286 (-2496 384 1024 ) (-2496 384 -992 ) (-2464 384 -992 ) (-2464 384 1024 ) 
4 284 287 (-2496 1024 -992 ) (-2496 384 -992 ) (-2496 384 2016 ) (-2496 1024 2016 ) 
4 285 291 (-2464 0 1304 ) (-2464 0 2016 ) (-2496 0 2016 ) (-2496 0 1304 ) 
4 285 287 (-2496 0 1304 ) (-2496 0 2016 ) (-2496 384 2016 ) (-2496 384 1304 ) 
4 286 292 (-2464 0 -992 ) (-2464 0 1024 ) (-2496 0 1024 ) (-2496 0 -992 ) 
4 286 287 (-2496 384 -992 ) (-2496 0 -992 ) (-2496 0 1024 ) (-2496 384 1024 ) 
4 287 294 (-2496 0 2016 ) (-2528 0 2016 ) (-2528 0 -992 ) (-2496 0 -992 ) 
4 288 291 (-2464 -16 2016 ) (-2464 0 2016 ) (-2464 0 1304 ) (-2464 -16 1304 ) 
4 288 289 (-2464 -16 2016 ) (-2464 -16 1272 ) (-2048 -16 1272 ) (-2048 -16 2016 ) 
4 289 296 (-2048 -1024 1072 ) (-2048 -1024 2016 ) (-2464 -1024 2016 ) (-2464 -1024 1072 ) 
4 289 293 (-2464 -1024 2016 ) (-2464 -16 2016 ) (-2464 -16 1072 ) (-2464 -1024 1072 ) 
4 289 290 (-2464 -1024 1072 ) (-2464 -16 1072 ) (-2048 -16 1072 ) (-2048 -1024 1072 ) 
4 290 296 (-2048 -1024 -992 ) (-2048 -1024 1072 ) (-2464 -1024 1072 ) (-2464 -1024 -992 ) 
4 290 292 (-2464 0 1024 ) (-2464 0 -992 ) (-2464 -16 -992 ) (-2464 -16 1024 ) 
4 290 293 (-2464 -16 -992 ) (-2464 -1024 -992 ) (-2464 -1024 1072 ) (-2464 -16 1072 ) 
4 291 294 (-2496 -16 1304 ) (-2496 -16 2016 ) (-2496 0 2016 ) (-2496 0 1304 ) 
4 291 293 (-2496 -16 2016 ) (-2496 -16 1304 ) (-2464 -16 1304 ) (-2464 -16 2016 ) 
4 292 293 (-2496 -16 1024 ) (-2496 -16 -992 ) (-2464 -16 -992 ) (-2464 -16 1024 ) 
4 292 294 (-2496 0 -992 ) (-2496 -16 -992 ) (-2496 -16 1024 ) (-2496 0 1024 ) 
4 293 296 (-2464 -1024 -992 ) (-2464 -1024 2016 ) (-2496 -1024 2016 ) (-2496 -1024 -992 ) 
4 293 294 (-2496 -16 -992 ) (-2496 -1024 -992 ) (-2496 -1024 2016 ) (-2496 -16 2016 ) 
4 294 296 (-2496 -1024 2016 ) (-2528 -1024 2016 ) (-2528 -1024 -992 ) (-2496 -1024 -992 ) 
4 295 296 (-2048 -1024 2016 ) (-2048 -1024 -992 ) (-2048 -2016 -992 ) (-2048 -2016 2016 ) 
