PRT1
222
642
4 0 3 (2080 1024 2016 ) (2048 1024 2016 ) (2048 1024 -992 ) (2080 1024 -992 ) 
4 0 2 (3040 1024 2016 ) (2080 1024 2016 ) (2080 1024 -992 ) (3040 1024 -992 ) 
4 0 1 (2048 1024 -992 ) (2048 1024 2016 ) (2048 2016 2016 ) (2048 2016 -992 ) 
4 1 33 (1024 1024 -992 ) (1024 1024 2016 ) (1024 2016 2016 ) (1024 2016 -992 ) 
4 1 28 (2048 1024 -992 ) (2048 1024 16 ) (1024 1024 16 ) (1024 1024 -992 ) 
4 1 27 (2048 1024 16 ) (2048 1024 32 ) (1024 1024 32 ) (1024 1024 16 ) 
4 1 20 (2048 1024 32 ) (2048 1024 64 ) (1024 1024 64 ) (1024 1024 32 ) 
4 1 15 (2048 1024 64 ) (2048 1024 80 ) (1024 1024 80 ) (1024 1024 64 ) 
4 1 13 (2048 1024 80 ) (2048 1024 200 ) (1024 1024 200 ) (1024 1024 80 ) 
4 1 10 (2048 1024 200 ) (2048 1024 216 ) (1024 1024 216 ) (1024 1024 200 ) 
4 1 7 (2048 1024 216 ) (2048 1024 232 ) (1024 1024 232 ) (1024 1024 216 ) 
4 1 6 (2048 1024 232 ) (2048 1024 2016 ) (1024 1024 2016 ) (1024 1024 232 ) 
4 2 29 (3040 0 2016 ) (2080 0 2016 ) (2080 0 -992 ) (3040 0 -992 ) 
4 2 4 (2080 0 232 ) (2080 0 2016 ) (2080 248 2016 ) (2080 248 232 ) 
4 2 5 (2080 248 -992 ) (2080 0 -992 ) (2080 0 16 ) (2080 248 16 ) 
4 2 3 (2080 1024 -992 ) (2080 248 -992 ) (2080 248 2016 ) (2080 1024 2016 ) 
4 3 28 (2048 1024 16 ) (2048 1024 -992 ) (2048 248 -992 ) (2048 248 16 ) 
4 3 27 (2048 1024 32 ) (2048 1024 16 ) (2048 248 16 ) (2048 248 32 ) 
4 3 20 (2048 1024 64 ) (2048 1024 32 ) (2048 248 32 ) (2048 248 64 ) 
4 3 15 (2048 1024 80 ) (2048 1024 64 ) (2048 248 64 ) (2048 248 80 ) 
4 3 13 (2048 1024 200 ) (2048 1024 80 ) (2048 248 80 ) (2048 248 200 ) 
4 3 10 (2048 1024 216 ) (2048 1024 200 ) (2048 248 200 ) (2048 248 216 ) 
4 3 7 (2048 1024 232 ) (2048 1024 216 ) (2048 248 216 ) (2048 248 232 ) 
4 3 6 (2048 248 2016 ) (2048 1024 2016 ) (2048 1024 232 ) (2048 248 232 ) 
4 3 4 (2080 248 232 ) (2080 248 2016 ) (2048 248 2016 ) (2048 248 232 ) 
4 3 5 (2048 248 -992 ) (2080 248 -992 ) (2080 248 16 ) (2048 248 16 ) 
4 4 29 (2080 0 2016 ) (2048 0 2016 ) (2048 0 232 ) (2080 0 232 ) 
4 4 6 (2048 0 232 ) (2048 0 2016 ) (2048 248 2016 ) (2048 248 232 ) 
4 5 29 (2048 0 16 ) (2048 0 -992 ) (2080 0 -992 ) (2080 0 16 ) 
4 5 28 (2048 0 -992 ) (2048 0 16 ) (2048 248 16 ) (2048 248 -992 ) 
4 6 63 (1024 0 232 ) (1024 0 2016 ) (1024 1024 2016 ) (1024 1024 232 ) 
4 6 30 (1024 0 2016 ) (1024 0 232 ) (2048 0 232 ) (2048 0 2016 ) 
4 6 7 (1024 1024 232 ) (2048 1024 232 ) (2048 208 232 ) (1024 208 232 ) 
4 6 9 (2048 40 232 ) (2048 0 232 ) (1024 0 232 ) (1024 40 232 ) 
4 7 64 (1024 208 232 ) (1024 1024 232 ) (1024 1024 216 ) (1024 208 216 ) 
4 7 10 (1024 232 216 ) (1024 1024 216 ) (2048 1024 216 ) (2048 232 216 ) 
4 8 65 (1024 208 216 ) (1024 40 216 ) (1024 96 224 ) (1024 152 224 ) 
4 8 11 (1024 40 216 ) (1024 208 216 ) (2048 208 216 ) (2048 40 216 ) 
4 9 66 (1024 0 216 ) (1024 0 232 ) (1024 40 232 ) (1024 40 216 ) 
4 9 30 (1024 0 232 ) (1024 0 216 ) (2048 0 216 ) (2048 0 232 ) 
4 9 12 (2048 0 216 ) (1024 0 216 ) (1024 16 216 ) (2048 16 216 ) 
4 10 67 (1024 232 216 ) (1024 1024 216 ) (1024 1024 200 ) (1024 232 200 ) 
4 10 13 (1024 248 200 ) (1024 1024 200 ) (2048 1024 200 ) (2048 248 200 ) 
4 11 68 (1024 40 216 ) (1024 208 216 ) (1024 224 200 ) (1024 24 200 ) 
4 11 14 (1024 24 200 ) (1024 224 200 ) (2048 224 200 ) (2048 24 200 ) 
4 12 69 (1024 0 200 ) (1024 0 216 ) (1024 16 216 ) (1024 16 200 ) 
4 12 30 (1024 0 216 ) (1024 0 200 ) (2048 0 200 ) (2048 0 216 ) 
4 13 70 (1024 248 200 ) (1024 1024 200 ) (1024 1024 80 ) (1024 248 80 ) 
4 13 15 (1024 1024 80 ) (2048 1024 80 ) (2048 248 80 ) (1024 248 80 ) 
6 14 71 (1024 24 200 ) (1024 224 200 ) (1024 232 168 ) (1024 232 80 ) (1024 16 80 ) (1024 16 168 ) 
4 14 16 (2048 232 80 ) (2048 96 80 ) (1024 96 80 ) (1024 232 80 ) 
4 15 72 (1024 248 80 ) (1024 1024 80 ) (1024 1024 64 ) (1024 248 64 ) 
4 15 20 (1024 1024 64 ) (2048 1024 64 ) (2048 248 64 ) (1024 248 64 ) 
4 16 73 (1024 96 80 ) (1024 232 80 ) (1024 232 64 ) (1024 96 64 ) 
4 16 18 (2048 200 64 ) (2048 144 64 ) (1024 144 64 ) (1024 200 64 ) 
4 16 17 (2048 232 64 ) (2048 200 64 ) (1024 200 64 ) (1024 232 64 ) 
4 16 19 (2048 144 64 ) (2048 96 64 ) (1024 96 64 ) (1024 144 64 ) 
4 17 74 (1024 200 64 ) (1024 232 64 ) (1024 224 32 ) (1024 200 32 ) 
4 17 22 (1024 200 32 ) (1024 224 32 ) (2048 224 32 ) (2048 200 32 ) 
4 17 18 (1024 200 32 ) (2048 200 32 ) (2048 200 64 ) (1024 200 64 ) 
4 18 75 (1024 144 64 ) (1024 200 64 ) (1024 200 32 ) (1024 144 32 ) 
4 18 23 (1024 144 32 ) (1024 200 32 ) (2048 200 32 ) (2048 144 32 ) 
4 18 19 (1024 144 32 ) (2048 144 32 ) (2048 144 64 ) (1024 144 64 ) 
4 19 76 (1024 96 64 ) (1024 144 64 ) (1024 144 32 ) (1024 112 32 ) 
4 19 24 (1024 112 32 ) (1024 144 32 ) (2048 144 32 ) (2048 112 32 ) 
4 20 78 (1024 248 64 ) (1024 1024 64 ) (1024 1024 32 ) (1024 248 32 ) 
4 20 27 (1024 248 32 ) (1024 1024 32 ) (2048 1024 32 ) (2048 248 32 ) 
4 21 77 (1024 0 32 ) (1024 0 64 ) (1024 88 64 ) (1024 88 32 ) 
4 21 30 (1024 0 64 ) (1024 0 32 ) (2048 0 32 ) (2048 0 64 ) 
4 21 25 (2048 0 32 ) (1024 0 32 ) (1024 88 32 ) (2048 88 32 ) 
3 22 79 (1024 200 32 ) (1024 224 32 ) (1024 200 24 ) 
4 22 23 (1024 200 24 ) (2048 200 24 ) (2048 200 32 ) (1024 200 32 ) 
4 23 80 (1024 144 32 ) (1024 200 32 ) (1024 200 24 ) (1024 144 24 ) 
4 23 24 (1024 144 24 ) (2048 144 24 ) (2048 144 32 ) (1024 144 32 ) 
3 24 81 (1024 112 32 ) (1024 144 32 ) (1024 144 24 ) 
4 25 82 (1024 0 24 ) (1024 0 32 ) (1024 112 32 ) (1024 112 24 ) 
4 25 30 (1024 0 32 ) (1024 0 24 ) (2048 0 24 ) (2048 0 32 ) 
4 25 26 (2048 112 24 ) (2048 0 24 ) (1024 0 24 ) (1024 112 24 ) 
4 26 83 (1024 0 16 ) (1024 0 24 ) (1024 112 24 ) (1024 112 16 ) 
4 26 30 (1024 0 24 ) (1024 0 16 ) (2048 0 16 ) (2048 0 24 ) 
4 26 28 (2048 112 16 ) (2048 0 16 ) (1024 0 16 ) (1024 112 16 ) 
4 27 84 (1024 224 32 ) (1024 1024 32 ) (1024 1024 16 ) (1024 224 16 ) 
4 27 28 (1024 1024 16 ) (2048 1024 16 ) (2048 224 16 ) (1024 224 16 ) 
4 28 85 (1024 0 -992 ) (1024 0 16 ) (1024 1024 16 ) (1024 1024 -992 ) 
4 28 30 (1024 0 16 ) (1024 0 -992 ) (2048 0 -992 ) (2048 0 16 ) 
4 29 31 (3040 -1024 2016 ) (2048 -1024 2016 ) (2048 -1024 -992 ) (3040 -1024 -992 ) 
4 29 30 (2048 0 2016 ) (2048 0 -992 ) (2048 -1024 -992 ) (2048 -1024 2016 ) 
4 30 184 (1024 -1024 -992 ) (1024 -1024 2016 ) (1024 0 2016 ) (1024 0 -992 ) 
4 30 32 (1024 -1024 2016 ) (1024 -1024 -992 ) (2048 -1024 -992 ) (2048 -1024 2016 ) 
4 31 32 (2048 -1024 2016 ) (2048 -1024 -992 ) (2048 -2016 -992 ) (2048 -2016 2016 ) 
4 32 186 (1024 -2016 2016 ) (1024 -1024 2016 ) (1024 -1024 -992 ) (1024 -2016 -992 ) 
4 33 85 (1024 1024 -992 ) (1024 1024 16 ) (0 1024 16 ) (0 1024 -992 ) 
4 33 84 (1024 1024 16 ) (1024 1024 32 ) (0 1024 32 ) (0 1024 16 ) 
4 33 78 (1024 1024 32 ) (1024 1024 64 ) (0 1024 64 ) (0 1024 32 ) 
4 33 72 (1024 1024 64 ) (1024 1024 80 ) (0 1024 80 ) (0 1024 64 ) 
4 33 70 (1024 1024 80 ) (1024 1024 200 ) (0 1024 200 ) (0 1024 80 ) 
4 33 67 (1024 1024 200 ) (1024 1024 216 ) (0 1024 216 ) (0 1024 200 ) 
4 33 64 (1024 1024 216 ) (1024 1024 232 ) (0 1024 232 ) (0 1024 216 ) 
4 33 63 (1024 1024 232 ) (1024 1024 2016 ) (0 1024 2016 ) (0 1024 232 ) 
4 33 55 (0 1024 -992 ) (0 1024 64 ) (0 1920 64 ) (0 1920 -992 ) 
4 33 51 (0 1920 64 ) (0 2016 64 ) (0 2016 -992 ) (0 1920 -992 ) 
4 33 48 (0 1024 64 ) (0 1024 80 ) (0 1920 80 ) (0 1920 64 ) 
4 33 39 (0 1024 80 ) (0 1024 232 ) (0 1920 232 ) (0 1920 80 ) 
4 33 38 (0 1024 232 ) (0 1024 2016 ) (0 1920 2016 ) (0 1920 232 ) 
4 33 34 (0 1920 2016 ) (0 2016 2016 ) (0 2016 64 ) (0 1920 64 ) 
4 34 51 (-424 2016 64 ) (0 2016 64 ) (0 1920 64 ) (-424 1920 64 ) 
4 34 48 (-424 1920 64 ) (0 1920 64 ) (0 1920 80 ) (-424 1920 80 ) 
4 34 39 (0 1920 80 ) (0 1920 232 ) (-424 1920 232 ) (-424 1920 80 ) 
4 34 38 (0 1920 232 ) (0 1920 2016 ) (-424 1920 2016 ) (-424 1920 232 ) 
4 34 36 (-424 1920 232 ) (-424 1920 2016 ) (-424 1936 2016 ) (-424 1936 232 ) 
4 34 35 (-424 2016 2016 ) (-424 2016 64 ) (-424 1936 64 ) (-424 1936 2016 ) 
4 35 52 (-664 2016 64 ) (-424 2016 64 ) (-424 1936 64 ) (-664 1936 64 ) 
4 35 36 (-664 1936 2016 ) (-664 1936 232 ) (-424 1936 232 ) (-424 1936 2016 ) 
4 35 37 (-664 2016 2016 ) (-664 2016 64 ) (-664 1936 64 ) (-664 1936 2016 ) 
4 36 38 (-424 1920 232 ) (-424 1920 2016 ) (-664 1920 2016 ) (-664 1920 232 ) 
4 36 37 (-664 1920 232 ) (-664 1920 2016 ) (-664 1936 2016 ) (-664 1936 232 ) 
4 37 61 (-1024 2016 64 ) (-1024 1920 64 ) (-1024 1920 2016 ) (-1024 2016 2016 ) 
4 37 54 (-1024 1920 64 ) (-1024 2016 64 ) (-664 2016 64 ) (-664 1920 64 ) 
4 37 50 (-1024 1920 64 ) (-664 1920 64 ) (-664 1920 80 ) (-1024 1920 80 ) 
4 37 47 (-664 1920 80 ) (-664 1920 232 ) (-1024 1920 232 ) (-1024 1920 80 ) 
4 37 38 (-664 1920 232 ) (-664 1920 2016 ) (-1024 1920 2016 ) (-1024 1920 232 ) 
4 38 86 (0 1024 232 ) (0 1024 2016 ) (-1024 1024 2016 ) (-1024 1024 232 ) 
4 38 61 (-1024 1024 232 ) (-1024 1024 2016 ) (-1024 1920 2016 ) (-1024 1920 232 ) 
4 38 46 (-640 1024 232 ) (-664 1024 232 ) (-664 1920 232 ) (-640 1920 232 ) 
4 38 47 (-664 1024 232 ) (-1024 1024 232 ) (-1024 1920 232 ) (-664 1920 232 ) 
4 38 44 (-608 1024 232 ) (-640 1024 232 ) (-640 1920 232 ) (-608 1920 232 ) 
4 38 41 (-448 1024 232 ) (-480 1024 232 ) (-480 1920 232 ) (-448 1920 232 ) 
4 38 40 (-424 1024 232 ) (-448 1024 232 ) (-448 1920 232 ) (-424 1920 232 ) 
4 38 39 (0 1024 232 ) (-424 1024 232 ) (-424 1920 232 ) (0 1920 232 ) 
4 39 94 (-424 1024 184 ) (-424 1024 80 ) (-256 1024 80 ) (-256 1024 184 ) 
4 39 91 (-256 1024 232 ) (-424 1024 232 ) (-424 1024 184 ) (-256 1024 184 ) 
4 39 88 (-248 1024 232 ) (-256 1024 232 ) (-256 1024 80 ) (-248 1024 80 ) 
4 39 87 (0 1024 80 ) (0 1024 232 ) (-248 1024 232 ) (-248 1024 80 ) 
4 39 48 (-424 1920 80 ) (0 1920 80 ) (0 1024 80 ) (-424 1024 80 ) 
4 39 40 (-424 1024 184 ) (-424 1024 232 ) (-424 1920 232 ) (-424 1920 184 ) 
4 40 97 (-424 1024 232 ) (-448 1024 232 ) (-448 1024 184 ) (-424 1024 184 ) 
4 40 41 (-448 1024 216 ) (-448 1024 232 ) (-448 1920 232 ) (-448 1920 216 ) 
4 41 129 (-448 1024 232 ) (-480 1024 232 ) (-480 1024 216 ) (-448 1024 216 ) 
4 42 126 (-480 1024 208 ) (-480 1024 80 ) (-450 1024 80 ) (-450 1024 185.500031 ) 
4 42 114 (-450 1024 80 ) (-448 1024 80 ) (-448 1024 184 ) (-450 1024 185.500031 ) 
4 42 49 (-480 1920 80 ) (-448 1920 80 ) (-448 1024 80 ) (-480 1024 80 ) 
4 42 43 (-480 1920 80 ) (-480 1024 80 ) (-480 1024 208 ) (-480 1920 208 ) 
6 43 126 (-608 1024 208 ) (-608 1024 80 ) (-480 1024 80 ) (-480 1024 208 ) (-512 1024 216 ) (-576 1024 216 ) 
4 43 49 (-608 1920 80 ) (-480 1920 80 ) (-480 1024 80 ) (-608 1024 80 ) 
4 43 45 (-608 1920 80 ) (-608 1024 80 ) (-608 1024 208 ) (-608 1920 208 ) 
4 44 123 (-608 1024 232 ) (-640 1024 232 ) (-640 1024 216 ) (-608 1024 216 ) 
4 44 46 (-640 1024 216 ) (-640 1024 232 ) (-640 1920 232 ) (-640 1920 216 ) 
4 45 127 (-640 1024 184 ) (-640 1024 80 ) (-608 1024 80 ) (-608 1024 208 ) 
4 45 49 (-640 1920 80 ) (-608 1920 80 ) (-608 1024 80 ) (-640 1024 80 ) 
4 46 132 (-640 1024 232 ) (-664 1024 232 ) (-664 1024 184 ) (-640 1024 184 ) 
4 46 47 (-664 1024 184 ) (-664 1024 232 ) (-664 1920 232 ) (-664 1920 184 ) 
4 47 133 (-664 1024 232 ) (-1024 1024 232 ) (-1024 1024 80 ) (-664 1024 80 ) 
4 47 61 (-1024 1024 80 ) (-1024 1024 232 ) (-1024 1920 232 ) (-1024 1920 80 ) 
4 47 50 (-1024 1024 80 ) (-1024 1920 80 ) (-664 1920 80 ) (-664 1024 80 ) 
4 48 147 (-256 1024 80 ) (-424 1024 80 ) (-424 1024 64 ) (-256 1024 64 ) 
4 48 144 (-248 1024 80 ) (-256 1024 80 ) (-256 1024 64 ) (-248 1024 64 ) 
4 48 143 (0 1024 64 ) (0 1024 80 ) (-248 1024 80 ) (-248 1024 64 ) 
4 48 55 (-424 1920 64 ) (0 1920 64 ) (0 1024 64 ) (-424 1024 64 ) 
4 49 150 (-448 1024 80 ) (-640 1024 80 ) (-640 1024 64 ) (-448 1024 64 ) 
4 49 57 (-640 1920 64 ) (-448 1920 64 ) (-448 1024 64 ) (-640 1024 64 ) 
4 50 151 (-664 1024 80 ) (-1024 1024 80 ) (-1024 1024 64 ) (-664 1024 64 ) 
4 50 61 (-1024 1024 64 ) (-1024 1024 80 ) (-1024 1920 80 ) (-1024 1920 64 ) 
4 50 59 (-1024 1024 64 ) (-1024 1920 64 ) (-664 1920 64 ) (-664 1024 64 ) 
4 51 55 (0 1920 -992 ) (0 1920 64 ) (-424 1920 64 ) (-424 1920 -992 ) 
4 51 53 (-424 1936 -992 ) (-424 1920 -992 ) (-424 1920 16 ) (-424 1936 16 ) 
4 51 52 (-424 2016 64 ) (-424 2016 -992 ) (-424 1936 -992 ) (-424 1936 64 ) 
4 52 53 (-664 1936 16 ) (-664 1936 -992 ) (-424 1936 -992 ) (-424 1936 16 ) 
4 52 54 (-664 2016 64 ) (-664 2016 -992 ) (-664 1936 -992 ) (-664 1936 64 ) 
4 53 60 (-664 1920 16 ) (-664 1920 -992 ) (-640 1920 -992 ) (-640 1920 16 ) 
4 53 58 (-640 1920 -992 ) (-448 1920 -992 ) (-448 1920 16 ) (-640 1920 16 ) 
4 53 56 (-448 1920 -992 ) (-424 1920 -992 ) (-424 1920 16 ) (-448 1920 16 ) 
4 53 54 (-664 1936 -992 ) (-664 1920 -992 ) (-664 1920 16 ) (-664 1936 16 ) 
4 54 61 (-1024 1920 -992 ) (-1024 1920 64 ) (-1024 2016 64 ) (-1024 2016 -992 ) 
4 54 60 (-1024 1920 16 ) (-1024 1920 -992 ) (-664 1920 -992 ) (-664 1920 16 ) 
4 54 59 (-664 1920 64 ) (-1024 1920 64 ) (-1024 1920 16 ) (-664 1920 16 ) 
4 55 183 (0 1024 -992 ) (0 1024 16 ) (-424 1024 16 ) (-424 1024 -992 ) 
4 55 156 (0 1024 16 ) (0 1024 32 ) (-424 1024 32 ) (-424 1024 16 ) 
4 55 154 (0 1024 32 ) (0 1024 64 ) (-424 1024 64 ) (-424 1024 32 ) 
4 55 56 (-424 1920 16 ) (-424 1920 -992 ) (-424 1024 -992 ) (-424 1024 16 ) 
4 56 183 (-448 1024 16 ) (-448 1024 -992 ) (-424 1024 -992 ) (-424 1024 16 ) 
4 56 58 (-448 1920 16 ) (-448 1920 -992 ) (-448 1024 -992 ) (-448 1024 16 ) 
4 57 157 (-448 1024 24 ) (-448 1024 64 ) (-640 1024 64 ) (-640 1024 24 ) 
4 58 183 (-448 1024 -992 ) (-448 1024 16 ) (-640 1024 16 ) (-640 1024 -992 ) 
4 58 60 (-640 1920 16 ) (-640 1920 -992 ) (-640 1024 -992 ) (-640 1024 16 ) 
4 59 160 (-1024 1024 32 ) (-1024 1024 16 ) (-664 1024 16 ) (-664 1024 32 ) 
4 59 158 (-664 1024 64 ) (-1024 1024 64 ) (-1024 1024 32 ) (-664 1024 32 ) 
4 59 61 (-1024 1024 16 ) (-1024 1024 64 ) (-1024 1920 64 ) (-1024 1920 16 ) 
4 59 60 (-1024 1024 16 ) (-1024 1920 16 ) (-664 1920 16 ) (-664 1024 16 ) 
4 60 183 (-640 1024 -992 ) (-640 1024 16 ) (-1024 1024 16 ) (-1024 1024 -992 ) 
4 60 61 (-1024 1024 -992 ) (-1024 1024 16 ) (-1024 1920 16 ) (-1024 1920 -992 ) 
4 61 216 (-2048 1024 16 ) (-2048 1024 -992 ) (-2014 1024 -992 ) (-2014 1024 16 ) 
4 61 214 (-2014 1024 64 ) (-2046 1024 64 ) (-2046 1024 16 ) (-2014 1024 16 ) 
4 61 215 (-2046 1024 64 ) (-2048 1024 64 ) (-2048 1024 16 ) (-2046 1024 16 ) 
4 61 213 (-1024 1024 -992 ) (-1024 1024 16 ) (-2014 1024 16 ) (-2014 1024 -992 ) 
4 61 212 (-1024 1024 16 ) (-1024 1024 32 ) (-2014 1024 32 ) (-2014 1024 16 ) 
4 61 205 (-1024 1024 32 ) (-1024 1024 64 ) (-2014 1024 64 ) (-2014 1024 32 ) 
4 61 200 (-2046 1024 64 ) (-2014 1024 64 ) (-2014 1024 232 ) (-2046 1024 232 ) 
4 61 201 (-2048 1024 232 ) (-2048 1024 64 ) (-2046 1024 64 ) (-2046 1024 232 ) 
4 61 199 (-2014 1024 2016 ) (-2048 1024 2016 ) (-2048 1024 232 ) (-2014 1024 232 ) 
4 61 197 (-1024 1024 64 ) (-1024 1024 80 ) (-2014 1024 80 ) (-2014 1024 64 ) 
4 61 195 (-1024 1024 80 ) (-1024 1024 200 ) (-2014 1024 200 ) (-2014 1024 80 ) 
4 61 192 (-1024 1024 200 ) (-1024 1024 216 ) (-2014 1024 216 ) (-2014 1024 200 ) 
4 61 189 (-1024 1024 216 ) (-1024 1024 232 ) (-2014 1024 232 ) (-2014 1024 216 ) 
4 61 188 (-1024 1024 232 ) (-1024 1024 2016 ) (-2014 1024 2016 ) (-2014 1024 232 ) 
4 61 62 (-2048 1024 -992 ) (-2048 1024 2016 ) (-2048 2016 2016 ) (-2048 2016 -992 ) 
4 62 218 (-2048 1024 -992 ) (-2048 1024 2016 ) (-2528 1024 2016 ) (-2528 1024 -992 ) 
4 63 184 (1024 0 232 ) (1024 0 2016 ) (0 0 2016 ) (0 0 232 ) 
4 63 86 (0 0 232 ) (0 0 2016 ) (0 1024 2016 ) (0 1024 232 ) 
4 63 64 (0 208 232 ) (0 1024 232 ) (1024 1024 232 ) (1024 208 232 ) 
4 63 66 (1024 0 232 ) (0 0 232 ) (0 40 232 ) (1024 40 232 ) 
4 64 103 (0 208 232 ) (0 248 232 ) (0 248 216 ) (0 208 216 ) 
4 64 87 (0 248 232 ) (0 1024 232 ) (0 1024 216 ) (0 248 216 ) 
4 64 67 (0 232 216 ) (0 1024 216 ) (1024 1024 216 ) (1024 232 216 ) 
4 65 104 (0 208 216 ) (0 40 216 ) (0 96 224 ) (0 152 224 ) 
4 65 68 (0 40 216 ) (0 208 216 ) (1024 208 216 ) (1024 40 216 ) 
4 66 184 (1024 0 216 ) (1024 0 232 ) (0 0 232 ) (0 0 216 ) 
4 66 105 (0 0 216 ) (0 0 232 ) (0 40 232 ) (0 40 216 ) 
4 66 69 (0 0 216 ) (0 16 216 ) (1024 16 216 ) (1024 0 216 ) 
4 67 106 (0 232 216 ) (0 248 216 ) (0 248 200 ) (0 232 200 ) 
4 67 87 (0 248 216 ) (0 1024 216 ) (0 1024 200 ) (0 248 200 ) 
4 67 70 (0 248 200 ) (0 1024 200 ) (1024 1024 200 ) (1024 248 200 ) 
4 68 107 (0 40 216 ) (0 208 216 ) (0 224 200 ) (0 24 200 ) 
4 68 71 (0 24 200 ) (0 224 200 ) (1024 224 200 ) (1024 24 200 ) 
4 69 184 (1024 0 200 ) (1024 0 216 ) (0 0 216 ) (0 0 200 ) 
4 69 108 (0 0 200 ) (0 0 216 ) (0 16 216 ) (0 16 200 ) 
4 70 87 (0 248 200 ) (0 1024 200 ) (0 1024 80 ) (0 248 80 ) 
4 70 72 (0 248 80 ) (0 1024 80 ) (1024 1024 80 ) (1024 248 80 ) 
6 71 109 (0 24 200 ) (0 224 200 ) (0 232 168 ) (0 232 80 ) (0 16 80 ) (0 16 168 ) 
4 71 73 (0 96 80 ) (0 232 80 ) (1024 232 80 ) (1024 96 80 ) 
4 72 143 (0 248 80 ) (0 1024 80 ) (0 1024 64 ) (0 248 64 ) 
4 72 78 (0 248 64 ) (0 1024 64 ) (1024 1024 64 ) (1024 248 64 ) 
4 73 153 (0 96 80 ) (0 232 80 ) (0 232 64 ) (0 96 64 ) 
4 73 76 (0 96 64 ) (0 144 64 ) (1024 144 64 ) (1024 96 64 ) 
4 73 75 (0 144 64 ) (0 200 64 ) (1024 200 64 ) (1024 144 64 ) 
4 73 74 (0 200 64 ) (0 232 64 ) (1024 232 64 ) (1024 200 64 ) 
4 74 161 (0 200 64 ) (0 224 64 ) (0 224 32 ) (0 200 32 ) 
3 74 155 (0 224 64 ) (0 232 64 ) (0 224 32 ) 
4 74 79 (0 200 32 ) (0 224 32 ) (1024 224 32 ) (1024 200 32 ) 
4 74 75 (0 200 32 ) (1024 200 32 ) (1024 200 64 ) (0 200 64 ) 
4 75 162 (0 144 64 ) (0 200 64 ) (0 200 32 ) (0 144 32 ) 
4 75 80 (0 144 32 ) (0 200 32 ) (1024 200 32 ) (1024 144 32 ) 
4 75 76 (0 144 32 ) (1024 144 32 ) (1024 144 64 ) (0 144 64 ) 
4 76 163 (0 96 64 ) (0 144 64 ) (0 144 32 ) (0 112 32 ) 
4 76 81 (0 112 32 ) (0 144 32 ) (1024 144 32 ) (1024 112 32 ) 
4 77 184 (1024 0 32 ) (1024 0 64 ) (0 0 64 ) (0 0 32 ) 
4 77 170 (0 0 32 ) (0 0 64 ) (0 88 64 ) (0 88 32 ) 
4 77 82 (1024 0 32 ) (0 0 32 ) (0 88 32 ) (1024 88 32 ) 
4 78 154 (0 248 64 ) (0 1024 64 ) (0 1024 32 ) (0 248 32 ) 
4 78 84 (0 248 32 ) (0 1024 32 ) (1024 1024 32 ) (1024 248 32 ) 
3 79 171 (0 200 32 ) (0 224 32 ) (0 200 24 ) 
4 79 80 (0 200 24 ) (1024 200 24 ) (1024 200 32 ) (0 200 32 ) 
4 80 172 (0 144 32 ) (0 200 32 ) (0 200 24 ) (0 144 24 ) 
4 80 81 (0 144 24 ) (1024 144 24 ) (1024 144 32 ) (0 144 32 ) 
3 81 173 (0 112 32 ) (0 144 32 ) (0 144 24 ) 
4 82 184 (1024 0 24 ) (1024 0 32 ) (0 0 32 ) (0 0 24 ) 
4 82 180 (0 0 24 ) (0 0 32 ) (0 112 32 ) (0 112 24 ) 
4 82 83 (1024 0 24 ) (0 0 24 ) (0 112 24 ) (1024 112 24 ) 
4 83 184 (1024 0 16 ) (1024 0 24 ) (0 0 24 ) (0 0 16 ) 
4 83 181 (0 0 16 ) (0 0 24 ) (0 112 24 ) (0 112 16 ) 
4 83 85 (0 0 16 ) (0 112 16 ) (1024 112 16 ) (1024 0 16 ) 
4 84 156 (0 224 32 ) (0 1024 32 ) (0 1024 16 ) (0 224 16 ) 
4 84 85 (0 224 16 ) (0 1024 16 ) (1024 1024 16 ) (1024 224 16 ) 
4 85 184 (1024 0 -992 ) (1024 0 16 ) (0 0 16 ) (0 0 -992 ) 
4 85 183 (0 0 -992 ) (0 0 16 ) (0 1024 16 ) (0 1024 -992 ) 
4 86 188 (-1024 1024 2016 ) (-1024 1024 232 ) (-1024 0 232 ) (-1024 0 2016 ) 
4 86 185 (-1024 0 2016 ) (-1024 0 232 ) (0 0 232 ) (0 0 2016 ) 
4 86 139 (-448 0 232 ) (-1024 0 232 ) (-1024 40 232 ) (-448 40 232 ) 
4 86 135 (-1024 208 232 ) (-1024 232 232 ) (-640 232 232 ) (-640 208 232 ) 
4 86 134 (-1024 232 232 ) (-1024 248 232 ) (-640 248 232 ) (-640 232 232 ) 
4 86 132 (-664 1024 232 ) (-640 1024 232 ) (-640 248 232 ) (-664 248 232 ) 
4 86 133 (-1024 248 232 ) (-1024 1024 232 ) (-664 1024 232 ) (-664 248 232 ) 
4 86 129 (-480 1024 232 ) (-448 1024 232 ) (-448 232 232 ) (-480 248 232 ) 
4 86 123 (-640 1024 232 ) (-608 1024 232 ) (-608 248 232 ) (-640 232 232 ) 
4 86 103 (-448 208 232 ) (-448 248 232 ) (0 248 232 ) (0 208 232 ) 
4 86 105 (0 0 232 ) (-448 0 232 ) (-448 40 232 ) (0 40 232 ) 
4 86 98 (-448 352 232 ) (-448 496 232 ) (-424 496 232 ) (-424 352 232 ) 
4 86 97 (-448 496 232 ) (-448 1024 232 ) (-424 1024 232 ) (-424 496 232 ) 
4 86 99 (-448 248 232 ) (-448 352 232 ) (-424 352 232 ) (-424 248 232 ) 
4 86 92 (-256 512 232 ) (-256 352 232 ) (-424 352 232 ) (-424 512 232 ) 
4 86 91 (-424 1024 232 ) (-256 1024 232 ) (-256 512 232 ) (-424 512 232 ) 
4 86 93 (-256 352 232 ) (-256 248 232 ) (-424 248 232 ) (-424 352 232 ) 
4 86 89 (-248 520 232 ) (-248 344 232 ) (-256 344 232 ) (-256 520 232 ) 
4 86 88 (-256 1024 232 ) (-248 1024 232 ) (-248 520 232 ) (-256 520 232 ) 
4 86 90 (-248 344 232 ) (-248 248 232 ) (-256 248 232 ) (-256 344 232 ) 
4 86 87 (-248 1024 232 ) (0 1024 232 ) (0 248 232 ) (-248 248 232 ) 
4 87 143 (0 1024 80 ) (0 248 80 ) (-248 248 80 ) (-248 1024 80 ) 
4 87 106 (0 248 200 ) (0 248 216 ) (-248 248 216 ) (-248 248 200 ) 
4 87 103 (0 248 216 ) (0 248 232 ) (-248 248 232 ) (-248 248 216 ) 
4 87 89 (-248 344 192 ) (-248 344 232 ) (-248 520 232 ) (-248 520 192 ) 
4 87 88 (-248 1024 80 ) (-248 520 80 ) (-248 520 232 ) (-248 1024 232 ) 
4 87 90 (-248 344 80 ) (-248 248 80 ) (-248 248 232 ) (-248 344 232 ) 
4 88 144 (-256 520 80 ) (-256 1024 80 ) (-248 1024 80 ) (-248 520 80 ) 
4 88 94 (-256 1024 80 ) (-256 520 80 ) (-256 520 184 ) (-256 1024 184 ) 
4 88 91 (-256 520 184 ) (-256 520 232 ) (-256 1024 232 ) (-256 1024 184 ) 
4 88 89 (-256 520 232 ) (-256 520 192 ) (-248 520 192 ) (-248 520 232 ) 
4 89 92 (-256 352 232 ) (-256 512 232 ) (-256 512 192 ) (-256 352 192 ) 
4 89 91 (-256 512 232 ) (-256 520 232 ) (-256 520 192 ) (-256 512 192 ) 
4 89 93 (-256 344 192 ) (-256 344 232 ) (-256 352 232 ) (-256 352 192 ) 
4 89 90 (-256 344 232 ) (-256 344 192 ) (-248 344 192 ) (-248 344 232 ) 
4 90 146 (-248 248 80 ) (-256 248 80 ) (-256 344 80 ) (-248 344 80 ) 
4 90 106 (-248 248 200 ) (-248 248 216 ) (-256 248 216 ) (-256 248 200 ) 
4 90 103 (-248 248 216 ) (-248 248 232 ) (-256 248 232 ) (-256 248 216 ) 
4 90 96 (-256 344 80 ) (-256 248 80 ) (-256 248 184 ) (-256 344 184 ) 
4 90 93 (-256 248 184 ) (-256 248 232 ) (-256 344 232 ) (-256 344 184 ) 
4 91 97 (-424 512 232 ) (-424 1024 232 ) (-424 1024 184 ) (-424 512 184 ) 
4 91 94 (-424 520 184 ) (-424 1024 184 ) (-256 1024 184 ) (-256 520 184 ) 
4 91 92 (-424 512 232 ) (-424 512 192 ) (-256 512 192 ) (-256 512 232 ) 
4 92 98 (-424 352 232 ) (-424 496 232 ) (-424 496 192 ) (-424 352 192 ) 
4 92 97 (-424 496 232 ) (-424 512 232 ) (-424 512 192 ) (-424 496 192 ) 
4 92 93 (-424 352 232 ) (-424 352 192 ) (-256 352 192 ) (-256 352 232 ) 
4 93 106 (-256 248 200 ) (-256 248 216 ) (-424 248 216 ) (-424 248 200 ) 
4 93 103 (-256 248 216 ) (-256 248 232 ) (-424 248 232 ) (-424 248 216 ) 
4 93 99 (-424 248 184 ) (-424 248 232 ) (-424 352 232 ) (-424 352 184 ) 
4 93 96 (-424 248 184 ) (-424 344 184 ) (-256 344 184 ) (-256 248 184 ) 
4 94 147 (-424 520 80 ) (-424 1024 80 ) (-256 1024 80 ) (-256 520 80 ) 
4 95 102 (-424 512 80 ) (-424 384.420990 80 ) (-424 380.066986 100.680992 ) (-424 512 149.465744 ) 
4 95 100 (-424 352 90.302689 ) (-424 352 184 ) (-424 512 184 ) (-424 512 149.465744 ) 
4 96 149 (-256 248 80 ) (-424 248 80 ) (-424 344 80 ) (-256 344 80 ) 
4 97 129 (-448 496 232 ) (-448 1024 232 ) (-448 1024 216 ) (-448 496 216 ) 
4 97 100 (-424 512 184 ) (-424 496 184 ) (-448 496 184 ) (-448 512 184 ) 
4 97 98 (-448 496 232 ) (-448 496 192 ) (-424 496 192 ) (-424 496 232 ) 
4 98 129 (-448 352 232 ) (-448 496 232 ) (-448 496 216 ) (-448 352 216 ) 
4 98 99 (-448 352 232 ) (-448 352 192 ) (-424 352 192 ) (-424 352 232 ) 
4 99 129 (-448 248 216 ) (-448 248 232 ) (-448 352 232 ) (-448 352 216 ) 
4 99 106 (-448 248 216 ) (-448 248 200 ) (-424 248 200 ) (-424 248 216 ) 
4 99 103 (-448 248 232 ) (-448 248 216 ) (-424 248 216 ) (-424 248 232 ) 
4 100 121 (-448 360.719055 117.059555 ) (-448 431.998596 136.160339 ) (-448 449.383545 131.501587 ) (-448 370.203339 110.283897 ) 
4 100 119 (-448 431.992645 126.841400 ) (-448 449.383545 131.501587 ) (-448 457.520752 129.320999 ) (-448 442.906647 123.917160 ) 
4 100 117 (-448 352 90.302689 ) (-448 352 105.405998 ) (-448 431.992645 126.841400 ) (-448 442.906647 123.917160 ) 
3 100 114 (-448 500.347748 145.157089 ) (-448 498 144.288971 ) (-448 498 144.528015 ) 
4 100 116 (-448 431.998596 136.160339 ) (-448 498 153.846725 ) (-448 498 144.288971 ) (-448 457.520752 129.320999 ) 
4 100 113 (-448 376.905487 150.919662 ) (-448 431.994690 136.159286 ) (-448 414.607330 131.500000 ) (-448 368.753845 143.787598 ) 
3 100 111 (-448 352 114.723114 ) (-448 352 148.277222 ) (-448 414.607330 131.500000 ) 
5 100 110 (-448 352 157.592728 ) (-448 352 184 ) (-448 512 184 ) (-448 512 157.598297 ) (-448 431.994690 136.159286 ) 
4 100 102 (-436.211700 380.067047 100.680687 ) (-437.281921 512 149.465820 ) (-424 512 149.465820 ) (-424 380.067047 100.680687 ) 
4 100 101 (-435.984009 352 90.302269 ) (-448 352 90.302269 ) (-448 512 149.465820 ) (-437.281921 512 149.465820 ) 
4 101 119 (-448 442.906677 123.917160 ) (-448 457.520752 129.320999 ) (-448 503.199432 117.080170 ) (-448 489.250977 111.499992 ) 
5 101 117 (-448 512 80 ) (-448 352 80 ) (-448 352 90.302689 ) (-448 442.906677 123.917160 ) (-448 512 105.404778 ) 
5 101 114 (-448 498 144.288971 ) (-448 500.347748 145.157089 ) (-448 512 148.279343 ) (-448 512 114.721817 ) (-448 498 118.473495 ) 
3 101 116 (-448 457.520752 129.320999 ) (-448 498 144.288971 ) (-448 498 118.473495 ) 
4 101 102 (-437.281921 512 80 ) (-437.281921 512 149.462891 ) (-436.211700 380.067566 100.678360 ) (-436.247009 384.420990 80 ) 
4 103 129 (-448 232 232 ) (-448 248 232 ) (-448 248 216 ) (-448 232 216 ) 
4 103 106 (-448 232 216 ) (-448 248 216 ) (0 248 216 ) (0 232 216 ) 
4 104 138 (-448 208 216 ) (-448 40 216 ) (-448 96 224 ) (-448 152 224 ) 
4 104 107 (-448 40 216 ) (-448 208 216 ) (0 208 216 ) (0 40 216 ) 
4 105 185 (0 0 216 ) (0 0 232 ) (-448 0 232 ) (-448 0 216 ) 
4 105 139 (-448 0 216 ) (-448 0 232 ) (-448 40 232 ) (-448 40 216 ) 
4 105 108 (0 0 216 ) (-448 0 216 ) (-448 16 216 ) (0 16 216 ) 
4 107 140 (-448 40 216 ) (-448 208 216 ) (-448 208 200 ) (-448 24 200 ) 
3 107 131 (-448 208 216 ) (-448 224 200 ) (-448 208 200 ) 
4 107 109 (-448 24 200 ) (-448 224 200 ) (0 224 200 ) (0 24 200 ) 
4 108 185 (0 0 200 ) (0 0 216 ) (-448 0 216 ) (-448 0 200 ) 
4 108 141 (-448 0 200 ) (-448 0 216 ) (-448 16 216 ) (-448 16 200 ) 
4 109 153 (0 232 80 ) (0 96 80 ) (-448 96 80 ) (-448 232 80 ) 
5 109 142 (-448 208 80 ) (-448 16 80 ) (-448 16 168 ) (-448 24 200 ) (-448 208 200 ) 
4 109 122 (-448 208 184 ) (-448 208 200 ) (-448 224 200 ) (-448 228 184 ) 
3 109 120 (-448 232 80 ) (-448 222.421707 80 ) (-448 232 82.566696 ) 
3 109 112 (-448 218.693634 184 ) (-448 228 184 ) (-448 228.668213 181.327087 ) 
7 109 111 (-448 222.421707 80 ) (-448 208 80 ) (-448 208 184 ) (-448 218.693634 184 ) (-448 228.668213 181.327087 ) (-448 232 168 ) (-448 232 82.566696 ) 
4 110 126 (-450 327 185.500000 ) (-450 616.123535 185.500000 ) (-450 432.001831 136.160919 ) (-450 327 164.294632 ) 
4 110 125 (-450 319 185.500000 ) (-450 327 185.500000 ) (-450 327 164.294632 ) (-450 319 166.438126 ) 
3 110 124 (-450 247.856537 185.500000 ) (-450 319 185.500000 ) (-450 319 166.438126 ) 
4 110 115 (-450 515.835938 158.623688 ) (-450 616.117188 185.496094 ) (-448 610.518555 183.996094 ) (-448 515.835876 158.623932 ) 
4 110 116 (-450 432.006042 136.159775 ) (-450 498 153.844193 ) (-448 498 153.844452 ) (-448 432 136.158157 ) 
4 110 113 (-450 432.005676 136.160080 ) (-448 431.998596 136.158447 ) (-448 376.905640 150.919815 ) (-450 376.908508 150.922562 ) 
4 110 112 (-448 348.162720 158.621063 ) (-448 253.461273 183.994949 ) (-450 247.876099 185.494949 ) (-450 348.162842 158.624557 ) 
4 111 153 (-448 222.421692 80 ) (-448 208 80 ) (-450 208 80 ) (-450 222.422684 80 ) 
4 111 142 (-450 208 80 ) (-448 208 80 ) (-448 208 184 ) (-450 208 185.500000 ) 
3 111 126 (-450 327 154.975571 ) (-450 414.605927 131.499344 ) (-450 327 108.023590 ) 
4 111 125 (-450 319 157.119370 ) (-450 327 154.975571 ) (-450 327 108.023590 ) (-450 319 105.879829 ) 
6 111 124 (-450 222.422668 80 ) (-450 208 80 ) (-450 208 185.500000 ) (-450 213.092453 185.500000 ) (-450 319 157.119370 ) (-450 319 105.879829 ) 
4 111 122 (-450 213.107025 185.496094 ) (-450 208 185.496094 ) (-448 208 183.996094 ) (-448 218.708344 183.996094 ) 
4 111 121 (-450 360.721649 117.057663 ) (-450 414.610229 131.498199 ) (-448 414.611603 131.498840 ) (-448 360.721375 117.057861 ) 
4 111 120 (-450 222.431396 80 ) (-450 345.834015 113.068222 ) (-448 345.833923 113.068474 ) (-448 222.430420 80 ) 
4 111 113 (-448 368.754639 143.788269 ) (-448 414.604950 131.501678 ) (-450 414.603546 131.501038 ) (-450 368.753510 143.787552 ) 
4 111 112 (-450 213.093750 185.500000 ) (-448 218.695129 184 ) (-448 345.834076 149.930328 ) (-450 345.833099 149.929581 ) 
4 112 126 (-450 327 164.294647 ) (-450 348.162811 158.624374 ) (-450 345.832886 149.928833 ) (-450 327 154.975571 ) 
4 112 125 (-450 319 166.438141 ) (-450 327 164.294647 ) (-450 327 154.975571 ) (-450 319 157.119370 ) 
4 112 124 (-450 213.092453 185.500000 ) (-450 247.856537 185.500000 ) (-450 319 166.438141 ) (-450 319 157.119370 ) 
4 112 122 (-450 233 185.496094 ) (-450 213.107025 185.496094 ) (-448 218.708344 183.996094 ) (-448 232 183.996094 ) 
4 113 126 (-450 376.908356 150.922424 ) (-450 432.001831 136.160919 ) (-450 414.605927 131.499344 ) (-450 368.752747 143.786880 ) 
4 113 121 (-450 414.610229 131.498199 ) (-450 432.006042 136.159775 ) (-448 432 136.158157 ) (-448 414.611603 131.498840 ) 
4 114 150 (-450 1024 80 ) (-448 1024 80 ) (-448 641.570190 80 ) (-450 641.570251 80 ) 
6 114 126 (-450 1024 80 ) (-450 641.570251 80 ) (-450 498 118.473495 ) (-450 498 144.528015 ) (-450 650.907532 185.500000 ) (-450 1024 185.500000 ) 
4 114 119 (-450 498 118.473679 ) (-450 503.199707 117.080276 ) (-448 503.199646 117.080246 ) (-448 498 118.473633 ) 
4 114 118 (-450 518.165466 113.069801 ) (-450 641.570923 80 ) (-448 641.570313 80 ) (-448 518.165466 113.069748 ) 
4 114 115 (-448 518.165344 149.932648 ) (-448 645.286499 183.995132 ) (-450 650.884521 185.495132 ) (-450 518.165344 149.932648 ) 
4 114 116 (-450 498 118.474617 ) (-448 498 118.474617 ) (-448 498 144.528000 ) (-450 498 144.528015 ) 
4 115 126 (-450 515.835327 158.625778 ) (-450 616.123535 185.500000 ) (-450 650.907532 185.500000 ) (-450 518.165649 149.931458 ) 
3 116 126 (-450 498 118.473495 ) (-450 432 136.160187 ) (-450 498 153.846436 ) 
4 116 121 (-448 432 136.160156 ) (-450 432 136.160019 ) (-450 449.383514 131.501770 ) (-448 449.383850 131.501678 ) 
4 116 119 (-450 449.383514 131.501770 ) (-450 498 118.473679 ) (-448 498 118.473633 ) (-448 449.383850 131.501678 ) 
4 117 150 (-448 606.817566 80 ) (-448 257.189880 80 ) (-450 257.189117 80 ) (-450 606.817505 80 ) 
4 117 126 (-450 606.817505 80 ) (-450 327 80 ) (-450 327 98.707024 ) (-450 431.992249 126.841492 ) 
4 117 125 (-450 327 80 ) (-450 319 80 ) (-450 319 96.563286 ) (-450 327 98.707024 ) 
3 117 124 (-450 319 80 ) (-450 257.189148 80 ) (-450 319 96.563286 ) 
4 117 121 (-450 431.995148 126.840721 ) (-450 370.204712 110.282913 ) (-448 370.204865 110.282784 ) (-448 431.995483 126.840630 ) 
4 117 120 (-450 348.162872 104.376434 ) (-450 257.194855 80 ) (-448 257.195557 80 ) (-448 348.162933 104.376266 ) 
4 117 119 (-450 489.250702 111.499870 ) (-450 431.994965 126.840637 ) (-448 431.995331 126.840538 ) (-448 489.250763 111.499908 ) 
4 117 118 (-450 606.816406 80 ) (-450 515.835693 104.376846 ) (-448 515.835693 104.376923 ) (-448 606.817078 80 ) 
4 118 150 (-448 641.570190 80 ) (-448 606.817566 80 ) (-450 606.817505 80 ) (-450 641.570251 80 ) 
4 118 126 (-450 641.570251 80 ) (-450 606.817505 80 ) (-450 515.835754 104.377037 ) (-450 518.165405 113.069626 ) 
4 119 126 (-450 489.250946 111.499985 ) (-450 431.992249 126.841492 ) (-450 449.383148 131.501678 ) (-450 503.199432 117.080162 ) 
4 119 121 (-448 449.385956 131.500702 ) (-450 449.385590 131.500793 ) (-450 431.995148 126.840721 ) (-448 431.995483 126.840630 ) 
4 120 153 (-448 232 80 ) (-448 222.421692 80 ) (-450 222.422684 80 ) (-450 232 80 ) 
4 120 152 (-448 248 80 ) (-448 232 80 ) (-450 232 80 ) (-450 248 80 ) 
4 120 150 (-448 257.189880 80 ) (-448 248 80 ) (-450 248 80 ) (-450 257.189117 80 ) 
4 120 126 (-450 327 108.023590 ) (-450 345.833435 113.070374 ) (-450 348.162476 104.377869 ) (-450 327 98.707024 ) 
4 120 125 (-450 319 105.879829 ) (-450 327 108.023590 ) (-450 327 98.707024 ) (-450 319 96.563286 ) 
4 120 124 (-450 257.189148 80 ) (-450 222.422668 80 ) (-450 319 105.879829 ) (-450 319 96.563286 ) 
4 121 126 (-450 360.719330 117.059341 ) (-450 432 136.160187 ) (-450 449.383148 131.501678 ) (-450 370.203125 110.284035 ) 
4 122 142 (-448 208 184 ) (-448 208 200 ) (-450 208 200 ) (-450 208 185.500000 ) 
3 122 140 (-448 208 200 ) (-450 208 200.500000 ) (-450 208 200 ) 
4 122 131 (-450 208 200.499527 ) (-448 208 200 ) (-448 224 200 ) (-450 225 200.499527 ) 
4 122 130 (-448 224 200 ) (-448 232 200 ) (-450 233 200.499527 ) (-450 225 200.499527 ) 
4 122 128 (-450 208 185.500000 ) (-450 208 200.498047 ) (-450 233 200.498047 ) (-450 233 185.500000 ) 
4 123 134 (-640 232 232 ) (-640 248 232 ) (-640 248 216 ) (-640 232 216 ) 
4 123 132 (-640 248 232 ) (-640 1024 232 ) (-640 1024 216 ) (-640 248 216 ) 
5 124 153 (-450 232 80 ) (-450 208 80 ) (-640 208 80 ) (-640 224 80 ) (-624 232 80 ) 
4 124 152 (-450 248 80 ) (-450 232 80 ) (-624 232 80 ) (-592 248 80 ) 
3 124 150 (-450 319 80 ) (-450 248 80 ) (-592 248 80 ) 
5 124 142 (-640 208 80 ) (-450 208 80 ) (-450 208 185.500000 ) (-469.333344 208 200 ) (-640 208 200 ) 
5 124 140 (-469.333344 208 200 ) (-480 208 208 ) (-512 208 216 ) (-640 208 216 ) (-640 208 200 ) 
4 124 137 (-640 224 80 ) (-640 208 80 ) (-640 208 200 ) (-640 224 200 ) 
3 124 136 (-640 208 200 ) (-640 208 216 ) (-640 224 200 ) 
4 124 131 (-512.001892 208 216 ) (-480 208 208 ) (-480 240 208 ) (-512.001892 256 216 ) 
4 124 130 (-480 240 208 ) (-480 248 208 ) (-512.001892 264 216 ) (-512.001892 256 216 ) 
4 124 128 (-480.009766 248.004883 208.002930 ) (-480.009766 208 208.002930 ) (-450 208 185.496094 ) (-450 233 185.496094 ) 
7 124 125 (-640 224 80 ) (-640 224 208 ) (-576 256 216 ) (-512 288 216 ) (-480.013672 303.993164 208.003418 ) (-450 319 185.493164 ) (-450 319 80 ) 
3 125 153 (-624 232 80 ) (-640 224 80 ) (-640 232 80 ) 
4 125 152 (-592 248 80 ) (-624 232 80 ) (-640 232 80 ) (-608 248 80 ) 
4 125 150 (-450 327 80 ) (-450 319 80 ) (-592 248 80 ) (-608 248 80 ) 
4 125 137 (-640 232 80 ) (-640 224 80 ) (-640 224 200 ) (-640 232 168 ) 
4 125 127 (-640 232 80 ) (-640 232 184 ) (-608 248 208 ) (-608 248 80 ) 
7 125 126 (-576 264 216 ) (-512 296 216 ) (-480.001953 312 208 ) (-450 327 185.499023 ) (-450 327 80 ) (-608 248 80 ) (-608 248 208 ) 
4 126 150 (-608 1024 80 ) (-450 1024 80 ) (-450 327 80 ) (-608 248 80 ) 
4 126 127 (-608 1024 80 ) (-608 247.998047 80 ) (-608 247.998047 208 ) (-608 1024 208 ) 
3 127 152 (-608 248 80 ) (-640 232 80 ) (-640 248 80 ) 
4 127 150 (-640 1024 80 ) (-608 1024 80 ) (-608 248 80 ) (-640 248 80 ) 
3 128 142 (-450 208 185.500000 ) (-450 208 200 ) (-469.333344 208 200 ) 
4 128 140 (-450 208 200 ) (-450 208 200.500000 ) (-480 208 208 ) (-469.333344 208 200 ) 
4 128 131 (-480 208 208 ) (-450 208 200.499527 ) (-450 225 200.499527 ) (-480 240 208 ) 
4 128 130 (-450 225 200.499527 ) (-450 233 200.499527 ) (-480 248 208 ) (-480 240 208 ) 
3 130 131 (-512 256 216 ) (-448 224 200 ) (-448 224 208 ) 
3 131 140 (-448 208 200 ) (-448 208 216 ) (-512 208 216 ) 
4 132 134 (-640 248 200 ) (-640 248 232 ) (-664 248 232 ) (-664 248 200 ) 
4 132 133 (-664 248 184 ) (-664 248 232 ) (-664 1024 232 ) (-664 1024 184 ) 
4 133 195 (-1024 1024 200 ) (-1024 1024 80 ) (-1024 248 80 ) (-1024 248 200 ) 
4 133 192 (-1024 1024 216 ) (-1024 1024 200 ) (-1024 248 200 ) (-1024 248 216 ) 
4 133 189 (-1024 1024 232 ) (-1024 1024 216 ) (-1024 248 216 ) (-1024 248 232 ) 
4 133 151 (-1024 248 80 ) (-1024 1024 80 ) (-664 1024 80 ) (-664 248 80 ) 
4 133 134 (-664 248 200 ) (-664 248 232 ) (-1024 248 232 ) (-1024 248 200 ) 
4 134 192 (-1024 248 216 ) (-1024 248 200 ) (-1024 232 200 ) (-1024 232 216 ) 
4 134 189 (-1024 232 232 ) (-1024 248 232 ) (-1024 248 216 ) (-1024 232 216 ) 
4 134 135 (-640 232 216 ) (-640 232 232 ) (-1024 232 232 ) (-1024 232 216 ) 
4 135 189 (-1024 208 216 ) (-1024 208 232 ) (-1024 232 232 ) (-1024 232 216 ) 
3 136 193 (-1024 208 200 ) (-1024 208 216 ) (-1024 224 200 ) 
4 136 140 (-640 208 200 ) (-640 208 216 ) (-1024 208 216 ) (-1024 208 200 ) 
4 136 137 (-640 224 200 ) (-640 208 200 ) (-1024 208 200 ) (-1024 224 200 ) 
5 137 196 (-1024 232 80 ) (-1024 208 80 ) (-1024 208 200 ) (-1024 224 200 ) (-1024 232 168 ) 
4 137 153 (-1024 208 80 ) (-1024 232 80 ) (-640 232 80 ) (-640 208 80 ) 
4 137 142 (-1024 208 80 ) (-640 208 80 ) (-640 208 200 ) (-1024 208 200 ) 
4 138 190 (-1024 152 224 ) (-1024 208 216 ) (-1024 40 216 ) (-1024 96 224 ) 
4 138 140 (-1024 208 216 ) (-448 208 216 ) (-448 40 216 ) (-1024 40 216 ) 
4 139 191 (-1024 0 216 ) (-1024 0 232 ) (-1024 40 232 ) (-1024 40 216 ) 
4 139 185 (-1024 0 232 ) (-1024 0 216 ) (-448 0 216 ) (-448 0 232 ) 
4 139 141 (-448 16 216 ) (-448 0 216 ) (-1024 0 216 ) (-1024 16 216 ) 
4 140 193 (-1024 40 216 ) (-1024 208 216 ) (-1024 208 200 ) (-1024 24 200 ) 
4 140 142 (-1024 24 200 ) (-1024 208 200 ) (-448 208 200 ) (-448 24 200 ) 
4 141 194 (-1024 0 200 ) (-1024 0 216 ) (-1024 16 216 ) (-1024 16 200 ) 
4 141 185 (-1024 0 216 ) (-1024 0 200 ) (-448 0 200 ) (-448 0 216 ) 
5 142 196 (-1024 208 80 ) (-1024 16 80 ) (-1024 16 168 ) (-1024 24 200 ) (-1024 208 200 ) 
4 142 153 (-1024 96 80 ) (-1024 208 80 ) (-448 208 80 ) (-448 96 80 ) 
4 143 154 (-248 1024 64 ) (0 1024 64 ) (0 248 64 ) (-248 248 64 ) 
4 143 145 (-248 520 64 ) (-248 344 64 ) (-248 344 72 ) (-248 520 72 ) 
4 143 144 (-248 1024 64 ) (-248 520 64 ) (-248 520 80 ) (-248 1024 80 ) 
4 143 146 (-248 344 64 ) (-248 248 64 ) (-248 248 80 ) (-248 344 80 ) 
4 144 154 (-256 1024 64 ) (-248 1024 64 ) (-248 520 64 ) (-256 520 64 ) 
4 144 147 (-256 1024 64 ) (-256 520 64 ) (-256 520 80 ) (-256 1024 80 ) 
4 144 145 (-256 520 72 ) (-256 520 64 ) (-248 520 64 ) (-248 520 72 ) 
4 145 154 (-248 520 64 ) (-248 344 64 ) (-256 344 64 ) (-256 520 64 ) 
4 145 148 (-256 512 64 ) (-256 352 64 ) (-256 352 72 ) (-256 512 72 ) 
4 145 147 (-256 520 64 ) (-256 512 64 ) (-256 512 72 ) (-256 520 72 ) 
4 145 149 (-256 352 64 ) (-256 344 64 ) (-256 344 72 ) (-256 352 72 ) 
4 145 146 (-256 344 72 ) (-256 344 64 ) (-248 344 64 ) (-248 344 72 ) 
4 146 154 (-248 344 64 ) (-248 248 64 ) (-256 248 64 ) (-256 344 64 ) 
4 146 149 (-256 344 64 ) (-256 248 64 ) (-256 248 80 ) (-256 344 80 ) 
4 147 154 (-424 1024 64 ) (-256 1024 64 ) (-256 512 64 ) (-424 512 64 ) 
4 147 148 (-424 512 72 ) (-424 512 64 ) (-256 512 64 ) (-256 512 72 ) 
4 148 154 (-256 512 64 ) (-256 352 64 ) (-424 352 64 ) (-424 512 64 ) 
4 148 149 (-424 352 72 ) (-424 352 64 ) (-256 352 64 ) (-256 352 72 ) 
4 149 154 (-256 352 64 ) (-256 248 64 ) (-424 248 64 ) (-424 352 64 ) 
4 150 157 (-640 1024 64 ) (-448 1024 64 ) (-448 248 64 ) (-640 248 64 ) 
4 150 152 (-640 248 64 ) (-448 248 64 ) (-448 248 80 ) (-640 248 80 ) 
4 151 197 (-1024 1024 80 ) (-1024 1024 64 ) (-1024 248 64 ) (-1024 248 80 ) 
4 151 158 (-1024 248 64 ) (-1024 1024 64 ) (-664 1024 64 ) (-664 248 64 ) 
4 152 157 (-640 248 64 ) (-448 248 64 ) (-448 232 64 ) (-640 232 64 ) 
4 152 153 (-640 232 64 ) (-448 232 64 ) (-448 232 80 ) (-640 232 80 ) 
4 153 198 (-1024 232 64 ) (-1024 96 64 ) (-1024 96 80 ) (-1024 232 80 ) 
4 153 168 (-1024 144 64 ) (-1024 200 64 ) (-640 200 64 ) (-640 144 64 ) 
4 153 167 (-1024 200 64 ) (-1024 224 64 ) (-640 224 64 ) (-640 200 64 ) 
4 153 169 (-1024 96 64 ) (-1024 144 64 ) (-640 144 64 ) (-640 96 64 ) 
4 153 165 (-448 200 64 ) (-448 144 64 ) (-640 144 64 ) (-640 200 64 ) 
4 153 164 (-640 224 64 ) (-448 224 64 ) (-448 200 64 ) (-640 200 64 ) 
4 153 166 (-448 144 64 ) (-448 96 64 ) (-640 96 64 ) (-640 144 64 ) 
4 153 162 (0 200 64 ) (0 144 64 ) (-448 144 64 ) (-448 200 64 ) 
4 153 161 (-448 224 64 ) (0 224 64 ) (0 200 64 ) (-448 200 64 ) 
4 153 163 (0 144 64 ) (0 96 64 ) (-448 96 64 ) (-448 144 64 ) 
4 153 159 (-1024 224 64 ) (-1024 232 64 ) (-640 232 64 ) (-640 224 64 ) 
4 153 157 (-640 232 64 ) (-448 232 64 ) (-448 224 64 ) (-640 224 64 ) 
4 153 155 (-448 232 64 ) (0 232 64 ) (0 224 64 ) (-448 224 64 ) 
4 154 156 (-424 1024 32 ) (0 1024 32 ) (0 248 32 ) (-424 248 32 ) 
4 155 161 (0 224 32 ) (0 224 64 ) (-448 224 64 ) (-448 224 32 ) 
3 155 157 (-448 224 32 ) (-448 224 64 ) (-448 232 64 ) 
4 156 183 (0 1024 16 ) (0 224 16 ) (-424 224 16 ) (-424 1024 16 ) 
4 157 182 (-448 224 24 ) (-448 224 32 ) (-640 224 32 ) (-640 224 24 ) 
4 157 164 (-448 224 32 ) (-448 224 64 ) (-640 224 64 ) (-640 224 32 ) 
3 157 159 (-640 224 32 ) (-640 224 64 ) (-640 232 64 ) 
4 158 205 (-1024 1024 64 ) (-1024 1024 32 ) (-1024 248 32 ) (-1024 248 64 ) 
4 158 160 (-664 248 32 ) (-1024 248 32 ) (-1024 1024 32 ) (-664 1024 32 ) 
3 159 202 (-1024 224 32 ) (-1024 224 64 ) (-1024 232 64 ) 
4 159 167 (-640 224 32 ) (-640 224 64 ) (-1024 224 64 ) (-1024 224 32 ) 
4 160 212 (-1024 1024 32 ) (-1024 1024 16 ) (-1024 224 16 ) (-1024 224 32 ) 
4 160 183 (-664 224 16 ) (-1024 224 16 ) (-1024 1024 16 ) (-664 1024 16 ) 
4 161 171 (-448 223.996094 32 ) (0 223.996094 32 ) (0 200 32 ) (-448 200 32 ) 
4 161 164 (-448 224 64 ) (-448 224 32 ) (-448 200 32 ) (-448 200 64 ) 
4 161 162 (-448 200 64 ) (-448 200 32 ) (0 200 32 ) (0 200 64 ) 
4 162 172 (0 200 32 ) (0 144 32 ) (-448 144 32 ) (-448 200 32 ) 
4 162 165 (-448 200 32 ) (-448 144 32 ) (-448 144 64 ) (-448 200 64 ) 
4 162 163 (-448 144 64 ) (-448 144 32 ) (0 144 32 ) (0 144 64 ) 
4 163 173 (0 144 32 ) (0 112 32 ) (-448 112 32 ) (-448 144 32 ) 
4 163 166 (-448 144 32 ) (-448 112 32 ) (-448 96 64 ) (-448 144 64 ) 
4 164 174 (-640 223.996094 32 ) (-448 223.996094 32 ) (-448 200 32 ) (-640 200 32 ) 
4 164 167 (-640 224 64 ) (-640 224 32 ) (-640 200 32 ) (-640 200 64 ) 
4 164 165 (-640 200 64 ) (-640 200 32 ) (-448 200 32 ) (-448 200 64 ) 
4 165 175 (-448 200 32 ) (-448 144 32 ) (-640 144 32 ) (-640 200 32 ) 
4 165 168 (-640 200 32 ) (-640 144 32 ) (-640 144 64 ) (-640 200 64 ) 
4 165 166 (-640 144 64 ) (-640 144 32 ) (-448 144 32 ) (-448 144 64 ) 
4 166 176 (-448 144 32 ) (-448 112 32 ) (-640 112 32 ) (-640 144 32 ) 
4 166 169 (-640 144 32 ) (-640 112 32 ) (-640 96 64 ) (-640 144 64 ) 
4 167 202 (-1024 200 64 ) (-1024 224 64 ) (-1024 224 32 ) (-1024 200 32 ) 
4 167 177 (-1024 200 32 ) (-1024 223.996094 32 ) (-640 223.996094 32 ) (-640 200 32 ) 
4 167 168 (-1024 200 32 ) (-640 200 32 ) (-640 200 64 ) (-1024 200 64 ) 
4 168 203 (-1024 144 64 ) (-1024 200 64 ) (-1024 200 32 ) (-1024 144 32 ) 
4 168 178 (-1024 144 32 ) (-1024 200 32 ) (-640 200 32 ) (-640 144 32 ) 
4 168 169 (-1024 144 32 ) (-640 144 32 ) (-640 144 64 ) (-1024 144 64 ) 
4 169 204 (-1024 96 64 ) (-1024 144 64 ) (-1024 144 32 ) (-1024 112 32 ) 
4 169 179 (-1024 112 32 ) (-1024 144 32 ) (-640 144 32 ) (-640 112 32 ) 
4 170 206 (-1024 0 32 ) (-1024 0 64 ) (-1024 88 64 ) (-1024 88 32 ) 
4 170 185 (-1024 0 64 ) (-1024 0 32 ) (0 0 32 ) (0 0 64 ) 
4 170 180 (0 0 32 ) (-1024 0 32 ) (-1024 88 32 ) (0 88 32 ) 
3 171 174 (-448 200 24 ) (-448 200 32 ) (-448 224 32 ) 
4 171 172 (-448 200 32 ) (-448 200 24 ) (0 200 24 ) (0 200 32 ) 
4 172 175 (-448 200 24 ) (-448 144 24 ) (-448 144 32 ) (-448 200 32 ) 
4 172 173 (-448 144 32 ) (-448 144 24 ) (0 144 24 ) (0 144 32 ) 
3 173 176 (-448 144 24 ) (-448 112 32 ) (-448 144 32 ) 
4 174 182 (-640 224 32 ) (-448 224 32 ) (-448 200 24 ) (-640 200 24 ) 
3 174 177 (-640 200 24 ) (-640 200 32 ) (-640 224 32 ) 
4 174 175 (-640 200 32 ) (-640 200 24 ) (-448 200 24 ) (-448 200 32 ) 
4 175 178 (-640 200 24 ) (-640 144 24 ) (-640 144 32 ) (-640 200 32 ) 
4 175 176 (-640 144 32 ) (-640 144 24 ) (-448 144 24 ) (-448 144 32 ) 
3 176 179 (-640 144 24 ) (-640 112 32 ) (-640 144 32 ) 
3 177 207 (-1024 200 32 ) (-1024 224 32 ) (-1024 200 24 ) 
4 177 178 (-1024 200 24 ) (-640 200 24 ) (-640 200 32 ) (-1024 200 32 ) 
4 178 208 (-1024 144 32 ) (-1024 200 32 ) (-1024 200 24 ) (-1024 144 24 ) 
4 178 179 (-1024 144 24 ) (-640 144 24 ) (-640 144 32 ) (-1024 144 32 ) 
3 179 209 (-1024 112 32 ) (-1024 144 32 ) (-1024 144 24 ) 
4 180 210 (-1024 0 24 ) (-1024 0 32 ) (-1024 112 32 ) (-1024 112 24 ) 
4 180 185 (-1024 0 32 ) (-1024 0 24 ) (0 0 24 ) (0 0 32 ) 
4 180 181 (0 112 24 ) (0 0 24 ) (-1024 0 24 ) (-1024 112 24 ) 
4 181 211 (-1024 112 16 ) (-1024 0 16 ) (-1024 0 24 ) (-1024 112 24 ) 
4 181 185 (-1024 0 24 ) (-1024 0 16 ) (0 0 16 ) (0 0 24 ) 
4 181 183 (0 112 16 ) (0 0 16 ) (-1024 0 16 ) (-1024 112 16 ) 
4 183 213 (-1024 1024 16 ) (-1024 1024 -992 ) (-1024 0 -992 ) (-1024 0 16 ) 
4 183 185 (-1024 0 16 ) (-1024 0 -992 ) (0 0 -992 ) (0 0 16 ) 
4 184 186 (1024 -1024 -992 ) (1024 -1024 2016 ) (0 -1024 2016 ) (0 -1024 -992 ) 
4 184 185 (0 0 2016 ) (0 0 -992 ) (0 -1024 -992 ) (0 -1024 2016 ) 
4 185 217 (-1024 -1024 -992 ) (-1024 -1024 2016 ) (-1024 0 2016 ) (-1024 0 -992 ) 
4 185 187 (0 -1024 -992 ) (0 -1024 2016 ) (-1024 -1024 2016 ) (-1024 -1024 -992 ) 
4 186 187 (0 -2016 2016 ) (0 -1024 2016 ) (0 -1024 -992 ) (0 -2016 -992 ) 
4 187 220 (-1024 -2016 2016 ) (-1024 -1024 2016 ) (-1024 -1024 -992 ) (-1024 -2016 -992 ) 
4 188 217 (-1024 0 232 ) (-1024 0 2016 ) (-2014 0 2016 ) (-2014 0 232 ) 
4 188 199 (-2014 0 232 ) (-2014 0 2016 ) (-2014 1024 2016 ) (-2014 1024 232 ) 
4 188 189 (-2014 208 232 ) (-2014 1024 232 ) (-1024 1024 232 ) (-1024 208 232 ) 
4 188 191 (-1024 0 232 ) (-2014 0 232 ) (-2014 40 232 ) (-1024 40 232 ) 
4 189 200 (-2014 248 232 ) (-2014 1024 232 ) (-2014 1024 216 ) (-2014 248 216 ) 
4 189 192 (-2014 232 216 ) (-2014 1024 216 ) (-1024 1024 216 ) (-1024 232 216 ) 
4 190 193 (-2014 40 216 ) (-2014 208 216 ) (-1024 208 216 ) (-1024 40 216 ) 
4 191 217 (-1024 0 216 ) (-1024 0 232 ) (-2014 0 232 ) (-2014 0 216 ) 
4 191 194 (-2014 0 216 ) (-2014 16 216 ) (-1024 16 216 ) (-1024 0 216 ) 
4 192 200 (-2014 248 216 ) (-2014 1024 216 ) (-2014 1024 200 ) (-2014 248 200 ) 
4 192 195 (-2014 248 200 ) (-2014 1024 200 ) (-1024 1024 200 ) (-1024 248 200 ) 
4 193 196 (-2014 24 200 ) (-2014 224 200 ) (-1024 224 200 ) (-1024 24 200 ) 
4 194 217 (-1024 0 200 ) (-1024 0 216 ) (-2014 0 216 ) (-2014 0 200 ) 
4 195 200 (-2014 248 200 ) (-2014 1024 200 ) (-2014 1024 80 ) (-2014 248 80 ) 
4 195 197 (-2014 248 80 ) (-2014 1024 80 ) (-1024 1024 80 ) (-1024 248 80 ) 
4 196 198 (-2014 96 80 ) (-2014 232 80 ) (-1024 232 80 ) (-1024 96 80 ) 
4 197 205 (-2014 1024 64 ) (-1024 1024 64 ) (-1024 248 64 ) (-2014 248 64 ) 
4 197 200 (-2014 1024 64 ) (-2014 248 64 ) (-2014 248 80 ) (-2014 1024 80 ) 
4 198 203 (-1024 200 64 ) (-1024 144 64 ) (-2014 144 64 ) (-2014 200 64 ) 
4 198 202 (-1024 232 64 ) (-1024 200 64 ) (-2014 200 64 ) (-2014 232 64 ) 
4 198 204 (-1024 144 64 ) (-1024 96 64 ) (-2014 96 64 ) (-2014 144 64 ) 
4 199 218 (-2048 1024 2016 ) (-2048 1024 232 ) (-2048 0 232 ) (-2048 0 2016 ) 
4 199 217 (-2048 0 2016 ) (-2048 0 232 ) (-2014 0 232 ) (-2014 0 2016 ) 
4 199 200 (-2046 1024 232 ) (-2014 1024 232 ) (-2014 248 232 ) (-2046 248 232 ) 
4 199 201 (-2048 0 232 ) (-2048 1024 232 ) (-2046 1024 232 ) (-2046 0 232 ) 
4 200 214 (-2046 1024 64 ) (-2014 1024 64 ) (-2014 248 64 ) (-2046 248 64 ) 
4 200 201 (-2046 1024 64 ) (-2046 248 64 ) (-2046 248 232 ) (-2046 1024 232 ) 
4 201 218 (-2048 1024 232 ) (-2048 1024 64 ) (-2048 0 64 ) (-2048 0 232 ) 
4 201 217 (-2048 0 232 ) (-2048 0 64 ) (-2046 0 64 ) (-2046 0 232 ) 
4 201 215 (-2048 0 64 ) (-2048 1024 64 ) (-2046 1024 64 ) (-2046 0 64 ) 
4 202 207 (-2014 200 32 ) (-2014 224 32 ) (-1024 224 32 ) (-1024 200 32 ) 
4 202 203 (-2014 200 64 ) (-2014 200 32 ) (-1024 200 32 ) (-1024 200 64 ) 
4 203 208 (-2014 144 32 ) (-2014 200 32 ) (-1024 200 32 ) (-1024 144 32 ) 
4 203 204 (-2014 144 64 ) (-2014 144 32 ) (-1024 144 32 ) (-1024 144 64 ) 
4 204 209 (-2014 112 32 ) (-2014 144 32 ) (-1024 144 32 ) (-1024 112 32 ) 
4 205 214 (-2014 248 64 ) (-2014 1024 64 ) (-2014 1024 32 ) (-2014 248 32 ) 
4 205 212 (-2014 248 32 ) (-2014 1024 32 ) (-1024 1024 32 ) (-1024 248 32 ) 
4 206 217 (-1024 0 32 ) (-1024 0 64 ) (-2014 0 64 ) (-2014 0 32 ) 
4 206 210 (-2014 0 32 ) (-2014 88 32 ) (-1024 88 32 ) (-1024 0 32 ) 
4 207 208 (-2014 200 24 ) (-1024 200 24 ) (-1024 200 32 ) (-2014 200 32 ) 
4 208 209 (-2014 144 24 ) (-1024 144 24 ) (-1024 144 32 ) (-2014 144 32 ) 
4 210 217 (-1024 0 24 ) (-1024 0 32 ) (-2014 0 32 ) (-2014 0 24 ) 
4 210 211 (-1024 0 24 ) (-2014 0 24 ) (-2014 112 24 ) (-1024 112 24 ) 
4 211 217 (-1024 0 16 ) (-1024 0 24 ) (-2014 0 24 ) (-2014 0 16 ) 
4 211 213 (-1024 0 16 ) (-2014 0 16 ) (-2014 112 16 ) (-1024 112 16 ) 
4 212 214 (-2014 248 32 ) (-2014 1024 32 ) (-2014 1024 16 ) (-2014 248 16 ) 
4 212 213 (-2014 224 16 ) (-2014 1024 16 ) (-1024 1024 16 ) (-1024 224 16 ) 
4 213 217 (-1024 0 -992 ) (-1024 0 16 ) (-2014 0 16 ) (-2014 0 -992 ) 
4 213 216 (-2014 0 -992 ) (-2014 0 16 ) (-2014 1024 16 ) (-2014 1024 -992 ) 
4 214 216 (-2046 1024 16 ) (-2014 1024 16 ) (-2014 248 16 ) (-2046 248 16 ) 
4 214 215 (-2046 1024 16 ) (-2046 248 16 ) (-2046 248 64 ) (-2046 1024 64 ) 
4 215 218 (-2048 1024 64 ) (-2048 1024 16 ) (-2048 0 16 ) (-2048 0 64 ) 
4 215 217 (-2046 0 64 ) (-2048 0 64 ) (-2048 0 16 ) (-2046 0 16 ) 
4 215 216 (-2048 0 16 ) (-2048 1024 16 ) (-2046 1024 16 ) (-2046 0 16 ) 
4 216 218 (-2048 1024 16 ) (-2048 1024 -992 ) (-2048 0 -992 ) (-2048 0 16 ) 
4 216 217 (-2014 0 -992 ) (-2014 0 16 ) (-2048 0 16 ) (-2048 0 -992 ) 
4 217 220 (-1024 -1024 -992 ) (-1024 -1024 2016 ) (-2048 -1024 2016 ) (-2048 -1024 -992 ) 
4 217 219 (-2048 -1024 -992 ) (-2048 -1024 2016 ) (-2048 0 2016 ) (-2048 0 -992 ) 
4 218 219 (-2048 0 -992 ) (-2048 0 2016 ) (-2528 0 2016 ) (-2528 0 -992 ) 
4 219 221 (-2048 -1024 -992 ) (-2048 -1024 2016 ) (-2528 -1024 2016 ) (-2528 -1024 -992 ) 
4 220 221 (-2048 -1024 2016 ) (-2048 -1024 -992 ) (-2048 -2016 -992 ) (-2048 -2016 2016 ) 
