PRT1
423
1237
4 0 9 (3040 2048 1280 ) (2080 2048 1280 ) (2080 2048 -224 ) (3040 2048 -224 ) 
4 0 3 (2080 2048 372 ) (2080 2048 412 ) (2080 2480 412 ) (2080 2480 372 ) 
4 0 2 (2080 2048 412 ) (2080 2048 1280 ) (2080 2480 1280 ) (2080 2480 412 ) 
4 0 4 (2080 2480 -224 ) (2080 2048 -224 ) (2080 2048 372 ) (2080 2480 372 ) 
4 0 1 (2080 2496 1280 ) (2080 2496 -224 ) (2080 2480 -224 ) (2080 2480 1280 ) 
4 1 5 (2048 2496 -224 ) (2048 2480 -224 ) (2048 2480 1280 ) (2048 2496 1280 ) 
4 1 3 (2080 2480 372 ) (2080 2480 412 ) (2048 2480 412 ) (2048 2480 372 ) 
4 1 2 (2080 2480 412 ) (2080 2480 1280 ) (2048 2480 1280 ) (2048 2480 412 ) 
4 1 4 (2048 2480 -224 ) (2080 2480 -224 ) (2080 2480 372 ) (2048 2480 372 ) 
4 2 10 (2080 2048 1280 ) (2048 2048 1280 ) (2048 2048 412 ) (2080 2048 412 ) 
4 2 6 (2048 2048 412 ) (2048 2048 1280 ) (2048 2480 1280 ) (2048 2480 412 ) 
4 2 3 (2048 2048 412 ) (2048 2480 412 ) (2080 2480 412 ) (2080 2048 412 ) 
4 3 11 (2048 2048 412 ) (2048 2048 372 ) (2080 2048 372 ) (2080 2048 412 ) 
4 3 7 (2048 2048 372 ) (2048 2048 412 ) (2048 2480 412 ) (2048 2480 372 ) 
4 3 4 (2048 2480 372 ) (2080 2480 372 ) (2080 2048 372 ) (2048 2048 372 ) 
4 4 12 (2048 2048 372 ) (2048 2048 -224 ) (2080 2048 -224 ) (2080 2048 372 ) 
4 4 8 (2048 2480 -224 ) (2048 2048 -224 ) (2048 2048 372 ) (2048 2480 372 ) 
4 5 69 (1024 2480 1280 ) (1024 2496 1280 ) (1024 2496 -224 ) (1024 2480 -224 ) 
4 5 7 (2048 2480 372 ) (2048 2480 412 ) (1024 2480 412 ) (1024 2480 372 ) 
4 5 6 (2048 2480 412 ) (2048 2480 1280 ) (1024 2480 1280 ) (1024 2480 412 ) 
4 5 8 (1024 2480 -224 ) (2048 2480 -224 ) (2048 2480 372 ) (1024 2480 372 ) 
4 6 70 (1024 2048 412 ) (1024 2048 1280 ) (1024 2480 1280 ) (1024 2480 412 ) 
4 6 13 (1024 2048 1280 ) (1024 2048 412 ) (2048 2048 412 ) (2048 2048 1280 ) 
4 6 7 (2048 2048 412 ) (1024 2048 412 ) (1024 2480 412 ) (2048 2480 412 ) 
4 7 71 (1024 2048 372 ) (1024 2048 412 ) (1024 2480 412 ) (1024 2480 372 ) 
4 7 14 (1024 2048 412 ) (1024 2048 372 ) (2048 2048 372 ) (2048 2048 412 ) 
4 7 8 (1024 2480 372 ) (2048 2480 372 ) (2048 2048 372 ) (1024 2048 372 ) 
4 8 72 (1024 2048 -224 ) (1024 2048 372 ) (1024 2480 372 ) (1024 2480 -224 ) 
4 8 15 (1024 2048 372 ) (1024 2048 -224 ) (2048 2048 -224 ) (2048 2048 372 ) 
4 9 20 (2080 1024 272 ) (2080 1024 -224 ) (3040 1024 -224 ) (3040 1024 272 ) 
4 9 16 (3040 1024 1280 ) (2080 1024 1280 ) (2080 1024 272 ) (3040 1024 272 ) 
4 9 11 (2080 1024 372 ) (2080 1024 412 ) (2080 2048 412 ) (2080 2048 372 ) 
4 9 10 (2080 1024 412 ) (2080 1024 1280 ) (2080 2048 1280 ) (2080 2048 412 ) 
4 9 12 (2080 2048 -224 ) (2080 1024 -224 ) (2080 1024 372 ) (2080 2048 372 ) 
4 10 17 (2080 1024 1280 ) (2048 1024 1280 ) (2048 1024 412 ) (2080 1024 412 ) 
4 10 13 (2048 2048 1280 ) (2048 2048 412 ) (2048 1024 412 ) (2048 1024 1280 ) 
4 10 11 (2048 1024 412 ) (2048 2048 412 ) (2080 2048 412 ) (2080 1024 412 ) 
4 11 18 (2048 1024 412 ) (2048 1024 372 ) (2080 1024 372 ) (2080 1024 412 ) 
4 11 14 (2048 2048 412 ) (2048 2048 372 ) (2048 1024 372 ) (2048 1024 412 ) 
4 11 12 (2048 2048 372 ) (2080 2048 372 ) (2080 1024 372 ) (2048 1024 372 ) 
4 12 21 (2048 1024 272 ) (2048 1024 -224 ) (2064 1024 -224 ) (2064 1024 272 ) 
4 12 20 (2064 1024 -224 ) (2080 1024 -224 ) (2080 1024 272 ) (2064 1024 272 ) 
4 12 19 (2048 1024 372 ) (2048 1024 272 ) (2080 1024 272 ) (2080 1024 372 ) 
4 12 15 (2048 2048 372 ) (2048 2048 -224 ) (2048 1024 -224 ) (2048 1024 372 ) 
4 13 147 (1024 1024 412 ) (1024 1024 1280 ) (1024 2048 1280 ) (1024 2048 412 ) 
4 13 23 (2048 1024 412 ) (2048 1024 1280 ) (1024 1024 1280 ) (1024 1024 412 ) 
4 13 14 (2048 1024 412 ) (1024 1024 412 ) (1024 2048 412 ) (2048 2048 412 ) 
4 14 148 (1024 1024 372 ) (1024 1024 412 ) (1024 2048 412 ) (1024 2048 372 ) 
4 14 24 (2048 1024 372 ) (2048 1024 412 ) (1024 1024 412 ) (1024 1024 372 ) 
4 14 15 (1024 1024 372 ) (1024 2048 372 ) (2048 2048 372 ) (2048 1024 372 ) 
4 15 149 (1024 1024 -224 ) (1024 1024 372 ) (1024 2048 372 ) (1024 2048 -224 ) 
4 15 59 (2048 1024 -224 ) (2048 1024 16 ) (1024 1024 16 ) (1024 1024 -224 ) 
4 15 44 (2048 1024 16 ) (2048 1024 64 ) (1024 1024 64 ) (1024 1024 16 ) 
4 15 40 (2048 1024 64 ) (2048 1024 80 ) (1024 1024 80 ) (1024 1024 64 ) 
4 15 38 (2048 1024 80 ) (2048 1024 231 ) (1024 1024 231 ) (1024 1024 80 ) 
4 15 32 (2048 1024 231 ) (2048 1024 251 ) (1024 1024 251 ) (1024 1024 231 ) 
4 15 26 (2048 1024 251 ) (2048 1024 272 ) (1024 1024 272 ) (1024 1024 251 ) 
4 15 25 (2048 1024 272 ) (2048 1024 372 ) (1024 1024 372 ) (1024 1024 272 ) 
4 16 60 (3040 0 1280 ) (2080 0 1280 ) (2080 0 272 ) (3040 0 272 ) 
4 16 20 (2080 1024 272 ) (3040 1024 272 ) (3040 0 272 ) (2080 0 272 ) 
4 16 18 (2080 0 372 ) (2080 0 412 ) (2080 1024 412 ) (2080 1024 372 ) 
4 16 17 (2080 0 412 ) (2080 0 1280 ) (2080 1024 1280 ) (2080 1024 412 ) 
4 16 19 (2080 1024 272 ) (2080 0 272 ) (2080 0 372 ) (2080 1024 372 ) 
4 17 61 (2080 0 1280 ) (2048 0 1280 ) (2048 0 412 ) (2080 0 412 ) 
4 17 23 (2048 1024 1280 ) (2048 1024 412 ) (2048 0 412 ) (2048 0 1280 ) 
4 17 18 (2048 1024 412 ) (2080 1024 412 ) (2080 0 412 ) (2048 0 412 ) 
4 18 62 (2048 0 412 ) (2048 0 372 ) (2080 0 372 ) (2080 0 412 ) 
4 18 24 (2048 1024 412 ) (2048 1024 372 ) (2048 0 372 ) (2048 0 412 ) 
4 18 19 (2048 0 372 ) (2048 1024 372 ) (2080 1024 372 ) (2080 0 372 ) 
4 19 63 (2048 0 372 ) (2048 0 272 ) (2080 0 272 ) (2080 0 372 ) 
4 19 25 (2048 1024 372 ) (2048 1024 272 ) (2048 0 272 ) (2048 0 372 ) 
4 19 21 (2048 248 272 ) (2048 1024 272 ) (2064 1024 272 ) (2064 248 272 ) 
4 19 20 (2064 1024 272 ) (2080 1024 272 ) (2080 0 272 ) (2064 0 272 ) 
4 20 63 (2064 0 -224 ) (2080 0 -224 ) (2080 0 272 ) (2064 0 272 ) 
4 20 60 (2080 0 -224 ) (3040 0 -224 ) (3040 0 272 ) (2080 0 272 ) 
4 20 22 (2064 248 -224 ) (2064 0 -224 ) (2064 0 16 ) (2064 248 16 ) 
4 20 21 (2064 1024 -224 ) (2064 248 -224 ) (2064 248 272 ) (2064 1024 272 ) 
4 21 59 (2048 1024 16 ) (2048 1024 -224 ) (2048 248 -224 ) (2048 248 16 ) 
4 21 45 (2048 249 16 ) (2048 248 16 ) (2048 248 32 ) (2048 249 32 ) 
4 21 44 (2048 1024 64 ) (2048 1024 16 ) (2048 249 16 ) (2048 249 64 ) 
4 21 40 (2048 1024 80 ) (2048 1024 64 ) (2048 249 64 ) (2048 249 80 ) 
4 21 38 (2048 1024 231 ) (2048 1024 80 ) (2048 254 80 ) (2048 254 231 ) 
4 21 32 (2048 1024 251 ) (2048 1024 231 ) (2048 254 231 ) (2048 254 251 ) 
4 21 26 (2048 1024 272 ) (2048 1024 251 ) (2048 248 251 ) (2048 248 272 ) 
4 21 22 (2048 248 -224 ) (2064 248 -224 ) (2064 248 16 ) (2048 248 16 ) 
4 22 63 (2048 0 16 ) (2048 0 -224 ) (2064 0 -224 ) (2064 0 16 ) 
4 22 59 (2048 248 -224 ) (2048 0 -224 ) (2048 0 16 ) (2048 248 16 ) 
4 23 203 (1024 0 412 ) (1024 0 1280 ) (1024 1024 1280 ) (1024 1024 412 ) 
4 23 65 (2048 0 412 ) (2048 0 1280 ) (1024 0 1280 ) (1024 0 412 ) 
4 23 24 (2048 0 412 ) (1024 0 412 ) (1024 1024 412 ) (2048 1024 412 ) 
4 24 204 (1024 0 372 ) (1024 0 412 ) (1024 1024 412 ) (1024 1024 372 ) 
4 24 66 (2048 0 372 ) (2048 0 412 ) (1024 0 412 ) (1024 0 372 ) 
4 24 25 (2048 1024 372 ) (2048 0 372 ) (1024 0 372 ) (1024 1024 372 ) 
4 25 205 (1024 0 272 ) (1024 0 372 ) (1024 1024 372 ) (1024 1024 272 ) 
4 25 67 (2048 0 272 ) (2048 0 372 ) (1024 0 372 ) (1024 0 272 ) 
4 25 26 (2048 1024 272 ) (2048 230 272 ) (1024 230 272 ) (1024 1024 272 ) 
4 25 31 (2048 24 272 ) (2048 0 272 ) (1024 0 272 ) (1024 24 272 ) 
4 26 206 (1024 230 272 ) (1024 1024 272 ) (1024 1024 251 ) (1024 230 251 ) 
4 26 32 (1024 254 251 ) (1024 1024 251 ) (2048 1024 251 ) (2048 254 251 ) 
4 27 33 (1328 207 251 ) (2048 207 251 ) (2048 47 251 ) (1328 47 251 ) 
4 27 29 (1328 128 267.886383 ) (1328 144 266.068207 ) (1328 144 251 ) (1328 128 251 ) 
4 27 28 (1328 144 266.068207 ) (1328 170.997055 263 ) (1328 206.998093 251 ) (1328 144 251 ) 
5 27 30 (1328 47.002953 251 ) (1328 83.011719 263.003418 ) (1328 126.990952 268.001038 ) (1328 128 267.886383 ) (1328 128 251 ) 
4 28 207 (1024 144 266.068176 ) (1024 171 263 ) (1024 207 251 ) (1024 144 251 ) 
4 28 34 (1024 144 251 ) (1024 207 251 ) (1328 207 251 ) (1328 144 251 ) 
4 28 29 (1024 144 251 ) (1328 144 251 ) (1328 144 266.066406 ) (1024 144 266.066406 ) 
4 29 208 (1024 128 267.886353 ) (1024 144 266.068176 ) (1024 144 251 ) (1024 128 251 ) 
4 29 35 (1024 128 251 ) (1024 144 251 ) (1328 144 251 ) (1328 128 251 ) 
4 29 30 (1024 128 251 ) (1328 128 251 ) (1328 128 267.886719 ) (1024 128 267.886719 ) 
5 30 209 (1024 127 268 ) (1024 128 267.886353 ) (1024 128 251 ) (1024 47 251 ) (1024 83 263 ) 
4 30 37 (1024 47 251 ) (1024 128 251 ) (1328 128 251 ) (1328 47 251 ) 
4 31 211 (1024 0 251 ) (1024 0 272 ) (1024 24 272 ) (1024 24 251 ) 
4 31 67 (2048 0 251 ) (2048 0 272 ) (1024 0 272 ) (1024 0 251 ) 
4 32 212 (1024 254 251 ) (1024 1024 251 ) (1024 1024 231 ) (1024 254 231 ) 
4 32 38 (1024 254 231 ) (1024 1024 231 ) (2048 1024 231 ) (2048 254 231 ) 
4 33 39 (1328 234 231 ) (2048 234 231 ) (2048 20 231 ) (1328 20 231 ) 
4 33 36 (1328 144 240 ) (1328 144 231 ) (1328 128 231 ) (1328 128 240 ) 
4 33 35 (1328 128 251 ) (1328 144 251 ) (1328 144 240 ) (1328 128 240 ) 
4 33 34 (1328 144 251 ) (1328 207.007202 251 ) (1328 234.007202 231 ) (1328 144 231 ) 
4 33 37 (1328 20.003906 231 ) (1328 47.003906 251 ) (1328 128 251 ) (1328 128 231 ) 
4 34 213 (1024 144 251 ) (1024 207 251 ) (1024 234 231 ) (1024 144 231 ) 
4 34 39 (1024 144 231 ) (1024 234 231 ) (1328 234 231 ) (1328 144 231 ) 
4 34 36 (1024 144 231 ) (1328 144 231 ) (1328 144 240 ) (1024 144 240 ) 
4 34 35 (1328 144 240 ) (1328 144 251 ) (1024 144 251 ) (1024 144 240 ) 
4 35 214 (1024 128 251 ) (1024 144 251 ) (1024 144 240 ) (1024 128 240 ) 
4 35 37 (1328 128 240 ) (1328 128 251 ) (1024 128 251 ) (1024 128 240 ) 
4 35 36 (1328 128 240 ) (1024 128 240 ) (1024 144 240 ) (1328 144 240 ) 
4 36 215 (1024 144 240 ) (1024 144 231 ) (1024 128 231 ) (1024 128 240 ) 
4 36 39 (1024 128 231 ) (1024 144 231 ) (1328 144 231 ) (1328 128 231 ) 
4 36 37 (1024 128 231 ) (1328 128 231 ) (1328 128 240 ) (1024 128 240 ) 
4 37 216 (1024 47 251 ) (1024 128 251 ) (1024 128 231 ) (1024 20 231 ) 
4 37 39 (1024 20 231 ) (1024 128 231 ) (1328 128 231 ) (1328 20 231 ) 
4 38 218 (1024 254 231 ) (1024 1024 231 ) (1024 1024 80 ) (1024 254 80 ) 
4 38 40 (2048 1024 80 ) (2048 254 80 ) (1024 254 80 ) (1024 1024 80 ) 
6 39 219 (1024 11 208 ) (1024 20 231 ) (1024 234 231 ) (1024 243 208 ) (1024 243 80 ) (1024 11 80 ) 
4 39 43 (2048 233 80 ) (2048 96 80 ) (1024 96 80 ) (1024 233 80 ) 
4 39 41 (2048 243 80 ) (2048 233 80 ) (1344 233 80 ) (1344 243 80 ) 
4 39 42 (1328 233 80 ) (1024 233 80 ) (1024 243 80 ) (1328 243 80 ) 
4 40 220 (1024 249 80 ) (1024 1024 80 ) (1024 1024 64 ) (1024 249 64 ) 
4 40 44 (2048 1024 64 ) (2048 249 64 ) (1024 249 64 ) (1024 1024 64 ) 
4 41 46 (2048 243 64 ) (2048 233 64 ) (1344 233 64 ) (1344 243 64 ) 
4 41 43 (1344 233 64 ) (2048 233 64 ) (2048 233 80 ) (1344 233 80 ) 
4 42 221 (1024 233 80 ) (1024 243 80 ) (1024 243 64 ) (1024 233 64 ) 
4 42 52 (1328 233 64 ) (1024 233 64 ) (1024 243 64 ) (1328 243 64 ) 
4 42 43 (1024 233 64 ) (1328 233 64 ) (1328 233 80 ) (1024 233 80 ) 
4 43 223 (1024 96 80 ) (1024 233 80 ) (1024 233 64 ) (1024 96 64 ) 
4 43 57 (2048 112 64 ) (2048 96 64 ) (1024 96 64 ) (1024 112 64 ) 
4 43 54 (1328 112 64 ) (1024 112 64 ) (1024 144 64 ) (1328 144 64 ) 
4 43 53 (1024 144 64 ) (1024 201 64 ) (1328 201 64 ) (1328 144 64 ) 
4 43 52 (1024 201 64 ) (1024 233 64 ) (1328 233 64 ) (1328 201 64 ) 
4 43 51 (1344 112 64 ) (1328 112 64 ) (1328 144 64 ) (1344 144 64 ) 
4 43 50 (1328 144 64 ) (1328 201 64 ) (1344 201 64 ) (1344 144 64 ) 
4 43 49 (1328 201 64 ) (1328 233 64 ) (1344 233 64 ) (1344 201 64 ) 
4 43 47 (2048 201 64 ) (2048 144 64 ) (1344 144 64 ) (1344 201 64 ) 
4 43 46 (2048 233 64 ) (2048 201 64 ) (1344 201 64 ) (1344 233 64 ) 
4 43 48 (2048 144 64 ) (2048 112 64 ) (1344 112 64 ) (1344 144 64 ) 
4 44 224 (1024 249 64 ) (1024 1024 64 ) (1024 1024 16 ) (1024 249 16 ) 
4 44 59 (1024 249 16 ) (1024 1024 16 ) (2048 1024 16 ) (2048 249 16 ) 
4 44 45 (1024 249 16 ) (2048 249 16 ) (2048 249 32 ) (1024 249 32 ) 
4 45 225 (1024 249 32 ) (1024 249 16 ) (1024 225 16 ) (1024 225 32 ) 
4 45 59 (1024 225 16 ) (1024 249 16 ) (2048 249 16 ) (2048 225 16 ) 
4 46 49 (1344 225 32 ) (1344 201 24 ) (1344 201 64 ) (1344 233 64 ) 
4 46 47 (1344 201 64 ) (1344 201 24 ) (2048 201 24 ) (2048 201 64 ) 
4 47 50 (1344 201 24 ) (1344 144 24 ) (1344 144 64 ) (1344 201 64 ) 
4 47 48 (1344 144 64 ) (1344 144 24 ) (2048 144 24 ) (2048 144 64 ) 
4 48 57 (2048 112 32 ) (2048 112 64 ) (1344 112 64 ) (1344 112 32 ) 
5 48 51 (1344 144 24 ) (1344 143.996094 24 ) (1344 112 32 ) (1344 112 64 ) (1344 144 64 ) 
4 49 52 (1328 225 32 ) (1328 201 24 ) (1328 201 64 ) (1328 233 64 ) 
4 49 50 (1328 201 64 ) (1328 201 24 ) (1344 201 24 ) (1344 201 64 ) 
4 50 53 (1328 201 24 ) (1328 144 24 ) (1328 144 64 ) (1328 201 64 ) 
4 50 51 (1328 144 64 ) (1328 144 24.003906 ) (1344 144 24 ) (1344 144 64 ) 
4 51 57 (1344 112 64 ) (1328 112 64 ) (1328 112 32 ) (1344 112 32 ) 
5 51 54 (1328 144 24 ) (1328 143.996094 24 ) (1328 112 32 ) (1328 112 64 ) (1328 144 64 ) 
4 52 226 (1024 201 64 ) (1024 243 64 ) (1024 225 32 ) (1024 201 24 ) 
4 52 53 (1024 201 24 ) (1328 201 24 ) (1328 201 64 ) (1024 201 64 ) 
4 53 227 (1024 144 64 ) (1024 201 64 ) (1024 201 24 ) (1024 144 24 ) 
4 53 54 (1024 144 24 ) (1328 144 24 ) (1328 144 64 ) (1024 144 64 ) 
4 54 228 (1024 112 64 ) (1024 144 64 ) (1024 144 24 ) (1024 112 32 ) 
4 54 57 (1328 112 64 ) (1024 112 64 ) (1024 112 32 ) (1328 112 32 ) 
4 55 235 (1024 112 32 ) (1024 112 24 ) (1024 88 24 ) (1024 88 32 ) 
4 55 58 (1024 88 24 ) (1024 112 24 ) (2048 112 24 ) (2048 88 24 ) 
4 55 56 (1024 88 24 ) (2048 88 24 ) (2048 88 32 ) (1024 88 32 ) 
4 56 236 (1024 0 24 ) (1024 0 64 ) (1024 88 64 ) (1024 88 24 ) 
4 56 67 (2048 0 24 ) (2048 0 64 ) (1024 0 64 ) (1024 0 24 ) 
4 56 58 (2048 0 24 ) (1024 0 24 ) (1024 88 24 ) (2048 88 24 ) 
3 57 237 (1024 96 64 ) (1024 112 64 ) (1024 112 32 ) 
4 58 238 (1024 0 16 ) (1024 0 24 ) (1024 112 24 ) (1024 112 16 ) 
4 58 67 (2048 0 16 ) (2048 0 24 ) (1024 0 24 ) (1024 0 16 ) 
4 58 59 (2048 0 16 ) (1024 0 16 ) (1024 112 16 ) (2048 112 16 ) 
4 59 239 (1024 0 -224 ) (1024 0 16 ) (1024 1024 16 ) (1024 1024 -224 ) 
4 59 67 (2048 0 -224 ) (2048 0 16 ) (1024 0 16 ) (1024 0 -224 ) 
4 60 62 (2080 -192 372 ) (2080 -192 412 ) (2080 0 412 ) (2080 0 372 ) 
4 60 61 (2080 -192 412 ) (2080 -192 1280 ) (2080 0 1280 ) (2080 0 412 ) 
4 60 63 (2080 0 -224 ) (2080 -192 -224 ) (2080 -192 372 ) (2080 0 372 ) 
4 60 64 (2080 -192 -224 ) (2080 -992 -224 ) (2080 -992 1280 ) (2080 -192 1280 ) 
4 61 65 (2048 -192 1280 ) (2048 0 1280 ) (2048 0 412 ) (2048 -192 412 ) 
4 61 64 (2080 -192 412 ) (2080 -192 1280 ) (2048 -192 1280 ) (2048 -192 412 ) 
4 61 62 (2080 -192 412 ) (2048 -192 412 ) (2048 0 412 ) (2080 0 412 ) 
4 62 66 (2048 0 412 ) (2048 0 372 ) (2048 -192 372 ) (2048 -192 412 ) 
4 62 63 (2080 -192 372 ) (2048 -192 372 ) (2048 0 372 ) (2080 0 372 ) 
4 62 64 (2080 -192 372 ) (2080 -192 412 ) (2048 -192 412 ) (2048 -192 372 ) 
4 63 67 (2048 0 372 ) (2048 0 -224 ) (2048 -192 -224 ) (2048 -192 372 ) 
4 63 64 (2048 -192 -224 ) (2080 -192 -224 ) (2080 -192 372 ) (2048 -192 372 ) 
4 64 68 (2048 -992 1280 ) (2048 -192 1280 ) (2048 -192 -224 ) (2048 -992 -224 ) 
4 65 330 (1024 -192 1280 ) (1024 0 1280 ) (1024 0 412 ) (1024 -192 412 ) 
4 65 68 (2048 -192 412 ) (2048 -192 1280 ) (1024 -192 1280 ) (1024 -192 412 ) 
4 65 66 (2048 -192 412 ) (1024 -192 412 ) (1024 0 412 ) (2048 0 412 ) 
4 66 331 (1024 0 412 ) (1024 0 372 ) (1024 -192 372 ) (1024 -192 412 ) 
4 66 67 (2048 -192 372 ) (1024 -192 372 ) (1024 0 372 ) (2048 0 372 ) 
4 66 68 (2048 -192 372 ) (2048 -192 412 ) (1024 -192 412 ) (1024 -192 372 ) 
4 67 332 (1024 0 372 ) (1024 0 -224 ) (1024 -192 -224 ) (1024 -192 372 ) 
4 67 68 (1024 -192 -224 ) (2048 -192 -224 ) (2048 -192 372 ) (1024 -192 372 ) 
4 68 333 (1024 -992 1280 ) (1024 -192 1280 ) (1024 -192 -224 ) (1024 -992 -224 ) 
4 69 94 (0 2496 -224 ) (0 2480 -224 ) (0 2480 64 ) (0 2496 64 ) 
4 69 77 (0 2480 64 ) (0 2480 251 ) (0 2496 251 ) (0 2496 64 ) 
4 69 73 (0 2480 251 ) (0 2480 1280 ) (0 2496 1280 ) (0 2496 251 ) 
4 69 71 (1024 2480 372 ) (1024 2480 412 ) (0 2480 412 ) (0 2480 372 ) 
4 69 70 (1024 2480 412 ) (1024 2480 1280 ) (0 2480 1280 ) (0 2480 412 ) 
4 69 72 (0 2480 -224 ) (1024 2480 -224 ) (1024 2480 372 ) (0 2480 372 ) 
4 70 147 (1024 2048 412 ) (1024 2048 1280 ) (0 2048 1280 ) (0 2048 412 ) 
4 70 74 (0 2048 412 ) (0 2048 1280 ) (0 2480 1280 ) (0 2480 412 ) 
4 70 71 (0 2048 412 ) (0 2480 412 ) (1024 2480 412 ) (1024 2048 412 ) 
4 71 148 (1024 2048 372 ) (1024 2048 412 ) (0 2048 412 ) (0 2048 372 ) 
4 71 75 (0 2048 372 ) (0 2048 412 ) (0 2480 412 ) (0 2480 372 ) 
4 71 72 (1024 2048 372 ) (0 2048 372 ) (0 2480 372 ) (1024 2480 372 ) 
4 72 149 (1024 2048 -224 ) (1024 2048 372 ) (0 2048 372 ) (0 2048 -224 ) 
4 72 98 (0 2208 -224 ) (0 2048 -224 ) (0 2048 64 ) (0 2208 64 ) 
4 72 94 (0 2480 -224 ) (0 2208 -224 ) (0 2208 64 ) (0 2480 64 ) 
4 72 80 (0 2048 64 ) (0 2048 251 ) (0 2208 251 ) (0 2208 64 ) 
4 72 77 (0 2208 251 ) (0 2480 251 ) (0 2480 64 ) (0 2208 64 ) 
4 72 76 (0 2048 251 ) (0 2048 372 ) (0 2480 372 ) (0 2480 251 ) 
4 73 111 (-576 2480 1280 ) (-576 2496 1280 ) (-576 2496 251 ) (-576 2480 251 ) 
4 73 82 (-576 2480 251 ) (-576 2496 251 ) (-224 2496 251 ) (-224 2480 251 ) 
4 73 78 (-224 2496 251 ) (-216 2496 251 ) (-216 2480 251 ) (-224 2480 251 ) 
4 73 77 (-216 2496 251 ) (0 2496 251 ) (0 2480 251 ) (-216 2480 251 ) 
4 73 75 (0 2480 372 ) (0 2480 412 ) (-576 2480 412 ) (-576 2480 372 ) 
4 73 74 (0 2480 412 ) (0 2480 1280 ) (-576 2480 1280 ) (-576 2480 412 ) 
4 73 76 (-576 2480 251 ) (0 2480 251 ) (0 2480 372 ) (-576 2480 372 ) 
4 74 161 (-416 2048 1280 ) (-576 2048 1280 ) (-576 2048 412 ) (-416 2048 412 ) 
4 74 150 (0 2048 412 ) (0 2048 1280 ) (-416 2048 1280 ) (-416 2048 412 ) 
4 74 131 (-576 2048 412 ) (-576 2048 1280 ) (-576 2272 1280 ) (-576 2272 412 ) 
4 74 112 (-576 2272 1280 ) (-576 2480 1280 ) (-576 2480 412 ) (-576 2272 412 ) 
4 74 75 (0 2048 412 ) (-576 2048 412 ) (-576 2480 412 ) (0 2480 412 ) 
4 75 162 (-416 2048 412 ) (-576 2048 412 ) (-576 2048 372 ) (-416 2048 372 ) 
4 75 151 (0 2048 372 ) (0 2048 412 ) (-416 2048 412 ) (-416 2048 372 ) 
4 75 132 (-576 2048 372 ) (-576 2048 412 ) (-576 2272 412 ) (-576 2272 372 ) 
4 75 113 (-576 2272 412 ) (-576 2480 412 ) (-576 2480 372 ) (-576 2272 372 ) 
4 75 76 (-576 2048 372 ) (-576 2480 372 ) (0 2480 372 ) (0 2048 372 ) 
4 76 163 (-416 2048 372 ) (-576 2048 372 ) (-576 2048 251 ) (-416 2048 251 ) 
4 76 152 (0 2048 251 ) (0 2048 372 ) (-416 2048 372 ) (-416 2048 251 ) 
4 76 133 (-576 2048 251 ) (-576 2048 372 ) (-576 2272 372 ) (-576 2272 251 ) 
4 76 114 (-576 2272 372 ) (-576 2480 372 ) (-576 2480 251 ) (-576 2272 251 ) 
4 76 89 (-224 2208 251 ) (-224 2048 251 ) (-416 2048 251 ) (-416 2208 251 ) 
4 76 82 (-576 2456 251 ) (-576 2480 251 ) (-224 2480 251 ) (-224 2456 251 ) 
4 76 81 (-208 2048 251 ) (-224 2048 251 ) (-224 2208 251 ) (-208 2208 251 ) 
4 76 80 (0 2208 251 ) (0 2048 251 ) (-208 2048 251 ) (-208 2208 251 ) 
4 76 78 (-224 2480 251 ) (-216 2480 251 ) (-216 2456 251 ) (-224 2456 251 ) 
4 76 79 (-216 2224 251 ) (-216 2208 251 ) (-224 2208 251 ) (-224 2224 251 ) 
4 76 77 (-216 2480 251 ) (0 2480 251 ) (0 2208 251 ) (-216 2208 251 ) 
4 77 94 (-216 2496 64 ) (0 2496 64 ) (0 2208 64 ) (-216 2208 64 ) 
4 77 81 (-208 2208 231 ) (-208 2208 251 ) (-216 2208 251 ) (-216 2208 231 ) 
4 77 80 (-208 2208 64 ) (0 2208 64 ) (0 2208 251 ) (-208 2208 251 ) 
4 77 78 (-216 2496 251 ) (-216 2496 64 ) (-216 2456 64 ) (-216 2456 251 ) 
4 77 79 (-216 2224 64 ) (-216 2208 64 ) (-216 2208 251 ) (-216 2224 251 ) 
4 78 95 (-224 2456 64 ) (-224 2496 64 ) (-216 2496 64 ) (-216 2456 64 ) 
4 78 82 (-224 2496 64 ) (-224 2456 64 ) (-224 2456 251 ) (-224 2496 251 ) 
4 79 97 (-224 2208 64 ) (-224 2224 64 ) (-216 2224 64 ) (-216 2208 64 ) 
4 79 87 (-224 2224 64 ) (-224 2208 64 ) (-224 2208 232 ) (-224 2224 232 ) 
4 79 81 (-224 2208 251 ) (-224 2208 231 ) (-216 2208 231 ) (-216 2208 251 ) 
4 80 153 (0 2048 64 ) (0 2048 251 ) (-208 2048 251 ) (-208 2048 64 ) 
4 80 98 (0 2048 64 ) (-208 2048 64 ) (-208 2208 64 ) (0 2208 64 ) 
4 80 81 (-208 2208 251 ) (-208 2208 231 ) (-208 2048 231 ) (-208 2048 251 ) 
4 81 154 (-208 2048 251 ) (-224 2048 251 ) (-224 2048 231 ) (-208 2048 231 ) 
4 81 89 (-224 2048 231 ) (-224 2048 251 ) (-224 2208 251 ) (-224 2208 231 ) 
4 82 115 (-576 2456 251 ) (-576 2496 251 ) (-576 2496 64 ) (-576 2456 64 ) 
4 82 107 (-576 2456 64 ) (-576 2496 64 ) (-416 2496 64 ) (-416 2456 64 ) 
4 82 100 (-416 2496 64 ) (-224 2496 64 ) (-224 2456 64 ) (-416 2456 64 ) 
4 83 86 (-304.872101 2261.090088 128 ) (-304.872101 2448 128 ) (-296 2448 128 ) (-296 2261.090088 128 ) 
4 83 85 (-224 2224 128 ) (-304.872101 2224 128 ) (-304.872101 2261.090088 128 ) (-224 2261.090088 128 ) 
4 83 84 (-304.872101 2224 128 ) (-400 2224 128 ) (-400 2448 128 ) (-304.872101 2448 128 ) 
4 83 87 (-400 2224 232 ) (-400 2224 128 ) (-224 2224 128 ) (-224 2224 232 ) 
4 83 88 (-400 2224 232 ) (-400 2448 232 ) (-400 2448 128 ) (-400 2224 128 ) 
4 84 86 (-304.869080 2448 128 ) (-304.869080 2261.090088 128 ) (-318.305695 2255.250732 121.494095 ) (-318.305695 2448 121.494095 ) 
3 84 85 (-304.869080 2261.090088 128 ) (-304.869080 2224 128 ) (-390.214630 2224 86.676331 ) 
4 84 88 (-400 2448 128 ) (-400 2448 81.939789 ) (-400 2224 81.939789 ) (-400 2224 128 ) 
3 84 87 (-400 2224 128 ) (-400 2224 81.939789 ) (-304.872101 2224 128 ) 
3 85 86 (-318.330902 2255.243652 121.486740 ) (-304.878906 2261.089844 128 ) (-296 2261.089844 128 ) 
4 85 87 (-224 2224 86.676193 ) (-224 2224 128 ) (-304.872101 2224 128 ) (-390.217987 2224 86.676163 ) 
4 87 103 (-224 2224 64 ) (-224 2208 64 ) (-400 2208 64 ) (-400 2224 64 ) 
4 87 89 (-224 2208 231 ) (-224 2208 232 ) (-400 2208 232 ) (-400 2208 231 ) 
4 87 90 (-400 2208 64 ) (-224 2208 64 ) (-224 2208 208 ) (-400 2208 208 ) 
4 87 88 (-400 2208 64 ) (-400 2208 232 ) (-400 2224 232 ) (-400 2224 64 ) 
4 88 104 (-416 2208 64 ) (-416 2448 64 ) (-400 2448 64 ) (-400 2208 64 ) 
4 88 93 (-416 2240 64 ) (-416 2208 64 ) (-416 2208 208 ) (-416 2240 208 ) 
4 88 91 (-416 2448 231 ) (-416 2448 64 ) (-416 2240 64 ) (-416 2240 231 ) 
4 88 89 (-416 2208 232 ) (-416 2208 231 ) (-400 2208 231 ) (-400 2208 232 ) 
4 88 90 (-416 2208 208 ) (-416 2208 64 ) (-400 2208 64 ) (-400 2208 208 ) 
4 89 155 (-224 2048 251 ) (-416 2048 251 ) (-416 2048 231 ) (-224 2048 231 ) 
4 90 156 (-416 2048 208 ) (-416 2048 64 ) (-224 2048 64 ) (-224 2048 208 ) 
4 90 105 (-224 2048 64 ) (-416 2048 64 ) (-416 2208 64 ) (-224 2208 64 ) 
4 90 93 (-416 2208 64 ) (-416 2048 64 ) (-416 2048 208 ) (-416 2208 208 ) 
5 91 137 (-576 2240 231 ) (-576 2249.644775 231 ) (-576 2272 208.649414 ) (-576 2272 176.362579 ) (-576 2240 208.400406 ) 
4 91 135 (-576 2272 176.362579 ) (-576 2272 64 ) (-576 2240 64 ) (-576 2240 208.400406 ) 
3 91 134 (-576 2249.644775 231 ) (-576 2272 231 ) (-576 2272 208.649414 ) 
4 91 121 (-576 2377.724365 70.512627 ) (-576 2272 176.362579 ) (-576 2272 208.649429 ) (-576 2393.927734 86.747398 ) 
4 91 120 (-576 2416.679932 64 ) (-576 2384.229248 64 ) (-576 2377.724365 70.512627 ) (-576 2393.927734 86.747398 ) 
3 91 118 (-576 2384.229248 64 ) (-576 2272 64 ) (-576 2272 176.362579 ) 
5 91 117 (-576 2272 231 ) (-576 2448 231 ) (-576 2448 64 ) (-576 2416.679932 64 ) (-576 2272 208.649429 ) 
4 91 109 (-576 2240 64 ) (-576 2448 64 ) (-416 2448 64 ) (-416 2240 64 ) 
4 91 92 (-426.625031 2240 231 ) (-576 2240 231 ) (-576 2240 208 ) (-418 2240 208 ) 
4 91 93 (-576 2240 64 ) (-416 2240 64 ) (-416 2240 208 ) (-576 2240 208 ) 
4 92 164 (-576 2048 231 ) (-576 2048 208 ) (-418 2048 208 ) (-426.625031 2048 231 ) 
4 92 139 (-576 2048 208 ) (-576 2048 231 ) (-576 2192 231 ) (-576 2192 208 ) 
3 92 137 (-576 2217.427246 231 ) (-576 2240 231 ) (-576 2240 208.400406 ) 
5 92 135 (-576 2192 231 ) (-576 2217.427246 231 ) (-576 2240 208.400406 ) (-576 2240 208 ) (-576 2192 208 ) 
4 92 93 (-576 2048 208 ) (-576 2240 208 ) (-418 2240 208 ) (-418 2048 208 ) 
4 93 165 (-576 2048 208 ) (-576 2048 64 ) (-416 2048 64 ) (-416 2048 208 ) 
4 93 139 (-576 2048 80 ) (-576 2048 208 ) (-576 2192 208 ) (-576 2192 80 ) 
4 93 135 (-576 2192 208 ) (-576 2240 208 ) (-576 2240 64 ) (-576 2192 64 ) 
4 93 109 (-416 2048 64 ) (-576 2048 64 ) (-576 2240 64 ) (-416 2240 64 ) 
4 94 99 (-216 2208 -224 ) (-208 2208 -224 ) (-208 2208 17 ) (-216 2208 17 ) 
4 94 98 (-208 2208 -224 ) (0 2208 -224 ) (0 2208 64 ) (-208 2208 64 ) 
4 94 96 (-216 2456 -224 ) (-216 2224 -224 ) (-216 2224 24 ) (-216 2456 24 ) 
4 94 95 (-216 2496 64 ) (-216 2496 -224 ) (-216 2456 -224 ) (-216 2456 64 ) 
4 94 97 (-216 2224 -224 ) (-216 2208 -224 ) (-216 2208 64 ) (-216 2224 64 ) 
4 95 100 (-224 2456 64 ) (-224 2496 64 ) (-224 2496 -224 ) (-224 2456 -224 ) 
4 95 96 (-224 2456 24 ) (-224 2456 -224 ) (-216 2456 -224 ) (-216 2456 24 ) 
4 96 106 (-224 2448 -224 ) (-224 2224 -224 ) (-224 2224 16 ) (-224 2448 16 ) 
4 96 102 (-224 2224 16 ) (-224 2224 24 ) (-224 2448 24 ) (-224 2448 16 ) 
4 96 101 (-224 2456 16 ) (-224 2456 -224 ) (-224 2448 -224 ) (-224 2448 16 ) 
4 96 97 (-224 2224 24 ) (-224 2224 -224 ) (-216 2224 -224 ) (-216 2224 24 ) 
4 97 106 (-224 2224 16 ) (-224 2224 -224 ) (-224 2208 -224 ) (-224 2208 16 ) 
4 97 103 (-224 2208 64 ) (-224 2224 64 ) (-224 2224 16 ) (-224 2208 16 ) 
4 97 99 (-224 2208 17 ) (-224 2208 -224 ) (-216 2208 -224 ) (-216 2208 17 ) 
4 98 167 (0 2048 -224 ) (0 2048 17 ) (-208 2048 17 ) (-208 2048 -224 ) 
4 98 166 (0 2048 17 ) (0 2048 64 ) (-208 2048 64 ) (-208 2048 17 ) 
4 98 99 (-208 2208 17 ) (-208 2208 -224 ) (-208 2048 -224 ) (-208 2048 17 ) 
4 99 167 (-224 2048 17 ) (-224 2048 -224 ) (-208 2048 -224 ) (-208 2048 17 ) 
4 99 106 (-224 2208 16 ) (-224 2208 -224 ) (-224 2048 -224 ) (-224 2048 16 ) 
4 100 107 (-416 2456 64 ) (-416 2496 64 ) (-416 2496 -224 ) (-416 2456 -224 ) 
4 100 101 (-416 2456 16 ) (-416 2456 -224 ) (-224 2456 -224 ) (-224 2456 16 ) 
4 101 108 (-416 2448 -224 ) (-416 2448 16 ) (-416 2456 16 ) (-416 2456 -224 ) 
4 101 106 (-416 2448 16 ) (-416 2448 -224 ) (-224 2448 -224 ) (-224 2448 16 ) 
4 102 106 (-400 2448 16 ) (-224 2448 16 ) (-224 2224 16 ) (-400 2224 16 ) 
4 102 103 (-400 2224 24 ) (-400 2224 16 ) (-224 2224 16 ) (-224 2224 24 ) 
4 103 106 (-224 2224 16 ) (-224 2208 16 ) (-400 2208 16 ) (-400 2224 16 ) 
4 103 105 (-224 2208 24 ) (-224 2208 64 ) (-400 2208 64 ) (-400 2208 24 ) 
4 103 104 (-400 2208 32 ) (-400 2208 64 ) (-400 2224 64 ) (-400 2224 32 ) 
4 104 109 (-416 2208 64 ) (-416 2448 64 ) (-416 2448 32 ) (-416 2208 32 ) 
4 104 105 (-416 2208 64 ) (-416 2208 32 ) (-400 2208 32 ) (-400 2208 64 ) 
4 105 168 (-224 2048 24 ) (-224 2048 64 ) (-416 2048 64 ) (-416 2048 24 ) 
4 105 109 (-416 2048 24 ) (-416 2048 64 ) (-416 2208 64 ) (-416 2208 24 ) 
4 106 169 (-224 2048 -224 ) (-224 2048 16 ) (-416 2048 16 ) (-416 2048 -224 ) 
4 106 110 (-416 2048 -224 ) (-416 2048 16 ) (-416 2448 16 ) (-416 2448 -224 ) 
4 107 124 (-576 2456 64 ) (-576 2496 64 ) (-576 2496 -224 ) (-576 2456 -224 ) 
4 107 108 (-576 2456 -224 ) (-416 2456 -224 ) (-416 2456 16 ) (-576 2456 16 ) 
4 108 125 (-576 2448 -224 ) (-576 2448 16 ) (-576 2456 16 ) (-576 2456 -224 ) 
4 108 110 (-416 2448 -224 ) (-416 2448 16 ) (-576 2448 16 ) (-576 2448 -224 ) 
4 109 175 (-416 2048 24 ) (-416 2048 64 ) (-576 2048 64 ) (-576 2048 24 ) 
4 109 135 (-576 2192 64 ) (-576 2272 64 ) (-576 2272 24 ) (-576 2192 24 ) 
4 109 127 (-576 2272 64 ) (-576 2448 64 ) (-576 2448 24 ) (-576 2272 24 ) 
4 110 176 (-416 2048 -224 ) (-416 2048 16 ) (-576 2048 16 ) (-576 2048 -224 ) 
4 110 140 (-576 2048 -224 ) (-576 2048 16 ) (-576 2272 16 ) (-576 2272 -224 ) 
4 110 128 (-576 2272 16 ) (-576 2448 16 ) (-576 2448 -224 ) (-576 2272 -224 ) 
4 111 187 (-1024 2480 1280 ) (-1024 2496 1280 ) (-1024 2496 251 ) (-1024 2480 251 ) 
4 111 115 (-672 2496 251 ) (-576 2496 251 ) (-576 2480 251 ) (-672 2480 251 ) 
4 111 116 (-1024 2480 251 ) (-1024 2496 251 ) (-672 2496 251 ) (-672 2480 251 ) 
4 111 113 (-576 2480 372 ) (-576 2480 412 ) (-1024 2480 412 ) (-1024 2480 372 ) 
4 111 112 (-576 2480 412 ) (-576 2480 1280 ) (-1024 2480 1280 ) (-1024 2480 412 ) 
4 111 114 (-1024 2480 251 ) (-576 2480 251 ) (-576 2480 372 ) (-1024 2480 372 ) 
4 112 188 (-1024 2272 412 ) (-1024 2272 1280 ) (-1024 2480 1280 ) (-1024 2480 412 ) 
4 112 141 (-656 2272 1280 ) (-1024 2272 1280 ) (-1024 2272 412 ) (-656 2272 412 ) 
4 112 131 (-576 2272 412 ) (-576 2272 1280 ) (-656 2272 1280 ) (-656 2272 412 ) 
4 112 113 (-576 2272 412 ) (-1024 2272 412 ) (-1024 2480 412 ) (-576 2480 412 ) 
4 113 189 (-1024 2272 372 ) (-1024 2272 412 ) (-1024 2480 412 ) (-1024 2480 372 ) 
4 113 142 (-656 2272 412 ) (-1024 2272 412 ) (-1024 2272 372 ) (-656 2272 372 ) 
4 113 132 (-576 2272 372 ) (-576 2272 412 ) (-656 2272 412 ) (-656 2272 372 ) 
4 113 114 (-576 2272 372 ) (-1024 2272 372 ) (-1024 2480 372 ) (-576 2480 372 ) 
4 114 190 (-1024 2272 251 ) (-1024 2272 372 ) (-1024 2480 372 ) (-1024 2480 251 ) 
4 114 143 (-656 2272 372 ) (-1024 2272 372 ) (-1024 2272 251 ) (-656 2272 251 ) 
4 114 133 (-576 2272 251 ) (-576 2272 372 ) (-656 2272 372 ) (-656 2272 251 ) 
4 114 122 (-672 2272 251 ) (-1024 2272 251 ) (-1024 2448 251 ) (-672 2448 251 ) 
4 114 115 (-672 2480 251 ) (-576 2480 251 ) (-576 2456 251 ) (-672 2456 251 ) 
4 114 116 (-1024 2448 251 ) (-1024 2480 251 ) (-672 2480 251 ) (-672 2448 251 ) 
4 115 124 (-672 2496 64 ) (-576 2496 64 ) (-576 2456 64 ) (-672 2456 64 ) 
4 115 116 (-672 2496 251 ) (-672 2496 64 ) (-672 2456 64 ) (-672 2456 251 ) 
4 116 190 (-1024 2448 251 ) (-1024 2480 251 ) (-1024 2480 64 ) (-1024 2448 64 ) 
4 116 187 (-1024 2480 251 ) (-1024 2496 251 ) (-1024 2496 64 ) (-1024 2480 64 ) 
4 116 126 (-1024 2448 64 ) (-1024 2496 64 ) (-672 2496 64 ) (-672 2448 64 ) 
4 116 123 (-1024 2448 64 ) (-672 2448 64 ) (-672 2448 80 ) (-1024 2448 80 ) 
4 116 122 (-672 2448 80 ) (-672 2448 251 ) (-1024 2448 251 ) (-1024 2448 80 ) 
4 117 134 (-576 2272 208.649429 ) (-576 2272 231 ) (-656 2272 231 ) (-656 2272 208.689636 ) 
4 117 127 (-656 2416.720215 64 ) (-656 2448 64 ) (-576 2448 64 ) (-576 2416.679932 64 ) 
4 117 121 (-576 2272 208.651123 ) (-638.275391 2272 208.682343 ) (-591.003784 2396.751709 83.933449 ) (-576 2393.928711 86.748199 ) 
4 117 120 (-601.269714 2398.683105 82.007538 ) (-594.445801 2416.690918 64 ) (-576 2416.681641 64 ) (-576 2393.928711 86.748199 ) 
4 117 119 (-649.275024 2272 208.687851 ) (-656 2272 208.691223 ) (-656 2416.721680 64 ) (-594.445801 2416.690918 64 ) 
4 118 135 (-576 2272 64 ) (-576 2272 176.362579 ) (-656 2272 176.122101 ) (-656 2272 64 ) 
4 118 127 (-576 2272 64 ) (-656 2272 64 ) (-656 2383.989258 64 ) (-576 2384.229248 64 ) 
4 118 121 (-641.039001 2272 176.161209 ) (-576 2272 176.356674 ) (-576 2377.721191 70.509506 ) (-599.332458 2382.067139 66.088150 ) 
4 118 120 (-576 2384.222900 64 ) (-600.610291 2384.148926 64 ) (-601.262939 2382.426758 65.722336 ) (-576 2377.721191 70.509506 ) 
4 118 119 (-600.610291 2384.148926 64 ) (-656 2383.982666 64 ) (-656 2272 176.116241 ) (-643.109741 2272 176.154984 ) 
4 119 136 (-649.274719 2272 208.686249 ) (-656 2272 208.689636 ) (-656 2272 176.122101 ) (-643.110840 2272 176.160843 ) 
4 119 127 (-656 2383.989258 64 ) (-656 2416.720215 64 ) (-594.446106 2416.689209 64 ) (-600.609070 2384.155518 64 ) 
4 119 120 (-601.262512 2382.430176 65.726082 ) (-600.608459 2384.156250 64 ) (-594.444824 2416.694580 64 ) (-601.269470 2398.684814 82.009460 ) 
4 120 127 (-594.446106 2416.689209 64 ) (-576 2416.679932 64 ) (-576 2384.229248 64 ) (-600.609070 2384.155518 64 ) 
4 120 121 (-599.328918 2382.074219 66.092247 ) (-576 2377.728760 70.512848 ) (-576 2393.929932 86.743835 ) (-591.003662 2396.752930 83.929077 ) 
4 121 137 (-576 2272 176.362579 ) (-576 2272 208.649429 ) (-638.275513 2272 208.680725 ) (-641.038574 2272 176.167068 ) 
4 122 190 (-1024 2272 80 ) (-1024 2272 251 ) (-1024 2448 251 ) (-1024 2448 80 ) 
4 122 144 (-672 2272 251 ) (-1024 2272 251 ) (-1024 2272 80 ) (-672 2272 80 ) 
4 122 123 (-1024 2448 80 ) (-672 2448 80 ) (-672 2272 80 ) (-1024 2272 80 ) 
4 123 190 (-1024 2272 64 ) (-1024 2272 80 ) (-1024 2448 80 ) (-1024 2448 64 ) 
4 123 146 (-1024 2272 80 ) (-1024 2272 64 ) (-672 2272 64 ) (-672 2272 80 ) 
4 123 129 (-672 2272 64 ) (-1024 2272 64 ) (-1024 2448 64 ) (-672 2448 64 ) 
4 124 125 (-672 2456 16 ) (-672 2456 -224 ) (-576 2456 -224 ) (-576 2456 16 ) 
4 124 126 (-672 2496 64 ) (-672 2496 -224 ) (-672 2456 -224 ) (-672 2456 64 ) 
4 125 130 (-656 2448 16 ) (-672 2448 16 ) (-672 2448 -224 ) (-656 2448 -224 ) 
4 125 128 (-576 2448 -224 ) (-576 2448 16 ) (-656 2448 16 ) (-656 2448 -224 ) 
4 125 126 (-672 2456 -224 ) (-672 2448 -224 ) (-672 2448 16 ) (-672 2456 16 ) 
4 126 190 (-1024 2448 -224 ) (-1024 2448 64 ) (-1024 2480 64 ) (-1024 2480 -224 ) 
4 126 187 (-1024 2480 64 ) (-1024 2496 64 ) (-1024 2496 -224 ) (-1024 2480 -224 ) 
4 126 130 (-1024 2448 16 ) (-1024 2448 -224 ) (-672 2448 -224 ) (-672 2448 16 ) 
4 126 129 (-672 2448 64 ) (-1024 2448 64 ) (-1024 2448 16 ) (-672 2448 16 ) 
4 127 135 (-576 2272 24 ) (-576 2272 64 ) (-656 2272 64 ) (-656 2272 24 ) 
4 128 140 (-576 2272 -224 ) (-576 2272 16 ) (-656 2272 16 ) (-656 2272 -224 ) 
4 128 130 (-656 2448 16 ) (-656 2448 -224 ) (-656 2272 -224 ) (-656 2272 16 ) 
4 129 190 (-1024 2272 16 ) (-1024 2272 64 ) (-1024 2448 64 ) (-1024 2448 16 ) 
4 129 146 (-672 2272 64 ) (-1024 2272 64 ) (-1024 2272 16 ) (-672 2272 16 ) 
4 129 130 (-1024 2448 16 ) (-672 2448 16 ) (-672 2272 16 ) (-1024 2272 16 ) 
4 130 190 (-1024 2272 -224 ) (-1024 2272 16 ) (-1024 2448 16 ) (-1024 2448 -224 ) 
4 130 145 (-656 2272 -224 ) (-656 2272 16 ) (-672 2272 16 ) (-672 2272 -224 ) 
4 130 146 (-672 2272 16 ) (-1024 2272 16 ) (-1024 2272 -224 ) (-672 2272 -224 ) 
4 131 177 (-576 2048 412 ) (-576 2048 1280 ) (-656 2048 1280 ) (-656 2048 412 ) 
4 131 141 (-656 2272 1280 ) (-656 2272 412 ) (-656 2048 412 ) (-656 2048 1280 ) 
4 131 132 (-656 2048 412 ) (-656 2272 412 ) (-576 2272 412 ) (-576 2048 412 ) 
4 132 178 (-576 2048 372 ) (-576 2048 412 ) (-656 2048 412 ) (-656 2048 372 ) 
4 132 142 (-656 2272 412 ) (-656 2272 372 ) (-656 2048 372 ) (-656 2048 412 ) 
4 132 133 (-656 2048 372 ) (-656 2272 372 ) (-576 2272 372 ) (-576 2048 372 ) 
4 133 179 (-576 2048 251 ) (-576 2048 372 ) (-656 2048 372 ) (-656 2048 251 ) 
4 133 143 (-656 2272 372 ) (-656 2272 251 ) (-656 2048 251 ) (-656 2048 372 ) 
5 134 138 (-646.732178 2249.682129 231 ) (-656 2249.686768 231 ) (-656 2254.253174 226.434509 ) (-655.098877 2256.631348 224.056488 ) (-644.840515 2254.674316 226.008011 ) 
4 134 137 (-576 2249.646729 231 ) (-646.732178 2249.682129 231 ) (-638.275330 2272 208.682526 ) (-576 2272 208.651321 ) 
3 134 136 (-656 2254.253174 226.434509 ) (-656 2272 208.691406 ) (-649.275085 2272 208.688034 ) 
4 135 139 (-576 2192 80 ) (-576 2192 231 ) (-656 2192 231 ) (-656 2192 80 ) 
4 135 138 (-655.097046 2240.367676 207.789536 ) (-656 2237.984863 210.172470 ) (-656 2232.516846 215.647049 ) (-653.163513 2240.002441 208.161026 ) 
5 135 137 (-576 2272 176.357391 ) (-641.038940 2272 176.161926 ) (-656 2232.516846 215.647049 ) (-656 2217.181885 231 ) (-576 2217.422119 231 ) 
3 135 136 (-643.109863 2272 176.155701 ) (-656 2272 176.116959 ) (-656 2237.984863 210.172470 ) 
4 136 138 (-656 2237.989258 210.172653 ) (-655.097778 2240.370117 207.791641 ) (-655.097534 2256.633301 224.059235 ) (-656 2254.251709 226.440765 ) 
5 137 138 (-653.163147 2240.005371 208.164032 ) (-656 2232.518799 215.650986 ) (-656 2229.708252 231 ) (-646.733582 2249.684814 231 ) (-644.842346 2254.675781 226.009018 ) 
4 139 180 (-576 2048 80 ) (-576 2048 231 ) (-656 2048 231 ) (-656 2048 80 ) 
4 140 184 (-576 2048 -224 ) (-576 2048 16 ) (-656 2048 16 ) (-656 2048 -224 ) 
4 140 145 (-656 2272 16 ) (-656 2272 -224 ) (-656 2048 -224 ) (-656 2048 16 ) 
4 141 188 (-1024 2048 412 ) (-1024 2048 1280 ) (-1024 2272 1280 ) (-1024 2272 412 ) 
4 141 177 (-1024 2048 1280 ) (-1024 2048 412 ) (-656 2048 412 ) (-656 2048 1280 ) 
4 141 142 (-1024 2048 412 ) (-1024 2272 412 ) (-656 2272 412 ) (-656 2048 412 ) 
4 142 189 (-1024 2048 372 ) (-1024 2048 412 ) (-1024 2272 412 ) (-1024 2272 372 ) 
4 142 178 (-1024 2048 412 ) (-1024 2048 372 ) (-656 2048 372 ) (-656 2048 412 ) 
4 142 143 (-1024 2272 372 ) (-656 2272 372 ) (-656 2048 372 ) (-1024 2048 372 ) 
4 143 190 (-1024 2048 251 ) (-1024 2048 372 ) (-1024 2272 372 ) (-1024 2272 251 ) 
4 143 179 (-1024 2048 372 ) (-1024 2048 251 ) (-656 2048 251 ) (-656 2048 372 ) 
4 143 144 (-1024 2272 251 ) (-672 2272 251 ) (-672 2048 251 ) (-1024 2048 251 ) 
4 144 190 (-1024 2048 80 ) (-1024 2048 251 ) (-1024 2272 251 ) (-1024 2272 80 ) 
4 144 183 (-1024 2048 251 ) (-1024 2048 80 ) (-672 2048 80 ) (-672 2048 251 ) 
4 144 146 (-1024 2048 80 ) (-1024 2272 80 ) (-672 2272 80 ) (-672 2048 80 ) 
4 145 186 (-672 2048 -224 ) (-656 2048 -224 ) (-656 2048 16 ) (-672 2048 16 ) 
4 145 146 (-672 2272 -224 ) (-672 2048 -224 ) (-672 2048 16 ) (-672 2272 16 ) 
4 146 190 (-1024 2048 -224 ) (-1024 2048 80 ) (-1024 2272 80 ) (-1024 2272 -224 ) 
4 146 186 (-1024 2048 16 ) (-1024 2048 -224 ) (-672 2048 -224 ) (-672 2048 16 ) 
4 146 185 (-1024 2048 80 ) (-1024 2048 16 ) (-672 2048 16 ) (-672 2048 80 ) 
4 147 203 (1024 1024 412 ) (1024 1024 1280 ) (0 1024 1280 ) (0 1024 412 ) 
4 147 150 (0 2048 1280 ) (0 2048 412 ) (0 1024 412 ) (0 1024 1280 ) 
4 147 148 (1024 1024 412 ) (0 1024 412 ) (0 2048 412 ) (1024 2048 412 ) 
4 148 204 (1024 1024 372 ) (1024 1024 412 ) (0 1024 412 ) (0 1024 372 ) 
4 148 151 (0 2048 412 ) (0 2048 372 ) (0 1024 372 ) (0 1024 412 ) 
4 148 149 (0 2048 372 ) (1024 2048 372 ) (1024 1024 372 ) (0 1024 372 ) 
4 149 239 (1024 1024 -224 ) (1024 1024 16 ) (0 1024 16 ) (0 1024 -224 ) 
4 149 224 (1024 1024 16 ) (1024 1024 64 ) (0 1024 64 ) (0 1024 16 ) 
4 149 220 (1024 1024 64 ) (1024 1024 80 ) (0 1024 80 ) (0 1024 64 ) 
4 149 218 (1024 1024 80 ) (1024 1024 231 ) (0 1024 231 ) (0 1024 80 ) 
4 149 212 (1024 1024 231 ) (1024 1024 251 ) (0 1024 251 ) (0 1024 231 ) 
4 149 206 (1024 1024 251 ) (1024 1024 272 ) (0 1024 272 ) (0 1024 251 ) 
4 149 205 (1024 1024 272 ) (1024 1024 372 ) (0 1024 372 ) (0 1024 272 ) 
4 149 172 (0 2032 -224 ) (0 1024 -224 ) (0 1024 24 ) (0 2032 24 ) 
4 149 170 (0 1024 24 ) (0 1024 64 ) (0 2032 64 ) (0 2032 24 ) 
4 149 167 (0 2048 17 ) (0 2048 -224 ) (0 2032 -224 ) (0 2032 17 ) 
4 149 166 (0 2048 64 ) (0 2048 17 ) (0 2032 17 ) (0 2032 64 ) 
4 149 160 (0 2016 64 ) (0 1024 64 ) (0 1024 251 ) (0 2016 251 ) 
4 149 157 (0 2032 64 ) (0 2016 64 ) (0 2016 251 ) (0 2032 251 ) 
4 149 153 (0 2048 251 ) (0 2048 64 ) (0 2032 64 ) (0 2032 251 ) 
4 149 152 (0 2048 372 ) (0 2048 251 ) (0 1024 251 ) (0 1024 372 ) 
4 150 243 (0 1024 1006.546570 ) (0 1024 1280 ) (-416 1024 1280 ) (-416 1024 766.368347 ) 
4 150 240 (0 1024 412 ) (0 1024 1006.546570 ) (-416 1024 766.368347 ) (-416 1024 412 ) 
4 150 161 (-416 1024 412 ) (-416 1024 1280 ) (-416 2048 1280 ) (-416 2048 412 ) 
4 150 151 (-416 1024 412 ) (-416 2048 412 ) (0 2048 412 ) (0 1024 412 ) 
4 151 241 (0 1024 372 ) (0 1024 412 ) (-416 1024 412 ) (-416 1024 372 ) 
4 151 162 (-416 1024 372 ) (-416 1024 412 ) (-416 2048 412 ) (-416 2048 372 ) 
4 151 152 (0 1024 372 ) (-416 1024 372 ) (-416 2048 372 ) (0 2048 372 ) 
4 152 247 (0 1024 251 ) (0 1024 272 ) (-416 1024 272 ) (-416 1024 251 ) 
4 152 242 (0 1024 272 ) (0 1024 372 ) (-416 1024 372 ) (-416 1024 272 ) 
4 152 163 (-416 1024 251 ) (-416 1024 372 ) (-416 2048 372 ) (-416 2048 251 ) 
4 152 160 (0 1024 251 ) (-400 1024 251 ) (-400 2016 251 ) (0 2016 251 ) 
4 152 158 (-400 2032 251 ) (-224 2032 251 ) (-224 2016 251 ) (-400 2016 251 ) 
4 152 157 (-224 2032 251 ) (0 2032 251 ) (0 2016 251 ) (-224 2016 251 ) 
4 152 155 (-416 2032 251 ) (-416 2048 251 ) (-224 2048 251 ) (-224 2032 251 ) 
4 152 154 (-224 2048 251 ) (-208 2048 251 ) (-208 2032 251 ) (-224 2032 251 ) 
4 152 153 (-208 2048 251 ) (0 2048 251 ) (0 2032 251 ) (-208 2032 251 ) 
4 153 166 (-208 2048 64 ) (0 2048 64 ) (0 2032 64 ) (-208 2032 64 ) 
4 153 157 (0 2032 251 ) (-208 2032 251 ) (-208 2032 64 ) (0 2032 64 ) 
4 153 154 (-208 2032 231 ) (-208 2032 251 ) (-208 2048 251 ) (-208 2048 231 ) 
4 154 157 (-208 2032 251 ) (-224 2032 251 ) (-224 2032 231 ) (-208 2032 231 ) 
4 154 155 (-224 2032 231 ) (-224 2032 251 ) (-224 2048 251 ) (-224 2048 231 ) 
4 155 158 (-224 2032 251 ) (-400 2032 251 ) (-400 2032 232 ) (-224 2032 232 ) 
4 156 168 (-416 2032 64 ) (-416 2048 64 ) (-224 2048 64 ) (-224 2032 64 ) 
4 156 165 (-416 2048 64 ) (-416 2032 64 ) (-416 2032 208 ) (-416 2048 208 ) 
4 156 159 (-416 2032 208 ) (-416 2032 64 ) (-400 2032 64 ) (-400 2032 208 ) 
4 157 170 (-224 2032 64 ) (0 2032 64 ) (0 2016 64 ) (-224 2016 64 ) 
4 157 160 (0 2016 251 ) (-224 2016 251 ) (-224 2016 64 ) (0 2016 64 ) 
4 157 158 (-224 2032 251 ) (-224 2032 232 ) (-224 2016 232 ) (-224 2016 251 ) 
4 158 160 (-224 2016 251 ) (-400 2016 251 ) (-400 2016 232 ) (-224 2016 232 ) 
4 159 173 (-416 2016 64 ) (-416 2032 64 ) (-400 2032 64 ) (-400 2016 64 ) 
4 159 165 (-416 2032 64 ) (-416 2016 64 ) (-416 2016 208 ) (-416 2032 208 ) 
4 160 278 (0 1024 64 ) (0 1024 80 ) (-400 1024 80 ) (-400 1024 64 ) 
4 160 256 (0 1024 80 ) (0 1024 208 ) (-400 1024 208 ) (-400 1024 80 ) 
4 160 252 (0 1024 208 ) (0 1024 231 ) (-400 1024 231 ) (-400 1024 208 ) 
4 160 250 (0 1024 231 ) (0 1024 251 ) (-400 1024 251 ) (-400 1024 231 ) 
4 160 171 (-224 1024 64 ) (-400 1024 64 ) (-400 2016 64 ) (-224 2016 64 ) 
4 160 170 (0 1024 64 ) (-224 1024 64 ) (-224 2016 64 ) (0 2016 64 ) 
4 161 243 (-576 1024 1280 ) (-576 1024 673.992004 ) (-416 1024 766.368286 ) (-416 1024 1280 ) 
4 161 240 (-576 1024 673.992004 ) (-576 1024 412 ) (-416 1024 412 ) (-416 1024 766.368286 ) 
4 161 177 (-576 1024 412 ) (-576 1024 1280 ) (-576 2048 1280 ) (-576 2048 412 ) 
4 161 162 (-576 1024 412 ) (-576 2048 412 ) (-416 2048 412 ) (-416 1024 412 ) 
4 162 241 (-576 1024 412 ) (-576 1024 372 ) (-416 1024 372 ) (-416 1024 412 ) 
4 162 178 (-576 1024 372 ) (-576 1024 412 ) (-576 2048 412 ) (-576 2048 372 ) 
4 162 163 (-576 1024 372 ) (-576 2048 372 ) (-416 2048 372 ) (-416 1024 372 ) 
4 163 247 (-576 1024 272 ) (-576 1024 251 ) (-416 1024 251 ) (-416 1024 272 ) 
4 163 242 (-576 1024 372 ) (-576 1024 272 ) (-416 1024 272 ) (-416 1024 372 ) 
4 163 179 (-576 1024 251 ) (-576 1024 372 ) (-576 2048 372 ) (-576 2048 251 ) 
4 164 254 (-576 1024 231 ) (-576 1024 208 ) (-418 1024 208 ) (-426.625031 1024 231 ) 
4 164 181 (-576 1024 208 ) (-576 1024 231 ) (-576 1984 231 ) (-576 1984 208 ) 
4 164 180 (-576 1984 231 ) (-576 2048 231 ) (-576 2048 208 ) (-576 1984 208 ) 
4 164 165 (-576 1024 208 ) (-576 2048 208 ) (-418 2048 208 ) (-418 1024 208 ) 
4 165 279 (-576 1024 80 ) (-576 1024 64 ) (-416 1024 64 ) (-416 1024 80 ) 
4 165 258 (-576 1024 200 ) (-576 1024 80 ) (-416 1024 80 ) (-416 1024 200 ) 
4 165 257 (-576 1024 208 ) (-576 1024 200 ) (-416 1024 200 ) (-416 1024 208 ) 
4 165 182 (-576 1024 80 ) (-576 1024 208 ) (-576 1984 208 ) (-576 1984 80 ) 
4 165 180 (-576 1984 208 ) (-576 2048 208 ) (-576 2048 80 ) (-576 1984 80 ) 
4 165 175 (-416 1024 64 ) (-576 1024 64 ) (-576 2048 64 ) (-416 2048 64 ) 
4 166 172 (0 2032 17 ) (0 2032 24 ) (-208 2032 24 ) (-208 2032 17 ) 
4 166 170 (0 2032 24 ) (0 2032 64 ) (-208 2032 64 ) (-208 2032 24 ) 
4 166 167 (0 2032 17 ) (-208 2032 17 ) (-208 2048 17 ) (0 2048 17 ) 
4 167 172 (0 2032 -224 ) (0 2032 17 ) (-224 2032 17 ) (-224 2032 -224 ) 
4 167 169 (-224 2032 -224 ) (-224 2032 16 ) (-224 2048 16 ) (-224 2048 -224 ) 
4 168 175 (-416 2032 24 ) (-416 2032 64 ) (-416 2048 64 ) (-416 2048 24 ) 
4 168 173 (-416 2032 64 ) (-416 2032 32 ) (-400 2032 32 ) (-400 2032 64 ) 
4 169 176 (-416 2032 -224 ) (-416 2032 16 ) (-416 2048 16 ) (-416 2048 -224 ) 
4 169 174 (-416 2032 16 ) (-416 2032 -224 ) (-400 2032 -224 ) (-400 2032 16 ) 
4 169 172 (-400 2032 -224 ) (-224 2032 -224 ) (-224 2032 16 ) (-400 2032 16 ) 
4 170 292 (0 1024 24 ) (0 1024 32 ) (-224 1024 32 ) (-224 1024 24 ) 
4 170 288 (0 1024 32 ) (0 1024 64 ) (-224 1024 64 ) (-224 1024 32 ) 
4 170 172 (0 1024 24 ) (-224 1024 24 ) (-224 2032 24 ) (0 2032 24 ) 
4 170 171 (-224 2016 24 ) (-224 1024 24 ) (-224 1024 64 ) (-224 2016 64 ) 
4 171 292 (-400 1024 32 ) (-400 1024 24 ) (-224 1024 24 ) (-224 1024 32 ) 
4 171 288 (-224 1024 64 ) (-400 1024 64 ) (-400 1024 32 ) (-224 1024 32 ) 
4 171 172 (-224 1024 24 ) (-400 1024 24 ) (-400 2016 24 ) (-224 2016 24 ) 
4 172 329 (0 1024 -224 ) (0 1024 16 ) (-400 1024 16 ) (-400 1024 -224 ) 
4 172 292 (0 1024 16 ) (0 1024 24 ) (-400 1024 24 ) (-400 1024 16 ) 
4 172 174 (-400 2032 16 ) (-400 2032 -224 ) (-400 1024 -224 ) (-400 1024 16 ) 
4 173 175 (-416 2016 64 ) (-416 2032 64 ) (-416 2032 32 ) (-416 2016 32 ) 
4 174 329 (-400 1024 -224 ) (-400 1024 16 ) (-416 1024 16 ) (-416 1024 -224 ) 
4 174 176 (-416 1024 -224 ) (-416 1024 16 ) (-416 2032 16 ) (-416 2032 -224 ) 
4 175 305 (-416 1024 24 ) (-416 1024 32 ) (-576 1024 32 ) (-576 1024 24 ) 
4 175 301 (-416 1024 32 ) (-416 1024 64 ) (-576 1024 64 ) (-576 1024 32 ) 
4 176 329 (-416 1024 -224 ) (-416 1024 16 ) (-576 1024 16 ) (-576 1024 -224 ) 
4 176 184 (-576 1024 -224 ) (-576 1024 16 ) (-576 2048 16 ) (-576 2048 -224 ) 
4 177 243 (-576 1024 673.992004 ) (-576 1024 1280 ) (-1024 1024 1280 ) (-1024 1024 415.338440 ) 
4 177 240 (-576 1024 412 ) (-576 1024 673.992004 ) (-1024 1024 415.338440 ) (-1024 1024 412 ) 
4 177 191 (-1024 1024 412 ) (-1024 1024 1280 ) (-1024 2048 1280 ) (-1024 2048 412 ) 
4 177 178 (-1024 2048 412 ) (-576 2048 412 ) (-576 1024 412 ) (-1024 1024 412 ) 
4 178 241 (-576 1024 372 ) (-576 1024 412 ) (-1024 1024 412 ) (-1024 1024 372 ) 
4 178 192 (-1024 1024 372 ) (-1024 1024 412 ) (-1024 2048 412 ) (-1024 2048 372 ) 
4 178 179 (-1024 1024 372 ) (-1024 2048 372 ) (-576 2048 372 ) (-576 1024 372 ) 
4 179 247 (-576 1024 251 ) (-576 1024 272 ) (-1024 1024 272 ) (-1024 1024 251 ) 
4 179 242 (-576 1024 272 ) (-576 1024 372 ) (-1024 1024 372 ) (-1024 1024 272 ) 
4 179 193 (-1024 1024 251 ) (-1024 1024 372 ) (-1024 2048 372 ) (-1024 2048 251 ) 
4 179 183 (-1024 1024 251 ) (-1024 2048 251 ) (-672 2048 251 ) (-672 1024 251 ) 
4 180 181 (-576 1984 231 ) (-645.375061 1984 231 ) (-654 1984 208 ) (-576 1984 208 ) 
4 180 182 (-656 1984 208 ) (-656 1984 80 ) (-576 1984 80 ) (-576 1984 208 ) 
4 181 254 (-576 1024 208 ) (-576 1024 231 ) (-645.375061 1024 231 ) (-654 1024 208 ) 
4 181 182 (-654 1984 208 ) (-576 1984 208 ) (-576 1024 208 ) (-654 1024 208 ) 
4 182 259 (-649.045044 1024 200 ) (-656 1024 200 ) (-656 1024 80 ) (-649.045044 1024 80 ) 
4 182 258 (-576 1024 80 ) (-576 1024 200 ) (-649.045044 1024 200 ) (-649.045044 1024 80 ) 
4 182 257 (-576 1024 200 ) (-576 1024 208 ) (-656 1024 208 ) (-656 1024 200 ) 
4 183 268 (-786 1024 188 ) (-786 1024 80 ) (-672 1024 80 ) (-672 1024 188 ) 
4 183 266 (-672 1024 251 ) (-786 1024 251 ) (-786 1024 188 ) (-672 1024 188 ) 
4 183 275 (-786 1024 251 ) (-1024 1024 251 ) (-1024 1024 80 ) (-786 1024 80 ) 
4 183 193 (-1024 1024 80 ) (-1024 1024 251 ) (-1024 2048 251 ) (-1024 2048 80 ) 
4 183 185 (-1024 2048 80 ) (-672 2048 80 ) (-672 1024 80 ) (-1024 1024 80 ) 
4 184 329 (-576 1024 -224 ) (-576 1024 16 ) (-656 1024 16 ) (-656 1024 -224 ) 
4 184 186 (-656 1024 -224 ) (-656 1024 16 ) (-656 2048 16 ) (-656 2048 -224 ) 
4 185 323 (-1024 1024 32 ) (-1024 1024 16 ) (-672 1024 16 ) (-672 1024 32 ) 
4 185 313 (-1024 1024 64 ) (-1024 1024 32 ) (-672 1024 32 ) (-672 1024 64 ) 
4 185 281 (-672 1024 80 ) (-786 1024 80 ) (-786 1024 64 ) (-672 1024 64 ) 
4 185 284 (-786 1024 80 ) (-1024 1024 80 ) (-1024 1024 64 ) (-786 1024 64 ) 
4 185 193 (-1024 1024 16 ) (-1024 1024 80 ) (-1024 2048 80 ) (-1024 2048 16 ) 
4 185 186 (-1024 2048 16 ) (-672 2048 16 ) (-672 1024 16 ) (-1024 1024 16 ) 
4 186 329 (-656 1024 -224 ) (-656 1024 16 ) (-1024 1024 16 ) (-1024 1024 -224 ) 
4 186 193 (-1024 1024 -224 ) (-1024 1024 16 ) (-1024 2048 16 ) (-1024 2048 -224 ) 
4 187 194 (-2048 2480 1280 ) (-2048 2496 1280 ) (-2048 2496 -224 ) (-2048 2480 -224 ) 
4 187 189 (-1024 2480 372 ) (-1024 2480 412 ) (-2048 2480 412 ) (-2048 2480 372 ) 
4 187 188 (-1024 2480 412 ) (-1024 2480 1280 ) (-2048 2480 1280 ) (-2048 2480 412 ) 
4 187 190 (-2048 2480 -224 ) (-1024 2480 -224 ) (-1024 2480 372 ) (-2048 2480 372 ) 
4 188 195 (-2048 2048 412 ) (-2048 2048 1280 ) (-2048 2480 1280 ) (-2048 2480 412 ) 
4 188 191 (-1024 2048 412 ) (-1024 2048 1280 ) (-2048 2048 1280 ) (-2048 2048 412 ) 
4 188 189 (-1024 2048 412 ) (-2048 2048 412 ) (-2048 2480 412 ) (-1024 2480 412 ) 
4 189 196 (-2048 2048 372 ) (-2048 2048 412 ) (-2048 2480 412 ) (-2048 2480 372 ) 
4 189 192 (-1024 2048 372 ) (-1024 2048 412 ) (-2048 2048 412 ) (-2048 2048 372 ) 
4 189 190 (-2048 2048 372 ) (-2048 2480 372 ) (-1024 2480 372 ) (-1024 2048 372 ) 
4 190 197 (-2048 2048 -224 ) (-2048 2048 372 ) (-2048 2480 372 ) (-2048 2480 -224 ) 
4 190 193 (-1024 2048 -224 ) (-1024 2048 372 ) (-2048 2048 372 ) (-2048 2048 -224 ) 
3 191 341 (-1024 1024 420.277130 ) (-1024 1024 1280 ) (-1520.426636 1024 1280 ) 
5 191 338 (-1024 1024 412 ) (-1024 1024 420.277130 ) (-1520.426636 1024 1280 ) (-2048 1024 1280 ) (-2048 1024 412 ) 
4 191 199 (-2048 1024 412 ) (-2048 1024 1280 ) (-2048 2048 1280 ) (-2048 2048 412 ) 
4 191 192 (-1024 2048 412 ) (-1024 1024 412 ) (-2048 1024 412 ) (-2048 2048 412 ) 
4 192 339 (-1024 1024 372 ) (-1024 1024 412 ) (-2048 1024 412 ) (-2048 1024 372 ) 
4 192 200 (-2048 1024 372 ) (-2048 1024 412 ) (-2048 2048 412 ) (-2048 2048 372 ) 
4 192 193 (-1024 1024 372 ) (-2048 1024 372 ) (-2048 2048 372 ) (-1024 2048 372 ) 
4 193 376 (-1024 1024 -224 ) (-1024 1024 16 ) (-2048 1024 16 ) (-2048 1024 -224 ) 
4 193 371 (-1024 1024 16 ) (-1024 1024 32 ) (-2048 1024 32 ) (-2048 1024 16 ) 
4 193 363 (-1024 1024 32 ) (-1024 1024 64 ) (-2048 1024 64 ) (-2048 1024 32 ) 
4 193 358 (-1024 1024 64 ) (-1024 1024 80 ) (-2048 1024 80 ) (-2048 1024 64 ) 
4 193 356 (-1024 1024 80 ) (-1024 1024 231 ) (-2048 1024 231 ) (-2048 1024 80 ) 
4 193 354 (-1024 1024 231 ) (-1024 1024 251 ) (-2048 1024 251 ) (-2048 1024 231 ) 
4 193 351 (-1024 1024 251 ) (-1024 1024 272 ) (-2048 1024 272 ) (-2048 1024 251 ) 
4 193 340 (-1024 1024 272 ) (-1024 1024 372 ) (-2048 1024 372 ) (-2048 1024 272 ) 
4 193 201 (-2048 1024 -224 ) (-2048 1024 372 ) (-2048 2048 372 ) (-2048 2048 -224 ) 
4 194 196 (-2816 2480 412 ) (-2816 2480 372 ) (-2048 2480 372 ) (-2048 2480 412 ) 
4 194 195 (-2816 2480 1280 ) (-2816 2480 412 ) (-2048 2480 412 ) (-2048 2480 1280 ) 
4 194 197 (-2816 2480 372 ) (-2816 2480 -224 ) (-2048 2480 -224 ) (-2048 2480 372 ) 
4 194 198 (-2816 2496 1280 ) (-2816 2496 -224 ) (-2816 2480 -224 ) (-2816 2480 1280 ) 
4 195 199 (-2048 2048 412 ) (-2048 2048 1280 ) (-2816 2048 1280 ) (-2816 2048 412 ) 
4 195 198 (-2816 2048 412 ) (-2816 2048 1280 ) (-2816 2480 1280 ) (-2816 2480 412 ) 
4 195 196 (-2816 2048 412 ) (-2816 2480 412 ) (-2048 2480 412 ) (-2048 2048 412 ) 
4 196 200 (-2048 2048 372 ) (-2048 2048 412 ) (-2816 2048 412 ) (-2816 2048 372 ) 
4 196 197 (-2048 2048 372 ) (-2816 2048 372 ) (-2816 2480 372 ) (-2048 2480 372 ) 
4 196 198 (-2816 2048 372 ) (-2816 2048 412 ) (-2816 2480 412 ) (-2816 2480 372 ) 
4 197 201 (-2048 2048 -224 ) (-2048 2048 372 ) (-2816 2048 372 ) (-2816 2048 -224 ) 
4 197 198 (-2816 2480 -224 ) (-2816 2048 -224 ) (-2816 2048 372 ) (-2816 2480 372 ) 
4 198 202 (-2816 2048 1280 ) (-2880 2048 1280 ) (-2880 2048 -224 ) (-2816 2048 -224 ) 
4 199 407 (-2776 1024 1280 ) (-2816 1024 1280 ) (-2816 1024 412 ) (-2776 1024 412 ) 
4 199 377 (-2048 1024 412 ) (-2048 1024 1280 ) (-2776 1024 1280 ) (-2776 1024 412 ) 
4 199 202 (-2816 1024 412 ) (-2816 1024 1280 ) (-2816 2048 1280 ) (-2816 2048 412 ) 
4 199 200 (-2048 1024 412 ) (-2816 1024 412 ) (-2816 2048 412 ) (-2048 2048 412 ) 
4 200 408 (-2776 1024 412 ) (-2816 1024 412 ) (-2816 1024 372 ) (-2776 1024 372 ) 
4 200 378 (-2048 1024 372 ) (-2048 1024 412 ) (-2776 1024 412 ) (-2776 1024 372 ) 
4 200 201 (-2816 1024 372 ) (-2816 2048 372 ) (-2048 2048 372 ) (-2048 1024 372 ) 
4 200 202 (-2816 1024 372 ) (-2816 1024 412 ) (-2816 2048 412 ) (-2816 2048 372 ) 
4 201 413 (-2816 1024 16 ) (-2816 1024 -224 ) (-2776 1024 -224 ) (-2776 1024 16 ) 
4 201 411 (-2784 1024 16 ) (-2776 1024 16 ) (-2776 1024 272 ) (-2784 1024 272 ) 
4 201 412 (-2816 1024 272 ) (-2816 1024 16 ) (-2784 1024 16 ) (-2784 1024 272 ) 
4 201 409 (-2776 1024 372 ) (-2816 1024 372 ) (-2816 1024 272 ) (-2776 1024 272 ) 
4 201 406 (-2048 1024 -224 ) (-2048 1024 16 ) (-2776 1024 16 ) (-2776 1024 -224 ) 
4 201 405 (-2048 1024 16 ) (-2048 1024 24 ) (-2776 1024 24 ) (-2776 1024 16 ) 
4 201 401 (-2048 1024 24 ) (-2048 1024 32 ) (-2776 1024 32 ) (-2776 1024 24 ) 
4 201 392 (-2048 1024 32 ) (-2048 1024 64 ) (-2776 1024 64 ) (-2776 1024 32 ) 
4 201 387 (-2048 1024 64 ) (-2048 1024 80 ) (-2776 1024 80 ) (-2776 1024 64 ) 
4 201 385 (-2048 1024 80 ) (-2048 1024 231 ) (-2776 1024 231 ) (-2776 1024 80 ) 
4 201 383 (-2048 1024 231 ) (-2048 1024 251 ) (-2776 1024 251 ) (-2776 1024 231 ) 
4 201 380 (-2048 1024 251 ) (-2048 1024 272 ) (-2776 1024 272 ) (-2776 1024 251 ) 
4 201 379 (-2048 1024 272 ) (-2048 1024 372 ) (-2776 1024 372 ) (-2776 1024 272 ) 
4 201 202 (-2816 2048 -224 ) (-2816 1024 -224 ) (-2816 1024 372 ) (-2816 2048 372 ) 
4 202 413 (-2880 1024 16 ) (-2880 1024 -224 ) (-2816 1024 -224 ) (-2816 1024 16 ) 
4 202 412 (-2880 1024 272 ) (-2880 1024 16 ) (-2816 1024 16 ) (-2816 1024 272 ) 
4 202 410 (-2816 1024 1280 ) (-2880 1024 1280 ) (-2880 1024 272 ) (-2816 1024 272 ) 
4 203 330 (1024 0 412 ) (1024 0 1280 ) (0 0 1280 ) (0 0 412 ) 
4 203 244 (0 80 1006.546570 ) (0 48 1006.546570 ) (0 48 1280 ) (0 80 1280 ) 
4 203 243 (0 1024 1280 ) (0 1024 1006.546631 ) (0 80 1006.546570 ) (0 80 1280 ) 
4 203 246 (0 48 1006.546570 ) (0 0 1006.546570 ) (0 0 1280 ) (0 48 1280 ) 
4 203 240 (0 1024 1006.546631 ) (0 1024 412 ) (0 0 412 ) (0 0 1006.546570 ) 
4 203 204 (0 0 412 ) (0 1024 412 ) (1024 1024 412 ) (1024 0 412 ) 
4 204 331 (1024 0 372 ) (1024 0 412 ) (0 0 412 ) (0 0 372 ) 
4 204 241 (0 1024 412 ) (0 1024 372 ) (0 0 372 ) (0 0 412 ) 
4 204 205 (1024 0 372 ) (0 0 372 ) (0 1024 372 ) (1024 1024 372 ) 
4 205 332 (1024 0 272 ) (1024 0 372 ) (0 0 372 ) (0 0 272 ) 
4 205 242 (0 1024 372 ) (0 1024 272 ) (0 0 272 ) (0 0 372 ) 
4 205 206 (0 230 272 ) (0 1024 272 ) (1024 1024 272 ) (1024 230 272 ) 
4 205 211 (1024 0 272 ) (0 0 272 ) (0 24 272 ) (1024 24 272 ) 
4 206 247 (0 1024 272 ) (0 1024 251 ) (0 230 251 ) (0 230 272 ) 
4 206 212 (0 254 251 ) (0 1024 251 ) (1024 1024 251 ) (1024 254 251 ) 
4 207 213 (608 207 251 ) (1024 207 251 ) (1024 144 251 ) (608 144 251 ) 
4 207 210 (608 144 266.068207 ) (608 170.997055 263 ) (608 206.998093 251 ) (608 144 251 ) 
4 207 208 (608 144 266.068176 ) (608 144 251 ) (1024 144 251 ) (1024 144 266.068176 ) 
4 208 214 (1024 144 251 ) (1024 128 251 ) (608 128 251 ) (608 144 251 ) 
4 208 209 (608 128 267.886353 ) (608 128 251 ) (1024 128 251 ) (1024 128 267.886353 ) 
4 208 210 (608 128 267.886383 ) (608 144 266.068207 ) (608 144 251 ) (608 128 251 ) 
4 209 216 (1024 128 251 ) (1024 47 251 ) (608 47 251 ) (608 128 251 ) 
5 209 210 (608 47.002953 251 ) (608 83.011719 263.003418 ) (608 126.990952 268.001038 ) (608 128 267.886383 ) (608 128 251 ) 
5 210 248 (0 207 251 ) (0 47 251 ) (0 83 263 ) (0 127 268 ) (0 171 263 ) 
4 210 217 (0 47 251 ) (0 207 251 ) (608 207 251 ) (608 47 251 ) 
4 211 332 (1024 0 251 ) (1024 0 272 ) (0 0 272 ) (0 0 251 ) 
4 211 249 (0 24 251 ) (0 0 251 ) (0 0 272 ) (0 24 272 ) 
4 212 250 (0 1024 251 ) (0 1024 231 ) (0 254 231 ) (0 254 251 ) 
4 212 218 (0 254 231 ) (0 1024 231 ) (1024 1024 231 ) (1024 254 231 ) 
4 213 219 (608 234 231 ) (1024 234 231 ) (1024 144 231 ) (608 144 231 ) 
4 213 215 (608 144 240 ) (608 144 231 ) (1024 144 231 ) (1024 144 240 ) 
4 213 214 (608 144 251 ) (608 144 240 ) (1024 144 240 ) (1024 144 251 ) 
4 213 217 (608 144 251 ) (608 207.007202 251 ) (608 234.007202 231 ) (608 144 231 ) 
4 214 217 (608 128 251 ) (608 144 251 ) (608 144 240 ) (608 128 240 ) 
4 214 216 (608 128 251 ) (608 128 240 ) (1024 128 240 ) (1024 128 251 ) 
4 214 215 (1024 128 240 ) (608 128 240 ) (608 144 240 ) (1024 144 240 ) 
4 215 219 (1024 144 231 ) (1024 128 231 ) (608 128 231 ) (608 144 231 ) 
4 215 217 (608 144 240 ) (608 144 231 ) (608 128 231 ) (608 128 240 ) 
4 215 216 (608 128 240 ) (608 128 231 ) (1024 128 231 ) (1024 128 240 ) 
4 216 219 (1024 128 231 ) (1024 20 231 ) (608 20 231 ) (608 128 231 ) 
4 216 217 (608 20.003906 231 ) (608 47.003906 251 ) (608 128 251 ) (608 128 231 ) 
4 217 251 (0 234 231 ) (0 20 231 ) (0 47 251 ) (0 207 251 ) 
4 217 219 (0 20 231 ) (0 234 231 ) (608 234 231 ) (608 20 231 ) 
4 218 256 (0 1024 208 ) (0 1024 80 ) (0 254 80 ) (0 254 208 ) 
4 218 252 (0 1024 231 ) (0 1024 208 ) (0 254 208 ) (0 254 231 ) 
4 218 220 (0 254 80 ) (0 1024 80 ) (1024 1024 80 ) (1024 254 80 ) 
4 219 265 (0 243 80 ) (0 11 80 ) (0 11 208 ) (0 243 208 ) 
4 219 253 (0 11 208 ) (0 20 231 ) (0 234 231 ) (0 243 208 ) 
4 219 223 (0 96 80 ) (0 233 80 ) (1024 233 80 ) (1024 96 80 ) 
4 219 221 (608 243 80 ) (1024 243 80 ) (1024 233 80 ) (608 233 80 ) 
4 219 222 (0 233 80 ) (0 243 80 ) (592 243 80 ) (592 233 80 ) 
4 220 278 (0 1024 80 ) (0 1024 64 ) (0 249 64 ) (0 249 80 ) 
4 220 224 (0 249 64 ) (0 1024 64 ) (1024 1024 64 ) (1024 249 64 ) 
4 221 226 (608 243 64 ) (1024 243 64 ) (1024 233 64 ) (608 233 64 ) 
4 221 223 (608 233 64 ) (1024 233 64 ) (1024 233 80 ) (608 233 80 ) 
4 222 285 (0 243 64 ) (0 233 64 ) (0 233 80 ) (0 243 80 ) 
4 222 232 (0 233 64 ) (0 243 64 ) (592 243 64 ) (592 233 64 ) 
4 222 223 (0 233 64 ) (592 233 64 ) (592 233 80 ) (0 233 80 ) 
4 223 285 (0 233 64 ) (0 96 64 ) (0 96 80 ) (0 233 80 ) 
4 223 237 (0 96 64 ) (0 112 64 ) (1024 112 64 ) (1024 96 64 ) 
4 223 234 (0 112 64 ) (0 144 64 ) (592 144 64 ) (592 112 64 ) 
4 223 233 (0 144 64 ) (0 201 64 ) (592 201 64 ) (592 144 64 ) 
4 223 232 (0 201 64 ) (0 233 64 ) (592 233 64 ) (592 201 64 ) 
4 223 231 (608 144 64 ) (608 112 64 ) (592 112 64 ) (592 144 64 ) 
4 223 230 (608 201 64 ) (608 144 64 ) (592 144 64 ) (592 201 64 ) 
4 223 229 (592 233 64 ) (608 233 64 ) (608 201 64 ) (592 201 64 ) 
4 223 227 (1024 201 64 ) (1024 144 64 ) (608 144 64 ) (608 201 64 ) 
4 223 226 (608 233 64 ) (1024 233 64 ) (1024 201 64 ) (608 201 64 ) 
4 223 228 (1024 144 64 ) (1024 112 64 ) (608 112 64 ) (608 144 64 ) 
4 224 292 (0 1024 32 ) (0 1024 16 ) (0 249 16 ) (0 249 32 ) 
4 224 288 (0 1024 64 ) (0 1024 32 ) (0 249 32 ) (0 249 64 ) 
4 224 239 (0 249 16 ) (0 1024 16 ) (1024 1024 16 ) (1024 249 16 ) 
4 224 225 (0 249 16 ) (1024 249 16 ) (1024 249 32 ) (0 249 32 ) 
4 225 292 (0 249 16 ) (0 225 16 ) (0 225 32 ) (0 249 32 ) 
4 225 239 (0 225 16 ) (0 249 16 ) (1024 249 16 ) (1024 225 16 ) 
4 226 229 (608 225 32 ) (608 201 24 ) (608 201 64 ) (608 233 64 ) 
4 226 227 (608 201 64 ) (608 201 24 ) (1024 201 24 ) (1024 201 64 ) 
4 227 230 (608 201 24 ) (608 144 24 ) (608 144 64 ) (608 201 64 ) 
4 227 228 (608 144 64 ) (608 144 24 ) (1024 144 24 ) (1024 144 64 ) 
4 228 237 (1024 112 32 ) (1024 112 64 ) (608 112 64 ) (608 112 32 ) 
5 228 231 (608 144 24 ) (608 143.996094 24 ) (608 112 32 ) (608 112 64 ) (608 144 64 ) 
4 229 232 (592 225 32 ) (592 201 24 ) (592 201 64 ) (592 233 64 ) 
4 229 230 (592 201 64 ) (592 201 24 ) (608 201 24 ) (608 201 64 ) 
4 230 233 (592 201 24 ) (592 144 24 ) (592 144 64 ) (592 201 64 ) 
4 230 231 (592 144 64 ) (592 144 24.003906 ) (608 144 24 ) (608 144 64 ) 
4 231 237 (608 112 64 ) (592 112 64 ) (592 112 32 ) (608 112 32 ) 
5 231 234 (592 144 24 ) (592 143.996094 24 ) (592 112 32 ) (592 112 64 ) (592 144 64 ) 
4 232 293 (0 201 64 ) (0 225 64 ) (0 225 32 ) (0 201 24 ) 
3 232 289 (0 225 64 ) (0 243 64 ) (0 225 32 ) 
4 232 233 (0 201 24 ) (592 201 24 ) (592 201 64 ) (0 201 64 ) 
4 233 294 (0 144 64 ) (0 201 64 ) (0 201 24 ) (0 144 24 ) 
4 233 234 (0 144 24 ) (592 144 24 ) (592 144 64 ) (0 144 64 ) 
4 234 295 (0 112 64 ) (0 144 64 ) (0 144 24 ) (0 112 32 ) 
4 234 237 (592 112 64 ) (0 112 64 ) (0 112 32 ) (592 112 32 ) 
4 235 296 (0 112 32 ) (0 112 24 ) (0 88 24 ) (0 88 32 ) 
4 235 238 (0 88 24 ) (0 112 24 ) (1024 112 24 ) (1024 88 24 ) 
4 235 236 (0 88 24 ) (1024 88 24 ) (1024 88 32 ) (0 88 32 ) 
4 236 332 (1024 0 24 ) (1024 0 64 ) (0 0 64 ) (0 0 24 ) 
4 236 297 (0 0 24 ) (0 0 64 ) (0 88 64 ) (0 88 24 ) 
4 236 238 (0 0 24 ) (0 88 24 ) (1024 88 24 ) (1024 0 24 ) 
3 237 298 (0 96 64 ) (0 112 64 ) (0 112 32 ) 
4 238 332 (1024 0 16 ) (1024 0 24 ) (0 0 24 ) (0 0 16 ) 
4 238 299 (0 112 16 ) (0 0 16 ) (0 0 24 ) (0 112 24 ) 
4 238 239 (0 0 16 ) (0 112 16 ) (1024 112 16 ) (1024 0 16 ) 
4 239 332 (1024 0 -224 ) (1024 0 16 ) (0 0 16 ) (0 0 -224 ) 
4 239 329 (0 1024 16 ) (0 1024 -224 ) (0 0 -224 ) (0 0 16 ) 
4 240 338 (-1024 1024 415.338440 ) (-1024 1024 412 ) (-1024 0 412 ) (-1024 0 415.338440 ) 
4 240 334 (0 0 412 ) (0 0 1006.546570 ) (-1024 0 415.338440 ) (-1024 0 412 ) 
4 240 245 (-1024 80 415.338745 ) (-1024 48 415.338745 ) (-1021.861389 48 416.573486 ) (-1021.861389 80 416.573486 ) 
4 240 244 (-994.146118 48 432.574921 ) (0 48 1006.546387 ) (0 80 1006.546387 ) (-994.146118 80 432.574890 ) 
4 240 243 (-1024 1024 415.338776 ) (-1024 80 415.338745 ) (0 80 1006.546387 ) (0 1024 1006.546387 ) 
4 240 246 (-1024 48 415.338745 ) (-1024 0 415.338745 ) (0 0 1006.546387 ) (0 48 1006.546387 ) 
4 240 241 (0 0 412 ) (-1024 0 412 ) (-1024 1024 412 ) (0 1024 412 ) 
4 241 339 (-1024 1024 412 ) (-1024 1024 372 ) (-1024 0 372 ) (-1024 0 412 ) 
4 241 335 (0 0 372 ) (0 0 412 ) (-1024 0 412 ) (-1024 0 372 ) 
4 241 242 (-1024 1024 372 ) (0 1024 372 ) (0 0 372 ) (-1024 0 372 ) 
4 242 340 (-1024 1024 372 ) (-1024 1024 272 ) (-1024 0 272 ) (-1024 0 372 ) 
4 242 336 (0 0 272 ) (0 0 372 ) (-1024 0 372 ) (-1024 0 272 ) 
4 242 249 (0 0 272 ) (-1024 0 272 ) (-1024 24 272 ) (0 24 272 ) 
4 242 247 (-1024 230 272 ) (-1024 1024 272 ) (0 1024 272 ) (0 230 272 ) 
4 243 344 (-1024 80 489.241638 ) (-1024 80 526.189758 ) (-1024 112 526.189758 ) (-1024 112 489.241638 ) 
4 243 343 (-1024 112 420.277161 ) (-1024 80 420.277161 ) (-1024 80 489.241638 ) (-1024 112 489.241638 ) 
4 243 342 (-1024 80 526.189758 ) (-1024 80 1280 ) (-1024 112 1280 ) (-1024 112 526.189758 ) 
4 243 341 (-1024 1024 1280 ) (-1024 1024 420.277161 ) (-1024 112 420.277161 ) (-1024 112 1280 ) 
4 243 338 (-1024 1024 420.277161 ) (-1024 1024 415.338440 ) (-1024 80 415.338440 ) (-1024 80 420.277161 ) 
3 243 245 (-1024 80 415.341125 ) (-1021.862427 80 416.575256 ) (-1024 80 420.277161 ) 
5 243 244 (-994.147217 80 432.576691 ) (0 80 1006.549438 ) (0 80 1280 ) (-1024 80 1280 ) (-1024 80 484.286255 ) 
4 244 346 (-1024 48 484.286255 ) (-1024 48 563.135620 ) (-1024 80 563.135620 ) (-1024 80 484.286255 ) 
4 244 345 (-1024 48 563.135620 ) (-1024 48 1280 ) (-1024 80 1280 ) (-1024 80 563.135620 ) 
5 244 246 (-994.147217 48 432.576691 ) (0 48 1006.549438 ) (0 48 1280 ) (-1024 48 1280 ) (-1024 48 484.286255 ) 
4 245 338 (-1024 80 415.338440 ) (-1024 48 415.338440 ) (-1024 48 420.277161 ) (-1024 80 420.277161 ) 
3 245 246 (-1024 48 415.341125 ) (-1021.862427 48 416.575256 ) (-1024 48 420.277161 ) 
4 246 349 (-1024 48 526.189758 ) (-1024 48 489.241638 ) (-1024 16 489.241638 ) (-1024 16 526.189758 ) 
4 246 348 (-1024 48 489.241638 ) (-1024 48 420.277161 ) (-1024 16 420.277161 ) (-1024 16 489.241638 ) 
4 246 347 (-1024 16 1280 ) (-1024 48 1280 ) (-1024 48 526.189758 ) (-1024 16 526.189758 ) 
4 246 350 (-1024 0 420.277161 ) (-1024 0 1280 ) (-1024 16 1280 ) (-1024 16 420.277161 ) 
4 246 338 (-1024 48 415.338440 ) (-1024 0 415.338440 ) (-1024 0 420.277161 ) (-1024 48 420.277161 ) 
4 246 334 (0 0 1006.546570 ) (0 0 1280 ) (-1024 0 1280 ) (-1024 0 415.338440 ) 
4 247 351 (-1024 1024 272 ) (-1024 1024 251 ) (-1024 230 251 ) (-1024 230 272 ) 
4 247 273 (-672 254 251 ) (-786 254 251 ) (-786 376 251 ) (-672 376 251 ) 
4 247 272 (-672 376 251 ) (-786 376 251 ) (-786 384 251 ) (-672 384 251 ) 
4 247 269 (-672 384 251 ) (-786 384 251 ) (-786 432 251 ) (-672 432 251 ) 
4 247 267 (-672 432 251 ) (-786 432 251 ) (-786 440 251 ) (-672 440 251 ) 
4 247 266 (-786 1024 251 ) (-672 1024 251 ) (-672 440 251 ) (-786 440 251 ) 
4 247 275 (-1024 1024 251 ) (-786 1024 251 ) (-786 254 251 ) (-1024 254 251 ) 
4 247 250 (-400 1024 251 ) (0 1024 251 ) (0 254 251 ) (-400 254 251 ) 
5 248 352 (-1024 207 251 ) (-1024 47 251 ) (-1024 83 263 ) (-1024 127 268 ) (-1024 171 263 ) 
4 248 276 (-656 47 251 ) (-1024 47 251 ) (-1024 207 251 ) (-656 207 251 ) 
4 248 251 (0 207 251 ) (0 47 251 ) (-656 47 251 ) (-656 207 251 ) 
4 249 353 (-1024 24 251 ) (-1024 0 251 ) (-1024 0 272 ) (-1024 24 272 ) 
4 249 336 (0 0 251 ) (0 0 272 ) (-1024 0 272 ) (-1024 0 251 ) 
4 250 252 (-400 1024 231 ) (0 1024 231 ) (0 254 231 ) (-400 254 231 ) 
4 251 276 (-656 47 251 ) (-656 207 251 ) (-656 234 231 ) (-656 20 231 ) 
4 251 255 (-656 20 231 ) (-656 234 231 ) (-416 234 231 ) (-416 20 231 ) 
4 251 253 (-416 234 231 ) (0 234 231 ) (0 20 231 ) (-416 20 231 ) 
4 252 256 (-400 1024 208 ) (0 1024 208 ) (0 254 208 ) (-400 254 208 ) 
4 253 265 (-416 11 208 ) (-416 243 208 ) (0 243 208 ) (0 11 208 ) 
4 253 255 (-416 243 208 ) (-416 11 208 ) (-416 20 231 ) (-416 234 231 ) 
4 254 264 (-418 254 208 ) (-418 248 208 ) (-654 248 208 ) (-654 254 208 ) 
4 254 257 (-654 1024 208 ) (-418 1024 208 ) (-418 254 208 ) (-654 254 208 ) 
4 254 255 (-654 248 208 ) (-418 248 208 ) (-426.625031 248 231 ) (-645.375061 248 231 ) 
4 255 277 (-656 20 231 ) (-656 234 231 ) (-656 243 208 ) (-656 11 208 ) 
4 255 265 (-656 11 208 ) (-656 243 208 ) (-416 243 208 ) (-416 11 208 ) 
4 255 264 (-656 243 208 ) (-656 248 208 ) (-416 248 208 ) (-416 243 208 ) 
4 256 278 (-400 1024 80 ) (0 1024 80 ) (0 254 80 ) (-400 254 80 ) 
4 257 264 (-416 254 208 ) (-656 254 208 ) (-656 254 200 ) (-416 254 200 ) 
4 257 263 (-648 254 200 ) (-656 254 200 ) (-656 376 200 ) (-648 376 200 ) 
4 257 262 (-416 384 200 ) (-416 254 200 ) (-648 254 200 ) (-648 384 200 ) 
4 257 260 (-416 432 200 ) (-416 384 200 ) (-649.045044 384 200 ) (-649.045044 432 200 ) 
4 257 259 (-656 440 200 ) (-656 1024 200 ) (-649.045044 1024 200 ) (-649.045044 440 200 ) 
4 257 258 (-416 1024 200 ) (-416 432 200 ) (-649.045044 432 200 ) (-649.045044 1024 200 ) 
4 258 279 (-576 1024 80 ) (-416 1024 80 ) (-416 432 80 ) (-576 432 80 ) 
4 258 260 (-416 432 80 ) (-416 432 200 ) (-649.045044 432 200 ) (-649.045044 432 80 ) 
4 258 259 (-649.045044 1024 80 ) (-649.045044 440 80 ) (-649.045044 440 200 ) (-649.045044 1024 200 ) 
4 260 279 (-576 432 80 ) (-416 432 80 ) (-416 384 80 ) (-576 384 80 ) 
4 260 262 (-416 384 80 ) (-416 384 200 ) (-648 384 200 ) (-648 384 80 ) 
4 260 261 (-649.045044 432 188 ) (-649.045044 432 80 ) (-649.045044 384 80 ) (-649.045044 384 188 ) 
4 261 270 (-656 432 80 ) (-656 384 80 ) (-656 384 188 ) (-656 432 188 ) 
4 262 279 (-576 384 80 ) (-416 384 80 ) (-416 254 80 ) (-576 254 80 ) 
4 262 264 (-648 254 80 ) (-416 254 80 ) (-416 254 200 ) (-648 254 200 ) 
4 262 263 (-648 376 80 ) (-648 254 80 ) (-648 254 200 ) (-648 376 200 ) 
4 263 264 (-656 254 200 ) (-656 254 80 ) (-648 254 80 ) (-648 254 200 ) 
4 264 280 (-656 243 80 ) (-656 254 80 ) (-576 254 80 ) (-576 243 80 ) 
4 264 279 (-576 254 80 ) (-416 254 80 ) (-416 243 80 ) (-576 243 80 ) 
4 264 265 (-416 243 208 ) (-656 243 208 ) (-656 243 80 ) (-416 243 80 ) 
4 265 286 (-327 233 80 ) (-327 96 80 ) (-343 96 80 ) (-343 233 80 ) 
4 265 285 (-327 243 80 ) (0 243 80 ) (0 96 80 ) (-327 96 80 ) 
4 265 287 (-656 96 80 ) (-656 243 80 ) (-343 243 80 ) (-343 96 80 ) 
4 265 277 (-656 243 80 ) (-656 11 80 ) (-656 11 208 ) (-656 243 208 ) 
4 266 268 (-786 440 188 ) (-786 1024 188 ) (-672 1024 188 ) (-672 440 188 ) 
4 266 267 (-786 440 251 ) (-786 440 195 ) (-672 440 195 ) (-672 440 251 ) 
4 266 275 (-786 440 251 ) (-786 1024 251 ) (-786 1024 188 ) (-786 440 188 ) 
4 267 269 (-786 432 251 ) (-786 432 195 ) (-672 432 195 ) (-672 432 251 ) 
4 267 275 (-786 432 195 ) (-786 432 251 ) (-786 440 251 ) (-786 440 195 ) 
4 268 281 (-786 1024 80 ) (-672 1024 80 ) (-672 440 80 ) (-786 440 80 ) 
4 268 275 (-786 1024 80 ) (-786 440 80 ) (-786 440 188 ) (-786 1024 188 ) 
4 269 272 (-786 384 251 ) (-786 384 195 ) (-672 384 195 ) (-672 384 251 ) 
4 269 275 (-786 384 195 ) (-786 384 251 ) (-786 432 251 ) (-786 432 195 ) 
4 271 275 (-786 432 80 ) (-786 384 80 ) (-786 384 188 ) (-786 432 188 ) 
4 272 273 (-786 376 251 ) (-786 376 195 ) (-672 376 195 ) (-672 376 251 ) 
4 272 275 (-786 376 251 ) (-786 384 251 ) (-786 384 195 ) (-786 376 195 ) 
4 273 274 (-672 254 188 ) (-786 254 188 ) (-786 376 188 ) (-672 376 188 ) 
4 273 275 (-786 254 188 ) (-786 254 251 ) (-786 376 251 ) (-786 376 188 ) 
4 274 283 (-672 254 80 ) (-786 254 80 ) (-786 376 80 ) (-672 376 80 ) 
4 274 275 (-786 376 80 ) (-786 254 80 ) (-786 254 188 ) (-786 376 188 ) 
4 275 356 (-1024 1024 231 ) (-1024 1024 80 ) (-1024 254 80 ) (-1024 254 231 ) 
4 275 354 (-1024 1024 251 ) (-1024 1024 231 ) (-1024 254 231 ) (-1024 254 251 ) 
4 275 284 (-1024 254 80 ) (-1024 1024 80 ) (-786 1024 80 ) (-786 254 80 ) 
4 276 355 (-1024 47 251 ) (-1024 207 251 ) (-1024 234 231 ) (-1024 20 231 ) 
4 276 277 (-1024 20 231 ) (-1024 234 231 ) (-656 234 231 ) (-656 20 231 ) 
6 277 357 (-1024 243 80 ) (-1024 11 80 ) (-1024 11 208 ) (-1024 20 231 ) (-1024 234 231 ) (-1024 243 208 ) 
4 277 287 (-1024 96 80 ) (-1024 243 80 ) (-656 243 80 ) (-656 96 80 ) 
4 278 288 (-400 1024 64 ) (0 1024 64 ) (0 249 64 ) (-400 249 64 ) 
4 279 301 (-576 1024 64 ) (-416 1024 64 ) (-416 243 64 ) (-576 243 64 ) 
4 279 287 (-576 243 64 ) (-416 243 64 ) (-416 243 80 ) (-576 243 80 ) 
4 279 280 (-576 254 64 ) (-576 243 64 ) (-576 243 80 ) (-576 254 80 ) 
4 280 310 (-576 254 64 ) (-576 243 64 ) (-656 243 64 ) (-656 254 64 ) 
4 280 287 (-656 243 64 ) (-576 243 64 ) (-576 243 80 ) (-656 243 80 ) 
4 281 313 (-786 1024 64 ) (-672 1024 64 ) (-672 440 64 ) (-786 440 64 ) 
4 281 282 (-786 440 72 ) (-786 440 64 ) (-672 440 64 ) (-672 440 72 ) 
4 281 284 (-786 1024 64 ) (-786 440 64 ) (-786 440 80 ) (-786 1024 80 ) 
4 282 313 (-672 440 64 ) (-672 376 64 ) (-786 376 64 ) (-786 440 64 ) 
4 282 284 (-786 440 64 ) (-786 376 64 ) (-786 376 72 ) (-786 440 72 ) 
4 282 283 (-786 376 72 ) (-786 376 64 ) (-672 376 64 ) (-672 376 72 ) 
4 283 313 (-672 376 64 ) (-672 253 64 ) (-786 253 64 ) (-786 376 64 ) 
4 283 284 (-786 376 64 ) (-786 253 64 ) (-786 253 80 ) (-786 376 80 ) 
4 284 358 (-1024 1024 80 ) (-1024 1024 64 ) (-1024 253 64 ) (-1024 253 80 ) 
4 284 313 (-1024 1024 64 ) (-786 1024 64 ) (-786 253 64 ) (-1024 253 64 ) 
4 285 298 (0 112 64 ) (0 96 64 ) (-327 96 64 ) (-327 112 64 ) 
4 285 294 (0 201 64 ) (0 144 64 ) (-327 144 64 ) (-327 201 64 ) 
4 285 293 (0 225 64 ) (0 201 64 ) (-327 201 64 ) (-327 225 64 ) 
4 285 295 (0 144 64 ) (0 112 64 ) (-327 112 64 ) (-327 144 64 ) 
4 285 289 (0 243 64 ) (0 225 64 ) (-327 225 64 ) (-327 243 64 ) 
4 285 286 (-327 233 64 ) (-327 96 64 ) (-327 96 80 ) (-327 233 80 ) 
4 286 298 (-327 96 64 ) (-343 96 64 ) (-343 112 64 ) (-327 112 64 ) 
4 286 294 (-343 144 64 ) (-343 201 64 ) (-327 201 64 ) (-327 144 64 ) 
4 286 293 (-343 201 64 ) (-343 225 64 ) (-327 225 64 ) (-327 201 64 ) 
4 286 295 (-343 112 64 ) (-343 144 64 ) (-327 144 64 ) (-327 112 64 ) 
4 286 290 (-343 225 64 ) (-343 233 64 ) (-327 233 64 ) (-327 225 64 ) 
4 286 287 (-343 233 64 ) (-343 96 64 ) (-343 96 80 ) (-343 233 80 ) 
4 287 362 (-1024 233 64 ) (-1024 96 64 ) (-1024 96 80 ) (-1024 233 80 ) 
4 287 359 (-1024 243 64 ) (-1024 233 64 ) (-1024 233 80 ) (-1024 243 80 ) 
4 287 316 (-1024 144 64 ) (-1024 201 64 ) (-656 201 64 ) (-656 144 64 ) 
4 287 315 (-1024 201 64 ) (-1024 243 64 ) (-656 243 64 ) (-656 201 64 ) 
4 287 317 (-656 96 64 ) (-1024 96 64 ) (-1024 144 64 ) (-656 144 64 ) 
4 287 312 (-576 96 64 ) (-656 96 64 ) (-656 144 64 ) (-576 144 64 ) 
4 287 311 (-656 144 64 ) (-656 201 64 ) (-576 201 64 ) (-576 144 64 ) 
4 287 310 (-656 201 64 ) (-656 243 64 ) (-576 243 64 ) (-576 201 64 ) 
4 287 303 (-416 96 64 ) (-576 96 64 ) (-576 144 64 ) (-416 144 64 ) 
4 287 302 (-576 144 64 ) (-576 201 64 ) (-416 201 64 ) (-416 144 64 ) 
4 287 301 (-576 201 64 ) (-576 243 64 ) (-416 243 64 ) (-416 201 64 ) 
4 287 298 (-343 96 64 ) (-416 96 64 ) (-416 112 64 ) (-343 112 64 ) 
4 287 294 (-416 144 64 ) (-416 201 64 ) (-343 201 64 ) (-343 144 64 ) 
4 287 293 (-416 201 64 ) (-416 225 64 ) (-343 225 64 ) (-343 201 64 ) 
4 287 295 (-416 112 64 ) (-416 144 64 ) (-343 144 64 ) (-343 112 64 ) 
4 287 291 (-416 225 64 ) (-416 243 64 ) (-343 243 64 ) (-343 225 64 ) 
4 288 292 (-400 1024 32 ) (0 1024 32 ) (0 249 32 ) (-400 249 32 ) 
4 289 293 (-327 225 32 ) (0 225 32 ) (0 225 64 ) (-327 225 64 ) 
3 289 290 (-327 225 32 ) (-327 225 64 ) (-327 233 64 ) 
4 290 293 (-343 225 32 ) (-327 225 32 ) (-327 225 64 ) (-343 225 64 ) 
3 290 291 (-343 225 32 ) (-343 225 64 ) (-343 233 64 ) 
3 291 301 (-416 225 32 ) (-416 225 64 ) (-416 243 64 ) 
4 291 293 (-416 225 64 ) (-416 225 32 ) (-343 225 32 ) (-343 225 64 ) 
4 292 329 (-400 1024 16 ) (0 1024 16 ) (0 225 16 ) (-400 225 16 ) 
3 293 305 (-416 225 32 ) (-416 201 24 ) (-416 201 32 ) 
4 293 301 (-416 201 64 ) (-416 225 64 ) (-416 225 32 ) (-416 201 32 ) 
4 293 294 (-416 201 64 ) (-416 201 24 ) (0 201 24 ) (0 201 64 ) 
4 294 306 (-416 201 32 ) (-416 201 24 ) (-416 144 24 ) (-416 144 32 ) 
4 294 302 (-416 144 64 ) (-416 201 64 ) (-416 201 32 ) (-416 144 32 ) 
4 294 295 (-416 144 64 ) (-416 144 24 ) (0 144 24 ) (0 144 64 ) 
3 295 307 (-416 144 32 ) (-416 144 24 ) (-416 112 32 ) 
4 295 303 (-416 112 64 ) (-416 144 64 ) (-416 144 32 ) (-416 112 32 ) 
4 295 298 (-416 112 64 ) (-416 112 32 ) (0 112 32 ) (0 112 64 ) 
4 296 304 (-416 112 32 ) (-416 112 24 ) (-416 88 24 ) (-416 88 32 ) 
4 296 299 (-416 88 24 ) (-416 112 24 ) (0 112 24 ) (0 88 24 ) 
4 296 297 (-416 88 24 ) (0 88 24 ) (0 88 32 ) (-416 88 32 ) 
4 297 336 (0 0 24 ) (0 0 64 ) (-416 0 64 ) (-416 0 24 ) 
4 297 304 (-416 0 24 ) (-416 0 32 ) (-416 88 32 ) (-416 88 24 ) 
4 297 300 (-416 0 32 ) (-416 0 64 ) (-416 88 64 ) (-416 88 32 ) 
4 297 299 (0 0 24 ) (-416 0 24 ) (-416 88 24 ) (0 88 24 ) 
3 298 303 (-416 96 64 ) (-416 112 64 ) (-416 112 32 ) 
4 299 336 (0 0 16 ) (0 0 24 ) (-416 0 24 ) (-416 0 16 ) 
4 299 329 (0 0 16 ) (-416 0 16 ) (-416 112 16 ) (0 112 16 ) 
4 299 308 (-416 112 16 ) (-416 0 16 ) (-416 0 24 ) (-416 112 24 ) 
4 300 336 (-416 0 64 ) (-576 0 64 ) (-576 0 32 ) (-416 0 32 ) 
4 300 309 (-576 0 32 ) (-576 0 64 ) (-576 88 64 ) (-576 88 32 ) 
4 300 304 (-576 0 32 ) (-576 88 32 ) (-416 88 32 ) (-416 0 32 ) 
4 301 310 (-576 201 64 ) (-576 254 64 ) (-576 254 32 ) (-576 201 32 ) 
4 301 305 (-576 201 32 ) (-576 1024 32 ) (-416 1024 32 ) (-416 201 32 ) 
4 301 302 (-576 201 64 ) (-576 201 32 ) (-416 201 32 ) (-416 201 64 ) 
4 302 311 (-576 144 64 ) (-576 201 64 ) (-576 201 32 ) (-576 144 32 ) 
4 302 306 (-576 144 32 ) (-576 201 32 ) (-416 201 32 ) (-416 144 32 ) 
4 302 303 (-576 144 64 ) (-576 144 32 ) (-416 144 32 ) (-416 144 64 ) 
4 303 312 (-576 96 64 ) (-576 144 64 ) (-576 144 32 ) (-576 112 32 ) 
4 303 307 (-576 112 32 ) (-576 144 32 ) (-416 144 32 ) (-416 112 32 ) 
4 304 336 (-576 0 32 ) (-576 0 24 ) (-416 0 24 ) (-416 0 32 ) 
4 304 318 (-576 0 24 ) (-576 0 32 ) (-576 112 32 ) (-576 112 24 ) 
4 304 308 (-576 0 24 ) (-576 112 24 ) (-416 112 24 ) (-416 0 24 ) 
4 305 319 (-576 201 32 ) (-576 254 32 ) (-576 254 24 ) (-576 201 24 ) 
4 305 306 (-576 201 24 ) (-416 201 24 ) (-416 201 32 ) (-576 201 32 ) 
4 306 320 (-576 144 32 ) (-576 201 32 ) (-576 201 24 ) (-576 144 24 ) 
4 306 307 (-576 144 24 ) (-416 144 24 ) (-416 144 32 ) (-576 144 32 ) 
3 307 321 (-576 112 32 ) (-576 144 32 ) (-576 144 24 ) 
4 308 336 (-576 0 24 ) (-576 0 16 ) (-416 0 16 ) (-416 0 24 ) 
4 308 329 (-416 0 16 ) (-576 0 16 ) (-576 112 16 ) (-416 112 16 ) 
4 308 322 (-576 112 16 ) (-576 0 16 ) (-576 0 24 ) (-576 112 24 ) 
4 309 336 (-576 0 64 ) (-656 0 64 ) (-656 0 32 ) (-576 0 32 ) 
4 309 318 (-576 88 32 ) (-576 0 32 ) (-656 0 32 ) (-656 88 32 ) 
4 309 314 (-656 88 32 ) (-656 0 32 ) (-656 0 64 ) (-656 88 64 ) 
4 310 319 (-576 254 32 ) (-576 201 32 ) (-656 201 32 ) (-656 254 32 ) 
4 310 315 (-656 225 32 ) (-656 201 32 ) (-656 201 64 ) (-656 243 64 ) 
4 310 311 (-656 201 64 ) (-656 201 32 ) (-576 201 32 ) (-576 201 64 ) 
4 311 320 (-576 201 32 ) (-576 144 32 ) (-656 144 32 ) (-656 201 32 ) 
4 311 316 (-656 201 32 ) (-656 144 32 ) (-656 144 64 ) (-656 201 64 ) 
4 311 312 (-656 144 64 ) (-656 144 32 ) (-576 144 32 ) (-576 144 64 ) 
4 312 321 (-576 144 32 ) (-576 112 32 ) (-656 112 32 ) (-656 144 32 ) 
4 312 317 (-656 144 32 ) (-656 112 32 ) (-656 96 64 ) (-656 144 64 ) 
4 313 363 (-1024 1024 64 ) (-1024 1024 32 ) (-1024 249 32 ) (-1024 249 64 ) 
4 313 323 (-1024 249 32 ) (-1024 1024 32 ) (-672 1024 32 ) (-672 249 32 ) 
4 314 364 (-1024 88 32 ) (-1024 0 32 ) (-1024 0 64 ) (-1024 88 64 ) 
4 314 336 (-656 0 64 ) (-1024 0 64 ) (-1024 0 32 ) (-656 0 32 ) 
4 314 324 (-1024 0 32 ) (-1024 88 32 ) (-656 88 32 ) (-656 0 32 ) 
3 315 368 (-1024 225 32 ) (-1024 233 64 ) (-1024 243 64 ) 
4 315 365 (-1024 225 32 ) (-1024 201 32 ) (-1024 201 64 ) (-1024 233 64 ) 
4 315 325 (-1024 201 32 ) (-1024 225 32 ) (-656 225 32 ) (-656 201 32 ) 
4 315 316 (-1024 201 32 ) (-656 201 32 ) (-656 201 64 ) (-1024 201 64 ) 
4 316 366 (-1024 201 32 ) (-1024 144 32 ) (-1024 144 64 ) (-1024 201 64 ) 
4 316 326 (-1024 144 32 ) (-1024 201 32 ) (-656 201 32 ) (-656 144 32 ) 
4 316 317 (-1024 144 32 ) (-656 144 32 ) (-656 144 64 ) (-1024 144 64 ) 
4 317 367 (-1024 144 32 ) (-1024 112 32 ) (-1024 96 64 ) (-1024 144 64 ) 
4 317 327 (-1024 112 32 ) (-1024 144 32 ) (-656 144 32 ) (-656 112 32 ) 
4 318 336 (-576 0 24 ) (-576 0 32 ) (-656 0 32 ) (-656 0 24 ) 
4 318 324 (-656 0 24 ) (-656 0 32 ) (-656 112 32 ) (-656 112 24 ) 
4 318 322 (-656 0 24 ) (-656 112 24 ) (-576 112 24 ) (-576 0 24 ) 
3 319 325 (-656 201 32 ) (-656 225 32 ) (-656 201 24 ) 
4 319 320 (-656 201 32 ) (-656 201 24 ) (-576 201 24 ) (-576 201 32 ) 
4 320 326 (-656 144 32 ) (-656 201 32 ) (-656 201 24 ) (-656 144 24 ) 
4 320 321 (-656 144 32 ) (-656 144 24 ) (-576 144 24 ) (-576 144 32 ) 
3 321 327 (-656 112 32 ) (-656 144 32 ) (-656 144 24 ) 
4 322 336 (-656 0 16 ) (-576 0 16 ) (-576 0 24 ) (-656 0 24 ) 
4 322 329 (-576 0 16 ) (-656 0 16 ) (-656 112 16 ) (-576 112 16 ) 
4 322 328 (-656 112 16 ) (-656 0 16 ) (-656 0 24 ) (-656 112 24 ) 
4 323 371 (-1024 1024 32 ) (-1024 1024 16 ) (-1024 225 16 ) (-1024 225 32 ) 
4 323 329 (-1024 225 16 ) (-1024 1024 16 ) (-672 1024 16 ) (-672 225 16 ) 
4 324 372 (-1024 0 24 ) (-1024 0 32 ) (-1024 112 32 ) (-1024 112 24 ) 
4 324 336 (-1024 0 32 ) (-1024 0 24 ) (-656 0 24 ) (-656 0 32 ) 
4 324 328 (-656 112 24 ) (-656 0 24 ) (-1024 0 24 ) (-1024 112 24 ) 
3 325 373 (-1024 201 32 ) (-1024 225 32 ) (-1024 201 24 ) 
4 325 326 (-1024 201 24 ) (-656 201 24 ) (-656 201 32 ) (-1024 201 32 ) 
4 326 374 (-1024 144 32 ) (-1024 201 32 ) (-1024 201 24 ) (-1024 144 24 ) 
4 326 327 (-1024 144 24.001984 ) (-656 144 24.001972 ) (-656 144 32 ) (-1024 144 32 ) 
3 327 375 (-1024 112 32 ) (-1024 144 32 ) (-1024 144 24 ) 
4 328 372 (-1024 112 16 ) (-1024 0 16 ) (-1024 0 24 ) (-1024 112 24 ) 
4 328 336 (-1024 0 24 ) (-1024 0 16 ) (-656 0 16 ) (-656 0 24 ) 
4 328 329 (-656 0 16 ) (-1024 0 16 ) (-1024 112 16 ) (-656 112 16 ) 
4 329 376 (-1024 1024 16 ) (-1024 1024 -224 ) (-1024 0 -224 ) (-1024 0 16 ) 
4 329 336 (0 0 -224 ) (0 0 16 ) (-1024 0 16 ) (-1024 0 -224 ) 
4 330 334 (0 -192 1280 ) (0 0 1280 ) (0 0 412 ) (0 -192 412 ) 
4 330 333 (1024 -192 412 ) (1024 -192 1280 ) (0 -192 1280 ) (0 -192 412 ) 
4 330 331 (1024 -192 412 ) (0 -192 412 ) (0 0 412 ) (1024 0 412 ) 
4 331 335 (0 0 412 ) (0 0 372 ) (0 -192 372 ) (0 -192 412 ) 
4 331 332 (1024 -192 372 ) (0 -192 372 ) (0 0 372 ) (1024 0 372 ) 
4 331 333 (1024 -192 372 ) (1024 -192 412 ) (0 -192 412 ) (0 -192 372 ) 
4 332 336 (0 0 372 ) (0 0 -224 ) (0 -192 -224 ) (0 -192 372 ) 
4 332 333 (0 -192 -224 ) (1024 -192 -224 ) (1024 -192 372 ) (0 -192 372 ) 
4 333 337 (0 -992 1280 ) (0 -192 1280 ) (0 -192 -224 ) (0 -992 -224 ) 
4 334 414 (-1024 -192 1280 ) (-1024 0 1280 ) (-1024 0 412 ) (-1024 -192 412 ) 
4 334 337 (0 -192 412 ) (0 -192 1280 ) (-1024 -192 1280 ) (-1024 -192 412 ) 
4 334 335 (0 -192 412 ) (-1024 -192 412 ) (-1024 0 412 ) (0 0 412 ) 
4 335 415 (-1024 0 412 ) (-1024 0 372 ) (-1024 -192 372 ) (-1024 -192 412 ) 
4 335 336 (0 -192 372 ) (-1024 -192 372 ) (-1024 0 372 ) (0 0 372 ) 
4 335 337 (0 -192 372 ) (0 -192 412 ) (-1024 -192 412 ) (-1024 -192 372 ) 
4 336 416 (-1024 0 372 ) (-1024 0 -224 ) (-1024 -192 -224 ) (-1024 -192 372 ) 
4 336 337 (-1024 -192 -224 ) (0 -192 -224 ) (0 -192 372 ) (-1024 -192 372 ) 
4 337 417 (-1024 -992 1280 ) (-1024 -192 1280 ) (-1024 -192 -224 ) (-1024 -992 -224 ) 
5 338 414 (-1024 0 412 ) (-1024 0 420.277222 ) (-1520.426636 0 1280 ) (-2048 0 1280 ) (-2048 0 412 ) 
4 338 377 (-2048 1024 1280 ) (-2048 1024 412 ) (-2048 0 412 ) (-2048 0 1280 ) 
4 338 348 (-1053.863770 16 471.994781 ) (-1024 16 420.276062 ) (-1024 48 420.276062 ) (-1053.863770 48 471.994751 ) 
4 338 347 (-1520.427734 48 1280 ) (-1520.427734 16 1280 ) (-1069.866821 16 499.709106 ) (-1069.866821 48 499.709167 ) 
4 338 350 (-1520.427734 16 1280 ) (-1520.427734 0 1280 ) (-1024 0 420.276062 ) (-1024 16 420.276062 ) 
4 338 345 (-1520.427734 80 1280 ) (-1520.427734 48 1280 ) (-1085.868408 48 527.421143 ) (-1085.868408 80 527.421143 ) 
4 338 343 (-1053.863770 80 471.994781 ) (-1024 80 420.276062 ) (-1024 112 420.276062 ) (-1053.863770 112 471.994751 ) 
4 338 342 (-1520.427734 112 1280 ) (-1520.427734 80 1280 ) (-1069.866821 80 499.709106 ) (-1069.866821 112 499.709167 ) 
4 338 341 (-1520.427734 1024 1280 ) (-1520.427734 112 1280 ) (-1024 112 420.276062 ) (-1024 1024 420.276062 ) 
4 338 339 (-2048 1024 412 ) (-1024 1024 412 ) (-1024 0 412 ) (-2048 0 412 ) 
4 339 415 (-1024 0 372 ) (-1024 0 412 ) (-2048 0 412 ) (-2048 0 372 ) 
4 339 378 (-2048 1024 412 ) (-2048 1024 372 ) (-2048 0 372 ) (-2048 0 412 ) 
4 339 340 (-2048 0 372 ) (-2048 1024 372 ) (-1024 1024 372 ) (-1024 0 372 ) 
4 340 416 (-1024 0 272 ) (-1024 0 372 ) (-2048 0 372 ) (-2048 0 272 ) 
4 340 379 (-2048 1024 372 ) (-2048 1024 272 ) (-2048 0 272 ) (-2048 0 372 ) 
4 340 351 (-2048 230 272 ) (-2048 1024 272 ) (-1024 1024 272 ) (-1024 230 272 ) 
4 340 353 (-1024 0 272 ) (-2048 0 272 ) (-2048 24 272 ) (-1024 24 272 ) 
4 341 344 (-1026.150024 112 488 ) (-1024 112 489.241669 ) (-1024 112 526.189697 ) (-1042.142944 112 515.715088 ) 
3 341 343 (-1053.868530 112 471.992065 ) (-1024 112 420.265137 ) (-1024 112 489.241669 ) 
4 341 342 (-1520.433594 112 1280 ) (-1069.871460 112 499.706421 ) (-1024 112 526.189697 ) (-1024 112 1280 ) 
4 342 346 (-1042.144043 80 515.714478 ) (-1024 80 526.189697 ) (-1024 80 563.135620 ) (-1058.142578 80 543.426270 ) 
4 342 345 (-1520.433594 80 1280 ) (-1085.873047 80 527.418396 ) (-1024 80 563.135620 ) (-1024 80 1280 ) 
4 342 344 (-1024 80 526.187805 ) (-1042.142090 80 515.713684 ) (-1042.142822 112 515.714966 ) (-1024 112 526.189514 ) 
3 343 346 (-1024 80 484.286255 ) (-1024 80 489.241669 ) (-1026.145508 80 488.002594 ) 
4 343 344 (-1024 112 489.241028 ) (-1026.149780 112 488 ) (-1026.149902 80 488 ) (-1024 80 489.241302 ) 
4 344 346 (-1026.150024 80 488 ) (-1024 80 489.241669 ) (-1024 80 526.189697 ) (-1042.142944 80 515.715088 ) 
4 345 347 (-1520.433594 48 1280 ) (-1085.873169 48 527.418457 ) (-1024 48 563.135620 ) (-1024 48 1280 ) 
4 345 346 (-1024 48 563.136230 ) (-1058.142822 48 543.426758 ) (-1058.142578 80 543.426331 ) (-1024 80 563.135620 ) 
4 346 349 (-1024 48 489.241669 ) (-1024 48 526.189697 ) (-1042.144043 48 515.714478 ) (-1026.145508 48 488.002594 ) 
3 346 348 (-1024 48 484.286316 ) (-1024 48 489.241669 ) (-1026.145508 48 488.002594 ) 
4 346 347 (-1024 48 526.189697 ) (-1024 48 563.135620 ) (-1058.142578 48 543.426331 ) (-1042.144043 48 515.714478 ) 
4 347 349 (-1024 16 526.187805 ) (-1042.142090 16 515.713684 ) (-1042.142822 48 515.714966 ) (-1024 48 526.189514 ) 
4 347 350 (-1520.433594 16 1280 ) (-1069.871460 16 499.706421 ) (-1024 16 526.189697 ) (-1024 16 1280 ) 
4 348 349 (-1024 48 489.241028 ) (-1026.149780 48 488 ) (-1026.149902 16 488 ) (-1024 16 489.241302 ) 
3 348 350 (-1053.868530 16 471.992065 ) (-1024 16 420.265137 ) (-1024 16 489.241669 ) 
4 349 350 (-1026.150024 16 488 ) (-1024 16 489.241669 ) (-1024 16 526.189697 ) (-1042.142944 16 515.715088 ) 
3 350 414 (-1024 0 420.277222 ) (-1024 0 1280 ) (-1520.426636 0 1280 ) 
4 351 380 (-2048 1024 272 ) (-2048 1024 251 ) (-2048 230 251 ) (-2048 230 272 ) 
4 351 354 (-2048 254 251 ) (-2048 1024 251 ) (-1024 1024 251 ) (-1024 254 251 ) 
5 352 381 (-2048 207 251 ) (-2048 47 251 ) (-2048 83 263 ) (-2048 127 268 ) (-2048 171 263 ) 
4 352 355 (-2048 47 251 ) (-2048 207 251 ) (-1024 207 251 ) (-1024 47 251 ) 
4 353 416 (-1024 0 251 ) (-1024 0 272 ) (-2048 0 272 ) (-2048 0 251 ) 
4 353 382 (-2048 24 251 ) (-2048 0 251 ) (-2048 0 272 ) (-2048 24 272 ) 
4 354 383 (-2048 1024 251 ) (-2048 1024 231 ) (-2048 254 231 ) (-2048 254 251 ) 
4 354 356 (-2048 254 231 ) (-2048 1024 231 ) (-1024 1024 231 ) (-1024 254 231 ) 
4 355 384 (-2048 234 231 ) (-2048 20 231 ) (-2048 47 251 ) (-2048 207 251 ) 
4 355 357 (-2048 20 231 ) (-2048 234 231 ) (-1024 234 231 ) (-1024 20 231 ) 
4 356 385 (-2048 1024 231 ) (-2048 1024 80 ) (-2048 254 80 ) (-2048 254 231 ) 
4 356 358 (-2048 254 80 ) (-2048 1024 80 ) (-1024 1024 80 ) (-1024 254 80 ) 
6 357 386 (-2048 243 80 ) (-2048 11 80 ) (-2048 11 208 ) (-2048 20 231 ) (-2048 234 231 ) (-2048 243 208 ) 
4 357 362 (-2048 96 80 ) (-2048 233 80 ) (-1024 233 80 ) (-1024 96 80 ) 
4 357 361 (-2048 233 80 ) (-2048 243 80 ) (-1815 243 80 ) (-1815 233 80 ) 
4 357 359 (-1063 243 80 ) (-1024 243 80 ) (-1024 233 80 ) (-1063 233 80 ) 
4 357 360 (-1799 243 80 ) (-1079 243 80 ) (-1079 233 80 ) (-1799 233 80 ) 
4 358 387 (-2048 1024 80 ) (-2048 1024 64 ) (-2048 253 64 ) (-2048 253 80 ) 
4 358 363 (-2048 253 64 ) (-2048 1024 64 ) (-1024 1024 64 ) (-1024 253 64 ) 
4 359 368 (-1063 243 64 ) (-1024 243 64 ) (-1024 233 64 ) (-1063 233 64 ) 
4 359 362 (-1063 233 64 ) (-1024 233 64 ) (-1024 233 80 ) (-1063 233 80 ) 
4 360 369 (-1799 243 64 ) (-1079 243 64 ) (-1079 233 64 ) (-1799 233 64 ) 
4 360 362 (-1799 233 64 ) (-1079 233 64 ) (-1079 233 80 ) (-1799 233 80 ) 
4 361 388 (-2048 243 64 ) (-2048 233 64 ) (-2048 233 80 ) (-2048 243 80 ) 
4 361 370 (-2048 233 64 ) (-2048 243 64 ) (-1815 243 64 ) (-1815 233 64 ) 
4 361 362 (-2048 233 64 ) (-1815 233 64 ) (-1815 233 80 ) (-2048 233 80 ) 
4 362 391 (-2048 233 64 ) (-2048 96 64 ) (-2048 96 80 ) (-2048 233 80 ) 
4 362 367 (-2048 96 64 ) (-2048 144 64 ) (-1024 144 64 ) (-1024 96 64 ) 
4 362 366 (-2048 144 64 ) (-2048 201 64 ) (-1024 201 64 ) (-1024 144 64 ) 
4 362 365 (-2048 201 64 ) (-2048 233 64 ) (-1024 233 64 ) (-1024 201 64 ) 
4 363 392 (-2048 1024 64 ) (-2048 1024 32 ) (-2048 249 32 ) (-2048 249 64 ) 
4 363 371 (-2048 249 32 ) (-2048 1024 32 ) (-1024 1024 32 ) (-1024 249 32 ) 
4 364 416 (-1024 0 32 ) (-1024 0 64 ) (-2048 0 64 ) (-2048 0 32 ) 
4 364 393 (-2048 88 32 ) (-2048 0 32 ) (-2048 0 64 ) (-2048 88 64 ) 
4 364 372 (-2048 0 32 ) (-2048 88 32 ) (-1024 88 32 ) (-1024 0 32 ) 
4 365 394 (-2048 225 32 ) (-2048 201 32 ) (-2048 201 64 ) (-2048 233 64 ) 
4 365 373 (-2048 201 32 ) (-2048 225 32 ) (-1024 225 32 ) (-1024 201 32 ) 
4 365 369 (-1079 225 32.003906 ) (-1799 225 32.003906 ) (-1799 233 64 ) (-1079 233 64 ) 
4 365 370 (-1815 225 32.003906 ) (-2048 225 32.003906 ) (-2048 233 64 ) (-1815 233 64 ) 
4 365 368 (-1024 225 32.003906 ) (-1063 225 32.003906 ) (-1063 233 64 ) (-1024 233 64 ) 
4 365 366 (-2048 201 32 ) (-1024 201 32 ) (-1024 201 64 ) (-2048 201 64 ) 
4 366 395 (-2048 201 32 ) (-2048 144 32 ) (-2048 144 64 ) (-2048 201 64 ) 
4 366 374 (-2048 144 32 ) (-2048 201 32 ) (-1024 201 32 ) (-1024 144 32 ) 
4 366 367 (-2048 144 32 ) (-1024 144 32 ) (-1024 144 64 ) (-2048 144 64 ) 
4 367 396 (-2048 144 32 ) (-2048 112 32 ) (-2048 96 64 ) (-2048 144 64 ) 
4 367 375 (-2048 112 32 ) (-2048 144 32 ) (-1024 144 32 ) (-1024 112 32 ) 
3 370 397 (-2048 225 32 ) (-2048 233 64 ) (-2048 243 64 ) 
4 371 405 (-2048 1024 24 ) (-2048 1024 16 ) (-2048 225 16 ) (-2048 225 24 ) 
4 371 401 (-2048 1024 32 ) (-2048 1024 24 ) (-2048 225 24 ) (-2048 225 32 ) 
4 371 376 (-2048 225 16 ) (-2048 1024 16 ) (-1024 1024 16 ) (-1024 225 16 ) 
4 372 416 (-1024 0 16 ) (-1024 0 32 ) (-2048 0 32 ) (-2048 0 16 ) 
4 372 400 (-2048 112 16 ) (-2048 0 16 ) (-2048 0 32 ) (-2048 112 32 ) 
4 372 376 (-1024 0 16 ) (-2048 0 16 ) (-2048 112 16 ) (-1024 112 16 ) 
3 373 402 (-2048 201 32 ) (-2048 225 32 ) (-2048 201 24 ) 
4 373 374 (-2048 201 24 ) (-1024 201 24 ) (-1024 201 32 ) (-2048 201 32 ) 
4 374 403 (-2048 144 24 ) (-2048 144 32 ) (-2048 201 32 ) (-2048 201 24 ) 
4 374 375 (-2048 144 24 ) (-1024 144 24 ) (-1024 144 32 ) (-2048 144 32 ) 
3 375 404 (-2048 144 24 ) (-2048 112 32 ) (-2048 144 32 ) 
4 376 416 (-1024 0 -224 ) (-1024 0 16 ) (-2048 0 16 ) (-2048 0 -224 ) 
4 376 406 (-2048 1024 16 ) (-2048 1024 -224 ) (-2048 0 -224 ) (-2048 0 16 ) 
4 377 418 (-2048 0 412 ) (-2048 0 1280 ) (-2776 0 1280 ) (-2776 0 412 ) 
4 377 407 (-2776 1024 1280 ) (-2776 1024 412 ) (-2776 0 412 ) (-2776 0 1280 ) 
4 377 378 (-2776 0 412 ) (-2776 1024 412 ) (-2048 1024 412 ) (-2048 0 412 ) 
4 378 419 (-2048 0 372 ) (-2048 0 412 ) (-2776 0 412 ) (-2776 0 372 ) 
4 378 408 (-2776 1024 412 ) (-2776 1024 372 ) (-2776 0 372 ) (-2776 0 412 ) 
4 378 379 (-2048 0 372 ) (-2776 0 372 ) (-2776 1024 372 ) (-2048 1024 372 ) 
4 379 420 (-2048 0 272 ) (-2048 0 372 ) (-2776 0 372 ) (-2776 0 272 ) 
4 379 409 (-2776 1024 372 ) (-2776 1024 272 ) (-2776 0 272 ) (-2776 0 372 ) 
4 379 380 (-2776 230 272 ) (-2776 1024 272 ) (-2048 1024 272 ) (-2048 230 272 ) 
4 379 382 (-2048 0 272 ) (-2776 0 272 ) (-2776 24 272 ) (-2048 24 272 ) 
4 380 411 (-2776 1024 272 ) (-2776 1024 251 ) (-2776 254 251 ) (-2776 254 272 ) 
4 380 383 (-2776 254 251 ) (-2776 1024 251 ) (-2048 1024 251 ) (-2048 254 251 ) 
4 381 384 (-2776 47 251 ) (-2776 207 251 ) (-2048 207 251 ) (-2048 47 251 ) 
4 382 420 (-2048 0 251 ) (-2048 0 272 ) (-2776 0 272 ) (-2776 0 251 ) 
4 383 411 (-2776 1024 251 ) (-2776 1024 231 ) (-2776 254 231 ) (-2776 254 251 ) 
4 383 385 (-2776 254 231 ) (-2776 1024 231 ) (-2048 1024 231 ) (-2048 254 231 ) 
4 384 386 (-2776 20 231 ) (-2776 234 231 ) (-2048 234 231 ) (-2048 20 231 ) 
4 385 411 (-2776 1024 231 ) (-2776 1024 80 ) (-2776 254 80 ) (-2776 254 231 ) 
4 385 387 (-2776 254 80 ) (-2776 1024 80 ) (-2048 1024 80 ) (-2048 254 80 ) 
4 386 391 (-2776 96 80 ) (-2776 233 80 ) (-2048 233 80 ) (-2048 96 80 ) 
4 386 389 (-2751 243 80 ) (-2352 243 80 ) (-2352 233 80 ) (-2751 233 80 ) 
4 386 390 (-2776 233 80 ) (-2776 243 80 ) (-2767 243 80 ) (-2767 233 80 ) 
4 386 388 (-2336 243 80 ) (-2048 243 80 ) (-2048 233 80 ) (-2336 233 80 ) 
4 387 411 (-2776 1024 80 ) (-2776 1024 64 ) (-2776 254 64 ) (-2776 254 80 ) 
4 387 392 (-2776 253 64 ) (-2776 1024 64 ) (-2048 1024 64 ) (-2048 253 64 ) 
4 388 397 (-2336 243 64 ) (-2048 243 64 ) (-2048 233 64 ) (-2336 233 64 ) 
4 388 391 (-2336 233 64 ) (-2048 233 64 ) (-2048 233 80 ) (-2336 233 80 ) 
4 389 398 (-2751 243 64 ) (-2352 243 64 ) (-2352 233 64 ) (-2751 233 64 ) 
4 389 391 (-2751 233 64 ) (-2352 233 64 ) (-2352 233 80 ) (-2751 233 80 ) 
4 390 399 (-2776 233 64 ) (-2776 243 64 ) (-2767 243 64 ) (-2767 233 64 ) 
4 390 391 (-2776 233 64 ) (-2767 233 64 ) (-2767 233 80 ) (-2776 233 80 ) 
4 391 395 (-2776 144 64 ) (-2776 201 64 ) (-2048 201 64 ) (-2048 144 64 ) 
4 391 394 (-2776 201 64 ) (-2776 233 64 ) (-2048 233 64 ) (-2048 201 64 ) 
4 391 396 (-2776 96 64 ) (-2776 144 64 ) (-2048 144 64 ) (-2048 96 64 ) 
4 392 411 (-2776 1024 64 ) (-2776 1024 32 ) (-2776 254 32 ) (-2776 254 64 ) 
4 392 401 (-2776 249 32 ) (-2776 1024 32 ) (-2048 1024 32 ) (-2048 249 32 ) 
4 393 420 (-2048 0 32 ) (-2048 0 64 ) (-2776 0 64 ) (-2776 0 32 ) 
4 393 400 (-2048 0 32 ) (-2776 0 32 ) (-2776 88 32 ) (-2048 88 32 ) 
4 394 402 (-2776 201 32 ) (-2776 225 32 ) (-2048 225 32 ) (-2048 201 32 ) 
4 394 399 (-2767 225 32.003906 ) (-2776 225 32.003906 ) (-2776 233 64 ) (-2767 233 64 ) 
4 394 397 (-2048 225 32.003906 ) (-2336 225 32.003906 ) (-2336 233 64 ) (-2048 233 64 ) 
4 394 398 (-2352 225 32.003906 ) (-2751 225 32.003906 ) (-2751 233 64 ) (-2352 233 64 ) 
4 394 395 (-2776 201 32 ) (-2048 201 32 ) (-2048 201 64 ) (-2776 201 64 ) 
4 395 403 (-2776 144 32 ) (-2776 201 32 ) (-2048 201 32 ) (-2048 144 32 ) 
4 395 396 (-2776 144 32 ) (-2048 144 32 ) (-2048 144 64 ) (-2776 144 64 ) 
4 396 404 (-2776 112 32 ) (-2776 144 32 ) (-2048 144 32 ) (-2048 112 32 ) 
4 400 420 (-2048 0 16 ) (-2048 0 32 ) (-2776 0 32 ) (-2776 0 16 ) 
4 400 406 (-2776 0 16 ) (-2776 112 16 ) (-2048 112 16 ) (-2048 0 16 ) 
4 401 411 (-2776 1024 32 ) (-2776 1024 24 ) (-2776 254 24 ) (-2776 254 32 ) 
4 401 405 (-2776 225 24 ) (-2776 1024 24 ) (-2048 1024 24 ) (-2048 225 24 ) 
4 402 403 (-2776 201 24 ) (-2048 201 24 ) (-2048 201 32 ) (-2776 201 32 ) 
4 403 404 (-2776 144 24 ) (-2048 144 24 ) (-2048 144 32 ) (-2776 144 32 ) 
4 405 411 (-2776 1024 24 ) (-2776 1024 16 ) (-2776 254 16 ) (-2776 254 24 ) 
4 405 406 (-2776 225 16 ) (-2776 1024 16 ) (-2048 1024 16 ) (-2048 225 16 ) 
4 406 420 (-2048 0 -224 ) (-2048 0 16 ) (-2776 0 16 ) (-2776 0 -224 ) 
4 406 413 (-2776 1024 16 ) (-2776 1024 -224 ) (-2776 0 -224 ) (-2776 0 16 ) 
4 407 418 (-2776 0 412 ) (-2776 0 1280 ) (-2816 0 1280 ) (-2816 0 412 ) 
4 407 410 (-2816 0 412 ) (-2816 0 1280 ) (-2816 1024 1280 ) (-2816 1024 412 ) 
4 407 408 (-2816 0 412 ) (-2816 1024 412 ) (-2776 1024 412 ) (-2776 0 412 ) 
4 408 419 (-2776 0 372 ) (-2776 0 412 ) (-2816 0 412 ) (-2816 0 372 ) 
4 408 409 (-2816 0 372 ) (-2816 1024 372 ) (-2776 1024 372 ) (-2776 0 372 ) 
4 408 410 (-2816 0 372 ) (-2816 0 412 ) (-2816 1024 412 ) (-2816 1024 372 ) 
4 409 420 (-2776 0 272 ) (-2776 0 372 ) (-2816 0 372 ) (-2816 0 272 ) 
4 409 411 (-2784 1024 272 ) (-2776 1024 272 ) (-2776 254 272 ) (-2784 254 272 ) 
4 409 412 (-2816 1024 272 ) (-2784 1024 272 ) (-2784 0 272 ) (-2816 0 272 ) 
4 409 410 (-2816 1024 272 ) (-2816 0 272 ) (-2816 0 372 ) (-2816 1024 372 ) 
4 410 422 (-2816 0 1280 ) (-2880 0 1280 ) (-2880 0 272 ) (-2816 0 272 ) 
4 410 412 (-2880 0 272 ) (-2880 1024 272 ) (-2816 1024 272 ) (-2816 0 272 ) 
4 411 413 (-2784 1024 16 ) (-2776 1024 16 ) (-2776 254 16 ) (-2784 254 16 ) 
4 411 412 (-2784 1024 16 ) (-2784 254 16 ) (-2784 254 272 ) (-2784 1024 272 ) 
4 412 420 (-2784 0 272 ) (-2816 0 272 ) (-2816 0 16 ) (-2784 0 16 ) 
4 412 422 (-2816 0 272 ) (-2880 0 272 ) (-2880 0 16 ) (-2816 0 16 ) 
4 412 413 (-2880 0 16 ) (-2880 1024 16 ) (-2784 1024 16 ) (-2784 0 16 ) 
4 413 420 (-2776 0 -224 ) (-2776 0 16 ) (-2816 0 16 ) (-2816 0 -224 ) 
4 413 422 (-2816 0 16 ) (-2880 0 16 ) (-2880 0 -224 ) (-2816 0 -224 ) 
4 414 418 (-2048 0 1280 ) (-2048 0 412 ) (-2048 -192 412 ) (-2048 -192 1280 ) 
4 414 417 (-1024 -192 412 ) (-1024 -192 1280 ) (-2048 -192 1280 ) (-2048 -192 412 ) 
4 414 415 (-1024 -192 412 ) (-2048 -192 412 ) (-2048 0 412 ) (-1024 0 412 ) 
4 415 419 (-2048 0 412 ) (-2048 0 372 ) (-2048 -192 372 ) (-2048 -192 412 ) 
4 415 416 (-1024 -192 372 ) (-2048 -192 372 ) (-2048 0 372 ) (-1024 0 372 ) 
4 415 417 (-1024 -192 372 ) (-1024 -192 412 ) (-2048 -192 412 ) (-2048 -192 372 ) 
4 416 420 (-2048 0 372 ) (-2048 0 -224 ) (-2048 -192 -224 ) (-2048 -192 372 ) 
4 416 417 (-2048 -192 -224 ) (-1024 -192 -224 ) (-1024 -192 372 ) (-2048 -192 372 ) 
4 417 421 (-2048 -192 -224 ) (-2048 -992 -224 ) (-2048 -992 1280 ) (-2048 -192 1280 ) 
4 418 422 (-2816 -192 412 ) (-2816 -192 1280 ) (-2816 0 1280 ) (-2816 0 412 ) 
4 418 421 (-2816 -192 1280 ) (-2816 -192 412 ) (-2048 -192 412 ) (-2048 -192 1280 ) 
4 418 419 (-2048 -192 412 ) (-2816 -192 412 ) (-2816 0 412 ) (-2048 0 412 ) 
4 419 420 (-2048 -192 372 ) (-2816 -192 372 ) (-2816 0 372 ) (-2048 0 372 ) 
4 419 422 (-2816 -192 372 ) (-2816 -192 412 ) (-2816 0 412 ) (-2816 0 372 ) 
4 419 421 (-2816 -192 412 ) (-2816 -192 372 ) (-2048 -192 372 ) (-2048 -192 412 ) 
4 420 421 (-2816 -192 372 ) (-2816 -192 -224 ) (-2048 -192 -224 ) (-2048 -192 372 ) 
4 420 422 (-2816 0 -224 ) (-2816 -192 -224 ) (-2816 -192 372 ) (-2816 0 372 ) 
4 421 422 (-2816 -192 -224 ) (-2816 -992 -224 ) (-2816 -992 1280 ) (-2816 -192 1280 ) 
