PRT1
224
607
4 0 4 (2064 1024 2016 ) (2048 1024 2016 ) (2048 1024 -992 ) (2064 1024 -992 ) 
4 0 3 (3040 1024 2016 ) (2064 1024 2016 ) (2064 1024 -992 ) (3040 1024 -992 ) 
4 0 1 (2048 1024 -992 ) (2048 1024 2016 ) (2048 2016 2016 ) (2048 2016 -992 ) 
4 1 26 (2048 1024 -992 ) (2048 1024 16 ) (1024 1024 16 ) (1024 1024 -992 ) 
4 1 22 (2048 1024 16 ) (2048 1024 24 ) (1024 1024 24 ) (1024 1024 16 ) 
4 1 20 (2048 1024 24 ) (2048 1024 64 ) (1024 1024 64 ) (1024 1024 24 ) 
4 1 14 (2048 1024 64 ) (2048 1024 208 ) (1024 1024 208 ) (1024 1024 64 ) 
4 1 12 (2048 1024 208 ) (2048 1024 251 ) (1024 1024 251 ) (1024 1024 208 ) 
4 1 9 (2048 1024 251 ) (2048 1024 272 ) (1024 1024 272 ) (1024 1024 251 ) 
4 1 8 (2048 1024 272 ) (2048 1024 2016 ) (1024 1024 2016 ) (1024 1024 272 ) 
4 1 2 (1024 1024 -992 ) (1024 1024 2016 ) (1024 2016 2016 ) (1024 2016 -992 ) 
4 2 74 (0 1024 -992 ) (0 1024 64 ) (0 1920 64 ) (0 1920 -992 ) 
4 2 70 (0 1920 64 ) (0 2016 64 ) (0 2016 -992 ) (0 1920 -992 ) 
4 2 67 (0 1024 64 ) (0 1024 176 ) (0 1920 176 ) (0 1920 64 ) 
4 2 64 (0 1024 176 ) (0 1024 191 ) (0 1920 191 ) (0 1920 176 ) 
4 2 61 (0 1024 191 ) (0 1024 213 ) (0 1920 213 ) (0 1920 191 ) 
4 2 58 (0 1024 213 ) (0 1024 216 ) (0 1920 216 ) (0 1920 213 ) 
4 2 55 (0 1024 216 ) (0 1024 2016 ) (0 1920 2016 ) (0 1920 216 ) 
4 2 51 (0 1920 2016 ) (0 2016 2016 ) (0 2016 64 ) (0 1920 64 ) 
4 2 45 (1024 1024 -992 ) (1024 1024 16 ) (0 1024 16 ) (0 1024 -992 ) 
4 2 41 (1024 1024 16 ) (1024 1024 24 ) (0 1024 24 ) (0 1024 16 ) 
4 2 39 (1024 1024 24 ) (1024 1024 64 ) (0 1024 64 ) (0 1024 24 ) 
4 2 33 (1024 1024 64 ) (1024 1024 208 ) (0 1024 208 ) (0 1024 64 ) 
4 2 31 (1024 1024 208 ) (1024 1024 251 ) (0 1024 251 ) (0 1024 208 ) 
4 2 28 (1024 1024 251 ) (1024 1024 272 ) (0 1024 272 ) (0 1024 251 ) 
4 2 27 (1024 1024 272 ) (1024 1024 2016 ) (0 1024 2016 ) (0 1024 272 ) 
4 3 7 (3040 0 2016 ) (2064 0 2016 ) (2064 0 -992 ) (3040 0 -992 ) 
4 3 5 (2064 0 272 ) (2064 0 2016 ) (2064 248 2016 ) (2064 248 272 ) 
4 3 6 (2064 248 -992 ) (2064 0 -992 ) (2064 0 16 ) (2064 248 16 ) 
4 3 4 (2064 1024 -992 ) (2064 248 -992 ) (2064 248 2016 ) (2064 1024 2016 ) 
4 4 26 (2048 1024 16 ) (2048 1024 -992 ) (2048 248 -992 ) (2048 248 16 ) 
4 4 22 (2048 1024 24 ) (2048 1024 16 ) (2048 248 16 ) (2048 248 24 ) 
4 4 21 (2048 249 24 ) (2048 248 24 ) (2048 248 32 ) (2048 249 32 ) 
4 4 20 (2048 1024 64 ) (2048 1024 24 ) (2048 249 24 ) (2048 249 64 ) 
4 4 14 (2048 1024 208 ) (2048 1024 64 ) (2048 259 64 ) (2048 259 208 ) 
4 4 12 (2048 1024 251 ) (2048 1024 208 ) (2048 254 208 ) (2048 254 251 ) 
4 4 9 (2048 1024 272 ) (2048 1024 251 ) (2048 248 251 ) (2048 248 272 ) 
4 4 8 (2048 1024 2016 ) (2048 1024 272 ) (2048 248 272 ) (2048 248 2016 ) 
4 4 5 (2064 248 272 ) (2064 248 2016 ) (2048 248 2016 ) (2048 248 272 ) 
4 4 6 (2048 248 -992 ) (2064 248 -992 ) (2064 248 16 ) (2048 248 16 ) 
4 5 8 (2048 0 272 ) (2048 0 2016 ) (2048 248 2016 ) (2048 248 272 ) 
4 5 7 (2064 0 2016 ) (2048 0 2016 ) (2048 0 272 ) (2064 0 272 ) 
4 6 26 (2048 248 -992 ) (2048 0 -992 ) (2048 0 16 ) (2048 248 16 ) 
4 6 7 (2048 0 16 ) (2048 0 -992 ) (2064 0 -992 ) (2064 0 16 ) 
4 7 48 (3040 -1024 2016 ) (2048 -1024 2016 ) (2048 -1024 -992 ) (3040 -1024 -992 ) 
4 7 46 (2048 -1024 -992 ) (2048 -1024 2016 ) (2048 0 2016 ) (2048 0 -992 ) 
4 8 46 (2048 0 272 ) (2048 0 2016 ) (1024 0 2016 ) (1024 0 272 ) 
4 8 27 (1024 1024 2016 ) (1024 1024 272 ) (1024 0 272 ) (1024 0 2016 ) 
4 8 11 (2048 0 272 ) (1024 0 272 ) (1024 24 272 ) (2048 24 272 ) 
4 8 9 (1024 230 272 ) (1024 1024 272 ) (2048 1024 272 ) (2048 230 272 ) 
4 9 28 (1024 1024 272 ) (1024 1024 251 ) (1024 230 251 ) (1024 230 272 ) 
4 9 12 (1024 254 251 ) (1024 1024 251 ) (2048 1024 251 ) (2048 254 251 ) 
5 10 29 (1024 207 251 ) (1024 47 251 ) (1024 83 263 ) (1024 127 268 ) (1024 171 263 ) 
4 10 13 (1024 47 251 ) (1024 207 251 ) (2048 207 251 ) (2048 47 251 ) 
4 11 46 (2048 0 251 ) (2048 0 272 ) (1024 0 272 ) (1024 0 251 ) 
4 11 30 (1024 24 251 ) (1024 0 251 ) (1024 0 272 ) (1024 24 272 ) 
4 12 31 (1024 1024 251 ) (1024 1024 208 ) (1024 254 208 ) (1024 254 251 ) 
4 12 14 (1024 259 208 ) (1024 1024 208 ) (2048 1024 208 ) (2048 259 208 ) 
6 13 32 (1024 243 208 ) (1024 11 208 ) (1024 20 231 ) (1024 47 251 ) (1024 207 251 ) (1024 234 231 ) 
4 13 16 (1024 11 208 ) (1024 96 208 ) (2048 96 208 ) (2048 11 208 ) 
4 13 15 (1024 96 208 ) (1024 243 208 ) (2048 243 208 ) (2048 96 208 ) 
4 14 33 (1024 1024 208 ) (1024 1024 64 ) (1024 259 64 ) (1024 259 208 ) 
4 14 20 (1024 259 64 ) (1024 1024 64 ) (2048 1024 64 ) (2048 259 64 ) 
4 15 34 (1024 243 64 ) (1024 96 64 ) (1024 96 208 ) (1024 243 208 ) 
4 15 23 (1024 96 64 ) (1024 112 64 ) (2048 112 64 ) (2048 96 64 ) 
4 15 18 (1024 144 64 ) (1024 201 64 ) (2048 201 64 ) (2048 144 64 ) 
4 15 17 (1024 201 64 ) (1024 243 64 ) (2048 243 64 ) (2048 201 64 ) 
4 15 19 (1024 112 64 ) (1024 144 64 ) (2048 144 64 ) (2048 112 64 ) 
4 15 16 (2048 96 80 ) (2048 96 208 ) (1024 96 208 ) (1024 96 80 ) 
4 16 35 (1024 11 80 ) (1024 11 208 ) (1024 96 208 ) (1024 96 80 ) 
4 17 36 (1024 201 24 ) (1024 201 64 ) (1024 243 64 ) (1024 225 32 ) 
4 17 18 (1024 201 24 ) (2048 201 24 ) (2048 201 64 ) (1024 201 64 ) 
4 18 37 (1024 201 24 ) (1024 144 24 ) (1024 144 64 ) (1024 201 64 ) 
4 18 19 (1024 144 24 ) (2048 144 24 ) (2048 144 64 ) (1024 144 64 ) 
4 19 38 (1024 144 24 ) (1024 112 32 ) (1024 112 64 ) (1024 144 64 ) 
4 19 23 (2048 112 32 ) (2048 112 64 ) (1024 112 64 ) (1024 112 32 ) 
4 20 39 (1024 1024 64 ) (1024 1024 24 ) (1024 249 24 ) (1024 249 64 ) 
4 20 22 (1024 249 24 ) (1024 1024 24 ) (2048 1024 24 ) (2048 249 24 ) 
4 20 21 (1024 249 24 ) (2048 249 24 ) (2048 249 32 ) (1024 249 32 ) 
4 21 40 (1024 249 24 ) (1024 225 24 ) (1024 225 32 ) (1024 249 32 ) 
4 21 22 (1024 225 24 ) (1024 249 24 ) (2048 249 24 ) (2048 225 24 ) 
4 22 41 (1024 1024 24 ) (1024 1024 16 ) (1024 225 16 ) (1024 225 24 ) 
4 22 26 (1024 225 16 ) (1024 1024 16 ) (2048 1024 16 ) (2048 225 16 ) 
3 23 42 (1024 96 64 ) (1024 112 64 ) (1024 112 32 ) 
4 24 43 (1024 112 16 ) (1024 88 16 ) (1024 88 32 ) (1024 112 32 ) 
4 24 26 (1024 88 16 ) (1024 112 16 ) (2048 112 16 ) (2048 88 16 ) 
4 24 25 (1024 88 16 ) (2048 88 16 ) (2048 88 32 ) (1024 88 32 ) 
4 25 46 (2048 0 16 ) (2048 0 64 ) (1024 0 64 ) (1024 0 16 ) 
4 25 44 (1024 88 16 ) (1024 0 16 ) (1024 0 64 ) (1024 88 64 ) 
4 25 26 (1024 0 16 ) (1024 88 16 ) (2048 88 16 ) (2048 0 16 ) 
4 26 46 (2048 0 -992 ) (2048 0 16 ) (1024 0 16 ) (1024 0 -992 ) 
4 26 45 (1024 1024 16 ) (1024 1024 -992 ) (1024 0 -992 ) (1024 0 16 ) 
4 27 92 (0 0 272 ) (0 0 2016 ) (0 254 2016 ) (0 254 272 ) 
4 27 83 (0 254 2016 ) (0 1024 2016 ) (0 1024 272 ) (0 254 272 ) 
4 27 47 (1024 0 272 ) (1024 0 2016 ) (0 0 2016 ) (0 0 272 ) 
4 27 30 (1024 24 272 ) (1024 0 272 ) (0 0 272 ) (0 24 272 ) 
4 27 28 (1024 1024 272 ) (1024 230 272 ) (0 230 272 ) (0 1024 272 ) 
4 28 93 (0 230 272 ) (0 254 272 ) (0 254 251 ) (0 230 251 ) 
4 28 83 (0 254 272 ) (0 1024 272 ) (0 1024 251 ) (0 254 251 ) 
4 28 31 (0 254 251 ) (0 1024 251 ) (1024 1024 251 ) (1024 254 251 ) 
5 29 94 (0 127 268 ) (0 171 263 ) (0 207 251 ) (0 47 251 ) (0 83 263 ) 
4 29 32 (0 47 251 ) (0 207 251 ) (1024 207 251 ) (1024 47 251 ) 
4 30 95 (0 0 251 ) (0 0 272 ) (0 24 272 ) (0 24 251 ) 
4 30 47 (1024 0 251 ) (1024 0 272 ) (0 0 272 ) (0 0 251 ) 
4 31 89 (0 1024 213 ) (0 1024 208 ) (0 254 208 ) (0 254 213 ) 
4 31 86 (0 1024 216 ) (0 1024 213 ) (0 254 213 ) (0 254 216 ) 
4 31 83 (0 254 251 ) (0 1024 251 ) (0 1024 216 ) (0 254 216 ) 
4 31 33 (1024 1024 208 ) (1024 259 208 ) (0 259 208 ) (0 1024 208 ) 
4 32 99 (0 239.869553 216 ) (0 243 208 ) (0 11 208 ) (0 14.130434 216 ) 
6 32 96 (0 47 251 ) (0 207 251 ) (0 234 231 ) (0 239.869553 216 ) (0 14.130434 216 ) (0 20 231 ) 
4 32 35 (1024 96 208 ) (1024 11 208 ) (0 11 208 ) (0 96 208 ) 
4 32 34 (1024 243 208 ) (1024 96 208 ) (0 96 208 ) (0 243 208 ) 
4 33 110 (0 1024 80 ) (0 1024 64 ) (0 259 64 ) (0 259 80 ) 
4 33 101 (0 259 208 ) (0 1024 208 ) (0 1024 80 ) (0 259 80 ) 
4 33 39 (1024 1024 64 ) (1024 259 64 ) (0 259 64 ) (0 1024 64 ) 
4 34 116 (0 233 64 ) (0 96 64 ) (0 96 80 ) (0 233 80 ) 
4 34 113 (0 243 80 ) (0 243 64 ) (0 233 64 ) (0 233 80 ) 
4 34 109 (0 96 208 ) (0 243 208 ) (0 243 80 ) (0 96 80 ) 
4 34 42 (1024 112 64 ) (1024 96 64 ) (0 96 64 ) (0 112 64 ) 
4 34 37 (1024 201 64 ) (1024 144 64 ) (0 144 64 ) (0 201 64 ) 
4 34 36 (1024 243 64 ) (1024 201 64 ) (0 201 64 ) (0 243 64 ) 
4 34 38 (1024 144 64 ) (1024 112 64 ) (0 112 64 ) (0 144 64 ) 
4 34 35 (1024 96 80 ) (1024 96 208 ) (0 96 208 ) (0 96 80 ) 
4 35 109 (0 11 208 ) (0 96 208 ) (0 96 80 ) (0 11 80 ) 
3 36 137 (0 225 32 ) (0 201 24 ) (0 201 32 ) 
4 36 128 (0 201 64 ) (0 225 64 ) (0 225 32 ) (0 201 32 ) 
3 36 117 (0 225 64 ) (0 243 64 ) (0 225 32 ) 
4 36 37 (0 201 24 ) (1024 201 24 ) (1024 201 64 ) (0 201 64 ) 
4 37 138 (0 201 32 ) (0 201 24 ) (0 144 24 ) (0 144 32 ) 
4 37 129 (0 144 64 ) (0 201 64 ) (0 201 32 ) (0 144 32 ) 
4 37 38 (0 144 24 ) (1024 144 24 ) (1024 144 64 ) (0 144 64 ) 
3 38 139 (0 144 32 ) (0 144 24 ) (0 112 32 ) 
4 38 130 (0 112 64 ) (0 144 64 ) (0 144 32 ) (0 112 32 ) 
4 38 42 (1024 112 32 ) (1024 112 64 ) (0 112 64 ) (0 112 32 ) 
4 39 125 (0 1024 32 ) (0 1024 24 ) (0 249 24 ) (0 249 32 ) 
4 39 118 (0 249 64 ) (0 1024 64 ) (0 1024 32 ) (0 249 32 ) 
4 39 41 (0 249 24 ) (0 1024 24 ) (1024 1024 24 ) (1024 249 24 ) 
4 39 40 (0 249 24 ) (1024 249 24 ) (1024 249 32 ) (0 249 32 ) 
4 40 125 (0 249 32 ) (0 249 24 ) (0 225 24 ) (0 225 32 ) 
4 40 41 (0 225 24 ) (0 249 24 ) (1024 249 24 ) (1024 225 24 ) 
4 41 125 (0 1024 24 ) (0 1024 16 ) (0 225 16 ) (0 225 24 ) 
4 41 45 (0 225 16 ) (0 1024 16 ) (1024 1024 16 ) (1024 225 16 ) 
3 42 130 (0 96 64 ) (0 112 64 ) (0 112 32 ) 
4 43 146 (0 112 24 ) (0 112 16 ) (0 88 16 ) (0 88 24 ) 
4 43 145 (0 112 32 ) (0 112 24 ) (0 88 24 ) (0 88 32 ) 
4 43 45 (0 88 16 ) (0 112 16 ) (1024 112 16 ) (1024 88 16 ) 
4 43 44 (0 88 16 ) (1024 88 16 ) (1024 88 32 ) (0 88 32 ) 
4 44 146 (0 0 16 ) (0 0 24 ) (0 88 24 ) (0 88 16 ) 
4 44 145 (0 0 24 ) (0 0 32 ) (0 88 32 ) (0 88 24 ) 
4 44 136 (0 0 32 ) (0 0 64 ) (0 88 64 ) (0 88 32 ) 
4 44 47 (1024 0 16 ) (1024 0 64 ) (0 0 64 ) (0 0 16 ) 
4 44 45 (1024 0 16 ) (0 0 16 ) (0 88 16 ) (1024 88 16 ) 
4 45 148 (0 0 -992 ) (0 0 16 ) (0 1024 16 ) (0 1024 -992 ) 
4 45 47 (1024 0 -992 ) (1024 0 16 ) (0 0 16 ) (0 0 -992 ) 
4 46 49 (2048 -1024 -992 ) (2048 -1024 2016 ) (1024 -1024 2016 ) (1024 -1024 -992 ) 
4 46 47 (1024 0 2016 ) (1024 0 -992 ) (1024 -1024 -992 ) (1024 -1024 2016 ) 
4 47 170 (0 -1024 -992 ) (0 -1024 2016 ) (0 0 2016 ) (0 0 -992 ) 
4 47 50 (1024 -1024 -992 ) (1024 -1024 2016 ) (0 -1024 2016 ) (0 -1024 -992 ) 
4 48 49 (2048 -1024 2016 ) (2048 -1024 -992 ) (2048 -2016 -992 ) (2048 -2016 2016 ) 
4 49 50 (1024 -1024 2016 ) (1024 -1024 -992 ) (1024 -2016 -992 ) (1024 -2016 2016 ) 
4 50 172 (0 -2016 2016 ) (0 -1024 2016 ) (0 -1024 -992 ) (0 -2016 -992 ) 
4 51 70 (0 2016 64 ) (0 1920 64 ) (-448 1920 64 ) (-448 2016 64 ) 
4 51 67 (-448 1920 64 ) (0 1920 64 ) (0 1920 176 ) (-448 1920 176 ) 
4 51 64 (0 1920 176 ) (0 1920 191 ) (-448 1920 191 ) (-448 1920 176 ) 
4 51 61 (0 1920 191 ) (0 1920 213 ) (-448 1920 213 ) (-448 1920 191 ) 
4 51 58 (0 1920 213 ) (0 1920 216 ) (-448 1920 216 ) (-448 1920 213 ) 
4 51 55 (0 1920 216 ) (0 1920 2016 ) (-448 1920 2016 ) (-448 1920 216 ) 
4 51 53 (-448 1920 221 ) (-448 1920 2016 ) (-448 1928 2016 ) (-448 1928 221 ) 
4 51 52 (-448 2016 2016 ) (-448 2016 64 ) (-448 1928 64 ) (-448 1928 2016 ) 
4 52 71 (-656 1928 64 ) (-656 2016 64 ) (-448 2016 64 ) (-448 1928 64 ) 
4 52 53 (-656 1928 2016 ) (-656 1928 221 ) (-448 1928 221 ) (-448 1928 2016 ) 
4 52 54 (-656 2016 2016 ) (-656 2016 64 ) (-656 1928 64 ) (-656 1928 2016 ) 
4 53 56 (-480 1920 2016 ) (-624 1920 2016 ) (-624 1920 221 ) (-480 1920 221 ) 
4 53 55 (-448 1920 221 ) (-448 1920 2016 ) (-480 1920 2016 ) (-480 1920 221 ) 
4 53 57 (-624 1920 2016 ) (-656 1920 2016 ) (-656 1920 221 ) (-624 1920 221 ) 
4 53 54 (-656 1920 221 ) (-656 1920 2016 ) (-656 1928 2016 ) (-656 1928 221 ) 
4 54 80 (-1024 2016 64 ) (-1024 1920 64 ) (-1024 1920 2016 ) (-1024 2016 2016 ) 
4 54 73 (-656 1920 64 ) (-1024 1920 64 ) (-1024 2016 64 ) (-656 2016 64 ) 
4 54 69 (-1024 1920 176 ) (-1024 1920 64 ) (-656 1920 64 ) (-656 1920 176 ) 
4 54 66 (-1024 1920 191 ) (-1024 1920 176 ) (-656 1920 176 ) (-656 1920 191 ) 
4 54 63 (-1024 1920 213 ) (-1024 1920 191 ) (-656 1920 191 ) (-656 1920 213 ) 
4 54 60 (-1024 1920 216 ) (-1024 1920 213 ) (-656 1920 213 ) (-656 1920 216 ) 
4 54 57 (-1024 1920 2016 ) (-1024 1920 216 ) (-656 1920 216 ) (-656 1920 2016 ) 
4 55 83 (0 1024 216 ) (0 1024 2016 ) (-480 1024 2016 ) (-480 1024 216 ) 
4 55 58 (-480 1920 216 ) (0 1920 216 ) (0 1024 216 ) (-480 1024 216 ) 
4 55 56 (-480 1024 221 ) (-480 1024 2016 ) (-480 1920 2016 ) (-480 1920 221 ) 
4 56 84 (-480 1024 2016 ) (-624 1024 2016 ) (-624 1024 221 ) (-480 1024 221 ) 
4 56 57 (-624 1024 221 ) (-624 1024 2016 ) (-624 1920 2016 ) (-624 1920 221 ) 
4 57 85 (-624 1024 2016 ) (-1024 1024 2016 ) (-1024 1024 216 ) (-624 1024 216 ) 
4 57 80 (-1024 1024 216 ) (-1024 1024 2016 ) (-1024 1920 2016 ) (-1024 1920 216 ) 
4 57 60 (-1024 1920 216 ) (-624 1920 216 ) (-624 1024 216 ) (-1024 1024 216 ) 
4 58 86 (0 1024 213 ) (0 1024 216 ) (-480 1024 216 ) (-480 1024 213 ) 
4 58 61 (0 1024 213 ) (-464 1024 213 ) (-464 1920 213 ) (0 1920 213 ) 
4 59 87 (-504 1024 216 ) (-600 1024 216 ) (-615 1024 213 ) (-489 1024 213 ) 
4 59 62 (-489 1024 213 ) (-615 1024 213 ) (-615 1920 213 ) (-489 1920 213 ) 
4 60 88 (-624 1024 216 ) (-1024 1024 216 ) (-1024 1024 213 ) (-624 1024 213 ) 
4 60 80 (-1024 1024 213 ) (-1024 1024 216 ) (-1024 1920 216 ) (-1024 1920 213 ) 
4 60 63 (-640 1024 213 ) (-1024 1024 213 ) (-1024 1920 213 ) (-640 1920 213 ) 
4 61 103 (-461 1024 208 ) (-464 1024 208 ) (-464 1024 191 ) (-461 1024 191 ) 
4 61 102 (-448 1024 208 ) (-461 1024 208 ) (-461 1024 191 ) (-448 1024 191 ) 
4 61 101 (0 1024 191 ) (0 1024 208 ) (-448 1024 208 ) (-448 1024 191 ) 
4 61 89 (0 1024 208 ) (0 1024 213 ) (-464 1024 213 ) (-464 1024 208 ) 
4 61 64 (-461 1920 191 ) (0 1920 191 ) (0 1024 191 ) (-461 1024 191 ) 
6 62 104 (-622.222229 1024 208 ) (-628 1024 204 ) (-637 1024 191 ) (-467 1024 191 ) (-476 1024 204 ) (-481.777740 1024 208 ) 
4 62 90 (-489 1024 213 ) (-615 1024 213 ) (-622.222229 1024 208 ) (-481.777740 1024 208 ) 
4 62 65 (-637 1920 191 ) (-467 1920 191 ) (-467 1024 191 ) (-637 1024 191 ) 
4 63 108 (-1024 1024 208 ) (-1024 1024 191 ) (-656 1024 191 ) (-656 1024 208 ) 
4 63 106 (-643 1024 191 ) (-640 1024 191 ) (-640 1024 208 ) (-643 1024 208 ) 
4 63 107 (-656 1024 191 ) (-643 1024 191 ) (-643 1024 208 ) (-656 1024 208 ) 
4 63 91 (-640 1024 213 ) (-1024 1024 213 ) (-1024 1024 208 ) (-640 1024 208 ) 
4 63 80 (-1024 1024 191 ) (-1024 1024 213 ) (-1024 1920 213 ) (-1024 1920 191 ) 
4 63 66 (-1024 1920 191 ) (-643 1920 191 ) (-643 1024 191 ) (-1024 1024 191 ) 
4 64 102 (-448 1024 191 ) (-461 1024 191 ) (-461 1024 176 ) (-448 1024 176 ) 
4 64 101 (0 1024 176 ) (0 1024 191 ) (-448 1024 191 ) (-448 1024 176 ) 
4 64 67 (0 1024 176 ) (-448 1024 176 ) (-448 1920 176 ) (0 1920 176 ) 
4 65 105 (-467 1024 191 ) (-637 1024 191 ) (-640 1024 176 ) (-464 1024 176 ) 
4 65 68 (-464 1024 176 ) (-640 1024 176 ) (-640 1920 176 ) (-464 1920 176 ) 
4 66 108 (-656 1024 191 ) (-1024 1024 191 ) (-1024 1024 176 ) (-656 1024 176 ) 
4 66 107 (-643 1024 191 ) (-656 1024 191 ) (-656 1024 176 ) (-643 1024 176 ) 
4 66 80 (-1024 1024 176 ) (-1024 1024 191 ) (-1024 1920 191 ) (-1024 1920 176 ) 
4 66 69 (-656 1024 176 ) (-1024 1024 176 ) (-1024 1920 176 ) (-656 1920 176 ) 
4 67 110 (0 1024 64 ) (0 1024 80 ) (-448 1024 80 ) (-448 1024 64 ) 
4 67 101 (0 1024 80 ) (0 1024 176 ) (-448 1024 176 ) (-448 1024 80 ) 
4 67 74 (0 1920 64 ) (0 1024 64 ) (-448 1024 64 ) (-448 1920 64 ) 
4 68 111 (-640 1024 80 ) (-640 1024 64 ) (-464 1024 64 ) (-464 1024 80 ) 
4 68 105 (-464 1024 176 ) (-640 1024 176 ) (-640 1024 80 ) (-464 1024 80 ) 
4 68 76 (-464 1024 64 ) (-640 1024 64 ) (-640 1920 64 ) (-464 1920 64 ) 
4 69 112 (-1024 1024 80 ) (-1024 1024 64 ) (-656 1024 64 ) (-656 1024 80 ) 
4 69 108 (-656 1024 176 ) (-1024 1024 176 ) (-1024 1024 80 ) (-656 1024 80 ) 
4 69 80 (-1024 1024 64 ) (-1024 1024 176 ) (-1024 1920 176 ) (-1024 1920 64 ) 
4 69 78 (-656 1024 64 ) (-1024 1024 64 ) (-1024 1920 64 ) (-656 1920 64 ) 
4 70 74 (0 1920 -992 ) (0 1920 64 ) (-448 1920 64 ) (-448 1920 -992 ) 
4 70 72 (-448 1928 -992 ) (-448 1920 -992 ) (-448 1920 16 ) (-448 1928 16 ) 
4 70 71 (-448 2016 64 ) (-448 2016 -992 ) (-448 1928 -992 ) (-448 1928 64 ) 
4 71 72 (-656 1928 16 ) (-656 1928 -992 ) (-448 1928 -992 ) (-448 1928 16 ) 
4 71 73 (-656 2016 64 ) (-656 2016 -992 ) (-656 1928 -992 ) (-656 1928 64 ) 
4 72 79 (-656 1920 16 ) (-656 1920 -992 ) (-640 1920 -992 ) (-640 1920 16 ) 
4 72 77 (-640 1920 -992 ) (-464 1920 -992 ) (-464 1920 16 ) (-640 1920 16 ) 
4 72 75 (-464 1920 -992 ) (-448 1920 -992 ) (-448 1920 16 ) (-464 1920 16 ) 
4 72 73 (-656 1928 -992 ) (-656 1920 -992 ) (-656 1920 16 ) (-656 1928 16 ) 
4 73 80 (-1024 1920 -992 ) (-1024 1920 64 ) (-1024 2016 64 ) (-1024 2016 -992 ) 
4 73 79 (-1024 1920 16 ) (-1024 1920 -992 ) (-656 1920 -992 ) (-656 1920 16 ) 
4 73 78 (-656 1920 64 ) (-1024 1920 64 ) (-1024 1920 16 ) (-656 1920 16 ) 
4 74 148 (0 1024 -992 ) (0 1024 16 ) (-448 1024 16 ) (-448 1024 -992 ) 
4 74 125 (0 1024 16 ) (0 1024 32 ) (-448 1024 32 ) (-448 1024 16 ) 
4 74 118 (0 1024 32 ) (0 1024 64 ) (-448 1024 64 ) (-448 1024 32 ) 
4 74 75 (-448 1920 16 ) (-448 1920 -992 ) (-448 1024 -992 ) (-448 1024 16 ) 
4 75 148 (-464 1024 16 ) (-464 1024 -992 ) (-448 1024 -992 ) (-448 1024 16 ) 
4 75 77 (-464 1920 16 ) (-464 1920 -992 ) (-464 1024 -992 ) (-464 1024 16 ) 
4 76 126 (-464 1024 24 ) (-464 1024 32 ) (-640 1024 32 ) (-640 1024 24 ) 
4 76 120 (-464 1024 32 ) (-464 1024 64 ) (-640 1024 64 ) (-640 1024 32 ) 
4 77 148 (-464 1024 -992 ) (-464 1024 16 ) (-640 1024 16 ) (-640 1024 -992 ) 
4 77 79 (-640 1920 16 ) (-640 1920 -992 ) (-640 1024 -992 ) (-640 1024 16 ) 
4 78 127 (-1024 1024 32 ) (-1024 1024 16 ) (-656 1024 16 ) (-656 1024 32 ) 
4 78 124 (-656 1024 64 ) (-1024 1024 64 ) (-1024 1024 32 ) (-656 1024 32 ) 
4 78 80 (-1024 1024 16 ) (-1024 1024 64 ) (-1024 1920 64 ) (-1024 1920 16 ) 
4 78 79 (-1024 1920 16 ) (-656 1920 16 ) (-656 1024 16 ) (-1024 1024 16 ) 
4 79 148 (-640 1024 -992 ) (-640 1024 16 ) (-1024 1024 16 ) (-1024 1024 -992 ) 
4 79 80 (-1024 1024 -992 ) (-1024 1024 16 ) (-1024 1920 16 ) (-1024 1920 -992 ) 
4 80 169 (-1024 1024 -992 ) (-1024 1024 16 ) (-2048 1024 16 ) (-2048 1024 -992 ) 
4 80 168 (-1024 1024 16 ) (-1024 1024 32 ) (-2048 1024 32 ) (-2048 1024 16 ) 
4 80 162 (-1024 1024 32 ) (-1024 1024 64 ) (-2048 1024 64 ) (-2048 1024 32 ) 
4 80 156 (-1024 1024 64 ) (-1024 1024 80 ) (-2048 1024 80 ) (-2048 1024 64 ) 
4 80 155 (-1024 1024 80 ) (-1024 1024 208 ) (-2048 1024 208 ) (-2048 1024 80 ) 
4 80 153 (-1024 1024 208 ) (-1024 1024 251 ) (-2048 1024 251 ) (-2048 1024 208 ) 
4 80 150 (-1024 1024 251 ) (-1024 1024 272 ) (-2048 1024 272 ) (-2048 1024 251 ) 
4 80 149 (-1024 1024 272 ) (-1024 1024 2016 ) (-2048 1024 2016 ) (-2048 1024 272 ) 
4 80 81 (-2048 1024 -992 ) (-2048 1024 2016 ) (-2048 2016 2016 ) (-2048 2016 -992 ) 
4 81 194 (-2048 1024 -992 ) (-2048 1024 16 ) (-3072 1024 16 ) (-3072 1024 -992 ) 
4 81 193 (-2048 1024 16 ) (-2048 1024 32 ) (-3072 1024 32 ) (-3072 1024 16 ) 
4 81 187 (-2048 1024 32 ) (-2048 1024 64 ) (-3072 1024 64 ) (-3072 1024 32 ) 
4 81 181 (-2048 1024 64 ) (-2048 1024 80 ) (-3072 1024 80 ) (-3072 1024 64 ) 
4 81 180 (-2048 1024 80 ) (-2048 1024 208 ) (-3072 1024 208 ) (-3072 1024 80 ) 
4 81 178 (-2048 1024 208 ) (-2048 1024 251 ) (-3072 1024 251 ) (-3072 1024 208 ) 
4 81 175 (-2048 1024 251 ) (-2048 1024 272 ) (-3072 1024 272 ) (-3072 1024 251 ) 
4 81 174 (-2048 1024 272 ) (-2048 1024 2016 ) (-3072 1024 2016 ) (-3072 1024 272 ) 
4 81 82 (-3072 1024 -992 ) (-3072 1024 2016 ) (-3072 2016 2016 ) (-3072 2016 -992 ) 
4 82 217 (-3584 1024 2016 ) (-3592 1024 2016 ) (-3592 1024 -992 ) (-3584 1024 -992 ) 
4 82 220 (-3592 1024 2016 ) (-4064 1024 2016 ) (-4064 1024 -992 ) (-3592 1024 -992 ) 
4 82 216 (-3072 1024 -992 ) (-3072 1024 16 ) (-3584 1024 16 ) (-3584 1024 -992 ) 
4 82 214 (-3072 1024 16 ) (-3072 1024 32 ) (-3584 1024 32 ) (-3584 1024 16 ) 
4 82 209 (-3072 1024 32 ) (-3072 1024 64 ) (-3584 1024 64 ) (-3584 1024 32 ) 
4 82 203 (-3072 1024 64 ) (-3072 1024 80 ) (-3584 1024 80 ) (-3584 1024 64 ) 
4 82 202 (-3072 1024 80 ) (-3072 1024 208 ) (-3584 1024 208 ) (-3584 1024 80 ) 
4 82 200 (-3072 1024 208 ) (-3072 1024 251 ) (-3584 1024 251 ) (-3584 1024 208 ) 
4 82 197 (-3072 1024 251 ) (-3072 1024 272 ) (-3584 1024 272 ) (-3584 1024 251 ) 
4 82 196 (-3072 1024 272 ) (-3072 1024 2016 ) (-3584 1024 2016 ) (-3584 1024 272 ) 
4 83 93 (0 254 251 ) (0 254 272 ) (-480 254 272 ) (-480 254 251 ) 
4 83 92 (0 254 272 ) (0 254 2016 ) (-480 254 2016 ) (-480 254 272 ) 
4 83 86 (0 254 216 ) (-480 254 216 ) (-480 1024 216 ) (0 1024 216 ) 
4 83 84 (-480 254 221 ) (-480 254 2016 ) (-480 1024 2016 ) (-480 1024 221 ) 
4 84 93 (-624 254 272 ) (-624 254 251 ) (-480 254 251 ) (-480 254 272 ) 
4 84 92 (-480 254 2016 ) (-624 254 2016 ) (-624 254 272 ) (-480 254 272 ) 
4 84 85 (-624 254 221 ) (-624 254 2016 ) (-624 1024 2016 ) (-624 1024 221 ) 
4 85 153 (-1024 1024 251 ) (-1024 1024 216 ) (-1024 254 216 ) (-1024 254 251 ) 
4 85 150 (-1024 1024 272 ) (-1024 1024 251 ) (-1024 254 251 ) (-1024 254 272 ) 
4 85 149 (-1024 1024 2016 ) (-1024 1024 272 ) (-1024 254 272 ) (-1024 254 2016 ) 
4 85 93 (-1024 254 272 ) (-1024 254 251 ) (-624 254 251 ) (-624 254 272 ) 
4 85 92 (-624 254 2016 ) (-1024 254 2016 ) (-1024 254 272 ) (-624 254 272 ) 
4 85 88 (-624 254 216 ) (-1024 254 216 ) (-1024 1024 216 ) (-624 1024 216 ) 
4 86 89 (0 254 213 ) (-464 254 213 ) (-464 1024 213 ) (0 1024 213 ) 
4 87 98 (-504 254 216 ) (-600 254 216 ) (-615 254 213 ) (-489 254 213 ) 
4 87 90 (-489 254 213 ) (-615 254 213 ) (-615 1024 213 ) (-489 1024 213 ) 
4 88 153 (-1024 1024 216 ) (-1024 1024 213 ) (-1024 254 213 ) (-1024 254 216 ) 
4 88 91 (-640 254 213 ) (-1024 254 213 ) (-1024 1024 213 ) (-640 1024 213 ) 
4 89 103 (-464 1024 208 ) (-461 1024 208 ) (-461 254 208 ) (-464 254 208 ) 
4 89 102 (-461 1024 208 ) (-448 1024 208 ) (-448 254 208 ) (-461 254 208 ) 
4 89 101 (-448 1024 208 ) (0 1024 208 ) (0 259 208 ) (-448 259 208 ) 
4 90 104 (-622.222290 1024 208 ) (-481.777771 1024 208 ) (-481.777771 254 208 ) (-622.222290 254 208 ) 
4 90 98 (-622 254 208 ) (-481.777771 254 208 ) (-489 254 213 ) (-615 254 213 ) 
4 91 153 (-1024 1024 213 ) (-1024 1024 208 ) (-1024 254 208 ) (-1024 254 213 ) 
4 91 108 (-1024 259 208 ) (-1024 1024 208 ) (-656 1024 208 ) (-656 259 208 ) 
4 91 106 (-643 1024 208 ) (-640 1024 208 ) (-640 254 208 ) (-643 254 208 ) 
4 91 107 (-656 1024 208 ) (-643 1024 208 ) (-643 254 208 ) (-656 254 208 ) 
4 92 170 (0 0 272 ) (0 0 2016 ) (-1024 0 2016 ) (-1024 0 272 ) 
4 92 149 (-1024 0 272 ) (-1024 0 2016 ) (-1024 254 2016 ) (-1024 254 272 ) 
4 92 93 (-1024 230 272 ) (-1024 254 272 ) (0 254 272 ) (0 230 272 ) 
4 92 95 (0 0 272 ) (-1024 0 272 ) (-1024 24 272 ) (0 24 272 ) 
4 93 150 (-1024 230 272 ) (-1024 254 272 ) (-1024 254 251 ) (-1024 230 251 ) 
5 94 151 (-1024 127 268 ) (-1024 171 263 ) (-1024 207 251 ) (-1024 47 251 ) (-1024 83 263 ) 
4 94 96 (-1024 47 251 ) (-1024 207 251 ) (0 207 251 ) (0 47 251 ) 
4 95 170 (0 0 251 ) (0 0 272 ) (-1024 0 272 ) (-1024 0 251 ) 
4 95 152 (-1024 0 251 ) (-1024 0 272 ) (-1024 24 272 ) (-1024 24 251 ) 
6 96 154 (-1024 47 251 ) (-1024 207 251 ) (-1024 234 231 ) (-1024 239.869553 216 ) (-1024 14.130432 216 ) (-1024 20 231 ) 
4 96 100 (-1024 14.130428 216 ) (-1024 239.869553 216 ) (-600 239.869553 216 ) (-600 14.130430 216 ) 
4 96 99 (-504 239.869553 216 ) (0 239.869553 216 ) (0 14.130432 216 ) (-504 14.130430 216 ) 
4 96 97 (-600 239.869553 216 ) (-504 239.869553 216 ) (-504 14.130430 216 ) (-600 14.130430 216 ) 
4 97 109 (-464 243 208 ) (-464 11 208 ) (-640 11 208 ) (-640 243 208 ) 
4 97 100 (-600.005859 14.130429 216 ) (-600.005859 239.871994 216 ) (-640.005859 243 208 ) (-640.005859 11 208 ) 
4 97 99 (-503.997070 239.871994 216 ) (-503.997070 14.130432 216 ) (-463.996094 11 208 ) (-463.996094 243 208 ) 
6 97 98 (-614.995422 241.043793 213.003250 ) (-600.011719 239.872070 216 ) (-504.022461 239.871719 216 ) (-488.990875 241.047195 212.993683 ) (-481.777039 243 208 ) (-622 243 208 ) 
4 98 104 (-622 254 208 ) (-481.777039 254 208 ) (-481.777039 243 208 ) (-622 243 208 ) 
4 99 109 (0 243 208 ) (0 11 208 ) (-464 11 208 ) (-464 243 208 ) 
4 100 154 (-1024 14.130428 216 ) (-1024 239.869553 216 ) (-1024 243 208 ) (-1024 11 208 ) 
4 100 109 (-1024 11 208 ) (-1024 243 208 ) (-640 243 208 ) (-640 11 208 ) 
4 101 110 (-448 1024 80 ) (0 1024 80 ) (0 259 80 ) (-448 259 80 ) 
4 101 102 (-448 259 176 ) (-448 259 208 ) (-448 1024 208 ) (-448 1024 176 ) 
4 102 109 (-448 243 176 ) (-448 243 208 ) (-461 243 208 ) (-461 243 176 ) 
4 102 103 (-461 243 191 ) (-461 243 208 ) (-461 1024 208 ) (-461 1024 191 ) 
4 103 109 (-461 243 208 ) (-464 243 208 ) (-464 243 191 ) (-461 243 191 ) 
6 104 109 (-476 243 204 ) (-481.777771 243 208 ) (-622.222290 243 208 ) (-628 243 204 ) (-637 243 191 ) (-467 243 191 ) 
4 104 105 (-637 1024 191 ) (-467 1024 191 ) (-467 243 191 ) (-637 243 191 ) 
4 105 111 (-640 1024 80 ) (-464 1024 80 ) (-464 243 80 ) (-640 243 80 ) 
6 105 109 (-640 243 80 ) (-464 243 80 ) (-464 243 176 ) (-467 243 191 ) (-637 243 191 ) (-640 243 176 ) 
4 106 109 (-640 243 191 ) (-640 243 208 ) (-643 243 208 ) (-643 243 191 ) 
4 106 107 (-643 243 191 ) (-643 243 208 ) (-643 1024 208 ) (-643 1024 191 ) 
4 107 109 (-643 243 208 ) (-656 243 208 ) (-656 243 176 ) (-643 243 176 ) 
4 107 108 (-656 259 208 ) (-656 1024 208 ) (-656 1024 176 ) (-656 259 176 ) 
4 108 155 (-1024 259 208 ) (-1024 1024 208 ) (-1024 1024 80 ) (-1024 259 80 ) 
4 108 112 (-1024 259 80 ) (-1024 1024 80 ) (-656 1024 80 ) (-656 259 80 ) 
4 109 158 (-1024 11 208 ) (-1024 96 208 ) (-1024 96 80 ) (-1024 11 80 ) 
4 109 157 (-1024 96 208 ) (-1024 243 208 ) (-1024 243 80 ) (-1024 96 80 ) 
4 109 116 (-1024 96 80 ) (-1024 233 80 ) (0 233 80 ) (0 96 80 ) 
4 109 115 (-1008 243 80 ) (-656 243 80 ) (-656 233 80 ) (-1008 233 80 ) 
4 109 113 (-448 243 80 ) (0 243 80 ) (0 233 80 ) (-448 233 80 ) 
4 109 114 (-640 243 80 ) (-464 243 80 ) (-464 233 80 ) (-640 233 80 ) 
4 110 118 (-448 1024 64 ) (0 1024 64 ) (0 259 64 ) (-448 259 64 ) 
4 111 120 (-640 1024 64 ) (-464 1024 64 ) (-464 243 64 ) (-640 243 64 ) 
4 111 114 (-640 243 64 ) (-464 243 64 ) (-464 243 80 ) (-640 243 80 ) 
4 112 156 (-1024 253 80 ) (-1024 1024 80 ) (-1024 1024 64 ) (-1024 253 64 ) 
4 112 124 (-1024 253 64 ) (-1024 1024 64 ) (-656 1024 64 ) (-656 253 64 ) 
4 113 117 (-448 243 64 ) (0 243 64 ) (0 233 64 ) (-448 233 64 ) 
4 113 116 (-448 233 64 ) (0 233 64 ) (0 233 80 ) (-448 233 80 ) 
4 114 120 (-640 243 64 ) (-464 243 64 ) (-464 233 64 ) (-640 233 64 ) 
4 114 116 (-640 233 64 ) (-464 233 64 ) (-464 233 80 ) (-640 233 80 ) 
4 115 122 (-1008 243 64 ) (-656 243 64 ) (-656 233 64 ) (-1008 233 64 ) 
4 115 116 (-1008 233 64 ) (-656 233 64 ) (-656 233 80 ) (-1008 233 80 ) 
4 116 157 (-1024 96 80 ) (-1024 233 80 ) (-1024 233 64 ) (-1024 96 64 ) 
4 116 134 (-1024 144 64 ) (-1024 201 64 ) (-640 201 64 ) (-640 144 64 ) 
4 116 133 (-1024 201 64 ) (-1024 225 64 ) (-640 225 64 ) (-640 201 64 ) 
4 116 132 (-464 201 64 ) (-464 144 64 ) (-640 144 64 ) (-640 201 64 ) 
4 116 131 (-640 225 64 ) (-464 225 64 ) (-464 201 64 ) (-640 201 64 ) 
4 116 135 (-1024 96 64 ) (-1024 144 64 ) (-464 144 64 ) (-464 96 64 ) 
4 116 129 (0 201 64 ) (0 144 64 ) (-464 144 64 ) (-464 201 64 ) 
4 116 128 (-464 225 64 ) (0 225 64 ) (0 201 64 ) (-464 201 64 ) 
4 116 130 (0 144 64 ) (0 96 64 ) (-464 96 64 ) (-464 144 64 ) 
4 116 123 (-1024 225 64 ) (-1024 233 64 ) (-1008 233 64 ) (-1008 225 64 ) 
4 116 122 (-1008 233 64 ) (-656 233 64 ) (-656 225 64 ) (-1008 225 64 ) 
4 116 121 (-656 233 64 ) (-640 233 64 ) (-640 225 64 ) (-656 225 64 ) 
4 116 119 (-464 233 64 ) (-448 233 64 ) (-448 225 64 ) (-464 225 64 ) 
4 116 117 (-448 233 64 ) (0 233 64 ) (0 225 64 ) (-448 225 64 ) 
4 116 120 (-640 233 64 ) (-464 233 64 ) (-464 225 64 ) (-640 225 64 ) 
4 117 128 (0 225 32 ) (0 225 64 ) (-448 225 64 ) (-448 225 32 ) 
3 117 119 (-448 225 32 ) (-448 225 64 ) (-448 233 64 ) 
4 118 125 (-448 249 32 ) (-448 1024 32 ) (0 1024 32 ) (0 249 32 ) 
4 119 128 (-448 225 64 ) (-464 225 64 ) (-464 225 32 ) (-448 225 32 ) 
3 119 120 (-464 225 32 ) (-464 225 64 ) (-464 233 64 ) 
4 120 131 (-464 225 64 ) (-640 225 64 ) (-640 225 32 ) (-464 225 32 ) 
4 120 126 (-464 225 32 ) (-640 225 32 ) (-640 1024 32 ) (-464 1024 32 ) 
3 120 121 (-640 225 32 ) (-640 225 64 ) (-640 233 64 ) 
4 121 133 (-640 225 64 ) (-656 225 64 ) (-656 225 32 ) (-640 225 32 ) 
3 121 122 (-656 225 32 ) (-656 225 64 ) (-656 233 64 ) 
4 122 133 (-656 225 64 ) (-1008 225 64 ) (-1008 225 32 ) (-656 225 32 ) 
3 122 123 (-1008 225 32 ) (-1008 225 64 ) (-1008 233 64 ) 
3 123 159 (-1024 225 64 ) (-1024 233 64 ) (-1024 225 32 ) 
4 123 133 (-1008 225 64 ) (-1024 225 64 ) (-1024 225 32 ) (-1008 225 32 ) 
4 124 162 (-1024 249 64 ) (-1024 1024 64 ) (-1024 1024 32 ) (-1024 249 32 ) 
4 124 127 (-1024 249 32 ) (-1024 1024 32 ) (-656 1024 32 ) (-656 249 32 ) 
4 125 148 (-448 1024 16 ) (0 1024 16 ) (0 225 16 ) (-448 225 16 ) 
4 126 147 (-464 225 24 ) (-464 225 32 ) (-640 225 32 ) (-640 225 24 ) 
4 127 168 (-1024 1024 32 ) (-1024 1024 16 ) (-1024 225 16 ) (-1024 225 32 ) 
4 127 148 (-1024 225 16 ) (-1024 1024 16 ) (-656 1024 16 ) (-656 225 16 ) 
4 128 137 (-464 224.996094 32 ) (0 224.996094 32 ) (0 201 32 ) (-464 201 32 ) 
4 128 131 (-464 225 64 ) (-464 225 32 ) (-464 201 32 ) (-464 201 64 ) 
4 128 129 (-464 201 64 ) (-464 201 32 ) (0 201 32 ) (0 201 64 ) 
4 129 138 (0 201 32 ) (0 144 32 ) (-464 144 32 ) (-464 201 32 ) 
4 129 132 (-464 201 32 ) (-464 144 32 ) (-464 144 64 ) (-464 201 64 ) 
4 129 130 (-464 144 64 ) (-464 144 32 ) (0 144 32 ) (0 144 64 ) 
4 130 139 (0 144 32 ) (0 112 32 ) (-464 112 32 ) (-464 144 32 ) 
4 130 135 (-464 144 32 ) (-464 112 32 ) (-464 96 64 ) (-464 144 64 ) 
4 131 140 (-640 224.996094 32 ) (-464 224.996094 32 ) (-464 201 32 ) (-640 201 32 ) 
4 131 133 (-640 225 64 ) (-640 225 32 ) (-640 201 32 ) (-640 201 64 ) 
4 131 132 (-640 201 64 ) (-640 201 32 ) (-464 201 32 ) (-464 201 64 ) 
4 132 141 (-464 201 32 ) (-464 144 32 ) (-640 144 32 ) (-640 201 32 ) 
4 132 134 (-640 201 32 ) (-640 144 32 ) (-640 144 64 ) (-640 201 64 ) 
4 132 135 (-640 144 32 ) (-464 144 32 ) (-464 144 64 ) (-640 144 64 ) 
4 133 159 (-1024 201 64 ) (-1024 225 64 ) (-1024 225 32 ) (-1024 201 32 ) 
4 133 142 (-1024 201 32 ) (-1024 224.996094 32 ) (-640 224.996094 32 ) (-640 201 32 ) 
4 133 134 (-1024 201 32 ) (-640 201 32 ) (-640 201 64 ) (-1024 201 64 ) 
4 134 160 (-1024 144 64 ) (-1024 201 64 ) (-1024 201 32 ) (-1024 144 32 ) 
4 134 143 (-1024 144 32 ) (-1024 201 32 ) (-640 201 32 ) (-640 144 32 ) 
4 134 135 (-1024 144 32 ) (-640 144 32 ) (-640 144 64 ) (-1024 144 64 ) 
4 135 161 (-1024 96 64 ) (-1024 144 64 ) (-1024 144 32 ) (-1024 112 32 ) 
4 135 144 (-1024 112 32 ) (-1024 144 32 ) (-464 144 32 ) (-464 112 32 ) 
4 136 170 (0 0 32 ) (0 0 64 ) (-1024 0 64 ) (-1024 0 32 ) 
4 136 163 (-1024 0 32 ) (-1024 0 64 ) (-1024 88 64 ) (-1024 88 32 ) 
4 136 145 (0 0 32 ) (-1024 0 32 ) (-1024 88 32 ) (0 88 32 ) 
3 137 140 (-464 201 24 ) (-464 201 32 ) (-464 225 32 ) 
4 137 138 (-464 201 32 ) (-464 201 24 ) (0 201 24 ) (0 201 32 ) 
4 138 141 (-464 201 24 ) (-464 144 24 ) (-464 144 32 ) (-464 201 32 ) 
4 138 139 (-464 144 32 ) (-464 144 24 ) (0 144 24 ) (0 144 32 ) 
3 139 144 (-464 144 24 ) (-464 112 32 ) (-464 144 32 ) 
4 140 147 (-640 225 32.001953 ) (-464 225 32.001953 ) (-464 200.994629 24 ) (-640 200.994629 24 ) 
3 140 142 (-640 201 24 ) (-640 201 32 ) (-640 225 32 ) 
4 140 141 (-640 201 32 ) (-640 201 24 ) (-464 201 24 ) (-464 201 32 ) 
4 141 143 (-640 201 24 ) (-640 144 24 ) (-640 144 32 ) (-640 201 32 ) 
4 141 144 (-640 144 24 ) (-464 144 24 ) (-464 144 32 ) (-640 144 32 ) 
3 142 164 (-1024 201 32 ) (-1024 225 32 ) (-1024 201 24 ) 
4 142 143 (-1024 201 24 ) (-640 201 24 ) (-640 201 32 ) (-1024 201 32 ) 
4 143 165 (-1024 144 32 ) (-1024 201 32 ) (-1024 201 24 ) (-1024 144 24 ) 
4 143 144 (-1024 144 24 ) (-640 144 24 ) (-640 144 32 ) (-1024 144 32 ) 
3 144 166 (-1024 112 32 ) (-1024 144 32 ) (-1024 144 24 ) 
4 145 170 (0 0 24 ) (0 0 32 ) (-1024 0 32 ) (-1024 0 24 ) 
4 145 167 (-1024 0 24 ) (-1024 0 32 ) (-1024 112 32 ) (-1024 112 24 ) 
4 145 146 (-1024 0 24 ) (-1024 112 24 ) (0 112 24 ) (0 0 24 ) 
4 146 170 (0 0 16 ) (0 0 24 ) (-1024 0 24 ) (-1024 0 16 ) 
4 146 167 (-1024 0 16 ) (-1024 0 24 ) (-1024 112 24 ) (-1024 112 16 ) 
4 146 148 (0 0 16 ) (-1024 0 16 ) (-1024 112 16 ) (0 112 16 ) 
4 148 170 (0 0 -992 ) (0 0 16 ) (-1024 0 16 ) (-1024 0 -992 ) 
4 148 169 (-1024 0 -992 ) (-1024 0 16 ) (-1024 1024 16 ) (-1024 1024 -992 ) 
4 149 174 (-2048 1024 2016 ) (-2048 1024 272 ) (-2048 0 272 ) (-2048 0 2016 ) 
4 149 171 (-2048 0 2016 ) (-2048 0 272 ) (-1024 0 272 ) (-1024 0 2016 ) 
4 149 152 (-1024 24 272 ) (-1024 0 272 ) (-2048 0 272 ) (-2048 24 272 ) 
4 149 150 (-1024 1024 272 ) (-1024 230 272 ) (-2048 230 272 ) (-2048 1024 272 ) 
4 150 175 (-2048 1024 272 ) (-2048 1024 251 ) (-2048 230 251 ) (-2048 230 272 ) 
4 150 153 (-2048 254 251 ) (-2048 1024 251 ) (-1024 1024 251 ) (-1024 254 251 ) 
5 151 176 (-2048 207 251 ) (-2048 47 251 ) (-2048 83 263 ) (-2048 127 268 ) (-2048 171 263 ) 
4 151 154 (-2048 47 251 ) (-2048 207 251 ) (-1024 207 251 ) (-1024 47 251 ) 
4 152 177 (-2048 24 251 ) (-2048 0 251 ) (-2048 0 272 ) (-2048 24 272 ) 
4 152 171 (-2048 0 272 ) (-2048 0 251 ) (-1024 0 251 ) (-1024 0 272 ) 
4 153 178 (-2048 1024 251 ) (-2048 1024 208 ) (-2048 254 208 ) (-2048 254 251 ) 
4 153 155 (-1024 1024 208 ) (-1024 259 208 ) (-2048 259 208 ) (-2048 1024 208 ) 
6 154 179 (-2048 243 208 ) (-2048 11 208 ) (-2048 20 231 ) (-2048 47 251 ) (-2048 207 251 ) (-2048 234 231 ) 
4 154 158 (-1024 96 208 ) (-1024 11 208 ) (-2048 11 208 ) (-2048 96 208 ) 
4 154 157 (-1024 243 208 ) (-1024 96 208 ) (-2048 96 208 ) (-2048 243 208 ) 
4 155 180 (-2048 1024 208 ) (-2048 1024 80 ) (-2048 259 80 ) (-2048 259 208 ) 
4 155 156 (-2048 259 80 ) (-2048 1024 80 ) (-1024 1024 80 ) (-1024 259 80 ) 
4 156 181 (-2048 1024 80 ) (-2048 1024 64 ) (-2048 253 64 ) (-2048 253 80 ) 
4 156 162 (-1024 1024 64 ) (-1024 253 64 ) (-2048 253 64 ) (-2048 1024 64 ) 
4 157 182 (-2048 243 64 ) (-2048 96 64 ) (-2048 96 208 ) (-2048 243 208 ) 
4 157 161 (-1024 144 64 ) (-1024 96 64 ) (-2048 96 64 ) (-2048 144 64 ) 
4 157 160 (-1024 201 64 ) (-1024 144 64 ) (-2048 144 64 ) (-2048 201 64 ) 
4 157 159 (-1024 243 64 ) (-1024 201 64 ) (-2048 201 64 ) (-2048 243 64 ) 
4 157 158 (-1024 96 80 ) (-1024 96 208 ) (-2048 96 208 ) (-2048 96 80 ) 
4 158 183 (-2048 11 80 ) (-2048 11 208 ) (-2048 96 208 ) (-2048 96 80 ) 
4 159 184 (-2048 225 32 ) (-2048 201 32 ) (-2048 201 64 ) (-2048 243 64 ) 
4 159 164 (-2048 201 32 ) (-2048 225 32 ) (-1024 225 32 ) (-1024 201 32 ) 
4 159 160 (-2048 201 32 ) (-1024 201 32 ) (-1024 201 64 ) (-2048 201 64 ) 
4 160 185 (-2048 201 32 ) (-2048 144 32 ) (-2048 144 64 ) (-2048 201 64 ) 
4 160 165 (-2048 144 32 ) (-2048 201 32 ) (-1024 201 32 ) (-1024 144 32 ) 
4 160 161 (-2048 144 32 ) (-1024 144 32 ) (-1024 144 64 ) (-2048 144 64 ) 
4 161 186 (-2048 144 32 ) (-2048 112 32 ) (-2048 96 64 ) (-2048 144 64 ) 
4 161 166 (-2048 112 32 ) (-2048 144 32 ) (-1024 144 32 ) (-1024 112 32 ) 
4 162 187 (-2048 1024 64 ) (-2048 1024 32 ) (-2048 249 32 ) (-2048 249 64 ) 
4 162 168 (-2048 249 32 ) (-2048 1024 32 ) (-1024 1024 32 ) (-1024 249 32 ) 
4 163 188 (-2048 88 32 ) (-2048 0 32 ) (-2048 0 64 ) (-2048 88 64 ) 
4 163 171 (-2048 0 64 ) (-2048 0 32 ) (-1024 0 32 ) (-1024 0 64 ) 
4 163 167 (-1024 0 32 ) (-2048 0 32 ) (-2048 88 32 ) (-1024 88 32 ) 
3 164 189 (-2048 201 32 ) (-2048 225 32 ) (-2048 201 24 ) 
4 164 165 (-2048 201 24 ) (-1024 201 24 ) (-1024 201 32 ) (-2048 201 32 ) 
4 165 190 (-2048 144 24 ) (-2048 144 32 ) (-2048 201 32 ) (-2048 201 24 ) 
4 165 166 (-2048 144 24 ) (-1024 144 24 ) (-1024 144 32 ) (-2048 144 32 ) 
3 166 191 (-2048 144 24 ) (-2048 112 32 ) (-2048 144 32 ) 
4 167 192 (-2048 112 16 ) (-2048 0 16 ) (-2048 0 32 ) (-2048 112 32 ) 
4 167 171 (-2048 0 32 ) (-2048 0 16 ) (-1024 0 16 ) (-1024 0 32 ) 
4 167 169 (-1024 112 16 ) (-1024 0 16 ) (-2048 0 16 ) (-2048 112 16 ) 
4 168 193 (-2048 1024 32 ) (-2048 1024 16 ) (-2048 225 16 ) (-2048 225 32 ) 
4 168 169 (-1024 1024 16 ) (-1024 225 16 ) (-2048 225 16 ) (-2048 1024 16 ) 
4 169 194 (-2048 1024 16 ) (-2048 1024 -992 ) (-2048 0 -992 ) (-2048 0 16 ) 
4 169 171 (-2048 0 16 ) (-2048 0 -992 ) (-1024 0 -992 ) (-1024 0 16 ) 
4 170 172 (0 -1024 -992 ) (0 -1024 2016 ) (-1024 -1024 2016 ) (-1024 -1024 -992 ) 
4 170 171 (-1024 0 2016 ) (-1024 0 -992 ) (-1024 -1024 -992 ) (-1024 -1024 2016 ) 
4 171 195 (-2048 -1024 -992 ) (-2048 -1024 2016 ) (-2048 0 2016 ) (-2048 0 -992 ) 
4 171 173 (-1024 -1024 -992 ) (-1024 -1024 2016 ) (-2048 -1024 2016 ) (-2048 -1024 -992 ) 
4 172 173 (-1024 -2016 2016 ) (-1024 -1024 2016 ) (-1024 -1024 -992 ) (-1024 -2016 -992 ) 
4 173 222 (-2048 -2016 2016 ) (-2048 -1024 2016 ) (-2048 -1024 -992 ) (-2048 -2016 -992 ) 
4 174 196 (-3072 1024 2016 ) (-3072 1024 272 ) (-3072 0 272 ) (-3072 0 2016 ) 
4 174 195 (-2048 0 272 ) (-2048 0 2016 ) (-3072 0 2016 ) (-3072 0 272 ) 
4 174 177 (-3072 0 272 ) (-3072 24 272 ) (-2048 24 272 ) (-2048 0 272 ) 
4 174 175 (-3072 230 272 ) (-3072 1024 272 ) (-2048 1024 272 ) (-2048 230 272 ) 
4 175 197 (-3072 1024 272 ) (-3072 1024 251 ) (-3072 230 251 ) (-3072 230 272 ) 
4 175 178 (-3072 254 251 ) (-3072 1024 251 ) (-2048 1024 251 ) (-2048 254 251 ) 
5 176 198 (-3072 207 251 ) (-3072 47 251 ) (-3072 83 263 ) (-3072 127 268 ) (-3072 171 263 ) 
4 176 179 (-3072 47 251 ) (-3072 207 251 ) (-2048 207 251 ) (-2048 47 251 ) 
4 177 199 (-3072 24 251 ) (-3072 0 251 ) (-3072 0 272 ) (-3072 24 272 ) 
4 177 195 (-2048 0 251 ) (-2048 0 272 ) (-3072 0 272 ) (-3072 0 251 ) 
4 178 200 (-3072 1024 251 ) (-3072 1024 208 ) (-3072 254 208 ) (-3072 254 251 ) 
4 178 180 (-3072 259 208 ) (-3072 1024 208 ) (-2048 1024 208 ) (-2048 259 208 ) 
6 179 201 (-3072 243 208 ) (-3072 11 208 ) (-3072 20 231 ) (-3072 47 251 ) (-3072 207 251 ) (-3072 234 231 ) 
4 179 183 (-3072 11 208 ) (-3072 96 208 ) (-2048 96 208 ) (-2048 11 208 ) 
4 179 182 (-3072 96 208 ) (-3072 243 208 ) (-2048 243 208 ) (-2048 96 208 ) 
4 180 202 (-3072 1024 208 ) (-3072 1024 80 ) (-3072 259 80 ) (-3072 259 208 ) 
4 180 181 (-3072 259 80 ) (-3072 1024 80 ) (-2048 1024 80 ) (-2048 259 80 ) 
4 181 203 (-3072 1024 80 ) (-3072 1024 64 ) (-3072 253 64 ) (-3072 253 80 ) 
4 181 187 (-3072 253 64 ) (-3072 1024 64 ) (-2048 1024 64 ) (-2048 253 64 ) 
4 182 204 (-3072 243 64 ) (-3072 96 64 ) (-3072 96 208 ) (-3072 243 208 ) 
4 182 186 (-3072 96 64 ) (-3072 144 64 ) (-2048 144 64 ) (-2048 96 64 ) 
4 182 185 (-3072 144 64 ) (-3072 201 64 ) (-2048 201 64 ) (-2048 144 64 ) 
4 182 184 (-3072 201 64 ) (-3072 243 64 ) (-2048 243 64 ) (-2048 201 64 ) 
4 182 183 (-2048 96 80 ) (-2048 96 208 ) (-3072 96 208 ) (-3072 96 80 ) 
4 183 205 (-3072 11 80 ) (-3072 11 208 ) (-3072 96 208 ) (-3072 96 80 ) 
4 184 206 (-3072 225 32 ) (-3072 201 32 ) (-3072 201 64 ) (-3072 243 64 ) 
4 184 189 (-3072 201 32 ) (-3072 225 32 ) (-2048 225 32 ) (-2048 201 32 ) 
4 184 185 (-3072 201 32 ) (-2048 201 32 ) (-2048 201 64 ) (-3072 201 64 ) 
4 185 207 (-3072 201 32 ) (-3072 144 32 ) (-3072 144 64 ) (-3072 201 64 ) 
4 185 190 (-3072 144 32 ) (-3072 201 32 ) (-2048 201 32 ) (-2048 144 32 ) 
4 185 186 (-3072 144 32 ) (-2048 144 32 ) (-2048 144 64 ) (-3072 144 64 ) 
4 186 208 (-3072 144 32 ) (-3072 112 32 ) (-3072 96 64 ) (-3072 144 64 ) 
4 186 191 (-3072 112 32 ) (-3072 144 32 ) (-2048 144 32 ) (-2048 112 32 ) 
4 187 209 (-3072 1024 64 ) (-3072 1024 32 ) (-3072 249 32 ) (-3072 249 64 ) 
4 187 193 (-3072 249 32 ) (-3072 1024 32 ) (-2048 1024 32 ) (-2048 249 32 ) 
4 188 210 (-3072 88 32 ) (-3072 0 32 ) (-3072 0 64 ) (-3072 88 64 ) 
4 188 195 (-2048 0 32 ) (-2048 0 64 ) (-3072 0 64 ) (-3072 0 32 ) 
4 188 192 (-2048 0 32 ) (-3072 0 32 ) (-3072 88 32 ) (-2048 88 32 ) 
3 189 211 (-3072 201 32 ) (-3072 225 32 ) (-3072 201 24 ) 
4 189 190 (-3072 201 24 ) (-2048 201 24 ) (-2048 201 32 ) (-3072 201 32 ) 
4 190 212 (-3072 144 24 ) (-3072 144 32 ) (-3072 201 32 ) (-3072 201 24 ) 
4 190 191 (-3072 144 24 ) (-2048 144 24 ) (-2048 144 32 ) (-3072 144 32 ) 
3 191 213 (-3072 144 24 ) (-3072 112 32 ) (-3072 144 32 ) 
4 192 215 (-3072 112 16 ) (-3072 0 16 ) (-3072 0 32 ) (-3072 112 32 ) 
4 192 195 (-2048 0 16 ) (-2048 0 32 ) (-3072 0 32 ) (-3072 0 16 ) 
4 192 194 (-3072 0 16 ) (-3072 112 16 ) (-2048 112 16 ) (-2048 0 16 ) 
4 193 214 (-3072 1024 32 ) (-3072 1024 16 ) (-3072 225 16 ) (-3072 225 32 ) 
4 193 194 (-3072 225 16 ) (-3072 1024 16 ) (-2048 1024 16 ) (-2048 225 16 ) 
4 194 216 (-3072 1024 16 ) (-3072 1024 -992 ) (-3072 0 -992 ) (-3072 0 16 ) 
4 194 195 (-2048 0 -992 ) (-2048 0 16 ) (-3072 0 16 ) (-3072 0 -992 ) 
4 195 222 (-2048 -1024 -992 ) (-2048 -1024 2016 ) (-3072 -1024 2016 ) (-3072 -1024 -992 ) 
4 195 221 (-3072 -1024 -992 ) (-3072 -1024 2016 ) (-3072 0 2016 ) (-3072 0 -992 ) 
4 196 221 (-3072 0 272 ) (-3072 0 2016 ) (-3584 0 2016 ) (-3584 0 272 ) 
4 196 218 (-3584 0 272 ) (-3584 0 2016 ) (-3584 248 2016 ) (-3584 248 272 ) 
4 196 217 (-3584 248 2016 ) (-3584 1024 2016 ) (-3584 1024 272 ) (-3584 248 272 ) 
4 196 197 (-3584 230 272 ) (-3584 1024 272 ) (-3072 1024 272 ) (-3072 230 272 ) 
4 196 199 (-3584 0 272 ) (-3584 24 272 ) (-3072 24 272 ) (-3072 0 272 ) 
4 197 217 (-3584 248 272 ) (-3584 1024 272 ) (-3584 1024 251 ) (-3584 248 251 ) 
4 197 200 (-3584 254 251 ) (-3584 1024 251 ) (-3072 1024 251 ) (-3072 254 251 ) 
4 198 201 (-3584 47 251 ) (-3584 207 251 ) (-3072 207 251 ) (-3072 47 251 ) 
4 199 221 (-3072 0 251 ) (-3072 0 272 ) (-3584 0 272 ) (-3584 0 251 ) 
4 200 217 (-3584 254 251 ) (-3584 1024 251 ) (-3584 1024 208 ) (-3584 254 208 ) 
4 200 202 (-3584 259 208 ) (-3584 1024 208 ) (-3072 1024 208 ) (-3072 259 208 ) 
4 201 205 (-3584 11 208 ) (-3584 96 208 ) (-3072 96 208 ) (-3072 11 208 ) 
4 201 204 (-3584 96 208 ) (-3584 243 208 ) (-3072 243 208 ) (-3072 96 208 ) 
4 202 217 (-3584 259 208 ) (-3584 1024 208 ) (-3584 1024 80 ) (-3584 259 80 ) 
4 202 203 (-3584 259 80 ) (-3584 1024 80 ) (-3072 1024 80 ) (-3072 259 80 ) 
4 203 217 (-3584 1024 80 ) (-3584 1024 64 ) (-3584 253 64 ) (-3584 253 80 ) 
4 203 209 (-3584 253 64 ) (-3584 1024 64 ) (-3072 1024 64 ) (-3072 253 64 ) 
4 204 208 (-3584 96 64 ) (-3584 144 64 ) (-3072 144 64 ) (-3072 96 64 ) 
4 204 207 (-3584 144 64 ) (-3584 201 64 ) (-3072 201 64 ) (-3072 144 64 ) 
4 204 206 (-3584 201 64 ) (-3584 243 64 ) (-3072 243 64 ) (-3072 201 64 ) 
4 204 205 (-3072 96 80 ) (-3072 96 208 ) (-3584 96 208 ) (-3584 96 80 ) 
4 206 211 (-3584 201 32 ) (-3584 225 32 ) (-3072 225 32 ) (-3072 201 32 ) 
4 206 207 (-3584 201 32 ) (-3072 201 32 ) (-3072 201 64 ) (-3584 201 64 ) 
4 207 212 (-3584 144 32 ) (-3584 201 32 ) (-3072 201 32 ) (-3072 144 32 ) 
4 207 208 (-3584 144 32 ) (-3072 144 32 ) (-3072 144 64 ) (-3584 144 64 ) 
4 208 213 (-3584 112 32 ) (-3584 144 32 ) (-3072 144 32 ) (-3072 112 32 ) 
4 209 217 (-3584 249 64 ) (-3584 1024 64 ) (-3584 1024 32 ) (-3584 249 32 ) 
4 209 214 (-3584 249 32 ) (-3584 1024 32 ) (-3072 1024 32 ) (-3072 249 32 ) 
4 210 221 (-3072 0 32 ) (-3072 0 64 ) (-3584 0 64 ) (-3584 0 32 ) 
4 210 215 (-3584 0 32 ) (-3584 88 32 ) (-3072 88 32 ) (-3072 0 32 ) 
4 211 212 (-3584 201 24 ) (-3072 201 24 ) (-3072 201 32 ) (-3584 201 32 ) 
4 212 213 (-3584 144 24 ) (-3072 144 24 ) (-3072 144 32 ) (-3584 144 32 ) 
4 214 217 (-3584 248 32 ) (-3584 1024 32 ) (-3584 1024 16 ) (-3584 248 16 ) 
4 214 216 (-3584 225 16 ) (-3584 1024 16 ) (-3072 1024 16 ) (-3072 225 16 ) 
4 215 221 (-3072 0 16 ) (-3072 0 32 ) (-3584 0 32 ) (-3584 0 16 ) 
4 215 216 (-3072 0 16 ) (-3584 0 16 ) (-3584 112 16 ) (-3072 112 16 ) 
4 216 221 (-3072 0 -992 ) (-3072 0 16 ) (-3584 0 16 ) (-3584 0 -992 ) 
4 216 219 (-3584 0 -992 ) (-3584 0 16 ) (-3584 248 16 ) (-3584 248 -992 ) 
4 216 217 (-3584 248 16 ) (-3584 1024 16 ) (-3584 1024 -992 ) (-3584 248 -992 ) 
4 217 218 (-3592 248 2016 ) (-3592 248 272 ) (-3584 248 272 ) (-3584 248 2016 ) 
4 217 219 (-3592 248 16 ) (-3592 248 -992 ) (-3584 248 -992 ) (-3584 248 16 ) 
4 217 220 (-3592 1024 -992 ) (-3592 248 -992 ) (-3592 248 2016 ) (-3592 1024 2016 ) 
4 218 221 (-3584 0 272 ) (-3584 0 2016 ) (-3592 0 2016 ) (-3592 0 272 ) 
4 218 220 (-3592 0 272 ) (-3592 0 2016 ) (-3592 248 2016 ) (-3592 248 272 ) 
4 219 221 (-3584 0 -992 ) (-3584 0 16 ) (-3592 0 16 ) (-3592 0 -992 ) 
4 219 220 (-3592 248 -992 ) (-3592 0 -992 ) (-3592 0 16 ) (-3592 248 16 ) 
4 220 221 (-3592 0 2016 ) (-4064 0 2016 ) (-4064 0 -992 ) (-3592 0 -992 ) 
4 221 223 (-3072 -1024 -992 ) (-3072 -1024 2016 ) (-4064 -1024 2016 ) (-4064 -1024 -992 ) 
4 222 223 (-3072 -1024 2016 ) (-3072 -1024 -992 ) (-3072 -2016 -992 ) (-3072 -2016 2016 ) 
