PRT1
370
1091
4 0 17 (2404 1024 272 ) (2404 1024 -992 ) (3040 1024 -992 ) (3040 1024 272 ) 
4 0 13 (3040 1024 2016 ) (2404 1024 2016 ) (2404 1024 272 ) (3040 1024 272 ) 
4 0 3 (2404 1024 372 ) (2404 1024 412 ) (2404 1973 412 ) (2404 1973 372 ) 
4 0 2 (2404 1024 412 ) (2404 1024 2016 ) (2404 1973 2016 ) (2404 1973 412 ) 
4 0 4 (2404 1973 -992 ) (2404 1024 -992 ) (2404 1024 372 ) (2404 1973 372 ) 
4 0 1 (2404 2016 2016 ) (2404 2016 -992 ) (2404 1973 -992 ) (2404 1973 2016 ) 
4 1 5 (2048 1973 2016 ) (2048 2016 2016 ) (2048 2016 -992 ) (2048 1973 -992 ) 
4 1 3 (2404 1973 372 ) (2404 1973 412 ) (2048 1973 412 ) (2048 1973 372 ) 
4 1 2 (2404 1973 412 ) (2404 1973 2016 ) (2048 1973 2016 ) (2048 1973 412 ) 
4 1 4 (2048 1973 -992 ) (2404 1973 -992 ) (2404 1973 372 ) (2048 1973 372 ) 
4 2 14 (2404 1024 2016 ) (2048 1024 2016 ) (2048 1024 412 ) (2404 1024 412 ) 
4 2 6 (2048 1024 412 ) (2048 1024 2016 ) (2048 1973 2016 ) (2048 1973 412 ) 
4 2 3 (2048 1973 412 ) (2404 1973 412 ) (2404 1024 412 ) (2048 1024 412 ) 
4 3 15 (2048 1024 412 ) (2048 1024 372 ) (2404 1024 372 ) (2404 1024 412 ) 
4 3 7 (2048 1024 372 ) (2048 1024 412 ) (2048 1973 412 ) (2048 1973 372 ) 
4 3 4 (2048 1024 372 ) (2048 1973 372 ) (2404 1973 372 ) (2404 1024 372 ) 
4 4 18 (2048 1024 272 ) (2048 1024 -992 ) (2064 1024 -992 ) (2064 1024 272 ) 
4 4 17 (2064 1024 -992 ) (2404 1024 -992 ) (2404 1024 272 ) (2064 1024 272 ) 
4 4 16 (2048 1024 372 ) (2048 1024 272 ) (2404 1024 272 ) (2404 1024 372 ) 
4 4 8 (2048 1024 -992 ) (2048 1024 372 ) (2048 1973 372 ) (2048 1973 -992 ) 
4 5 9 (1024 1973 2016 ) (1024 2016 2016 ) (1024 2016 -992 ) (1024 1973 -992 ) 
4 5 7 (2048 1973 372 ) (2048 1973 412 ) (1024 1973 412 ) (1024 1973 372 ) 
4 5 6 (2048 1973 412 ) (2048 1973 2016 ) (1024 1973 2016 ) (1024 1973 412 ) 
4 5 8 (1024 1973 -992 ) (2048 1973 -992 ) (2048 1973 372 ) (1024 1973 372 ) 
4 6 25 (2048 1024 412 ) (2048 1024 2016 ) (1024 1024 2016 ) (1024 1024 412 ) 
4 6 10 (1024 1024 412 ) (1024 1024 2016 ) (1024 1973 2016 ) (1024 1973 412 ) 
4 6 7 (2048 1024 412 ) (1024 1024 412 ) (1024 1973 412 ) (2048 1973 412 ) 
4 7 26 (2048 1024 372 ) (2048 1024 412 ) (1024 1024 412 ) (1024 1024 372 ) 
4 7 11 (1024 1024 372 ) (1024 1024 412 ) (1024 1973 412 ) (1024 1973 372 ) 
4 7 8 (1024 1973 372 ) (2048 1973 372 ) (2048 1024 372 ) (1024 1024 372 ) 
4 8 61 (2048 1024 -992 ) (2048 1024 16 ) (1024 1024 16 ) (1024 1024 -992 ) 
4 8 46 (2048 1024 16 ) (2048 1024 64 ) (1024 1024 64 ) (1024 1024 16 ) 
4 8 42 (2048 1024 64 ) (2048 1024 80 ) (1024 1024 80 ) (1024 1024 64 ) 
4 8 40 (2048 1024 80 ) (2048 1024 231 ) (1024 1024 231 ) (1024 1024 80 ) 
4 8 34 (2048 1024 231 ) (2048 1024 251 ) (1024 1024 251 ) (1024 1024 231 ) 
4 8 28 (2048 1024 251 ) (2048 1024 272 ) (1024 1024 272 ) (1024 1024 251 ) 
4 8 27 (2048 1024 272 ) (2048 1024 372 ) (1024 1024 372 ) (1024 1024 272 ) 
4 8 12 (1024 1024 -992 ) (1024 1024 372 ) (1024 1973 372 ) (1024 1973 -992 ) 
4 9 125 (0 2016 64 ) (0 2016 -992 ) (0 1973 -992 ) (0 1973 64 ) 
4 9 112 (0 2016 251 ) (0 2016 64 ) (0 1973 64 ) (0 1973 251 ) 
4 9 108 (0 1973 2016 ) (0 2016 2016 ) (0 2016 251 ) (0 1973 251 ) 
4 9 11 (1024 1973 372 ) (1024 1973 412 ) (0 1973 412 ) (0 1973 372 ) 
4 9 10 (1024 1973 412 ) (1024 1973 2016 ) (0 1973 2016 ) (0 1973 412 ) 
4 9 12 (0 1973 -992 ) (1024 1973 -992 ) (1024 1973 372 ) (0 1973 372 ) 
4 10 115 (0 1024 412 ) (0 1024 2016 ) (0 1920 2016 ) (0 1920 412 ) 
4 10 109 (0 1920 2016 ) (0 1973 2016 ) (0 1973 412 ) (0 1920 412 ) 
4 10 62 (1024 1024 412 ) (1024 1024 2016 ) (0 1024 2016 ) (0 1024 412 ) 
4 10 11 (1024 1024 412 ) (0 1024 412 ) (0 1973 412 ) (1024 1973 412 ) 
4 11 116 (0 1024 372 ) (0 1024 412 ) (0 1920 412 ) (0 1920 372 ) 
4 11 110 (0 1920 412 ) (0 1973 412 ) (0 1973 372 ) (0 1920 372 ) 
4 11 63 (1024 1024 372 ) (1024 1024 412 ) (0 1024 412 ) (0 1024 372 ) 
4 11 12 (0 1973 372 ) (1024 1973 372 ) (1024 1024 372 ) (0 1024 372 ) 
4 12 129 (0 1024 -992 ) (0 1024 64 ) (0 1920 64 ) (0 1920 -992 ) 
4 12 126 (0 1920 64 ) (0 1928 64 ) (0 1928 -992 ) (0 1920 -992 ) 
4 12 125 (0 1928 64 ) (0 1973 64 ) (0 1973 -992 ) (0 1928 -992 ) 
4 12 122 (0 1024 64 ) (0 1024 80 ) (0 1920 80 ) (0 1920 64 ) 
4 12 118 (0 1024 80 ) (0 1024 251 ) (0 1920 251 ) (0 1920 80 ) 
4 12 117 (0 1024 251 ) (0 1024 372 ) (0 1920 372 ) (0 1920 251 ) 
4 12 112 (0 1973 251 ) (0 1973 64 ) (0 1920 64 ) (0 1920 251 ) 
4 12 111 (0 1920 372 ) (0 1973 372 ) (0 1973 251 ) (0 1920 251 ) 
4 12 96 (1024 1024 -992 ) (1024 1024 16 ) (0 1024 16 ) (0 1024 -992 ) 
4 12 81 (1024 1024 16 ) (1024 1024 64 ) (0 1024 64 ) (0 1024 16 ) 
4 12 77 (1024 1024 64 ) (1024 1024 80 ) (0 1024 80 ) (0 1024 64 ) 
4 12 75 (1024 1024 80 ) (1024 1024 231 ) (0 1024 231 ) (0 1024 80 ) 
4 12 74 (1024 1024 231 ) (1024 1024 272 ) (0 1024 272 ) (0 1024 231 ) 
4 12 64 (1024 1024 272 ) (1024 1024 372 ) (0 1024 372 ) (0 1024 272 ) 
4 13 20 (3040 0 2016 ) (2404 0 2016 ) (2404 0 272 ) (3040 0 272 ) 
4 13 17 (2404 1024 272 ) (3040 1024 272 ) (3040 0 272 ) (2404 0 272 ) 
4 13 15 (2404 0 372 ) (2404 0 412 ) (2404 1024 412 ) (2404 1024 372 ) 
4 13 14 (2404 0 412 ) (2404 0 2016 ) (2404 1024 2016 ) (2404 1024 412 ) 
4 13 16 (2404 1024 272 ) (2404 0 272 ) (2404 0 372 ) (2404 1024 372 ) 
4 14 25 (2048 1024 2016 ) (2048 1024 412 ) (2048 0 412 ) (2048 0 2016 ) 
4 14 21 (2404 0 2016 ) (2048 0 2016 ) (2048 0 412 ) (2404 0 412 ) 
4 14 15 (2048 0 412 ) (2048 1024 412 ) (2404 1024 412 ) (2404 0 412 ) 
4 15 26 (2048 1024 412 ) (2048 1024 372 ) (2048 0 372 ) (2048 0 412 ) 
4 15 22 (2048 0 412 ) (2048 0 372 ) (2404 0 372 ) (2404 0 412 ) 
4 15 16 (2048 1024 372 ) (2404 1024 372 ) (2404 0 372 ) (2048 0 372 ) 
4 16 27 (2048 1024 372 ) (2048 1024 272 ) (2048 0 272 ) (2048 0 372 ) 
4 16 23 (2048 0 372 ) (2048 0 272 ) (2404 0 272 ) (2404 0 372 ) 
4 16 18 (2048 1024 272 ) (2064 1024 272 ) (2064 248 272 ) (2048 248 272 ) 
4 16 17 (2064 1024 272 ) (2404 1024 272 ) (2404 0 272 ) (2064 0 272 ) 
4 17 23 (2064 0 -992 ) (2404 0 -992 ) (2404 0 272 ) (2064 0 272 ) 
4 17 20 (2404 0 -992 ) (3040 0 -992 ) (3040 0 272 ) (2404 0 272 ) 
4 17 19 (2064 248 -992 ) (2064 0 -992 ) (2064 0 16 ) (2064 248 16 ) 
4 17 18 (2064 1024 -992 ) (2064 248 -992 ) (2064 248 272 ) (2064 1024 272 ) 
4 18 61 (2048 1024 16 ) (2048 1024 -992 ) (2048 248 -992 ) (2048 248 16 ) 
4 18 47 (2048 249 16 ) (2048 248 16 ) (2048 248 32 ) (2048 249 32 ) 
4 18 46 (2048 1024 64 ) (2048 1024 16 ) (2048 249 16 ) (2048 249 64 ) 
4 18 42 (2048 1024 80 ) (2048 1024 64 ) (2048 249 64 ) (2048 249 80 ) 
4 18 40 (2048 1024 231 ) (2048 1024 80 ) (2048 254 80 ) (2048 254 231 ) 
4 18 34 (2048 1024 251 ) (2048 1024 231 ) (2048 254 231 ) (2048 254 251 ) 
4 18 28 (2048 1024 272 ) (2048 1024 251 ) (2048 248 251 ) (2048 248 272 ) 
4 18 19 (2048 248 -992 ) (2064 248 -992 ) (2064 248 16 ) (2048 248 16 ) 
4 19 61 (2048 248 -992 ) (2048 0 -992 ) (2048 0 16 ) (2048 248 16 ) 
4 19 23 (2048 0 16 ) (2048 0 -992 ) (2064 0 -992 ) (2064 0 16 ) 
4 20 105 (3040 -1024 2016 ) (2404 -1024 2016 ) (2404 -1024 -992 ) (3040 -1024 -992 ) 
4 20 22 (2404 -291 372 ) (2404 -291 412 ) (2404 0 412 ) (2404 0 372 ) 
4 20 21 (2404 -291 412 ) (2404 -291 2016 ) (2404 0 2016 ) (2404 0 412 ) 
4 20 23 (2404 0 -992 ) (2404 -291 -992 ) (2404 -291 372 ) (2404 0 372 ) 
4 20 24 (2404 -291 -992 ) (2404 -1024 -992 ) (2404 -1024 2016 ) (2404 -291 2016 ) 
4 21 97 (2048 -291 2016 ) (2048 0 2016 ) (2048 0 412 ) (2048 -291 412 ) 
4 21 24 (2404 -291 412 ) (2404 -291 2016 ) (2048 -291 2016 ) (2048 -291 412 ) 
4 21 22 (2404 -291 412 ) (2048 -291 412 ) (2048 0 412 ) (2404 0 412 ) 
4 22 98 (2048 0 412 ) (2048 0 372 ) (2048 -291 372 ) (2048 -291 412 ) 
4 22 23 (2404 -291 372 ) (2048 -291 372 ) (2048 0 372 ) (2404 0 372 ) 
4 22 24 (2404 -291 372 ) (2404 -291 412 ) (2048 -291 412 ) (2048 -291 372 ) 
4 23 99 (2048 0 372 ) (2048 0 -992 ) (2048 -291 -992 ) (2048 -291 372 ) 
4 23 24 (2048 -291 -992 ) (2404 -291 -992 ) (2404 -291 372 ) (2048 -291 372 ) 
4 24 105 (2404 -1024 2016 ) (2048 -1024 2016 ) (2048 -1024 -992 ) (2404 -1024 -992 ) 
4 24 100 (2048 -1024 -992 ) (2048 -1024 2016 ) (2048 -291 2016 ) (2048 -291 -992 ) 
4 25 97 (2048 0 412 ) (2048 0 2016 ) (1024 0 2016 ) (1024 0 412 ) 
4 25 62 (1024 1024 2016 ) (1024 1024 412 ) (1024 0 412 ) (1024 0 2016 ) 
4 25 26 (1024 0 412 ) (1024 1024 412 ) (2048 1024 412 ) (2048 0 412 ) 
4 26 98 (2048 0 372 ) (2048 0 412 ) (1024 0 412 ) (1024 0 372 ) 
4 26 63 (1024 1024 412 ) (1024 1024 372 ) (1024 0 372 ) (1024 0 412 ) 
4 26 27 (2048 0 372 ) (1024 0 372 ) (1024 1024 372 ) (2048 1024 372 ) 
4 27 99 (2048 0 272 ) (2048 0 372 ) (1024 0 372 ) (1024 0 272 ) 
4 27 64 (1024 1024 372 ) (1024 1024 272 ) (1024 0 272 ) (1024 0 372 ) 
4 27 28 (1024 230 272 ) (1024 1024 272 ) (2048 1024 272 ) (2048 230 272 ) 
4 27 33 (2048 0 272 ) (1024 0 272 ) (1024 24 272 ) (2048 24 272 ) 
5 28 74 (1024 1024 272 ) (1024 1024 251 ) (1024 276.600037 251 ) (1024 230 256.295471 ) (1024 230 272 ) 
4 28 72 (1024 254 251 ) (1024 230 251 ) (1024 230 256.295471 ) (1024 254 253.568192 ) 
3 28 65 (1024 276.600037 251 ) (1024 254 251 ) (1024 254 253.568192 ) 
4 28 34 (1024 254 251 ) (1024 1024 251 ) (2048 1024 251 ) (2048 254 251 ) 
4 29 35 (1328 207 251 ) (2048 207 251 ) (2048 47 251 ) (1328 47 251 ) 
4 29 31 (1328 128 267.886383 ) (1328 144 266.068207 ) (1328 144 251 ) (1328 128 251 ) 
4 29 30 (1328 144 266.068207 ) (1328 170.997040 263 ) (1328 206.998062 251 ) (1328 144 251 ) 
5 29 32 (1328 47.002953 251 ) (1328 83.011719 263.003418 ) (1328 126.990952 268.001038 ) (1328 128 267.886383 ) (1328 128 251 ) 
4 30 66 (1024 207 251 ) (1024 144 251 ) (1024 144 266.068176 ) (1024 171 263 ) 
4 30 36 (1024 144 251 ) (1024 207 251 ) (1328 207 251 ) (1328 144 251 ) 
4 30 31 (1024 144 251 ) (1328 144 251 ) (1328 144 266.066406 ) (1024 144 266.066406 ) 
4 31 67 (1024 144 251 ) (1024 128 251 ) (1024 128 267.886353 ) (1024 144 266.068176 ) 
4 31 37 (1024 128 251 ) (1024 144 251 ) (1328 144 251 ) (1328 128 251 ) 
4 31 32 (1024 128 251 ) (1328 128 251 ) (1328 128 267.886719 ) (1024 128 267.886719 ) 
5 32 71 (1024 128 251 ) (1024 47 251 ) (1024 83 263 ) (1024 127 268 ) (1024 128 267.886353 ) 
4 32 39 (1024 47 251 ) (1024 128 251 ) (1328 128 251 ) (1328 47 251 ) 
4 33 99 (2048 0 251 ) (2048 0 272 ) (1024 0 272 ) (1024 0 251 ) 
4 33 73 (1024 24 251 ) (1024 0 251 ) (1024 0 272 ) (1024 24 272 ) 
4 34 74 (1024 1024 251 ) (1024 1024 231 ) (1024 452.599915 231 ) (1024 276.599976 251 ) 
4 34 65 (1024 452.599915 231 ) (1024 254 231 ) (1024 254 251 ) (1024 276.599976 251 ) 
4 34 40 (1024 254 231 ) (1024 1024 231 ) (2048 1024 231 ) (2048 254 231 ) 
4 35 41 (1328 234 231 ) (2048 234 231 ) (2048 20 231 ) (1328 20 231 ) 
4 35 38 (1328 144 240 ) (1328 144 231 ) (1328 128 231 ) (1328 128 240 ) 
4 35 37 (1328 128 251 ) (1328 144 251 ) (1328 144 240 ) (1328 128 240 ) 
4 35 36 (1328 144 251 ) (1328 206.994141 251 ) (1328 233.994141 231 ) (1328 144 231 ) 
4 35 39 (1328 19.996094 231 ) (1328 46.996094 251 ) (1328 128 251 ) (1328 128 231 ) 
4 36 66 (1024 234 231 ) (1024 144 231 ) (1024 144 251 ) (1024 207 251 ) 
4 36 41 (1024 144 231 ) (1024 234 231 ) (1328 234 231 ) (1328 144 231 ) 
4 36 38 (1024 144 231 ) (1328 144 231 ) (1328 144 240 ) (1024 144 240 ) 
4 36 37 (1328 144 240 ) (1328 144 251 ) (1024 144 251 ) (1024 144 240 ) 
4 37 67 (1024 128 240 ) (1024 128 251 ) (1024 144 251 ) (1024 144 240 ) 
4 37 39 (1328 128 240 ) (1328 128 251 ) (1024 128 251 ) (1024 128 240 ) 
4 37 38 (1328 128 240 ) (1024 128 240 ) (1024 144 240 ) (1328 144 240 ) 
4 38 70 (1024 144 231 ) (1024 128 231 ) (1024 128 240 ) (1024 144 240 ) 
4 38 41 (1024 128 231 ) (1024 144 231 ) (1328 144 231 ) (1328 128 231 ) 
4 38 39 (1024 128 231 ) (1328 128 231 ) (1328 128 240 ) (1024 128 240 ) 
4 39 71 (1024 128 231 ) (1024 20 231 ) (1024 47 251 ) (1024 128 251 ) 
4 39 41 (1024 20 231 ) (1024 128 231 ) (1328 128 231 ) (1328 20 231 ) 
4 40 75 (1024 1024 231 ) (1024 1024 80 ) (1024 254 80 ) (1024 254 231 ) 
4 40 42 (1024 254 80 ) (1024 1024 80 ) (2048 1024 80 ) (2048 254 80 ) 
6 41 76 (1024 243 80 ) (1024 11 80 ) (1024 11 208 ) (1024 20 231 ) (1024 234 231 ) (1024 243 208 ) 
4 41 45 (1024 96 80 ) (1024 233 80 ) (2048 233 80 ) (2048 96 80 ) 
4 41 43 (1344 243 80 ) (2048 243 80 ) (2048 233 80 ) (1344 233 80 ) 
4 41 44 (1024 233 80 ) (1024 243 80 ) (1328 243 80 ) (1328 233 80 ) 
4 42 77 (1024 1024 80 ) (1024 1024 64 ) (1024 249 64 ) (1024 249 80 ) 
4 42 46 (1024 249 64 ) (1024 1024 64 ) (2048 1024 64 ) (2048 249 64 ) 
4 43 48 (1344 243 64 ) (2048 243 64 ) (2048 233 64 ) (1344 233 64 ) 
4 43 45 (1344 233 64 ) (2048 233 64 ) (2048 233 80 ) (1344 233 80 ) 
4 44 78 (1024 243 64 ) (1024 233 64 ) (1024 233 80 ) (1024 243 80 ) 
4 44 54 (1024 233 64 ) (1024 243 64 ) (1328 243 64 ) (1328 233 64 ) 
4 44 45 (1024 233 64 ) (1328 233 64 ) (1328 233 80 ) (1024 233 80 ) 
4 45 80 (1024 233 64 ) (1024 96 64 ) (1024 96 80 ) (1024 233 80 ) 
4 45 59 (1024 96 64 ) (1024 112 64 ) (2048 112 64 ) (2048 96 64 ) 
4 45 56 (1024 112 64 ) (1024 144 64 ) (1328 144 64 ) (1328 112 64 ) 
4 45 55 (1024 144 64 ) (1024 201 64 ) (1328 201 64 ) (1328 144 64 ) 
4 45 54 (1024 201 64 ) (1024 233 64 ) (1328 233 64 ) (1328 201 64 ) 
4 45 53 (1344 144 64 ) (1344 112 64 ) (1328 112 64 ) (1328 144 64 ) 
4 45 52 (1344 201 64 ) (1344 144 64 ) (1328 144 64 ) (1328 201 64 ) 
4 45 51 (1328 233 64 ) (1344 233 64 ) (1344 201 64 ) (1328 201 64 ) 
4 45 49 (2048 201 64 ) (2048 144 64 ) (1344 144 64 ) (1344 201 64 ) 
4 45 48 (1344 233 64 ) (2048 233 64 ) (2048 201 64 ) (1344 201 64 ) 
4 45 50 (2048 144 64 ) (2048 112 64 ) (1344 112 64 ) (1344 144 64 ) 
4 46 81 (1024 1024 64 ) (1024 1024 16 ) (1024 249 16 ) (1024 249 64 ) 
4 46 61 (1024 249 16 ) (1024 1024 16 ) (2048 1024 16 ) (2048 249 16 ) 
4 46 47 (1024 249 16 ) (2048 249 16 ) (2048 249 32 ) (1024 249 32 ) 
4 47 82 (1024 249 16 ) (1024 225 16 ) (1024 225 32 ) (1024 249 32 ) 
4 47 61 (1024 225 16 ) (1024 249 16 ) (2048 249 16 ) (2048 225 16 ) 
4 48 51 (1344 225 32 ) (1344 201 24 ) (1344 201 64 ) (1344 233 64 ) 
4 48 49 (1344 201 64 ) (1344 201 24 ) (2048 201 24 ) (2048 201 64 ) 
4 49 52 (1344 201 24 ) (1344 144 24 ) (1344 144 64 ) (1344 201 64 ) 
4 49 50 (1344 144 64 ) (1344 144 24 ) (2048 144 24 ) (2048 144 64 ) 
4 50 59 (2048 112 32 ) (2048 112 64 ) (1344 112 64 ) (1344 112 32 ) 
5 50 53 (1344 144 24 ) (1344 143.996094 24 ) (1344 112 32 ) (1344 112 64 ) (1344 144 64 ) 
4 51 54 (1328 225 32 ) (1328 201 24 ) (1328 201 64 ) (1328 233 64 ) 
4 51 52 (1328 201 64 ) (1328 201 24 ) (1344 201 24 ) (1344 201 64 ) 
4 52 55 (1328 201 24 ) (1328 144 24 ) (1328 144 64 ) (1328 201 64 ) 
4 52 53 (1328 144 64 ) (1328 144 24.003906 ) (1344 144 24 ) (1344 144 64 ) 
4 53 59 (1344 112 64 ) (1328 112 64 ) (1328 112 32 ) (1344 112 32 ) 
5 53 56 (1328 144 24 ) (1328 143.996094 24 ) (1328 112 32 ) (1328 112 64 ) (1328 144 64 ) 
4 54 83 (1024 201 64 ) (1024 243 64 ) (1024 225 32 ) (1024 201 24 ) 
4 54 55 (1024 201 24 ) (1328 201 24 ) (1328 201 64 ) (1024 201 64 ) 
4 55 84 (1024 144 64 ) (1024 201 64 ) (1024 201 24 ) (1024 144 24 ) 
4 55 56 (1024 144 24 ) (1328 144 24 ) (1328 144 64 ) (1024 144 64 ) 
4 56 85 (1024 112 64 ) (1024 144 64 ) (1024 144 24 ) (1024 112 32 ) 
4 56 59 (1328 112 64 ) (1024 112 64 ) (1024 112 32 ) (1328 112 32 ) 
4 57 92 (1024 112 32 ) (1024 112 24 ) (1024 88 24 ) (1024 88 32 ) 
4 57 60 (1024 88 24 ) (1024 112 24 ) (2048 112 24 ) (2048 88 24 ) 
4 57 58 (1024 88 24 ) (2048 88 24 ) (2048 88 32 ) (1024 88 32 ) 
4 58 99 (2048 0 24 ) (2048 0 64 ) (1024 0 64 ) (1024 0 24 ) 
4 58 93 (1024 0 24 ) (1024 0 64 ) (1024 88 64 ) (1024 88 24 ) 
4 58 60 (1024 0 24 ) (1024 88 24 ) (2048 88 24 ) (2048 0 24 ) 
3 59 94 (1024 96 64 ) (1024 112 64 ) (1024 112 32 ) 
4 60 99 (2048 0 16 ) (2048 0 24 ) (1024 0 24 ) (1024 0 16 ) 
4 60 95 (1024 112 16 ) (1024 0 16 ) (1024 0 24 ) (1024 112 24 ) 
4 60 61 (1024 0 16 ) (1024 112 16 ) (2048 112 16 ) (2048 0 16 ) 
4 61 99 (2048 0 -992 ) (2048 0 16 ) (1024 0 16 ) (1024 0 -992 ) 
4 61 96 (1024 1024 16 ) (1024 1024 -992 ) (1024 0 -992 ) (1024 0 16 ) 
4 62 152 (0 48 2016 ) (0 80 2016 ) (0 80 1445.490967 ) (0 48 1445.490967 ) 
4 62 151 (0 80 2016 ) (0 1024 2016 ) (0 1024 1445.491089 ) (0 80 1445.490967 ) 
4 62 154 (0 0 1445.490967 ) (0 0 2016 ) (0 48 2016 ) (0 48 1445.490967 ) 
4 62 148 (0 0 412 ) (0 0 1445.490967 ) (0 1024 1445.491089 ) (0 1024 412 ) 
4 62 101 (1024 0 412 ) (1024 0 2016 ) (0 0 2016 ) (0 0 412 ) 
4 62 63 (1024 0 412 ) (0 0 412 ) (0 1024 412 ) (1024 1024 412 ) 
4 63 149 (0 0 372 ) (0 0 412 ) (0 1024 412 ) (0 1024 372 ) 
4 63 102 (1024 0 372 ) (1024 0 412 ) (0 0 412 ) (0 0 372 ) 
4 63 64 (1024 1024 372 ) (1024 0 372 ) (0 0 372 ) (0 1024 372 ) 
4 64 150 (0 0 272 ) (0 0 372 ) (0 1024 372 ) (0 1024 272 ) 
4 64 103 (1024 0 272 ) (1024 0 372 ) (0 0 372 ) (0 0 272 ) 
4 64 74 (1024 1024 272 ) (1024 230 272 ) (0 230 272 ) (0 1024 272 ) 
4 64 73 (1024 24 272 ) (1024 0 272 ) (0 0 272 ) (0 24 272 ) 
4 65 161 (0 276.599945 251 ) (0 452.599976 231 ) (0 254 231 ) (0 254 251 ) 
3 65 155 (0 254 253.568176 ) (0 276.599945 251 ) (0 254 251 ) 
4 65 75 (0 254 231 ) (0 452.599945 231 ) (1024 452.599976 231 ) (1024 254 231 ) 
4 65 74 (1024 452.597260 231 ) (0 452.597260 231 ) (0 254 253.567841 ) (1024 254 253.567841 ) 
4 65 72 (1024 254 251 ) (1024 254 253.566406 ) (0 254 253.566406 ) (0 254 251 ) 
4 66 162 (0 207 251 ) (0 234 231 ) (0 144 231 ) (0 144 251 ) 
4 66 156 (0 144 266.068207 ) (0 171 263 ) (0 207 251 ) (0 144 251 ) 
4 66 76 (0 144 231 ) (0 234 231 ) (1024 234 231 ) (1024 144 231 ) 
4 66 68 (608 144 266.067261 ) (592 144 266.067261 ) (592 144 240 ) (608 144 240 ) 
4 66 67 (1024 144 240 ) (1024 144 266.067261 ) (608 144 266.067261 ) (608 144 240 ) 
4 66 69 (592 144 266.067261 ) (0 144 266.067261 ) (0 144 240 ) (592 144 240 ) 
4 66 70 (0 144 231 ) (1024 144 231 ) (1024 144 240 ) (0 144 240 ) 
4 67 71 (1024 128 240 ) (1024 128 267.886536 ) (608 128 267.886536 ) (608 128 240 ) 
4 67 70 (1024 128 240 ) (608 128 240 ) (608 144 240 ) (1024 144 240 ) 
4 67 68 (608 144 266.068176 ) (608 144 240 ) (608 128 240 ) (608 128 267.886322 ) 
4 68 69 (592 144 266.068176 ) (592 144 240 ) (592 128 240 ) (592 128 267.886322 ) 
4 68 71 (608 128 267.886536 ) (592 128 267.886536 ) (592 128 240 ) (608 128 240 ) 
4 68 70 (608 128 240 ) (592 128 240 ) (592 144 240 ) (608 144 240 ) 
4 69 163 (0 144 251 ) (0 144 240 ) (0 128 240 ) (0 128 251 ) 
4 69 157 (0 128 267.886383 ) (0 144 266.068207 ) (0 144 251 ) (0 128 251 ) 
4 69 70 (592 128 240 ) (0 128 240 ) (0 144 240 ) (592 144 240 ) 
4 69 71 (592 128 267.886536 ) (0 128 267.886536 ) (0 128 240 ) (592 128 240 ) 
4 70 164 (0 144 240 ) (0 144 231 ) (0 128 231 ) (0 128 240 ) 
4 70 76 (0 128 231 ) (0 144 231 ) (1024 144 231 ) (1024 128 231 ) 
4 70 71 (0 128 231 ) (1024 128 231 ) (1024 128 240 ) (0 128 240 ) 
4 71 165 (0 47 251 ) (0 128 251 ) (0 128 231 ) (0 20 231 ) 
5 71 158 (0 47 251 ) (0 83 263 ) (0 127 268 ) (0 128 267.886383 ) (0 128 251 ) 
4 71 76 (0 20 231 ) (0 128 231 ) (1024 128 231 ) (1024 20 231 ) 
4 72 155 (0 230 256.295471 ) (0 254 253.568176 ) (0 254 251 ) (0 230 251 ) 
4 72 74 (0 254 253.567841 ) (0 230 256.295105 ) (1024 230 256.295105 ) (1024 254 253.567841 ) 
4 73 160 (0 0 251 ) (0 0 272 ) (0 24 272 ) (0 24 251 ) 
4 73 103 (1024 0 251 ) (1024 0 272 ) (0 0 272 ) (0 0 251 ) 
4 74 161 (0 1024 251 ) (0 1024 231 ) (0 452.599976 231 ) (0 276.600098 251 ) 
5 74 155 (0 230 272 ) (0 1024 272 ) (0 1024 251 ) (0 276.600098 251 ) (0 230 256.295471 ) 
4 74 75 (0 452.599945 231 ) (0 1024 231 ) (1024 1024 231 ) (1024 452.599976 231 ) 
4 75 171 (0 1024 208 ) (0 1024 80 ) (0 254 80 ) (0 254 208 ) 
4 75 167 (0 254 231 ) (0 1024 231 ) (0 1024 208 ) (0 254 208 ) 
4 75 77 (1024 1024 80 ) (1024 254 80 ) (0 254 80 ) (0 1024 80 ) 
4 76 179 (0 243 208 ) (0 243 80 ) (0 11 80 ) (0 11 208 ) 
4 76 168 (0 20 231 ) (0 234 231 ) (0 243 208 ) (0 11 208 ) 
4 76 80 (1024 233 80 ) (1024 96 80 ) (0 96 80 ) (0 233 80 ) 
4 76 78 (1024 243 80 ) (1024 233 80 ) (608 233 80 ) (608 243 80 ) 
4 76 79 (592 233 80 ) (0 233 80 ) (0 243 80 ) (592 243 80 ) 
4 77 193 (0 249 80 ) (0 1024 80 ) (0 1024 64 ) (0 249 64 ) 
4 77 81 (1024 1024 64 ) (1024 249 64 ) (0 249 64 ) (0 1024 64 ) 
4 78 83 (1024 243 64 ) (1024 233 64 ) (608 233 64 ) (608 243 64 ) 
4 78 80 (608 233 64 ) (1024 233 64 ) (1024 233 80 ) (608 233 80 ) 
4 79 200 (0 233 80 ) (0 243 80 ) (0 243 64 ) (0 233 64 ) 
4 79 89 (592 233 64 ) (0 233 64 ) (0 243 64 ) (592 243 64 ) 
4 79 80 (0 233 64 ) (592 233 64 ) (592 233 80 ) (0 233 80 ) 
4 80 200 (0 96 80 ) (0 233 80 ) (0 233 64 ) (0 96 64 ) 
4 80 94 (1024 112 64 ) (1024 96 64 ) (0 96 64 ) (0 112 64 ) 
4 80 91 (592 112 64 ) (0 112 64 ) (0 144 64 ) (592 144 64 ) 
4 80 90 (0 144 64 ) (0 201 64 ) (592 201 64 ) (592 144 64 ) 
4 80 89 (0 201 64 ) (0 233 64 ) (592 233 64 ) (592 201 64 ) 
4 80 88 (608 112 64 ) (592 112 64 ) (592 144 64 ) (608 144 64 ) 
4 80 87 (592 144 64 ) (592 201 64 ) (608 201 64 ) (608 144 64 ) 
4 80 86 (592 201 64 ) (592 233 64 ) (608 233 64 ) (608 201 64 ) 
4 80 84 (1024 201 64 ) (1024 144 64 ) (608 144 64 ) (608 201 64 ) 
4 80 83 (1024 233 64 ) (1024 201 64 ) (608 201 64 ) (608 233 64 ) 
4 80 85 (1024 144 64 ) (1024 112 64 ) (608 112 64 ) (608 144 64 ) 
4 81 207 (0 1024 32 ) (0 1024 16 ) (0 249 16 ) (0 249 32 ) 
4 81 203 (0 249 64 ) (0 1024 64 ) (0 1024 32 ) (0 249 32 ) 
4 81 96 (0 249 16 ) (0 1024 16 ) (1024 1024 16 ) (1024 249 16 ) 
4 81 82 (0 249 16 ) (1024 249 16 ) (1024 249 32 ) (0 249 32 ) 
4 82 207 (0 249 32 ) (0 249 16 ) (0 225 16 ) (0 225 32 ) 
4 82 96 (0 225 16 ) (0 249 16 ) (1024 249 16 ) (1024 225 16 ) 
4 83 86 (608 225 32 ) (608 201 24 ) (608 201 64 ) (608 233 64 ) 
4 83 84 (608 201 64 ) (608 201 24 ) (1024 201 24 ) (1024 201 64 ) 
4 84 87 (608 201 24 ) (608 144 24 ) (608 144 64 ) (608 201 64 ) 
4 84 85 (608 144 64 ) (608 144 24 ) (1024 144 24 ) (1024 144 64 ) 
4 85 94 (1024 112 32 ) (1024 112 64 ) (608 112 64 ) (608 112 32 ) 
5 85 88 (608 144 24 ) (608 143.996094 24 ) (608 112 32 ) (608 112 64 ) (608 144 64 ) 
4 86 89 (592 225 32 ) (592 201 24 ) (592 201 64 ) (592 233 64 ) 
4 86 87 (592 201 64 ) (592 201 24 ) (608 201 24 ) (608 201 64 ) 
4 87 90 (592 201 24 ) (592 144 24 ) (592 144 64 ) (592 201 64 ) 
4 87 88 (592 144 64 ) (592 144 24.003906 ) (608 144 24 ) (608 144 64 ) 
4 88 94 (608 112 64 ) (592 112 64 ) (592 112 32 ) (608 112 32 ) 
5 88 91 (592 144 24 ) (592 143.996094 24 ) (592 112 32 ) (592 112 64 ) (592 144 64 ) 
3 89 226 (0 225 32 ) (0 201 24 ) (0 201 32 ) 
4 89 216 (0 201 64 ) (0 225 64 ) (0 225 32 ) (0 201 32 ) 
3 89 204 (0 225 64 ) (0 243 64 ) (0 225 32 ) 
4 89 90 (0 201 24 ) (592 201 24 ) (592 201 64 ) (0 201 64 ) 
4 90 227 (0 201 32 ) (0 201 24 ) (0 144 24 ) (0 144 32 ) 
4 90 217 (0 144 64 ) (0 201 64 ) (0 201 32 ) (0 144 32 ) 
4 90 91 (0 144 24 ) (592 144 24 ) (592 144 64 ) (0 144 64 ) 
3 91 228 (0 144 32 ) (0 144 24 ) (0 112 32 ) 
4 91 218 (0 112 64 ) (0 144 64 ) (0 144 32 ) (0 112 32 ) 
4 91 94 (592 112 64 ) (0 112 64 ) (0 112 32 ) (592 112 32 ) 
4 92 225 (0 112 32 ) (0 112 24 ) (0 88 24 ) (0 88 32 ) 
4 92 95 (0 88 24 ) (0 112 24 ) (1024 112 24 ) (1024 88 24 ) 
4 92 93 (0 88 24 ) (1024 88 24 ) (1024 88 32 ) (0 88 32 ) 
4 93 225 (0 0 24 ) (0 0 32 ) (0 88 32 ) (0 88 24 ) 
4 93 215 (0 0 32 ) (0 0 64 ) (0 88 64 ) (0 88 32 ) 
4 93 103 (1024 0 24 ) (1024 0 64 ) (0 0 64 ) (0 0 24 ) 
4 93 95 (1024 0 24 ) (0 0 24 ) (0 88 24 ) (1024 88 24 ) 
3 94 218 (0 96 64 ) (0 112 64 ) (0 112 32 ) 
4 95 225 (0 0 16 ) (0 0 24 ) (0 112 24 ) (0 112 16 ) 
4 95 103 (1024 0 16 ) (1024 0 24 ) (0 0 24 ) (0 0 16 ) 
4 95 96 (1024 0 16 ) (0 0 16 ) (0 112 16 ) (1024 112 16 ) 
4 96 235 (0 0 -992 ) (0 0 16 ) (0 1024 16 ) (0 1024 -992 ) 
4 96 103 (1024 0 -992 ) (1024 0 16 ) (0 0 16 ) (0 0 -992 ) 
4 97 101 (1024 0 2016 ) (1024 0 412 ) (1024 -291 412 ) (1024 -291 2016 ) 
4 97 100 (2048 -291 412 ) (2048 -291 2016 ) (1024 -291 2016 ) (1024 -291 412 ) 
4 97 98 (2048 -291 412 ) (1024 -291 412 ) (1024 0 412 ) (2048 0 412 ) 
4 98 102 (1024 0 412 ) (1024 0 372 ) (1024 -291 372 ) (1024 -291 412 ) 
4 98 99 (2048 -291 372 ) (1024 -291 372 ) (1024 0 372 ) (2048 0 372 ) 
4 98 100 (2048 -291 372 ) (2048 -291 412 ) (1024 -291 412 ) (1024 -291 372 ) 
4 99 103 (1024 0 372 ) (1024 0 -992 ) (1024 -291 -992 ) (1024 -291 372 ) 
4 99 100 (1024 -291 -992 ) (2048 -291 -992 ) (2048 -291 372 ) (1024 -291 372 ) 
4 100 106 (2048 -1024 -992 ) (2048 -1024 2016 ) (1024 -1024 2016 ) (1024 -1024 -992 ) 
4 100 104 (1024 -291 -992 ) (1024 -1024 -992 ) (1024 -1024 2016 ) (1024 -291 2016 ) 
4 101 275 (0 -291 2016 ) (0 0 2016 ) (0 0 412 ) (0 -291 412 ) 
4 101 104 (1024 -291 412 ) (1024 -291 2016 ) (0 -291 2016 ) (0 -291 412 ) 
4 101 102 (1024 -291 412 ) (0 -291 412 ) (0 0 412 ) (1024 0 412 ) 
4 102 276 (0 0 412 ) (0 0 372 ) (0 -291 372 ) (0 -291 412 ) 
4 102 103 (1024 -291 372 ) (0 -291 372 ) (0 0 372 ) (1024 0 372 ) 
4 102 104 (1024 -291 372 ) (1024 -291 412 ) (0 -291 412 ) (0 -291 372 ) 
4 103 277 (0 0 372 ) (0 0 -992 ) (0 -291 -992 ) (0 -291 372 ) 
4 103 104 (0 -291 -992 ) (1024 -291 -992 ) (1024 -291 372 ) (0 -291 372 ) 
4 104 278 (0 -1024 -992 ) (0 -1024 2016 ) (0 -291 2016 ) (0 -291 -992 ) 
4 104 107 (1024 -1024 -992 ) (1024 -1024 2016 ) (0 -1024 2016 ) (0 -1024 -992 ) 
4 105 106 (2048 -1024 2016 ) (2048 -1024 -992 ) (2048 -2016 -992 ) (2048 -2016 2016 ) 
4 106 107 (1024 -1024 2016 ) (1024 -1024 -992 ) (1024 -2016 -992 ) (1024 -2016 2016 ) 
4 107 283 (0 -2016 2016 ) (0 -1024 2016 ) (0 -1024 -992 ) (0 -2016 -992 ) 
4 108 135 (-1024 1973 2016 ) (-1024 2016 2016 ) (-1024 2016 251 ) (-1024 1973 251 ) 
4 108 113 (-672 2016 251 ) (-400 2016 251 ) (-400 1973 251 ) (-672 1973 251 ) 
4 108 112 (-400 2016 251 ) (0 2016 251 ) (0 1973 251 ) (-400 1973 251 ) 
4 108 114 (-1024 1973 251 ) (-1024 2016 251 ) (-672 2016 251 ) (-672 1973 251 ) 
4 108 110 (0 1973 372 ) (0 1973 412 ) (-1024 1973 412 ) (-1024 1973 372 ) 
4 108 109 (0 1973 412 ) (0 1973 2016 ) (-1024 1973 2016 ) (-1024 1973 412 ) 
4 108 111 (-1024 1973 251 ) (0 1973 251 ) (0 1973 372 ) (-1024 1973 372 ) 
4 109 136 (-1024 1920 412 ) (-1024 1920 2016 ) (-1024 1973 2016 ) (-1024 1973 412 ) 
4 109 115 (-1024 1920 2016 ) (-1024 1920 412 ) (0 1920 412 ) (0 1920 2016 ) 
4 109 110 (0 1920 412 ) (-1024 1920 412 ) (-1024 1973 412 ) (0 1973 412 ) 
4 110 137 (-1024 1920 372 ) (-1024 1920 412 ) (-1024 1973 412 ) (-1024 1973 372 ) 
4 110 116 (-1024 1920 412 ) (-1024 1920 372 ) (0 1920 372 ) (0 1920 412 ) 
4 110 111 (0 1920 372 ) (-1024 1920 372 ) (-1024 1973 372 ) (0 1973 372 ) 
4 111 138 (-1024 1920 251 ) (-1024 1920 372 ) (-1024 1973 372 ) (-1024 1973 251 ) 
4 111 117 (-1024 1920 372 ) (-1024 1920 251 ) (0 1920 251 ) (0 1920 372 ) 
4 111 113 (-672 1928 251 ) (-672 1973 251 ) (-400 1973 251 ) (-400 1928 251 ) 
4 111 112 (0 1920 251 ) (-400 1920 251 ) (-400 1973 251 ) (0 1973 251 ) 
4 111 114 (-672 1920 251 ) (-1024 1920 251 ) (-1024 1973 251 ) (-672 1973 251 ) 
4 112 126 (0 1928 64 ) (0 1920 64 ) (-400 1920 64 ) (-400 1928 64 ) 
4 112 125 (0 2016 64 ) (0 1928 64 ) (-400 1928 64 ) (-400 2016 64 ) 
4 112 122 (-400 1920 64 ) (0 1920 64 ) (0 1920 80 ) (-400 1920 80 ) 
4 112 118 (0 1920 80 ) (0 1920 251 ) (-400 1920 251 ) (-400 1920 80 ) 
4 112 113 (-400 1928 251 ) (-400 2016 251 ) (-400 2016 64 ) (-400 1928 64 ) 
4 113 125 (-672 1928 64 ) (-672 2016 64 ) (-400 2016 64 ) (-400 1928 64 ) 
4 113 114 (-672 1928 251 ) (-672 2016 251 ) (-672 2016 64 ) (-672 1928 64 ) 
4 114 138 (-1024 1973 64 ) (-1024 1920 64 ) (-1024 1920 251 ) (-1024 1973 251 ) 
4 114 135 (-1024 2016 64 ) (-1024 1973 64 ) (-1024 1973 251 ) (-1024 2016 251 ) 
4 114 128 (-672 1920 64 ) (-1024 1920 64 ) (-1024 1928 64 ) (-672 1928 64 ) 
4 114 125 (-1024 1928 64 ) (-1024 2016 64 ) (-672 2016 64 ) (-672 1928 64 ) 
4 114 124 (-1024 1920 80 ) (-1024 1920 64 ) (-672 1920 64 ) (-672 1920 80 ) 
4 114 121 (-1024 1920 251 ) (-1024 1920 80 ) (-672 1920 80 ) (-672 1920 251 ) 
4 115 151 (0 1024 1445.490967 ) (0 1024 2016 ) (-1024 1024 2016 ) (-1024 1024 421.491089 ) 
4 115 148 (0 1024 412 ) (0 1024 1445.490967 ) (-1024 1024 421.491089 ) (-1024 1024 412 ) 
4 115 136 (-1024 1024 412 ) (-1024 1024 2016 ) (-1024 1920 2016 ) (-1024 1920 412 ) 
4 115 116 (-1024 1920 412 ) (0 1920 412 ) (0 1024 412 ) (-1024 1024 412 ) 
4 116 149 (0 1024 372 ) (0 1024 412 ) (-1024 1024 412 ) (-1024 1024 372 ) 
4 116 137 (-1024 1024 372 ) (-1024 1024 412 ) (-1024 1920 412 ) (-1024 1920 372 ) 
4 116 117 (0 1024 372 ) (-1024 1024 372 ) (-1024 1920 372 ) (0 1920 372 ) 
4 117 155 (0 1024 251 ) (0 1024 272 ) (-1024 1024 272 ) (-1024 1024 251 ) 
4 117 150 (0 1024 272 ) (0 1024 372 ) (-1024 1024 372 ) (-1024 1024 272 ) 
4 117 138 (-1024 1024 251 ) (-1024 1024 372 ) (-1024 1920 372 ) (-1024 1920 251 ) 
4 117 121 (-672 1024 251 ) (-1024 1024 251 ) (-1024 1920 251 ) (-672 1920 251 ) 
4 117 118 (0 1024 251 ) (-400 1024 251 ) (-400 1920 251 ) (0 1920 251 ) 
4 118 171 (0 1024 80 ) (0 1024 208 ) (-400 1024 208 ) (-400 1024 80 ) 
4 118 167 (0 1024 208 ) (0 1024 231 ) (-400 1024 231 ) (-400 1024 208 ) 
4 118 161 (0 1024 231 ) (0 1024 251 ) (-400 1024 251 ) (-400 1024 231 ) 
4 118 122 (-400 1920 80 ) (0 1920 80 ) (0 1024 80 ) (-400 1024 80 ) 
4 119 169 (-654 1024 208 ) (-418 1024 208 ) (-426.625031 1024 231 ) (-645.375061 1024 231 ) 
4 119 120 (-654 1920 208 ) (-418 1920 208 ) (-418 1024 208 ) (-654 1024 208 ) 
4 120 175 (-656 1024 200 ) (-656 1024 80 ) (-649.045044 1024 80 ) (-649.045044 1024 200 ) 
4 120 174 (-649.045044 1024 80 ) (-648 1024 80 ) (-648 1024 200 ) (-649.045044 1024 200 ) 
4 120 173 (-656 1024 208 ) (-656 1024 200 ) (-648 1024 200 ) (-648 1024 208 ) 
4 120 172 (-648 1024 80 ) (-416 1024 80 ) (-416 1024 208 ) (-648 1024 208 ) 
4 120 123 (-576 1920 80 ) (-416 1920 80 ) (-416 1024 80 ) (-576 1024 80 ) 
4 121 183 (-786 1024 188 ) (-786 1024 80 ) (-672 1024 80 ) (-672 1024 188 ) 
4 121 181 (-672 1024 251 ) (-786 1024 251 ) (-786 1024 188 ) (-672 1024 188 ) 
4 121 190 (-786 1024 251 ) (-1024 1024 251 ) (-1024 1024 80 ) (-786 1024 80 ) 
4 121 138 (-1024 1024 80 ) (-1024 1024 251 ) (-1024 1920 251 ) (-1024 1920 80 ) 
4 121 124 (-1024 1920 80 ) (-672 1920 80 ) (-672 1024 80 ) (-1024 1024 80 ) 
4 122 193 (0 1024 64 ) (0 1024 80 ) (-400 1024 80 ) (-400 1024 64 ) 
4 122 129 (0 1920 64 ) (0 1024 64 ) (-400 1024 64 ) (-400 1920 64 ) 
4 123 194 (-416 1024 80 ) (-576 1024 80 ) (-576 1024 64 ) (-416 1024 64 ) 
4 123 131 (-416 1024 64 ) (-576 1024 64 ) (-576 1920 64 ) (-416 1920 64 ) 
4 124 196 (-672 1024 80 ) (-786 1024 80 ) (-786 1024 64 ) (-672 1024 64 ) 
4 124 199 (-786 1024 80 ) (-1024 1024 80 ) (-1024 1024 64 ) (-786 1024 64 ) 
4 124 138 (-1024 1024 64 ) (-1024 1024 80 ) (-1024 1920 80 ) (-1024 1920 64 ) 
4 124 133 (-672 1024 64 ) (-1024 1024 64 ) (-1024 1920 64 ) (-672 1920 64 ) 
4 125 138 (-1024 1928 64 ) (-1024 1973 64 ) (-1024 1973 -992 ) (-1024 1928 -992 ) 
4 125 135 (-1024 1973 64 ) (-1024 2016 64 ) (-1024 2016 -992 ) (-1024 1973 -992 ) 
4 125 127 (-672 1928 -992 ) (-400 1928 -992 ) (-400 1928 16 ) (-672 1928 16 ) 
4 125 126 (-400 1928 -992 ) (0 1928 -992 ) (0 1928 64 ) (-400 1928 64 ) 
4 125 128 (-1024 1928 -992 ) (-672 1928 -992 ) (-672 1928 64 ) (-1024 1928 64 ) 
4 126 129 (0 1920 -992 ) (0 1920 64 ) (-400 1920 64 ) (-400 1920 -992 ) 
4 126 127 (-400 1928 16 ) (-400 1928 -992 ) (-400 1920 -992 ) (-400 1920 16 ) 
4 127 134 (-672 1920 16 ) (-672 1920 -992 ) (-656 1920 -992 ) (-656 1920 16 ) 
4 127 132 (-656 1920 -992 ) (-416 1920 -992 ) (-416 1920 16 ) (-656 1920 16 ) 
4 127 130 (-416 1920 -992 ) (-400 1920 -992 ) (-400 1920 16 ) (-416 1920 16 ) 
4 127 128 (-672 1928 16 ) (-672 1928 -992 ) (-672 1920 -992 ) (-672 1920 16 ) 
4 128 138 (-1024 1920 -992 ) (-1024 1920 64 ) (-1024 1928 64 ) (-1024 1928 -992 ) 
4 128 134 (-1024 1920 16 ) (-1024 1920 -992 ) (-672 1920 -992 ) (-672 1920 16 ) 
4 128 133 (-672 1920 64 ) (-1024 1920 64 ) (-1024 1920 16 ) (-672 1920 16 ) 
4 129 235 (0 1024 -992 ) (0 1024 16 ) (-400 1024 16 ) (-400 1024 -992 ) 
4 129 207 (0 1024 16 ) (0 1024 32 ) (-400 1024 32 ) (-400 1024 16 ) 
4 129 203 (0 1024 32 ) (0 1024 64 ) (-400 1024 64 ) (-400 1024 32 ) 
4 129 130 (-400 1920 16 ) (-400 1920 -992 ) (-400 1024 -992 ) (-400 1024 16 ) 
4 130 235 (-416 1024 16 ) (-416 1024 -992 ) (-400 1024 -992 ) (-400 1024 16 ) 
4 130 132 (-416 1920 16 ) (-416 1920 -992 ) (-416 1024 -992 ) (-416 1024 16 ) 
4 131 208 (-416 1024 24 ) (-416 1024 64 ) (-576 1024 64 ) (-576 1024 24 ) 
4 132 235 (-416 1024 -992 ) (-416 1024 16 ) (-656 1024 16 ) (-656 1024 -992 ) 
4 132 134 (-656 1920 16 ) (-656 1920 -992 ) (-656 1024 -992 ) (-656 1024 16 ) 
4 133 211 (-672 1024 64 ) (-1024 1024 64 ) (-1024 1024 16 ) (-672 1024 16 ) 
4 133 138 (-1024 1024 16 ) (-1024 1024 64 ) (-1024 1920 64 ) (-1024 1920 16 ) 
4 133 134 (-1024 1024 16 ) (-1024 1920 16 ) (-672 1920 16 ) (-672 1024 16 ) 
4 134 235 (-656 1024 -992 ) (-656 1024 16 ) (-1024 1024 16 ) (-1024 1024 -992 ) 
4 134 138 (-1024 1024 -992 ) (-1024 1024 16 ) (-1024 1920 16 ) (-1024 1920 -992 ) 
4 135 139 (-2048 1973 2016 ) (-2048 2016 2016 ) (-2048 2016 -992 ) (-2048 1973 -992 ) 
4 135 137 (-1024 1973 372 ) (-1024 1973 412 ) (-2048 1973 412 ) (-2048 1973 372 ) 
4 135 136 (-1024 1973 412 ) (-1024 1973 2016 ) (-2048 1973 2016 ) (-2048 1973 412 ) 
4 135 138 (-2048 1973 -992 ) (-1024 1973 -992 ) (-1024 1973 372 ) (-2048 1973 372 ) 
4 136 239 (-1024 1024 425.370972 ) (-1024 1024 2016 ) (-2048 1024 2016 ) (-2048 1024 1449.371338 ) 
4 136 236 (-1024 1024 412 ) (-1024 1024 425.370972 ) (-2048 1024 1449.371338 ) (-2048 1024 412 ) 
4 136 140 (-2048 1024 412 ) (-2048 1024 2016 ) (-2048 1973 2016 ) (-2048 1973 412 ) 
4 136 137 (-1024 1024 412 ) (-2048 1024 412 ) (-2048 1973 412 ) (-1024 1973 412 ) 
4 137 237 (-1024 1024 372 ) (-1024 1024 412 ) (-2048 1024 412 ) (-2048 1024 372 ) 
4 137 141 (-2048 1024 372 ) (-2048 1024 412 ) (-2048 1973 412 ) (-2048 1973 372 ) 
4 137 138 (-2048 1024 372 ) (-2048 1973 372 ) (-1024 1973 372 ) (-1024 1024 372 ) 
4 138 274 (-1024 1024 -992 ) (-1024 1024 16 ) (-2048 1024 16 ) (-2048 1024 -992 ) 
4 138 269 (-1024 1024 16 ) (-1024 1024 32 ) (-2048 1024 32 ) (-2048 1024 16 ) 
4 138 261 (-1024 1024 32 ) (-1024 1024 64 ) (-2048 1024 64 ) (-2048 1024 32 ) 
4 138 256 (-1024 1024 64 ) (-1024 1024 80 ) (-2048 1024 80 ) (-2048 1024 64 ) 
4 138 254 (-1024 1024 80 ) (-1024 1024 231 ) (-2048 1024 231 ) (-2048 1024 80 ) 
4 138 252 (-1024 1024 231 ) (-1024 1024 251 ) (-2048 1024 251 ) (-2048 1024 231 ) 
4 138 249 (-1024 1024 251 ) (-1024 1024 272 ) (-2048 1024 272 ) (-2048 1024 251 ) 
4 138 238 (-1024 1024 272 ) (-1024 1024 372 ) (-2048 1024 372 ) (-2048 1024 272 ) 
4 138 142 (-2048 1024 -992 ) (-2048 1024 372 ) (-2048 1973 372 ) (-2048 1973 -992 ) 
4 139 143 (-3072 1973 2016 ) (-3072 2016 2016 ) (-3072 2016 -992 ) (-3072 1973 -992 ) 
4 139 141 (-2048 1973 372 ) (-2048 1973 412 ) (-3072 1973 412 ) (-3072 1973 372 ) 
4 139 140 (-2048 1973 412 ) (-2048 1973 2016 ) (-3072 1973 2016 ) (-3072 1973 412 ) 
4 139 142 (-3072 1973 -992 ) (-2048 1973 -992 ) (-2048 1973 372 ) (-3072 1973 372 ) 
4 140 285 (-2048 1024 412 ) (-2048 1024 2016 ) (-3072 1024 2016 ) (-3072 1024 412 ) 
4 140 144 (-3072 1024 412 ) (-3072 1024 2016 ) (-3072 1973 2016 ) (-3072 1973 412 ) 
4 140 141 (-3072 1973 412 ) (-2048 1973 412 ) (-2048 1024 412 ) (-3072 1024 412 ) 
4 141 286 (-2048 1024 372 ) (-2048 1024 412 ) (-3072 1024 412 ) (-3072 1024 372 ) 
4 141 145 (-3072 1024 372 ) (-3072 1024 412 ) (-3072 1973 412 ) (-3072 1973 372 ) 
4 141 142 (-2048 1024 372 ) (-3072 1024 372 ) (-3072 1973 372 ) (-2048 1973 372 ) 
4 142 323 (-2048 1024 -992 ) (-2048 1024 16 ) (-3072 1024 16 ) (-3072 1024 -992 ) 
4 142 322 (-2048 1024 16 ) (-2048 1024 24 ) (-3072 1024 24 ) (-3072 1024 16 ) 
4 142 318 (-2048 1024 24 ) (-2048 1024 32 ) (-3072 1024 32 ) (-3072 1024 24 ) 
4 142 306 (-2048 1024 32 ) (-2048 1024 64 ) (-3072 1024 64 ) (-3072 1024 32 ) 
4 142 302 (-2048 1024 64 ) (-2048 1024 80 ) (-3072 1024 80 ) (-3072 1024 64 ) 
4 142 300 (-2048 1024 80 ) (-2048 1024 231 ) (-3072 1024 231 ) (-3072 1024 80 ) 
4 142 294 (-2048 1024 231 ) (-2048 1024 251 ) (-3072 1024 251 ) (-3072 1024 231 ) 
4 142 288 (-2048 1024 251 ) (-2048 1024 272 ) (-3072 1024 272 ) (-3072 1024 251 ) 
4 142 287 (-2048 1024 272 ) (-2048 1024 372 ) (-3072 1024 372 ) (-3072 1024 272 ) 
4 142 146 (-3072 1024 -992 ) (-3072 1024 372 ) (-3072 1973 372 ) (-3072 1973 -992 ) 
4 143 145 (-3775 1973 412 ) (-3775 1973 372 ) (-3072 1973 372 ) (-3072 1973 412 ) 
4 143 144 (-3775 1973 2016 ) (-3775 1973 412 ) (-3072 1973 412 ) (-3072 1973 2016 ) 
4 143 146 (-3775 1973 372 ) (-3775 1973 -992 ) (-3072 1973 -992 ) (-3072 1973 372 ) 
4 143 147 (-3775 2016 2016 ) (-3775 2016 -992 ) (-3775 1973 -992 ) (-3775 1973 2016 ) 
4 144 356 (-3584 1024 2016 ) (-3775 1024 2016 ) (-3775 1024 412 ) (-3584 1024 412 ) 
4 144 328 (-3072 1024 412 ) (-3072 1024 2016 ) (-3584 1024 2016 ) (-3584 1024 412 ) 
4 144 147 (-3775 1024 412 ) (-3775 1024 2016 ) (-3775 1973 2016 ) (-3775 1973 412 ) 
4 144 145 (-3072 1024 412 ) (-3775 1024 412 ) (-3775 1973 412 ) (-3072 1973 412 ) 
4 145 357 (-3584 1024 412 ) (-3775 1024 412 ) (-3775 1024 372 ) (-3584 1024 372 ) 
4 145 329 (-3072 1024 372 ) (-3072 1024 412 ) (-3584 1024 412 ) (-3584 1024 372 ) 
4 145 146 (-3775 1024 372 ) (-3775 1973 372 ) (-3072 1973 372 ) (-3072 1024 372 ) 
4 145 147 (-3775 1024 372 ) (-3775 1024 412 ) (-3775 1973 412 ) (-3775 1973 372 ) 
4 146 360 (-3592 1024 -992 ) (-3584 1024 -992 ) (-3584 1024 272 ) (-3592 1024 272 ) 
4 146 362 (-3775 1024 272 ) (-3775 1024 -992 ) (-3592 1024 -992 ) (-3592 1024 272 ) 
4 146 358 (-3584 1024 372 ) (-3775 1024 372 ) (-3775 1024 272 ) (-3584 1024 272 ) 
4 146 355 (-3072 1024 -992 ) (-3072 1024 16 ) (-3584 1024 16 ) (-3584 1024 -992 ) 
4 146 354 (-3072 1024 16 ) (-3072 1024 24 ) (-3584 1024 24 ) (-3584 1024 16 ) 
4 146 350 (-3072 1024 24 ) (-3072 1024 32 ) (-3584 1024 32 ) (-3584 1024 24 ) 
4 146 341 (-3072 1024 32 ) (-3072 1024 64 ) (-3584 1024 64 ) (-3584 1024 32 ) 
4 146 338 (-3072 1024 64 ) (-3072 1024 80 ) (-3584 1024 80 ) (-3584 1024 64 ) 
4 146 336 (-3072 1024 80 ) (-3072 1024 231 ) (-3584 1024 231 ) (-3584 1024 80 ) 
4 146 334 (-3072 1024 231 ) (-3072 1024 251 ) (-3584 1024 251 ) (-3584 1024 231 ) 
4 146 331 (-3072 1024 251 ) (-3072 1024 272 ) (-3584 1024 272 ) (-3584 1024 251 ) 
4 146 330 (-3072 1024 272 ) (-3072 1024 372 ) (-3584 1024 372 ) (-3584 1024 272 ) 
4 146 147 (-3775 1973 -992 ) (-3775 1024 -992 ) (-3775 1024 372 ) (-3775 1973 372 ) 
4 147 362 (-4064 1024 272 ) (-4064 1024 -992 ) (-3775 1024 -992 ) (-3775 1024 272 ) 
4 147 359 (-3775 1024 2016 ) (-4064 1024 2016 ) (-4064 1024 272 ) (-3775 1024 272 ) 
4 148 275 (0 0 412 ) (0 0 1445.491089 ) (-1024 0 421.490845 ) (-1024 0 412 ) 
4 148 236 (-1024 0 412 ) (-1024 0 421.491028 ) (-1024 1024 421.490845 ) (-1024 1024 412 ) 
4 148 153 (-1022.060486 80 423.431458 ) (-1024 80 421.491943 ) (-1024 48 421.491943 ) (-1022.060486 48 423.431458 ) 
4 148 152 (0 48 1445.492065 ) (0 80 1445.492065 ) (-999.432434 80 446.059509 ) (-999.432495 48 446.059479 ) 
4 148 151 (0 80 1445.492065 ) (0 1024 1445.492188 ) (-1024 1024 421.491943 ) (-1024 80 421.491943 ) 
4 148 154 (-1024 0 421.491943 ) (0 0 1445.492065 ) (0 48 1445.492065 ) (-1024 48 421.491943 ) 
4 148 149 (0 0 412 ) (-1024 0 412 ) (-1024 1024 412 ) (0 1024 412 ) 
4 149 276 (0 0 372 ) (0 0 412 ) (-1024 0 412 ) (-1024 0 372 ) 
4 149 237 (-1024 0 372 ) (-1024 0 412 ) (-1024 1024 412 ) (-1024 1024 372 ) 
4 149 150 (-1024 0 372 ) (-1024 1024 372 ) (0 1024 372 ) (0 0 372 ) 
4 150 277 (0 0 272 ) (0 0 372 ) (-1024 0 372 ) (-1024 0 272 ) 
4 150 238 (-1024 0 272 ) (-1024 0 372 ) (-1024 1024 372 ) (-1024 1024 272 ) 
4 150 155 (-1024 230 272 ) (-1024 1024 272 ) (0 1024 272 ) (0 230 272 ) 
4 150 160 (0 0 272 ) (-1024 0 272 ) (-1024 24 272 ) (0 24 272 ) 
4 151 242 (-1024 112 557.245605 ) (-1024 112 512.011230 ) (-1024 80 512.011292 ) (-1024 80 557.245544 ) 
4 151 241 (-1024 112 512.011230 ) (-1024 112 425.370972 ) (-1024 80 425.370972 ) (-1024 80 512.011292 ) 
4 151 240 (-1024 80 2016 ) (-1024 112 2016 ) (-1024 112 557.245605 ) (-1024 80 557.245544 ) 
4 151 239 (-1024 112 2016 ) (-1024 1024 2016 ) (-1024 1024 425.370972 ) (-1024 112 425.370972 ) 
4 151 236 (-1024 1024 425.370972 ) (-1024 1024 421.490845 ) (-1024 80 421.491028 ) (-1024 80 425.370972 ) 
3 151 153 (-1024 80 421.492493 ) (-1022.060791 80 423.431732 ) (-1024 80 425.370972 ) 
5 151 152 (-999.432739 80 446.059784 ) (0 80 1445.494751 ) (0 80 2016 ) (-1024 80 2016 ) (-1024 80 470.627319 ) 
4 152 244 (-1024 80 602.499268 ) (-1024 80 470.627197 ) (-1024 48 470.627289 ) (-1024 48 602.499146 ) 
4 152 243 (-1024 48 2016 ) (-1024 80 2016 ) (-1024 80 602.499268 ) (-1024 48 602.499146 ) 
5 152 154 (-999.432739 48 446.059814 ) (0 48 1445.494873 ) (0 48 2016 ) (-1024 48 2016 ) (-1024 48 470.627441 ) 
4 153 236 (-1024 80 425.370972 ) (-1024 80 421.491028 ) (-1024 48 421.491028 ) (-1024 48 425.370972 ) 
3 153 154 (-1024 48 421.492523 ) (-1022.060791 48 423.431763 ) (-1024 48 425.371002 ) 
4 154 275 (0 0 1445.491089 ) (0 0 2016 ) (-1024 0 2016 ) (-1024 0 421.490845 ) 
4 154 247 (-1024 48 557.245605 ) (-1024 48 512.011230 ) (-1024 16 512.011292 ) (-1024 16 557.245544 ) 
4 154 246 (-1024 48 512.011230 ) (-1024 48 425.370850 ) (-1024 16 425.370941 ) (-1024 16 512.011292 ) 
4 154 245 (-1024 16 2016 ) (-1024 48 2016 ) (-1024 48 557.245605 ) (-1024 16 557.245544 ) 
4 154 248 (-1024 0 425.370972 ) (-1024 0 2016 ) (-1024 16 2016 ) (-1024 16 425.370941 ) 
4 154 236 (-1024 0 421.491028 ) (-1024 0 425.370972 ) (-1024 48 425.370850 ) (-1024 48 421.491028 ) 
4 155 249 (-1024 230 272 ) (-1024 1024 272 ) (-1024 1024 251 ) (-1024 230 251 ) 
4 155 188 (-672 254 251 ) (-786 254 251 ) (-786 376 251 ) (-672 376 251 ) 
4 155 187 (-672 376 251 ) (-786 376 251 ) (-786 384 251 ) (-672 384 251 ) 
4 155 184 (-672 384 251 ) (-786 384 251 ) (-786 432 251 ) (-672 432 251 ) 
4 155 182 (-672 432 251 ) (-786 432 251 ) (-786 440 251 ) (-672 440 251 ) 
4 155 181 (-786 1024 251 ) (-672 1024 251 ) (-672 440 251 ) (-786 440 251 ) 
4 155 190 (-1024 254 251 ) (-1024 1024 251 ) (-786 1024 251 ) (-786 254 251 ) 
4 155 161 (-400 1024 251 ) (0 1024 251 ) (0 254 251 ) (-400 254 251 ) 
4 156 162 (-128 207 251 ) (0 207 251 ) (0 144 251 ) (-128 144 251 ) 
4 156 159 (-128 144 266.068207 ) (-128 170.997040 263 ) (-128 206.998062 251 ) (-128 144 251 ) 
4 156 157 (-128 144 266.068146 ) (-128 144 251 ) (0 144 251 ) (0 144 266.068146 ) 
4 157 163 (0 144 251 ) (0 128 251 ) (-128 128 251 ) (-128 144 251 ) 
4 157 158 (-128 128 267.886322 ) (-128 128 251 ) (0 128 251 ) (0 128 267.886322 ) 
4 157 159 (-128 128 267.886383 ) (-128 144 266.068207 ) (-128 144 251 ) (-128 128 251 ) 
4 158 165 (0 128 251 ) (0 47 251 ) (-128 47 251 ) (-128 128 251 ) 
5 158 159 (-128 47.002953 251 ) (-128 83.011719 263.003418 ) (-128 126.990952 268.001038 ) (-128 128 267.886383 ) (-128 128 251 ) 
5 159 250 (-1024 127 268 ) (-1024 171 263 ) (-1024 207 251 ) (-1024 47 251 ) (-1024 83 263 ) 
4 159 191 (-1024 47 251 ) (-1024 207 251 ) (-656 207 251 ) (-656 47 251 ) 
4 159 166 (-656 207 251 ) (-128 207 251 ) (-128 47 251 ) (-656 47 251 ) 
4 160 277 (0 0 251 ) (0 0 272 ) (-1024 0 272 ) (-1024 0 251 ) 
4 160 251 (-1024 0 251 ) (-1024 0 272 ) (-1024 24 272 ) (-1024 24 251 ) 
4 161 167 (-400 1024 231 ) (0 1024 231 ) (0 254 231 ) (-400 254 231 ) 
4 162 168 (-128 234 231 ) (0 234 231 ) (0 144 231 ) (-128 144 231 ) 
4 162 164 (-128 144 240 ) (-128 144 231 ) (0 144 231 ) (0 144 240 ) 
4 162 163 (-128 144 251 ) (-128 144 240 ) (0 144 240 ) (0 144 251 ) 
4 162 166 (-128 144 251 ) (-128 206.994141 251 ) (-128 233.994141 231 ) (-128 144 231 ) 
4 163 166 (-128 128 251 ) (-128 144 251 ) (-128 144 240 ) (-128 128 240 ) 
4 163 165 (-128 128 251 ) (-128 128 240 ) (0 128 240 ) (0 128 251 ) 
4 163 164 (0 128 240 ) (-128 128 240 ) (-128 144 240 ) (0 144 240 ) 
4 164 168 (0 144 231 ) (0 128 231 ) (-128 128 231 ) (-128 144 231 ) 
4 164 166 (-128 144 240 ) (-128 144 231 ) (-128 128 231 ) (-128 128 240 ) 
4 164 165 (-128 128 240 ) (-128 128 231 ) (0 128 231 ) (0 128 240 ) 
4 165 168 (0 128 231 ) (0 20 231 ) (-128 20 231 ) (-128 128 231 ) 
4 165 166 (-128 19.996094 231 ) (-128 46.996590 251 ) (-128 128 251 ) (-128 128 231 ) 
4 166 191 (-656 47 251 ) (-656 207 251 ) (-656 234 231 ) (-656 20 231 ) 
4 166 170 (-656 20 231 ) (-656 234 231 ) (-416 234 231 ) (-416 20 231 ) 
4 166 168 (-416 234 231 ) (-128 234 231 ) (-128 20 231 ) (-416 20 231 ) 
4 167 171 (-400 1024 208 ) (0 1024 208 ) (0 254 208 ) (-400 254 208 ) 
4 168 179 (-416 11 208 ) (-416 243 208 ) (0 243 208 ) (0 11 208 ) 
4 168 170 (-416 243 208 ) (-416 11 208 ) (-416 20 231 ) (-416 234 231 ) 
4 169 180 (-418 254 208 ) (-418 248 208 ) (-654 248 208 ) (-654 254 208 ) 
4 169 173 (-654 1024 208 ) (-648 1024 208 ) (-648 254 208 ) (-654 254 208 ) 
4 169 172 (-648 1024 208 ) (-418 1024 208 ) (-418 254 208 ) (-648 254 208 ) 
4 169 170 (-654 248 208 ) (-418 248 208 ) (-426.625031 248 231 ) (-645.375061 248 231 ) 
4 170 192 (-656 20 231 ) (-656 234 231 ) (-656 243 208 ) (-656 11 208 ) 
4 170 180 (-656 11 208 ) (-656 248 208 ) (-416 248 208 ) (-416 11 208 ) 
4 171 193 (-400 1024 80 ) (0 1024 80 ) (0 254 80 ) (-400 254 80 ) 
4 172 194 (-576 1024 80 ) (-416 1024 80 ) (-416 254 80 ) (-576 254 80 ) 
4 172 180 (-416 254 208 ) (-648 254 208 ) (-648 254 80 ) (-416 254 80 ) 
4 172 178 (-648 376 80 ) (-648 254 80 ) (-648 254 200 ) (-648 376 200 ) 
4 172 176 (-648 432 80 ) (-648 384 80 ) (-648 384 200 ) (-648 432 200 ) 
4 172 174 (-648 1024 80 ) (-648 432 80 ) (-648 432 200 ) (-648 1024 200 ) 
4 172 173 (-648 254 200 ) (-648 254 208 ) (-648 1024 208 ) (-648 1024 200 ) 
4 173 180 (-648 254 208 ) (-656 254 208 ) (-656 254 200 ) (-648 254 200 ) 
4 173 178 (-648 376 200 ) (-648 254 200 ) (-656 254 200 ) (-656 376 200 ) 
4 173 176 (-648 432 200 ) (-648 384 200 ) (-649.045044 384 200 ) (-649.045044 432 200 ) 
4 173 175 (-656 440 200 ) (-656 1024 200 ) (-649.045044 1024 200 ) (-649.045044 440 200 ) 
4 173 174 (-648 1024 200 ) (-648 432 200 ) (-649.045044 432 200 ) (-649.045044 1024 200 ) 
4 174 176 (-648 432 80 ) (-648 432 200 ) (-649.045044 432 200 ) (-649.045044 432 80 ) 
4 174 175 (-649.045044 1024 80 ) (-649.045044 440 80 ) (-649.045044 440 200 ) (-649.045044 1024 200 ) 
4 176 177 (-649.045044 432 188 ) (-649.045044 432 80 ) (-649.045044 384 80 ) (-649.045044 384 188 ) 
4 177 185 (-656 432 80 ) (-656 384 80 ) (-656 384 188 ) (-656 432 188 ) 
4 178 180 (-656 254 200 ) (-656 254 80 ) (-648 254 80 ) (-648 254 200 ) 
4 179 201 (-327 96 80 ) (-343 96 80 ) (-343 233 80 ) (-327 233 80 ) 
4 179 200 (0 243 80 ) (0 96 80 ) (-327 96 80 ) (-327 243 80 ) 
4 179 202 (-343 96 80 ) (-416 96 80 ) (-416 243 80 ) (-343 243 80 ) 
4 179 180 (-416 243 80 ) (-416 11 80 ) (-416 11 208 ) (-416 243 208 ) 
4 180 202 (-656 96 80 ) (-656 243 80 ) (-416 243 80 ) (-416 96 80 ) 
4 180 195 (-656 243 80 ) (-656 254 80 ) (-576 254 80 ) (-576 243 80 ) 
4 180 194 (-576 254 80 ) (-416 254 80 ) (-416 243 80 ) (-576 243 80 ) 
4 180 192 (-656 243 80 ) (-656 11 80 ) (-656 11 208 ) (-656 243 208 ) 
4 181 183 (-786 440 188 ) (-786 1024 188 ) (-672 1024 188 ) (-672 440 188 ) 
4 181 182 (-786 440 251 ) (-786 440 195 ) (-672 440 195 ) (-672 440 251 ) 
4 181 190 (-786 440 251 ) (-786 1024 251 ) (-786 1024 188 ) (-786 440 188 ) 
4 182 184 (-786 432 251 ) (-786 432 195 ) (-672 432 195 ) (-672 432 251 ) 
4 182 190 (-786 432 195 ) (-786 432 251 ) (-786 440 251 ) (-786 440 195 ) 
4 183 196 (-786 1024 80 ) (-672 1024 80 ) (-672 440 80 ) (-786 440 80 ) 
4 183 190 (-786 1024 80 ) (-786 440 80 ) (-786 440 188 ) (-786 1024 188 ) 
4 184 187 (-786 384 251 ) (-786 384 195 ) (-672 384 195 ) (-672 384 251 ) 
4 184 190 (-786 384 195 ) (-786 384 251 ) (-786 432 251 ) (-786 432 195 ) 
4 186 190 (-786 432 80 ) (-786 384 80 ) (-786 384 188 ) (-786 432 188 ) 
4 187 188 (-786 376 251 ) (-786 376 195 ) (-672 376 195 ) (-672 376 251 ) 
4 187 190 (-786 376 251 ) (-786 384 251 ) (-786 384 195 ) (-786 376 195 ) 
4 188 189 (-672 254 188 ) (-786 254 188 ) (-786 376 188 ) (-672 376 188 ) 
4 188 190 (-786 254 188 ) (-786 254 251 ) (-786 376 251 ) (-786 376 188 ) 
4 189 198 (-672 254 80 ) (-786 254 80 ) (-786 376 80 ) (-672 376 80 ) 
4 189 190 (-786 376 80 ) (-786 254 80 ) (-786 254 188 ) (-786 376 188 ) 
4 190 254 (-1024 1024 231 ) (-1024 1024 80 ) (-1024 254 80 ) (-1024 254 231 ) 
4 190 252 (-1024 254 251 ) (-1024 1024 251 ) (-1024 1024 231 ) (-1024 254 231 ) 
4 190 199 (-1024 254 80 ) (-1024 1024 80 ) (-786 1024 80 ) (-786 254 80 ) 
4 191 253 (-1024 47 251 ) (-1024 207 251 ) (-1024 234 231 ) (-1024 20 231 ) 
4 191 192 (-656 234 231 ) (-656 20 231 ) (-1024 20 231 ) (-1024 234 231 ) 
6 192 255 (-1024 20 231 ) (-1024 234 231 ) (-1024 243 208 ) (-1024 243 80 ) (-1024 11 80 ) (-1024 11 208 ) 
4 192 202 (-1024 96 80 ) (-1024 243 80 ) (-656 243 80 ) (-656 96 80 ) 
4 193 203 (-400 1024 64 ) (0 1024 64 ) (0 249 64 ) (-400 249 64 ) 
4 194 208 (-576 1024 64 ) (-416 1024 64 ) (-416 243 64 ) (-576 243 64 ) 
4 194 202 (-576 243 64 ) (-416 243 64 ) (-416 243 80 ) (-576 243 80 ) 
4 194 195 (-576 254 64 ) (-576 243 64 ) (-576 243 80 ) (-576 254 80 ) 
4 195 209 (-576 254 64 ) (-576 243 64 ) (-656 243 64 ) (-656 254 64 ) 
4 195 202 (-656 243 64 ) (-576 243 64 ) (-576 243 80 ) (-656 243 80 ) 
4 196 211 (-786 1024 64 ) (-672 1024 64 ) (-672 440 64 ) (-786 440 64 ) 
4 196 197 (-786 440 72 ) (-786 440 64 ) (-672 440 64 ) (-672 440 72 ) 
4 196 199 (-786 1024 64 ) (-786 440 64 ) (-786 440 80 ) (-786 1024 80 ) 
4 197 211 (-672 440 64 ) (-672 376 64 ) (-786 376 64 ) (-786 440 64 ) 
4 197 199 (-786 440 64 ) (-786 376 64 ) (-786 376 72 ) (-786 440 72 ) 
4 197 198 (-786 376 72 ) (-786 376 64 ) (-672 376 64 ) (-672 376 72 ) 
4 198 211 (-672 376 64 ) (-672 253 64 ) (-786 253 64 ) (-786 376 64 ) 
4 198 199 (-786 376 64 ) (-786 253 64 ) (-786 253 80 ) (-786 376 80 ) 
4 199 256 (-1024 253 80 ) (-1024 1024 80 ) (-1024 1024 64 ) (-1024 253 64 ) 
4 199 211 (-1024 253 64 ) (-1024 1024 64 ) (-786 1024 64 ) (-786 253 64 ) 
4 200 217 (0 201 64 ) (0 144 64 ) (-327 144 64 ) (-327 201 64 ) 
4 200 216 (0 225 64 ) (0 201 64 ) (-327 201 64 ) (-327 225 64 ) 
4 200 218 (0 144 64 ) (0 96 64 ) (-327 96 64 ) (-327 144 64 ) 
4 200 204 (-327 243 64 ) (0 243 64 ) (0 225 64 ) (-327 225 64 ) 
4 200 201 (-327 233 64 ) (-327 96 64 ) (-327 96 80 ) (-327 233 80 ) 
4 201 217 (-327 201 64 ) (-327 144 64 ) (-343 144 64 ) (-343 201 64 ) 
4 201 216 (-327 225 64 ) (-327 201 64 ) (-343 201 64 ) (-343 225 64 ) 
4 201 218 (-327 144 64 ) (-327 96 64 ) (-343 96 64 ) (-343 144 64 ) 
4 201 205 (-327 233 64 ) (-327 225 64 ) (-343 225 64 ) (-343 233 64 ) 
4 201 202 (-343 233 64 ) (-343 96 64 ) (-343 96 80 ) (-343 233 80 ) 
4 202 260 (-1024 96 80 ) (-1024 233 80 ) (-1024 233 64 ) (-1024 96 64 ) 
4 202 257 (-1024 233 80 ) (-1024 243 80 ) (-1024 243 64 ) (-1024 233 64 ) 
4 202 224 (-1024 96 64 ) (-1024 144 64 ) (-656 144 64 ) (-656 96 64 ) 
4 202 223 (-1024 144 64 ) (-1024 201 64 ) (-656 201 64 ) (-656 144 64 ) 
4 202 222 (-1024 201 64 ) (-1024 225 64 ) (-656 225 64 ) (-656 201 64 ) 
4 202 220 (-416 201 64 ) (-416 144 64 ) (-656 144 64 ) (-656 201 64 ) 
4 202 219 (-656 225 64 ) (-416 225 64 ) (-416 201 64 ) (-656 201 64 ) 
4 202 221 (-416 144 64 ) (-416 96 64 ) (-656 96 64 ) (-656 144 64 ) 
4 202 217 (-343 201 64 ) (-343 144 64 ) (-416 144 64 ) (-416 201 64 ) 
4 202 216 (-416 225 64 ) (-343 225 64 ) (-343 201 64 ) (-416 201 64 ) 
4 202 218 (-343 144 64 ) (-343 96 64 ) (-416 96 64 ) (-416 144 64 ) 
4 202 213 (-1024 225 64 ) (-1024 243 64 ) (-672 243 64 ) (-672 225 64 ) 
4 202 210 (-672 243 64 ) (-656 243 64 ) (-656 225 64 ) (-672 225 64 ) 
4 202 209 (-656 243 64 ) (-576 243 64 ) (-576 225 64 ) (-656 225 64 ) 
4 202 208 (-576 243 64 ) (-416 243 64 ) (-416 225 64 ) (-576 225 64 ) 
4 202 206 (-416 243 64 ) (-343 243 64 ) (-343 225 64 ) (-416 225 64 ) 
4 203 207 (-400 1024 32 ) (0 1024 32 ) (0 249 32 ) (-400 249 32 ) 
4 204 216 (0 225 32 ) (0 225 64 ) (-327 225 64 ) (-327 225 32 ) 
3 204 205 (-327 225 32 ) (-327 225 64 ) (-327 233 64 ) 
4 205 216 (-327 225 64 ) (-343 225 64 ) (-343 225 32 ) (-327 225 32 ) 
3 205 206 (-343 225 32 ) (-343 225 64 ) (-343 233 64 ) 
4 206 216 (-343 225 64 ) (-416 225 64 ) (-416 225 32 ) (-343 225 32 ) 
3 206 208 (-416 225 32 ) (-416 225 64 ) (-416 243 64 ) 
4 207 235 (-400 1024 16 ) (0 1024 16 ) (0 225 16 ) (-400 225 16 ) 
4 208 219 (-416 225 32 ) (-416 225 64 ) (-576 225 64 ) (-576 225 32 ) 
4 208 214 (-416 225 24 ) (-416 225 32 ) (-576 225 32 ) (-576 225 24 ) 
4 208 209 (-576 254 24 ) (-576 225 24 ) (-576 225 64 ) (-576 254 64 ) 
4 209 219 (-576 225 64 ) (-656 225 64 ) (-656 225 32 ) (-576 225 32 ) 
4 209 214 (-656 225 32 ) (-656 225 24 ) (-576 225 24 ) (-576 225 32 ) 
3 209 210 (-656 225 32 ) (-656 225 64 ) (-656 243 64 ) 
4 210 222 (-656 225 32 ) (-656 225 64 ) (-672 225 64 ) (-672 225 32 ) 
3 210 213 (-672 225 32 ) (-672 225 64 ) (-672 243 64 ) 
4 211 269 (-1024 1024 32 ) (-1024 1024 16 ) (-1024 249 16 ) (-1024 249 32 ) 
4 211 261 (-1024 249 64 ) (-1024 1024 64 ) (-1024 1024 32 ) (-1024 249 32 ) 
4 211 235 (-1024 249 16 ) (-1024 1024 16 ) (-672 1024 16 ) (-672 249 16 ) 
4 211 212 (-1024 249 16 ) (-672 249 16 ) (-672 249 32 ) (-1024 249 32 ) 
4 212 269 (-1024 249 32 ) (-1024 249 16 ) (-1024 225 16 ) (-1024 225 32 ) 
4 212 235 (-1024 225 16 ) (-1024 249 16 ) (-672 249 16 ) (-672 225 16 ) 
3 213 266 (-1024 233 64 ) (-1024 243 64 ) (-1024 225 32 ) 
3 213 263 (-1024 225 64 ) (-1024 233 64 ) (-1024 225 32 ) 
4 213 222 (-672 225 32 ) (-672 225 64 ) (-1024 225 64 ) (-1024 225 32 ) 
4 214 229 (-416 225 32.001953 ) (-656 225 32.001953 ) (-656 200.994629 24 ) (-416 200.994629 24 ) 
4 215 277 (0 0 32 ) (0 0 64 ) (-1024 0 64 ) (-1024 0 32 ) 
4 215 262 (-1024 0 32 ) (-1024 0 64 ) (-1024 88 64 ) (-1024 88 32 ) 
4 215 225 (-1024 0 32 ) (-1024 88 32 ) (0 88 32 ) (0 0 32 ) 
4 216 226 (-416 224.996094 32 ) (0 224.996094 32 ) (0 201 32 ) (-416 201 32 ) 
4 216 219 (-416 225 64 ) (-416 225 32 ) (-416 201 32 ) (-416 201 64 ) 
4 216 217 (-416 201 64 ) (-416 201 32 ) (0 201 32 ) (0 201 64 ) 
4 217 227 (0 201 32 ) (0 144 32 ) (-416 144 32 ) (-416 201 32 ) 
4 217 220 (-416 201 32 ) (-416 144 32 ) (-416 144 64 ) (-416 201 64 ) 
4 217 218 (-416 144 64 ) (-416 144 32 ) (0 144 32 ) (0 144 64 ) 
4 218 228 (0 144 32 ) (0 112 32 ) (-416 112 32 ) (-416 144 32 ) 
4 218 221 (-416 144 32 ) (-416 112 32 ) (-416 96 64 ) (-416 144 64 ) 
4 219 229 (-656 224.996094 32 ) (-416 224.996094 32 ) (-416 201 32 ) (-656 201 32 ) 
4 219 222 (-656 225 64 ) (-656 225 32 ) (-656 201 32 ) (-656 201 64 ) 
4 219 220 (-656 201 64 ) (-656 201 32 ) (-416 201 32 ) (-416 201 64 ) 
4 220 230 (-416 201 32 ) (-416 144 32 ) (-656 144 32 ) (-656 201 32 ) 
4 220 223 (-656 201 32 ) (-656 144 32 ) (-656 144 64 ) (-656 201 64 ) 
4 220 221 (-656 144 64 ) (-656 144 32 ) (-416 144 32 ) (-416 144 64 ) 
4 221 231 (-416 144 32 ) (-416 112 32 ) (-656 112 32 ) (-656 144 32 ) 
4 221 224 (-656 144 32 ) (-656 112 32 ) (-656 96 64 ) (-656 144 64 ) 
4 222 263 (-1024 201 64 ) (-1024 225 64 ) (-1024 225 32 ) (-1024 201 32 ) 
4 222 232 (-1024 201 32 ) (-1024 224.996094 32 ) (-656 224.996094 32 ) (-656 201 32 ) 
4 222 223 (-1024 201 32 ) (-656 201 32 ) (-656 201 64 ) (-1024 201 64 ) 
4 223 264 (-1024 144 64 ) (-1024 201 64 ) (-1024 201 32 ) (-1024 144 32 ) 
4 223 233 (-1024 144 32 ) (-1024 201 32 ) (-656 201 32 ) (-656 144 32 ) 
4 223 224 (-1024 144 32 ) (-656 144 32 ) (-656 144 64 ) (-1024 144 64 ) 
4 224 265 (-1024 96 64 ) (-1024 144 64 ) (-1024 144 32 ) (-1024 112 32 ) 
4 224 234 (-1024 112 32 ) (-1024 144 32 ) (-656 144 32 ) (-656 112 32 ) 
4 225 277 (0 0 16 ) (0 0 32 ) (-1024 0 32 ) (-1024 0 16 ) 
4 225 270 (-1024 0 16 ) (-1024 0 32 ) (-1024 112 32 ) (-1024 112 16 ) 
4 225 235 (0 0 16 ) (-1024 0 16 ) (-1024 112 16 ) (0 112 16 ) 
3 226 229 (-416 201 24 ) (-416 201 32 ) (-416 225 32 ) 
4 226 227 (-416 201 32 ) (-416 201 24 ) (0 201 24 ) (0 201 32 ) 
5 227 230 (-416 201 24 ) (-416 144.003906 24 ) (-416 144 24 ) (-416 144 32 ) (-416 201 32 ) 
4 227 228 (-416 144 32 ) (-416 144 24 ) (0 144 24 ) (0 144 32 ) 
3 228 231 (-416 144 24 ) (-416 112.003906 32 ) (-416 144 32 ) 
3 229 232 (-656 201 24 ) (-656 201 32 ) (-656 225 32 ) 
4 229 230 (-656 201 32 ) (-656 201 24 ) (-416 201 24 ) (-416 201 32 ) 
5 230 233 (-656 201 24 ) (-656 144.003906 24 ) (-656 144 24 ) (-656 144 32 ) (-656 201 32 ) 
4 230 231 (-656 144 32 ) (-656 144 24 ) (-416 144 24 ) (-416 144 32 ) 
3 231 234 (-656 144 24 ) (-656 112.003906 32 ) (-656 144 32 ) 
3 232 271 (-1024 201 32 ) (-1024 225 32 ) (-1024 201 24 ) 
4 232 233 (-1024 201 24 ) (-656 201 24 ) (-656 201 32 ) (-1024 201 32 ) 
4 233 272 (-1024 144 32 ) (-1024 201 32 ) (-1024 201 24 ) (-1024 144 24 ) 
4 233 234 (-1024 144 24 ) (-656 144 24 ) (-656 144 32 ) (-1024 144 32 ) 
3 234 273 (-1024 112 32 ) (-1024 144 32 ) (-1024 144 24 ) 
4 235 277 (0 0 -992 ) (0 0 16 ) (-1024 0 16 ) (-1024 0 -992 ) 
4 235 274 (-1024 0 -992 ) (-1024 0 16 ) (-1024 1024 16 ) (-1024 1024 -992 ) 
4 236 285 (-2048 1024 1449.371338 ) (-2048 1024 412 ) (-2048 0 412 ) (-2048 0 1449.371338 ) 
4 236 279 (-2048 0 1449.371338 ) (-2048 0 412 ) (-1024 0 412 ) (-1024 0 425.370972 ) 
4 236 246 (-1024 16 425.366638 ) (-1024 48 425.366638 ) (-1067.314819 48 468.681427 ) (-1067.314819 16 468.681458 ) 
4 236 245 (-1089.943726 48 491.310394 ) (-2048 48 1449.366943 ) (-2048 16 1449.366943 ) (-1089.943726 16 491.310425 ) 
4 236 248 (-1024 0 425.366638 ) (-1024 16 425.366638 ) (-2048 16 1449.366943 ) (-2048 0 1449.366943 ) 
4 236 243 (-1112.572144 80 513.938782 ) (-2048 80 1449.366943 ) (-2048 48 1449.366943 ) (-1112.572021 48 513.938782 ) 
4 236 241 (-1024 80 425.366638 ) (-1024 112 425.366638 ) (-1067.314819 112 468.681427 ) (-1067.314819 80 468.681458 ) 
4 236 240 (-1089.943726 112 491.310394 ) (-2048 112 1449.366943 ) (-2048 80 1449.366943 ) (-1089.943726 80 491.310425 ) 
4 236 239 (-1024 112 425.366638 ) (-1024 1024 425.366638 ) (-2048 1024 1449.366943 ) (-2048 112 1449.366943 ) 
4 236 237 (-1024 1024 412 ) (-1024 0 412 ) (-2048 0 412 ) (-2048 1024 412 ) 
4 237 286 (-2048 1024 412 ) (-2048 1024 372 ) (-2048 0 372 ) (-2048 0 412 ) 
4 237 280 (-2048 0 412 ) (-2048 0 372 ) (-1024 0 372 ) (-1024 0 412 ) 
4 237 238 (-2048 0 372 ) (-2048 1024 372 ) (-1024 1024 372 ) (-1024 0 372 ) 
4 238 287 (-2048 1024 372 ) (-2048 1024 272 ) (-2048 0 272 ) (-2048 0 372 ) 
4 238 281 (-2048 0 372 ) (-2048 0 272 ) (-1024 0 272 ) (-1024 0 372 ) 
4 238 249 (-1024 1024 272 ) (-1024 230 272 ) (-2048 230 272 ) (-2048 1024 272 ) 
4 238 251 (-1024 24 272 ) (-1024 0 272 ) (-2048 0 272 ) (-2048 24 272 ) 
4 239 285 (-2048 1024 2016 ) (-2048 1024 1449.371338 ) (-2048 112 1449.371338 ) (-2048 112 2016 ) 
4 239 242 (-1044.689941 112 491.314026 ) (-1024 112 512.011230 ) (-1024 112 557.245605 ) (-1067.310181 112 513.941040 ) 
3 239 241 (-1067.312866 112 468.683258 ) (-1024 112 425.370361 ) (-1024 112 512.011230 ) 
5 239 240 (-2048 112 1449.370850 ) (-1089.941895 112 491.312256 ) (-1024 112 557.245605 ) (-1024 112 2016 ) (-2048 112 2016 ) 
4 240 285 (-2048 112 1449.371338 ) (-2048 80 1449.371338 ) (-2048 80 2016 ) (-2048 112 2016 ) 
4 240 244 (-1067.311646 80 513.939514 ) (-1024 80 557.245605 ) (-1024 80 602.499207 ) (-1089.939941 80 536.567993 ) 
5 240 243 (-2048 80 1449.370850 ) (-1112.570313 80 513.940613 ) (-1024 80 602.499207 ) (-1024 80 2016 ) (-2048 80 2016 ) 
4 240 242 (-1024 80 557.249390 ) (-1067.312012 80 513.942932 ) (-1067.312012 112 513.942932 ) (-1024 112 557.249390 ) 
3 241 244 (-1024 80 470.627319 ) (-1024 80 512.011230 ) (-1044.688232 80 491.315796 ) 
4 241 242 (-1024 112 512.011230 ) (-1044.689941 112 491.314056 ) (-1044.689941 80 491.314026 ) (-1024 80 512.011169 ) 
4 242 244 (-1044.689941 80 491.314026 ) (-1024 80 512.011230 ) (-1024 80 557.245605 ) (-1067.310181 80 513.941040 ) 
4 243 285 (-2048 80 1449.371338 ) (-2048 48 1449.371338 ) (-2048 48 2016 ) (-2048 80 2016 ) 
5 243 245 (-2048 48 1449.370850 ) (-1112.570313 48 513.940735 ) (-1024 48 602.499268 ) (-1024 48 2016 ) (-2048 48 2016 ) 
4 243 244 (-1024 48 602.500000 ) (-1089.940308 48 536.568420 ) (-1089.940308 80 536.568420 ) (-1024 80 602.500000 ) 
4 244 247 (-1024 48 512.011292 ) (-1024 48 557.245605 ) (-1067.311646 48 513.939453 ) (-1044.688232 48 491.315826 ) 
3 244 246 (-1024 48 470.627319 ) (-1024 48 512.011292 ) (-1044.688232 48 491.315826 ) 
4 244 245 (-1024 48 557.245605 ) (-1024 48 602.499268 ) (-1089.939941 48 536.568054 ) (-1067.311646 48 513.939453 ) 
4 245 285 (-2048 48 1449.371338 ) (-2048 16 1449.371338 ) (-2048 16 2016 ) (-2048 48 2016 ) 
4 245 247 (-1024 16 557.249390 ) (-1067.312012 16 513.942932 ) (-1067.312012 48 513.942932 ) (-1024 48 557.249390 ) 
5 245 248 (-2048 16 1449.370850 ) (-1089.941895 16 491.312256 ) (-1024 16 557.245605 ) (-1024 16 2016 ) (-2048 16 2016 ) 
4 246 247 (-1024 48 512.011230 ) (-1044.689941 48 491.314056 ) (-1044.689941 16 491.314026 ) (-1024 16 512.011169 ) 
3 246 248 (-1067.312866 16 468.683258 ) (-1024 16 425.370361 ) (-1024 16 512.011230 ) 
4 247 248 (-1044.689941 16 491.314026 ) (-1024 16 512.011230 ) (-1024 16 557.245605 ) (-1067.310181 16 513.941040 ) 
4 248 285 (-2048 16 1449.371338 ) (-2048 0 1449.371338 ) (-2048 0 2016 ) (-2048 16 2016 ) 
4 248 279 (-2048 0 2016 ) (-2048 0 1449.371338 ) (-1024 0 425.370972 ) (-1024 0 2016 ) 
4 249 288 (-2048 1024 272 ) (-2048 1024 251 ) (-2048 230 251 ) (-2048 230 272 ) 
4 249 252 (-2048 254 251 ) (-2048 1024 251 ) (-1024 1024 251 ) (-1024 254 251 ) 
5 250 289 (-2048 207 251 ) (-2048 47 251 ) (-2048 83 263 ) (-2048 127 268 ) (-2048 171 263 ) 
4 250 253 (-2048 47 251 ) (-2048 207 251 ) (-1024 207 251 ) (-1024 47 251 ) 
4 251 293 (-2048 24 251 ) (-2048 0 251 ) (-2048 0 272 ) (-2048 24 272 ) 
4 251 281 (-2048 0 272 ) (-2048 0 251 ) (-1024 0 251 ) (-1024 0 272 ) 
4 252 294 (-2048 1024 251 ) (-2048 1024 231 ) (-2048 254 231 ) (-2048 254 251 ) 
4 252 254 (-2048 254 231 ) (-2048 1024 231 ) (-1024 1024 231 ) (-1024 254 231 ) 
4 253 295 (-2048 234 231 ) (-2048 20 231 ) (-2048 47 251 ) (-2048 207 251 ) 
4 253 255 (-2048 20 231 ) (-2048 234 231 ) (-1024 234 231 ) (-1024 20 231 ) 
4 254 300 (-2048 1024 231 ) (-2048 1024 80 ) (-2048 254 80 ) (-2048 254 231 ) 
4 254 256 (-1024 1024 80 ) (-1024 254 80 ) (-2048 254 80 ) (-2048 1024 80 ) 
6 255 301 (-2048 243 80 ) (-2048 11 80 ) (-2048 11 208 ) (-2048 20 231 ) (-2048 234 231 ) (-2048 243 208 ) 
4 255 260 (-1024 233 80 ) (-1024 96 80 ) (-2048 96 80 ) (-2048 233 80 ) 
4 255 259 (-1815 233 80 ) (-2048 233 80 ) (-2048 243 80 ) (-1815 243 80 ) 
4 255 257 (-1024 243 80 ) (-1024 233 80 ) (-1063 233 80 ) (-1063 243 80 ) 
4 255 258 (-1079 233 80 ) (-1799 233 80 ) (-1799 243 80 ) (-1079 243 80 ) 
4 256 302 (-2048 1024 80 ) (-2048 1024 64 ) (-2048 253 64 ) (-2048 253 80 ) 
4 256 261 (-1024 1024 64 ) (-1024 253 64 ) (-2048 253 64 ) (-2048 1024 64 ) 
4 257 266 (-1024 243 64 ) (-1024 233 64 ) (-1063 233 64 ) (-1063 243 64 ) 
4 257 260 (-1063 233 64 ) (-1024 233 64 ) (-1024 233 80 ) (-1063 233 80 ) 
4 258 267 (-1079 233 64 ) (-1799 233 64 ) (-1799 243 64 ) (-1079 243 64 ) 
4 258 260 (-1799 233 64 ) (-1079 233 64 ) (-1079 233 80 ) (-1799 233 80 ) 
4 259 303 (-2048 243 64 ) (-2048 233 64 ) (-2048 233 80 ) (-2048 243 80 ) 
4 259 268 (-1815 233 64 ) (-2048 233 64 ) (-2048 243 64 ) (-1815 243 64 ) 
4 259 260 (-2048 233 64 ) (-1815 233 64 ) (-1815 233 80 ) (-2048 233 80 ) 
4 260 305 (-2048 233 64 ) (-2048 96 64 ) (-2048 96 80 ) (-2048 233 80 ) 
4 260 265 (-1024 144 64 ) (-1024 96 64 ) (-2048 96 64 ) (-2048 144 64 ) 
4 260 264 (-1024 201 64 ) (-1024 144 64 ) (-2048 144 64 ) (-2048 201 64 ) 
4 260 263 (-1024 233 64 ) (-1024 201 64 ) (-2048 201 64 ) (-2048 233 64 ) 
4 261 306 (-2048 1024 64 ) (-2048 1024 32 ) (-2048 249 32 ) (-2048 249 64 ) 
4 261 269 (-2048 249 32 ) (-2048 1024 32 ) (-1024 1024 32 ) (-1024 249 32 ) 
4 262 307 (-2048 88 32 ) (-2048 0 32 ) (-2048 0 64 ) (-2048 88 64 ) 
4 262 281 (-2048 0 64 ) (-2048 0 32 ) (-1024 0 32 ) (-1024 0 64 ) 
4 262 270 (-1024 0 32 ) (-2048 0 32 ) (-2048 88 32 ) (-1024 88 32 ) 
4 263 308 (-2048 225 32 ) (-2048 201 32 ) (-2048 201 64 ) (-2048 233 64 ) 
4 263 271 (-2048 201 32 ) (-2048 225 32 ) (-1024 225 32 ) (-1024 201 32 ) 
4 263 267 (-1079 225 32.003906 ) (-1799 225 32.003906 ) (-1799 233 64 ) (-1079 233 64 ) 
4 263 268 (-1815 225 32.003906 ) (-2048 225 32.003906 ) (-2048 233 64 ) (-1815 233 64 ) 
4 263 266 (-1024 225 32.003906 ) (-1063 225 32.003906 ) (-1063 233 64 ) (-1024 233 64 ) 
4 263 264 (-2048 201 32 ) (-1024 201 32 ) (-1024 201 64 ) (-2048 201 64 ) 
4 264 309 (-2048 201 32 ) (-2048 144 32 ) (-2048 144 64 ) (-2048 201 64 ) 
4 264 272 (-2048 144 32 ) (-2048 201 32 ) (-1024 201 32 ) (-1024 144 32 ) 
4 264 265 (-2048 144 32 ) (-1024 144 32 ) (-1024 144 64 ) (-2048 144 64 ) 
4 265 310 (-2048 144 32 ) (-2048 112 32 ) (-2048 96 64 ) (-2048 144 64 ) 
4 265 273 (-2048 112 32 ) (-2048 144 32 ) (-1024 144 32 ) (-1024 112 32 ) 
3 268 308 (-2048 225 32 ) (-2048 233 64 ) (-2048 243 64 ) 
4 269 322 (-2048 1024 24 ) (-2048 1024 16 ) (-2048 225 16 ) (-2048 225 24 ) 
4 269 318 (-2048 1024 32 ) (-2048 1024 24 ) (-2048 225 24 ) (-2048 225 32 ) 
4 269 274 (-1024 1024 16 ) (-1024 225 16 ) (-2048 225 16 ) (-2048 1024 16 ) 
4 270 317 (-2048 112 16 ) (-2048 0 16 ) (-2048 0 32 ) (-2048 112 32 ) 
4 270 281 (-2048 0 32 ) (-2048 0 16 ) (-1024 0 16 ) (-1024 0 32 ) 
4 270 274 (-1024 112 16 ) (-1024 0 16 ) (-2048 0 16 ) (-2048 112 16 ) 
3 271 319 (-2048 201 32 ) (-2048 225 32 ) (-2048 201 24 ) 
4 271 272 (-2048 201 24 ) (-1024 201 24 ) (-1024 201 32 ) (-2048 201 32 ) 
4 272 320 (-2048 144 24 ) (-2048 144 32 ) (-2048 201 32 ) (-2048 201 24 ) 
4 272 273 (-2048 144 24 ) (-1024 144 24 ) (-1024 144 32 ) (-2048 144 32 ) 
3 273 321 (-2048 144 24 ) (-2048 112 32 ) (-2048 144 32 ) 
4 274 323 (-2048 1024 16 ) (-2048 1024 -992 ) (-2048 0 -992 ) (-2048 0 16 ) 
4 274 281 (-2048 0 16 ) (-2048 0 -992 ) (-1024 0 -992 ) (-1024 0 16 ) 
4 275 279 (-1024 0 2016 ) (-1024 0 412 ) (-1024 -291 412 ) (-1024 -291 2016 ) 
4 275 278 (0 -291 412 ) (0 -291 2016 ) (-1024 -291 2016 ) (-1024 -291 412 ) 
4 275 276 (0 -291 412 ) (-1024 -291 412 ) (-1024 0 412 ) (0 0 412 ) 
4 276 280 (-1024 0 412 ) (-1024 0 372 ) (-1024 -291 372 ) (-1024 -291 412 ) 
4 276 277 (0 -291 372 ) (-1024 -291 372 ) (-1024 0 372 ) (0 0 372 ) 
4 276 278 (0 -291 372 ) (0 -291 412 ) (-1024 -291 412 ) (-1024 -291 372 ) 
4 277 281 (-1024 0 372 ) (-1024 0 -992 ) (-1024 -291 -992 ) (-1024 -291 372 ) 
4 277 278 (-1024 -291 -992 ) (0 -291 -992 ) (0 -291 372 ) (-1024 -291 372 ) 
4 278 283 (0 -1024 -992 ) (0 -1024 2016 ) (-1024 -1024 2016 ) (-1024 -1024 -992 ) 
4 278 282 (-1024 -291 -992 ) (-1024 -1024 -992 ) (-1024 -1024 2016 ) (-1024 -291 2016 ) 
4 279 324 (-2048 -291 2016 ) (-2048 0 2016 ) (-2048 0 412 ) (-2048 -291 412 ) 
4 279 282 (-1024 -291 412 ) (-1024 -291 2016 ) (-2048 -291 2016 ) (-2048 -291 412 ) 
4 279 280 (-1024 -291 412 ) (-2048 -291 412 ) (-2048 0 412 ) (-1024 0 412 ) 
4 280 325 (-2048 0 412 ) (-2048 0 372 ) (-2048 -291 372 ) (-2048 -291 412 ) 
4 280 281 (-1024 -291 372 ) (-2048 -291 372 ) (-2048 0 372 ) (-1024 0 372 ) 
4 280 282 (-1024 -291 372 ) (-1024 -291 412 ) (-2048 -291 412 ) (-2048 -291 372 ) 
4 281 326 (-2048 0 372 ) (-2048 0 -992 ) (-2048 -291 -992 ) (-2048 -291 372 ) 
4 281 282 (-2048 -291 -992 ) (-1024 -291 -992 ) (-1024 -291 372 ) (-2048 -291 372 ) 
4 282 327 (-2048 -1024 -992 ) (-2048 -1024 2016 ) (-2048 -291 2016 ) (-2048 -291 -992 ) 
4 282 284 (-1024 -1024 -992 ) (-1024 -1024 2016 ) (-2048 -1024 2016 ) (-2048 -1024 -992 ) 
4 283 284 (-1024 -2016 2016 ) (-1024 -1024 2016 ) (-1024 -1024 -992 ) (-1024 -2016 -992 ) 
4 284 368 (-2048 -2016 2016 ) (-2048 -1024 2016 ) (-2048 -1024 -992 ) (-2048 -2016 -992 ) 
4 285 328 (-3072 1024 2016 ) (-3072 1024 412 ) (-3072 0 412 ) (-3072 0 2016 ) 
4 285 324 (-2048 0 412 ) (-2048 0 2016 ) (-3072 0 2016 ) (-3072 0 412 ) 
4 285 286 (-2048 0 412 ) (-3072 0 412 ) (-3072 1024 412 ) (-2048 1024 412 ) 
4 286 329 (-3072 1024 412 ) (-3072 1024 372 ) (-3072 0 372 ) (-3072 0 412 ) 
4 286 325 (-2048 0 372 ) (-2048 0 412 ) (-3072 0 412 ) (-3072 0 372 ) 
4 286 287 (-3072 0 372 ) (-3072 1024 372 ) (-2048 1024 372 ) (-2048 0 372 ) 
4 287 330 (-3072 1024 372 ) (-3072 1024 272 ) (-3072 0 272 ) (-3072 0 372 ) 
4 287 326 (-2048 0 272 ) (-2048 0 372 ) (-3072 0 372 ) (-3072 0 272 ) 
4 287 288 (-3072 230 272 ) (-3072 1024 272 ) (-2048 1024 272 ) (-2048 230 272 ) 
4 287 293 (-3072 0 272 ) (-3072 24 272 ) (-2048 24 272 ) (-2048 0 272 ) 
4 288 331 (-3072 1024 272 ) (-3072 1024 251 ) (-3072 230 251 ) (-3072 230 272 ) 
4 288 294 (-3072 254 251 ) (-3072 1024 251 ) (-2048 1024 251 ) (-2048 254 251 ) 
4 289 295 (-2352 207 251 ) (-2048 207 251 ) (-2048 47 251 ) (-2352 47 251 ) 
4 289 291 (-2352 128 267.886383 ) (-2352 144 266.068207 ) (-2352 144 251 ) (-2352 128 251 ) 
4 289 290 (-2352 144 266.068207 ) (-2352 170.997040 263 ) (-2352 206.998062 251 ) (-2352 144 251 ) 
5 289 292 (-2352 47.002953 251 ) (-2352 83.011719 263.003418 ) (-2352 126.990952 268.001038 ) (-2352 128 267.886383 ) (-2352 128 251 ) 
4 290 332 (-3072 207 251 ) (-3072 144 251 ) (-3072 144 266.068176 ) (-3072 171 263 ) 
4 290 296 (-3072 144 251 ) (-3072 207 251 ) (-2352 207 251 ) (-2352 144 251 ) 
4 290 291 (-3072 144 251 ) (-2352 144 251 ) (-2352 144 266.066406 ) (-3072 144 266.066437 ) 
4 291 332 (-3072 144 251 ) (-3072 128 251 ) (-3072 128 267.886353 ) (-3072 144 266.068176 ) 
4 291 297 (-3072 128 251 ) (-3072 144 251 ) (-2352 144 251 ) (-2352 128 251 ) 
4 291 292 (-3072 128 251 ) (-2352 128 251 ) (-2352 128 267.886719 ) (-3072 128 267.886719 ) 
5 292 332 (-3072 128 251 ) (-3072 47 251 ) (-3072 83 263 ) (-3072 127 268 ) (-3072 128 267.886353 ) 
4 292 299 (-3072 47 251 ) (-3072 128 251 ) (-2352 128 251 ) (-2352 47 251 ) 
4 293 333 (-3072 24 251 ) (-3072 0 251 ) (-3072 0 272 ) (-3072 24 272 ) 
4 293 326 (-2048 0 251 ) (-2048 0 272 ) (-3072 0 272 ) (-3072 0 251 ) 
4 294 334 (-3072 1024 251 ) (-3072 1024 231 ) (-3072 254 231 ) (-3072 254 251 ) 
4 294 300 (-3072 254 231 ) (-3072 1024 231 ) (-2048 1024 231 ) (-2048 254 231 ) 
4 295 301 (-2352 234 231 ) (-2048 234 231 ) (-2048 20 231 ) (-2352 20 231 ) 
4 295 298 (-2352 144 240 ) (-2352 144 231 ) (-2352 128 231 ) (-2352 128 240 ) 
4 295 297 (-2352 128 251 ) (-2352 144 251 ) (-2352 144 240 ) (-2352 128 240 ) 
4 295 296 (-2352 144 251 ) (-2352 206.994141 251 ) (-2352 233.994141 231 ) (-2352 144 231 ) 
4 295 299 (-2352 19.996094 231 ) (-2352 46.996094 251 ) (-2352 128 251 ) (-2352 128 231 ) 
4 296 335 (-3072 234 231 ) (-3072 144 231 ) (-3072 144 251 ) (-3072 207 251 ) 
4 296 301 (-3072 144 231 ) (-3072 234 231 ) (-2352 234 231 ) (-2352 144 231 ) 
4 296 298 (-3072 144 231 ) (-2352 144 231 ) (-2352 144 240 ) (-3072 144 240 ) 
4 296 297 (-2352 144 240 ) (-2352 144 251 ) (-3072 144 251 ) (-3072 144 240 ) 
4 297 335 (-3072 128 240 ) (-3072 128 251 ) (-3072 144 251 ) (-3072 144 240 ) 
4 297 299 (-2352 128 240 ) (-2352 128 251 ) (-3072 128 251 ) (-3072 128 240 ) 
4 297 298 (-2352 128 240 ) (-3072 128 240 ) (-3072 144 240 ) (-2352 144 240 ) 
4 298 335 (-3072 144 231 ) (-3072 128 231 ) (-3072 128 240 ) (-3072 144 240 ) 
4 298 301 (-3072 128 231 ) (-3072 144 231 ) (-2352 144 231 ) (-2352 128 231 ) 
4 298 299 (-3072 128 231 ) (-2352 128 231 ) (-2352 128 240 ) (-3072 128 240 ) 
4 299 335 (-3072 128 231 ) (-3072 20 231 ) (-3072 47 251 ) (-3072 128 251 ) 
4 299 301 (-3072 20 231 ) (-3072 128 231 ) (-2352 128 231 ) (-2352 20 231 ) 
4 300 336 (-3072 1024 231 ) (-3072 1024 80 ) (-3072 254 80 ) (-3072 254 231 ) 
4 300 302 (-3072 254 80 ) (-3072 1024 80 ) (-2048 1024 80 ) (-2048 254 80 ) 
6 301 337 (-3072 243 80 ) (-3072 11 80 ) (-3072 11 208 ) (-3072 20 231 ) (-3072 234 231 ) (-3072 243 208 ) 
4 301 305 (-3072 96 80 ) (-3072 233 80 ) (-2048 233 80 ) (-2048 96 80 ) 
4 301 303 (-2336 243 80 ) (-2048 243 80 ) (-2048 233 80 ) (-2336 233 80 ) 
4 301 304 (-3072 233 80 ) (-3072 243 80 ) (-2352 243 80 ) (-2352 233 80 ) 
4 302 338 (-3072 1024 80 ) (-3072 1024 64 ) (-3072 253 64 ) (-3072 253 80 ) 
4 302 306 (-3072 253 64 ) (-3072 1024 64 ) (-2048 1024 64 ) (-2048 253 64 ) 
4 303 308 (-2336 243 64 ) (-2048 243 64 ) (-2048 233 64 ) (-2336 233 64 ) 
4 303 305 (-2336 233 64 ) (-2048 233 64 ) (-2048 233 80 ) (-2336 233 80 ) 
4 304 314 (-3072 233 64 ) (-3072 243 64 ) (-2352 243 64 ) (-2352 233 64 ) 
4 304 305 (-3072 233 64 ) (-2352 233 64 ) (-2352 233 80 ) (-3072 233 80 ) 
4 305 340 (-3072 233 64 ) (-3072 96 64 ) (-3072 96 80 ) (-3072 233 80 ) 
4 305 315 (-3072 144 64 ) (-3072 201 64 ) (-2352 201 64 ) (-2352 144 64 ) 
4 305 314 (-3072 201 64 ) (-3072 233 64 ) (-2352 233 64 ) (-2352 201 64 ) 
4 305 316 (-3072 96 64 ) (-3072 144 64 ) (-2352 144 64 ) (-2352 96 64 ) 
4 305 312 (-2336 201 64 ) (-2336 144 64 ) (-2352 144 64 ) (-2352 201 64 ) 
4 305 311 (-2352 233 64 ) (-2336 233 64 ) (-2336 201 64 ) (-2352 201 64 ) 
4 305 313 (-2336 144 64 ) (-2336 96 64 ) (-2352 96 64 ) (-2352 144 64 ) 
4 305 310 (-2048 144 64 ) (-2048 96 64 ) (-2336 96 64 ) (-2336 144 64 ) 
4 305 309 (-2048 201 64 ) (-2048 144 64 ) (-2336 144 64 ) (-2336 201 64 ) 
4 305 308 (-2336 233 64 ) (-2048 233 64 ) (-2048 201 64 ) (-2336 201 64 ) 
4 306 341 (-3072 1024 64 ) (-3072 1024 32 ) (-3072 249 32 ) (-3072 249 64 ) 
4 306 318 (-3072 249 32 ) (-3072 1024 32 ) (-2048 1024 32 ) (-2048 249 32 ) 
4 307 342 (-3072 88 32 ) (-3072 0 32 ) (-3072 0 64 ) (-3072 88 64 ) 
4 307 326 (-2048 0 32 ) (-2048 0 64 ) (-3072 0 64 ) (-3072 0 32 ) 
4 307 317 (-2048 0 32 ) (-3072 0 32 ) (-3072 88 32 ) (-2048 88 32 ) 
4 308 319 (-2336 225 32 ) (-2048 225 32 ) (-2048 201 32 ) (-2336 201 32 ) 
4 308 311 (-2336 225 32 ) (-2336 201 32 ) (-2336 201 64 ) (-2336 233 64 ) 
4 308 309 (-2336 201 64 ) (-2336 201 32 ) (-2048 201 32 ) (-2048 201 64 ) 
4 309 320 (-2048 201 32 ) (-2048 144 32 ) (-2336 144 32 ) (-2336 201 32 ) 
4 309 312 (-2336 201 32 ) (-2336 144 32 ) (-2336 144 64 ) (-2336 201 64 ) 
4 309 310 (-2336 144 64 ) (-2336 144 32 ) (-2048 144 32 ) (-2048 144 64 ) 
4 310 321 (-2048 144 32 ) (-2048 112 32 ) (-2336 112 32 ) (-2336 144 32 ) 
4 310 313 (-2336 144 32 ) (-2336 112 32 ) (-2336 96 64 ) (-2336 144 64 ) 
4 311 319 (-2352 225 32 ) (-2336 225 32 ) (-2336 201 32 ) (-2352 201 32 ) 
4 311 314 (-2352 225 32 ) (-2352 201 32 ) (-2352 201 64 ) (-2352 233 64 ) 
4 311 312 (-2352 201 64 ) (-2352 201 32 ) (-2336 201 32 ) (-2336 201 64 ) 
4 312 320 (-2336 201 32 ) (-2336 144 32 ) (-2352 144 32 ) (-2352 201 32 ) 
4 312 315 (-2352 201 32 ) (-2352 144 32 ) (-2352 144 64 ) (-2352 201 64 ) 
4 312 313 (-2352 144 64 ) (-2352 144 32 ) (-2336 144 32 ) (-2336 144 64 ) 
4 313 321 (-2336 144 32 ) (-2336 112 32 ) (-2352 112 32 ) (-2352 144 32 ) 
4 313 316 (-2352 144 32 ) (-2352 112 32 ) (-2352 96 64 ) (-2352 144 64 ) 
4 314 343 (-3072 225 32 ) (-3072 201 32 ) (-3072 201 64 ) (-3072 233 64 ) 
4 314 319 (-3072 201 32 ) (-3072 225 32 ) (-2352 225 32 ) (-2352 201 32 ) 
4 314 315 (-3072 201 32 ) (-2352 201 32 ) (-2352 201 64 ) (-3072 201 64 ) 
4 315 344 (-3072 201 32 ) (-3072 144 32 ) (-3072 144 64 ) (-3072 201 64 ) 
4 315 320 (-3072 144 32 ) (-3072 201 32 ) (-2352 201 32 ) (-2352 144 32 ) 
4 315 316 (-3072 144 32 ) (-2352 144 32 ) (-2352 144 64 ) (-3072 144 64 ) 
4 316 345 (-3072 144 32 ) (-3072 112 32 ) (-3072 96 64 ) (-3072 144 64 ) 
4 316 321 (-3072 112 32 ) (-3072 144 32 ) (-2352 144 32 ) (-2352 112 32 ) 
4 317 349 (-3072 112 16 ) (-3072 0 16 ) (-3072 0 32 ) (-3072 112 32 ) 
4 317 326 (-2048 0 16 ) (-2048 0 32 ) (-3072 0 32 ) (-3072 0 16 ) 
4 317 323 (-3072 0 16 ) (-3072 112 16 ) (-2048 112 16 ) (-2048 0 16 ) 
4 318 350 (-3072 1024 32 ) (-3072 1024 24 ) (-3072 225 24 ) (-3072 225 32 ) 
4 318 322 (-3072 225 24 ) (-3072 1024 24 ) (-2048 1024 24 ) (-2048 225 24 ) 
3 319 351 (-3072 201 24 ) (-3072 201 32 ) (-3072 225 32 ) 
4 319 320 (-3072 201 24 ) (-2048 201 24 ) (-2048 201 32 ) (-3072 201 32 ) 
4 320 352 (-3072 201 24 ) (-3072 144 24 ) (-3072 144 32 ) (-3072 201 32 ) 
4 320 321 (-3072 144 24 ) (-2048 144 24 ) (-2048 144 32 ) (-3072 144 32 ) 
3 321 353 (-3072 144 24 ) (-3072 112 32 ) (-3072 144 32 ) 
4 322 354 (-3072 1024 24 ) (-3072 1024 16 ) (-3072 225 16 ) (-3072 225 24 ) 
4 322 323 (-3072 225 16 ) (-3072 1024 16 ) (-2048 1024 16 ) (-2048 225 16 ) 
4 323 355 (-3072 1024 16 ) (-3072 1024 -992 ) (-3072 0 -992 ) (-3072 0 16 ) 
4 323 326 (-2048 0 -992 ) (-2048 0 16 ) (-3072 0 16 ) (-3072 0 -992 ) 
4 324 363 (-3072 -291 2016 ) (-3072 0 2016 ) (-3072 0 412 ) (-3072 -291 412 ) 
4 324 327 (-2048 -291 412 ) (-2048 -291 2016 ) (-3072 -291 2016 ) (-3072 -291 412 ) 
4 324 325 (-2048 -291 412 ) (-3072 -291 412 ) (-3072 0 412 ) (-2048 0 412 ) 
4 325 364 (-3072 0 412 ) (-3072 0 372 ) (-3072 -291 372 ) (-3072 -291 412 ) 
4 325 326 (-2048 -291 372 ) (-3072 -291 372 ) (-3072 0 372 ) (-2048 0 372 ) 
4 325 327 (-2048 -291 372 ) (-2048 -291 412 ) (-3072 -291 412 ) (-3072 -291 372 ) 
4 326 365 (-3072 0 372 ) (-3072 0 -992 ) (-3072 -291 -992 ) (-3072 -291 372 ) 
4 326 327 (-3072 -291 -992 ) (-2048 -291 -992 ) (-2048 -291 372 ) (-3072 -291 372 ) 
4 327 368 (-2048 -1024 -992 ) (-2048 -1024 2016 ) (-3072 -1024 2016 ) (-3072 -1024 -992 ) 
4 327 366 (-3072 -1024 -992 ) (-3072 -1024 2016 ) (-3072 -291 2016 ) (-3072 -291 -992 ) 
4 328 363 (-3072 0 412 ) (-3072 0 2016 ) (-3584 0 2016 ) (-3584 0 412 ) 
4 328 356 (-3584 0 412 ) (-3584 0 2016 ) (-3584 1024 2016 ) (-3584 1024 412 ) 
4 328 329 (-3584 0 412 ) (-3584 1024 412 ) (-3072 1024 412 ) (-3072 0 412 ) 
4 329 364 (-3072 0 372 ) (-3072 0 412 ) (-3584 0 412 ) (-3584 0 372 ) 
4 329 357 (-3584 0 372 ) (-3584 0 412 ) (-3584 1024 412 ) (-3584 1024 372 ) 
4 329 330 (-3072 0 372 ) (-3584 0 372 ) (-3584 1024 372 ) (-3072 1024 372 ) 
4 330 365 (-3072 0 272 ) (-3072 0 372 ) (-3584 0 372 ) (-3584 0 272 ) 
4 330 358 (-3584 0 272 ) (-3584 0 372 ) (-3584 1024 372 ) (-3584 1024 272 ) 
4 330 331 (-3584 230 272 ) (-3584 1024 272 ) (-3072 1024 272 ) (-3072 230 272 ) 
4 330 333 (-3072 0 272 ) (-3584 0 272 ) (-3584 24 272 ) (-3072 24 272 ) 
4 331 360 (-3584 254 272 ) (-3584 1024 272 ) (-3584 1024 251 ) (-3584 254 251 ) 
4 331 334 (-3584 254 251 ) (-3584 1024 251 ) (-3072 1024 251 ) (-3072 254 251 ) 
4 332 335 (-3584 47 251 ) (-3584 207 251 ) (-3072 207 251 ) (-3072 47 251 ) 
4 333 365 (-3072 0 251 ) (-3072 0 272 ) (-3584 0 272 ) (-3584 0 251 ) 
4 334 360 (-3584 254 251 ) (-3584 1024 251 ) (-3584 1024 231 ) (-3584 254 231 ) 
4 334 336 (-3584 254 231 ) (-3584 1024 231 ) (-3072 1024 231 ) (-3072 254 231 ) 
4 335 337 (-3584 20 231 ) (-3584 234 231 ) (-3072 234 231 ) (-3072 20 231 ) 
4 336 360 (-3584 254 231 ) (-3584 1024 231 ) (-3584 1024 80 ) (-3584 254 80 ) 
4 336 338 (-3584 254 80 ) (-3584 1024 80 ) (-3072 1024 80 ) (-3072 254 80 ) 
4 337 340 (-3584 96 80 ) (-3584 233 80 ) (-3072 233 80 ) (-3072 96 80 ) 
4 337 339 (-3584 233 80 ) (-3584 243 80 ) (-3088 243 80 ) (-3088 233 80 ) 
4 338 360 (-3584 254 80 ) (-3584 1024 80 ) (-3584 1024 64 ) (-3584 254 64 ) 
4 338 341 (-3584 253 64 ) (-3584 1024 64 ) (-3072 1024 64 ) (-3072 253 64 ) 
4 339 346 (-3584 233 64 ) (-3584 243 64 ) (-3088 243 64 ) (-3088 233 64 ) 
4 339 340 (-3584 233 64 ) (-3088 233 64 ) (-3088 233 80 ) (-3584 233 80 ) 
4 340 347 (-3584 144 64 ) (-3584 201 64 ) (-3088 201 64 ) (-3088 144 64 ) 
4 340 346 (-3584 201 64 ) (-3584 233 64 ) (-3088 233 64 ) (-3088 201 64 ) 
4 340 348 (-3584 96 64 ) (-3584 144 64 ) (-3088 144 64 ) (-3088 96 64 ) 
4 340 345 (-3072 144 64 ) (-3072 96 64 ) (-3088 96 64 ) (-3088 144 64 ) 
4 340 344 (-3072 201 64 ) (-3072 144 64 ) (-3088 144 64 ) (-3088 201 64 ) 
4 340 343 (-3088 233 64 ) (-3072 233 64 ) (-3072 201 64 ) (-3088 201 64 ) 
4 341 360 (-3584 254 64 ) (-3584 1024 64 ) (-3584 1024 32 ) (-3584 254 32 ) 
4 341 350 (-3584 249 32 ) (-3584 1024 32 ) (-3072 1024 32 ) (-3072 249 32 ) 
4 342 365 (-3072 0 32 ) (-3072 0 64 ) (-3584 0 64 ) (-3584 0 32 ) 
4 342 349 (-3072 0 32 ) (-3584 0 32 ) (-3584 88 32 ) (-3072 88 32 ) 
4 343 351 (-3088 225 32 ) (-3072 225 32 ) (-3072 201 32 ) (-3088 201 32 ) 
4 343 346 (-3088 225 32 ) (-3088 201 32 ) (-3088 201 64 ) (-3088 233 64 ) 
4 343 344 (-3088 201 64 ) (-3088 201 32 ) (-3072 201 32 ) (-3072 201 64 ) 
4 344 352 (-3072 201 32 ) (-3072 144 32 ) (-3088 144 32 ) (-3088 201 32 ) 
4 344 347 (-3088 201 32 ) (-3088 144 32 ) (-3088 144 64 ) (-3088 201 64 ) 
4 344 345 (-3088 144 64 ) (-3088 144 32 ) (-3072 144 32 ) (-3072 144 64 ) 
4 345 353 (-3072 144 32 ) (-3072 112 32 ) (-3088 112 32 ) (-3088 144 32 ) 
4 345 348 (-3088 144 32 ) (-3088 112 32 ) (-3088 96 64 ) (-3088 144 64 ) 
4 346 351 (-3584 201 32 ) (-3584 225 32 ) (-3088 225 32 ) (-3088 201 32 ) 
4 346 347 (-3584 201 32 ) (-3088 201 32 ) (-3088 201 64 ) (-3584 201 64 ) 
4 347 352 (-3584 144 32 ) (-3584 201 32 ) (-3088 201 32 ) (-3088 144 32 ) 
4 347 348 (-3584 144 32 ) (-3088 144 32 ) (-3088 144 64 ) (-3584 144 64 ) 
4 348 353 (-3584 112 32 ) (-3584 144 32 ) (-3088 144 32 ) (-3088 112 32 ) 
4 349 365 (-3072 0 16 ) (-3072 0 32 ) (-3584 0 32 ) (-3584 0 16 ) 
4 349 355 (-3584 0 16 ) (-3584 112 16 ) (-3072 112 16 ) (-3072 0 16 ) 
4 350 360 (-3584 254 32 ) (-3584 1024 32 ) (-3584 1024 24 ) (-3584 254 24 ) 
4 350 354 (-3584 225 24 ) (-3584 1024 24 ) (-3072 1024 24 ) (-3072 225 24 ) 
4 351 352 (-3584 201 24 ) (-3072 201 24 ) (-3072 201 32 ) (-3584 201 32 ) 
4 352 353 (-3584 144 24 ) (-3072 144 24 ) (-3072 144 32 ) (-3584 144 32 ) 
4 354 360 (-3584 1024 24 ) (-3584 1024 16 ) (-3584 254 16 ) (-3584 254 24 ) 
4 354 355 (-3584 225 16 ) (-3584 1024 16 ) (-3072 1024 16 ) (-3072 225 16 ) 
4 355 365 (-3072 0 -992 ) (-3072 0 16 ) (-3584 0 16 ) (-3584 0 -992 ) 
4 355 361 (-3584 0 -992 ) (-3584 0 16 ) (-3584 254 16 ) (-3584 254 -992 ) 
4 355 360 (-3584 254 16 ) (-3584 1024 16 ) (-3584 1024 -992 ) (-3584 254 -992 ) 
4 356 363 (-3584 0 412 ) (-3584 0 2016 ) (-3775 0 2016 ) (-3775 0 412 ) 
4 356 359 (-3775 0 412 ) (-3775 0 2016 ) (-3775 1024 2016 ) (-3775 1024 412 ) 
4 356 357 (-3775 0 412 ) (-3775 1024 412 ) (-3584 1024 412 ) (-3584 0 412 ) 
4 357 364 (-3584 0 372 ) (-3584 0 412 ) (-3775 0 412 ) (-3775 0 372 ) 
4 357 358 (-3775 0 372 ) (-3775 1024 372 ) (-3584 1024 372 ) (-3584 0 372 ) 
4 357 359 (-3775 0 372 ) (-3775 0 412 ) (-3775 1024 412 ) (-3775 1024 372 ) 
4 358 365 (-3584 0 272 ) (-3584 0 372 ) (-3775 0 372 ) (-3775 0 272 ) 
4 358 360 (-3592 1024 272 ) (-3584 1024 272 ) (-3584 254 272 ) (-3592 254 272 ) 
4 358 362 (-3775 1024 272 ) (-3592 1024 272 ) (-3592 0 272 ) (-3775 0 272 ) 
4 358 359 (-3775 1024 272 ) (-3775 0 272 ) (-3775 0 372 ) (-3775 1024 372 ) 
4 359 367 (-3775 0 2016 ) (-4064 0 2016 ) (-4064 0 272 ) (-3775 0 272 ) 
4 359 362 (-4064 0 272 ) (-4064 1024 272 ) (-3775 1024 272 ) (-3775 0 272 ) 
4 360 361 (-3592 254 16 ) (-3592 254 -992 ) (-3584 254 -992 ) (-3584 254 16 ) 
4 360 362 (-3592 1024 -992 ) (-3592 254 -992 ) (-3592 254 272 ) (-3592 1024 272 ) 
4 361 365 (-3584 0 -992 ) (-3584 0 16 ) (-3592 0 16 ) (-3592 0 -992 ) 
4 361 362 (-3592 254 -992 ) (-3592 0 -992 ) (-3592 0 16 ) (-3592 254 16 ) 
4 362 365 (-3592 0 272 ) (-3775 0 272 ) (-3775 0 -992 ) (-3592 0 -992 ) 
4 362 367 (-3775 0 272 ) (-4064 0 272 ) (-4064 0 -992 ) (-3775 0 -992 ) 
4 363 367 (-3775 -291 412 ) (-3775 -291 2016 ) (-3775 0 2016 ) (-3775 0 412 ) 
4 363 366 (-3775 -291 2016 ) (-3775 -291 412 ) (-3072 -291 412 ) (-3072 -291 2016 ) 
4 363 364 (-3072 -291 412 ) (-3775 -291 412 ) (-3775 0 412 ) (-3072 0 412 ) 
4 364 365 (-3072 -291 372 ) (-3775 -291 372 ) (-3775 0 372 ) (-3072 0 372 ) 
4 364 367 (-3775 -291 372 ) (-3775 -291 412 ) (-3775 0 412 ) (-3775 0 372 ) 
4 364 366 (-3775 -291 412 ) (-3775 -291 372 ) (-3072 -291 372 ) (-3072 -291 412 ) 
4 365 366 (-3775 -291 372 ) (-3775 -291 -992 ) (-3072 -291 -992 ) (-3072 -291 372 ) 
4 365 367 (-3775 0 -992 ) (-3775 -291 -992 ) (-3775 -291 372 ) (-3775 0 372 ) 
4 366 369 (-3072 -1024 -992 ) (-3072 -1024 2016 ) (-3775 -1024 2016 ) (-3775 -1024 -992 ) 
4 366 367 (-3775 -291 -992 ) (-3775 -1024 -992 ) (-3775 -1024 2016 ) (-3775 -291 2016 ) 
4 367 369 (-3775 -1024 2016 ) (-4064 -1024 2016 ) (-4064 -1024 -992 ) (-3775 -1024 -992 ) 
4 368 369 (-3072 -1024 2016 ) (-3072 -1024 -992 ) (-3072 -2016 -992 ) (-3072 -2016 2016 ) 
