PRT1
211
612
4 0 3 (2080 1024 2016 ) (2048 1024 2016 ) (2048 1024 -992 ) (2080 1024 -992 ) 
4 0 2 (3040 1024 2016 ) (2080 1024 2016 ) (2080 1024 -992 ) (3040 1024 -992 ) 
4 0 1 (2048 1024 -992 ) (2048 1024 2016 ) (2048 2016 2016 ) (2048 2016 -992 ) 
4 1 33 (1024 1024 -992 ) (1024 1024 2016 ) (1024 2016 2016 ) (1024 2016 -992 ) 
4 1 28 (2048 1024 -992 ) (2048 1024 16 ) (1024 1024 16 ) (1024 1024 -992 ) 
4 1 27 (2048 1024 16 ) (2048 1024 32 ) (1024 1024 32 ) (1024 1024 16 ) 
4 1 20 (2048 1024 32 ) (2048 1024 64 ) (1024 1024 64 ) (1024 1024 32 ) 
4 1 15 (2048 1024 64 ) (2048 1024 80 ) (1024 1024 80 ) (1024 1024 64 ) 
4 1 13 (2048 1024 80 ) (2048 1024 200 ) (1024 1024 200 ) (1024 1024 80 ) 
4 1 10 (2048 1024 200 ) (2048 1024 216 ) (1024 1024 216 ) (1024 1024 200 ) 
4 1 7 (2048 1024 216 ) (2048 1024 232 ) (1024 1024 232 ) (1024 1024 216 ) 
4 1 6 (2048 1024 232 ) (2048 1024 2016 ) (1024 1024 2016 ) (1024 1024 232 ) 
4 2 29 (3040 0 2016 ) (2080 0 2016 ) (2080 0 -992 ) (3040 0 -992 ) 
4 2 4 (2080 0 232 ) (2080 0 2016 ) (2080 248 2016 ) (2080 248 232 ) 
4 2 5 (2080 248 -992 ) (2080 0 -992 ) (2080 0 16 ) (2080 248 16 ) 
4 2 3 (2080 1024 -992 ) (2080 248 -992 ) (2080 248 2016 ) (2080 1024 2016 ) 
4 3 28 (2048 1024 16 ) (2048 1024 -992 ) (2048 248 -992 ) (2048 248 16 ) 
4 3 27 (2048 1024 32 ) (2048 1024 16 ) (2048 248 16 ) (2048 248 32 ) 
4 3 20 (2048 1024 64 ) (2048 1024 32 ) (2048 248 32 ) (2048 248 64 ) 
4 3 15 (2048 1024 80 ) (2048 1024 64 ) (2048 248 64 ) (2048 248 80 ) 
4 3 13 (2048 1024 200 ) (2048 1024 80 ) (2048 248 80 ) (2048 248 200 ) 
4 3 10 (2048 1024 216 ) (2048 1024 200 ) (2048 248 200 ) (2048 248 216 ) 
4 3 7 (2048 1024 232 ) (2048 1024 216 ) (2048 248 216 ) (2048 248 232 ) 
4 3 6 (2048 248 2016 ) (2048 1024 2016 ) (2048 1024 232 ) (2048 248 232 ) 
4 3 4 (2080 248 232 ) (2080 248 2016 ) (2048 248 2016 ) (2048 248 232 ) 
4 3 5 (2048 248 -992 ) (2080 248 -992 ) (2080 248 16 ) (2048 248 16 ) 
4 4 29 (2080 0 2016 ) (2048 0 2016 ) (2048 0 232 ) (2080 0 232 ) 
4 4 6 (2048 0 232 ) (2048 0 2016 ) (2048 248 2016 ) (2048 248 232 ) 
4 5 29 (2048 0 16 ) (2048 0 -992 ) (2080 0 -992 ) (2080 0 16 ) 
4 5 28 (2048 0 -992 ) (2048 0 16 ) (2048 248 16 ) (2048 248 -992 ) 
4 6 64 (1024 0 232 ) (1024 0 2016 ) (1024 1024 2016 ) (1024 1024 232 ) 
4 6 30 (1024 0 2016 ) (1024 0 232 ) (2048 0 232 ) (2048 0 2016 ) 
4 6 7 (1024 1024 232 ) (2048 1024 232 ) (2048 208 232 ) (1024 208 232 ) 
4 6 9 (2048 40 232 ) (2048 0 232 ) (1024 0 232 ) (1024 40 232 ) 
4 7 65 (1024 208 232 ) (1024 1024 232 ) (1024 1024 216 ) (1024 208 216 ) 
4 7 10 (1024 232 216 ) (1024 1024 216 ) (2048 1024 216 ) (2048 232 216 ) 
4 8 66 (1024 208 216 ) (1024 40 216 ) (1024 96 224 ) (1024 152 224 ) 
4 8 11 (1024 40 216 ) (1024 208 216 ) (2048 208 216 ) (2048 40 216 ) 
4 9 67 (1024 0 216 ) (1024 0 232 ) (1024 40 232 ) (1024 40 216 ) 
4 9 30 (1024 0 232 ) (1024 0 216 ) (2048 0 216 ) (2048 0 232 ) 
4 9 12 (2048 0 216 ) (1024 0 216 ) (1024 16 216 ) (2048 16 216 ) 
4 10 68 (1024 232 216 ) (1024 1024 216 ) (1024 1024 200 ) (1024 232 200 ) 
4 10 13 (1024 248 200 ) (1024 1024 200 ) (2048 1024 200 ) (2048 248 200 ) 
4 11 69 (1024 40 216 ) (1024 208 216 ) (1024 224 200 ) (1024 24 200 ) 
4 11 14 (1024 24 200 ) (1024 224 200 ) (2048 224 200 ) (2048 24 200 ) 
4 12 70 (1024 0 200 ) (1024 0 216 ) (1024 16 216 ) (1024 16 200 ) 
4 12 30 (1024 0 216 ) (1024 0 200 ) (2048 0 200 ) (2048 0 216 ) 
4 13 71 (1024 248 200 ) (1024 1024 200 ) (1024 1024 80 ) (1024 248 80 ) 
4 13 15 (1024 1024 80 ) (2048 1024 80 ) (2048 248 80 ) (1024 248 80 ) 
6 14 72 (1024 24 200 ) (1024 224 200 ) (1024 232 168 ) (1024 232 80 ) (1024 16 80 ) (1024 16 168 ) 
4 14 16 (2048 232 80 ) (2048 96 80 ) (1024 96 80 ) (1024 232 80 ) 
4 15 73 (1024 248 80 ) (1024 1024 80 ) (1024 1024 64 ) (1024 248 64 ) 
4 15 20 (1024 1024 64 ) (2048 1024 64 ) (2048 248 64 ) (1024 248 64 ) 
4 16 74 (1024 96 80 ) (1024 232 80 ) (1024 232 64 ) (1024 96 64 ) 
4 16 18 (2048 200 64 ) (2048 144 64 ) (1024 144 64 ) (1024 200 64 ) 
4 16 17 (2048 232 64 ) (2048 200 64 ) (1024 200 64 ) (1024 232 64 ) 
4 16 19 (2048 144 64 ) (2048 96 64 ) (1024 96 64 ) (1024 144 64 ) 
4 17 75 (1024 200 64 ) (1024 232 64 ) (1024 224 32 ) (1024 200 32 ) 
4 17 22 (1024 200 32 ) (1024 224 32 ) (2048 224 32 ) (2048 200 32 ) 
4 17 18 (1024 200 32 ) (2048 200 32 ) (2048 200 64 ) (1024 200 64 ) 
4 18 76 (1024 144 64 ) (1024 200 64 ) (1024 200 32 ) (1024 144 32 ) 
4 18 23 (1024 144 32 ) (1024 200 32 ) (2048 200 32 ) (2048 144 32 ) 
4 18 19 (1024 144 32 ) (2048 144 32 ) (2048 144 64 ) (1024 144 64 ) 
4 19 77 (1024 96 64 ) (1024 144 64 ) (1024 144 32 ) (1024 112 32 ) 
4 19 24 (1024 112 32 ) (1024 144 32 ) (2048 144 32 ) (2048 112 32 ) 
4 20 79 (1024 248 64 ) (1024 1024 64 ) (1024 1024 32 ) (1024 248 32 ) 
4 20 27 (1024 248 32 ) (1024 1024 32 ) (2048 1024 32 ) (2048 248 32 ) 
4 21 78 (1024 0 32 ) (1024 0 64 ) (1024 88 64 ) (1024 88 32 ) 
4 21 30 (1024 0 64 ) (1024 0 32 ) (2048 0 32 ) (2048 0 64 ) 
4 21 25 (2048 0 32 ) (1024 0 32 ) (1024 88 32 ) (2048 88 32 ) 
3 22 80 (1024 200 32 ) (1024 224 32 ) (1024 200 24 ) 
4 22 23 (1024 200 24 ) (2048 200 24 ) (2048 200 32 ) (1024 200 32 ) 
4 23 81 (1024 144 32 ) (1024 200 32 ) (1024 200 24 ) (1024 144 24 ) 
4 23 24 (1024 144 24 ) (2048 144 24 ) (2048 144 32 ) (1024 144 32 ) 
3 24 82 (1024 112 32 ) (1024 144 32 ) (1024 144 24 ) 
4 25 83 (1024 0 24 ) (1024 0 32 ) (1024 112 32 ) (1024 112 24 ) 
4 25 30 (1024 0 32 ) (1024 0 24 ) (2048 0 24 ) (2048 0 32 ) 
4 25 26 (2048 112 24 ) (2048 0 24 ) (1024 0 24 ) (1024 112 24 ) 
4 26 84 (1024 0 16 ) (1024 0 24 ) (1024 112 24 ) (1024 112 16 ) 
4 26 30 (1024 0 24 ) (1024 0 16 ) (2048 0 16 ) (2048 0 24 ) 
4 26 28 (2048 112 16 ) (2048 0 16 ) (1024 0 16 ) (1024 112 16 ) 
4 27 85 (1024 224 32 ) (1024 1024 32 ) (1024 1024 16 ) (1024 224 16 ) 
4 27 28 (1024 1024 16 ) (2048 1024 16 ) (2048 224 16 ) (1024 224 16 ) 
4 28 86 (1024 0 -992 ) (1024 0 16 ) (1024 1024 16 ) (1024 1024 -992 ) 
4 28 30 (1024 0 16 ) (1024 0 -992 ) (2048 0 -992 ) (2048 0 16 ) 
4 29 31 (3040 -1024 2016 ) (2048 -1024 2016 ) (2048 -1024 -992 ) (3040 -1024 -992 ) 
4 29 30 (2048 0 2016 ) (2048 0 -992 ) (2048 -1024 -992 ) (2048 -1024 2016 ) 
4 30 166 (1024 -1024 -992 ) (1024 -1024 2016 ) (1024 0 2016 ) (1024 0 -992 ) 
4 30 32 (1024 -1024 2016 ) (1024 -1024 -992 ) (2048 -1024 -992 ) (2048 -1024 2016 ) 
4 31 32 (2048 -1024 2016 ) (2048 -1024 -992 ) (2048 -2016 -992 ) (2048 -2016 2016 ) 
4 32 168 (1024 -2016 2016 ) (1024 -1024 2016 ) (1024 -1024 -992 ) (1024 -2016 -992 ) 
4 33 86 (1024 1024 -992 ) (1024 1024 16 ) (0 1024 16 ) (0 1024 -992 ) 
4 33 85 (1024 1024 16 ) (1024 1024 32 ) (0 1024 32 ) (0 1024 16 ) 
4 33 79 (1024 1024 32 ) (1024 1024 64 ) (0 1024 64 ) (0 1024 32 ) 
4 33 73 (1024 1024 64 ) (1024 1024 80 ) (0 1024 80 ) (0 1024 64 ) 
4 33 71 (1024 1024 80 ) (1024 1024 200 ) (0 1024 200 ) (0 1024 80 ) 
4 33 68 (1024 1024 200 ) (1024 1024 216 ) (0 1024 216 ) (0 1024 200 ) 
4 33 65 (1024 1024 216 ) (1024 1024 232 ) (0 1024 232 ) (0 1024 216 ) 
4 33 64 (1024 1024 232 ) (1024 1024 2016 ) (0 1024 2016 ) (0 1024 232 ) 
4 33 56 (0 1024 -992 ) (0 1024 64 ) (0 1920 64 ) (0 1920 -992 ) 
4 33 52 (0 1920 64 ) (0 2016 64 ) (0 2016 -992 ) (0 1920 -992 ) 
4 33 39 (0 1024 64 ) (0 1024 232 ) (0 1920 232 ) (0 1920 64 ) 
4 33 38 (0 1024 232 ) (0 1024 2016 ) (0 1920 2016 ) (0 1920 232 ) 
4 33 34 (0 1920 2016 ) (0 2016 2016 ) (0 2016 64 ) (0 1920 64 ) 
4 34 52 (-424 2016 64 ) (0 2016 64 ) (0 1920 64 ) (-424 1920 64 ) 
4 34 39 (-424 1920 64 ) (0 1920 64 ) (0 1920 232 ) (-424 1920 232 ) 
4 34 38 (0 1920 232 ) (0 1920 2016 ) (-424 1920 2016 ) (-424 1920 232 ) 
4 34 36 (-424 1920 232 ) (-424 1920 2016 ) (-424 1936 2016 ) (-424 1936 232 ) 
4 34 35 (-424 2016 2016 ) (-424 2016 64 ) (-424 1936 64 ) (-424 1936 2016 ) 
4 35 53 (-664 2016 64 ) (-424 2016 64 ) (-424 1936 64 ) (-664 1936 64 ) 
4 35 36 (-664 1936 2016 ) (-664 1936 232 ) (-424 1936 232 ) (-424 1936 2016 ) 
4 35 37 (-664 2016 2016 ) (-664 2016 64 ) (-664 1936 64 ) (-664 1936 2016 ) 
4 36 38 (-424 1920 232 ) (-424 1920 2016 ) (-664 1920 2016 ) (-664 1920 232 ) 
4 36 37 (-664 1920 232 ) (-664 1920 2016 ) (-664 1936 2016 ) (-664 1936 232 ) 
4 37 62 (-1024 2016 64 ) (-1024 1920 64 ) (-1024 1920 2016 ) (-1024 2016 2016 ) 
4 37 55 (-1024 1920 64 ) (-1024 2016 64 ) (-664 2016 64 ) (-664 1920 64 ) 
4 37 51 (-1024 1920 64 ) (-664 1920 64 ) (-664 1920 232 ) (-1024 1920 232 ) 
4 37 38 (-664 1920 232 ) (-664 1920 2016 ) (-1024 1920 2016 ) (-1024 1920 232 ) 
4 38 87 (0 1024 232 ) (0 1024 2016 ) (-1024 1024 2016 ) (-1024 1024 232 ) 
4 38 62 (-1024 1024 232 ) (-1024 1024 2016 ) (-1024 1920 2016 ) (-1024 1920 232 ) 
4 38 50 (-664 1920 232 ) (-640 1920 232 ) (-640 1024 232 ) (-664 1024 232 ) 
4 38 51 (-1024 1024 232 ) (-1024 1920 232 ) (-664 1920 232 ) (-664 1024 232 ) 
4 38 41 (-480 1920 232 ) (-448 1920 232 ) (-448 1024 232 ) (-480 1024 232 ) 
4 38 42 (-640 1920 232 ) (-608 1920 232 ) (-608 1024 232 ) (-640 1024 232 ) 
4 38 40 (-448 1920 232 ) (-424 1920 232 ) (-424 1024 232 ) (-448 1024 232 ) 
4 38 39 (-424 1920 232 ) (0 1920 232 ) (0 1024 232 ) (-424 1024 232 ) 
4 39 131 (0 1024 64 ) (0 1024 80 ) (-424 1024 80 ) (-424 1024 64 ) 
4 39 88 (0 1024 80 ) (0 1024 232 ) (-424 1024 232 ) (-424 1024 80 ) 
4 39 56 (-424 1920 64 ) (0 1920 64 ) (0 1024 64 ) (-424 1024 64 ) 
4 39 40 (-424 1024 232 ) (-424 1920 232 ) (-424 1920 184 ) (-424 1024 184 ) 
4 40 89 (-424 1024 232 ) (-448 1024 232 ) (-448 1024 184 ) (-424 1024 184 ) 
4 40 41 (-448 1024 232 ) (-448 1920 232 ) (-448 1920 216 ) (-448 1024 216 ) 
4 41 108 (-448 1024 232 ) (-480 1024 232 ) (-480 1024 216 ) (-448 1024 216 ) 
4 42 94 (-608 1024 232 ) (-640 1024 232 ) (-640 1024 216 ) (-608 1024 216 ) 
4 42 50 (-640 1024 232 ) (-640 1920 232 ) (-640 1920 216 ) (-640 1024 216 ) 
4 43 132 (-480 1024 64 ) (-448 1024 64 ) (-448 1024 80 ) (-480 1024 80 ) 
4 43 97 (-448 1024 80 ) (-448 1024 184 ) (-480 1024 208 ) (-480 1024 80 ) 
4 43 58 (-480 1920 64 ) (-448 1920 64 ) (-448 1024 64 ) (-480 1024 64 ) 
4 43 44 (-480 1920 208 ) (-480 1920 64 ) (-480 1024 64 ) (-480 1024 208 ) 
4 44 132 (-536 1024 64 ) (-480 1024 64 ) (-480 1024 80 ) (-536 1024 80 ) 
5 44 97 (-480 1024 80 ) (-480 1024 208 ) (-512 1024 216 ) (-536 1024 216 ) (-536 1024 80 ) 
4 44 58 (-536 1920 64 ) (-480 1920 64 ) (-480 1024 64 ) (-536 1024 64 ) 
4 44 47 (-536 1064 200 ) (-536 1064 64 ) (-536 1024 64 ) (-536 1024 200 ) 
4 44 46 (-536 1024 216 ) (-536 1064 216 ) (-536 1064 200 ) (-536 1024 200 ) 
4 44 45 (-536 1064 216 ) (-536 1920 216 ) (-536 1920 64 ) (-536 1064 64 ) 
4 45 58 (-552 1920 64 ) (-536 1920 64 ) (-536 1064 64 ) (-552 1064 64 ) 
4 45 47 (-552 1064 200 ) (-552 1064 64 ) (-536 1064 64 ) (-536 1064 200 ) 
4 45 46 (-552 1064 216 ) (-552 1064 200 ) (-536 1064 200 ) (-536 1064 216 ) 
4 45 48 (-552 1064 216 ) (-552 1920 216 ) (-552 1920 64 ) (-552 1064 64 ) 
4 46 98 (-536 1024 200 ) (-536 1024 216 ) (-552 1024 216 ) (-552 1024 200 ) 
4 46 48 (-552 1024 216 ) (-552 1064 216 ) (-552 1064 200 ) (-552 1024 200 ) 
4 46 47 (-552 1024 200 ) (-552 1064 200 ) (-536 1064 200 ) (-536 1024 200 ) 
4 47 132 (-552 1024 64 ) (-536 1024 64 ) (-536 1024 80 ) (-552 1024 80 ) 
4 47 102 (-536 1024 80 ) (-536 1024 200 ) (-552 1024 200 ) (-552 1024 80 ) 
4 47 58 (-536 1064 64 ) (-536 1024 64 ) (-552 1024 64 ) (-552 1064 64 ) 
4 47 48 (-552 1064 200 ) (-552 1064 64 ) (-552 1024 64 ) (-552 1024 200 ) 
4 48 132 (-608 1024 64 ) (-552 1024 64 ) (-552 1024 80 ) (-608 1024 80 ) 
5 48 103 (-552 1024 80 ) (-552 1024 216 ) (-576 1024 216 ) (-608 1024 208 ) (-608 1024 80 ) 
4 48 58 (-608 1920 64 ) (-552 1920 64 ) (-552 1024 64 ) (-608 1024 64 ) 
4 48 49 (-608 1920 208 ) (-608 1920 64 ) (-608 1024 64 ) (-608 1024 208 ) 
4 49 132 (-640 1024 80 ) (-640 1024 64 ) (-608 1024 64 ) (-608 1024 80 ) 
4 49 107 (-640 1024 184 ) (-640 1024 80 ) (-608 1024 80 ) (-608 1024 208 ) 
4 49 58 (-640 1920 64 ) (-608 1920 64 ) (-608 1024 64 ) (-640 1024 64 ) 
4 50 111 (-640 1024 232 ) (-664 1024 232 ) (-664 1024 184 ) (-640 1024 184 ) 
4 50 51 (-664 1024 232 ) (-664 1920 232 ) (-664 1920 184 ) (-664 1024 184 ) 
4 51 133 (-1024 1024 80 ) (-1024 1024 64 ) (-664 1024 64 ) (-664 1024 80 ) 
4 51 112 (-664 1024 232 ) (-1024 1024 232 ) (-1024 1024 80 ) (-664 1024 80 ) 
4 51 62 (-1024 1024 64 ) (-1024 1024 232 ) (-1024 1920 232 ) (-1024 1920 64 ) 
4 51 60 (-1024 1024 64 ) (-1024 1920 64 ) (-664 1920 64 ) (-664 1024 64 ) 
4 52 56 (0 1920 -992 ) (0 1920 64 ) (-424 1920 64 ) (-424 1920 -992 ) 
4 52 54 (-424 1936 -992 ) (-424 1920 -992 ) (-424 1920 16 ) (-424 1936 16 ) 
4 52 53 (-424 2016 64 ) (-424 2016 -992 ) (-424 1936 -992 ) (-424 1936 64 ) 
4 53 54 (-664 1936 16 ) (-664 1936 -992 ) (-424 1936 -992 ) (-424 1936 16 ) 
4 53 55 (-664 2016 64 ) (-664 2016 -992 ) (-664 1936 -992 ) (-664 1936 64 ) 
4 54 61 (-664 1920 16 ) (-664 1920 -992 ) (-640 1920 -992 ) (-640 1920 16 ) 
4 54 59 (-640 1920 -992 ) (-448 1920 -992 ) (-448 1920 16 ) (-640 1920 16 ) 
4 54 57 (-448 1920 -992 ) (-424 1920 -992 ) (-424 1920 16 ) (-448 1920 16 ) 
4 54 55 (-664 1936 -992 ) (-664 1920 -992 ) (-664 1920 16 ) (-664 1936 16 ) 
4 55 62 (-1024 1920 -992 ) (-1024 1920 64 ) (-1024 2016 64 ) (-1024 2016 -992 ) 
4 55 61 (-1024 1920 16 ) (-1024 1920 -992 ) (-664 1920 -992 ) (-664 1920 16 ) 
4 55 60 (-664 1920 64 ) (-1024 1920 64 ) (-1024 1920 16 ) (-664 1920 16 ) 
4 56 165 (0 1024 -992 ) (0 1024 16 ) (-424 1024 16 ) (-424 1024 -992 ) 
4 56 138 (0 1024 16 ) (0 1024 32 ) (-424 1024 32 ) (-424 1024 16 ) 
4 56 136 (0 1024 32 ) (0 1024 64 ) (-424 1024 64 ) (-424 1024 32 ) 
4 56 57 (-424 1920 16 ) (-424 1920 -992 ) (-424 1024 -992 ) (-424 1024 16 ) 
4 57 165 (-448 1024 16 ) (-448 1024 -992 ) (-424 1024 -992 ) (-424 1024 16 ) 
4 57 59 (-448 1920 16 ) (-448 1920 -992 ) (-448 1024 -992 ) (-448 1024 16 ) 
4 58 139 (-448 1024 24 ) (-448 1024 64 ) (-640 1024 64 ) (-640 1024 24 ) 
4 59 165 (-448 1024 -992 ) (-448 1024 16 ) (-640 1024 16 ) (-640 1024 -992 ) 
4 59 61 (-640 1920 16 ) (-640 1920 -992 ) (-640 1024 -992 ) (-640 1024 16 ) 
4 60 142 (-1024 1024 32 ) (-1024 1024 16 ) (-664 1024 16 ) (-664 1024 32 ) 
4 60 140 (-664 1024 64 ) (-1024 1024 64 ) (-1024 1024 32 ) (-664 1024 32 ) 
4 60 62 (-1024 1024 16 ) (-1024 1024 64 ) (-1024 1920 64 ) (-1024 1920 16 ) 
4 60 61 (-1024 1024 16 ) (-1024 1920 16 ) (-664 1920 16 ) (-664 1024 16 ) 
4 61 165 (-640 1024 -992 ) (-640 1024 16 ) (-1024 1024 16 ) (-1024 1024 -992 ) 
4 61 62 (-1024 1024 -992 ) (-1024 1024 16 ) (-1024 1920 16 ) (-1024 1920 -992 ) 
4 62 205 (-2048 1024 16 ) (-2048 1024 -992 ) (-2014 1024 -992 ) (-2014 1024 16 ) 
4 62 203 (-2014 1024 64 ) (-2046 1024 64 ) (-2046 1024 16 ) (-2014 1024 16 ) 
4 62 204 (-2046 1024 64 ) (-2048 1024 64 ) (-2048 1024 16 ) (-2046 1024 16 ) 
4 62 202 (-1024 1024 -992 ) (-1024 1024 16 ) (-2014 1024 16 ) (-2014 1024 -992 ) 
4 62 201 (-1024 1024 16 ) (-1024 1024 32 ) (-2014 1024 32 ) (-2014 1024 16 ) 
4 62 194 (-1024 1024 32 ) (-1024 1024 64 ) (-2014 1024 64 ) (-2014 1024 32 ) 
4 62 189 (-2046 1024 64 ) (-2014 1024 64 ) (-2014 1024 232 ) (-2046 1024 232 ) 
4 62 190 (-2048 1024 232 ) (-2048 1024 64 ) (-2046 1024 64 ) (-2046 1024 232 ) 
4 62 188 (-2014 1024 2016 ) (-2048 1024 2016 ) (-2048 1024 232 ) (-2014 1024 232 ) 
4 62 186 (-1024 1024 64 ) (-1024 1024 80 ) (-2014 1024 80 ) (-2014 1024 64 ) 
4 62 177 (-1024 1024 80 ) (-1024 1024 200 ) (-2014 1024 200 ) (-2014 1024 80 ) 
4 62 174 (-1024 1024 200 ) (-1024 1024 216 ) (-2014 1024 216 ) (-2014 1024 200 ) 
4 62 171 (-1024 1024 216 ) (-1024 1024 232 ) (-2014 1024 232 ) (-2014 1024 216 ) 
4 62 170 (-1024 1024 232 ) (-1024 1024 2016 ) (-2014 1024 2016 ) (-2014 1024 232 ) 
4 62 63 (-2048 1024 -992 ) (-2048 1024 2016 ) (-2048 2016 2016 ) (-2048 2016 -992 ) 
4 63 207 (-2048 1024 -992 ) (-2048 1024 2016 ) (-2528 1024 2016 ) (-2528 1024 -992 ) 
4 64 166 (1024 0 232 ) (1024 0 2016 ) (0 0 2016 ) (0 0 232 ) 
4 64 87 (0 0 232 ) (0 0 2016 ) (0 1024 2016 ) (0 1024 232 ) 
4 64 65 (0 208 232 ) (0 1024 232 ) (1024 1024 232 ) (1024 208 232 ) 
4 64 67 (1024 0 232 ) (0 0 232 ) (0 40 232 ) (1024 40 232 ) 
4 65 91 (0 208 232 ) (0 232 232 ) (0 232 216 ) (0 208 216 ) 
4 65 90 (0 232 232 ) (0 248 232 ) (0 248 216 ) (0 232 216 ) 
4 65 88 (0 248 232 ) (0 1024 232 ) (0 1024 216 ) (0 248 216 ) 
4 65 68 (0 232 216 ) (0 1024 216 ) (1024 1024 216 ) (1024 232 216 ) 
4 66 126 (0 208 216 ) (0 40 216 ) (0 96 224 ) (0 152 224 ) 
4 66 69 (0 40 216 ) (0 208 216 ) (1024 208 216 ) (1024 40 216 ) 
4 67 166 (1024 0 216 ) (1024 0 232 ) (0 0 232 ) (0 0 216 ) 
4 67 127 (0 16 232 ) (0 40 232 ) (0 40 216 ) (0 16 216 ) 
4 67 129 (0 0 216 ) (0 0 232 ) (0 16 232 ) (0 16 216 ) 
4 67 70 (0 0 216 ) (0 16 216 ) (1024 16 216 ) (1024 0 216 ) 
4 68 90 (0 232 216 ) (0 248 216 ) (0 248 200 ) (0 232 200 ) 
4 68 88 (0 248 216 ) (0 1024 216 ) (0 1024 200 ) (0 248 200 ) 
4 68 71 (0 248 200 ) (0 1024 200 ) (1024 1024 200 ) (1024 248 200 ) 
3 69 128 (0 40 216 ) (0 40 200 ) (0 24 200 ) 
4 69 126 (0 40 216 ) (0 208 216 ) (0 208 200 ) (0 40 200 ) 
3 69 92 (0 208 216 ) (0 224 200 ) (0 208 200 ) 
4 69 72 (0 24 200 ) (0 224 200 ) (1024 224 200 ) (1024 24 200 ) 
4 70 166 (1024 0 200 ) (1024 0 216 ) (0 0 216 ) (0 0 200 ) 
4 70 129 (0 0 200 ) (0 0 216 ) (0 16 216 ) (0 16 200 ) 
4 71 88 (0 248 200 ) (0 1024 200 ) (0 1024 80 ) (0 248 80 ) 
4 71 73 (0 248 80 ) (0 1024 80 ) (1024 1024 80 ) (1024 248 80 ) 
5 72 130 (0 24 200 ) (0 208 200 ) (0 208 80 ) (0 16 80 ) (0 16 168 ) 
5 72 93 (0 208 200 ) (0 224 200 ) (0 232 168 ) (0 232 80 ) (0 208 80 ) 
4 72 74 (0 96 80 ) (0 232 80 ) (1024 232 80 ) (1024 96 80 ) 
4 73 131 (0 248 80 ) (0 1024 80 ) (0 1024 64 ) (0 248 64 ) 
4 73 79 (0 248 64 ) (0 1024 64 ) (1024 1024 64 ) (1024 248 64 ) 
4 74 135 (0 96 80 ) (0 232 80 ) (0 232 64 ) (0 96 64 ) 
4 74 77 (0 96 64 ) (0 144 64 ) (1024 144 64 ) (1024 96 64 ) 
4 74 76 (0 144 64 ) (0 200 64 ) (1024 200 64 ) (1024 144 64 ) 
4 74 75 (0 200 64 ) (0 232 64 ) (1024 232 64 ) (1024 200 64 ) 
4 75 143 (0 200 64 ) (0 224 64 ) (0 224 32 ) (0 200 32 ) 
3 75 137 (0 224 64 ) (0 232 64 ) (0 224 32 ) 
4 75 80 (0 200 32 ) (0 224 32 ) (1024 224 32 ) (1024 200 32 ) 
4 75 76 (0 200 32 ) (1024 200 32 ) (1024 200 64 ) (0 200 64 ) 
4 76 144 (0 144 64 ) (0 200 64 ) (0 200 32 ) (0 144 32 ) 
4 76 81 (0 144 32 ) (0 200 32 ) (1024 200 32 ) (1024 144 32 ) 
4 76 77 (0 144 32 ) (1024 144 32 ) (1024 144 64 ) (0 144 64 ) 
4 77 145 (0 96 64 ) (0 144 64 ) (0 144 32 ) (0 112 32 ) 
4 77 82 (0 112 32 ) (0 144 32 ) (1024 144 32 ) (1024 112 32 ) 
4 78 166 (1024 0 32 ) (1024 0 64 ) (0 0 64 ) (0 0 32 ) 
4 78 152 (0 0 32 ) (0 0 64 ) (0 88 64 ) (0 88 32 ) 
4 78 83 (1024 0 32 ) (0 0 32 ) (0 88 32 ) (1024 88 32 ) 
4 79 136 (0 248 64 ) (0 1024 64 ) (0 1024 32 ) (0 248 32 ) 
4 79 85 (0 248 32 ) (0 1024 32 ) (1024 1024 32 ) (1024 248 32 ) 
3 80 153 (0 200 32 ) (0 224 32 ) (0 200 24 ) 
4 80 81 (0 200 24 ) (1024 200 24 ) (1024 200 32 ) (0 200 32 ) 
4 81 154 (0 144 32 ) (0 200 32 ) (0 200 24 ) (0 144 24 ) 
4 81 82 (0 144 24 ) (1024 144 24 ) (1024 144 32 ) (0 144 32 ) 
3 82 155 (0 112 32 ) (0 144 32 ) (0 144 24 ) 
4 83 166 (1024 0 24 ) (1024 0 32 ) (0 0 32 ) (0 0 24 ) 
4 83 162 (0 0 24 ) (0 0 32 ) (0 112 32 ) (0 112 24 ) 
4 83 84 (1024 0 24 ) (0 0 24 ) (0 112 24 ) (1024 112 24 ) 
4 84 166 (1024 0 16 ) (1024 0 24 ) (0 0 24 ) (0 0 16 ) 
4 84 163 (0 0 16 ) (0 0 24 ) (0 112 24 ) (0 112 16 ) 
4 84 86 (0 0 16 ) (0 112 16 ) (1024 112 16 ) (1024 0 16 ) 
4 85 138 (0 224 32 ) (0 1024 32 ) (0 1024 16 ) (0 224 16 ) 
4 85 86 (0 224 16 ) (0 1024 16 ) (1024 1024 16 ) (1024 224 16 ) 
4 86 166 (1024 0 -992 ) (1024 0 16 ) (0 0 16 ) (0 0 -992 ) 
4 86 165 (0 0 -992 ) (0 0 16 ) (0 1024 16 ) (0 1024 -992 ) 
4 87 170 (-1024 1024 2016 ) (-1024 1024 232 ) (-1024 0 232 ) (-1024 0 2016 ) 
4 87 167 (-1024 0 2016 ) (-1024 0 232 ) (0 0 232 ) (0 0 2016 ) 
4 87 127 (-1024 16 232 ) (-1024 40 232 ) (0 40 232 ) (0 16 232 ) 
4 87 129 (0 0 232 ) (-1024 0 232 ) (-1024 16 232 ) (0 16 232 ) 
4 87 114 (-1024 208 232 ) (-1024 232 232 ) (-640 232 232 ) (-640 208 232 ) 
4 87 113 (-1024 232 232 ) (-1024 248 232 ) (-640 248 232 ) (-640 232 232 ) 
4 87 111 (-664 1024 232 ) (-640 1024 232 ) (-640 248 232 ) (-664 248 232 ) 
4 87 112 (-1024 248 232 ) (-1024 1024 232 ) (-664 1024 232 ) (-664 248 232 ) 
4 87 108 (-480 1024 232 ) (-448 1024 232 ) (-448 232 232 ) (-480 248 232 ) 
4 87 94 (-640 1024 232 ) (-608 1024 232 ) (-608 248 232 ) (-640 232 232 ) 
4 87 91 (0 232 232 ) (0 208 232 ) (-448 208 232 ) (-448 232 232 ) 
4 87 90 (0 248 232 ) (0 232 232 ) (-448 232 232 ) (-448 248 232 ) 
4 87 89 (-448 1024 232 ) (-424 1024 232 ) (-424 248 232 ) (-448 248 232 ) 
4 87 88 (-424 1024 232 ) (0 1024 232 ) (0 248 232 ) (-424 248 232 ) 
4 88 131 (0 1024 80 ) (0 248 80 ) (-424 248 80 ) (-424 1024 80 ) 
4 88 90 (0 248 200 ) (0 248 232 ) (-424 248 232 ) (-424 248 200 ) 
4 88 89 (-424 248 184 ) (-424 248 232 ) (-424 1024 232 ) (-424 1024 184 ) 
4 89 108 (-448 248 216 ) (-448 248 232 ) (-448 1024 232 ) (-448 1024 216 ) 
4 89 90 (-448 248 232 ) (-448 248 200 ) (-424 248 200 ) (-424 248 232 ) 
4 90 108 (-448 232 232 ) (-448 248 232 ) (-448 248 216 ) (-448 232 216 ) 
4 90 91 (-448 232 232 ) (-448 232 216 ) (0 232 216 ) (0 232 232 ) 
4 92 126 (0 208 200 ) (0 208 216 ) (-448 208 216 ) (-448 208 200 ) 
3 92 110 (-448 208 200 ) (-448 208 216 ) (-448 224 200 ) 
4 92 93 (0 208 200 ) (-448 208 200 ) (-448 224 200 ) (0 224 200 ) 
4 93 135 (0 232 80 ) (0 208 80 ) (-448 208 80 ) (-448 232 80 ) 
4 93 130 (-448 208 80 ) (0 208 80 ) (0 208 200 ) (-448 208 200 ) 
4 93 104 (-448 208 184 ) (-448 208 200 ) (-448 224 200 ) (-448 228 184 ) 
5 93 95 (-448 232 80 ) (-448 208 80 ) (-448 208 184 ) (-448 228 184 ) (-448 232 168 ) 
4 94 113 (-640 232 232 ) (-640 248 232 ) (-640 248 216 ) (-640 232 216 ) 
4 94 111 (-640 248 232 ) (-640 1024 232 ) (-640 1024 216 ) (-640 248 216 ) 
4 95 135 (-448 208 80 ) (-608 208 80 ) (-608 232 80 ) (-448 232 80 ) 
5 95 134 (-608 232 80 ) (-608 240 80 ) (-592 248 80 ) (-448 248 80 ) (-448 232 80 ) 
3 95 132 (-592 248 80 ) (-448 320 80 ) (-448 248 80 ) 
5 95 130 (-608 208 80 ) (-448 208 80 ) (-448 208 184 ) (-469.333282 208 200 ) (-608 208 200 ) 
5 95 126 (-469.333282 208 200 ) (-480 208 208 ) (-512 208 216 ) (-608 208 216 ) (-608 208 200 ) 
4 95 110 (-512 208 216 ) (-480 208 208 ) (-480 240 208 ) (-512 256 216 ) 
4 95 109 (-480 240 208 ) (-480 248 208 ) (-512 264 216 ) (-512 256 216 ) 
4 95 105 (-608 240 80 ) (-608 208 80 ) (-608 208 216 ) (-608 240 216 ) 
4 95 104 (-480.007782 248.003891 208.002930 ) (-480.007782 208 208.002930 ) (-448 208 183.996109 ) (-448 232 183.996109 ) 
7 95 96 (-608 240 80 ) (-608 240 212 ) (-576 256 216 ) (-512 288 216 ) (-479.992157 304.003906 207.998047 ) (-448 320 184.003937 ) (-448 320 80 ) 
3 96 134 (-608 240 80 ) (-608 248 80 ) (-592 248 80 ) 
4 96 132 (-608 248 80 ) (-448 328 80 ) (-448 320 80 ) (-592 248 80 ) 
4 96 106 (-608 248 80 ) (-608 240 80 ) (-608 240 212 ) (-608 248 212 ) 
4 96 101 (-552 276 216 ) (-536 284 216 ) (-536 284 200 ) (-552 276 200 ) 
4 96 102 (-536 284 200 ) (-536 284 80 ) (-552 276 80 ) (-552 276 200 ) 
6 96 97 (-536 284 216 ) (-512 296 216 ) (-480.007813 311.996094 208.001953 ) (-448 328 183.996094 ) (-448 328 80 ) (-536 284 80 ) 
5 96 103 (-608 248 80 ) (-608 248 208 ) (-576 264 216 ) (-552 276 216 ) (-552 276 80 ) 
4 97 132 (-536 1024 80 ) (-448 1024 80 ) (-448 328 80 ) (-536 284 80 ) 
4 97 101 (-536 283.996094 200 ) (-536 283.996094 216 ) (-536 424 216 ) (-536 424 200 ) 
4 97 100 (-536 424 216 ) (-536 736 216 ) (-536 736 200 ) (-536 424 200 ) 
4 97 99 (-536 736 216 ) (-536 752 216 ) (-536 752 200 ) (-536 736 200 ) 
4 97 98 (-536 752 216 ) (-536 1024 216 ) (-536 1024 200 ) (-536 752 200 ) 
4 97 102 (-536 1024 80 ) (-536 283.996094 80 ) (-536 283.996094 200 ) (-536 1024 200 ) 
4 98 103 (-552 752 216 ) (-552 1024 216 ) (-552 1024 200 ) (-552 752 200 ) 
4 98 102 (-552 752 200 ) (-552 1024 200 ) (-536 1024 200 ) (-536 752 200 ) 
4 98 99 (-552 752 216 ) (-552 752 200 ) (-536 752 200 ) (-536 752 216 ) 
4 99 100 (-552 736 216 ) (-552 736 200 ) (-536 736 200 ) (-536 736 216 ) 
4 99 103 (-552 736 216 ) (-552 752 216 ) (-552 752 200 ) (-552 736 200 ) 
4 99 102 (-552 736 200 ) (-552 752 200 ) (-536 752 200 ) (-536 736 200 ) 
4 100 103 (-552 424 216 ) (-552 736 216 ) (-552 736 200 ) (-552 424 200 ) 
4 100 102 (-552 424 200 ) (-552 736 200 ) (-536 736 200 ) (-536 424 200 ) 
4 100 101 (-552 424 216 ) (-552 424 200 ) (-536 424 200 ) (-536 424 216 ) 
4 101 103 (-552 275.996094 200 ) (-552 275.996094 216 ) (-552 424 216 ) (-552 424 200 ) 
4 101 102 (-552 275.996094 200 ) (-552 424 200 ) (-536 424 200 ) (-536 284 200 ) 
4 102 132 (-552 1024 80 ) (-536 1024 80 ) (-536 284 80 ) (-552 276 80 ) 
4 102 103 (-552 1024 80 ) (-552 275.996094 80 ) (-552 275.996094 200 ) (-552 1024 200 ) 
4 103 132 (-608 248 80 ) (-608 1024 80 ) (-552 1024 80 ) (-552 276 80 ) 
4 103 107 (-608 1024 80 ) (-608 248 80 ) (-608 248 208 ) (-608 1024 208 ) 
3 104 130 (-448 208 184 ) (-448 208 200 ) (-469.333282 208 200 ) 
3 104 126 (-448 208 200 ) (-480 208 208 ) (-469.333282 208 200 ) 
4 104 110 (-480 208 208 ) (-448 208 200 ) (-448 224 200 ) (-480 240 208 ) 
4 104 109 (-448 224 200 ) (-448 232 200 ) (-480 248 208 ) (-480 240 208 ) 
5 105 135 (-608 208 80 ) (-640 208 80 ) (-640 224 80 ) (-624 232 80 ) (-608 232 80 ) 
3 105 134 (-624 232 80 ) (-608 240 80 ) (-608 232 80 ) 
4 105 130 (-640 208 80 ) (-608 208 80 ) (-608 208 200 ) (-640 208 200 ) 
4 105 126 (-608 208 200 ) (-608 208 216 ) (-640 208 216 ) (-640 208 200 ) 
4 105 118 (-640 220 183.608002 ) (-640 220 194.608002 ) (-640 224 194.608002 ) (-640 224 183.608002 ) 
4 105 117 (-640 220 194.608002 ) (-640 220 200 ) (-640 224 200 ) (-640 224 194.608002 ) 
4 105 124 (-640 224 80 ) (-640 220 80 ) (-640 220 183.608002 ) (-640 224 183.608002 ) 
4 105 125 (-640 220 80 ) (-640 208 80 ) (-640 208 200 ) (-640 220 200 ) 
3 105 115 (-640 208 200 ) (-640 208 216 ) (-640 224 200 ) 
4 105 106 (-608 240 212 ) (-608 240 80 ) (-640 224.001953 80 ) (-640 224.001953 208 ) 
3 106 135 (-640 224 80 ) (-640 232 80 ) (-624 232 80 ) 
4 106 134 (-640 232 80 ) (-608 248 80 ) (-608 240 80 ) (-624 232 80 ) 
4 106 116 (-640 232 80 ) (-640 224 80 ) (-640 224 200 ) (-640 232 168 ) 
4 106 107 (-608 248 208 ) (-608 248 80 ) (-640 232 80 ) (-640 232 184 ) 
3 107 134 (-640 232 80 ) (-640 248 80 ) (-608 248 80 ) 
4 107 132 (-640 248 80 ) (-640 1024 80 ) (-608 1024 80 ) (-608 248 80 ) 
3 109 110 (-512 256 216 ) (-448 224 200 ) (-448 224 208 ) 
3 110 126 (-448 208 200 ) (-448 208 216 ) (-512 208 216 ) 
4 111 113 (-640 248 200 ) (-640 248 232 ) (-664 248 232 ) (-664 248 200 ) 
4 111 112 (-664 248 184 ) (-664 248 232 ) (-664 1024 232 ) (-664 1024 184 ) 
4 112 177 (-1024 1024 200 ) (-1024 1024 80 ) (-1024 248 80 ) (-1024 248 200 ) 
4 112 174 (-1024 1024 216 ) (-1024 1024 200 ) (-1024 248 200 ) (-1024 248 216 ) 
4 112 171 (-1024 1024 232 ) (-1024 1024 216 ) (-1024 248 216 ) (-1024 248 232 ) 
4 112 133 (-1024 248 80 ) (-1024 1024 80 ) (-664 1024 80 ) (-664 248 80 ) 
4 112 113 (-664 248 200 ) (-664 248 232 ) (-1024 248 232 ) (-1024 248 200 ) 
4 113 174 (-1024 248 216 ) (-1024 248 200 ) (-1024 232 200 ) (-1024 232 216 ) 
4 113 171 (-1024 232 232 ) (-1024 248 232 ) (-1024 248 216 ) (-1024 232 216 ) 
4 113 114 (-640 232 216 ) (-640 232 232 ) (-1024 232 232 ) (-1024 232 216 ) 
4 114 171 (-1024 208 216 ) (-1024 208 232 ) (-1024 232 232 ) (-1024 232 216 ) 
3 115 175 (-1024 208 200 ) (-1024 208 216 ) (-1024 224 200 ) 
4 115 126 (-640 208 200 ) (-640 208 216 ) (-1024 208 216 ) (-1024 208 200 ) 
4 115 117 (-640 224 200 ) (-640 220 200 ) (-1024 220 200 ) (-1024 224 200 ) 
4 115 125 (-640 220 200 ) (-640 208 200 ) (-1024 208 200 ) (-1024 220 200 ) 
4 116 178 (-1024 232 80 ) (-1024 224 80 ) (-1024 224 200 ) (-1024 232 168 ) 
4 116 135 (-1024 224 80 ) (-1024 232 80 ) (-640 232 80 ) (-640 224 80 ) 
4 116 121 (-838 224 194.608002 ) (-954 224 194.608002 ) (-954 224 183.608002 ) (-838 224 183.608002 ) 
4 116 120 (-826 224 194.608002 ) (-838 224 194.608002 ) (-838 224 183.608002 ) (-826 224 183.608002 ) 
4 116 122 (-954 224 194.608002 ) (-966 224 194.608002 ) (-966 224 183.608002 ) (-954 224 183.608002 ) 
4 116 119 (-710 224 194.608002 ) (-826 224 194.608002 ) (-826 224 183.608002 ) (-710 224 183.608002 ) 
4 116 118 (-640 224 183.608002 ) (-640 224 194.608002 ) (-710 224 194.608002 ) (-710 224 183.608002 ) 
4 116 123 (-966 224 194.608002 ) (-1024 224 194.608002 ) (-1024 224 183.608002 ) (-966 224 183.608002 ) 
4 116 117 (-640 224 194.608002 ) (-640 224 200 ) (-1024 224 200 ) (-1024 224 194.608002 ) 
4 116 124 (-1024 224 80 ) (-640 224 80 ) (-640 224 183.608002 ) (-1024 224 183.608002 ) 
4 117 179 (-1024 220 194.608002 ) (-1024 220 200 ) (-1024 224 200 ) (-1024 224 194.608002 ) 
4 117 121 (-838 220 194.608002 ) (-954 220 194.608002 ) (-954 224 194.608002 ) (-838 224 194.608002 ) 
4 117 120 (-826 220 194.608002 ) (-838 220 194.608002 ) (-838 224 194.608002 ) (-826 224 194.608002 ) 
4 117 122 (-954 220 194.608002 ) (-966 220 194.608002 ) (-966 224 194.608002 ) (-954 224 194.608002 ) 
4 117 119 (-710 220 194.608002 ) (-826 220 194.608002 ) (-826 224 194.608002 ) (-710 224 194.608002 ) 
4 117 118 (-640 220 194.608002 ) (-710 220 194.608002 ) (-710 224 194.608002 ) (-640 224 194.608002 ) 
4 117 123 (-966 220 194.608002 ) (-1024 220 194.608002 ) (-1024 224 194.608002 ) (-966 224 194.608002 ) 
4 117 125 (-640 220 194.608002 ) (-640 220 200 ) (-1024 220 200 ) (-1024 220 194.608002 ) 
4 118 125 (-640 220 183.608002 ) (-640 220 194.608002 ) (-710 220 194.608002 ) (-710 220 183.608002 ) 
4 118 124 (-640 220 183.608002 ) (-710 220 183.608002 ) (-710 224 183.608002 ) (-640 224 183.608002 ) 
4 118 119 (-710 224 183.608002 ) (-710 220 183.608002 ) (-710 220 194.608002 ) (-710 224 194.608002 ) 
4 119 120 (-826 224 183.608002 ) (-826 220 183.608002 ) (-826 220 194.608002 ) (-826 224 194.608002 ) 
4 119 125 (-710 220 194.608002 ) (-826 220 194.608002 ) (-826 220 183.608002 ) (-710 220 183.608002 ) 
4 119 124 (-710 220 183.608002 ) (-826 220 183.608002 ) (-826 224 183.608002 ) (-710 224 183.608002 ) 
4 120 124 (-826 220 183.608002 ) (-838 220 183.608002 ) (-838 224 183.608002 ) (-826 224 183.608002 ) 
4 120 125 (-826 220 194.608002 ) (-838 220 194.608002 ) (-838 220 183.608002 ) (-826 220 183.608002 ) 
4 120 121 (-838 224 183.608002 ) (-838 220 183.608002 ) (-838 220 194.608002 ) (-838 224 194.608002 ) 
4 121 122 (-954 224 183.608002 ) (-954 220 183.608002 ) (-954 220 194.608002 ) (-954 224 194.608002 ) 
4 121 124 (-838 220 183.608002 ) (-954 220 183.608002 ) (-954 224 183.608002 ) (-838 224 183.608002 ) 
4 121 125 (-838 220 194.608002 ) (-954 220 194.608002 ) (-954 220 183.608002 ) (-838 220 183.608002 ) 
4 122 125 (-954 220 194.608002 ) (-966 220 194.608002 ) (-966 220 183.608002 ) (-954 220 183.608002 ) 
4 122 124 (-954 220 183.608002 ) (-966 220 183.608002 ) (-966 224 183.608002 ) (-954 224 183.608002 ) 
4 122 123 (-966 224 183.608002 ) (-966 220 183.608002 ) (-966 220 194.608002 ) (-966 224 194.608002 ) 
4 123 180 (-1024 220 183.608002 ) (-1024 220 194.608002 ) (-1024 224 194.608002 ) (-1024 224 183.608002 ) 
4 123 125 (-966 220 194.608002 ) (-1024 220 194.608002 ) (-1024 220 183.608002 ) (-966 220 183.608002 ) 
4 123 124 (-966 220 183.608002 ) (-1024 220 183.608002 ) (-1024 224 183.608002 ) (-966 224 183.608002 ) 
4 124 184 (-1024 224 80 ) (-1024 220 80 ) (-1024 220 183.608002 ) (-1024 224 183.608002 ) 
4 124 135 (-1024 220 80 ) (-1024 224 80 ) (-640 224 80 ) (-640 220 80 ) 
4 124 125 (-1024 220 80 ) (-640 220 80 ) (-640 220 183.608002 ) (-1024 220 183.608002 ) 
4 125 185 (-1024 220 80 ) (-1024 208 80 ) (-1024 208 200 ) (-1024 220 200 ) 
4 125 135 (-640 208 80 ) (-1024 208 80 ) (-1024 220 80 ) (-640 220 80 ) 
4 125 130 (-1024 208 80 ) (-640 208 80 ) (-640 208 200 ) (-1024 208 200 ) 
4 126 175 (-1024 208 216 ) (-1024 208 200 ) (-1024 40 200 ) (-1024 40 216 ) 
4 126 172 (-1024 152 224 ) (-1024 208 216 ) (-1024 40 216 ) (-1024 96 224 ) 
4 126 130 (-1024 208 200 ) (0 208 200 ) (0 40 200 ) (-1024 40 200 ) 
4 126 128 (-1024 40 200 ) (0 40 200 ) (0 40 216 ) (-1024 40 216 ) 
4 127 173 (-1024 16 232 ) (-1024 40 232 ) (-1024 40 216 ) (-1024 16 216 ) 
4 127 129 (0 16 216 ) (0 16 232 ) (-1024 16 232 ) (-1024 16 216 ) 
3 128 175 (-1024 40 216 ) (-1024 40 200 ) (-1024 24 200 ) 
4 128 130 (0 40 200 ) (0 24 200 ) (-1024 24 200 ) (-1024 40 200 ) 
4 129 176 (-1024 0 200 ) (-1024 0 216 ) (-1024 16 216 ) (-1024 16 200 ) 
4 129 173 (-1024 0 216 ) (-1024 0 232 ) (-1024 16 232 ) (-1024 16 216 ) 
4 129 167 (-1024 0 232 ) (-1024 0 200 ) (0 0 200 ) (0 0 232 ) 
5 130 185 (-1024 208 80 ) (-1024 16 80 ) (-1024 16 168 ) (-1024 24 200 ) (-1024 208 200 ) 
4 130 135 (0 208 80 ) (0 96 80 ) (-1024 96 80 ) (-1024 208 80 ) 
4 131 136 (-424 1024 64 ) (0 1024 64 ) (0 248 64 ) (-424 248 64 ) 
4 132 139 (-640 1024 64 ) (-448 1024 64 ) (-448 248 64 ) (-640 248 64 ) 
4 132 134 (-640 248 64 ) (-448 248 64 ) (-448 248 80 ) (-640 248 80 ) 
4 133 186 (-1024 1024 80 ) (-1024 1024 64 ) (-1024 248 64 ) (-1024 248 80 ) 
4 133 140 (-1024 248 64 ) (-1024 1024 64 ) (-664 1024 64 ) (-664 248 64 ) 
4 134 139 (-640 248 64 ) (-448 248 64 ) (-448 232 64 ) (-640 232 64 ) 
4 134 135 (-640 232 64 ) (-448 232 64 ) (-448 232 80 ) (-640 232 80 ) 
4 135 187 (-1024 232 64 ) (-1024 96 64 ) (-1024 96 80 ) (-1024 232 80 ) 
4 135 150 (-1024 144 64 ) (-1024 200 64 ) (-640 200 64 ) (-640 144 64 ) 
4 135 149 (-1024 200 64 ) (-1024 224 64 ) (-640 224 64 ) (-640 200 64 ) 
4 135 151 (-1024 96 64 ) (-1024 144 64 ) (-640 144 64 ) (-640 96 64 ) 
4 135 147 (-448 200 64 ) (-448 144 64 ) (-640 144 64 ) (-640 200 64 ) 
4 135 146 (-640 224 64 ) (-448 224 64 ) (-448 200 64 ) (-640 200 64 ) 
4 135 148 (-448 144 64 ) (-448 96 64 ) (-640 96 64 ) (-640 144 64 ) 
4 135 144 (0 200 64 ) (0 144 64 ) (-448 144 64 ) (-448 200 64 ) 
4 135 143 (-448 224 64 ) (0 224 64 ) (0 200 64 ) (-448 200 64 ) 
4 135 145 (0 144 64 ) (0 96 64 ) (-448 96 64 ) (-448 144 64 ) 
4 135 141 (-1024 224 64 ) (-1024 232 64 ) (-640 232 64 ) (-640 224 64 ) 
4 135 139 (-640 232 64 ) (-448 232 64 ) (-448 224 64 ) (-640 224 64 ) 
4 135 137 (-448 232 64 ) (0 232 64 ) (0 224 64 ) (-448 224 64 ) 
4 136 138 (-424 1024 32 ) (0 1024 32 ) (0 248 32 ) (-424 248 32 ) 
4 137 143 (0 224 32 ) (0 224 64 ) (-448 224 64 ) (-448 224 32 ) 
3 137 139 (-448 224 32 ) (-448 224 64 ) (-448 232 64 ) 
4 138 165 (0 1024 16 ) (0 224 16 ) (-424 224 16 ) (-424 1024 16 ) 
4 139 164 (-448 224 24 ) (-448 224 32 ) (-640 224 32 ) (-640 224 24 ) 
4 139 146 (-448 224 32 ) (-448 224 64 ) (-640 224 64 ) (-640 224 32 ) 
3 139 141 (-640 224 32 ) (-640 224 64 ) (-640 232 64 ) 
4 140 194 (-1024 1024 64 ) (-1024 1024 32 ) (-1024 248 32 ) (-1024 248 64 ) 
4 140 142 (-664 248 32 ) (-1024 248 32 ) (-1024 1024 32 ) (-664 1024 32 ) 
3 141 191 (-1024 224 32 ) (-1024 224 64 ) (-1024 232 64 ) 
4 141 149 (-640 224 32 ) (-640 224 64 ) (-1024 224 64 ) (-1024 224 32 ) 
4 142 201 (-1024 1024 32 ) (-1024 1024 16 ) (-1024 224 16 ) (-1024 224 32 ) 
4 142 165 (-664 224 16 ) (-1024 224 16 ) (-1024 1024 16 ) (-664 1024 16 ) 
4 143 153 (-448 223.996094 32 ) (0 223.996094 32 ) (0 200 32 ) (-448 200 32 ) 
4 143 146 (-448 224 64 ) (-448 224 32 ) (-448 200 32 ) (-448 200 64 ) 
4 143 144 (-448 200 64 ) (-448 200 32 ) (0 200 32 ) (0 200 64 ) 
4 144 154 (0 200 32 ) (0 144 32 ) (-448 144 32 ) (-448 200 32 ) 
4 144 147 (-448 200 32 ) (-448 144 32 ) (-448 144 64 ) (-448 200 64 ) 
4 144 145 (-448 144 64 ) (-448 144 32 ) (0 144 32 ) (0 144 64 ) 
4 145 155 (0 144 32 ) (0 112 32 ) (-448 112 32 ) (-448 144 32 ) 
4 145 148 (-448 144 32 ) (-448 112 32 ) (-448 96 64 ) (-448 144 64 ) 
4 146 156 (-640 223.996094 32 ) (-448 223.996094 32 ) (-448 200 32 ) (-640 200 32 ) 
4 146 149 (-640 224 64 ) (-640 224 32 ) (-640 200 32 ) (-640 200 64 ) 
4 146 147 (-640 200 64 ) (-640 200 32 ) (-448 200 32 ) (-448 200 64 ) 
4 147 157 (-448 200 32 ) (-448 144 32 ) (-640 144 32 ) (-640 200 32 ) 
4 147 150 (-640 200 32 ) (-640 144 32 ) (-640 144 64 ) (-640 200 64 ) 
4 147 148 (-640 144 64 ) (-640 144 32 ) (-448 144 32 ) (-448 144 64 ) 
4 148 158 (-448 144 32 ) (-448 112 32 ) (-640 112 32 ) (-640 144 32 ) 
4 148 151 (-640 144 32 ) (-640 112 32 ) (-640 96 64 ) (-640 144 64 ) 
4 149 191 (-1024 200 64 ) (-1024 224 64 ) (-1024 224 32 ) (-1024 200 32 ) 
4 149 159 (-1024 200 32 ) (-1024 223.996094 32 ) (-640 223.996094 32 ) (-640 200 32 ) 
4 149 150 (-1024 200 32 ) (-640 200 32 ) (-640 200 64 ) (-1024 200 64 ) 
4 150 192 (-1024 144 64 ) (-1024 200 64 ) (-1024 200 32 ) (-1024 144 32 ) 
4 150 160 (-1024 144 32 ) (-1024 200 32 ) (-640 200 32 ) (-640 144 32 ) 
4 150 151 (-1024 144 32 ) (-640 144 32 ) (-640 144 64 ) (-1024 144 64 ) 
4 151 193 (-1024 96 64 ) (-1024 144 64 ) (-1024 144 32 ) (-1024 112 32 ) 
4 151 161 (-1024 112 32 ) (-1024 144 32 ) (-640 144 32 ) (-640 112 32 ) 
4 152 195 (-1024 0 32 ) (-1024 0 64 ) (-1024 88 64 ) (-1024 88 32 ) 
4 152 167 (-1024 0 64 ) (-1024 0 32 ) (0 0 32 ) (0 0 64 ) 
4 152 162 (0 0 32 ) (-1024 0 32 ) (-1024 88 32 ) (0 88 32 ) 
3 153 156 (-448 200 24 ) (-448 200 32 ) (-448 224 32 ) 
4 153 154 (-448 200 32 ) (-448 200 24 ) (0 200 24 ) (0 200 32 ) 
4 154 157 (-448 200 24 ) (-448 144 24 ) (-448 144 32 ) (-448 200 32 ) 
4 154 155 (-448 144 32 ) (-448 144 24 ) (0 144 24 ) (0 144 32 ) 
3 155 158 (-448 144 24 ) (-448 112 32 ) (-448 144 32 ) 
4 156 164 (-640 224 32 ) (-448 224 32 ) (-448 200 24 ) (-640 200 24 ) 
3 156 159 (-640 200 24 ) (-640 200 32 ) (-640 224 32 ) 
4 156 157 (-640 200 32 ) (-640 200 24 ) (-448 200 24 ) (-448 200 32 ) 
4 157 160 (-640 200 24 ) (-640 144 24 ) (-640 144 32 ) (-640 200 32 ) 
4 157 158 (-640 144 32 ) (-640 144 24 ) (-448 144 24 ) (-448 144 32 ) 
3 158 161 (-640 144 24 ) (-640 112 32 ) (-640 144 32 ) 
3 159 196 (-1024 200 32 ) (-1024 224 32 ) (-1024 200 24 ) 
4 159 160 (-1024 200 24 ) (-640 200 24 ) (-640 200 32 ) (-1024 200 32 ) 
4 160 197 (-1024 144 32 ) (-1024 200 32 ) (-1024 200 24 ) (-1024 144 24 ) 
4 160 161 (-1024 144 24 ) (-640 144 24 ) (-640 144 32 ) (-1024 144 32 ) 
3 161 198 (-1024 112 32 ) (-1024 144 32 ) (-1024 144 24 ) 
4 162 199 (-1024 0 24 ) (-1024 0 32 ) (-1024 112 32 ) (-1024 112 24 ) 
4 162 167 (-1024 0 32 ) (-1024 0 24 ) (0 0 24 ) (0 0 32 ) 
4 162 163 (0 112 24 ) (0 0 24 ) (-1024 0 24 ) (-1024 112 24 ) 
4 163 200 (-1024 112 16 ) (-1024 0 16 ) (-1024 0 24 ) (-1024 112 24 ) 
4 163 167 (-1024 0 24 ) (-1024 0 16 ) (0 0 16 ) (0 0 24 ) 
4 163 165 (0 112 16 ) (0 0 16 ) (-1024 0 16 ) (-1024 112 16 ) 
4 165 202 (-1024 1024 16 ) (-1024 1024 -992 ) (-1024 0 -992 ) (-1024 0 16 ) 
4 165 167 (-1024 0 16 ) (-1024 0 -992 ) (0 0 -992 ) (0 0 16 ) 
4 166 168 (1024 -1024 -992 ) (1024 -1024 2016 ) (0 -1024 2016 ) (0 -1024 -992 ) 
4 166 167 (0 0 2016 ) (0 0 -992 ) (0 -1024 -992 ) (0 -1024 2016 ) 
4 167 206 (-1024 -1024 -992 ) (-1024 -1024 2016 ) (-1024 0 2016 ) (-1024 0 -992 ) 
4 167 169 (0 -1024 -992 ) (0 -1024 2016 ) (-1024 -1024 2016 ) (-1024 -1024 -992 ) 
4 168 169 (0 -2016 2016 ) (0 -1024 2016 ) (0 -1024 -992 ) (0 -2016 -992 ) 
4 169 209 (-1024 -2016 2016 ) (-1024 -1024 2016 ) (-1024 -1024 -992 ) (-1024 -2016 -992 ) 
4 170 206 (-1024 0 232 ) (-1024 0 2016 ) (-2014 0 2016 ) (-2014 0 232 ) 
4 170 188 (-2014 0 232 ) (-2014 0 2016 ) (-2014 1024 2016 ) (-2014 1024 232 ) 
4 170 171 (-2014 208 232 ) (-2014 1024 232 ) (-1024 1024 232 ) (-1024 208 232 ) 
4 170 173 (-1024 0 232 ) (-2014 0 232 ) (-2014 40 232 ) (-1024 40 232 ) 
4 171 189 (-2014 248 232 ) (-2014 1024 232 ) (-2014 1024 216 ) (-2014 248 216 ) 
4 171 174 (-2014 232 216 ) (-2014 1024 216 ) (-1024 1024 216 ) (-1024 232 216 ) 
4 172 175 (-2014 40 216 ) (-2014 208 216 ) (-1024 208 216 ) (-1024 40 216 ) 
4 173 206 (-1024 0 216 ) (-1024 0 232 ) (-2014 0 232 ) (-2014 0 216 ) 
4 173 176 (-2014 0 216 ) (-2014 16 216 ) (-1024 16 216 ) (-1024 0 216 ) 
4 174 189 (-2014 248 216 ) (-2014 1024 216 ) (-2014 1024 200 ) (-2014 248 200 ) 
4 174 177 (-2014 248 200 ) (-2014 1024 200 ) (-1024 1024 200 ) (-1024 248 200 ) 
4 175 179 (-2014 220 200 ) (-2014 224 200 ) (-1024 224 200 ) (-1024 220 200 ) 
4 175 185 (-2014 24 200 ) (-2014 220 200 ) (-1024 220 200 ) (-1024 24 200 ) 
4 176 206 (-1024 0 200 ) (-1024 0 216 ) (-2014 0 216 ) (-2014 0 200 ) 
4 177 189 (-2014 248 200 ) (-2014 1024 200 ) (-2014 1024 80 ) (-2014 248 80 ) 
4 177 186 (-2014 248 80 ) (-2014 1024 80 ) (-1024 1024 80 ) (-1024 248 80 ) 
4 178 187 (-2014 224 80 ) (-2014 232 80 ) (-1024 232 80 ) (-1024 224 80 ) 
4 178 183 (-1210 224 194.608002 ) (-2014 224 194.608002 ) (-2014 224 183.608002 ) (-1210 224 183.608002 ) 
4 178 182 (-1094 224 194.608002 ) (-1210 224 194.608002 ) (-1210 224 183.608002 ) (-1094 224 183.608002 ) 
4 178 181 (-1082 224 194.608002 ) (-1094 224 194.608002 ) (-1094 224 183.608002 ) (-1082 224 183.608002 ) 
4 178 180 (-1024 224 183.608002 ) (-1024 224 194.608002 ) (-1082 224 194.608002 ) (-1082 224 183.608002 ) 
4 178 179 (-1024 224 194.608002 ) (-1024 224 200 ) (-2014 224 200 ) (-2014 224 194.608002 ) 
4 178 184 (-2014 224 80 ) (-1024 224 80 ) (-1024 224 183.608002 ) (-2014 224 183.608002 ) 
4 179 183 (-1210 220 194.608002 ) (-2014 220 194.608002 ) (-2014 224 194.608002 ) (-1210 224 194.608002 ) 
4 179 182 (-1094 220 194.608002 ) (-1210 220 194.608002 ) (-1210 224 194.608002 ) (-1094 224 194.608002 ) 
4 179 181 (-1082 220 194.608002 ) (-1094 220 194.608002 ) (-1094 224 194.608002 ) (-1082 224 194.608002 ) 
4 179 180 (-1024 220 194.608002 ) (-1082 220 194.608002 ) (-1082 224 194.608002 ) (-1024 224 194.608002 ) 
4 179 185 (-1024 220 194.608002 ) (-1024 220 200 ) (-2014 220 200 ) (-2014 220 194.608002 ) 
4 180 184 (-1024 220 183.608002 ) (-1082 220 183.608002 ) (-1082 224 183.608002 ) (-1024 224 183.608002 ) 
4 180 185 (-1024 220 183.608002 ) (-1024 220 194.608002 ) (-1082 220 194.608002 ) (-1082 220 183.608002 ) 
4 180 181 (-1082 224 183.608002 ) (-1082 220 183.608002 ) (-1082 220 194.608002 ) (-1082 224 194.608002 ) 
4 181 182 (-1094 224 183.608002 ) (-1094 220 183.608002 ) (-1094 220 194.608002 ) (-1094 224 194.608002 ) 
4 181 184 (-1082 220 183.608002 ) (-1094 220 183.608002 ) (-1094 224 183.608002 ) (-1082 224 183.608002 ) 
4 181 185 (-1082 220 194.608002 ) (-1094 220 194.608002 ) (-1094 220 183.608002 ) (-1082 220 183.608002 ) 
4 182 184 (-1094 220 183.608002 ) (-1210 220 183.608002 ) (-1210 224 183.608002 ) (-1094 224 183.608002 ) 
4 182 185 (-1094 220 194.608002 ) (-1210 220 194.608002 ) (-1210 220 183.608002 ) (-1094 220 183.608002 ) 
4 182 183 (-1210 224 183.608002 ) (-1210 220 183.608002 ) (-1210 220 194.608002 ) (-1210 224 194.608002 ) 
4 183 184 (-1210 220 183.608002 ) (-2014 220 183.608002 ) (-2014 224 183.608002 ) (-1210 224 183.608002 ) 
4 183 185 (-1210 220 194.608002 ) (-2014 220 194.608002 ) (-2014 220 183.608002 ) (-1210 220 183.608002 ) 
4 184 187 (-2014 220 80 ) (-2014 224 80 ) (-1024 224 80 ) (-1024 220 80 ) 
4 184 185 (-2014 220 80 ) (-1024 220 80 ) (-1024 220 183.608002 ) (-2014 220 183.608002 ) 
4 185 187 (-2014 96 80 ) (-2014 220 80 ) (-1024 220 80 ) (-1024 96 80 ) 
4 186 194 (-2014 1024 64 ) (-1024 1024 64 ) (-1024 248 64 ) (-2014 248 64 ) 
4 186 189 (-2014 1024 64 ) (-2014 248 64 ) (-2014 248 80 ) (-2014 1024 80 ) 
4 187 192 (-1024 200 64 ) (-1024 144 64 ) (-2014 144 64 ) (-2014 200 64 ) 
4 187 191 (-1024 232 64 ) (-1024 200 64 ) (-2014 200 64 ) (-2014 232 64 ) 
4 187 193 (-1024 144 64 ) (-1024 96 64 ) (-2014 96 64 ) (-2014 144 64 ) 
4 188 207 (-2048 1024 2016 ) (-2048 1024 232 ) (-2048 0 232 ) (-2048 0 2016 ) 
4 188 206 (-2048 0 2016 ) (-2048 0 232 ) (-2014 0 232 ) (-2014 0 2016 ) 
4 188 189 (-2046 1024 232 ) (-2014 1024 232 ) (-2014 248 232 ) (-2046 248 232 ) 
4 188 190 (-2048 0 232 ) (-2048 1024 232 ) (-2046 1024 232 ) (-2046 0 232 ) 
4 189 203 (-2046 1024 64 ) (-2014 1024 64 ) (-2014 248 64 ) (-2046 248 64 ) 
4 189 190 (-2046 1024 64 ) (-2046 248 64 ) (-2046 248 232 ) (-2046 1024 232 ) 
4 190 207 (-2048 1024 232 ) (-2048 1024 64 ) (-2048 0 64 ) (-2048 0 232 ) 
4 190 206 (-2048 0 232 ) (-2048 0 64 ) (-2046 0 64 ) (-2046 0 232 ) 
4 190 204 (-2048 0 64 ) (-2048 1024 64 ) (-2046 1024 64 ) (-2046 0 64 ) 
4 191 196 (-2014 200 32 ) (-2014 224 32 ) (-1024 224 32 ) (-1024 200 32 ) 
4 191 192 (-2014 200 64 ) (-2014 200 32 ) (-1024 200 32 ) (-1024 200 64 ) 
4 192 197 (-2014 144 32 ) (-2014 200 32 ) (-1024 200 32 ) (-1024 144 32 ) 
4 192 193 (-2014 144 64 ) (-2014 144 32 ) (-1024 144 32 ) (-1024 144 64 ) 
4 193 198 (-2014 112 32 ) (-2014 144 32 ) (-1024 144 32 ) (-1024 112 32 ) 
4 194 203 (-2014 248 64 ) (-2014 1024 64 ) (-2014 1024 32 ) (-2014 248 32 ) 
4 194 201 (-2014 248 32 ) (-2014 1024 32 ) (-1024 1024 32 ) (-1024 248 32 ) 
4 195 206 (-1024 0 32 ) (-1024 0 64 ) (-2014 0 64 ) (-2014 0 32 ) 
4 195 199 (-2014 0 32 ) (-2014 88 32 ) (-1024 88 32 ) (-1024 0 32 ) 
4 196 197 (-2014 200 24 ) (-1024 200 24 ) (-1024 200 32 ) (-2014 200 32 ) 
4 197 198 (-2014 144 24 ) (-1024 144 24 ) (-1024 144 32 ) (-2014 144 32 ) 
4 199 206 (-1024 0 24 ) (-1024 0 32 ) (-2014 0 32 ) (-2014 0 24 ) 
4 199 200 (-1024 0 24 ) (-2014 0 24 ) (-2014 112 24 ) (-1024 112 24 ) 
4 200 206 (-1024 0 16 ) (-1024 0 24 ) (-2014 0 24 ) (-2014 0 16 ) 
4 200 202 (-1024 0 16 ) (-2014 0 16 ) (-2014 112 16 ) (-1024 112 16 ) 
4 201 203 (-2014 248 32 ) (-2014 1024 32 ) (-2014 1024 16 ) (-2014 248 16 ) 
4 201 202 (-2014 224 16 ) (-2014 1024 16 ) (-1024 1024 16 ) (-1024 224 16 ) 
4 202 206 (-1024 0 -992 ) (-1024 0 16 ) (-2014 0 16 ) (-2014 0 -992 ) 
4 202 205 (-2014 0 -992 ) (-2014 0 16 ) (-2014 1024 16 ) (-2014 1024 -992 ) 
4 203 205 (-2046 1024 16 ) (-2014 1024 16 ) (-2014 248 16 ) (-2046 248 16 ) 
4 203 204 (-2046 1024 16 ) (-2046 248 16 ) (-2046 248 64 ) (-2046 1024 64 ) 
4 204 207 (-2048 1024 64 ) (-2048 1024 16 ) (-2048 0 16 ) (-2048 0 64 ) 
4 204 206 (-2046 0 64 ) (-2048 0 64 ) (-2048 0 16 ) (-2046 0 16 ) 
4 204 205 (-2048 0 16 ) (-2048 1024 16 ) (-2046 1024 16 ) (-2046 0 16 ) 
4 205 207 (-2048 1024 16 ) (-2048 1024 -992 ) (-2048 0 -992 ) (-2048 0 16 ) 
4 205 206 (-2014 0 -992 ) (-2014 0 16 ) (-2048 0 16 ) (-2048 0 -992 ) 
4 206 209 (-1024 -1024 -992 ) (-1024 -1024 2016 ) (-2048 -1024 2016 ) (-2048 -1024 -992 ) 
4 206 208 (-2048 -1024 -992 ) (-2048 -1024 2016 ) (-2048 0 2016 ) (-2048 0 -992 ) 
4 207 208 (-2048 0 -992 ) (-2048 0 2016 ) (-2528 0 2016 ) (-2528 0 -992 ) 
4 208 210 (-2048 -1024 -992 ) (-2048 -1024 2016 ) (-2528 -1024 2016 ) (-2528 -1024 -992 ) 
4 209 210 (-2048 -1024 2016 ) (-2048 -1024 -992 ) (-2048 -2016 -992 ) (-2048 -2016 2016 ) 
