PRT1
295
833
4 0 4 (2064 1024 2016 ) (2048 1024 2016 ) (2048 1024 -992 ) (2064 1024 -992 ) 
4 0 3 (3040 1024 2016 ) (2064 1024 2016 ) (2064 1024 -992 ) (3040 1024 -992 ) 
4 0 1 (2048 1024 -992 ) (2048 1024 2016 ) (2048 2016 2016 ) (2048 2016 -992 ) 
4 1 43 (2048 1024 -992 ) (2048 1024 16 ) (1024 1024 16 ) (1024 1024 -992 ) 
4 1 27 (2048 1024 16 ) (2048 1024 32 ) (1024 1024 32 ) (1024 1024 16 ) 
4 1 26 (2048 1024 32 ) (2048 1024 64 ) (1024 1024 64 ) (1024 1024 32 ) 
4 1 21 (2048 1024 64 ) (2048 1024 208 ) (1024 1024 208 ) (1024 1024 64 ) 
4 1 15 (2048 1024 208 ) (2048 1024 251 ) (1024 1024 251 ) (1024 1024 208 ) 
4 1 9 (2048 1024 251 ) (2048 1024 272 ) (1024 1024 272 ) (1024 1024 251 ) 
4 1 8 (2048 1024 272 ) (2048 1024 2016 ) (1024 1024 2016 ) (1024 1024 272 ) 
4 1 2 (1024 1024 -992 ) (1024 1024 2016 ) (1024 2016 2016 ) (1024 2016 -992 ) 
4 2 106 (0 1024 -992 ) (0 1024 64 ) (0 1920 64 ) (0 1920 -992 ) 
4 2 102 (0 1920 64 ) (0 2016 64 ) (0 2016 -992 ) (0 1920 -992 ) 
4 2 99 (0 1024 64 ) (0 1024 176 ) (0 1920 176 ) (0 1920 64 ) 
4 2 96 (0 1024 176 ) (0 1024 191 ) (0 1920 191 ) (0 1920 176 ) 
4 2 93 (0 1024 191 ) (0 1024 213 ) (0 1920 213 ) (0 1920 191 ) 
4 2 90 (0 1024 213 ) (0 1024 216 ) (0 1920 216 ) (0 1920 213 ) 
4 2 87 (0 1024 216 ) (0 1024 2016 ) (0 1920 2016 ) (0 1920 216 ) 
4 2 83 (0 1920 2016 ) (0 2016 2016 ) (0 2016 64 ) (0 1920 64 ) 
4 2 77 (1024 1024 -992 ) (1024 1024 16 ) (0 1024 16 ) (0 1024 -992 ) 
4 2 61 (1024 1024 16 ) (1024 1024 32 ) (0 1024 32 ) (0 1024 16 ) 
4 2 60 (1024 1024 32 ) (1024 1024 64 ) (0 1024 64 ) (0 1024 32 ) 
4 2 55 (1024 1024 64 ) (1024 1024 208 ) (0 1024 208 ) (0 1024 64 ) 
4 2 45 (1024 1024 208 ) (1024 1024 272 ) (0 1024 272 ) (0 1024 208 ) 
4 2 44 (1024 1024 272 ) (1024 1024 2016 ) (0 1024 2016 ) (0 1024 272 ) 
4 3 7 (3040 0 2016 ) (2064 0 2016 ) (2064 0 -992 ) (3040 0 -992 ) 
4 3 5 (2064 0 272 ) (2064 0 2016 ) (2064 248 2016 ) (2064 248 272 ) 
4 3 6 (2064 248 -992 ) (2064 0 -992 ) (2064 0 16 ) (2064 248 16 ) 
4 3 4 (2064 1024 -992 ) (2064 248 -992 ) (2064 248 2016 ) (2064 1024 2016 ) 
4 4 43 (2048 1024 16 ) (2048 1024 -992 ) (2048 248 -992 ) (2048 248 16 ) 
4 4 27 (2048 1024 32 ) (2048 1024 16 ) (2048 248 16 ) (2048 248 32 ) 
4 4 26 (2048 1024 64 ) (2048 1024 32 ) (2048 249 32 ) (2048 249 64 ) 
4 4 21 (2048 1024 208 ) (2048 1024 64 ) (2048 259 64 ) (2048 259 208 ) 
4 4 15 (2048 1024 251 ) (2048 1024 208 ) (2048 254 208 ) (2048 254 251 ) 
4 4 9 (2048 1024 272 ) (2048 1024 251 ) (2048 248 251 ) (2048 248 272 ) 
4 4 8 (2048 1024 2016 ) (2048 1024 272 ) (2048 248 272 ) (2048 248 2016 ) 
4 4 5 (2064 248 272 ) (2064 248 2016 ) (2048 248 2016 ) (2048 248 272 ) 
4 4 6 (2048 248 -992 ) (2064 248 -992 ) (2064 248 16 ) (2048 248 16 ) 
4 5 8 (2048 0 272 ) (2048 0 2016 ) (2048 248 2016 ) (2048 248 272 ) 
4 5 7 (2064 0 2016 ) (2048 0 2016 ) (2048 0 272 ) (2064 0 272 ) 
4 6 43 (2048 248 -992 ) (2048 0 -992 ) (2048 0 16 ) (2048 248 16 ) 
4 6 7 (2048 0 16 ) (2048 0 -992 ) (2064 0 -992 ) (2064 0 16 ) 
4 7 80 (3040 -1024 2016 ) (2048 -1024 2016 ) (2048 -1024 -992 ) (3040 -1024 -992 ) 
4 7 78 (2048 -1024 -992 ) (2048 -1024 2016 ) (2048 0 2016 ) (2048 0 -992 ) 
4 8 78 (2048 0 272 ) (2048 0 2016 ) (1024 0 2016 ) (1024 0 272 ) 
4 8 44 (1024 1024 2016 ) (1024 1024 272 ) (1024 0 272 ) (1024 0 2016 ) 
4 8 9 (1024 230 272 ) (1024 1024 272 ) (2048 1024 272 ) (2048 230 272 ) 
4 8 14 (2048 0 272 ) (1024 0 272 ) (1024 24 272 ) (2048 24 272 ) 
4 9 54 (1024 230 256.295471 ) (1024 230 272 ) (1024 254 272 ) (1024 254 253.568176 ) 
4 9 52 (1024 254 251 ) (1024 230 251 ) (1024 230 256.295471 ) (1024 254 253.568176 ) 
4 9 45 (1024 1024 272 ) (1024 1024 251 ) (1024 254 251 ) (1024 254 272 ) 
4 9 15 (1024 254 251 ) (1024 1024 251 ) (2048 1024 251 ) (2048 254 251 ) 
4 10 16 (1328 207 251 ) (2048 207 251 ) (2048 47 251 ) (1328 47 251 ) 
4 10 12 (1328 128 267.886383 ) (1328 144 266.068207 ) (1328 144 251 ) (1328 128 251 ) 
4 10 11 (1328 144 266.068207 ) (1328 170.997040 263 ) (1328 206.998062 251 ) (1328 144 251 ) 
5 10 13 (1328 47.002953 251 ) (1328 83.011719 263.003418 ) (1328 126.990952 268.001038 ) (1328 128 267.886383 ) (1328 128 251 ) 
4 11 46 (1024 207 251 ) (1024 144 251 ) (1024 144 266.068176 ) (1024 171 263 ) 
4 11 17 (1024 144 251 ) (1024 207 251 ) (1328 207 251 ) (1328 144 251 ) 
4 11 12 (1024 144 251 ) (1328 144 251 ) (1328 144 266.066406 ) (1024 144 266.066406 ) 
4 12 47 (1024 144 251 ) (1024 128 251 ) (1024 128 267.886353 ) (1024 144 266.068176 ) 
4 12 18 (1024 128 251 ) (1024 144 251 ) (1328 144 251 ) (1328 128 251 ) 
4 12 13 (1024 128 251 ) (1328 128 251 ) (1328 128 267.886719 ) (1024 128 267.886719 ) 
5 13 51 (1024 128 251 ) (1024 47 251 ) (1024 83 263 ) (1024 127 268 ) (1024 128 267.886353 ) 
4 13 20 (1024 47 251 ) (1024 128 251 ) (1328 128 251 ) (1328 47 251 ) 
4 14 78 (2048 0 251 ) (2048 0 272 ) (1024 0 272 ) (1024 0 251 ) 
4 14 53 (1024 24 251 ) (1024 0 251 ) (1024 0 272 ) (1024 24 272 ) 
4 15 45 (1024 1024 251 ) (1024 1024 208 ) (1024 254 208 ) (1024 254 251 ) 
4 15 21 (1024 259 208 ) (1024 1024 208 ) (2048 1024 208 ) (2048 259 208 ) 
4 16 22 (1328 243 208 ) (2048 243 208 ) (2048 11 208 ) (1328 11 208 ) 
4 16 19 (1328 144 240 ) (1328 144 208 ) (1328 128 208 ) (1328 128 240 ) 
4 16 18 (1328 128 251 ) (1328 144 251 ) (1328 144 240 ) (1328 128 240 ) 
5 16 17 (1328 144 251 ) (1328 207.007965 251 ) (1328 233.996719 231.008331 ) (1328 243 208 ) (1328 144 208 ) 
5 16 20 (1328 10.998047 208 ) (1328 19.998047 231.003906 ) (1328 46.994606 251 ) (1328 128 251 ) (1328 128 208 ) 
5 17 46 (1024 243 208 ) (1024 144 208 ) (1024 144 251 ) (1024 207 251 ) (1024 234 231 ) 
4 17 22 (1024 144 208 ) (1024 243 208 ) (1328 243 208 ) (1328 144 208 ) 
4 17 19 (1024 144 208 ) (1328 144 208 ) (1328 144 240 ) (1024 144 240 ) 
4 17 18 (1328 144 240 ) (1328 144 251 ) (1024 144 251 ) (1024 144 240 ) 
4 18 47 (1024 128 240 ) (1024 128 251 ) (1024 144 251 ) (1024 144 240 ) 
4 18 20 (1328 128 240 ) (1328 128 251 ) (1024 128 251 ) (1024 128 240 ) 
4 18 19 (1328 128 240 ) (1024 128 240 ) (1024 144 240 ) (1328 144 240 ) 
4 19 50 (1024 144 208 ) (1024 128 208 ) (1024 128 240 ) (1024 144 240 ) 
4 19 22 (1024 128 208 ) (1024 144 208 ) (1328 144 208 ) (1328 128 208 ) 
4 19 20 (1024 128 208 ) (1328 128 208 ) (1328 128 240 ) (1024 128 240 ) 
5 20 51 (1024 128 208 ) (1024 11 208 ) (1024 20 231 ) (1024 47 251 ) (1024 128 251 ) 
4 20 22 (1024 11 208 ) (1024 128 208 ) (1328 128 208 ) (1328 11 208 ) 
4 21 55 (1024 1024 208 ) (1024 1024 64 ) (1024 259 64 ) (1024 259 208 ) 
4 21 26 (1024 259 64 ) (1024 1024 64 ) (2048 1024 64 ) (2048 259 64 ) 
4 22 56 (1024 11 80 ) (1024 11 208 ) (1024 243 208 ) (1024 243 80 ) 
4 22 24 (1344 233 80 ) (1344 96 80 ) (1328 96 80 ) (1328 233 80 ) 
4 22 23 (1344 243 80 ) (2048 243 80 ) (2048 96 80 ) (1344 96 80 ) 
4 22 25 (1024 96 80 ) (1024 243 80 ) (1328 243 80 ) (1328 96 80 ) 
4 23 31 (2048 144 64 ) (2048 96 64 ) (1344 96 64 ) (1344 144 64 ) 
4 23 30 (2048 201 64 ) (2048 144 64 ) (1344 144 64 ) (1344 201 64 ) 
4 23 29 (1344 243 64 ) (2048 243 64 ) (2048 201 64 ) (1344 201 64 ) 
4 23 24 (1344 96 64 ) (1344 96 80 ) (1344 233 80 ) (1344 233 64 ) 
4 24 33 (1344 201 64 ) (1344 144 64 ) (1328 144 64 ) (1328 201 64 ) 
4 24 32 (1344 233 64 ) (1344 201 64 ) (1328 201 64 ) (1328 233 64 ) 
4 24 34 (1344 144 64 ) (1344 96 64 ) (1328 96 64 ) (1328 144 64 ) 
4 24 25 (1328 96 64 ) (1328 96 80 ) (1328 233 80 ) (1328 233 64 ) 
4 25 57 (1024 243 64 ) (1024 96 64 ) (1024 96 80 ) (1024 243 80 ) 
4 25 36 (1024 144 64 ) (1024 201 64 ) (1328 201 64 ) (1328 144 64 ) 
4 25 35 (1024 201 64 ) (1024 243 64 ) (1328 243 64 ) (1328 201 64 ) 
4 25 37 (1024 96 64 ) (1024 144 64 ) (1328 144 64 ) (1328 96 64 ) 
4 26 60 (1024 1024 64 ) (1024 1024 32 ) (1024 249 32 ) (1024 249 64 ) 
4 26 27 (1024 249 32 ) (1024 1024 32 ) (2048 1024 32 ) (2048 249 32 ) 
4 27 61 (1024 1024 32 ) (1024 1024 16 ) (1024 225 16 ) (1024 225 32 ) 
4 27 43 (1024 225 16 ) (1024 1024 16 ) (2048 1024 16 ) (2048 225 16 ) 
4 28 78 (2048 0 32 ) (2048 0 64 ) (1024 0 64 ) (1024 0 32 ) 
4 28 62 (1024 0 32 ) (1024 0 64 ) (1024 88 64 ) (1024 88 32 ) 
4 28 38 (1024 0 32 ) (1024 88 32 ) (2048 88 32 ) (2048 0 32 ) 
4 29 39 (1344 224.996094 32 ) (2048 224.996094 32 ) (2048 201 32 ) (1344 201 32 ) 
4 29 32 (1344 225 32 ) (1344 201 32 ) (1344 201 64 ) (1344 233 64 ) 
4 29 30 (1344 201 64 ) (1344 201 32 ) (2048 201 32 ) (2048 201 64 ) 
4 30 40 (2048 201 32 ) (2048 144 32 ) (1344 144 32 ) (1344 201 32 ) 
4 30 33 (1344 201 32 ) (1344 144 32 ) (1344 144 64 ) (1344 201 64 ) 
4 30 31 (1344 144 64 ) (1344 144 32 ) (2048 144 32 ) (2048 144 64 ) 
4 31 41 (2048 144 32 ) (2048 112 32 ) (1344 112 32 ) (1344 144 32 ) 
4 31 34 (1344 144 32 ) (1344 112 32 ) (1344 96 64 ) (1344 144 64 ) 
4 32 39 (1328 224.996094 32 ) (1344 224.996094 32 ) (1344 201 32 ) (1328 201 32 ) 
4 32 35 (1328 225 32 ) (1328 201 32 ) (1328 201 64 ) (1328 233 64 ) 
4 32 33 (1328 201 64 ) (1328 201 32 ) (1344 201 32 ) (1344 201 64 ) 
4 33 40 (1344 201 32 ) (1344 144 32 ) (1328 144 32 ) (1328 201 32 ) 
4 33 36 (1328 201 32 ) (1328 144 32 ) (1328 144 64 ) (1328 201 64 ) 
4 33 34 (1328 144 64 ) (1328 144 32 ) (1344 144 32 ) (1344 144 64 ) 
4 34 41 (1344 144 32 ) (1344 112 32 ) (1328 112 32 ) (1328 144 32 ) 
4 34 37 (1328 144 32 ) (1328 112 32 ) (1328 96 64 ) (1328 144 64 ) 
4 35 63 (1024 201 64 ) (1024 243 64 ) (1024 225 32 ) (1024 201 32 ) 
4 35 39 (1024 201 32 ) (1024 224.996094 32 ) (1328 224.996094 32 ) (1328 201 32 ) 
4 35 36 (1024 201 32 ) (1328 201 32 ) (1328 201 64 ) (1024 201 64 ) 
4 36 64 (1024 144 64 ) (1024 201 64 ) (1024 201 32 ) (1024 144 32 ) 
4 36 40 (1024 144 32 ) (1024 201 32 ) (1328 201 32 ) (1328 144 32 ) 
4 36 37 (1024 144 32 ) (1328 144 32 ) (1328 144 64 ) (1024 144 64 ) 
4 37 65 (1024 96 64 ) (1024 144 64 ) (1024 144 32 ) (1024 112 32 ) 
4 37 41 (1024 112 32 ) (1024 144 32 ) (1328 144 32 ) (1328 112 32 ) 
4 38 78 (2048 0 24 ) (2048 0 32 ) (1024 0 32 ) (1024 0 24 ) 
4 38 72 (1024 0 24 ) (1024 0 32 ) (1024 112 32 ) (1024 112 24 ) 
4 38 42 (1024 0 24 ) (1024 112 24 ) (2048 112 24 ) (2048 0 24 ) 
3 39 73 (1024 201 32 ) (1024 225 32 ) (1024 201 24 ) 
4 39 40 (1024 201 24 ) (2048 201 24 ) (2048 201 32 ) (1024 201 32 ) 
4 40 74 (1024 144 32 ) (1024 201 32 ) (1024 201 24 ) (1024 144 24 ) 
4 40 41 (1024 144 24 ) (2048 144 24 ) (2048 144 32 ) (1024 144 32 ) 
3 41 75 (1024 112 32 ) (1024 144 32 ) (1024 144 24 ) 
4 42 78 (2048 0 16 ) (2048 0 24 ) (1024 0 24 ) (1024 0 16 ) 
4 42 76 (1024 112 16 ) (1024 0 16 ) (1024 0 24 ) (1024 112 24 ) 
4 42 43 (1024 0 16 ) (1024 112 16 ) (2048 112 16 ) (2048 0 16 ) 
4 43 78 (2048 0 -992 ) (2048 0 16 ) (1024 0 16 ) (1024 0 -992 ) 
4 43 77 (1024 1024 16 ) (1024 1024 -992 ) (1024 0 -992 ) (1024 0 16 ) 
4 44 124 (0 0 272 ) (0 0 2016 ) (0 254 2016 ) (0 254 272 ) 
4 44 115 (0 254 2016 ) (0 1024 2016 ) (0 1024 272 ) (0 254 272 ) 
4 44 79 (1024 0 272 ) (1024 0 2016 ) (0 0 2016 ) (0 0 272 ) 
4 44 54 (1024 254 272 ) (1024 230 272 ) (0 230 272 ) (0 254 272 ) 
4 44 53 (1024 24 272 ) (1024 0 272 ) (0 0 272 ) (0 24 272 ) 
4 44 45 (1024 1024 272 ) (1024 254 272 ) (0 254 272 ) (0 1024 272 ) 
4 45 121 (0 1024 213 ) (0 1024 208 ) (0 254 208 ) (0 254 213 ) 
4 45 118 (0 1024 216 ) (0 1024 213 ) (0 254 213 ) (0 254 216 ) 
4 45 116 (0 1024 221 ) (0 1024 216 ) (0 254 216 ) (0 254 221 ) 
4 45 115 (0 254 272 ) (0 1024 272 ) (0 1024 221 ) (0 254 221 ) 
4 45 55 (0 259 208 ) (0 1024 208 ) (1024 1024 208 ) (1024 259 208 ) 
4 45 54 (1024 254 253.568176 ) (1024 254 272 ) (0 254 272 ) (0 254 253.568176 ) 
4 45 52 (1024 254 251 ) (1024 254 253.568176 ) (0 254 253.568176 ) (0 254 251 ) 
5 46 131 (0 207 251 ) (0 234 231 ) (0 243 208 ) (0 144 208 ) (0 144 251 ) 
4 46 126 (0 144 266.068176 ) (0 171 263 ) (0 207 251 ) (0 144 251 ) 
4 46 56 (0 144 208 ) (0 243 208 ) (1024 243 208 ) (1024 144 208 ) 
4 46 49 (592 144 266.067291 ) (0 144 266.067291 ) (0 144 240 ) (592 144 240 ) 
4 46 48 (608 144 266.067291 ) (592 144 266.067291 ) (592 144 240 ) (608 144 240 ) 
4 46 47 (1024 144 240 ) (1024 144 266.067291 ) (608 144 266.067291 ) (608 144 240 ) 
4 46 50 (0 144 208 ) (1024 144 208 ) (1024 144 240 ) (0 144 240 ) 
4 47 48 (608 144 266.068176 ) (608 144 240 ) (608 128 240 ) (608 128 267.886322 ) 
4 47 50 (1024 128 240 ) (608 128 240 ) (608 144 240 ) (1024 144 240 ) 
4 47 51 (1024 128 240 ) (1024 128 267.886536 ) (608 128 267.886536 ) (608 128 240 ) 
4 48 51 (608 128 267.886536 ) (592 128 267.886536 ) (592 128 240 ) (608 128 240 ) 
4 48 50 (608 128 240 ) (592 128 240 ) (592 144 240 ) (608 144 240 ) 
4 48 49 (592 144 266.068176 ) (592 144 240 ) (592 128 240 ) (592 128 267.886322 ) 
4 49 132 (0 144 251 ) (0 144 240 ) (0 128 240 ) (0 128 251 ) 
4 49 127 (0 128 267.886353 ) (0 144 266.068176 ) (0 144 251 ) (0 128 251 ) 
4 49 51 (592 128 267.886536 ) (0 128 267.886536 ) (0 128 240 ) (592 128 240 ) 
4 49 50 (592 128 240 ) (0 128 240 ) (0 144 240 ) (592 144 240 ) 
4 50 133 (0 144 240 ) (0 144 208 ) (0 128 208 ) (0 128 240 ) 
4 50 56 (0 128 208 ) (0 144 208 ) (1024 144 208 ) (1024 128 208 ) 
4 50 51 (0 128 208 ) (1024 128 208 ) (1024 128 240 ) (0 128 240 ) 
5 51 134 (0 47 251 ) (0 128 251 ) (0 128 208 ) (0 11 208 ) (0 20 231 ) 
5 51 128 (0 47 251 ) (0 83 263 ) (0 127 268 ) (0 128 267.886353 ) (0 128 251 ) 
4 51 56 (0 11 208 ) (0 128 208 ) (1024 128 208 ) (1024 11 208 ) 
4 52 125 (0 230 256.295441 ) (0 254 253.568176 ) (0 254 251 ) (0 230 251 ) 
4 52 54 (1024 254 253.567627 ) (0 254 253.567627 ) (0 230 256.294891 ) (1024 230 256.294891 ) 
4 53 130 (0 0 251 ) (0 0 272 ) (0 24 272 ) (0 24 251 ) 
4 53 79 (1024 0 251 ) (1024 0 272 ) (0 0 272 ) (0 0 251 ) 
4 54 125 (0 230 272 ) (0 254 272 ) (0 254 253.568176 ) (0 230 256.295441 ) 
4 55 146 (0 1024 80 ) (0 1024 64 ) (0 259 64 ) (0 259 80 ) 
4 55 137 (0 259 208 ) (0 1024 208 ) (0 1024 80 ) (0 259 80 ) 
4 55 60 (1024 1024 64 ) (1024 259 64 ) (0 259 64 ) (0 1024 64 ) 
4 56 145 (0 11 208 ) (0 243 208 ) (0 243 80 ) (0 11 80 ) 
4 56 58 (608 233 80 ) (608 96 80 ) (592 96 80 ) (592 233 80 ) 
4 56 57 (608 243 80 ) (1024 243 80 ) (1024 96 80 ) (608 96 80 ) 
4 56 59 (0 96 80 ) (0 243 80 ) (592 243 80 ) (592 96 80 ) 
4 57 65 (1024 144 64 ) (1024 96 64 ) (608 96 64 ) (608 144 64 ) 
4 57 64 (1024 201 64 ) (1024 144 64 ) (608 144 64 ) (608 201 64 ) 
4 57 63 (1024 243 64 ) (1024 201 64 ) (608 201 64 ) (608 243 64 ) 
4 57 58 (608 96 64 ) (608 96 80 ) (608 233 80 ) (608 233 64 ) 
4 58 67 (592 144 64 ) (592 201 64 ) (608 201 64 ) (608 144 64 ) 
4 58 66 (592 201 64 ) (592 233 64 ) (608 233 64 ) (608 201 64 ) 
4 58 68 (608 96 64 ) (592 96 64 ) (592 144 64 ) (608 144 64 ) 
4 58 59 (592 96 64 ) (592 96 80 ) (592 233 80 ) (592 233 64 ) 
4 59 152 (0 233 64 ) (0 96 64 ) (0 96 80 ) (0 233 80 ) 
4 59 149 (0 243 80 ) (0 243 64 ) (0 233 64 ) (0 233 80 ) 
4 59 70 (0 144 64 ) (0 201 64 ) (592 201 64 ) (592 144 64 ) 
4 59 69 (0 201 64 ) (0 243 64 ) (592 243 64 ) (592 201 64 ) 
4 59 71 (592 96 64 ) (0 96 64 ) (0 144 64 ) (592 144 64 ) 
4 60 153 (0 249 64 ) (0 1024 64 ) (0 1024 32 ) (0 249 32 ) 
4 60 61 (0 249 32 ) (0 1024 32 ) (1024 1024 32 ) (1024 249 32 ) 
4 61 163 (0 1024 32 ) (0 1024 16 ) (0 225 16 ) (0 225 32 ) 
4 61 77 (0 225 16 ) (0 1024 16 ) (1024 1024 16 ) (1024 225 16 ) 
4 62 167 (0 0 32 ) (0 0 64 ) (0 88 64 ) (0 88 32 ) 
4 62 79 (1024 0 32 ) (1024 0 64 ) (0 0 64 ) (0 0 32 ) 
4 62 72 (1024 0 32 ) (0 0 32 ) (0 88 32 ) (1024 88 32 ) 
4 63 73 (608 224.996094 32 ) (1024 224.996094 32 ) (1024 201 32 ) (608 201 32 ) 
4 63 66 (608 225 32 ) (608 201 32 ) (608 201 64 ) (608 233 64 ) 
4 63 64 (608 201 64 ) (608 201 32 ) (1024 201 32 ) (1024 201 64 ) 
4 64 74 (1024 201 32 ) (1024 144 32 ) (608 144 32 ) (608 201 32 ) 
4 64 67 (608 201 32 ) (608 144 32 ) (608 144 64 ) (608 201 64 ) 
4 64 65 (608 144 64 ) (608 144 32 ) (1024 144 32 ) (1024 144 64 ) 
4 65 75 (1024 144 32 ) (1024 112 32 ) (608 112 32 ) (608 144 32 ) 
4 65 68 (608 144 32 ) (608 112 32 ) (608 96 64 ) (608 144 64 ) 
4 66 73 (592 224.996094 32 ) (608 224.996094 32 ) (608 201 32 ) (592 201 32 ) 
4 66 69 (592 225 32 ) (592 201 32 ) (592 201 64 ) (592 233 64 ) 
4 66 67 (592 201 64 ) (592 201 32 ) (608 201 32 ) (608 201 64 ) 
4 67 74 (608 201 32 ) (608 144 32 ) (592 144 32 ) (592 201 32 ) 
4 67 70 (592 201 32 ) (592 144 32 ) (592 144 64 ) (592 201 64 ) 
4 67 68 (592 144 64 ) (592 144 32 ) (608 144 32 ) (608 144 64 ) 
4 68 75 (608 144 32 ) (608 112 32 ) (592 112 32 ) (592 144 32 ) 
4 68 71 (592 144 32 ) (592 112 32 ) (592 96 64 ) (592 144 64 ) 
4 69 168 (0 201 64 ) (0 225 64 ) (0 225 32 ) (0 201 32 ) 
3 69 156 (0 225 64 ) (0 243 64 ) (0 225 32 ) 
4 69 73 (0 201 32 ) (0 224.996094 32 ) (592 224.996094 32 ) (592 201 32 ) 
4 69 70 (0 201 32 ) (592 201 32 ) (592 201 64 ) (0 201 64 ) 
4 70 169 (0 144 64 ) (0 201 64 ) (0 201 32 ) (0 144 32 ) 
4 70 74 (0 144 32 ) (0 201 32 ) (592 201 32 ) (592 144 32 ) 
4 70 71 (0 144 32 ) (592 144 32 ) (592 144 64 ) (0 144 64 ) 
4 71 170 (0 96 64 ) (0 144 64 ) (0 144 32 ) (0 112 32 ) 
4 71 75 (0 112 32 ) (0 144 32 ) (592 144 32 ) (592 112 32 ) 
4 72 177 (0 0 24 ) (0 0 32 ) (0 112 32 ) (0 112 24 ) 
4 72 79 (1024 0 24 ) (1024 0 32 ) (0 0 32 ) (0 0 24 ) 
4 72 76 (1024 0 24 ) (0 0 24 ) (0 112 24 ) (1024 112 24 ) 
3 73 178 (0 201 32 ) (0 225 32 ) (0 201 24 ) 
4 73 74 (0 201 24 ) (1024 201 24 ) (1024 201 32 ) (0 201 32 ) 
4 74 179 (0 144 32 ) (0 201 32 ) (0 201 24 ) (0 144 24 ) 
4 74 75 (0 144 24 ) (1024 144 24 ) (1024 144 32 ) (0 144 32 ) 
3 75 180 (0 112 32 ) (0 144 32 ) (0 144 24 ) 
4 76 177 (0 0 16 ) (0 0 24 ) (0 112 24 ) (0 112 16 ) 
4 76 79 (1024 0 16 ) (1024 0 24 ) (0 0 24 ) (0 0 16 ) 
4 76 77 (1024 0 16 ) (0 0 16 ) (0 112 16 ) (1024 112 16 ) 
4 77 187 (0 0 -992 ) (0 0 16 ) (0 1024 16 ) (0 1024 -992 ) 
4 77 79 (1024 0 -992 ) (1024 0 16 ) (0 0 16 ) (0 0 -992 ) 
4 78 81 (2048 -1024 -992 ) (2048 -1024 2016 ) (1024 -1024 2016 ) (1024 -1024 -992 ) 
4 78 79 (1024 0 2016 ) (1024 0 -992 ) (1024 -1024 -992 ) (1024 -1024 2016 ) 
4 79 224 (0 -1024 -992 ) (0 -1024 2016 ) (0 0 2016 ) (0 0 -992 ) 
4 79 82 (1024 -1024 -992 ) (1024 -1024 2016 ) (0 -1024 2016 ) (0 -1024 -992 ) 
4 80 81 (2048 -1024 2016 ) (2048 -1024 -992 ) (2048 -2016 -992 ) (2048 -2016 2016 ) 
4 81 82 (1024 -1024 2016 ) (1024 -1024 -992 ) (1024 -2016 -992 ) (1024 -2016 2016 ) 
4 82 226 (0 -2016 2016 ) (0 -1024 2016 ) (0 -1024 -992 ) (0 -2016 -992 ) 
4 83 102 (0 2016 64 ) (0 1920 64 ) (-448 1920 64 ) (-448 2016 64 ) 
4 83 99 (-448 1920 64 ) (0 1920 64 ) (0 1920 176 ) (-448 1920 176 ) 
4 83 96 (0 1920 176 ) (0 1920 191 ) (-448 1920 191 ) (-448 1920 176 ) 
4 83 93 (0 1920 191 ) (0 1920 213 ) (-448 1920 213 ) (-448 1920 191 ) 
4 83 90 (0 1920 213 ) (0 1920 216 ) (-448 1920 216 ) (-448 1920 213 ) 
4 83 87 (0 1920 216 ) (0 1920 2016 ) (-448 1920 2016 ) (-448 1920 216 ) 
4 83 85 (-448 1920 221 ) (-448 1920 2016 ) (-448 1928 2016 ) (-448 1928 221 ) 
4 83 84 (-448 2016 2016 ) (-448 2016 64 ) (-448 1928 64 ) (-448 1928 2016 ) 
4 84 103 (-656 1928 64 ) (-656 2016 64 ) (-448 2016 64 ) (-448 1928 64 ) 
4 84 85 (-656 1928 2016 ) (-656 1928 221 ) (-448 1928 221 ) (-448 1928 2016 ) 
4 84 86 (-656 2016 2016 ) (-656 2016 64 ) (-656 1928 64 ) (-656 1928 2016 ) 
4 85 88 (-480 1920 2016 ) (-624 1920 2016 ) (-624 1920 221 ) (-480 1920 221 ) 
4 85 87 (-448 1920 221 ) (-448 1920 2016 ) (-480 1920 2016 ) (-480 1920 221 ) 
4 85 89 (-624 1920 2016 ) (-656 1920 2016 ) (-656 1920 221 ) (-624 1920 221 ) 
4 85 86 (-656 1920 221 ) (-656 1920 2016 ) (-656 1928 2016 ) (-656 1928 221 ) 
4 86 112 (-1024 2016 64 ) (-1024 1920 64 ) (-1024 1920 2016 ) (-1024 2016 2016 ) 
4 86 105 (-656 1920 64 ) (-1024 1920 64 ) (-1024 2016 64 ) (-656 2016 64 ) 
4 86 101 (-1024 1920 176 ) (-1024 1920 64 ) (-656 1920 64 ) (-656 1920 176 ) 
4 86 98 (-1024 1920 191 ) (-1024 1920 176 ) (-656 1920 176 ) (-656 1920 191 ) 
4 86 95 (-1024 1920 213 ) (-1024 1920 191 ) (-656 1920 191 ) (-656 1920 213 ) 
4 86 92 (-1024 1920 216 ) (-1024 1920 213 ) (-656 1920 213 ) (-656 1920 216 ) 
4 86 89 (-1024 1920 2016 ) (-1024 1920 216 ) (-656 1920 216 ) (-656 1920 2016 ) 
4 87 116 (0 1024 216 ) (0 1024 221 ) (-480 1024 221 ) (-480 1024 216 ) 
4 87 115 (0 1024 221 ) (0 1024 2016 ) (-480 1024 2016 ) (-480 1024 221 ) 
4 87 90 (0 1024 216 ) (-480 1024 216 ) (-480 1920 216 ) (0 1920 216 ) 
4 87 88 (-480 1024 221 ) (-480 1024 2016 ) (-480 1920 2016 ) (-480 1920 221 ) 
4 88 115 (-480 1024 2016 ) (-624 1024 2016 ) (-624 1024 221 ) (-480 1024 221 ) 
4 88 89 (-624 1024 221 ) (-624 1024 2016 ) (-624 1920 2016 ) (-624 1920 221 ) 
4 89 117 (-1024 1024 221 ) (-1024 1024 216 ) (-624 1024 216 ) (-624 1024 221 ) 
4 89 115 (-624 1024 2016 ) (-1024 1024 2016 ) (-1024 1024 221 ) (-624 1024 221 ) 
4 89 112 (-1024 1024 216 ) (-1024 1024 2016 ) (-1024 1920 2016 ) (-1024 1920 216 ) 
4 89 92 (-624 1024 216 ) (-1024 1024 216 ) (-1024 1920 216 ) (-624 1920 216 ) 
4 90 118 (0 1024 213 ) (0 1024 216 ) (-480 1024 216 ) (-480 1024 213 ) 
4 90 93 (-464 1920 213 ) (0 1920 213 ) (0 1024 213 ) (-464 1024 213 ) 
5 91 119 (-504 1024 216 ) (-600 1024 216 ) (-615 1024 213.001862 ) (-615 1024 213 ) (-489 1024 213 ) 
4 91 94 (-615 1920 213 ) (-489 1920 213 ) (-489 1024 213 ) (-615 1024 213 ) 
4 92 120 (-615 1024 216 ) (-1024 1024 216 ) (-1024 1024 213 ) (-615 1024 213 ) 
4 92 112 (-1024 1024 213 ) (-1024 1024 216 ) (-1024 1920 216 ) (-1024 1920 213 ) 
4 92 95 (-1024 1920 213 ) (-640 1920 213 ) (-640 1024 213 ) (-1024 1024 213 ) 
4 93 139 (-461 1024 208 ) (-464 1024 208 ) (-464 1024 191 ) (-461 1024 191 ) 
4 93 138 (-448 1024 208 ) (-461 1024 208 ) (-461 1024 191 ) (-448 1024 191 ) 
4 93 137 (0 1024 191 ) (0 1024 208 ) (-448 1024 208 ) (-448 1024 191 ) 
4 93 121 (0 1024 208 ) (0 1024 213 ) (-464 1024 213 ) (-464 1024 208 ) 
4 93 96 (-461 1920 191 ) (0 1920 191 ) (0 1024 191 ) (-461 1024 191 ) 
6 94 140 (-622.222229 1024 208 ) (-628 1024 204 ) (-637 1024 191 ) (-467 1024 191 ) (-476 1024 204 ) (-481.777740 1024 208 ) 
4 94 122 (-489 1024 213 ) (-615 1024 213 ) (-622.222229 1024 208 ) (-481.777740 1024 208 ) 
4 94 97 (-637 1920 191 ) (-467 1920 191 ) (-467 1024 191 ) (-637 1024 191 ) 
4 95 143 (-656 1024 191 ) (-643 1024 191 ) (-643 1024 208 ) (-656 1024 208 ) 
4 95 144 (-1024 1024 208 ) (-1024 1024 191 ) (-656 1024 191 ) (-656 1024 208 ) 
4 95 142 (-643 1024 191 ) (-640 1024 191 ) (-640 1024 208 ) (-643 1024 208 ) 
4 95 123 (-640 1024 213 ) (-1024 1024 213 ) (-1024 1024 208 ) (-640 1024 208 ) 
4 95 112 (-1024 1024 191 ) (-1024 1024 213 ) (-1024 1920 213 ) (-1024 1920 191 ) 
4 95 98 (-1024 1920 191 ) (-643 1920 191 ) (-643 1024 191 ) (-1024 1024 191 ) 
4 96 138 (-448 1024 191 ) (-461 1024 191 ) (-461 1024 176 ) (-448 1024 176 ) 
4 96 137 (0 1024 176 ) (0 1024 191 ) (-448 1024 191 ) (-448 1024 176 ) 
4 96 99 (0 1024 176 ) (-448 1024 176 ) (-448 1920 176 ) (0 1920 176 ) 
4 97 141 (-467 1024 191 ) (-637 1024 191 ) (-640 1024 176 ) (-464 1024 176 ) 
4 97 100 (-464 1024 176 ) (-640 1024 176 ) (-640 1920 176 ) (-464 1920 176 ) 
4 98 143 (-643 1024 191 ) (-656 1024 191 ) (-656 1024 176 ) (-643 1024 176 ) 
4 98 144 (-656 1024 191 ) (-1024 1024 191 ) (-1024 1024 176 ) (-656 1024 176 ) 
4 98 112 (-1024 1024 176 ) (-1024 1024 191 ) (-1024 1920 191 ) (-1024 1920 176 ) 
4 98 101 (-656 1024 176 ) (-1024 1024 176 ) (-1024 1920 176 ) (-656 1920 176 ) 
4 99 146 (0 1024 64 ) (0 1024 80 ) (-448 1024 80 ) (-448 1024 64 ) 
4 99 137 (0 1024 80 ) (0 1024 176 ) (-448 1024 176 ) (-448 1024 80 ) 
4 99 106 (0 1920 64 ) (0 1024 64 ) (-448 1024 64 ) (-448 1920 64 ) 
4 100 147 (-640 1024 80 ) (-640 1024 64 ) (-464 1024 64 ) (-464 1024 80 ) 
4 100 141 (-464 1024 176 ) (-640 1024 176 ) (-640 1024 80 ) (-464 1024 80 ) 
4 100 108 (-464 1024 64 ) (-640 1024 64 ) (-640 1920 64 ) (-464 1920 64 ) 
4 101 148 (-1024 1024 80 ) (-1024 1024 64 ) (-656 1024 64 ) (-656 1024 80 ) 
4 101 144 (-656 1024 176 ) (-1024 1024 176 ) (-1024 1024 80 ) (-656 1024 80 ) 
4 101 112 (-1024 1024 64 ) (-1024 1024 176 ) (-1024 1920 176 ) (-1024 1920 64 ) 
4 101 110 (-656 1024 64 ) (-1024 1024 64 ) (-1024 1920 64 ) (-656 1920 64 ) 
4 102 106 (0 1920 -992 ) (0 1920 64 ) (-448 1920 64 ) (-448 1920 -992 ) 
4 102 104 (-448 1928 -992 ) (-448 1920 -992 ) (-448 1920 16 ) (-448 1928 16 ) 
4 102 103 (-448 2016 64 ) (-448 2016 -992 ) (-448 1928 -992 ) (-448 1928 64 ) 
4 103 104 (-656 1928 16 ) (-656 1928 -992 ) (-448 1928 -992 ) (-448 1928 16 ) 
4 103 105 (-656 2016 64 ) (-656 2016 -992 ) (-656 1928 -992 ) (-656 1928 64 ) 
4 104 111 (-656 1920 16 ) (-656 1920 -992 ) (-640 1920 -992 ) (-640 1920 16 ) 
4 104 109 (-640 1920 -992 ) (-464 1920 -992 ) (-464 1920 16 ) (-640 1920 16 ) 
4 104 107 (-464 1920 -992 ) (-448 1920 -992 ) (-448 1920 16 ) (-464 1920 16 ) 
4 104 105 (-656 1928 -992 ) (-656 1920 -992 ) (-656 1920 16 ) (-656 1928 16 ) 
4 105 112 (-1024 1920 -992 ) (-1024 1920 64 ) (-1024 2016 64 ) (-1024 2016 -992 ) 
4 105 111 (-1024 1920 16 ) (-1024 1920 -992 ) (-656 1920 -992 ) (-656 1920 16 ) 
4 105 110 (-656 1920 64 ) (-1024 1920 64 ) (-1024 1920 16 ) (-656 1920 16 ) 
4 106 187 (0 1024 -992 ) (0 1024 16 ) (-448 1024 16 ) (-448 1024 -992 ) 
4 106 163 (0 1024 16 ) (0 1024 32 ) (-448 1024 32 ) (-448 1024 16 ) 
4 106 153 (0 1024 32 ) (0 1024 64 ) (-448 1024 64 ) (-448 1024 32 ) 
4 106 107 (-448 1920 16 ) (-448 1920 -992 ) (-448 1024 -992 ) (-448 1024 16 ) 
4 107 187 (-464 1024 16 ) (-464 1024 -992 ) (-448 1024 -992 ) (-448 1024 16 ) 
4 107 109 (-464 1920 16 ) (-464 1920 -992 ) (-464 1024 -992 ) (-464 1024 16 ) 
4 108 164 (-464 1024 24 ) (-464 1024 32 ) (-640 1024 32 ) (-640 1024 24 ) 
4 108 154 (-464 1024 32 ) (-464 1024 64 ) (-640 1024 64 ) (-640 1024 32 ) 
4 109 187 (-464 1024 -992 ) (-464 1024 16 ) (-640 1024 16 ) (-640 1024 -992 ) 
4 109 111 (-640 1920 16 ) (-640 1920 -992 ) (-640 1024 -992 ) (-640 1024 16 ) 
4 110 165 (-1024 1024 32 ) (-1024 1024 16 ) (-656 1024 16 ) (-656 1024 32 ) 
4 110 155 (-656 1024 64 ) (-1024 1024 64 ) (-1024 1024 32 ) (-656 1024 32 ) 
4 110 112 (-1024 1024 16 ) (-1024 1024 64 ) (-1024 1920 64 ) (-1024 1920 16 ) 
4 110 111 (-1024 1024 16 ) (-1024 1920 16 ) (-656 1920 16 ) (-656 1024 16 ) 
4 111 187 (-640 1024 -992 ) (-640 1024 16 ) (-1024 1024 16 ) (-1024 1024 -992 ) 
4 111 112 (-1024 1024 -992 ) (-1024 1024 16 ) (-1024 1920 16 ) (-1024 1920 -992 ) 
4 112 223 (-1024 1024 -992 ) (-1024 1024 16 ) (-2048 1024 16 ) (-2048 1024 -992 ) 
4 112 218 (-1024 1024 16 ) (-1024 1024 32 ) (-2048 1024 32 ) (-2048 1024 16 ) 
4 112 207 (-1024 1024 32 ) (-1024 1024 64 ) (-2048 1024 64 ) (-2048 1024 32 ) 
4 112 202 (-1024 1024 64 ) (-1024 1024 80 ) (-2048 1024 80 ) (-2048 1024 64 ) 
4 112 201 (-1024 1024 80 ) (-1024 1024 208 ) (-2048 1024 208 ) (-2048 1024 80 ) 
4 112 195 (-1024 1024 208 ) (-1024 1024 251 ) (-2048 1024 251 ) (-2048 1024 208 ) 
4 112 189 (-1024 1024 251 ) (-1024 1024 272 ) (-2048 1024 272 ) (-2048 1024 251 ) 
4 112 188 (-1024 1024 272 ) (-1024 1024 2016 ) (-2048 1024 2016 ) (-2048 1024 272 ) 
4 112 113 (-2048 1024 -992 ) (-2048 1024 2016 ) (-2048 2016 2016 ) (-2048 2016 -992 ) 
4 113 261 (-2048 1024 -992 ) (-2048 1024 16 ) (-3072 1024 16 ) (-3072 1024 -992 ) 
4 113 256 (-2048 1024 16 ) (-2048 1024 32 ) (-3072 1024 32 ) (-3072 1024 16 ) 
4 113 245 (-2048 1024 32 ) (-2048 1024 64 ) (-3072 1024 64 ) (-3072 1024 32 ) 
4 113 240 (-2048 1024 64 ) (-2048 1024 80 ) (-3072 1024 80 ) (-3072 1024 64 ) 
4 113 239 (-2048 1024 80 ) (-2048 1024 208 ) (-3072 1024 208 ) (-3072 1024 80 ) 
4 113 229 (-2048 1024 208 ) (-2048 1024 272 ) (-3072 1024 272 ) (-3072 1024 208 ) 
4 113 228 (-2048 1024 272 ) (-2048 1024 2016 ) (-3072 1024 2016 ) (-3072 1024 272 ) 
4 113 114 (-3072 1024 -992 ) (-3072 1024 2016 ) (-3072 2016 2016 ) (-3072 2016 -992 ) 
4 114 291 (-3592 1024 2016 ) (-4064 1024 2016 ) (-4064 1024 -992 ) (-3592 1024 -992 ) 
4 114 288 (-3584 1024 2016 ) (-3592 1024 2016 ) (-3592 1024 -992 ) (-3584 1024 -992 ) 
4 114 287 (-3072 1024 -992 ) (-3072 1024 16 ) (-3584 1024 16 ) (-3584 1024 -992 ) 
4 114 275 (-3072 1024 16 ) (-3072 1024 32 ) (-3584 1024 32 ) (-3584 1024 16 ) 
4 114 274 (-3072 1024 32 ) (-3072 1024 64 ) (-3584 1024 64 ) (-3584 1024 32 ) 
4 114 270 (-3072 1024 64 ) (-3072 1024 80 ) (-3584 1024 80 ) (-3584 1024 64 ) 
4 114 269 (-3072 1024 80 ) (-3072 1024 208 ) (-3584 1024 208 ) (-3584 1024 80 ) 
4 114 267 (-3072 1024 208 ) (-3072 1024 251 ) (-3584 1024 251 ) (-3584 1024 208 ) 
4 114 264 (-3072 1024 251 ) (-3072 1024 272 ) (-3584 1024 272 ) (-3584 1024 251 ) 
4 114 263 (-3072 1024 272 ) (-3072 1024 2016 ) (-3584 1024 2016 ) (-3584 1024 272 ) 
4 115 195 (-1024 1024 251 ) (-1024 1024 221 ) (-1024 254 221 ) (-1024 254 251 ) 
4 115 189 (-1024 1024 272 ) (-1024 1024 251 ) (-1024 254 251 ) (-1024 254 272 ) 
4 115 188 (-1024 1024 2016 ) (-1024 1024 272 ) (-1024 254 272 ) (-1024 254 2016 ) 
4 115 125 (0 254 251 ) (0 254 272 ) (-1024 254 272 ) (-1024 254 251 ) 
4 115 124 (0 254 272 ) (0 254 2016 ) (-1024 254 2016 ) (-1024 254 272 ) 
4 115 116 (0 254 221 ) (-480 254 221 ) (-480 1024 221 ) (0 1024 221 ) 
4 115 117 (-624 254 221 ) (-1024 254 221 ) (-1024 1024 221 ) (-624 1024 221 ) 
4 116 118 (0 254 216 ) (-480 254 216 ) (-480 1024 216 ) (0 1024 216 ) 
4 117 195 (-1024 1024 221 ) (-1024 1024 216 ) (-1024 254 216 ) (-1024 254 221 ) 
4 117 120 (-624 254 216 ) (-1024 254 216 ) (-1024 1024 216 ) (-624 1024 216 ) 
4 118 121 (0 254 213 ) (-464 254 213 ) (-464 1024 213 ) (0 1024 213 ) 
4 119 136 (-504 254 216 ) (-600.010742 254 216 ) (-615 254 213 ) (-489 254 213 ) 
4 119 122 (-489 254 213 ) (-615 254 213 ) (-615 1024 213 ) (-489 1024 213 ) 
4 120 195 (-1024 1024 216 ) (-1024 1024 213 ) (-1024 254 213 ) (-1024 254 216 ) 
4 120 123 (-640 254 213 ) (-1024 254 213 ) (-1024 1024 213 ) (-640 1024 213 ) 
4 121 139 (-464 1024 208 ) (-461 1024 208 ) (-461 259 208 ) (-464 259 208 ) 
4 121 138 (-461 1024 208 ) (-448 1024 208 ) (-448 259 208 ) (-461 259 208 ) 
4 121 137 (-448 1024 208 ) (0 1024 208 ) (0 259 208 ) (-448 259 208 ) 
4 122 140 (-622.222290 1024 208 ) (-481.777771 1024 208 ) (-481.777771 254 208 ) (-622.222290 254 208 ) 
4 122 136 (-622 254 208 ) (-481.777771 254 208 ) (-489 254 213 ) (-615 254 213 ) 
4 123 195 (-1024 1024 213 ) (-1024 1024 208 ) (-1024 254 208 ) (-1024 254 213 ) 
4 123 143 (-656 1024 208 ) (-643 1024 208 ) (-643 259 208 ) (-656 259 208 ) 
4 123 144 (-1024 259 208 ) (-1024 1024 208 ) (-656 1024 208 ) (-656 259 208 ) 
4 123 142 (-643 1024 208 ) (-640 1024 208 ) (-640 259 208 ) (-643 259 208 ) 
4 124 224 (0 0 272 ) (0 0 2016 ) (-1024 0 2016 ) (-1024 0 272 ) 
4 124 188 (-1024 0 272 ) (-1024 0 2016 ) (-1024 254 2016 ) (-1024 254 272 ) 
4 124 130 (-1024 0 272 ) (-1024 24 272 ) (0 24 272 ) (0 0 272 ) 
4 124 125 (-1024 230 272 ) (-1024 254 272 ) (0 254 272 ) (0 230 272 ) 
4 125 189 (-1024 230 272 ) (-1024 254 272 ) (-1024 254 251 ) (-1024 230 251 ) 
4 126 131 (-128 207 251 ) (0 207 251 ) (0 144 251 ) (-128 144 251 ) 
4 126 129 (-128 144 266.068176 ) (-128 170.990463 263.001068 ) (-128 206.993668 251 ) (-128 144 251 ) 
4 126 127 (-128 144 266.068176 ) (-128 144 251 ) (0 144 251 ) (0 144 266.068176 ) 
4 127 132 (0 144 251 ) (0 128 251 ) (-128 128 251 ) (-128 144 251 ) 
4 127 128 (-128 128 267.886322 ) (-128 128 251 ) (0 128 251 ) (0 128 267.886322 ) 
4 127 129 (-128 128 267.886353 ) (-128 144 266.068176 ) (-128 144 251 ) (-128 128 251 ) 
4 128 134 (0 128 251 ) (0 47 251 ) (-128 47 251 ) (-128 128 251 ) 
5 128 129 (-128 46.996716 251 ) (-128 82.996094 263 ) (-128 126.996872 268 ) (-128 128 267.886353 ) (-128 128 251 ) 
5 129 190 (-1024 127 268 ) (-1024 171 263 ) (-1024 207 251 ) (-1024 47 251 ) (-1024 83 263 ) 
4 129 135 (-1024 47 251 ) (-1024 207 251 ) (-128 207 251 ) (-128 47 251 ) 
4 130 224 (0 0 251 ) (0 0 272 ) (-1024 0 272 ) (-1024 0 251 ) 
4 130 194 (-1024 0 251 ) (-1024 0 272 ) (-1024 24 272 ) (-1024 24 251 ) 
4 131 145 (-128 243 208 ) (0 243 208 ) (0 144 208 ) (-128 144 208 ) 
4 131 133 (-128 144 240 ) (-128 144 208 ) (0 144 208 ) (0 144 240 ) 
4 131 132 (-128 144 251 ) (-128 144 240 ) (0 144 240 ) (0 144 251 ) 
5 131 135 (-128 144 251 ) (-128 206.994156 251 ) (-128 234.002396 230.993896 ) (-128 243 208 ) (-128 144 208 ) 
4 132 135 (-128 128 251 ) (-128 144 251 ) (-128 144 240 ) (-128 128 240 ) 
4 132 134 (-128 128 251 ) (-128 128 240 ) (0 128 240 ) (0 128 251 ) 
4 132 133 (0 128 240 ) (-128 128 240 ) (-128 144 240 ) (0 144 240 ) 
4 133 145 (0 144 208 ) (0 128 208 ) (-128 128 208 ) (-128 144 208 ) 
4 133 135 (-128 144 240 ) (-128 144 208 ) (-128 128 208 ) (-128 128 240 ) 
4 133 134 (-128 128 240 ) (-128 128 208 ) (0 128 208 ) (0 128 240 ) 
4 134 145 (0 128 208 ) (0 11 208 ) (-128 11 208 ) (-128 128 208 ) 
5 134 135 (-128 11.003906 208 ) (-128 20.003906 231 ) (-128 47.002426 251 ) (-128 128 251 ) (-128 128 208 ) 
6 135 196 (-1024 47 251 ) (-1024 207 251 ) (-1024 234 231 ) (-1024 243 208 ) (-1024 11 208 ) (-1024 20 231 ) 
4 135 145 (-1024 11 208 ) (-1024 243 208 ) (-128 243 208 ) (-128 11 208 ) 
6 135 136 (-481.777039 243.001007 208 ) (-622 243.001007 208 ) (-615 241.044464 213 ) (-600 239.870544 216 ) (-504 239.870544 216 ) (-489 241.044464 213 ) 
4 136 140 (-622 254 208 ) (-481.776978 254 208 ) (-481.777008 243 208 ) (-622 243 208 ) 
4 137 146 (-448 1024 80 ) (0 1024 80 ) (0 259 80 ) (-448 259 80 ) 
4 137 138 (-448 259 176 ) (-448 259 208 ) (-448 1024 208 ) (-448 1024 176 ) 
4 138 139 (-461 259 191 ) (-461 259 208 ) (-461 1024 208 ) (-461 1024 191 ) 
6 140 145 (-476 243 204 ) (-481.775024 243 208 ) (-622.222290 243 208 ) (-628 243 204 ) (-637 243 191 ) (-467 243 191 ) 
4 140 141 (-637 1024 191 ) (-467 1024 191 ) (-467 243 191 ) (-637 243 191 ) 
4 141 147 (-640 1024 80 ) (-464 1024 80 ) (-464 243 80 ) (-640 243 80 ) 
6 141 145 (-640 243 80 ) (-464 243 80 ) (-464 243 176 ) (-467 243 191 ) (-637 243 191 ) (-640 243 176 ) 
4 142 143 (-643 259 208 ) (-643 1024 208 ) (-643 1024 191 ) (-643 259 191 ) 
4 143 144 (-656 259 176 ) (-656 259 208 ) (-656 1024 208 ) (-656 1024 176 ) 
4 144 201 (-1024 259 208 ) (-1024 1024 208 ) (-1024 1024 80 ) (-1024 259 80 ) 
4 144 148 (-1024 259 80 ) (-1024 1024 80 ) (-656 1024 80 ) (-656 259 80 ) 
4 145 203 (-1024 11 208 ) (-1024 243 208 ) (-1024 243 80 ) (-1024 11 80 ) 
4 145 152 (-1024 96 80 ) (-1024 233 80 ) (0 233 80 ) (0 96 80 ) 
4 145 151 (-1024 233 80 ) (-1024 243 80 ) (-880 243 80 ) (-880 233 80 ) 
4 145 149 (-128 243 80 ) (0 243 80 ) (0 233 80 ) (-128 233 80 ) 
4 145 150 (-864 243 80 ) (-144 243 80 ) (-144 233 80 ) (-864 233 80 ) 
4 146 153 (-448 1024 64 ) (0 1024 64 ) (0 259 64 ) (-448 259 64 ) 
4 147 154 (-640 1024 64 ) (-464 1024 64 ) (-464 243 64 ) (-640 243 64 ) 
4 147 150 (-640 243 64 ) (-464 243 64 ) (-464 243 80 ) (-640 243 80 ) 
4 148 202 (-1024 253 80 ) (-1024 1024 80 ) (-1024 1024 64 ) (-1024 253 64 ) 
4 148 155 (-1024 253 64 ) (-1024 1024 64 ) (-656 1024 64 ) (-656 253 64 ) 
4 149 156 (-128 243 64 ) (0 243 64 ) (0 233 64 ) (-128 233 64 ) 
4 149 152 (-128 233 64 ) (0 233 64 ) (0 233 80 ) (-128 233 80 ) 
4 150 159 (-640 243 64 ) (-464 243 64 ) (-464 233 64 ) (-640 233 64 ) 
4 150 158 (-464 243 64 ) (-144 243 64 ) (-144 233 64 ) (-464 233 64 ) 
4 150 160 (-864 243 64 ) (-640 243 64 ) (-640 233 64 ) (-864 233 64 ) 
4 150 152 (-864 233 64 ) (-144 233 64 ) (-144 233 80 ) (-864 233 80 ) 
4 151 204 (-1024 233 80 ) (-1024 243 80 ) (-1024 243 64 ) (-1024 233 64 ) 
4 151 162 (-1024 233 64 ) (-1024 243 64 ) (-880 243 64 ) (-880 233 64 ) 
4 151 152 (-1024 233 64 ) (-880 233 64 ) (-880 233 80 ) (-1024 233 80 ) 
4 152 204 (-1024 96 80 ) (-1024 233 80 ) (-1024 233 64 ) (-1024 96 64 ) 
4 152 176 (-1024 96 64 ) (-1024 144 64 ) (-640 144 64 ) (-640 96 64 ) 
4 152 175 (-1024 144 64 ) (-1024 201 64 ) (-640 201 64 ) (-640 144 64 ) 
4 152 174 (-1024 201 64 ) (-1024 225 64 ) (-640 225 64 ) (-640 201 64 ) 
4 152 172 (-464 201 64 ) (-464 144 64 ) (-640 144 64 ) (-640 201 64 ) 
4 152 171 (-640 225 64 ) (-464 225 64 ) (-464 201 64 ) (-640 201 64 ) 
4 152 173 (-464 144 64 ) (-464 96 64 ) (-640 96 64 ) (-640 144 64 ) 
4 152 169 (0 201 64 ) (0 144 64 ) (-464 144 64 ) (-464 201 64 ) 
4 152 168 (-464 225 64 ) (0 225 64 ) (0 201 64 ) (-464 201 64 ) 
4 152 170 (0 144 64 ) (0 96 64 ) (-464 96 64 ) (-464 144 64 ) 
4 152 161 (-880 233 64 ) (-864 233 64 ) (-864 225 64 ) (-880 225 64 ) 
4 152 162 (-1024 225 64 ) (-1024 233 64 ) (-880 233 64 ) (-880 225 64 ) 
4 152 159 (-640 233 64 ) (-464 233 64 ) (-464 225 64 ) (-640 225 64 ) 
4 152 158 (-464 233 64 ) (-144 233 64 ) (-144 225 64 ) (-464 225 64 ) 
4 152 160 (-864 233 64 ) (-640 233 64 ) (-640 225 64 ) (-864 225 64 ) 
4 152 157 (-144 233 64 ) (-128 233 64 ) (-128 225 64 ) (-144 225 64 ) 
4 152 156 (-128 233 64 ) (0 233 64 ) (0 225 64 ) (-128 225 64 ) 
4 153 163 (-448 1024 32 ) (0 1024 32 ) (0 249 32 ) (-448 249 32 ) 
4 154 164 (-464 225 32 ) (-640 225 32 ) (-640 1024 32 ) (-464 1024 32 ) 
4 154 159 (-640 225 32.003693 ) (-464 225 32.003693 ) (-464 242.998047 64 ) (-640 242.998047 64 ) 
4 155 207 (-1024 249 64 ) (-1024 1024 64 ) (-1024 1024 32 ) (-1024 249 32 ) 
4 155 165 (-1024 249 32 ) (-1024 1024 32 ) (-656 1024 32 ) (-656 249 32 ) 
4 156 168 (0 225 32 ) (0 225 64 ) (-128 225 64 ) (-128 225 32 ) 
3 156 157 (-128 225 32 ) (-128 225 64 ) (-128 233 64 ) 
4 157 168 (-128 225 64 ) (-144 225 64 ) (-144 225 32 ) (-128 225 32 ) 
3 157 158 (-144 225 32 ) (-144 225 64 ) (-144 233 64 ) 
4 158 168 (-144 225 64 ) (-464 225 64 ) (-464 225 32 ) (-144 225 32 ) 
4 158 159 (-464 243.003906 64 ) (-464 225.003906 32 ) (-464 225 32 ) (-464 225 64 ) 
4 159 171 (-464 225 64 ) (-640 225 64 ) (-640 225 32 ) (-464 225 32 ) 
4 159 160 (-640 243.003906 64 ) (-640 225.003906 32 ) (-640 225 32 ) (-640 225 64 ) 
4 160 174 (-640 225 64 ) (-864 225 64 ) (-864 225 32 ) (-640 225 32 ) 
3 160 161 (-864 225 32 ) (-864 225 64 ) (-864 233 64 ) 
4 161 174 (-864 225 64 ) (-880 225 64 ) (-880 225 32 ) (-864 225 32 ) 
3 161 162 (-880 225 32 ) (-880 225 64 ) (-880 233 64 ) 
3 162 209 (-1024 225 64 ) (-1024 243 64 ) (-1024 225 32 ) 
4 162 174 (-880 225 64 ) (-1024 225 64 ) (-1024 225 32 ) (-880 225 32 ) 
4 163 187 (-448 1024 16 ) (0 1024 16 ) (0 225 16 ) (-448 225 16 ) 
4 164 166 (-464 225 24 ) (-464 225 32 ) (-640 225 32 ) (-640 225 24 ) 
4 165 218 (-1024 1024 32 ) (-1024 1024 16 ) (-1024 225 16 ) (-1024 225 32 ) 
4 165 187 (-1024 225 16 ) (-1024 1024 16 ) (-656 1024 16 ) (-656 225 16 ) 
4 166 181 (-464 225 32.001953 ) (-640 225 32.001953 ) (-640 200.994629 24 ) (-464 200.994629 24 ) 
4 167 224 (0 0 32 ) (0 0 64 ) (-1024 0 64 ) (-1024 0 32 ) 
4 167 208 (-1024 0 32 ) (-1024 0 64 ) (-1024 88 64 ) (-1024 88 32 ) 
4 167 177 (-1024 0 32 ) (-1024 88 32 ) (0 88 32 ) (0 0 32 ) 
4 168 178 (-464 224.996094 32 ) (0 224.996094 32 ) (0 201 32 ) (-464 201 32 ) 
4 168 171 (-464 225 64 ) (-464 225 32 ) (-464 201 32 ) (-464 201 64 ) 
4 168 169 (-464 201 64 ) (-464 201 32 ) (0 201 32 ) (0 201 64 ) 
4 169 179 (0 201 32 ) (0 144 32 ) (-464 144 32 ) (-464 201 32 ) 
4 169 172 (-464 201 32 ) (-464 144 32 ) (-464 144 64 ) (-464 201 64 ) 
4 169 170 (-464 144 64 ) (-464 144 32 ) (0 144 32 ) (0 144 64 ) 
4 170 180 (0 144 32 ) (0 112 32 ) (-464 112 32 ) (-464 144 32 ) 
4 170 173 (-464 144 32 ) (-464 112 32 ) (-464 96 64 ) (-464 144 64 ) 
4 171 181 (-640 224.996094 32 ) (-464 224.996094 32 ) (-464 201 32 ) (-640 201 32 ) 
4 171 174 (-640 225 64 ) (-640 225 32 ) (-640 201 32 ) (-640 201 64 ) 
4 171 172 (-640 201 64 ) (-640 201 32 ) (-464 201 32 ) (-464 201 64 ) 
4 172 182 (-464 201 32 ) (-464 144 32 ) (-640 144 32 ) (-640 201 32 ) 
4 172 175 (-640 201 32 ) (-640 144 32 ) (-640 144 64 ) (-640 201 64 ) 
4 172 173 (-640 144 64 ) (-640 144 32 ) (-464 144 32 ) (-464 144 64 ) 
4 173 183 (-464 144 32 ) (-464 112 32 ) (-640 112 32 ) (-640 144 32 ) 
4 173 176 (-640 144 32 ) (-640 112 32 ) (-640 96 64 ) (-640 144 64 ) 
4 174 209 (-1024 201 64 ) (-1024 225 64 ) (-1024 225 32 ) (-1024 201 32 ) 
4 174 184 (-1024 201 32 ) (-1024 224.996094 32 ) (-640 224.996094 32 ) (-640 201 32 ) 
4 174 175 (-1024 201 32 ) (-640 201 32 ) (-640 201 64 ) (-1024 201 64 ) 
4 175 210 (-1024 144 64 ) (-1024 201 64 ) (-1024 201 32 ) (-1024 144 32 ) 
4 175 185 (-1024 144 32 ) (-1024 201 32 ) (-640 201 32 ) (-640 144 32 ) 
4 175 176 (-1024 144 32 ) (-640 144 32 ) (-640 144 64 ) (-1024 144 64 ) 
4 176 211 (-1024 96 64 ) (-1024 144 64 ) (-1024 144 32 ) (-1024 112 32 ) 
4 176 186 (-1024 112 32 ) (-1024 144 32 ) (-640 144 32 ) (-640 112 32 ) 
4 177 224 (0 0 16 ) (0 0 32 ) (-1024 0 32 ) (-1024 0 16 ) 
4 177 219 (-1024 0 16 ) (-1024 0 32 ) (-1024 112 32 ) (-1024 112 16 ) 
4 177 187 (0 0 16 ) (-1024 0 16 ) (-1024 112 16 ) (0 112 16 ) 
3 178 181 (-464 201 24 ) (-464 201 32 ) (-464 225 32 ) 
4 178 179 (-464 201 32 ) (-464 201 24 ) (0 201 24 ) (0 201 32 ) 
5 179 182 (-464 201 24 ) (-464 144.003906 24 ) (-464 144 24 ) (-464 144 32 ) (-464 201 32 ) 
4 179 180 (-464 144 32 ) (-464 144 24 ) (0 144 24 ) (0 144 32 ) 
3 180 183 (-464 144 24 ) (-464 112.003906 32 ) (-464 144 32 ) 
3 181 184 (-640 201 24 ) (-640 201 32 ) (-640 225 32 ) 
4 181 182 (-640 201 32 ) (-640 201 24 ) (-464 201 24 ) (-464 201 32 ) 
5 182 185 (-640 201 24 ) (-640 144.003906 24 ) (-640 144 24 ) (-640 144 32 ) (-640 201 32 ) 
4 182 183 (-640 144 32 ) (-640 144 24 ) (-464 144 24 ) (-464 144 32 ) 
3 183 186 (-640 144 24 ) (-640 112.003906 32 ) (-640 144 32 ) 
3 184 220 (-1024 201 32 ) (-1024 225 32 ) (-1024 201 24 ) 
4 184 185 (-1024 201 24 ) (-640 201 24 ) (-640 201 32 ) (-1024 201 32 ) 
4 185 221 (-1024 144 32 ) (-1024 201 32 ) (-1024 201 24 ) (-1024 144 24 ) 
4 185 186 (-1024 144 24 ) (-640 144 24 ) (-640 144 32 ) (-1024 144 32 ) 
3 186 222 (-1024 112 32 ) (-1024 144 32 ) (-1024 144 24 ) 
4 187 224 (0 0 -992 ) (0 0 16 ) (-1024 0 16 ) (-1024 0 -992 ) 
4 187 223 (-1024 0 -992 ) (-1024 0 16 ) (-1024 1024 16 ) (-1024 1024 -992 ) 
4 188 228 (-2048 1024 2016 ) (-2048 1024 272 ) (-2048 0 272 ) (-2048 0 2016 ) 
4 188 225 (-2048 0 2016 ) (-2048 0 272 ) (-1024 0 272 ) (-1024 0 2016 ) 
4 188 194 (-1024 24 272 ) (-1024 0 272 ) (-2048 0 272 ) (-2048 24 272 ) 
4 188 189 (-1024 1024 272 ) (-1024 230 272 ) (-2048 230 272 ) (-2048 1024 272 ) 
4 189 238 (-2048 230 256.295471 ) (-2048 230 272 ) (-2048 254 272 ) (-2048 254 253.568176 ) 
4 189 236 (-2048 254 251 ) (-2048 230 251 ) (-2048 230 256.295471 ) (-2048 254 253.568176 ) 
4 189 229 (-2048 1024 272 ) (-2048 1024 251 ) (-2048 254 251 ) (-2048 254 272 ) 
4 189 195 (-2048 254 251 ) (-2048 1024 251 ) (-1024 1024 251 ) (-1024 254 251 ) 
4 190 196 (-1616 207 251 ) (-1024 207 251 ) (-1024 47 251 ) (-1616 47 251 ) 
4 190 192 (-1616 128 267.886353 ) (-1616 144 266.068176 ) (-1616 144 251 ) (-1616 128 251 ) 
4 190 191 (-1616 144 266.068176 ) (-1616 170.990463 263.001068 ) (-1616 206.993668 251 ) (-1616 144 251 ) 
5 190 193 (-1616 46.996716 251 ) (-1616 82.996094 263 ) (-1616 126.996872 268 ) (-1616 128 267.886353 ) (-1616 128 251 ) 
4 191 230 (-2048 207 251 ) (-2048 144 251 ) (-2048 144 266.068207 ) (-2048 171 263 ) 
4 191 197 (-2048 144 251 ) (-2048 207 251 ) (-1616 207 251 ) (-1616 144 251 ) 
4 191 192 (-2048 144 251 ) (-1616 144 251 ) (-1616 144 266.066406 ) (-2048 144 266.066406 ) 
4 192 231 (-2048 144 251 ) (-2048 128 251 ) (-2048 128 267.886383 ) (-2048 144 266.068207 ) 
4 192 198 (-2048 128 251 ) (-2048 144 251 ) (-1616 144 251 ) (-1616 128 251 ) 
4 192 193 (-2048 128 251 ) (-1616 128 251 ) (-1616 128 267.886719 ) (-2048 128 267.886719 ) 
5 193 235 (-2048 128 251 ) (-2048 47 251 ) (-2048 83 263 ) (-2048 127 268 ) (-2048 128 267.886383 ) 
4 193 200 (-2048 47 251 ) (-2048 128 251 ) (-1616 128 251 ) (-1616 47 251 ) 
4 194 237 (-2048 24 251 ) (-2048 0 251 ) (-2048 0 272 ) (-2048 24 272 ) 
4 194 225 (-2048 0 272 ) (-2048 0 251 ) (-1024 0 251 ) (-1024 0 272 ) 
4 195 229 (-2048 1024 251 ) (-2048 1024 208 ) (-2048 254 208 ) (-2048 254 251 ) 
4 195 201 (-2048 259 208 ) (-2048 1024 208 ) (-1024 1024 208 ) (-1024 259 208 ) 
4 196 203 (-1616 243 208 ) (-1024 243 208 ) (-1024 11 208 ) (-1616 11 208 ) 
4 196 199 (-1616 144 240 ) (-1616 144 208 ) (-1616 128 208 ) (-1616 128 240 ) 
4 196 198 (-1616 128 251 ) (-1616 144 251 ) (-1616 144 240 ) (-1616 128 240 ) 
5 196 197 (-1616 144 251 ) (-1616 206.992218 251 ) (-1616 234.003174 230.991882 ) (-1616 243 208 ) (-1616 144 208 ) 
5 196 200 (-1616 10.998047 208 ) (-1616 20.003906 231.011719 ) (-1616 46.991089 251 ) (-1616 128 251 ) (-1616 128 208 ) 
5 197 230 (-2048 243 208 ) (-2048 144 208 ) (-2048 144 251 ) (-2048 207 251 ) (-2048 234 231 ) 
4 197 203 (-2048 144 208 ) (-2048 243 208 ) (-1616 243 208 ) (-1616 144 208 ) 
4 197 199 (-2048 144 208 ) (-1616 144 208 ) (-1616 144 240 ) (-2048 144 240 ) 
4 197 198 (-1616 144 240 ) (-1616 144 251 ) (-2048 144 251 ) (-2048 144 240 ) 
4 198 231 (-2048 128 240 ) (-2048 128 251 ) (-2048 144 251 ) (-2048 144 240 ) 
4 198 200 (-1616 128 240 ) (-1616 128 251 ) (-2048 128 251 ) (-2048 128 240 ) 
4 198 199 (-1616 128 240 ) (-2048 128 240 ) (-2048 144 240 ) (-1616 144 240 ) 
4 199 234 (-2048 144 208 ) (-2048 128 208 ) (-2048 128 240 ) (-2048 144 240 ) 
4 199 203 (-2048 128 208 ) (-2048 144 208 ) (-1616 144 208 ) (-1616 128 208 ) 
4 199 200 (-2048 128 208 ) (-1616 128 208 ) (-1616 128 240 ) (-2048 128 240 ) 
5 200 235 (-2048 128 208 ) (-2048 11 208 ) (-2048 20 231 ) (-2048 47 251 ) (-2048 128 251 ) 
4 200 203 (-2048 11 208 ) (-2048 128 208 ) (-1616 128 208 ) (-1616 11 208 ) 
4 201 239 (-2048 1024 208 ) (-2048 1024 80 ) (-2048 259 80 ) (-2048 259 208 ) 
4 201 202 (-2048 259 80 ) (-2048 1024 80 ) (-1024 1024 80 ) (-1024 259 80 ) 
4 202 240 (-2048 1024 80 ) (-2048 1024 64 ) (-2048 253 64 ) (-2048 253 80 ) 
4 202 207 (-1024 1024 64 ) (-1024 253 64 ) (-2048 253 64 ) (-2048 1024 64 ) 
4 203 241 (-2048 11 80 ) (-2048 11 208 ) (-2048 243 208 ) (-2048 243 80 ) 
4 203 205 (-1600 233 80 ) (-1600 96 80 ) (-1616 96 80 ) (-1616 233 80 ) 
4 203 204 (-1600 243 80 ) (-1024 243 80 ) (-1024 96 80 ) (-1600 96 80 ) 
4 203 206 (-2048 96 80 ) (-2048 243 80 ) (-1616 243 80 ) (-1616 96 80 ) 
4 204 210 (-1024 201 64 ) (-1024 144 64 ) (-1600 144 64 ) (-1600 201 64 ) 
4 204 209 (-1024 243 64 ) (-1024 201 64 ) (-1600 201 64 ) (-1600 243 64 ) 
4 204 211 (-1024 144 64 ) (-1024 96 64 ) (-1600 96 64 ) (-1600 144 64 ) 
4 204 205 (-1600 96 64 ) (-1600 96 80 ) (-1600 233 80 ) (-1600 233 64 ) 
4 205 214 (-1600 96 64 ) (-1616 96 64 ) (-1616 144 64 ) (-1600 144 64 ) 
4 205 213 (-1616 144 64 ) (-1616 201 64 ) (-1600 201 64 ) (-1600 144 64 ) 
4 205 212 (-1616 201 64 ) (-1616 233 64 ) (-1600 233 64 ) (-1600 201 64 ) 
4 205 206 (-1616 96 64 ) (-1616 96 80 ) (-1616 233 80 ) (-1616 233 64 ) 
4 206 242 (-2048 243 64 ) (-2048 96 64 ) (-2048 96 80 ) (-2048 243 80 ) 
4 206 217 (-1616 96 64 ) (-2048 96 64 ) (-2048 144 64 ) (-1616 144 64 ) 
4 206 216 (-2048 144 64 ) (-2048 201 64 ) (-1616 201 64 ) (-1616 144 64 ) 
4 206 215 (-2048 201 64 ) (-2048 243 64 ) (-1616 243 64 ) (-1616 201 64 ) 
4 207 245 (-2048 1024 64 ) (-2048 1024 32 ) (-2048 249 32 ) (-2048 249 64 ) 
4 207 218 (-2048 249 32 ) (-2048 1024 32 ) (-1024 1024 32 ) (-1024 249 32 ) 
4 208 246 (-2048 88 32 ) (-2048 0 32 ) (-2048 0 64 ) (-2048 88 64 ) 
4 208 225 (-2048 0 64 ) (-2048 0 32 ) (-1024 0 32 ) (-1024 0 64 ) 
4 208 219 (-1024 0 32 ) (-2048 0 32 ) (-2048 88 32 ) (-1024 88 32 ) 
4 209 220 (-1600 225 32 ) (-1024 225 32 ) (-1024 201 32 ) (-1600 201 32 ) 
4 209 212 (-1600 225 32 ) (-1600 201 32 ) (-1600 201 64 ) (-1600 233 64 ) 
4 209 210 (-1600 201 64 ) (-1600 201 32 ) (-1024 201 32 ) (-1024 201 64 ) 
4 210 221 (-1024 201 32 ) (-1024 144 32 ) (-1600 144 32 ) (-1600 201 32 ) 
4 210 213 (-1600 201 32 ) (-1600 144 32 ) (-1600 144 64 ) (-1600 201 64 ) 
4 210 211 (-1600 144 64 ) (-1600 144 32 ) (-1024 144 32 ) (-1024 144 64 ) 
4 211 222 (-1024 144 32 ) (-1024 112 32 ) (-1600 112 32 ) (-1600 144 32 ) 
4 211 214 (-1600 144 32 ) (-1600 112 32 ) (-1600 96 64 ) (-1600 144 64 ) 
4 212 220 (-1616 225 32 ) (-1600 225 32 ) (-1600 201 32 ) (-1616 201 32 ) 
4 212 215 (-1616 225 32 ) (-1616 201 32 ) (-1616 201 64 ) (-1616 233 64 ) 
4 212 213 (-1616 201 64 ) (-1616 201 32 ) (-1600 201 32 ) (-1600 201 64 ) 
4 213 221 (-1600 201 32 ) (-1600 144 32 ) (-1616 144 32 ) (-1616 201 32 ) 
4 213 216 (-1616 201 32 ) (-1616 144 32 ) (-1616 144 64 ) (-1616 201 64 ) 
4 213 214 (-1616 144 64 ) (-1616 144 32 ) (-1600 144 32 ) (-1600 144 64 ) 
4 214 222 (-1600 144 32 ) (-1600 112 32 ) (-1616 112 32 ) (-1616 144 32 ) 
4 214 217 (-1616 144 32 ) (-1616 112 32 ) (-1616 96 64 ) (-1616 144 64 ) 
4 215 247 (-2048 225 32 ) (-2048 201 32 ) (-2048 201 64 ) (-2048 243 64 ) 
4 215 220 (-2048 201 32 ) (-2048 225 32 ) (-1616 225 32 ) (-1616 201 32 ) 
4 215 216 (-2048 201 32 ) (-1616 201 32 ) (-1616 201 64 ) (-2048 201 64 ) 
4 216 248 (-2048 201 32 ) (-2048 144 32 ) (-2048 144 64 ) (-2048 201 64 ) 
4 216 221 (-2048 144 32 ) (-2048 201 32 ) (-1616 201 32 ) (-1616 144 32 ) 
4 216 217 (-2048 144 32 ) (-1616 144 32 ) (-1616 144 64 ) (-2048 144 64 ) 
4 217 249 (-2048 144 32 ) (-2048 112 32 ) (-2048 96 64 ) (-2048 144 64 ) 
4 217 222 (-2048 112 32 ) (-2048 144 32 ) (-1616 144 32 ) (-1616 112 32 ) 
4 218 256 (-2048 1024 32 ) (-2048 1024 16 ) (-2048 225 16 ) (-2048 225 32 ) 
4 218 223 (-1024 1024 16 ) (-1024 225 16 ) (-2048 225 16 ) (-2048 1024 16 ) 
4 219 257 (-2048 112 16 ) (-2048 0 16 ) (-2048 0 32 ) (-2048 112 32 ) 
4 219 225 (-2048 0 32 ) (-2048 0 16 ) (-1024 0 16 ) (-1024 0 32 ) 
4 219 223 (-1024 112 16 ) (-1024 0 16 ) (-2048 0 16 ) (-2048 112 16 ) 
3 220 258 (-2048 201 32 ) (-2048 225 32 ) (-2048 201 24 ) 
4 220 221 (-2048 201 24 ) (-1024 201 24 ) (-1024 201 32 ) (-2048 201 32 ) 
4 221 259 (-2048 144 24 ) (-2048 144 32 ) (-2048 201 32 ) (-2048 201 24 ) 
4 221 222 (-2048 144 24 ) (-1024 144 24 ) (-1024 144 32 ) (-2048 144 32 ) 
3 222 260 (-2048 144 24 ) (-2048 112 32 ) (-2048 144 32 ) 
4 223 261 (-2048 1024 16 ) (-2048 1024 -992 ) (-2048 0 -992 ) (-2048 0 16 ) 
4 223 225 (-2048 0 16 ) (-2048 0 -992 ) (-1024 0 -992 ) (-1024 0 16 ) 
4 224 226 (0 -1024 -992 ) (0 -1024 2016 ) (-1024 -1024 2016 ) (-1024 -1024 -992 ) 
4 224 225 (-1024 0 2016 ) (-1024 0 -992 ) (-1024 -1024 -992 ) (-1024 -1024 2016 ) 
4 225 262 (-2048 -1024 -992 ) (-2048 -1024 2016 ) (-2048 0 2016 ) (-2048 0 -992 ) 
4 225 227 (-1024 -1024 -992 ) (-1024 -1024 2016 ) (-2048 -1024 2016 ) (-2048 -1024 -992 ) 
4 226 227 (-1024 -2016 2016 ) (-1024 -1024 2016 ) (-1024 -1024 -992 ) (-1024 -2016 -992 ) 
4 227 293 (-2048 -2016 2016 ) (-2048 -1024 2016 ) (-2048 -1024 -992 ) (-2048 -2016 -992 ) 
4 228 263 (-3072 1024 2016 ) (-3072 1024 272 ) (-3072 0 272 ) (-3072 0 2016 ) 
4 228 262 (-2048 0 272 ) (-2048 0 2016 ) (-3072 0 2016 ) (-3072 0 272 ) 
4 228 238 (-3072 230 272 ) (-3072 254 272 ) (-2048 254 272 ) (-2048 230 272 ) 
4 228 237 (-3072 0 272 ) (-3072 24 272 ) (-2048 24 272 ) (-2048 0 272 ) 
4 228 229 (-3072 254 272 ) (-3072 1024 272 ) (-2048 1024 272 ) (-2048 254 272 ) 
4 229 267 (-3072 1024 251 ) (-3072 1024 208 ) (-3072 254 208 ) (-3072 254 251 ) 
4 229 264 (-3072 1024 272 ) (-3072 1024 251 ) (-3072 254 251 ) (-3072 254 272 ) 
4 229 239 (-3072 259 208 ) (-3072 1024 208 ) (-2048 1024 208 ) (-2048 259 208 ) 
4 229 238 (-2048 254 253.568176 ) (-2048 254 272 ) (-3072 254 272 ) (-3072 254 253.568176 ) 
4 229 236 (-2048 254 251 ) (-2048 254 253.568176 ) (-3072 254 253.568176 ) (-3072 254 251 ) 
5 230 268 (-3072 243 208 ) (-3072 144 208 ) (-3072 144 251 ) (-3072 207 251 ) (-3072 234 231 ) 
4 230 265 (-3072 144 251 ) (-3072 144 266.068176 ) (-3072 171 263 ) (-3072 207 251 ) 
4 230 241 (-3072 144 208 ) (-3072 243 208 ) (-2048 243 208 ) (-2048 144 208 ) 
4 230 232 (-2336 144 266.067322 ) (-2352 144 266.067322 ) (-2352 144 240 ) (-2336 144 240 ) 
4 230 231 (-2048 144 240 ) (-2048 144 266.067322 ) (-2336 144 266.067322 ) (-2336 144 240 ) 
4 230 233 (-2352 144 266.067322 ) (-3072 144 266.067322 ) (-3072 144 240 ) (-2352 144 240 ) 
4 230 234 (-3072 144 208 ) (-2048 144 208 ) (-2048 144 240 ) (-3072 144 240 ) 
4 231 235 (-2048 128 240 ) (-2048 128 267.886505 ) (-2336 128 267.886505 ) (-2336 128 240 ) 
4 231 234 (-2048 128 240 ) (-2336 128 240 ) (-2336 144 240 ) (-2048 144 240 ) 
4 231 232 (-2336 144 266.068176 ) (-2336 144 240 ) (-2336 128 240 ) (-2336 128 267.886322 ) 
4 232 233 (-2352 144 266.068176 ) (-2352 144 240 ) (-2352 128 240 ) (-2352 128 267.886322 ) 
4 232 235 (-2336 128 267.886505 ) (-2352 128 267.886505 ) (-2352 128 240 ) (-2336 128 240 ) 
4 232 234 (-2336 128 240 ) (-2352 128 240 ) (-2352 144 240 ) (-2336 144 240 ) 
4 233 268 (-3072 128 240 ) (-3072 128 251 ) (-3072 144 251 ) (-3072 144 240 ) 
4 233 265 (-3072 128 251 ) (-3072 128 267.886353 ) (-3072 144 266.068176 ) (-3072 144 251 ) 
4 233 234 (-2352 128 240 ) (-3072 128 240 ) (-3072 144 240 ) (-2352 144 240 ) 
4 233 235 (-2352 128 267.886505 ) (-3072 128 267.886505 ) (-3072 128 240 ) (-2352 128 240 ) 
4 234 268 (-3072 144 208 ) (-3072 128 208 ) (-3072 128 240 ) (-3072 144 240 ) 
4 234 241 (-3072 128 208 ) (-3072 144 208 ) (-2048 144 208 ) (-2048 128 208 ) 
4 234 235 (-3072 128 208 ) (-2048 128 208 ) (-2048 128 240 ) (-3072 128 240 ) 
5 235 268 (-3072 128 208 ) (-3072 11 208 ) (-3072 20 231 ) (-3072 47 251 ) (-3072 128 251 ) 
5 235 265 (-3072 47 251 ) (-3072 83 263 ) (-3072 127 268 ) (-3072 128 267.886353 ) (-3072 128 251 ) 
4 235 241 (-3072 11 208 ) (-3072 128 208 ) (-2048 128 208 ) (-2048 11 208 ) 
4 236 264 (-3072 230 256.295441 ) (-3072 254 253.568176 ) (-3072 254 251 ) (-3072 230 251 ) 
4 236 238 (-2048 254 253.567642 ) (-3072 254 253.567642 ) (-3072 230 256.294922 ) (-2048 230 256.294922 ) 
4 237 266 (-3072 0 251 ) (-3072 0 272 ) (-3072 24 272 ) (-3072 24 251 ) 
4 237 262 (-2048 0 251 ) (-2048 0 272 ) (-3072 0 272 ) (-3072 0 251 ) 
4 238 264 (-3072 230 272 ) (-3072 254 272 ) (-3072 254 253.568176 ) (-3072 230 256.295441 ) 
4 239 269 (-3072 1024 208 ) (-3072 1024 80 ) (-3072 259 80 ) (-3072 259 208 ) 
4 239 240 (-3072 259 80 ) (-3072 1024 80 ) (-2048 1024 80 ) (-2048 259 80 ) 
4 240 270 (-3072 1024 80 ) (-3072 1024 64 ) (-3072 253 64 ) (-3072 253 80 ) 
4 240 245 (-3072 253 64 ) (-3072 1024 64 ) (-2048 1024 64 ) (-2048 253 64 ) 
4 241 271 (-3072 11 80 ) (-3072 11 208 ) (-3072 243 208 ) (-3072 243 80 ) 
4 241 243 (-2336 233 80 ) (-2336 96 80 ) (-2352 96 80 ) (-2352 233 80 ) 
4 241 242 (-2336 243 80 ) (-2048 243 80 ) (-2048 96 80 ) (-2336 96 80 ) 
4 241 244 (-3072 96 80 ) (-3072 243 80 ) (-2352 243 80 ) (-2352 96 80 ) 
4 242 248 (-2048 201 64 ) (-2048 144 64 ) (-2336 144 64 ) (-2336 201 64 ) 
4 242 247 (-2336 243 64 ) (-2048 243 64 ) (-2048 201 64 ) (-2336 201 64 ) 
4 242 249 (-2048 144 64 ) (-2048 96 64 ) (-2336 96 64 ) (-2336 144 64 ) 
4 242 243 (-2336 96 64 ) (-2336 96 80 ) (-2336 233 80 ) (-2336 233 64 ) 
4 243 252 (-2336 144 64 ) (-2336 96 64 ) (-2352 96 64 ) (-2352 144 64 ) 
4 243 251 (-2336 201 64 ) (-2336 144 64 ) (-2352 144 64 ) (-2352 201 64 ) 
4 243 250 (-2336 233 64 ) (-2336 201 64 ) (-2352 201 64 ) (-2352 233 64 ) 
4 243 244 (-2352 96 64 ) (-2352 96 80 ) (-2352 233 80 ) (-2352 233 64 ) 
4 244 273 (-3072 233 64 ) (-3072 96 64 ) (-3072 96 80 ) (-3072 233 80 ) 
4 244 255 (-3072 96 64 ) (-3072 144 64 ) (-2352 144 64 ) (-2352 96 64 ) 
4 244 254 (-3072 144 64 ) (-3072 201 64 ) (-2352 201 64 ) (-2352 144 64 ) 
4 244 253 (-3072 201 64 ) (-3072 243 64 ) (-2352 243 64 ) (-2352 201 64 ) 
4 245 274 (-3072 1024 64 ) (-3072 1024 32 ) (-3072 249 32 ) (-3072 249 64 ) 
4 245 256 (-3072 249 32 ) (-3072 1024 32 ) (-2048 1024 32 ) (-2048 249 32 ) 
4 246 276 (-3072 88 32 ) (-3072 0 32 ) (-3072 0 64 ) (-3072 88 64 ) 
4 246 262 (-2048 0 32 ) (-2048 0 64 ) (-3072 0 64 ) (-3072 0 32 ) 
4 246 257 (-2048 0 32 ) (-3072 0 32 ) (-3072 88 32 ) (-2048 88 32 ) 
4 247 258 (-2336 225 32 ) (-2048 225 32 ) (-2048 201 32 ) (-2336 201 32 ) 
4 247 250 (-2336 225 32 ) (-2336 201 32 ) (-2336 201 64 ) (-2336 233 64 ) 
4 247 248 (-2336 201 64 ) (-2336 201 32 ) (-2048 201 32 ) (-2048 201 64 ) 
4 248 259 (-2048 201 32 ) (-2048 144 32 ) (-2336 144 32 ) (-2336 201 32 ) 
4 248 251 (-2336 201 32 ) (-2336 144 32 ) (-2336 144 64 ) (-2336 201 64 ) 
4 248 249 (-2336 144 64 ) (-2336 144 32 ) (-2048 144 32 ) (-2048 144 64 ) 
4 249 260 (-2048 144 32 ) (-2048 112 32 ) (-2336 112 32 ) (-2336 144 32 ) 
4 249 252 (-2336 144 32 ) (-2336 112 32 ) (-2336 96 64 ) (-2336 144 64 ) 
4 250 258 (-2352 225 32 ) (-2336 225 32 ) (-2336 201 32 ) (-2352 201 32 ) 
4 250 253 (-2352 225 32 ) (-2352 201 32 ) (-2352 201 64 ) (-2352 233 64 ) 
4 250 251 (-2352 201 64 ) (-2352 201 32 ) (-2336 201 32 ) (-2336 201 64 ) 
4 251 259 (-2336 201 32 ) (-2336 144 32 ) (-2352 144 32 ) (-2352 201 32 ) 
4 251 254 (-2352 201 32 ) (-2352 144 32 ) (-2352 144 64 ) (-2352 201 64 ) 
4 251 252 (-2352 144 64 ) (-2352 144 32 ) (-2336 144 32 ) (-2336 144 64 ) 
4 252 260 (-2336 144 32 ) (-2336 112 32 ) (-2352 112 32 ) (-2352 144 32 ) 
4 252 255 (-2352 144 32 ) (-2352 112 32 ) (-2352 96 64 ) (-2352 144 64 ) 
4 253 277 (-3072 225 32 ) (-3072 201 32 ) (-3072 201 64 ) (-3072 233 64 ) 
4 253 258 (-3072 201 32 ) (-3072 225 32 ) (-2352 225 32 ) (-2352 201 32 ) 
4 253 254 (-3072 201 32 ) (-2352 201 32 ) (-2352 201 64 ) (-3072 201 64 ) 
4 254 278 (-3072 201 32 ) (-3072 144 32 ) (-3072 144 64 ) (-3072 201 64 ) 
4 254 259 (-3072 144 32 ) (-3072 201 32 ) (-2352 201 32 ) (-2352 144 32 ) 
4 254 255 (-3072 144 32 ) (-2352 144 32 ) (-2352 144 64 ) (-3072 144 64 ) 
4 255 279 (-3072 144 32 ) (-3072 112 32 ) (-3072 96 64 ) (-3072 144 64 ) 
4 255 260 (-3072 112 32 ) (-3072 144 32 ) (-2352 144 32 ) (-2352 112 32 ) 
4 256 275 (-3072 1024 32 ) (-3072 1024 16 ) (-3072 225 16 ) (-3072 225 32 ) 
4 256 261 (-3072 225 16 ) (-3072 1024 16 ) (-2048 1024 16 ) (-2048 225 16 ) 
4 257 283 (-3072 112 16 ) (-3072 0 16 ) (-3072 0 32 ) (-3072 112 32 ) 
4 257 262 (-2048 0 16 ) (-2048 0 32 ) (-3072 0 32 ) (-3072 0 16 ) 
4 257 261 (-3072 0 16 ) (-3072 112 16 ) (-2048 112 16 ) (-2048 0 16 ) 
3 258 284 (-3072 201 32 ) (-3072 225 32 ) (-3072 201 24 ) 
4 258 259 (-3072 201 24 ) (-2048 201 24 ) (-2048 201 32 ) (-3072 201 32 ) 
4 259 285 (-3072 144 24 ) (-3072 144 32 ) (-3072 201 32 ) (-3072 201 24 ) 
4 259 260 (-3072 144 24 ) (-2048 144 24 ) (-2048 144 32 ) (-3072 144 32 ) 
3 260 286 (-3072 144 24 ) (-3072 112 32 ) (-3072 144 32 ) 
4 261 287 (-3072 1024 16 ) (-3072 1024 -992 ) (-3072 0 -992 ) (-3072 0 16 ) 
4 261 262 (-2048 0 -992 ) (-2048 0 16 ) (-3072 0 16 ) (-3072 0 -992 ) 
4 262 293 (-2048 -1024 -992 ) (-2048 -1024 2016 ) (-3072 -1024 2016 ) (-3072 -1024 -992 ) 
4 262 292 (-3072 -1024 -992 ) (-3072 -1024 2016 ) (-3072 0 2016 ) (-3072 0 -992 ) 
4 263 292 (-3072 0 272 ) (-3072 0 2016 ) (-3584 0 2016 ) (-3584 0 272 ) 
4 263 289 (-3584 0 272 ) (-3584 0 2016 ) (-3584 248 2016 ) (-3584 248 272 ) 
4 263 288 (-3584 248 2016 ) (-3584 1024 2016 ) (-3584 1024 272 ) (-3584 248 272 ) 
4 263 266 (-3072 0 272 ) (-3584 0 272 ) (-3584 24 272 ) (-3072 24 272 ) 
4 263 264 (-3584 230 272 ) (-3584 1024 272 ) (-3072 1024 272 ) (-3072 230 272 ) 
4 264 288 (-3584 248 272 ) (-3584 1024 272 ) (-3584 1024 251 ) (-3584 248 251 ) 
4 264 267 (-3584 254 251 ) (-3584 1024 251 ) (-3072 1024 251 ) (-3072 254 251 ) 
4 265 268 (-3584 47 251 ) (-3584 207 251 ) (-3072 207 251 ) (-3072 47 251 ) 
4 266 292 (-3072 0 251 ) (-3072 0 272 ) (-3584 0 272 ) (-3584 0 251 ) 
4 267 288 (-3584 254 251 ) (-3584 1024 251 ) (-3584 1024 208 ) (-3584 254 208 ) 
4 267 269 (-3584 259 208 ) (-3584 1024 208 ) (-3072 1024 208 ) (-3072 259 208 ) 
4 268 271 (-3584 11 208 ) (-3584 243 208 ) (-3072 243 208 ) (-3072 11 208 ) 
4 269 288 (-3584 259 208 ) (-3584 1024 208 ) (-3584 1024 80 ) (-3584 259 80 ) 
4 269 270 (-3584 259 80 ) (-3584 1024 80 ) (-3072 1024 80 ) (-3072 259 80 ) 
4 270 288 (-3584 1024 80 ) (-3584 1024 64 ) (-3584 253 64 ) (-3584 253 80 ) 
4 270 274 (-3584 253 64 ) (-3584 1024 64 ) (-3072 1024 64 ) (-3072 253 64 ) 
4 271 273 (-3584 96 80 ) (-3584 233 80 ) (-3072 233 80 ) (-3072 96 80 ) 
4 271 272 (-3584 233 80 ) (-3584 243 80 ) (-3088 243 80 ) (-3088 233 80 ) 
4 272 280 (-3584 233 64 ) (-3584 243 64 ) (-3088 243 64 ) (-3088 233 64 ) 
4 272 273 (-3584 233 64 ) (-3088 233 64 ) (-3088 233 80 ) (-3584 233 80 ) 
4 273 281 (-3584 144 64 ) (-3584 201 64 ) (-3088 201 64 ) (-3088 144 64 ) 
4 273 280 (-3584 201 64 ) (-3584 233 64 ) (-3088 233 64 ) (-3088 201 64 ) 
4 273 282 (-3584 96 64 ) (-3584 144 64 ) (-3088 144 64 ) (-3088 96 64 ) 
4 273 279 (-3072 144 64 ) (-3072 96 64 ) (-3088 96 64 ) (-3088 144 64 ) 
4 273 278 (-3072 201 64 ) (-3072 144 64 ) (-3088 144 64 ) (-3088 201 64 ) 
4 273 277 (-3088 233 64 ) (-3072 233 64 ) (-3072 201 64 ) (-3088 201 64 ) 
4 274 288 (-3584 249 64 ) (-3584 1024 64 ) (-3584 1024 32 ) (-3584 249 32 ) 
4 274 275 (-3584 249 32 ) (-3584 1024 32 ) (-3072 1024 32 ) (-3072 249 32 ) 
4 275 288 (-3584 1024 32 ) (-3584 1024 16 ) (-3584 248 16 ) (-3584 248 32 ) 
4 275 287 (-3584 225 16 ) (-3584 1024 16 ) (-3072 1024 16 ) (-3072 225 16 ) 
4 276 292 (-3072 0 32 ) (-3072 0 64 ) (-3584 0 64 ) (-3584 0 32 ) 
4 276 283 (-3584 0 32 ) (-3584 88 32 ) (-3072 88 32 ) (-3072 0 32 ) 
4 277 284 (-3088 224.996094 32 ) (-3072 224.996094 32 ) (-3072 201 32 ) (-3088 201 32 ) 
4 277 280 (-3088 225 32 ) (-3088 201 32 ) (-3088 201 64 ) (-3088 233 64 ) 
4 277 278 (-3088 201 64 ) (-3088 201 32 ) (-3072 201 32 ) (-3072 201 64 ) 
4 278 285 (-3072 201 32 ) (-3072 144 32 ) (-3088 144 32 ) (-3088 201 32 ) 
4 278 281 (-3088 201 32 ) (-3088 144 32 ) (-3088 144 64 ) (-3088 201 64 ) 
4 278 279 (-3088 144 64 ) (-3088 144 32 ) (-3072 144 32 ) (-3072 144 64 ) 
4 279 286 (-3072 144 32 ) (-3072 112 32 ) (-3088 112 32 ) (-3088 144 32 ) 
4 279 282 (-3088 144 32 ) (-3088 112 32 ) (-3088 96 64 ) (-3088 144 64 ) 
4 280 284 (-3584 201 32 ) (-3584 224.996094 32 ) (-3088 224.996094 32 ) (-3088 201 32 ) 
4 280 281 (-3584 201 32 ) (-3088 201 32 ) (-3088 201 64 ) (-3584 201 64 ) 
4 281 285 (-3584 144 32 ) (-3584 201 32 ) (-3088 201 32 ) (-3088 144 32 ) 
4 281 282 (-3584 144 32 ) (-3088 144 32 ) (-3088 144 64 ) (-3584 144 64 ) 
4 282 286 (-3584 112 32 ) (-3584 144 32 ) (-3088 144 32 ) (-3088 112 32 ) 
4 283 292 (-3072 0 16 ) (-3072 0 32 ) (-3584 0 32 ) (-3584 0 16 ) 
4 283 287 (-3072 0 16 ) (-3584 0 16 ) (-3584 112 16 ) (-3072 112 16 ) 
4 284 285 (-3584 201 24 ) (-3072 201 24 ) (-3072 201 32 ) (-3584 201 32 ) 
4 285 286 (-3584 144 24 ) (-3072 144 24 ) (-3072 144 32 ) (-3584 144 32 ) 
4 287 292 (-3072 0 -992 ) (-3072 0 16 ) (-3584 0 16 ) (-3584 0 -992 ) 
4 287 290 (-3584 0 -992 ) (-3584 0 16 ) (-3584 248 16 ) (-3584 248 -992 ) 
4 287 288 (-3584 248 16 ) (-3584 1024 16 ) (-3584 1024 -992 ) (-3584 248 -992 ) 
4 288 291 (-3592 1024 -992 ) (-3592 248 -992 ) (-3592 248 2016 ) (-3592 1024 2016 ) 
4 288 289 (-3592 248 2016 ) (-3592 248 272 ) (-3584 248 272 ) (-3584 248 2016 ) 
4 288 290 (-3592 248 16 ) (-3592 248 -992 ) (-3584 248 -992 ) (-3584 248 16 ) 
4 289 292 (-3584 0 272 ) (-3584 0 2016 ) (-3592 0 2016 ) (-3592 0 272 ) 
4 289 291 (-3592 0 272 ) (-3592 0 2016 ) (-3592 248 2016 ) (-3592 248 272 ) 
4 290 292 (-3584 0 -992 ) (-3584 0 16 ) (-3592 0 16 ) (-3592 0 -992 ) 
4 290 291 (-3592 248 -992 ) (-3592 0 -992 ) (-3592 0 16 ) (-3592 248 16 ) 
4 291 292 (-3592 0 2016 ) (-4064 0 2016 ) (-4064 0 -992 ) (-3592 0 -992 ) 
4 292 294 (-3072 -1024 -992 ) (-3072 -1024 2016 ) (-4064 -1024 2016 ) (-4064 -1024 -992 ) 
4 293 294 (-3072 -1024 2016 ) (-3072 -1024 -992 ) (-3072 -2016 -992 ) (-3072 -2016 2016 ) 
