PRT1
71
141
4 0 4 (1328 207 251 ) (2048 207 251 ) (2048 47 251 ) (1328 47 251 ) 
4 0 2 (1328 128 267.886383 ) (1328 144 266.068207 ) (1328 144 251 ) (1328 128 251 ) 
4 0 1 (1328 144 266.068207 ) (1328 170.997055 263 ) (1328 206.998093 251 ) (1328 144 251 ) 
5 0 3 (1328 47.002953 251 ) (1328 83.011719 263.003418 ) (1328 126.990952 268.001038 ) (1328 128 267.886383 ) (1328 128 251 ) 
4 1 5 (1156 144 251 ) (1156 207 251 ) (1328 207 251 ) (1328 144 251 ) 
4 1 2 (1156 144 251 ) (1328 144 251 ) (1328 144 266.066406 ) (1156 144 266.066406 ) 
4 2 6 (1156 128 251 ) (1156 144 251 ) (1328 144 251 ) (1328 128 251 ) 
4 2 3 (1156 128 251 ) (1328 128 251 ) (1328 128 267.886719 ) (1156 128 267.886719 ) 
4 3 8 (1156 47 251 ) (1156 128 251 ) (1328 128 251 ) (1328 47 251 ) 
4 4 9 (1328 234 231 ) (2048 234 231 ) (2048 20 231 ) (1328 20 231 ) 
4 4 7 (1328 144 240 ) (1328 144 231 ) (1328 128 231 ) (1328 128 240 ) 
4 4 6 (1328 128 251 ) (1328 144 251 ) (1328 144 240 ) (1328 128 240 ) 
4 4 5 (1328 144 251 ) (1328 207.007202 251 ) (1328 234.007202 231 ) (1328 144 231 ) 
4 4 8 (1328 20.003906 231 ) (1328 47.003906 251 ) (1328 128 251 ) (1328 128 231 ) 
4 5 9 (1156 144 231 ) (1156 234 231 ) (1328 234 231 ) (1328 144 231 ) 
4 5 7 (1156 144 231 ) (1328 144 231 ) (1328 144 240 ) (1156 144 240 ) 
4 5 6 (1328 144 240 ) (1328 144 251 ) (1156 144 251 ) (1156 144 240 ) 
4 6 8 (1328 128 240 ) (1328 128 251 ) (1156 128 251 ) (1156 128 240 ) 
4 6 7 (1328 128 240 ) (1156 128 240 ) (1156 144 240 ) (1328 144 240 ) 
4 7 9 (1156 128 231 ) (1156 144 231 ) (1328 144 231 ) (1328 128 231 ) 
4 7 8 (1156 128 231 ) (1328 128 231 ) (1328 128 240 ) (1156 128 240 ) 
4 8 9 (1156 20 231 ) (1156 128 231 ) (1328 128 231 ) (1328 20 231 ) 
4 9 12 (1156 96 80 ) (1156 233 80 ) (2048 233 80 ) (2048 96 80 ) 
4 9 10 (1344 243 80 ) (2048 243 80 ) (2048 233 80 ) (1344 233 80 ) 
4 9 11 (1156 233 80 ) (1156 243 80 ) (1328 243 80 ) (1328 233 80 ) 
4 10 12 (1344 233 64 ) (2048 233 64 ) (2048 233 80 ) (1344 233 80 ) 
4 11 12 (1156 233 64 ) (1328 233 64 ) (1328 233 80 ) (1156 233 80 ) 
4 13 68 (-806 0 560 ) (-806 0 412 ) (-218 0 412 ) (-218 0 560 ) 
4 13 14 (-806 0 412 ) (-806 505 412 ) (-218 505 412 ) (-218 0 412 ) 
4 14 69 (-806 0 412 ) (-806 0 372 ) (-218 0 372 ) (-218 0 412 ) 
4 14 15 (-806 0 372 ) (-806 505 372 ) (-218 505 372 ) (-218 0 372 ) 
4 15 70 (-806 0 372 ) (-806 0 272 ) (-218 0 272 ) (-218 0 372 ) 
4 15 18 (-806 0 272 ) (-806 24 272 ) (-218 24 272 ) (-218 0 272 ) 
4 15 16 (-806 230 272 ) (-806 505 272 ) (-218 505 272 ) (-218 230 272 ) 
4 16 42 (-672 254 251 ) (-786 254 251 ) (-786 376 251 ) (-672 376 251 ) 
4 16 41 (-672 376 251 ) (-786 376 251 ) (-786 384 251 ) (-672 384 251 ) 
4 16 38 (-672 384 251 ) (-786 384 251 ) (-786 432 251 ) (-672 432 251 ) 
4 16 36 (-672 432 251 ) (-786 432 251 ) (-786 440 251 ) (-672 440 251 ) 
4 16 35 (-786 505 251 ) (-672 505 251 ) (-672 440 251 ) (-786 440 251 ) 
4 16 44 (-806 254 251 ) (-806 505 251 ) (-786 505 251 ) (-786 254 251 ) 
4 16 19 (-400 505 251 ) (-218 505 251 ) (-218 254 251 ) (-400 254 251 ) 
4 17 45 (-806 47 251 ) (-806 207 251 ) (-656 207 251 ) (-656 47 251 ) 
4 17 20 (-656 207 251 ) (-218 207 251 ) (-218 47 251 ) (-656 47 251 ) 
4 18 70 (-806 0 272 ) (-806 0 251 ) (-218 0 251 ) (-218 0 272 ) 
4 19 21 (-400 505 231 ) (-218 505 231 ) (-218 254 231 ) (-400 254 231 ) 
4 20 45 (-656 47 251 ) (-656 207 251 ) (-656 234 231 ) (-656 20 231 ) 
4 20 24 (-656 20 231 ) (-656 234 231 ) (-416 234 231 ) (-416 20 231 ) 
4 20 22 (-416 234 231 ) (-218 234 231 ) (-218 20 231 ) (-416 20 231 ) 
4 21 25 (-400 505 208 ) (-218 505 208 ) (-218 254 208 ) (-400 254 208 ) 
4 22 33 (-218 243 208 ) (-218 11 208 ) (-416 11 208 ) (-416 243 208 ) 
4 22 24 (-416 243 208 ) (-416 11 208 ) (-416 20 231 ) (-416 234 231 ) 
4 23 34 (-418 254 208 ) (-418 248 208 ) (-654 248 208 ) (-654 254 208 ) 
4 23 26 (-654 505 208 ) (-418 505 208 ) (-418 254 208 ) (-654 254 208 ) 
4 23 24 (-654 248 208 ) (-418 248 208 ) (-426.625031 248 231 ) (-645.375061 248 231 ) 
4 24 46 (-656 20 231 ) (-656 234 231 ) (-656 243 208 ) (-656 11 208 ) 
4 24 34 (-656 11 208 ) (-656 248 208 ) (-416 248 208 ) (-416 11 208 ) 
4 25 47 (-400 505 80 ) (-218 505 80 ) (-218 254 80 ) (-400 254 80 ) 
4 26 34 (-416 254 208 ) (-656 254 208 ) (-656 254 200 ) (-416 254 200 ) 
4 26 32 (-648 254 200 ) (-656 254 200 ) (-656 376 200 ) (-648 376 200 ) 
4 26 31 (-416 384 200 ) (-416 254 200 ) (-648 254 200 ) (-648 384 200 ) 
4 26 29 (-416 432 200 ) (-416 384 200 ) (-649.045044 384 200 ) (-649.045044 432 200 ) 
4 26 28 (-656 505 200 ) (-649.045044 505 200 ) (-649.045044 440 200 ) (-656 440 200 ) 
4 26 27 (-649.045044 505 200 ) (-416 505 200 ) (-416 432 200 ) (-649.045044 432 200 ) 
4 27 48 (-576 505 80 ) (-416 505 80 ) (-416 432 80 ) (-576 432 80 ) 
4 27 29 (-416 432 80 ) (-416 432 200 ) (-649.045044 432 200 ) (-649.045044 432 80 ) 
4 27 28 (-649.045044 440 200 ) (-649.045044 505 200 ) (-649.045044 505 80 ) (-649.045044 440 80 ) 
4 29 48 (-576 432 80 ) (-416 432 80 ) (-416 384 80 ) (-576 384 80 ) 
4 29 31 (-416 384 80 ) (-416 384 200 ) (-648 384 200 ) (-648 384 80 ) 
4 29 30 (-649.045044 432 188 ) (-649.045044 432 80 ) (-649.045044 384 80 ) (-649.045044 384 188 ) 
4 30 39 (-656 432 80 ) (-656 384 80 ) (-656 384 188 ) (-656 432 188 ) 
4 31 48 (-576 384 80 ) (-416 384 80 ) (-416 254 80 ) (-576 254 80 ) 
4 31 34 (-648 254 80 ) (-416 254 80 ) (-416 254 200 ) (-648 254 200 ) 
4 31 32 (-648 376 80 ) (-648 254 80 ) (-648 254 200 ) (-648 376 200 ) 
4 32 34 (-656 254 200 ) (-656 254 80 ) (-648 254 80 ) (-648 254 200 ) 
4 33 56 (-218 233 80 ) (-218 96 80 ) (-416 96 80 ) (-416 233 80 ) 
4 33 54 (-218 243 80 ) (-218 233 80 ) (-327 233 80 ) (-327 243 80 ) 
4 33 55 (-343 233 80 ) (-416 233 80 ) (-416 243 80 ) (-343 243 80 ) 
4 33 34 (-416 243 80 ) (-416 11 80 ) (-416 11 208 ) (-416 243 208 ) 
4 34 56 (-656 96 80 ) (-656 233 80 ) (-416 233 80 ) (-416 96 80 ) 
4 34 55 (-656 233 80 ) (-656 243 80 ) (-416 243 80 ) (-416 233 80 ) 
4 34 49 (-656 243 80 ) (-656 254 80 ) (-576 254 80 ) (-576 243 80 ) 
4 34 48 (-576 254 80 ) (-416 254 80 ) (-416 243 80 ) (-576 243 80 ) 
4 34 46 (-656 243 80 ) (-656 11 80 ) (-656 11 208 ) (-656 243 208 ) 
4 35 37 (-786 440 188 ) (-786 505 188 ) (-672 505 188 ) (-672 440 188 ) 
4 35 36 (-786 440 251 ) (-786 440 195 ) (-672 440 195 ) (-672 440 251 ) 
4 35 44 (-786 505 251 ) (-786 505 188 ) (-786 440 188 ) (-786 440 251 ) 
4 36 38 (-786 432 251 ) (-786 432 195 ) (-672 432 195 ) (-672 432 251 ) 
4 36 44 (-786 432 195 ) (-786 432 251 ) (-786 440 251 ) (-786 440 195 ) 
4 37 50 (-786 505 80 ) (-672 505 80 ) (-672 440 80 ) (-786 440 80 ) 
4 37 44 (-786 505 188 ) (-786 505 80 ) (-786 440 80 ) (-786 440 188 ) 
4 38 41 (-786 384 251 ) (-786 384 195 ) (-672 384 195 ) (-672 384 251 ) 
4 38 44 (-786 384 195 ) (-786 384 251 ) (-786 432 251 ) (-786 432 195 ) 
4 40 44 (-786 432 80 ) (-786 384 80 ) (-786 384 188 ) (-786 432 188 ) 
4 41 42 (-786 376 251 ) (-786 376 195 ) (-672 376 195 ) (-672 376 251 ) 
4 41 44 (-786 376 251 ) (-786 384 251 ) (-786 384 195 ) (-786 376 195 ) 
4 42 43 (-672 254 188 ) (-786 254 188 ) (-786 376 188 ) (-672 376 188 ) 
4 42 44 (-786 254 188 ) (-786 254 251 ) (-786 376 251 ) (-786 376 188 ) 
4 43 52 (-672 254 80 ) (-786 254 80 ) (-786 376 80 ) (-672 376 80 ) 
4 43 44 (-786 376 80 ) (-786 254 80 ) (-786 254 188 ) (-786 376 188 ) 
4 44 53 (-806 254 80 ) (-806 505 80 ) (-786 505 80 ) (-786 254 80 ) 
4 45 46 (-806 20 231 ) (-806 234 231 ) (-656 234 231 ) (-656 20 231 ) 
4 46 56 (-806 96 80 ) (-806 233 80 ) (-656 233 80 ) (-656 96 80 ) 
4 46 55 (-806 233 80 ) (-806 243 80 ) (-656 243 80 ) (-656 233 80 ) 
4 47 57 (-400 505 64 ) (-218 505 64 ) (-218 249 64 ) (-400 249 64 ) 
4 48 55 (-576 243 64 ) (-416 243 64 ) (-416 243 80 ) (-576 243 80 ) 
4 48 49 (-576 254 64 ) (-576 243 64 ) (-576 243 80 ) (-576 254 80 ) 
4 49 55 (-656 243 64 ) (-576 243 64 ) (-576 243 80 ) (-656 243 80 ) 
4 50 61 (-786 505 64 ) (-672 505 64 ) (-672 440 64 ) (-786 440 64 ) 
4 50 51 (-786 440 72 ) (-786 440 64 ) (-672 440 64 ) (-672 440 72 ) 
4 50 53 (-786 505 80 ) (-786 505 64 ) (-786 440 64 ) (-786 440 80 ) 
4 51 61 (-672 440 64 ) (-672 376 64 ) (-786 376 64 ) (-786 440 64 ) 
4 51 53 (-786 440 64 ) (-786 376 64 ) (-786 376 72 ) (-786 440 72 ) 
4 51 52 (-786 376 72 ) (-786 376 64 ) (-672 376 64 ) (-672 376 72 ) 
4 52 61 (-672 376 64 ) (-672 253 64 ) (-786 253 64 ) (-786 376 64 ) 
4 52 53 (-786 376 64 ) (-786 253 64 ) (-786 253 80 ) (-786 376 80 ) 
4 53 61 (-806 253 64 ) (-806 505 64 ) (-786 505 64 ) (-786 253 64 ) 
4 54 56 (-327 233 64 ) (-218 233 64 ) (-218 233 80 ) (-327 233 80 ) 
4 55 56 (-806 233 80 ) (-806 233 64 ) (-343 233 64 ) (-343 233 80 ) 
4 57 63 (-218 505 32 ) (-218 249 32 ) (-400 249 32 ) (-400 505 32 ) 
4 58 70 (-218 0 32 ) (-218 0 64 ) (-416 0 64 ) (-416 0 32 ) 
4 58 66 (-218 88 32 ) (-218 0 32 ) (-416 0 32 ) (-416 88 32 ) 
4 58 59 (-416 88 32 ) (-416 0 32 ) (-416 0 64 ) (-416 88 64 ) 
4 59 70 (-416 0 64 ) (-576 0 64 ) (-576 0 32 ) (-416 0 32 ) 
4 59 66 (-416 0 32 ) (-576 0 32 ) (-576 88 32 ) (-416 88 32 ) 
4 59 60 (-576 88 32 ) (-576 0 32 ) (-576 0 64 ) (-576 88 64 ) 
4 60 70 (-576 0 64 ) (-656 0 64 ) (-656 0 32 ) (-576 0 32 ) 
4 60 66 (-576 0 32 ) (-656 0 32 ) (-656 88 32 ) (-576 88 32 ) 
4 60 62 (-656 88 32 ) (-656 0 32 ) (-656 0 64 ) (-656 88 64 ) 
4 61 65 (-806 249 32 ) (-806 254 32 ) (-672 254 32 ) (-672 249 32 ) 
4 61 64 (-806 254 32 ) (-806 505 32 ) (-672 505 32 ) (-672 254 32 ) 
4 62 70 (-656 0 64 ) (-806 0 64 ) (-806 0 32 ) (-656 0 32 ) 
4 62 66 (-806 0 32 ) (-806 88 32 ) (-656 88 32 ) (-656 0 32 ) 
4 63 67 (-400 505 16 ) (-218 505 16 ) (-218 225 16 ) (-400 225 16 ) 
4 64 67 (-806 254 16 ) (-806 505 16 ) (-672 505 16 ) (-672 254 16 ) 
4 64 65 (-806 254 16 ) (-672 254 16 ) (-672 254 32 ) (-806 254 32 ) 
4 65 67 (-806 225 16 ) (-806 254 16 ) (-672 254 16 ) (-672 225 16 ) 
4 66 70 (-218 0 16 ) (-218 0 32 ) (-806 0 32 ) (-806 0 16 ) 
4 66 67 (-806 0 16 ) (-806 112 16 ) (-218 112 16 ) (-218 0 16 ) 
4 67 70 (-218 0 -37 ) (-218 0 16 ) (-806 0 16 ) (-806 0 -37 ) 
4 68 69 (-218 -54 412 ) (-806 -54 412 ) (-806 0 412 ) (-218 0 412 ) 
4 69 70 (-218 -54 372 ) (-806 -54 372 ) (-806 0 372 ) (-218 0 372 ) 
