PRT1
313
922
4 0 3 (2080 1024 2016 ) (2048 1024 2016 ) (2048 1024 -992 ) (2080 1024 -992 ) 
4 0 2 (3040 1024 2016 ) (2080 1024 2016 ) (2080 1024 -992 ) (3040 1024 -992 ) 
4 0 1 (2048 1024 -992 ) (2048 1024 2016 ) (2048 2016 2016 ) (2048 2016 -992 ) 
4 1 53 (1024 1024 -992 ) (1024 1024 2016 ) (1024 2016 2016 ) (1024 2016 -992 ) 
4 1 28 (2048 1024 -992 ) (2048 1024 16 ) (1024 1024 16 ) (1024 1024 -992 ) 
4 1 27 (2048 1024 16 ) (2048 1024 32 ) (1024 1024 32 ) (1024 1024 16 ) 
4 1 20 (2048 1024 32 ) (2048 1024 64 ) (1024 1024 64 ) (1024 1024 32 ) 
4 1 15 (2048 1024 64 ) (2048 1024 80 ) (1024 1024 80 ) (1024 1024 64 ) 
4 1 13 (2048 1024 80 ) (2048 1024 200 ) (1024 1024 200 ) (1024 1024 80 ) 
4 1 10 (2048 1024 200 ) (2048 1024 216 ) (1024 1024 216 ) (1024 1024 200 ) 
4 1 7 (2048 1024 216 ) (2048 1024 232 ) (1024 1024 232 ) (1024 1024 216 ) 
4 1 6 (2048 1024 232 ) (2048 1024 2016 ) (1024 1024 2016 ) (1024 1024 232 ) 
4 2 29 (3040 0 2016 ) (2080 0 2016 ) (2080 0 -992 ) (3040 0 -992 ) 
4 2 4 (2080 0 232 ) (2080 0 2016 ) (2080 248 2016 ) (2080 248 232 ) 
4 2 5 (2080 248 -992 ) (2080 0 -992 ) (2080 0 16 ) (2080 248 16 ) 
4 2 3 (2080 1024 -992 ) (2080 248 -992 ) (2080 248 2016 ) (2080 1024 2016 ) 
4 3 28 (2048 1024 16 ) (2048 1024 -992 ) (2048 248 -992 ) (2048 248 16 ) 
4 3 27 (2048 1024 32 ) (2048 1024 16 ) (2048 248 16 ) (2048 248 32 ) 
4 3 20 (2048 1024 64 ) (2048 1024 32 ) (2048 248 32 ) (2048 248 64 ) 
4 3 15 (2048 1024 80 ) (2048 1024 64 ) (2048 248 64 ) (2048 248 80 ) 
4 3 13 (2048 1024 200 ) (2048 1024 80 ) (2048 248 80 ) (2048 248 200 ) 
4 3 10 (2048 1024 216 ) (2048 1024 200 ) (2048 248 200 ) (2048 248 216 ) 
4 3 7 (2048 1024 232 ) (2048 1024 216 ) (2048 248 216 ) (2048 248 232 ) 
4 3 6 (2048 248 2016 ) (2048 1024 2016 ) (2048 1024 232 ) (2048 248 232 ) 
4 3 4 (2080 248 232 ) (2080 248 2016 ) (2048 248 2016 ) (2048 248 232 ) 
4 3 5 (2048 248 -992 ) (2080 248 -992 ) (2080 248 16 ) (2048 248 16 ) 
4 4 30 (2064 0 2016 ) (2048 0 2016 ) (2048 0 232 ) (2064 0 232 ) 
4 4 29 (2080 0 2016 ) (2064 0 2016 ) (2064 0 232 ) (2080 0 232 ) 
4 4 6 (2048 0 232 ) (2048 0 2016 ) (2048 248 2016 ) (2048 248 232 ) 
4 5 30 (2048 0 16 ) (2048 0 -992 ) (2064 0 -992 ) (2064 0 16 ) 
4 5 29 (2064 0 -992 ) (2080 0 -992 ) (2080 0 16 ) (2064 0 16 ) 
4 5 28 (2048 0 -992 ) (2048 0 16 ) (2048 248 16 ) (2048 248 -992 ) 
4 6 80 (1024 0 232 ) (1024 0 2016 ) (1024 1024 2016 ) (1024 1024 232 ) 
4 6 34 (1024 0 2016 ) (1024 0 232 ) (2048 0 232 ) (2048 0 2016 ) 
4 6 7 (1024 1024 232 ) (2048 1024 232 ) (2048 208 232 ) (1024 208 232 ) 
4 6 9 (2048 40 232 ) (2048 0 232 ) (1024 0 232 ) (1024 40 232 ) 
4 7 81 (1024 208 232 ) (1024 1024 232 ) (1024 1024 216 ) (1024 208 216 ) 
4 7 10 (1024 232 216 ) (1024 1024 216 ) (2048 1024 216 ) (2048 232 216 ) 
4 8 82 (1024 208 216 ) (1024 40 216 ) (1024 96 224 ) (1024 152 224 ) 
4 8 11 (1024 40 216 ) (1024 208 216 ) (2048 208 216 ) (2048 40 216 ) 
4 9 83 (1024 0 216 ) (1024 0 232 ) (1024 40 232 ) (1024 40 216 ) 
4 9 34 (1024 0 232 ) (1024 0 216 ) (2048 0 216 ) (2048 0 232 ) 
4 9 12 (2048 0 216 ) (1024 0 216 ) (1024 16 216 ) (2048 16 216 ) 
4 10 84 (1024 232 216 ) (1024 1024 216 ) (1024 1024 200 ) (1024 232 200 ) 
4 10 13 (1024 248 200 ) (1024 1024 200 ) (2048 1024 200 ) (2048 248 200 ) 
4 11 85 (1024 40 216 ) (1024 208 216 ) (1024 224 200 ) (1024 24 200 ) 
4 11 14 (1024 24 200 ) (1024 224 200 ) (2048 224 200 ) (2048 24 200 ) 
4 12 86 (1024 0 200 ) (1024 0 216 ) (1024 16 216 ) (1024 16 200 ) 
4 12 34 (1024 0 216 ) (1024 0 200 ) (2048 0 200 ) (2048 0 216 ) 
4 13 87 (1024 248 200 ) (1024 1024 200 ) (1024 1024 80 ) (1024 248 80 ) 
4 13 15 (1024 1024 80 ) (2048 1024 80 ) (2048 248 80 ) (1024 248 80 ) 
6 14 88 (1024 24 200 ) (1024 224 200 ) (1024 232 168 ) (1024 232 80 ) (1024 16 80 ) (1024 16 168 ) 
4 14 16 (2048 232 80 ) (2048 96 80 ) (1024 96 80 ) (1024 232 80 ) 
4 15 89 (1024 248 80 ) (1024 1024 80 ) (1024 1024 64 ) (1024 248 64 ) 
4 15 20 (1024 1024 64 ) (2048 1024 64 ) (2048 248 64 ) (1024 248 64 ) 
4 16 90 (1024 96 80 ) (1024 232 80 ) (1024 232 64 ) (1024 96 64 ) 
4 16 18 (2048 200 64 ) (2048 144 64 ) (1024 144 64 ) (1024 200 64 ) 
4 16 17 (2048 232 64 ) (2048 200 64 ) (1024 200 64 ) (1024 232 64 ) 
4 16 19 (2048 144 64 ) (2048 96 64 ) (1024 96 64 ) (1024 144 64 ) 
4 17 91 (1024 200 64 ) (1024 232 64 ) (1024 224 32 ) (1024 200 32 ) 
4 17 22 (1024 200 32 ) (1024 224 32 ) (2048 224 32 ) (2048 200 32 ) 
4 17 18 (1024 200 32 ) (2048 200 32 ) (2048 200 64 ) (1024 200 64 ) 
4 18 92 (1024 144 64 ) (1024 200 64 ) (1024 200 32 ) (1024 144 32 ) 
4 18 23 (1024 144 32 ) (1024 200 32 ) (2048 200 32 ) (2048 144 32 ) 
4 18 19 (1024 144 32 ) (2048 144 32 ) (2048 144 64 ) (1024 144 64 ) 
4 19 93 (1024 96 64 ) (1024 144 64 ) (1024 144 32 ) (1024 112 32 ) 
4 19 24 (1024 112 32 ) (1024 144 32 ) (2048 144 32 ) (2048 112 32 ) 
4 20 95 (1024 248 64 ) (1024 1024 64 ) (1024 1024 32 ) (1024 248 32 ) 
4 20 27 (1024 248 32 ) (1024 1024 32 ) (2048 1024 32 ) (2048 248 32 ) 
4 21 94 (1024 0 32 ) (1024 0 64 ) (1024 88 64 ) (1024 88 32 ) 
4 21 45 (1024 0 44 ) (1024 0 32 ) (2048 0 32 ) (2048 0 44 ) 
4 21 42 (1024 0 48 ) (1024 0 44 ) (2048 0 44 ) (2048 0 48 ) 
4 21 34 (1024 0 64 ) (1024 0 48 ) (2048 0 48 ) (2048 0 64 ) 
4 21 25 (2048 0 32 ) (1024 0 32 ) (1024 88 32 ) (2048 88 32 ) 
3 22 96 (1024 200 32 ) (1024 224 32 ) (1024 200 24 ) 
4 22 23 (1024 200 24 ) (2048 200 24 ) (2048 200 32 ) (1024 200 32 ) 
4 23 97 (1024 144 32 ) (1024 200 32 ) (1024 200 24 ) (1024 144 24 ) 
4 23 24 (1024 144 24 ) (2048 144 24 ) (2048 144 32 ) (1024 144 32 ) 
3 24 98 (1024 112 32 ) (1024 144 32 ) (1024 144 24 ) 
4 25 99 (1024 0 24 ) (1024 0 32 ) (1024 112 32 ) (1024 112 24 ) 
4 25 45 (1024 0 32 ) (1024 0 24 ) (2048 0 24 ) (2048 0 32 ) 
4 25 26 (2048 112 24 ) (2048 0 24 ) (1024 0 24 ) (1024 112 24 ) 
4 26 100 (1024 0 16 ) (1024 0 24 ) (1024 112 24 ) (1024 112 16 ) 
4 26 45 (1024 0 24 ) (1024 0 16 ) (2048 0 16 ) (2048 0 24 ) 
4 26 28 (2048 112 16 ) (2048 0 16 ) (1024 0 16 ) (1024 112 16 ) 
4 27 101 (1024 224 32 ) (1024 1024 32 ) (1024 1024 16 ) (1024 224 16 ) 
4 27 28 (1024 1024 16 ) (2048 1024 16 ) (2048 224 16 ) (1024 224 16 ) 
4 28 102 (1024 0 -992 ) (1024 0 16 ) (1024 1024 16 ) (1024 1024 -992 ) 
4 28 48 (1024 0 0 ) (1024 0 -992 ) (2048 0 -992 ) (2048 0 0 ) 
4 28 47 (1024 0 8 ) (1024 0 0 ) (2048 0 0 ) (2048 0 8 ) 
4 28 45 (1024 0 16 ) (1024 0 8 ) (2048 0 8 ) (2048 0 16 ) 
4 29 51 (3040 -1024 2016 ) (2064 -1024 2016 ) (2064 -1024 -992 ) (3040 -1024 -992 ) 
4 29 31 (2064 -640 192 ) (2064 -640 2016 ) (2064 -416 2016 ) (2064 -416 192 ) 
4 29 32 (2064 -416 -992 ) (2064 -640 -992 ) (2064 -640 0 ) (2064 -416 0 ) 
4 29 30 (2064 0 -992 ) (2064 -416 -992 ) (2064 -416 2016 ) (2064 0 2016 ) 
4 29 33 (2064 -640 -992 ) (2064 -1024 -992 ) (2064 -1024 2016 ) (2064 -640 2016 ) 
4 30 48 (2048 0 0 ) (2048 0 -992 ) (2048 -416 -992 ) (2048 -416 0 ) 
4 30 47 (2048 0 8 ) (2048 0 0 ) (2048 -416 0 ) (2048 -416 8 ) 
4 30 45 (2048 0 44 ) (2048 0 8 ) (2048 -416 8 ) (2048 -416 44 ) 
4 30 42 (2048 0 48 ) (2048 0 44 ) (2048 -416 44 ) (2048 -416 48 ) 
4 30 34 (2048 0 2016 ) (2048 0 48 ) (2048 -416 48 ) (2048 -416 2016 ) 
4 30 31 (2064 -416 192 ) (2064 -416 2016 ) (2048 -416 2016 ) (2048 -416 192 ) 
4 30 32 (2048 -416 -992 ) (2064 -416 -992 ) (2064 -416 0 ) (2048 -416 0 ) 
4 31 37 (2048 -640 192 ) (2048 -640 2016 ) (2048 -448 2016 ) (2048 -448 192 ) 
4 31 35 (2048 -448 2016 ) (2048 -416 2016 ) (2048 -416 192 ) (2048 -448 192 ) 
4 31 33 (2064 -640 192 ) (2064 -640 2016 ) (2048 -640 2016 ) (2048 -640 192 ) 
4 32 49 (2048 -608 -992 ) (2048 -640 -992 ) (2048 -640 0 ) (2048 -608 0 ) 
4 32 48 (2048 -416 -992 ) (2048 -608 -992 ) (2048 -608 0 ) (2048 -416 0 ) 
4 32 33 (2048 -640 -992 ) (2064 -640 -992 ) (2064 -640 0 ) (2048 -640 0 ) 
4 33 51 (2064 -1024 2016 ) (2048 -1024 2016 ) (2048 -1024 -992 ) (2064 -1024 -992 ) 
4 33 50 (2048 -640 -992 ) (2048 -1024 -992 ) (2048 -1024 44 ) (2048 -640 44 ) 
4 33 44 (2048 -1024 44 ) (2048 -1024 48 ) (2048 -640 48 ) (2048 -640 44 ) 
4 33 41 (2048 -1024 48 ) (2048 -1024 176 ) (2048 -640 176 ) (2048 -640 48 ) 
4 33 38 (2048 -1024 176 ) (2048 -1024 192 ) (2048 -640 192 ) (2048 -640 176 ) 
4 33 37 (2048 -1024 192 ) (2048 -1024 2016 ) (2048 -640 2016 ) (2048 -640 192 ) 
4 34 169 (1024 0 192 ) (1024 0 48 ) (1024 -416 48 ) (1024 -416 192 ) 
4 34 166 (1024 0 760 ) (1024 0 192 ) (1024 -416 192 ) (1024 -416 760 ) 
4 34 165 (1024 0 2016 ) (1024 0 760 ) (1024 -416 760 ) (1024 -416 2016 ) 
4 34 42 (1024 -416 48 ) (1024 0 48 ) (2048 0 48 ) (2048 -416 48 ) 
4 34 35 (2048 -416 192 ) (2048 -416 2016 ) (1024 -416 2016 ) (1024 -416 192 ) 
4 34 36 (1024 -416 48 ) (2048 -416 48 ) (2048 -416 64 ) (1024 -416 64 ) 
4 35 166 (1024 -448 192 ) (1024 -448 760 ) (1024 -416 760 ) (1024 -416 192 ) 
4 35 165 (1024 -448 760 ) (1024 -448 2016 ) (1024 -416 2016 ) (1024 -416 760 ) 
4 35 37 (1024 -448 2016 ) (1024 -448 192 ) (2048 -448 192 ) (2048 -448 2016 ) 
4 36 170 (1024 -416 48 ) (1024 -448 48 ) (1024 -448 64 ) (1024 -416 64 ) 
4 36 42 (1024 -448 48 ) (1024 -416 48 ) (2048 -416 48 ) (2048 -448 48 ) 
4 37 181 (1024 -640 696 ) (1024 -608 696 ) (1024 -608 192 ) (1024 -640 192 ) 
4 37 182 (1024 -1024 192 ) (1024 -1024 696 ) (1024 -640 696 ) (1024 -640 192 ) 
4 37 178 (1024 -608 696 ) (1024 -448 696 ) (1024 -448 192 ) (1024 -608 192 ) 
4 37 176 (1024 -1024 696 ) (1024 -1024 760 ) (1024 -496 760 ) (1024 -496 696 ) 
4 37 175 (1024 -1024 760 ) (1024 -1024 2016 ) (1024 -496 2016 ) (1024 -496 760 ) 
4 37 173 (1024 -448 752 ) (1024 -448 696 ) (1024 -496 696 ) (1024 -496 752 ) 
4 37 171 (1024 -496 2016 ) (1024 -448 2016 ) (1024 -448 752 ) (1024 -496 752 ) 
4 37 52 (1024 -1024 2016 ) (1024 -1024 192 ) (2048 -1024 192 ) (2048 -1024 2016 ) 
4 37 38 (2048 -608 192 ) (2048 -1024 192 ) (1024 -1024 192 ) (1024 -608 192 ) 
4 38 181 (1024 -640 192 ) (1024 -608 192 ) (1024 -608 176 ) (1024 -640 176 ) 
4 38 182 (1024 -1024 176 ) (1024 -1024 192 ) (1024 -640 192 ) (1024 -640 176 ) 
4 38 52 (1024 -1024 192 ) (1024 -1024 176 ) (2048 -1024 176 ) (2048 -1024 192 ) 
4 38 41 (2048 -1024 176 ) (1024 -1024 176 ) (1024 -640 176 ) (2048 -640 176 ) 
4 39 179 (1024 -528 176 ) (1024 -448 176 ) (1024 -448 64 ) (1024 -528 64 ) 
4 39 40 (2048 -528 64 ) (2048 -528 176 ) (1024 -528 176 ) (1024 -528 64 ) 
4 40 180 (1024 -608 176 ) (1024 -528 176 ) (1024 -528 48 ) (1024 -608 48 ) 
4 40 43 (1024 -608 48 ) (1024 -528 48 ) (2048 -528 48 ) (2048 -608 48 ) 
4 41 182 (1024 -1024 48 ) (1024 -1024 176 ) (1024 -640 176 ) (1024 -640 48 ) 
4 41 52 (1024 -1024 176 ) (1024 -1024 48 ) (2048 -1024 48 ) (2048 -1024 176 ) 
4 41 44 (2048 -1024 48 ) (1024 -1024 48 ) (1024 -640 48 ) (2048 -640 48 ) 
4 42 183 (1024 -512 48 ) (1024 -448 48 ) (1024 -448 44 ) (1024 -512 44 ) 
4 42 170 (1024 -448 48 ) (1024 -416 48 ) (1024 -416 44 ) (1024 -448 44 ) 
4 42 169 (1024 -416 48 ) (1024 0 48 ) (1024 0 44 ) (1024 -416 44 ) 
4 42 45 (2048 0 44 ) (2048 -512 44 ) (1024 -512 44 ) (1024 0 44 ) 
4 43 184 (1024 -608 48 ) (1024 -528 48 ) (1024 -528 44 ) (1024 -608 44 ) 
4 43 46 (2048 -528 44 ) (2048 -608 44 ) (1024 -608 44 ) (1024 -528 44 ) 
4 44 185 (1024 -1024 44 ) (1024 -1024 48 ) (1024 -640 48 ) (1024 -640 44 ) 
4 44 52 (1024 -1024 48 ) (1024 -1024 44 ) (2048 -1024 44 ) (2048 -1024 48 ) 
4 44 50 (2048 -640 44 ) (2048 -1024 44 ) (1024 -1024 44 ) (1024 -640 44 ) 
4 45 186 (1024 -512 44 ) (1024 0 44 ) (1024 0 8 ) (1024 -512 8 ) 
4 45 47 (1024 -512 8 ) (1024 0 8 ) (2048 0 8 ) (2048 -512 8 ) 
4 46 187 (1024 -608 8 ) (1024 -608 44 ) (1024 -528 44 ) (1024 -528 8 ) 
4 47 188 (1024 -512 8 ) (1024 0 8 ) (1024 0 0 ) (1024 -512 0 ) 
4 47 48 (1024 -512 0 ) (1024 0 0 ) (2048 0 0 ) (2048 -512 0 ) 
4 48 189 (1024 -608 -992 ) (1024 -608 0 ) (1024 0 0 ) (1024 0 -992 ) 
4 48 49 (2048 -608 -992 ) (2048 -608 0 ) (1024 -608 0 ) (1024 -608 -992 ) 
4 49 190 (1024 -608 0 ) (1024 -608 -992 ) (1024 -640 -992 ) (1024 -640 0 ) 
4 49 50 (1024 -640 -992 ) (2048 -640 -992 ) (2048 -640 0 ) (1024 -640 0 ) 
4 50 191 (1024 -1024 -992 ) (1024 -1024 44 ) (1024 -640 44 ) (1024 -640 -992 ) 
4 50 52 (1024 -1024 44 ) (1024 -1024 -992 ) (2048 -1024 -992 ) (2048 -1024 44 ) 
4 51 52 (2048 -1024 2016 ) (2048 -1024 -992 ) (2048 -2016 -992 ) (2048 -2016 2016 ) 
4 52 257 (1024 -2016 2016 ) (1024 -1024 2016 ) (1024 -1024 -992 ) (1024 -2016 -992 ) 
4 53 102 (1024 1024 -992 ) (1024 1024 16 ) (0 1024 16 ) (0 1024 -992 ) 
4 53 101 (1024 1024 16 ) (1024 1024 32 ) (0 1024 32 ) (0 1024 16 ) 
4 53 95 (1024 1024 32 ) (1024 1024 64 ) (0 1024 64 ) (0 1024 32 ) 
4 53 89 (1024 1024 64 ) (1024 1024 80 ) (0 1024 80 ) (0 1024 64 ) 
4 53 87 (1024 1024 80 ) (1024 1024 200 ) (0 1024 200 ) (0 1024 80 ) 
4 53 84 (1024 1024 200 ) (1024 1024 216 ) (0 1024 216 ) (0 1024 200 ) 
4 53 81 (1024 1024 216 ) (1024 1024 232 ) (0 1024 232 ) (0 1024 216 ) 
4 53 80 (1024 1024 232 ) (1024 1024 2016 ) (0 1024 2016 ) (0 1024 232 ) 
4 53 72 (0 1024 -992 ) (0 1024 64 ) (0 1920 64 ) (0 1920 -992 ) 
4 53 68 (0 1920 64 ) (0 2016 64 ) (0 2016 -992 ) (0 1920 -992 ) 
4 53 59 (0 1024 64 ) (0 1024 232 ) (0 1920 232 ) (0 1920 64 ) 
4 53 58 (0 1024 232 ) (0 1024 2016 ) (0 1920 2016 ) (0 1920 232 ) 
4 53 54 (0 1920 2016 ) (0 2016 2016 ) (0 2016 64 ) (0 1920 64 ) 
4 54 68 (-424 2016 64 ) (0 2016 64 ) (0 1920 64 ) (-424 1920 64 ) 
4 54 59 (-424 1920 64 ) (0 1920 64 ) (0 1920 232 ) (-424 1920 232 ) 
4 54 58 (0 1920 232 ) (0 1920 2016 ) (-424 1920 2016 ) (-424 1920 232 ) 
4 54 56 (-424 1920 232 ) (-424 1920 2016 ) (-424 1936 2016 ) (-424 1936 232 ) 
4 54 55 (-424 2016 2016 ) (-424 2016 64 ) (-424 1936 64 ) (-424 1936 2016 ) 
4 55 69 (-664 2016 64 ) (-424 2016 64 ) (-424 1936 64 ) (-664 1936 64 ) 
4 55 56 (-664 1936 2016 ) (-664 1936 232 ) (-424 1936 232 ) (-424 1936 2016 ) 
4 55 57 (-664 2016 2016 ) (-664 2016 64 ) (-664 1936 64 ) (-664 1936 2016 ) 
4 56 58 (-424 1920 232 ) (-424 1920 2016 ) (-664 1920 2016 ) (-664 1920 232 ) 
4 56 57 (-664 1920 232 ) (-664 1920 2016 ) (-664 1936 2016 ) (-664 1936 232 ) 
4 57 78 (-1024 2016 64 ) (-1024 1920 64 ) (-1024 1920 2016 ) (-1024 2016 2016 ) 
4 57 71 (-1024 1920 64 ) (-1024 2016 64 ) (-664 2016 64 ) (-664 1920 64 ) 
4 57 67 (-1024 1920 64 ) (-664 1920 64 ) (-664 1920 232 ) (-1024 1920 232 ) 
4 57 58 (-664 1920 232 ) (-664 1920 2016 ) (-1024 1920 2016 ) (-1024 1920 232 ) 
4 58 103 (0 1024 232 ) (0 1024 2016 ) (-1024 1024 2016 ) (-1024 1024 232 ) 
4 58 78 (-1024 1024 232 ) (-1024 1024 2016 ) (-1024 1920 2016 ) (-1024 1920 232 ) 
4 58 66 (-664 1920 232 ) (-640 1920 232 ) (-640 1024 232 ) (-664 1024 232 ) 
4 58 67 (-1024 1024 232 ) (-1024 1920 232 ) (-664 1920 232 ) (-664 1024 232 ) 
4 58 64 (-640 1920 232 ) (-608 1920 232 ) (-608 1024 232 ) (-640 1024 232 ) 
4 58 61 (-480 1920 232 ) (-448 1920 232 ) (-448 1024 232 ) (-480 1024 232 ) 
4 58 60 (-448 1920 232 ) (-424 1920 232 ) (-424 1024 232 ) (-448 1024 232 ) 
4 58 59 (-424 1920 232 ) (0 1920 232 ) (0 1024 232 ) (-424 1024 232 ) 
4 59 130 (0 1024 64 ) (0 1024 80 ) (-424 1024 80 ) (-424 1024 64 ) 
4 59 104 (0 1024 80 ) (0 1024 232 ) (-424 1024 232 ) (-424 1024 80 ) 
4 59 72 (-424 1920 64 ) (0 1920 64 ) (0 1024 64 ) (-424 1024 64 ) 
4 59 60 (-424 1024 232 ) (-424 1920 232 ) (-424 1920 184 ) (-424 1024 184 ) 
4 60 105 (-424 1024 232 ) (-448 1024 232 ) (-448 1024 184 ) (-424 1024 184 ) 
4 60 61 (-448 1024 232 ) (-448 1920 232 ) (-448 1920 216 ) (-448 1024 216 ) 
4 61 116 (-448 1024 232 ) (-480 1024 232 ) (-480 1024 216 ) (-448 1024 216 ) 
4 62 131 (-480 1024 80 ) (-480 1024 64 ) (-448 1024 64 ) (-448 1024 80 ) 
4 62 113 (-480 1024 208 ) (-480 1024 80 ) (-448 1024 80 ) (-448 1024 184 ) 
4 62 74 (-480 1920 64 ) (-448 1920 64 ) (-448 1024 64 ) (-480 1024 64 ) 
4 62 63 (-480 1920 208 ) (-480 1920 64 ) (-480 1024 64 ) (-480 1024 208 ) 
4 63 131 (-608 1024 80 ) (-608 1024 64 ) (-480 1024 64 ) (-480 1024 80 ) 
6 63 113 (-608 1024 208 ) (-608 1024 80 ) (-480 1024 80 ) (-480 1024 208 ) (-512 1024 216 ) (-576 1024 216 ) 
4 63 74 (-608 1920 64 ) (-480 1920 64 ) (-480 1024 64 ) (-608 1024 64 ) 
4 63 65 (-608 1920 208 ) (-608 1920 64 ) (-608 1024 64 ) (-608 1024 208 ) 
4 64 110 (-608 1024 232 ) (-640 1024 232 ) (-640 1024 216 ) (-608 1024 216 ) 
4 64 66 (-640 1024 232 ) (-640 1920 232 ) (-640 1920 216 ) (-640 1024 216 ) 
4 65 131 (-640 1024 80 ) (-640 1024 64 ) (-608 1024 64 ) (-608 1024 80 ) 
4 65 114 (-640 1024 184 ) (-640 1024 80 ) (-608 1024 80 ) (-608 1024 208 ) 
4 65 74 (-640 1920 64 ) (-608 1920 64 ) (-608 1024 64 ) (-640 1024 64 ) 
4 66 119 (-640 1024 232 ) (-664 1024 232 ) (-664 1024 184 ) (-640 1024 184 ) 
4 66 67 (-664 1024 232 ) (-664 1920 232 ) (-664 1920 184 ) (-664 1024 184 ) 
4 67 132 (-1024 1024 80 ) (-1024 1024 64 ) (-664 1024 64 ) (-664 1024 80 ) 
4 67 120 (-664 1024 232 ) (-1024 1024 232 ) (-1024 1024 80 ) (-664 1024 80 ) 
4 67 78 (-1024 1024 64 ) (-1024 1024 232 ) (-1024 1920 232 ) (-1024 1920 64 ) 
4 67 76 (-1024 1024 64 ) (-1024 1920 64 ) (-664 1920 64 ) (-664 1024 64 ) 
4 68 72 (0 1920 -992 ) (0 1920 64 ) (-424 1920 64 ) (-424 1920 -992 ) 
4 68 70 (-424 1936 -992 ) (-424 1920 -992 ) (-424 1920 16 ) (-424 1936 16 ) 
4 68 69 (-424 2016 64 ) (-424 2016 -992 ) (-424 1936 -992 ) (-424 1936 64 ) 
4 69 70 (-664 1936 16 ) (-664 1936 -992 ) (-424 1936 -992 ) (-424 1936 16 ) 
4 69 71 (-664 2016 64 ) (-664 2016 -992 ) (-664 1936 -992 ) (-664 1936 64 ) 
4 70 77 (-664 1920 16 ) (-664 1920 -992 ) (-640 1920 -992 ) (-640 1920 16 ) 
4 70 75 (-640 1920 -992 ) (-448 1920 -992 ) (-448 1920 16 ) (-640 1920 16 ) 
4 70 73 (-448 1920 -992 ) (-424 1920 -992 ) (-424 1920 16 ) (-448 1920 16 ) 
4 70 71 (-664 1936 -992 ) (-664 1920 -992 ) (-664 1920 16 ) (-664 1936 16 ) 
4 71 78 (-1024 1920 -992 ) (-1024 1920 64 ) (-1024 2016 64 ) (-1024 2016 -992 ) 
4 71 77 (-1024 1920 16 ) (-1024 1920 -992 ) (-664 1920 -992 ) (-664 1920 16 ) 
4 71 76 (-664 1920 64 ) (-1024 1920 64 ) (-1024 1920 16 ) (-664 1920 16 ) 
4 72 164 (0 1024 -992 ) (0 1024 16 ) (-424 1024 16 ) (-424 1024 -992 ) 
4 72 137 (0 1024 16 ) (0 1024 32 ) (-424 1024 32 ) (-424 1024 16 ) 
4 72 135 (0 1024 32 ) (0 1024 64 ) (-424 1024 64 ) (-424 1024 32 ) 
4 72 73 (-424 1920 16 ) (-424 1920 -992 ) (-424 1024 -992 ) (-424 1024 16 ) 
4 73 164 (-448 1024 16 ) (-448 1024 -992 ) (-424 1024 -992 ) (-424 1024 16 ) 
4 73 75 (-448 1920 16 ) (-448 1920 -992 ) (-448 1024 -992 ) (-448 1024 16 ) 
4 74 138 (-448 1024 24 ) (-448 1024 64 ) (-640 1024 64 ) (-640 1024 24 ) 
4 75 164 (-448 1024 -992 ) (-448 1024 16 ) (-640 1024 16 ) (-640 1024 -992 ) 
4 75 77 (-640 1920 16 ) (-640 1920 -992 ) (-640 1024 -992 ) (-640 1024 16 ) 
4 76 141 (-1024 1024 32 ) (-1024 1024 16 ) (-664 1024 16 ) (-664 1024 32 ) 
4 76 139 (-664 1024 64 ) (-1024 1024 64 ) (-1024 1024 32 ) (-664 1024 32 ) 
4 76 78 (-1024 1024 16 ) (-1024 1024 64 ) (-1024 1920 64 ) (-1024 1920 16 ) 
4 76 77 (-1024 1024 16 ) (-1024 1920 16 ) (-664 1920 16 ) (-664 1024 16 ) 
4 77 164 (-640 1024 -992 ) (-640 1024 16 ) (-1024 1024 16 ) (-1024 1024 -992 ) 
4 77 78 (-1024 1024 -992 ) (-1024 1024 16 ) (-1024 1920 16 ) (-1024 1920 -992 ) 
4 78 281 (-1216 1024 -992 ) (-1184 1024 -992 ) (-1184 1024 232 ) (-1216 1024 232 ) 
4 78 283 (-2048 1024 232 ) (-2048 1024 -992 ) (-1216 1024 -992 ) (-1216 1024 232 ) 
4 78 280 (-1184 1024 2016 ) (-2048 1024 2016 ) (-2048 1024 232 ) (-1184 1024 232 ) 
4 78 279 (-1024 1024 -992 ) (-1024 1024 16 ) (-1184 1024 16 ) (-1184 1024 -992 ) 
4 78 277 (-1024 1024 16 ) (-1024 1024 32 ) (-1184 1024 32 ) (-1184 1024 16 ) 
4 78 273 (-1024 1024 32 ) (-1024 1024 64 ) (-1184 1024 64 ) (-1184 1024 32 ) 
4 78 266 (-1024 1024 64 ) (-1024 1024 200 ) (-1184 1024 200 ) (-1184 1024 64 ) 
4 78 263 (-1024 1024 200 ) (-1024 1024 216 ) (-1184 1024 216 ) (-1184 1024 200 ) 
4 78 260 (-1024 1024 216 ) (-1024 1024 232 ) (-1184 1024 232 ) (-1184 1024 216 ) 
4 78 259 (-1024 1024 232 ) (-1024 1024 2016 ) (-1184 1024 2016 ) (-1184 1024 232 ) 
4 78 79 (-2048 1024 -992 ) (-2048 1024 2016 ) (-2048 2016 2016 ) (-2048 2016 -992 ) 
4 79 309 (-2048 1024 -992 ) (-2048 1024 2016 ) (-2528 1024 2016 ) (-2528 1024 -992 ) 
4 80 167 (320 0 760 ) (0 0 760 ) (0 0 232 ) (320 0 232 ) 
4 80 166 (1024 0 232 ) (1024 0 760 ) (320 0 760 ) (320 0 232 ) 
4 80 165 (1024 0 760 ) (1024 0 2016 ) (0 0 2016 ) (0 0 760 ) 
4 80 103 (0 0 232 ) (0 0 2016 ) (0 1024 2016 ) (0 1024 232 ) 
4 80 81 (0 208 232 ) (0 1024 232 ) (1024 1024 232 ) (1024 208 232 ) 
4 80 83 (1024 0 232 ) (0 0 232 ) (0 40 232 ) (1024 40 232 ) 
4 81 107 (0 208 232 ) (0 232 232 ) (0 232 216 ) (0 208 216 ) 
4 81 106 (0 232 232 ) (0 248 232 ) (0 248 216 ) (0 232 216 ) 
4 81 104 (0 248 232 ) (0 1024 232 ) (0 1024 216 ) (0 248 216 ) 
4 81 84 (0 232 216 ) (0 1024 216 ) (1024 1024 216 ) (1024 232 216 ) 
4 82 125 (0 208 216 ) (0 40 216 ) (0 96 224 ) (0 152 224 ) 
4 82 85 (0 40 216 ) (0 208 216 ) (1024 208 216 ) (1024 40 216 ) 
4 83 167 (320 0 232 ) (0 0 232 ) (0 0 216 ) (320 0 216 ) 
4 83 166 (1024 0 216 ) (1024 0 232 ) (320 0 232 ) (320 0 216 ) 
4 83 126 (0 16 232 ) (0 40 232 ) (0 40 216 ) (0 16 216 ) 
4 83 128 (0 0 216 ) (0 0 232 ) (0 16 232 ) (0 16 216 ) 
4 83 86 (0 0 216 ) (0 16 216 ) (1024 16 216 ) (1024 0 216 ) 
4 84 106 (0 232 216 ) (0 248 216 ) (0 248 200 ) (0 232 200 ) 
4 84 104 (0 248 216 ) (0 1024 216 ) (0 1024 200 ) (0 248 200 ) 
4 84 87 (0 248 200 ) (0 1024 200 ) (1024 1024 200 ) (1024 248 200 ) 
3 85 127 (0 40 216 ) (0 40 200 ) (0 24 200 ) 
4 85 125 (0 40 216 ) (0 208 216 ) (0 208 200 ) (0 40 200 ) 
3 85 108 (0 208 216 ) (0 224 200 ) (0 208 200 ) 
4 85 88 (0 24 200 ) (0 224 200 ) (1024 224 200 ) (1024 24 200 ) 
4 86 167 (320 0 216 ) (0 0 216 ) (0 0 200 ) (320 0 200 ) 
4 86 166 (1024 0 200 ) (1024 0 216 ) (320 0 216 ) (320 0 200 ) 
4 86 128 (0 0 200 ) (0 0 216 ) (0 16 216 ) (0 16 200 ) 
4 87 104 (0 248 200 ) (0 1024 200 ) (0 1024 80 ) (0 248 80 ) 
4 87 89 (0 248 80 ) (0 1024 80 ) (1024 1024 80 ) (1024 248 80 ) 
5 88 129 (0 24 200 ) (0 208 200 ) (0 208 80 ) (0 16 80 ) (0 16 168 ) 
5 88 109 (0 208 200 ) (0 224 200 ) (0 232 168 ) (0 232 80 ) (0 208 80 ) 
4 88 90 (0 96 80 ) (0 232 80 ) (1024 232 80 ) (1024 96 80 ) 
4 89 130 (0 248 80 ) (0 1024 80 ) (0 1024 64 ) (0 248 64 ) 
4 89 95 (0 248 64 ) (0 1024 64 ) (1024 1024 64 ) (1024 248 64 ) 
4 90 134 (0 96 80 ) (0 232 80 ) (0 232 64 ) (0 96 64 ) 
4 90 93 (0 96 64 ) (0 144 64 ) (1024 144 64 ) (1024 96 64 ) 
4 90 92 (0 144 64 ) (0 200 64 ) (1024 200 64 ) (1024 144 64 ) 
4 90 91 (0 200 64 ) (0 232 64 ) (1024 232 64 ) (1024 200 64 ) 
4 91 142 (0 200 64 ) (0 224 64 ) (0 224 32 ) (0 200 32 ) 
3 91 136 (0 224 64 ) (0 232 64 ) (0 224 32 ) 
4 91 96 (0 200 32 ) (0 224 32 ) (1024 224 32 ) (1024 200 32 ) 
4 91 92 (0 200 32 ) (1024 200 32 ) (1024 200 64 ) (0 200 64 ) 
4 92 143 (0 144 64 ) (0 200 64 ) (0 200 32 ) (0 144 32 ) 
4 92 97 (0 144 32 ) (0 200 32 ) (1024 200 32 ) (1024 144 32 ) 
4 92 93 (0 144 32 ) (1024 144 32 ) (1024 144 64 ) (0 144 64 ) 
4 93 144 (0 96 64 ) (0 144 64 ) (0 144 32 ) (0 112 32 ) 
4 93 98 (0 112 32 ) (0 144 32 ) (1024 144 32 ) (1024 112 32 ) 
4 94 186 (1024 0 32 ) (1024 0 44 ) (0 0 44 ) (0 0 32 ) 
4 94 169 (1024 0 44 ) (1024 0 64 ) (0 0 64 ) (0 0 44 ) 
4 94 151 (0 0 32 ) (0 0 64 ) (0 88 64 ) (0 88 32 ) 
4 94 99 (1024 0 32 ) (0 0 32 ) (0 88 32 ) (1024 88 32 ) 
4 95 135 (0 248 64 ) (0 1024 64 ) (0 1024 32 ) (0 248 32 ) 
4 95 101 (0 248 32 ) (0 1024 32 ) (1024 1024 32 ) (1024 248 32 ) 
3 96 152 (0 200 32 ) (0 224 32 ) (0 200 24 ) 
4 96 97 (0 200 24 ) (1024 200 24 ) (1024 200 32 ) (0 200 32 ) 
4 97 153 (0 144 32 ) (0 200 32 ) (0 200 24 ) (0 144 24 ) 
4 97 98 (0 144 24 ) (1024 144 24 ) (1024 144 32 ) (0 144 32 ) 
3 98 154 (0 112 32 ) (0 144 32 ) (0 144 24 ) 
4 99 186 (1024 0 24 ) (1024 0 32 ) (0 0 32 ) (0 0 24 ) 
4 99 161 (0 0 24 ) (0 0 32 ) (0 112 32 ) (0 112 24 ) 
4 99 100 (1024 0 24 ) (0 0 24 ) (0 112 24 ) (1024 112 24 ) 
4 100 186 (1024 0 16 ) (1024 0 24 ) (0 0 24 ) (0 0 16 ) 
4 100 162 (0 0 16 ) (0 0 24 ) (0 112 24 ) (0 112 16 ) 
4 100 102 (0 0 16 ) (0 112 16 ) (1024 112 16 ) (1024 0 16 ) 
4 101 137 (0 224 32 ) (0 1024 32 ) (0 1024 16 ) (0 224 16 ) 
4 101 102 (0 224 16 ) (0 1024 16 ) (1024 1024 16 ) (1024 224 16 ) 
4 102 189 (1024 0 -992 ) (1024 0 0 ) (0 0 0 ) (0 0 -992 ) 
4 102 188 (1024 0 0 ) (1024 0 8 ) (0 0 8 ) (0 0 0 ) 
4 102 186 (1024 0 8 ) (1024 0 16 ) (0 0 16 ) (0 0 8 ) 
4 102 164 (0 0 -992 ) (0 0 16 ) (0 1024 16 ) (0 1024 -992 ) 
4 103 259 (-1024 1024 2016 ) (-1024 1024 232 ) (-1024 0 232 ) (-1024 0 2016 ) 
4 103 195 (-288 0 232 ) (-240 0 232 ) (-240 0 2016 ) (-288 0 2016 ) 
4 103 197 (-1024 0 2016 ) (-1024 0 232 ) (-288 0 232 ) (-288 0 2016 ) 
4 103 193 (-240 0 232 ) (0 0 232 ) (0 0 760 ) (-240 0 760 ) 
4 103 192 (0 0 760 ) (0 0 2016 ) (-240 0 2016 ) (-240 0 760 ) 
4 103 126 (-1024 16 232 ) (-1024 40 232 ) (0 40 232 ) (0 16 232 ) 
4 103 128 (0 0 232 ) (-1024 0 232 ) (-1024 16 232 ) (0 16 232 ) 
4 103 122 (-1024 208 232 ) (-1024 232 232 ) (-640 232 232 ) (-640 208 232 ) 
4 103 121 (-1024 232 232 ) (-1024 248 232 ) (-640 248 232 ) (-640 232 232 ) 
4 103 119 (-664 1024 232 ) (-640 1024 232 ) (-640 248 232 ) (-664 248 232 ) 
4 103 120 (-1024 248 232 ) (-1024 1024 232 ) (-664 1024 232 ) (-664 248 232 ) 
4 103 116 (-480 1024 232 ) (-448 1024 232 ) (-448 232 232 ) (-480 248 232 ) 
4 103 110 (-640 1024 232 ) (-608 1024 232 ) (-608 248 232 ) (-640 232 232 ) 
4 103 107 (0 232 232 ) (0 208 232 ) (-448 208 232 ) (-448 232 232 ) 
4 103 106 (0 248 232 ) (0 232 232 ) (-448 232 232 ) (-448 248 232 ) 
4 103 105 (-448 1024 232 ) (-424 1024 232 ) (-424 248 232 ) (-448 248 232 ) 
4 103 104 (-424 1024 232 ) (0 1024 232 ) (0 248 232 ) (-424 248 232 ) 
4 104 130 (0 1024 80 ) (0 248 80 ) (-424 248 80 ) (-424 1024 80 ) 
4 104 106 (0 248 200 ) (0 248 232 ) (-424 248 232 ) (-424 248 200 ) 
4 104 105 (-424 248 184 ) (-424 248 232 ) (-424 1024 232 ) (-424 1024 184 ) 
4 105 116 (-448 248 216 ) (-448 248 232 ) (-448 1024 232 ) (-448 1024 216 ) 
4 105 106 (-448 248 232 ) (-448 248 200 ) (-424 248 200 ) (-424 248 232 ) 
4 106 116 (-448 232 232 ) (-448 248 232 ) (-448 248 216 ) (-448 232 216 ) 
4 106 107 (-448 232 232 ) (-448 232 216 ) (0 232 216 ) (0 232 232 ) 
4 108 125 (0 208 200 ) (0 208 216 ) (-448 208 216 ) (-448 208 200 ) 
3 108 118 (-448 208 200 ) (-448 208 216 ) (-448 224 200 ) 
4 108 109 (0 208 200 ) (-448 208 200 ) (-448 224 200 ) (0 224 200 ) 
4 109 134 (0 232 80 ) (0 208 80 ) (-448 208 80 ) (-448 232 80 ) 
4 109 129 (-448 208 80 ) (0 208 80 ) (0 208 200 ) (-448 208 200 ) 
4 109 115 (-448 208 184 ) (-448 208 200 ) (-448 224 200 ) (-448 228 184 ) 
5 109 111 (-448 232 80 ) (-448 208 80 ) (-448 208 184 ) (-448 228 184 ) (-448 232 168 ) 
4 110 121 (-640 232 232 ) (-640 248 232 ) (-640 248 216 ) (-640 232 216 ) 
4 110 119 (-640 248 232 ) (-640 1024 232 ) (-640 1024 216 ) (-640 248 216 ) 
5 111 134 (-448 208 80 ) (-640 208 80 ) (-640 224 80 ) (-624 232 80 ) (-448 232 80 ) 
4 111 133 (-624 232 80 ) (-592 248 80 ) (-448 248 80 ) (-448 232 80 ) 
3 111 131 (-592 248 80 ) (-448 320 80 ) (-448 248 80 ) 
5 111 129 (-640 208 80 ) (-448 208 80 ) (-448 208 184 ) (-469.333282 208 200 ) (-640 208 200 ) 
5 111 125 (-469.333282 208 200 ) (-480 208 208 ) (-512 208 216 ) (-640 208 216 ) (-640 208 200 ) 
4 111 124 (-640 224 80 ) (-640 208 80 ) (-640 208 200 ) (-640 224 200 ) 
3 111 123 (-640 208 200 ) (-640 208 216 ) (-640 224 200 ) 
4 111 118 (-512.001953 208 216 ) (-479.998962 208 208 ) (-479.998962 240 208 ) (-512.001953 256 216 ) 
4 111 117 (-479.998962 240 208 ) (-479.998962 248 208 ) (-512.001953 264 216 ) (-512.001953 256 216 ) 
4 111 115 (-480.003906 248.001984 208 ) (-480.003906 208 208 ) (-448 208 183.996582 ) (-448 232 183.996582 ) 
7 111 112 (-640 224 80 ) (-640 224 208 ) (-576 256 216 ) (-512 288 216 ) (-480.013672 303.993164 208.003418 ) (-448 320 183.993164 ) (-448 320 80 ) 
3 112 134 (-640 224 80 ) (-640 232 80 ) (-624 232 80 ) 
4 112 133 (-640 232 80 ) (-608 248 80 ) (-592 248 80 ) (-624 232 80 ) 
4 112 131 (-608 248 80 ) (-448 328 80 ) (-448 320 80 ) (-592 248 80 ) 
4 112 124 (-640 232 80 ) (-640 224 80 ) (-640 224 200 ) (-640 232 168 ) 
4 112 114 (-640 232 80 ) (-640 232 184 ) (-608 248 208 ) (-608 248 80 ) 
7 112 113 (-576 264 216 ) (-512 296 216 ) (-480.001953 312 208 ) (-448 328 184 ) (-448 328 80 ) (-608 248 80 ) (-608 248 208 ) 
4 113 131 (-608 1024 80 ) (-448 1024 80 ) (-448 328 80 ) (-608 248 80 ) 
4 113 114 (-608 1024 80 ) (-608 247.998047 80 ) (-608 247.998047 208 ) (-608 1024 208 ) 
3 114 133 (-640 232 80 ) (-640 248 80 ) (-608 248 80 ) 
4 114 131 (-640 248 80 ) (-640 1024 80 ) (-608 1024 80 ) (-608 248 80 ) 
3 115 129 (-448 208 184 ) (-448 208 200 ) (-469.333282 208 200 ) 
3 115 125 (-448 208 200 ) (-480 208 208 ) (-469.333282 208 200 ) 
4 115 118 (-479.998962 208 208 ) (-448 208 200 ) (-448 224 200 ) (-479.998962 240 208 ) 
4 115 117 (-448 224 200 ) (-448 232 200 ) (-479.998962 248 208 ) (-479.998962 240 208 ) 
3 117 118 (-512 256 216 ) (-448 224 200 ) (-448 224 208 ) 
3 118 125 (-448 208 200 ) (-448 208 216 ) (-512 208 216 ) 
4 119 121 (-640 248 200 ) (-640 248 232 ) (-664 248 232 ) (-664 248 200 ) 
4 119 120 (-664 248 184 ) (-664 248 232 ) (-664 1024 232 ) (-664 1024 184 ) 
4 120 266 (-1024 1024 200 ) (-1024 1024 80 ) (-1024 248 80 ) (-1024 248 200 ) 
4 120 263 (-1024 1024 216 ) (-1024 1024 200 ) (-1024 248 200 ) (-1024 248 216 ) 
4 120 260 (-1024 1024 232 ) (-1024 1024 216 ) (-1024 248 216 ) (-1024 248 232 ) 
4 120 132 (-1024 248 80 ) (-1024 1024 80 ) (-664 1024 80 ) (-664 248 80 ) 
4 120 121 (-664 248 200 ) (-664 248 232 ) (-1024 248 232 ) (-1024 248 200 ) 
4 121 263 (-1024 248 216 ) (-1024 248 200 ) (-1024 232 200 ) (-1024 232 216 ) 
4 121 260 (-1024 232 232 ) (-1024 248 232 ) (-1024 248 216 ) (-1024 232 216 ) 
4 121 122 (-640 232 216 ) (-640 232 232 ) (-1024 232 232 ) (-1024 232 216 ) 
4 122 260 (-1024 208 216 ) (-1024 208 232 ) (-1024 232 232 ) (-1024 232 216 ) 
3 123 264 (-1024 208 200 ) (-1024 208 216 ) (-1024 224 200 ) 
4 123 125 (-640 208 200 ) (-640 208 216 ) (-1024 208 216 ) (-1024 208 200 ) 
4 123 124 (-640 224 200 ) (-640 208 200 ) (-1024 208 200 ) (-1024 224 200 ) 
5 124 267 (-1024 232 80 ) (-1024 208 80 ) (-1024 208 200 ) (-1024 224 200 ) (-1024 232 168 ) 
4 124 134 (-640 208 80 ) (-1024 208 80 ) (-1024 232 80 ) (-640 232 80 ) 
4 124 129 (-1024 208 80 ) (-640 208 80 ) (-640 208 200 ) (-1024 208 200 ) 
4 125 264 (-1024 208 216 ) (-1024 208 200 ) (-1024 40 200 ) (-1024 40 216 ) 
4 125 261 (-1024 152 224 ) (-1024 208 216 ) (-1024 40 216 ) (-1024 96 224 ) 
4 125 129 (-1024 208 200 ) (0 208 200 ) (0 40 200 ) (-1024 40 200 ) 
4 125 127 (-1024 40 200 ) (0 40 200 ) (0 40 216 ) (-1024 40 216 ) 
4 126 262 (-1024 16 232 ) (-1024 40 232 ) (-1024 40 216 ) (-1024 16 216 ) 
4 126 128 (0 16 216 ) (0 16 232 ) (-1024 16 232 ) (-1024 16 216 ) 
3 127 264 (-1024 40 216 ) (-1024 40 200 ) (-1024 24 200 ) 
4 127 129 (0 40 200 ) (0 24 200 ) (-1024 24 200 ) (-1024 40 200 ) 
4 128 265 (-1024 0 200 ) (-1024 0 216 ) (-1024 16 216 ) (-1024 16 200 ) 
4 128 262 (-1024 0 216 ) (-1024 0 232 ) (-1024 16 232 ) (-1024 16 216 ) 
4 128 195 (-288 0 200 ) (-240 0 200 ) (-240 0 232 ) (-288 0 232 ) 
4 128 197 (-1024 0 232 ) (-1024 0 200 ) (-288 0 200 ) (-288 0 232 ) 
4 128 193 (-240 0 200 ) (0 0 200 ) (0 0 232 ) (-240 0 232 ) 
5 129 268 (-1024 96 80 ) (-1024 16 80 ) (-1024 16 168 ) (-1024 24 200 ) (-1024 96 200 ) 
4 129 267 (-1024 208 80 ) (-1024 96 80 ) (-1024 96 200 ) (-1024 208 200 ) 
4 129 134 (0 208 80 ) (0 96 80 ) (-1024 96 80 ) (-1024 208 80 ) 
4 130 135 (-424 1024 64 ) (0 1024 64 ) (0 248 64 ) (-424 248 64 ) 
4 131 138 (-640 1024 64 ) (-448 1024 64 ) (-448 248 64 ) (-640 248 64 ) 
4 131 133 (-640 248 64 ) (-448 248 64 ) (-448 248 80 ) (-640 248 80 ) 
4 132 266 (-1024 1024 80 ) (-1024 1024 64 ) (-1024 248 64 ) (-1024 248 80 ) 
4 132 139 (-1024 248 64 ) (-1024 1024 64 ) (-664 1024 64 ) (-664 248 64 ) 
4 133 138 (-640 248 64 ) (-448 248 64 ) (-448 232 64 ) (-640 232 64 ) 
4 133 134 (-640 232 64 ) (-448 232 64 ) (-448 232 80 ) (-640 232 80 ) 
4 134 267 (-1024 232 64 ) (-1024 96 64 ) (-1024 96 80 ) (-1024 232 80 ) 
4 134 149 (-1024 144 64 ) (-1024 200 64 ) (-640 200 64 ) (-640 144 64 ) 
4 134 148 (-1024 200 64 ) (-1024 224 64 ) (-640 224 64 ) (-640 200 64 ) 
4 134 150 (-1024 96 64 ) (-1024 144 64 ) (-640 144 64 ) (-640 96 64 ) 
4 134 146 (-448 200 64 ) (-448 144 64 ) (-640 144 64 ) (-640 200 64 ) 
4 134 145 (-640 224 64 ) (-448 224 64 ) (-448 200 64 ) (-640 200 64 ) 
4 134 147 (-448 144 64 ) (-448 96 64 ) (-640 96 64 ) (-640 144 64 ) 
4 134 143 (0 200 64 ) (0 144 64 ) (-448 144 64 ) (-448 200 64 ) 
4 134 142 (-448 224 64 ) (0 224 64 ) (0 200 64 ) (-448 200 64 ) 
4 134 144 (0 144 64 ) (0 96 64 ) (-448 96 64 ) (-448 144 64 ) 
4 134 140 (-1024 224 64 ) (-1024 232 64 ) (-640 232 64 ) (-640 224 64 ) 
4 134 138 (-640 232 64 ) (-448 232 64 ) (-448 224 64 ) (-640 224 64 ) 
4 134 136 (-448 232 64 ) (0 232 64 ) (0 224 64 ) (-448 224 64 ) 
4 135 137 (-424 1024 32 ) (0 1024 32 ) (0 248 32 ) (-424 248 32 ) 
4 136 142 (0 224 32 ) (0 224 64 ) (-448 224 64 ) (-448 224 32 ) 
3 136 138 (-448 224 32 ) (-448 224 64 ) (-448 232 64 ) 
4 137 164 (0 1024 16 ) (0 224 16 ) (-424 224 16 ) (-424 1024 16 ) 
4 138 163 (-448 224 24 ) (-448 224 32 ) (-640 224 32 ) (-640 224 24 ) 
4 138 145 (-448 224 32 ) (-448 224 64 ) (-640 224 64 ) (-640 224 32 ) 
3 138 140 (-640 224 32 ) (-640 224 64 ) (-640 232 64 ) 
4 139 273 (-1024 1024 64 ) (-1024 1024 32 ) (-1024 248 32 ) (-1024 248 64 ) 
4 139 141 (-664 248 32 ) (-1024 248 32 ) (-1024 1024 32 ) (-664 1024 32 ) 
3 140 269 (-1024 224 32 ) (-1024 224 64 ) (-1024 232 64 ) 
4 140 148 (-640 224 32 ) (-640 224 64 ) (-1024 224 64 ) (-1024 224 32 ) 
4 141 277 (-1024 1024 32 ) (-1024 1024 16 ) (-1024 224 16 ) (-1024 224 32 ) 
4 141 164 (-664 224 16 ) (-1024 224 16 ) (-1024 1024 16 ) (-664 1024 16 ) 
4 142 152 (-448 223.996094 32 ) (0 223.996094 32 ) (0 200 32 ) (-448 200 32 ) 
4 142 145 (-448 224 64 ) (-448 224 32 ) (-448 200 32 ) (-448 200 64 ) 
4 142 143 (-448 200 64 ) (-448 200 32 ) (0 200 32 ) (0 200 64 ) 
4 143 153 (0 200 32 ) (0 144 32 ) (-448 144 32 ) (-448 200 32 ) 
4 143 146 (-448 200 32 ) (-448 144 32 ) (-448 144 64 ) (-448 200 64 ) 
4 143 144 (-448 144 64 ) (-448 144 32 ) (0 144 32 ) (0 144 64 ) 
4 144 154 (0 144 32 ) (0 112 32 ) (-448 112 32 ) (-448 144 32 ) 
4 144 147 (-448 144 32 ) (-448 112 32 ) (-448 96 64 ) (-448 144 64 ) 
4 145 155 (-640 223.996094 32 ) (-448 223.996094 32 ) (-448 200 32 ) (-640 200 32 ) 
4 145 148 (-640 224 64 ) (-640 224 32 ) (-640 200 32 ) (-640 200 64 ) 
4 145 146 (-640 200 64 ) (-640 200 32 ) (-448 200 32 ) (-448 200 64 ) 
4 146 156 (-448 200 32 ) (-448 144 32 ) (-640 144 32 ) (-640 200 32 ) 
4 146 149 (-640 200 32 ) (-640 144 32 ) (-640 144 64 ) (-640 200 64 ) 
4 146 147 (-640 144 64 ) (-640 144 32 ) (-448 144 32 ) (-448 144 64 ) 
4 147 157 (-448 144 32 ) (-448 112 32 ) (-640 112 32 ) (-640 144 32 ) 
4 147 150 (-640 144 32 ) (-640 112 32 ) (-640 96 64 ) (-640 144 64 ) 
4 148 269 (-1024 200 64 ) (-1024 224 64 ) (-1024 224 32 ) (-1024 200 32 ) 
4 148 158 (-1024 200 32 ) (-1024 223.996094 32 ) (-640 223.996094 32 ) (-640 200 32 ) 
4 148 149 (-1024 200 32 ) (-640 200 32 ) (-640 200 64 ) (-1024 200 64 ) 
4 149 270 (-1024 144 64 ) (-1024 200 64 ) (-1024 200 32 ) (-1024 144 32 ) 
4 149 159 (-1024 144 32 ) (-1024 200 32 ) (-640 200 32 ) (-640 144 32 ) 
4 149 150 (-1024 144 32 ) (-640 144 32 ) (-640 144 64 ) (-1024 144 64 ) 
4 150 271 (-1024 96 64 ) (-1024 144 64 ) (-1024 144 32 ) (-1024 112 32 ) 
4 150 160 (-1024 112 32 ) (-1024 144 32 ) (-640 144 32 ) (-640 112 32 ) 
4 151 272 (-1024 0 32 ) (-1024 0 64 ) (-1024 88 64 ) (-1024 88 32 ) 
4 151 251 (-1024 0 44 ) (-1024 0 32 ) (0 0 32 ) (0 0 44 ) 
4 151 198 (-1024 0 64 ) (-1024 0 44 ) (0 0 44 ) (0 0 64 ) 
4 151 161 (0 0 32 ) (-1024 0 32 ) (-1024 88 32 ) (0 88 32 ) 
3 152 155 (-448 200 24 ) (-448 200 32 ) (-448 224 32 ) 
4 152 153 (-448 200 32 ) (-448 200 24 ) (0 200 24 ) (0 200 32 ) 
4 153 156 (-448 200 24 ) (-448 144 24 ) (-448 144 32 ) (-448 200 32 ) 
4 153 154 (-448 144 32 ) (-448 144 24 ) (0 144 24 ) (0 144 32 ) 
3 154 157 (-448 144 24 ) (-448 112 32 ) (-448 144 32 ) 
4 155 163 (-640 224 32 ) (-448 224 32 ) (-448 200 24 ) (-640 200 24 ) 
3 155 158 (-640 200 24 ) (-640 200 32 ) (-640 224 32 ) 
4 155 156 (-640 200 32 ) (-640 200 24 ) (-448 200 24 ) (-448 200 32 ) 
4 156 159 (-640 200 24 ) (-640 144 24 ) (-640 144 32 ) (-640 200 32 ) 
4 156 157 (-640 144 32 ) (-640 144 24 ) (-448 144 24 ) (-448 144 32 ) 
3 157 160 (-640 144 24 ) (-640 112 32 ) (-640 144 32 ) 
3 158 274 (-1024 200 32 ) (-1024 224 32 ) (-1024 200 24 ) 
4 158 159 (-1024 200 24 ) (-640 200 24 ) (-640 200 32 ) (-1024 200 32 ) 
4 159 275 (-1024 144 32 ) (-1024 200 32 ) (-1024 200 24 ) (-1024 144 24 ) 
4 159 160 (-1024 144 24 ) (-640 144 24 ) (-640 144 32 ) (-1024 144 32 ) 
3 160 276 (-1024 112 32 ) (-1024 144 32 ) (-1024 144 24 ) 
4 161 278 (-1024 0 24 ) (-1024 0 32 ) (-1024 112 32 ) (-1024 112 24 ) 
4 161 251 (-1024 0 32 ) (-1024 0 24 ) (0 0 24 ) (0 0 32 ) 
4 161 162 (0 112 24 ) (0 0 24 ) (-1024 0 24 ) (-1024 112 24 ) 
4 162 278 (-1024 112 16 ) (-1024 0 16 ) (-1024 0 24 ) (-1024 112 24 ) 
4 162 251 (-1024 0 24 ) (-1024 0 16 ) (0 0 16 ) (0 0 24 ) 
4 162 164 (0 112 16 ) (0 0 16 ) (-1024 0 16 ) (-1024 112 16 ) 
4 164 279 (-1024 1024 16 ) (-1024 1024 -992 ) (-1024 0 -992 ) (-1024 0 16 ) 
4 164 254 (-1024 0 0 ) (-1024 0 -992 ) (0 0 -992 ) (0 0 0 ) 
4 164 253 (-1024 0 8 ) (-1024 0 0 ) (0 0 0 ) (0 0 8 ) 
4 164 251 (-1024 0 16 ) (-1024 0 8 ) (0 0 8 ) (0 0 16 ) 
4 165 192 (0 0 2016 ) (0 0 760 ) (0 -448 760 ) (0 -448 2016 ) 
4 165 172 (0 -448 2016 ) (0 -448 760 ) (320 -448 760 ) (320 -448 2016 ) 
4 165 171 (320 -448 760 ) (1024 -448 760 ) (1024 -448 2016 ) (320 -448 2016 ) 
4 165 167 (0 -440 760 ) (0 0 760 ) (320 0 760 ) (320 -440 760 ) 
4 165 166 (1024 -448 760 ) (320 -448 760 ) (320 0 760 ) (1024 0 760 ) 
4 166 178 (320 -448 192 ) (1024 -448 192 ) (1024 -448 696 ) (320 -448 696 ) 
4 166 173 (1024 -448 696 ) (1024 -448 752 ) (320 -448 752 ) (320 -448 696 ) 
4 166 171 (1024 -448 752 ) (1024 -448 760 ) (320 -448 760 ) (320 -448 752 ) 
4 166 169 (320 -416 192 ) (320 0 192 ) (1024 0 192 ) (1024 -416 192 ) 
4 166 168 (320 -440 192 ) (320 -448 192 ) (320 -448 696 ) (320 -440 696 ) 
4 166 167 (320 0 192 ) (320 -440 192 ) (320 -440 760 ) (320 0 760 ) 
4 167 193 (0 0 760 ) (0 0 192 ) (0 -440 192 ) (0 -440 760 ) 
4 167 169 (0 -416 192 ) (0 0 192 ) (320 0 192 ) (320 -416 192 ) 
4 167 168 (0 -440 192 ) (320 -440 192 ) (320 -440 696 ) (0 -440 696 ) 
4 168 194 (0 -440 192 ) (0 -448 192 ) (0 -448 696 ) (0 -440 696 ) 
4 168 178 (0 -448 696 ) (0 -448 192 ) (320 -448 192 ) (320 -448 696 ) 
4 169 198 (0 0 192 ) (0 0 44 ) (0 -416 44 ) (0 -416 192 ) 
4 169 186 (0 0 44 ) (1024 0 44 ) (1024 -416 44 ) (0 -416 44 ) 
4 169 170 (0 -416 44 ) (1024 -416 44 ) (1024 -416 64 ) (0 -416 64 ) 
4 170 199 (0 -416 44 ) (0 -448 44 ) (0 -448 64 ) (0 -416 64 ) 
4 170 186 (1024 -416 44 ) (1024 -448 44 ) (0 -448 44 ) (0 -416 44 ) 
4 170 183 (0 -448 48 ) (0 -448 44 ) (1024 -448 44 ) (1024 -448 48 ) 
4 171 176 (1024 -496 752 ) (1024 -496 760 ) (320 -496 760 ) (320 -496 752 ) 
4 171 175 (1024 -496 760 ) (1024 -496 2016 ) (320 -496 2016 ) (320 -496 760 ) 
4 171 173 (1024 -496 752 ) (320 -496 752 ) (320 -448 752 ) (1024 -448 752 ) 
4 171 172 (320 -496 760 ) (320 -496 2016 ) (320 -448 2016 ) (320 -448 760 ) 
4 172 200 (0 -448 2016 ) (0 -448 760 ) (0 -496 760 ) (0 -496 2016 ) 
4 172 175 (320 -496 2016 ) (0 -496 2016 ) (0 -496 760 ) (320 -496 760 ) 
4 173 178 (320 -448 696 ) (1024 -448 696 ) (1024 -496 696 ) (320 -496 696 ) 
4 173 176 (320 -496 696 ) (1024 -496 696 ) (1024 -496 752 ) (320 -496 752 ) 
4 173 174 (320 -496 704 ) (320 -496 752 ) (320 -448 752 ) (320 -448 704 ) 
4 174 202 (0 -448 752 ) (0 -448 704 ) (0 -496 704 ) (0 -496 752 ) 
4 175 257 (1024 -1024 760 ) (1024 -1024 2016 ) (0 -1024 2016 ) (0 -1024 760 ) 
4 175 225 (0 -1024 760 ) (0 -1024 2016 ) (0 -496 2016 ) (0 -496 760 ) 
4 175 177 (320 -1024 760 ) (0 -1024 760 ) (0 -504 760 ) (320 -504 760 ) 
4 175 176 (1024 -1024 760 ) (320 -1024 760 ) (320 -496 760 ) (1024 -496 760 ) 
4 176 257 (1024 -1024 696 ) (1024 -1024 760 ) (320 -1024 760 ) (320 -1024 696 ) 
4 176 181 (320 -640 696 ) (320 -608 696 ) (1024 -608 696 ) (1024 -640 696 ) 
4 176 182 (1024 -1024 696 ) (320 -1024 696 ) (320 -640 696 ) (1024 -640 696 ) 
4 176 178 (320 -608 696 ) (320 -496 696 ) (1024 -496 696 ) (1024 -608 696 ) 
4 176 177 (320 -1024 760 ) (320 -504 760 ) (320 -504 696 ) (320 -1024 696 ) 
4 177 257 (320 -1024 760 ) (0 -1024 760 ) (0 -1024 696 ) (320 -1024 696 ) 
4 177 227 (0 -1024 696 ) (0 -1024 760 ) (0 -504 760 ) (0 -504 696 ) 
4 177 181 (0 -640 696 ) (0 -608 696 ) (320 -608 696 ) (320 -640 696 ) 
4 177 182 (320 -1024 696 ) (0 -1024 696 ) (0 -640 696 ) (320 -640 696 ) 
4 177 178 (0 -608 696 ) (0 -504 696 ) (320 -504 696 ) (320 -608 696 ) 
4 178 242 (0 -496 372 ) (0 -496 192 ) (0 -608 192 ) (0 -608 372 ) 
4 178 228 (0 -496 422 ) (0 -496 372 ) (0 -608 372 ) (0 -608 422 ) 
4 178 226 (0 -504 696 ) (0 -496 696 ) (0 -496 422 ) (0 -504 422 ) 
4 178 227 (0 -608 696 ) (0 -504 696 ) (0 -504 422 ) (0 -608 422 ) 
4 178 203 (0 -496 696 ) (0 -448 696 ) (0 -448 192 ) (0 -496 192 ) 
4 178 181 (1024 -608 192 ) (1024 -608 696 ) (0 -608 696 ) (0 -608 192 ) 
4 179 245 (0 -496 64 ) (0 -528 64 ) (0 -528 176 ) (0 -496 176 ) 
4 179 204 (0 -448 176 ) (0 -448 64 ) (0 -496 64 ) (0 -496 176 ) 
4 179 180 (1024 -528 64 ) (1024 -528 176 ) (0 -528 176 ) (0 -528 64 ) 
4 180 246 (0 -528 48 ) (0 -608 48 ) (0 -608 176 ) (0 -528 176 ) 
4 180 184 (1024 -528 48 ) (1024 -608 48 ) (0 -608 48 ) (0 -528 48 ) 
4 181 249 (0 -608 372 ) (0 -608 176 ) (0 -640 176 ) (0 -640 372 ) 
4 181 228 (0 -608 422 ) (0 -608 372 ) (0 -640 372 ) (0 -640 422 ) 
4 181 227 (0 -640 696 ) (0 -608 696 ) (0 -608 422 ) (0 -640 422 ) 
4 181 182 (1024 -640 176 ) (1024 -640 696 ) (0 -640 696 ) (0 -640 176 ) 
4 182 257 (1024 -1024 48 ) (1024 -1024 696 ) (0 -1024 696 ) (0 -1024 48 ) 
4 182 250 (0 -1024 48 ) (0 -1024 372 ) (0 -640 372 ) (0 -640 48 ) 
4 182 228 (0 -1024 372 ) (0 -1024 422 ) (0 -640 422 ) (0 -640 372 ) 
4 182 227 (0 -1024 422 ) (0 -1024 696 ) (0 -640 696 ) (0 -640 422 ) 
4 182 185 (1024 -640 48 ) (1024 -1024 48 ) (0 -1024 48 ) (0 -640 48 ) 
4 183 247 (0 -496 44 ) (0 -512 44 ) (0 -512 48 ) (0 -496 48 ) 
4 183 205 (0 -448 44 ) (0 -496 44 ) (0 -496 48 ) (0 -448 48 ) 
4 183 186 (1024 -448 44 ) (1024 -512 44 ) (0 -512 44 ) (0 -448 44 ) 
4 184 248 (0 -528 44 ) (0 -608 44 ) (0 -608 48 ) (0 -528 48 ) 
4 184 187 (1024 -528 44 ) (1024 -608 44 ) (0 -608 44 ) (0 -528 44 ) 
4 185 257 (1024 -1024 44 ) (1024 -1024 48 ) (0 -1024 48 ) (0 -1024 44 ) 
4 185 250 (0 -640 44 ) (0 -1024 44 ) (0 -1024 48 ) (0 -640 48 ) 
4 185 191 (1024 -640 44 ) (1024 -1024 44 ) (0 -1024 44 ) (0 -640 44 ) 
4 186 251 (0 0 44 ) (0 0 8 ) (0 -512 8 ) (0 -512 44 ) 
4 186 188 (0 -512 8 ) (0 0 8 ) (1024 0 8 ) (1024 -512 8 ) 
4 187 252 (0 -528 8 ) (0 -608 8 ) (0 -608 44 ) (0 -528 44 ) 
4 188 253 (0 0 8 ) (0 0 0 ) (0 -512 0 ) (0 -512 8 ) 
4 188 189 (0 -512 0 ) (0 0 0 ) (1024 0 0 ) (1024 -512 0 ) 
4 189 254 (0 0 0 ) (0 0 -992 ) (0 -608 -992 ) (0 -608 0 ) 
4 189 190 (1024 -608 -992 ) (1024 -608 0 ) (0 -608 0 ) (0 -608 -992 ) 
4 190 255 (0 -608 0 ) (0 -608 -992 ) (0 -640 -992 ) (0 -640 0 ) 
4 190 191 (0 -640 -992 ) (1024 -640 -992 ) (1024 -640 0 ) (0 -640 0 ) 
4 191 257 (1024 -1024 -992 ) (1024 -1024 44 ) (0 -1024 44 ) (0 -1024 -992 ) 
4 191 256 (0 -1024 -992 ) (0 -1024 44 ) (0 -640 44 ) (0 -640 -992 ) 
4 192 201 (-224 -448 2016 ) (-240 -448 2016 ) (-240 -448 1320 ) (-224 -448 1320 ) 
4 192 200 (0 -448 760 ) (0 -448 2016 ) (-224 -448 2016 ) (-224 -448 760 ) 
4 192 196 (-240 -448 1320 ) (-240 -448 2016 ) (-240 -432 2016 ) (-240 -432 1320 ) 
4 192 195 (-240 -432 2016 ) (-240 0 2016 ) (-240 0 760 ) (-240 -432 760 ) 
4 192 193 (-240 -440 760 ) (-240 0 760 ) (0 0 760 ) (0 -440 760 ) 
4 193 198 (-240 -416 192 ) (-240 0 192 ) (0 0 192 ) (0 -416 192 ) 
4 193 195 (-240 0 192 ) (-240 -432 192 ) (-240 -432 760 ) (-240 0 760 ) 
4 193 194 (-240 -440 696 ) (-240 -440 192 ) (0 -440 192 ) (0 -440 696 ) 
4 194 203 (-224 -448 192 ) (0 -448 192 ) (0 -448 696 ) (-224 -448 696 ) 
4 195 198 (-288 -416 192 ) (-288 0 192 ) (-240 0 192 ) (-240 -416 192 ) 
4 195 196 (-288 -432 2016 ) (-288 -432 1320 ) (-240 -432 1320 ) (-240 -432 2016 ) 
4 195 197 (-288 0 192 ) (-288 -432 192 ) (-288 -432 2016 ) (-288 0 2016 ) 
4 196 206 (-240 -448 1320 ) (-240 -448 2016 ) (-288 -448 2016 ) (-288 -448 1320 ) 
4 196 197 (-288 -448 1320 ) (-288 -448 2016 ) (-288 -432 2016 ) (-288 -432 1320 ) 
4 197 284 (-1024 0 2016 ) (-1024 0 192 ) (-1024 -448 192 ) (-1024 -448 2016 ) 
4 197 222 (-1024 -448 1320 ) (-1024 -448 192 ) (-304 -448 192 ) (-304 -448 1320 ) 
4 197 206 (-1024 -448 2016 ) (-1024 -448 1320 ) (-288 -448 1320 ) (-288 -448 2016 ) 
4 197 198 (-1024 -416 192 ) (-1024 0 192 ) (-288 0 192 ) (-288 -416 192 ) 
4 198 292 (-1024 0 48 ) (-1024 0 44 ) (-1024 -416 44 ) (-1024 -416 48 ) 
4 198 285 (-1024 0 192 ) (-1024 0 48 ) (-1024 -416 48 ) (-1024 -416 192 ) 
4 198 251 (-1024 -416 44 ) (-1024 0 44 ) (0 0 44 ) (0 -416 44 ) 
4 198 199 (-1024 -416 44 ) (0 -416 44 ) (0 -416 64 ) (-1024 -416 64 ) 
4 199 292 (-1024 -416 44 ) (-1024 -448 44 ) (-1024 -448 48 ) (-1024 -416 48 ) 
4 199 286 (-1024 -448 48 ) (-1024 -448 64 ) (-1024 -416 64 ) (-1024 -416 48 ) 
4 199 251 (-1024 -448 44 ) (-1024 -416 44 ) (0 -416 44 ) (0 -448 44 ) 
4 199 224 (-1024 -448 48 ) (-1024 -448 44 ) (-288 -448 44 ) (-288 -448 48 ) 
4 199 221 (-288 -448 44 ) (-240 -448 44 ) (-240 -448 48 ) (-288 -448 48 ) 
4 199 205 (-240 -448 44 ) (0 -448 44 ) (0 -448 48 ) (-240 -448 48 ) 
4 200 225 (0 -496 760 ) (0 -496 2016 ) (-224 -496 2016 ) (-224 -496 760 ) 
4 200 201 (-224 -448 2016 ) (-224 -448 1320 ) (-224 -496 1320 ) (-224 -496 2016 ) 
4 201 225 (-240 -496 2016 ) (-240 -496 1320 ) (-224 -496 1320 ) (-224 -496 2016 ) 
4 201 206 (-240 -448 2016 ) (-240 -448 1320 ) (-240 -496 1320 ) (-240 -496 2016 ) 
4 202 218 (-240 -488 704 ) (-240 -496 704 ) (-240 -496 752 ) (-240 -488 752 ) 
4 202 213 (-240 -448 752 ) (-240 -448 704 ) (-240 -456 704 ) (-240 -456 752 ) 
4 202 207 (-240 -456 704 ) (-240 -488 704 ) (-240 -488 752 ) (-240 -456 752 ) 
4 203 242 (0 -496 192 ) (0 -496 372 ) (-224 -496 372 ) (-224 -496 192 ) 
4 203 228 (0 -496 372 ) (0 -496 422 ) (-224 -496 422 ) (-224 -496 372 ) 
4 203 226 (0 -496 422 ) (0 -496 696 ) (-224 -496 696 ) (-224 -496 422 ) 
4 204 245 (0 -496 64 ) (0 -496 176 ) (-240 -496 176 ) (-240 -496 64 ) 
4 204 220 (-240 -488 64 ) (-240 -496 64 ) (-240 -496 176 ) (-240 -488 176 ) 
4 204 214 (-240 -448 176 ) (-240 -448 64 ) (-240 -456 64 ) (-240 -456 176 ) 
4 204 207 (-240 -456 64 ) (-240 -488 64 ) (-240 -488 176 ) (-240 -456 176 ) 
4 205 251 (-240 -448 44 ) (0 -448 44 ) (0 -496 44 ) (-240 -496 44 ) 
4 205 247 (-240 -496 44 ) (0 -496 44 ) (0 -496 48 ) (-240 -496 48 ) 
4 205 221 (-240 -448 48 ) (-240 -448 44 ) (-240 -496 44 ) (-240 -496 48 ) 
4 206 287 (-1024 -448 2016 ) (-1024 -448 1320 ) (-1024 -496 1320 ) (-1024 -496 2016 ) 
4 206 239 (-288 -496 2016 ) (-296 -496 2016 ) (-296 -496 1320 ) (-288 -496 1320 ) 
4 206 241 (-296 -496 2016 ) (-1024 -496 2016 ) (-1024 -496 1320 ) (-296 -496 1320 ) 
4 206 230 (-240 -496 1320 ) (-240 -496 2016 ) (-288 -496 2016 ) (-288 -496 1320 ) 
4 206 222 (-1024 -448 1320 ) (-304 -448 1320 ) (-304 -496 1320 ) (-1024 -496 1320 ) 
6 206 215 (-280 -448 1320 ) (-276 -448 1320 ) (-276 -496 1320 ) (-280 -496 1320 ) (-288 -488 1320 ) (-288 -456 1320 ) 
4 206 209 (-252 -455 1320 ) (-252 -457 1320 ) (-276 -457 1320 ) (-276 -455 1320 ) 
4 206 208 (-276 -448 1320 ) (-252 -448 1320 ) (-252 -455 1320 ) (-276 -455 1320 ) 
4 206 212 (-252 -457 1320 ) (-252 -496 1320 ) (-276 -496 1320 ) (-276 -457 1320 ) 
6 206 207 (-252 -448 1320 ) (-248 -448 1320 ) (-240 -456 1320 ) (-240 -488 1320 ) (-248 -496 1320 ) (-252 -496 1320 ) 
4 207 245 (-252 -496 176 ) (-252 -496 64 ) (-248 -496 64 ) (-248 -496 176 ) 
4 207 237 (-252 -496 378 ) (-252 -496 373 ) (-248 -496 373 ) (-248 -496 378 ) 
4 207 235 (-252 -496 416 ) (-252 -496 378 ) (-248 -496 378 ) (-248 -496 416 ) 
4 207 219 (-240 -488 367 ) (-240 -488 430.400024 ) (-248 -496 416 ) (-248 -496 373 ) 
4 207 220 (-248 -496 64 ) (-240 -488 64 ) (-240 -488 176 ) (-248 -496 176 ) 
4 207 218 (-240 -488 704 ) (-240 -488 752 ) (-248 -496 752 ) (-248 -496 704 ) 
4 207 214 (-240 -455.998047 64 ) (-247.998047 -448 64 ) (-247.998047 -448 176 ) (-240 -455.998047 176 ) 
4 207 213 (-247.998032 -448 704 ) (-247.998032 -448 752 ) (-240 -455.998016 752 ) (-240 -455.998016 704 ) 
4 207 210 (-252 -457 96 ) (-252 -457 1260 ) (-252 -455 1260 ) (-252 -455 96 ) 
4 207 209 (-252 -457 1260 ) (-252 -457 1320 ) (-252 -455 1320 ) (-252 -455 1260 ) 
4 207 211 (-252 -455 64 ) (-252 -457 64 ) (-252 -457 96 ) (-252 -455 96 ) 
4 207 208 (-252 -448 64 ) (-252 -455 64 ) (-252 -455 1320 ) (-252 -448 1320 ) 
4 207 212 (-252 -457 64 ) (-252 -496 64 ) (-252 -496 1320 ) (-252 -457 1320 ) 
4 208 215 (-276 -455 176 ) (-276 -455 1320 ) (-276 -448 1320 ) (-276 -448 176 ) 
4 208 217 (-276 -448 64 ) (-276 -455 64 ) (-276 -455 176 ) (-276 -448 176 ) 
4 208 210 (-276 -455 1260 ) (-276 -455 96 ) (-252 -455 96 ) (-252 -455 1260 ) 
4 208 209 (-276 -455 1320 ) (-276 -455 1260 ) (-252 -455 1260 ) (-252 -455 1320 ) 
4 208 211 (-276 -455 96 ) (-276 -455 64 ) (-252 -455 64 ) (-252 -455 96 ) 
4 209 215 (-276 -457 1260 ) (-276 -457 1320 ) (-276 -455 1320 ) (-276 -455 1260 ) 
4 209 212 (-276 -457 1320 ) (-276 -457 1260 ) (-252 -457 1260 ) (-252 -457 1320 ) 
4 209 210 (-252 -457 1260 ) (-276 -457 1260 ) (-276 -455 1260 ) (-252 -455 1260 ) 
4 210 215 (-276 -457 176 ) (-276 -457 1260 ) (-276 -455 1260 ) (-276 -455 176 ) 
4 210 217 (-276 -457 96 ) (-276 -457 176 ) (-276 -455 176 ) (-276 -455 96 ) 
4 210 211 (-252 -457 96 ) (-276 -457 96 ) (-276 -455 96 ) (-252 -455 96 ) 
4 210 212 (-276 -457 1260 ) (-276 -457 96 ) (-252 -457 96 ) (-252 -457 1260 ) 
4 211 217 (-276 -455 64 ) (-276 -457 64 ) (-276 -457 96 ) (-276 -455 96 ) 
4 211 212 (-276 -457 96 ) (-276 -457 64 ) (-252 -457 64 ) (-252 -457 96 ) 
4 212 245 (-276 -496 176 ) (-276 -496 64 ) (-252 -496 64 ) (-252 -496 176 ) 
4 212 237 (-276 -496 378 ) (-276 -496 373 ) (-252 -496 373 ) (-252 -496 378 ) 
4 212 235 (-276 -496 416 ) (-276 -496 378 ) (-252 -496 378 ) (-252 -496 416 ) 
4 212 215 (-276 -496 176 ) (-276 -496 1320 ) (-276 -457 1320 ) (-276 -457 176 ) 
4 212 217 (-276 -457 64 ) (-276 -496 64 ) (-276 -496 176 ) (-276 -457 176 ) 
4 215 237 (-280 -496 378 ) (-280 -496 373 ) (-276 -496 373 ) (-276 -496 378 ) 
4 215 235 (-280 -496 416 ) (-280 -496 378 ) (-276 -496 378 ) (-276 -496 416 ) 
4 215 216 (-288 -488 424 ) (-288 -488 367 ) (-280 -496 373 ) (-280 -496 416 ) 
6 215 217 (-276 -448 176 ) (-276 -496 176 ) (-280 -496 176 ) (-288 -488 176 ) (-288 -456 176 ) (-280 -448 176 ) 
4 216 237 (-288 -496 378 ) (-288 -496 373 ) (-280 -496 373 ) (-280 -496 378 ) 
4 216 235 (-288 -496 416 ) (-288 -496 378 ) (-280 -496 378 ) (-280 -496 416 ) 
4 217 245 (-288 -496 176 ) (-288 -496 64 ) (-276 -496 64 ) (-276 -496 176 ) 
4 217 223 (-288 -496 64 ) (-288 -496 176 ) (-288 -448 176 ) (-288 -448 64 ) 
4 219 237 (-240 -496 373 ) (-240 -496 378 ) (-248 -496 378 ) (-248 -496 373 ) 
4 219 235 (-240 -496 378 ) (-240 -496 416 ) (-248 -496 416 ) (-248 -496 378 ) 
4 220 245 (-240 -496 64 ) (-240 -496 176 ) (-248 -496 176 ) (-248 -496 64 ) 
4 221 251 (-288 -448 44 ) (-240 -448 44 ) (-240 -496 44 ) (-288 -496 44 ) 
4 221 247 (-288 -496 44 ) (-240 -496 44 ) (-240 -496 48 ) (-288 -496 48 ) 
4 221 224 (-288 -496 44 ) (-288 -496 48 ) (-288 -448 48 ) (-288 -448 44 ) 
4 222 287 (-1024 -448 1320 ) (-1024 -448 192 ) (-1024 -496 192 ) (-1024 -496 1320 ) 
4 222 244 (-1024 -496 372 ) (-1024 -496 192 ) (-304 -496 192 ) (-304 -496 372 ) 
4 222 241 (-304 -496 1320 ) (-1024 -496 1320 ) (-1024 -496 372 ) (-304 -496 372 ) 
4 223 289 (-1024 -448 176 ) (-1024 -448 64 ) (-1024 -496 64 ) (-1024 -496 176 ) 
4 223 245 (-288 -496 64 ) (-288 -496 176 ) (-1024 -496 176 ) (-1024 -496 64 ) 
4 224 292 (-1024 -448 48 ) (-1024 -448 44 ) (-1024 -496 44 ) (-1024 -496 48 ) 
4 224 251 (-1024 -496 44 ) (-1024 -448 44 ) (-288 -448 44 ) (-288 -496 44 ) 
4 224 247 (-1024 -496 44 ) (-288 -496 44 ) (-288 -496 48 ) (-1024 -496 48 ) 
4 225 258 (0 -1024 760 ) (0 -1024 2016 ) (-240 -1024 2016 ) (-240 -1024 760 ) 
4 225 231 (-240 -512 760 ) (-240 -1024 760 ) (-240 -1024 1320 ) (-240 -512 1320 ) 
4 225 230 (-240 -496 2016 ) (-240 -496 1320 ) (-240 -1024 1320 ) (-240 -1024 2016 ) 
4 225 227 (0 -1024 760 ) (-240 -1024 760 ) (-240 -504 760 ) (0 -504 760 ) 
4 226 232 (-240 -496 576 ) (-240 -496 422 ) (-240 -504 422 ) (-240 -504 576 ) 
4 226 228 (-232 -496 422 ) (0 -496 422 ) (0 -504 422 ) (-232 -504 422 ) 
4 226 227 (-240 -504 422 ) (0 -504 422 ) (0 -504 696 ) (-240 -504 696 ) 
4 227 258 (0 -1024 422 ) (0 -1024 760 ) (-240 -1024 760 ) (-240 -1024 422 ) 
4 227 232 (-240 -504 422 ) (-240 -1024 422 ) (-240 -1024 576 ) (-240 -504 576 ) 
4 227 231 (-240 -1024 576 ) (-240 -1024 760 ) (-240 -512 760 ) (-240 -512 576 ) 
4 227 229 (-240 -1024 422 ) (-240 -912 422 ) (-232 -912 422 ) (-232 -1024 422 ) 
4 227 228 (-232 -504 422 ) (0 -504 422 ) (0 -1024 422 ) (-232 -1024 422 ) 
4 228 258 (0 -1024 372 ) (0 -1024 422 ) (-232 -1024 422 ) (-232 -1024 372 ) 
4 228 249 (0 -608 372 ) (0 -640 372 ) (-232 -640 372 ) (-232 -608 372 ) 
4 228 250 (0 -640 372 ) (0 -1024 372 ) (-232 -1024 372 ) (-232 -640 372 ) 
4 228 242 (-232 -496 372 ) (0 -496 372 ) (0 -608 372 ) (-232 -608 372 ) 
4 228 229 (-232 -912 372 ) (-232 -1024 372 ) (-232 -1024 422 ) (-232 -912 422 ) 
4 229 258 (-232 -1024 422 ) (-240 -1024 422 ) (-240 -1024 372 ) (-232 -1024 372 ) 
4 229 250 (-232 -912 372 ) (-232 -1024 372 ) (-240 -1024 372 ) (-240 -912 372 ) 
4 229 238 (-240 -912 372 ) (-240 -1024 372 ) (-240 -1024 378 ) (-240 -912 378 ) 
4 229 236 (-240 -1024 378 ) (-240 -1024 422 ) (-240 -912 422 ) (-240 -912 378 ) 
4 230 258 (-288 -1024 2016 ) (-288 -1024 1320 ) (-240 -1024 1320 ) (-240 -1024 2016 ) 
4 230 239 (-288 -496 2016 ) (-288 -496 1320 ) (-288 -912 1320 ) (-288 -912 2016 ) 
4 230 240 (-288 -912 1320 ) (-288 -1024 1320 ) (-288 -1024 2016 ) (-288 -912 2016 ) 
4 230 231 (-288 -1024 1320 ) (-288 -512 1320 ) (-240 -512 1320 ) (-240 -1024 1320 ) 
4 231 258 (-288 -1024 1320 ) (-288 -1024 576 ) (-240 -1024 576 ) (-240 -1024 1320 ) 
4 231 239 (-288 -512 576 ) (-288 -912 576 ) (-288 -912 1320 ) (-288 -512 1320 ) 
4 231 240 (-288 -912 576 ) (-288 -1024 576 ) (-288 -1024 1320 ) (-288 -912 1320 ) 
4 231 233 (-280 -512 576 ) (-248 -512 576 ) (-248 -1024 576 ) (-280 -1024 576 ) 
4 231 232 (-248 -512 576 ) (-240 -512 576 ) (-240 -1024 576 ) (-248 -1024 576 ) 
4 231 234 (-288 -1024 576 ) (-288 -512 576 ) (-280 -512 576 ) (-280 -1024 576 ) 
4 232 258 (-248 -1024 422 ) (-240 -1024 422 ) (-240 -1024 576 ) (-248 -1024 576 ) 
4 232 236 (-240 -896 422 ) (-240 -1024 422 ) (-248 -1024 422 ) (-248 -896 422 ) 
4 232 233 (-248 -512 422 ) (-248 -1024 422 ) (-248 -1024 576 ) (-248 -512 576 ) 
4 233 258 (-280 -1024 422 ) (-248 -1024 422 ) (-248 -1024 576 ) (-280 -1024 576 ) 
4 233 236 (-248 -896 422 ) (-248 -1024 422 ) (-280 -1024 422 ) (-280 -896 422 ) 
4 233 234 (-280 -512 422 ) (-280 -1024 422 ) (-280 -1024 576 ) (-280 -512 576 ) 
4 234 258 (-288 -1024 576 ) (-288 -1024 422 ) (-280 -1024 422 ) (-280 -1024 576 ) 
4 234 239 (-288 -496 576 ) (-288 -496 422 ) (-288 -912 422 ) (-288 -912 576 ) 
4 234 240 (-288 -912 422 ) (-288 -1024 422 ) (-288 -1024 576 ) (-288 -912 576 ) 
4 234 236 (-288 -1024 422 ) (-288 -896 422 ) (-280 -896 422 ) (-280 -1024 422 ) 
4 235 237 (-288 -503 378 ) (-288 -496 378 ) (-240 -496 378 ) (-240 -503 378 ) 
4 235 236 (-288 -896 378 ) (-240 -896 378 ) (-240 -896 416 ) (-288 -896 416 ) 
4 236 258 (-288 -1024 422 ) (-288 -1024 378 ) (-240 -1024 378 ) (-240 -1024 422 ) 
4 236 240 (-288 -912 378 ) (-288 -1024 378 ) (-288 -1024 422 ) (-288 -912 422 ) 
4 236 238 (-288 -1024 378 ) (-288 -912 378 ) (-240 -912 378 ) (-240 -1024 378 ) 
4 238 258 (-288 -1024 378 ) (-288 -1024 372 ) (-240 -1024 372 ) (-240 -1024 378 ) 
4 238 250 (-240 -912 372 ) (-240 -1024 372 ) (-288 -1024 372 ) (-288 -912 372 ) 
4 238 240 (-288 -912 372 ) (-288 -1024 372 ) (-288 -1024 378 ) (-288 -912 378 ) 
4 239 240 (-296 -912 2016 ) (-296 -912 422 ) (-288 -912 422 ) (-288 -912 2016 ) 
4 239 241 (-296 -912 422 ) (-296 -912 2016 ) (-296 -496 2016 ) (-296 -496 422 ) 
4 240 258 (-296 -1024 372 ) (-288 -1024 372 ) (-288 -1024 2016 ) (-296 -1024 2016 ) 
4 240 250 (-288 -912 372 ) (-288 -1024 372 ) (-296 -1024 372 ) (-296 -912 372 ) 
4 240 241 (-296 -912 372 ) (-296 -1024 372 ) (-296 -1024 2016 ) (-296 -912 2016 ) 
4 241 287 (-1024 -608 2016 ) (-1024 -496 2016 ) (-1024 -496 372 ) (-1024 -608 372 ) 
4 241 288 (-1024 -1024 372 ) (-1024 -1024 2016 ) (-1024 -608 2016 ) (-1024 -608 372 ) 
4 241 258 (-1024 -1024 2016 ) (-1024 -1024 372 ) (-296 -1024 372 ) (-296 -1024 2016 ) 
4 241 249 (-1024 -640 372 ) (-1024 -608 372 ) (-296 -608 372 ) (-296 -640 372 ) 
4 241 250 (-1024 -1024 372 ) (-1024 -640 372 ) (-296 -640 372 ) (-296 -1024 372 ) 
4 241 244 (-1024 -608 372 ) (-1024 -496 372 ) (-296 -496 372 ) (-296 -608 372 ) 
4 242 249 (0 -608 192 ) (0 -608 372 ) (-248 -608 372 ) (-248 -608 192 ) 
4 242 243 (-248 -512 192 ) (-248 -608 192 ) (-248 -608 372 ) (-248 -512 372 ) 
4 243 249 (-248 -608 372 ) (-280 -608 372 ) (-280 -608 192 ) (-248 -608 192 ) 
4 243 244 (-280 -512 192 ) (-280 -608 192 ) (-280 -608 372 ) (-280 -512 372 ) 
4 244 287 (-1024 -608 372 ) (-1024 -496 372 ) (-1024 -496 192 ) (-1024 -608 192 ) 
4 244 249 (-280 -608 372 ) (-1024 -608 372 ) (-1024 -608 192 ) (-280 -608 192 ) 
4 245 289 (-1024 -496 176 ) (-1024 -496 64 ) (-1024 -528 64 ) (-1024 -528 176 ) 
4 245 246 (0 -528 64 ) (0 -528 176 ) (-1024 -528 176 ) (-1024 -528 64 ) 
4 246 290 (-1024 -528 48 ) (-1024 -608 48 ) (-1024 -608 176 ) (-1024 -528 176 ) 
4 246 248 (0 -608 48 ) (-1024 -608 48 ) (-1024 -528 48 ) (0 -528 48 ) 
4 247 292 (-1024 -496 48 ) (-1024 -496 44 ) (-1024 -512 44 ) (-1024 -512 48 ) 
4 247 251 (-1024 -512 44 ) (-1024 -496 44 ) (0 -496 44 ) (0 -512 44 ) 
4 248 293 (-1024 -528 44 ) (-1024 -608 44 ) (-1024 -608 48 ) (-1024 -528 48 ) 
4 248 252 (-1024 -608 44 ) (-1024 -528 44 ) (0 -528 44 ) (0 -608 44 ) 
4 249 288 (-1024 -640 372 ) (-1024 -608 372 ) (-1024 -608 176 ) (-1024 -640 176 ) 
4 249 250 (0 -640 176 ) (0 -640 372 ) (-1024 -640 372 ) (-1024 -640 176 ) 
4 250 294 (-1024 -1024 44 ) (-1024 -1024 48 ) (-1024 -640 48 ) (-1024 -640 44 ) 
4 250 291 (-1024 -1024 48 ) (-1024 -1024 176 ) (-1024 -640 176 ) (-1024 -640 48 ) 
4 250 288 (-1024 -1024 176 ) (-1024 -1024 372 ) (-1024 -640 372 ) (-1024 -640 176 ) 
4 250 258 (0 -1024 44 ) (0 -1024 372 ) (-1024 -1024 372 ) (-1024 -1024 44 ) 
4 250 256 (-1024 -1024 44 ) (-1024 -640 44 ) (0 -640 44 ) (0 -1024 44 ) 
4 251 299 (-1024 -512 44 ) (-1024 0 44 ) (-1024 0 8 ) (-1024 -512 8 ) 
4 251 253 (-1024 -512 8 ) (-1024 0 8 ) (0 0 8 ) (0 -512 8 ) 
4 252 300 (-1024 -608 8 ) (-1024 -608 44 ) (-1024 -528 44 ) (-1024 -528 8 ) 
4 253 301 (-1024 -512 8 ) (-1024 0 8 ) (-1024 0 0 ) (-1024 -512 0 ) 
4 253 254 (-1024 -512 0 ) (-1024 0 0 ) (0 0 0 ) (0 -512 0 ) 
4 254 302 (-1024 -608 -992 ) (-1024 -608 0 ) (-1024 -512 0 ) (-1024 -512 -992 ) 
4 254 301 (-1024 -512 0 ) (-1024 0 0 ) (-1024 0 -992 ) (-1024 -512 -992 ) 
4 254 255 (0 -608 -992 ) (0 -608 0 ) (-1024 -608 0 ) (-1024 -608 -992 ) 
4 255 304 (-1024 -608 0 ) (-1024 -608 -992 ) (-1024 -640 -992 ) (-1024 -640 0 ) 
4 255 256 (-1024 -640 -992 ) (0 -640 -992 ) (0 -640 0 ) (-1024 -640 0 ) 
4 256 304 (-1024 -1024 -992 ) (-1024 -1024 0 ) (-1024 -640 0 ) (-1024 -640 -992 ) 
4 256 303 (-1024 -1024 0 ) (-1024 -1024 44 ) (-1024 -640 44 ) (-1024 -640 0 ) 
4 256 258 (0 -1024 -992 ) (0 -1024 44 ) (-1024 -1024 44 ) (-1024 -1024 -992 ) 
4 257 258 (0 -2016 2016 ) (0 -1024 2016 ) (0 -1024 -992 ) (0 -2016 -992 ) 
4 258 311 (-1024 -2016 2016 ) (-1024 -1024 2016 ) (-1024 -1024 -992 ) (-1024 -2016 -992 ) 
4 259 284 (-1024 0 232 ) (-1024 0 2016 ) (-1184 0 2016 ) (-1184 0 232 ) 
4 259 280 (-1184 1024 2016 ) (-1184 1024 232 ) (-1184 0 232 ) (-1184 0 2016 ) 
4 259 262 (-1024 0 232 ) (-1184 0 232 ) (-1184 40 232 ) (-1024 40 232 ) 
4 259 260 (-1184 208 232 ) (-1184 1024 232 ) (-1024 1024 232 ) (-1024 208 232 ) 
4 260 281 (-1184 1024 232 ) (-1184 1024 216 ) (-1184 248 216 ) (-1184 248 232 ) 
4 260 263 (-1184 232 216 ) (-1184 1024 216 ) (-1024 1024 216 ) (-1024 232 216 ) 
4 261 264 (-1184 40 216 ) (-1184 208 216 ) (-1024 208 216 ) (-1024 40 216 ) 
4 262 284 (-1024 0 216 ) (-1024 0 232 ) (-1184 0 232 ) (-1184 0 216 ) 
4 262 265 (-1184 0 216 ) (-1184 16 216 ) (-1024 16 216 ) (-1024 0 216 ) 
4 263 281 (-1184 1024 216 ) (-1184 1024 200 ) (-1184 248 200 ) (-1184 248 216 ) 
4 263 266 (-1184 248 200 ) (-1184 1024 200 ) (-1024 1024 200 ) (-1024 248 200 ) 
4 264 268 (-1184 24 200 ) (-1184 96 200 ) (-1024 96 200 ) (-1024 24 200 ) 
4 264 267 (-1184 96 200 ) (-1184 224 200 ) (-1024 224 200 ) (-1024 96 200 ) 
4 265 284 (-1024 0 200 ) (-1024 0 216 ) (-1184 0 216 ) (-1184 0 200 ) 
4 266 281 (-1184 1024 200 ) (-1184 1024 64 ) (-1184 248 64 ) (-1184 248 200 ) 
4 266 273 (-1184 248 64 ) (-1184 1024 64 ) (-1024 1024 64 ) (-1024 248 64 ) 
4 267 270 (-1184 144 64 ) (-1184 200 64 ) (-1024 200 64 ) (-1024 144 64 ) 
4 267 269 (-1184 200 64 ) (-1184 232 64 ) (-1024 232 64 ) (-1024 200 64 ) 
4 267 271 (-1184 96 64 ) (-1184 144 64 ) (-1024 144 64 ) (-1024 96 64 ) 
4 267 268 (-1024 96 80 ) (-1024 96 200 ) (-1184 96 200 ) (-1184 96 80 ) 
4 269 274 (-1184 200 32 ) (-1184 224 32 ) (-1024 224 32 ) (-1024 200 32 ) 
4 269 270 (-1184 200 32 ) (-1024 200 32 ) (-1024 200 64 ) (-1184 200 64 ) 
4 270 275 (-1184 144 32 ) (-1184 200 32 ) (-1024 200 32 ) (-1024 144 32 ) 
4 270 271 (-1184 144 32 ) (-1024 144 32 ) (-1024 144 64 ) (-1184 144 64 ) 
4 271 276 (-1184 112 32 ) (-1184 144 32 ) (-1024 144 32 ) (-1024 112 32 ) 
4 272 299 (-1024 0 32 ) (-1024 0 44 ) (-1184 0 44 ) (-1184 0 32 ) 
4 272 292 (-1024 0 44 ) (-1024 0 48 ) (-1184 0 48 ) (-1184 0 44 ) 
4 272 285 (-1024 0 48 ) (-1024 0 64 ) (-1184 0 64 ) (-1184 0 48 ) 
4 272 278 (-1184 0 32 ) (-1184 88 32 ) (-1024 88 32 ) (-1024 0 32 ) 
4 273 281 (-1184 1024 64 ) (-1184 1024 32 ) (-1184 248 32 ) (-1184 248 64 ) 
4 273 277 (-1184 248 32 ) (-1184 1024 32 ) (-1024 1024 32 ) (-1024 248 32 ) 
4 274 275 (-1184 200 24 ) (-1024 200 24 ) (-1024 200 32 ) (-1184 200 32 ) 
4 275 276 (-1184 144 24 ) (-1024 144 24 ) (-1024 144 32 ) (-1184 144 32 ) 
4 277 281 (-1184 1024 32 ) (-1184 1024 16 ) (-1184 248 16 ) (-1184 248 32 ) 
4 277 279 (-1184 224 16 ) (-1184 1024 16 ) (-1024 1024 16 ) (-1024 224 16 ) 
4 278 299 (-1024 0 16 ) (-1024 0 32 ) (-1184 0 32 ) (-1184 0 16 ) 
4 278 279 (-1024 0 16 ) (-1184 0 16 ) (-1184 112 16 ) (-1024 112 16 ) 
4 279 301 (-1024 0 -992 ) (-1024 0 8 ) (-1184 0 8 ) (-1184 0 -992 ) 
4 279 299 (-1024 0 8 ) (-1024 0 16 ) (-1184 0 16 ) (-1184 0 8 ) 
4 279 282 (-1184 248 -992 ) (-1184 0 -992 ) (-1184 0 16 ) (-1184 248 16 ) 
4 279 281 (-1184 1024 16 ) (-1184 1024 -992 ) (-1184 248 -992 ) (-1184 248 16 ) 
4 280 309 (-2048 1024 2016 ) (-2048 1024 232 ) (-2048 0 232 ) (-2048 0 2016 ) 
4 280 295 (-1184 0 232 ) (-1184 0 2016 ) (-1200 0 2016 ) (-1200 0 232 ) 
4 280 298 (-1200 0 2016 ) (-2048 0 2016 ) (-2048 0 232 ) (-1200 0 232 ) 
4 280 281 (-1216 1024 232 ) (-1184 1024 232 ) (-1184 248 232 ) (-1216 248 232 ) 
4 280 283 (-2048 0 232 ) (-2048 1024 232 ) (-1216 1024 232 ) (-1216 0 232 ) 
4 281 282 (-1216 248 16 ) (-1216 248 -992 ) (-1184 248 -992 ) (-1184 248 16 ) 
4 281 283 (-1216 1024 -992 ) (-1216 248 -992 ) (-1216 248 232 ) (-1216 1024 232 ) 
4 282 305 (-1184 0 -992 ) (-1184 0 16 ) (-1200 0 16 ) (-1200 0 -992 ) 
4 282 308 (-1200 0 16 ) (-1216 0 16 ) (-1216 0 -992 ) (-1200 0 -992 ) 
4 282 283 (-1216 248 -992 ) (-1216 0 -992 ) (-1216 0 16 ) (-1216 248 16 ) 
4 283 309 (-2048 1024 232 ) (-2048 1024 -992 ) (-2048 0 -992 ) (-2048 0 232 ) 
4 283 308 (-2048 0 44 ) (-2048 0 -992 ) (-1216 0 -992 ) (-1216 0 44 ) 
4 283 298 (-1216 0 232 ) (-2048 0 232 ) (-2048 0 44 ) (-1216 0 44 ) 
4 284 296 (-1184 -416 192 ) (-1184 -448 192 ) (-1184 -448 2016 ) (-1184 -416 2016 ) 
4 284 295 (-1184 0 2016 ) (-1184 0 192 ) (-1184 -416 192 ) (-1184 -416 2016 ) 
4 284 287 (-1184 -448 2016 ) (-1184 -448 192 ) (-1024 -448 192 ) (-1024 -448 2016 ) 
4 284 285 (-1184 -416 192 ) (-1184 0 192 ) (-1024 0 192 ) (-1024 -416 192 ) 
4 285 295 (-1184 0 192 ) (-1184 0 48 ) (-1184 -416 48 ) (-1184 -416 192 ) 
4 285 292 (-1184 -416 48 ) (-1184 0 48 ) (-1024 0 48 ) (-1024 -416 48 ) 
4 285 286 (-1184 -416 48 ) (-1024 -416 48 ) (-1024 -416 64 ) (-1184 -416 64 ) 
4 286 292 (-1184 -448 48 ) (-1184 -416 48 ) (-1024 -416 48 ) (-1024 -448 48 ) 
4 287 296 (-1184 -608 2016 ) (-1184 -448 2016 ) (-1184 -448 192 ) (-1184 -608 192 ) 
4 287 288 (-1024 -608 192 ) (-1024 -608 2016 ) (-1184 -608 2016 ) (-1184 -608 192 ) 
4 288 311 (-1024 -1024 176 ) (-1024 -1024 2016 ) (-1184 -1024 2016 ) (-1184 -1024 176 ) 
4 288 296 (-1184 -640 2016 ) (-1184 -608 2016 ) (-1184 -608 192 ) (-1184 -640 192 ) 
4 288 297 (-1184 -1024 176 ) (-1184 -1024 2016 ) (-1184 -640 2016 ) (-1184 -640 176 ) 
4 288 291 (-1184 -1024 176 ) (-1184 -640 176 ) (-1024 -640 176 ) (-1024 -1024 176 ) 
4 289 290 (-1024 -528 64 ) (-1024 -528 176 ) (-1184 -528 176 ) (-1184 -528 64 ) 
4 290 293 (-1184 -608 48 ) (-1184 -528 48 ) (-1024 -528 48 ) (-1024 -608 48 ) 
4 291 311 (-1024 -1024 48 ) (-1024 -1024 176 ) (-1184 -1024 176 ) (-1184 -1024 48 ) 
4 291 297 (-1184 -1024 48 ) (-1184 -1024 176 ) (-1184 -640 176 ) (-1184 -640 48 ) 
4 291 294 (-1184 -1024 48 ) (-1184 -640 48 ) (-1024 -640 48 ) (-1024 -1024 48 ) 
4 292 299 (-1184 0 44 ) (-1024 0 44 ) (-1024 -512 44 ) (-1184 -512 44 ) 
4 292 295 (-1184 0 44 ) (-1184 -416 44 ) (-1184 -416 48 ) (-1184 0 48 ) 
4 293 300 (-1024 -528 44 ) (-1024 -608 44 ) (-1184 -608 44 ) (-1184 -528 44 ) 
4 294 311 (-1024 -1024 44 ) (-1024 -1024 48 ) (-1184 -1024 48 ) (-1184 -1024 44 ) 
4 294 303 (-1024 -640 44 ) (-1024 -1024 44 ) (-1184 -1024 44 ) (-1184 -640 44 ) 
4 294 297 (-1184 -640 44 ) (-1184 -1024 44 ) (-1184 -1024 48 ) (-1184 -640 48 ) 
4 295 305 (-1200 0 44 ) (-1184 0 44 ) (-1184 -416 44 ) (-1200 -416 44 ) 
4 295 296 (-1200 -416 2016 ) (-1200 -416 192 ) (-1184 -416 192 ) (-1184 -416 2016 ) 
4 295 298 (-1200 0 44 ) (-1200 -416 44 ) (-1200 -416 2016 ) (-1200 0 2016 ) 
4 296 298 (-1200 -640 192 ) (-1200 -640 2016 ) (-1200 -416 2016 ) (-1200 -416 192 ) 
4 296 297 (-1200 -640 2016 ) (-1200 -640 192 ) (-1184 -640 192 ) (-1184 -640 2016 ) 
4 297 311 (-1200 -1024 44 ) (-1184 -1024 44 ) (-1184 -1024 2016 ) (-1200 -1024 2016 ) 
4 297 307 (-1184 -640 44 ) (-1184 -1024 44 ) (-1200 -1024 44 ) (-1200 -640 44 ) 
4 297 298 (-1200 -640 44 ) (-1200 -1024 44 ) (-1200 -1024 2016 ) (-1200 -640 2016 ) 
4 298 311 (-2048 -1024 2016 ) (-2048 -1024 44 ) (-1200 -1024 44 ) (-1200 -1024 2016 ) 
4 298 310 (-2048 -1024 44 ) (-2048 -1024 2016 ) (-2048 0 2016 ) (-2048 0 44 ) 
4 298 308 (-2048 -1024 44 ) (-2048 0 44 ) (-1200 0 44 ) (-1200 -1024 44 ) 
4 299 305 (-1184 -416 44 ) (-1184 0 44 ) (-1184 0 8 ) (-1184 -416 8 ) 
4 299 301 (-1184 -512 8 ) (-1184 0 8 ) (-1024 0 8 ) (-1024 -512 8 ) 
4 301 306 (-1184 -416 0 ) (-1184 -416 -992 ) (-1184 -512 -992 ) (-1184 -512 0 ) 
4 301 305 (-1184 -416 8 ) (-1184 0 8 ) (-1184 0 -992 ) (-1184 -416 -992 ) 
4 301 302 (-1184 -512 -992 ) (-1024 -512 -992 ) (-1024 -512 0 ) (-1184 -512 0 ) 
4 302 306 (-1184 -608 -992 ) (-1184 -608 0 ) (-1184 -512 0 ) (-1184 -512 -992 ) 
4 302 304 (-1184 -608 0 ) (-1184 -608 -992 ) (-1024 -608 -992 ) (-1024 -608 0 ) 
4 303 311 (-1024 -1024 0 ) (-1024 -1024 44 ) (-1184 -1024 44 ) (-1184 -1024 0 ) 
4 303 307 (-1184 -1024 0 ) (-1184 -1024 44 ) (-1184 -640 44 ) (-1184 -640 0 ) 
4 303 304 (-1024 -1024 0 ) (-1184 -1024 0 ) (-1184 -640 0 ) (-1024 -640 0 ) 
4 304 311 (-1024 -1024 -992 ) (-1024 -1024 0 ) (-1184 -1024 0 ) (-1184 -1024 -992 ) 
4 304 306 (-1184 -640 0 ) (-1184 -608 0 ) (-1184 -608 -992 ) (-1184 -640 -992 ) 
4 304 307 (-1184 -1024 -992 ) (-1184 -1024 0 ) (-1184 -640 0 ) (-1184 -640 -992 ) 
4 305 306 (-1200 -416 0 ) (-1200 -416 -992 ) (-1184 -416 -992 ) (-1184 -416 0 ) 
4 305 308 (-1200 0 -992 ) (-1200 -416 -992 ) (-1200 -416 44 ) (-1200 0 44 ) 
4 306 308 (-1200 -416 -992 ) (-1200 -640 -992 ) (-1200 -640 0 ) (-1200 -416 0 ) 
4 306 307 (-1200 -640 0 ) (-1200 -640 -992 ) (-1184 -640 -992 ) (-1184 -640 0 ) 
4 307 311 (-1184 -1024 -992 ) (-1184 -1024 44 ) (-1200 -1024 44 ) (-1200 -1024 -992 ) 
4 307 308 (-1200 -640 -992 ) (-1200 -1024 -992 ) (-1200 -1024 44 ) (-1200 -640 44 ) 
4 308 311 (-1200 -1024 44 ) (-2048 -1024 44 ) (-2048 -1024 -992 ) (-1200 -1024 -992 ) 
4 308 310 (-2048 -1024 -992 ) (-2048 -1024 44 ) (-2048 0 44 ) (-2048 0 -992 ) 
4 309 310 (-2048 0 -992 ) (-2048 0 2016 ) (-2528 0 2016 ) (-2528 0 -992 ) 
4 310 312 (-2048 -1024 -992 ) (-2048 -1024 2016 ) (-2528 -1024 2016 ) (-2528 -1024 -992 ) 
4 311 312 (-2048 -1024 2016 ) (-2048 -1024 -992 ) (-2048 -2016 -992 ) (-2048 -2016 2016 ) 
