


materialPath: D:\SteamLibrary\steamapps\common\GarrysMod\garrysmod\materials
Loading D:\!negroshoara\old stuff\maps\tunel_door_transition_vitalik.vmf
ConVarRef mat_reduceparticles doesn't point to an existing ConVar
Can't find surfaceprop concretegrit for material CONCRETE/CONCRETEFLOOR038C, using default
Could not locate 'GameData' key in d:\steamlibrary\steamapps\common\garrysmod\garrysmod\gameinfo.txt
fixing up env_cubemap materials on brush sides...
0...1...2...3...4...5...6...7...8...9...10**** leaked ****
Entity func_button (-436.00 52.00 124.00) leaked!

FindPortalSide: Couldn't find a good match for which brush to assign to a portal near (3584.0 3072.0 528.0)
Leaf 0 contents: 
Leaf 1 contents: CONTENTS_SOLID 
viscontents (node 0 contents ^ node 1 contents): CONTENTS_SOLID 
This means that none of the brushes in leaf 0 or 1 that touches the portal has CONTENTS_SOLID 
Check for a huge brush enclosing the coordinates above that has contents CONTENTS_SOLID 
Candidate brush IDs: 


FindPortalSide: Couldn't find a good match for which brush to assign to a portal near (4096.0 2560.0 528.0)
Leaf 0 contents: 
Leaf 1 contents: CONTENTS_SOLID 
viscontents (node 0 contents ^ node 1 contents): CONTENTS_SOLID 
This means that none of the brushes in leaf 0 or 1 that touches the portal has CONTENTS_SOLID 
Check for a huge brush enclosing the coordinates above that has contents CONTENTS_SOLID 
Candidate brush IDs: 


FindPortalSide: Couldn't find a good match for which brush to assign to a portal near (3072.0 1520.0 -264.0)
Leaf 0 contents: CONTENTS_SOLID 
Leaf 1 contents: 
viscontents (node 0 contents ^ node 1 contents): CONTENTS_SOLID 
This means that none of the brushes in leaf 0 or 1 that touches the portal has CONTENTS_SOLID 
Check for a huge brush enclosing the coordinates above that has contents CONTENTS_SOLID 
Candidate brush IDs: 


FindPortalSide: Couldn't find a good match for which brush to assign to a portal near (3072.0 1520.0 1320.0)
Leaf 0 contents: CONTENTS_SOLID 
Leaf 1 contents: 
viscontents (node 0 contents ^ node 1 contents): CONTENTS_SOLID 
This means that none of the brushes in leaf 0 or 1 that touches the portal has CONTENTS_SOLID 
Check for a huge brush enclosing the coordinates above that has contents CONTENTS_SOLID 
Candidate brush IDs: 


FindPortalSide: Couldn't find a good match for which brush to assign to a portal near (3072.0 2032.0 528.0)
Leaf 0 contents: CONTENTS_SOLID 
Leaf 1 contents: 
viscontents (node 0 contents ^ node 1 contents): CONTENTS_SOLID 
This means that none of the brushes in leaf 0 or 1 that touches the portal has CONTENTS_SOLID 
Check for a huge brush enclosing the coordinates above that has contents CONTENTS_SOLID 
Candidate brush IDs: 


FindPortalSide: Couldn't find a good match for which brush to assign to a portal near (4096.0 1536.0 528.0)
Leaf 0 contents: 
Leaf 1 contents: CONTENTS_SOLID 
viscontents (node 0 contents ^ node 1 contents): CONTENTS_SOLID 
This means that none of the brushes in leaf 0 or 1 that touches the portal has CONTENTS_SOLID 
Check for a huge brush enclosing the coordinates above that has contents CONTENTS_SOLID 
Candidate brush IDs: 


FindPortalSide: Couldn't find a good match for which brush to assign to a portal near (2560.0 2048.0 528.0)
Leaf 0 contents: CONTENTS_SOLID 
Leaf 1 contents: 
viscontents (node 0 contents ^ node 1 contents): CONTENTS_SOLID 
This means that none of the brushes in leaf 0 or 1 that touches the portal has CONTENTS_SOLID 
Check for a huge brush enclosing the coordinates above that has contents CONTENTS_SOLID 
Candidate brush IDs: 


FindPortalSide: Couldn't find a good match for which brush to assign to a portal near (2560.0 3072.0 528.0)
Leaf 0 contents: 
Leaf 1 contents: CONTENTS_SOLID 
viscontents (node 0 contents ^ node 1 contents): CONTENTS_SOLID 
This means that none of the brushes in leaf 0 or 1 that touches the portal has CONTENTS_SOLID 
Check for a huge brush enclosing the coordinates above that has contents CONTENTS_SOLID 
Candidate brush IDs: 

*** Suppressing further FindPortalSide errors.... ***
Processing areas...done (0)
Building Faces...error: material NATURE/WATER_FAF_BENEATH doesn't have a $bottommaterial
error: material NATURE/WATER_FAF_BENEATH doesn't have a $bottommaterial
error: material NATURE/WATER_FAF_BENEATH doesn't have a $bottommaterial
error: material NATURE/WATER_FAF_BENEATH doesn't have a $bottommaterial
error: material NATURE/WATER_FAF_BENEATH doesn't have a $bottommaterial
error: material NATURE/WATER_FAF_BENEATH doesn't have a $bottommaterial
error: material NATURE/WATER_FAF_BENEATH doesn't have a $bottommaterial
error: material NATURE/WATER_FAF_BENEATH doesn't have a $bottommaterial
error: material NATURE/WATER_FAF_BENEATH doesn't have a $bottommaterial
error: material NATURE/WATER_FAF_BENEATH doesn't have a $bottommaterial
error: material NATURE/WATER_FAF_BENEATH doesn't have a $bottommaterial
error: material NATURE/WATER_FAF_BENEATH doesn't have a $bottommaterial
error: material NATURE/WATER_FAF_BENEATH doesn't have a $bottommaterial
error: material NATURE/WATER_FAF_BENEATH doesn't have a $bottommaterial
error: material NATURE/WATER_FAF_BENEATH doesn't have a $bottommaterial
error: material NATURE/WATER_FAF_BENEATH doesn't have a $bottommaterial
error: material NATURE/WATER_FAF_BENEATH doesn't have a $bottommaterial
error: material NATURE/WATER_FAF_BENEATH doesn't have a $bottommaterial
error: material NATURE/WATER_FAF_BENEATH doesn't have a $bottommaterial
error: material NATURE/WATER_FAF_BENEATH doesn't have a $bottommaterial
error: material NATURE/WATER_FAF_BENEATH doesn't have a $bottommaterial
error: material NATURE/WATER_FAF_BENEATH doesn't have a $bottommaterial
error: material NATURE/WATER_FAF_BENEATH doesn't have a $bottommaterial
error: material NATURE/WATER_FAF_BENEATH doesn't have a $bottommaterial
error: material NATURE/WATER_FAF_BENEATH doesn't have a $bottommaterial
error: material NATURE/WATER_FAF_BENEATH doesn't have a $bottommaterial
error: material NATURE/WATER_FAF_BENEATH doesn't have a $bottommaterial
error: material NATURE/WATER_FAF_BENEATH doesn't have a $bottommaterial
error: material NATURE/WATER_FAF_BENEATH doesn't have a $bottommaterial
error: material NATURE/WATER_FAF_BENEATH doesn't have a $bottommaterial
error: material NATURE/WATER_FAF_BENEATH doesn't have a $bottommaterial
error: material NATURE/WATER_FAF_BENEATH doesn't have a $bottommaterial
error: material NATURE/WATER_FAF_BENEATH doesn't have a $bottommaterial
error: material NATURE/WATER_FAF_BENEATH doesn't have a $bottommaterial
error: material NATURE/WATER_FAF_BENEATH doesn't have a $bottommaterial
error: material NATURE/WATER_FAF_BENEATH doesn't have a $bottommaterial
error: material NATURE/WATER_FAF_BENEATH doesn't have a $bottommaterial
error: material NATURE/WATER_FAF_BENEATH doesn't have a $bottommaterial
error: material NATURE/WATER_FAF_BENEATH doesn't have a $bottommaterial
error: material NATURE/WATER_FAF_BENEATH doesn't have a $bottommaterial
error: material NATURE/WATER_FAF_BENEATH doesn't have a $bottommaterial
error: material NATURE/WATER_FAF_BENEATH doesn't have a $bottommaterial
error: material NATURE/WATER_FAF_BENEATH doesn't have a $bottommaterial
error: material NATURE/WATER_FAF_BENEATH doesn't have a $bottommaterial
error: material NATURE/WATER_FAF_BENEATH doesn't have a $bottommaterial
error: material NATURE/WATER_FAF_BENEATH doesn't have a $bottommaterial
error: material NATURE/WATER_FAF_BENEATH doesn't have a $bottommaterial
error: material NATURE/WATER_FAF_BENEATH doesn't have a $bottommaterial
error: material NATURE/WATER_FAF_BENEATH doesn't have a $bottommaterial
error: material NATURE/WATER_FAF_BENEATH doesn't have a $bottommaterial
error: material NATURE/WATER_FAF_BENEATH doesn't have a $bottommaterial
error: material NATURE/WATER_FAF_BENEATH doesn't have a $bottommaterial
error: material NATURE/WATER_FAF_BENEATH doesn't have a $bottommaterial
error: material NATURE/WATER_FAF_BENEATH doesn't have a $bottommaterial
error: material NATURE/WATER_FAF_BENEATH doesn't have a $bottommaterial
error: material NATURE/WATER_FAF_BENEATH doesn't have a $bottommaterial
error: material NATURE/WATER_FAF_BENEATH doesn't have a $bottommaterial
done (0)
FixTjuncs...
PruneNodes...
WriteBSP...
done (0)
Creating default LDR cubemaps for env_cubemap using skybox materials:
   skybox/sky_dm_bounce_*.vmt
 ! Run buildcubemaps in the engine to get the correct cube maps.
Creating default HDR cubemaps for env_cubemap using skybox materials:
   skybox/sky_dm_bounce_*.vmt
 ! Run buildcubemaps in the engine to get the correct cube maps.
Finding displacement neighbors...
Finding lightmap sample positions...
Displacement Alpha : 0...1...2...3...4...5...6...7...8...9...10
Building Physics collision data...
done (0) (40441 bytes)
Placing detail props : 0...1...2...3...4...5...6...7...8...9...10
Water found with no water_lod_control entity, creating a default one.
Compacting texture/material tables...
Reduced 249 texinfos to 137
Reduced 49 texdatas to 41 (1756 bytes to 1370)
Writing D:\!negroshoara\old stuff\maps\tunel_door_transition_vitalik.bsp
1 second elapsed



4 threads
reading d:\!negroshoara\old stuff\maps\tunel_door_transition_vitalik.bsp
reading d:\!negroshoara\old stuff\maps\tunel_door_transition_vitalik.prt
LoadPortals: couldn't read d:\!negroshoara\old stuff\maps\tunel_door_transition_vitalik.prt



[Reading texlights from 'lights.rad']
[45 texlights parsed from 'lights.rad']

Loading d:\!negroshoara\old stuff\maps\tunel_door_transition_vitalik.bsp
No vis information, direct lighting only.
1003 faces
1046659 square feet [150718976.00 square inches]
8 Displacements
860 Square Feet [123888.00 Square Inches]
12 direct lights
0...1...2...3...4...5...6...7...8...9...10Build Patch/Sample Hash Table(s).....Done<0.0016 sec>
0...1...2...3...4...5...6...7...8...9...10FinalLightFace Done
0 of 0 (0% of) surface lights went in leaf ambient cubes.
0...1...2...3...4...5...6...7...8...9...10Writing leaf ambient...done
Ready to Finish

Object names       Objects/Maxobjs  Memory / Maxmem  Fullness 
------------       ---------------  ---------------  -------- 
models                  16/1024          768/49152    ( 1.6%) 
brushes                102/8192         1224/98304    ( 1.2%) 
brushsides             690/65536        5520/524288   ( 1.1%) 
planes                 620/65536       12400/1310720  ( 0.9%) 
vertexes              1520/65536       18240/786432   ( 2.3%) 
nodes                  944/65536       30208/2097152  ( 1.4%) 
texinfos               137/12288        9864/884736   ( 1.1%) 
texdata                 41/2048         1312/65536    ( 2.0%) 
dispinfos                8/0            1408/0        ( 0.0%) 
disp_verts             648/0           12960/0        ( 0.0%) 
disp_tris             1024/0            2048/0        ( 0.0%) 
disp_lmsamples        2828/0            2828/0        ( 0.0%) 
faces                 1003/65536       56168/3670016  ( 1.5%) 
hdr faces                0/65536           0/3670016  ( 0.0%) 
origfaces              331/65536       18536/3670016  ( 0.5%) 
leaves                 961/65536       30752/2097152  ( 1.5%) 
leaffaces             1128/65536        2256/131072   ( 1.7%) 
leafbrushes            416/65536         832/131072   ( 0.6%) 
areas                    2/256            16/2048     ( 0.8%) 
surfedges             5766/512000      23064/2048000  ( 1.1%) 
edges                 3242/256000      12968/1024000  ( 1.3%) 
LDR worldlights         11/8192          968/720896   ( 0.1%) 
HDR worldlights          0/8192            0/720896   ( 0.0%) 
leafwaterdata            2/32768          24/393216   ( 0.0%) 
waterstrips             50/32768         500/327680   ( 0.2%) 
waterverts               0/65536           0/786432   ( 0.0%) 
waterindices           756/65536        1512/131072   ( 1.2%) 
cubemapsamples           2/1024           32/16384    ( 0.2%) 
overlays                11/512          3872/180224   ( 2.1%) 
LDR lightdata         [variable]      833372/0        ( 0.0%) 
HDR lightdata         [variable]           0/0        ( 0.0%) 
visdata               [variable]           0/16777216 ( 0.0%) 
entdata               [variable]       26483/393216   ( 6.7%) 
LDR ambient table      961/65536        3844/262144   ( 1.5%) 
HDR ambient table      961/65536        3844/262144   ( 1.5%) 
LDR leaf ambient      4540/65536      127120/1835008  ( 6.9%) 
HDR leaf ambient       961/65536       26908/1835008  ( 1.5%) 
occluders                0/0               0/0        ( 0.0%) 
occluder polygons        0/0               0/0        ( 0.0%) 
occluder vert ind        0/0               0/0        ( 0.0%) 
detail props          [variable]           1/12       ( 8.3%) 
static props          [variable]           1/5956     ( 0.0%) 
pakfile               [variable]      264506/0        ( 0.0%) 
physics               [variable]       40441/4194304  ( 1.0%) 
physics terrain       [variable]        1210/1048576  ( 0.1%) 

Level flags = 0

Total triangle count: 2437
Writing d:\!negroshoara\old stuff\maps\tunel_door_transition_vitalik.bsp
5 seconds elapsed



[Reading texlights from 'lights.rad']
[45 texlights parsed from 'lights.rad']

Loading d:\!negroshoara\old stuff\maps\tunel_door_transition_vitalik.bsp
No vis information, direct lighting only.
1003 faces
1046659 square feet [150718976.00 square inches]
8 Displacements
860 Square Feet [123888.00 Square Inches]
12 direct lights
0...1...2...3...4...5...6...7...8...9...10Build Patch/Sample Hash Table(s).....Done<0.0015 sec>
0...1...2...3...4...5...6...7...8...9...10FinalLightFace Done
0 of 0 (0% of) surface lights went in leaf ambient cubes.
0...1...2...3...4...5...6...7...8...9...10Writing leaf ambient...done
Ready to Finish

Object names       Objects/Maxobjs  Memory / Maxmem  Fullness 
------------       ---------------  ---------------  -------- 
models                  16/1024          768/49152    ( 1.6%) 
brushes                102/8192         1224/98304    ( 1.2%) 
brushsides             690/65536        5520/524288   ( 1.1%) 
planes                 620/65536       12400/1310720  ( 0.9%) 
vertexes              1520/65536       18240/786432   ( 2.3%) 
nodes                  944/65536       30208/2097152  ( 1.4%) 
texinfos               137/12288        9864/884736   ( 1.1%) 
texdata                 41/2048         1312/65536    ( 2.0%) 
dispinfos                8/0            1408/0        ( 0.0%) 
disp_verts             648/0           12960/0        ( 0.0%) 
disp_tris             1024/0            2048/0        ( 0.0%) 
disp_lmsamples        2828/0            2828/0        ( 0.0%) 
faces                 1003/65536       56168/3670016  ( 1.5%) 
hdr faces             1003/65536       56168/3670016  ( 1.5%) 
origfaces              331/65536       18536/3670016  ( 0.5%) 
leaves                 961/65536       30752/2097152  ( 1.5%) 
leaffaces             1128/65536        2256/131072   ( 1.7%) 
leafbrushes            416/65536         832/131072   ( 0.6%) 
areas                    2/256            16/2048     ( 0.8%) 
surfedges             5766/512000      23064/2048000  ( 1.1%) 
edges                 3242/256000      12968/1024000  ( 1.3%) 
LDR worldlights         11/8192          968/720896   ( 0.1%) 
HDR worldlights         11/8192          968/720896   ( 0.1%) 
leafwaterdata            2/32768          24/393216   ( 0.0%) 
waterstrips             50/32768         500/327680   ( 0.2%) 
waterverts               0/65536           0/786432   ( 0.0%) 
waterindices           756/65536        1512/131072   ( 1.2%) 
cubemapsamples           2/1024           32/16384    ( 0.2%) 
overlays                11/512          3872/180224   ( 2.1%) 
LDR lightdata         [variable]      833372/0        ( 0.0%) 
HDR lightdata         [variable]      833372/0        ( 0.0%) 
visdata               [variable]           0/16777216 ( 0.0%) 
entdata               [variable]       26483/393216   ( 6.7%) 
LDR ambient table      961/65536        3844/262144   ( 1.5%) 
HDR ambient table      961/65536        3844/262144   ( 1.5%) 
LDR leaf ambient      4540/65536      127120/1835008  ( 6.9%) 
HDR leaf ambient      4540/65536      127120/1835008  ( 6.9%) 
occluders                0/0               0/0        ( 0.0%) 
occluder polygons        0/0               0/0        ( 0.0%) 
occluder vert ind        0/0               0/0        ( 0.0%) 
detail props          [variable]           1/12       ( 8.3%) 
static props          [variable]           1/5956     ( 0.0%) 
pakfile               [variable]      264506/0        ( 0.0%) 
physics               [variable]       40441/4194304  ( 1.0%) 
physics terrain       [variable]        1210/1048576  ( 0.1%) 

Level flags = 0

Total triangle count: 2437
Writing d:\!negroshoara\old stuff\maps\tunel_door_transition_vitalik.bsp
5 seconds elapsed



materialPath: D:\SteamLibrary\steamapps\common\GarrysMod\garrysmod\materials
Loading D:\!negroshoara\old stuff\maps\tunel_door_transition_vitalik.vmf
ConVarRef mat_reduceparticles doesn't point to an existing ConVar
Can't find surfaceprop concretegrit for material CONCRETE/CONCRETEFLOOR038C, using default
Could not locate 'GameData' key in d:\steamlibrary\steamapps\common\garrysmod\garrysmod\gameinfo.txt
fixing up env_cubemap materials on brush sides...
0...1...2...3...4...5...6...7...8...9...100...1...2...3...4...5...6...7...8...9...10Processing areas...done (0)
Building Faces...error: material NATURE/WATER_FAF_BENEATH doesn't have a $bottommaterial
error: material NATURE/WATER_FAF_BENEATH doesn't have a $bottommaterial
error: material NATURE/WATER_FAF_BENEATH doesn't have a $bottommaterial
error: material NATURE/WATER_FAF_BENEATH doesn't have a $bottommaterial
error: material NATURE/WATER_FAF_BENEATH doesn't have a $bottommaterial
error: material NATURE/WATER_FAF_BENEATH doesn't have a $bottommaterial
error: material NATURE/WATER_FAF_BENEATH doesn't have a $bottommaterial
error: material NATURE/WATER_FAF_BENEATH doesn't have a $bottommaterial
error: material NATURE/WATER_FAF_BENEATH doesn't have a $bottommaterial
error: material NATURE/WATER_FAF_BENEATH doesn't have a $bottommaterial
error: material NATURE/WATER_FAF_BENEATH doesn't have a $bottommaterial
error: material NATURE/WATER_FAF_BENEATH doesn't have a $bottommaterial
error: material NATURE/WATER_FAF_BENEATH doesn't have a $bottommaterial
error: material NATURE/WATER_FAF_BENEATH doesn't have a $bottommaterial
error: material NATURE/WATER_FAF_BENEATH doesn't have a $bottommaterial
error: material NATURE/WATER_FAF_BENEATH doesn't have a $bottommaterial
error: material NATURE/WATER_FAF_BENEATH doesn't have a $bottommaterial
error: material NATURE/WATER_FAF_BENEATH doesn't have a $bottommaterial
error: material NATURE/WATER_FAF_BENEATH doesn't have a $bottommaterial
error: material NATURE/WATER_FAF_BENEATH doesn't have a $bottommaterial
error: material NATURE/WATER_FAF_BENEATH doesn't have a $bottommaterial
error: material NATURE/WATER_FAF_BENEATH doesn't have a $bottommaterial
error: material NATURE/WATER_FAF_BENEATH doesn't have a $bottommaterial
error: material NATURE/WATER_FAF_BENEATH doesn't have a $bottommaterial
error: material NATURE/WATER_FAF_BENEATH doesn't have a $bottommaterial
error: material NATURE/WATER_FAF_BENEATH doesn't have a $bottommaterial
error: material NATURE/WATER_FAF_BENEATH doesn't have a $bottommaterial
error: material NATURE/WATER_FAF_BENEATH doesn't have a $bottommaterial
error: material NATURE/WATER_FAF_BENEATH doesn't have a $bottommaterial
error: material NATURE/WATER_FAF_BENEATH doesn't have a $bottommaterial
error: material NATURE/WATER_FAF_BENEATH doesn't have a $bottommaterial
error: material NATURE/WATER_FAF_BENEATH doesn't have a $bottommaterial
error: material NATURE/WATER_FAF_BENEATH doesn't have a $bottommaterial
error: material NATURE/WATER_FAF_BENEATH doesn't have a $bottommaterial
error: material NATURE/WATER_FAF_BENEATH doesn't have a $bottommaterial
error: material NATURE/WATER_FAF_BENEATH doesn't have a $bottommaterial
error: material NATURE/WATER_FAF_BENEATH doesn't have a $bottommaterial
error: material NATURE/WATER_FAF_BENEATH doesn't have a $bottommaterial
error: material NATURE/WATER_FAF_BENEATH doesn't have a $bottommaterial
error: material NATURE/WATER_FAF_BENEATH doesn't have a $bottommaterial
error: material NATURE/WATER_FAF_BENEATH doesn't have a $bottommaterial
error: material NATURE/WATER_FAF_BENEATH doesn't have a $bottommaterial
error: material NATURE/WATER_FAF_BENEATH doesn't have a $bottommaterial
error: material NATURE/WATER_FAF_BENEATH doesn't have a $bottommaterial
error: material NATURE/WATER_FAF_BENEATH doesn't have a $bottommaterial
error: material NATURE/WATER_FAF_BENEATH doesn't have a $bottommaterial
error: material NATURE/WATER_FAF_BENEATH doesn't have a $bottommaterial
error: material NATURE/WATER_FAF_BENEATH doesn't have a $bottommaterial
error: material NATURE/WATER_FAF_BENEATH doesn't have a $bottommaterial
error: material NATURE/WATER_FAF_BENEATH doesn't have a $bottommaterial
error: material NATURE/WATER_FAF_BENEATH doesn't have a $bottommaterial
error: material NATURE/WATER_FAF_BENEATH doesn't have a $bottommaterial
error: material NATURE/WATER_FAF_BENEATH doesn't have a $bottommaterial
error: material NATURE/WATER_FAF_BENEATH doesn't have a $bottommaterial
error: material NATURE/WATER_FAF_BENEATH doesn't have a $bottommaterial
error: material NATURE/WATER_FAF_BENEATH doesn't have a $bottommaterial
error: material NATURE/WATER_FAF_BENEATH doesn't have a $bottommaterial
error: material NATURE/WATER_FAF_BENEATH doesn't have a $bottommaterial
error: material NATURE/WATER_FAF_BENEATH doesn't have a $bottommaterial
error: material NATURE/WATER_FAF_BENEATH doesn't have a $bottommaterial
error: material NATURE/WATER_FAF_BENEATH doesn't have a $bottommaterial
error: material NATURE/WATER_FAF_BENEATH doesn't have a $bottommaterial
error: material NATURE/WATER_FAF_BENEATH doesn't have a $bottommaterial
error: material NATURE/WATER_FAF_BENEATH doesn't have a $bottommaterial
error: material NATURE/WATER_FAF_BENEATH doesn't have a $bottommaterial
error: material NATURE/WATER_FAF_BENEATH doesn't have a $bottommaterial
error: material NATURE/WATER_FAF_BENEATH doesn't have a $bottommaterial
error: material NATURE/WATER_FAF_BENEATH doesn't have a $bottommaterial
error: material NATURE/WATER_FAF_BENEATH doesn't have a $bottommaterial
error: material NATURE/WATER_FAF_BENEATH doesn't have a $bottommaterial
error: material NATURE/WATER_FAF_BENEATH doesn't have a $bottommaterial
error: material NATURE/WATER_FAF_BENEATH doesn't have a $bottommaterial
error: material NATURE/WATER_FAF_BENEATH doesn't have a $bottommaterial
error: material NATURE/WATER_FAF_BENEATH doesn't have a $bottommaterial
error: material NATURE/WATER_FAF_BENEATH doesn't have a $bottommaterial
done (0)
FixTjuncs...
PruneNodes...
WriteBSP...
done (0)
writing D:\!negroshoara\old stuff\maps\tunel_door_transition_vitalik.prt...Building visibility clusters...
done (0)
Creating default LDR cubemaps for env_cubemap using skybox materials:
   skybox/sky_dm_bounce_*.vmt
 ! Run buildcubemaps in the engine to get the correct cube maps.
Creating default HDR cubemaps for env_cubemap using skybox materials:
   skybox/sky_dm_bounce_*.vmt
 ! Run buildcubemaps in the engine to get the correct cube maps.
Finding displacement neighbors...
Finding lightmap sample positions...
Displacement Alpha : 0...1...2...3...4...5...6...7...8...9...10
Building Physics collision data...
Displacement 14 has bad geometry near -356.00 2216.63 232.00
Can't compile displacement physics, exiting.  Texture is maps/tunel_door_transition_vitalik/concrete/concrete_wall_c2a2_deeptnl_02c_lowtint_-536_896_90



4 threads
reading d:\!negroshoara\old stuff\maps\tunel_door_transition_vitalik.bsp
reading d:\!negroshoara\old stuff\maps\tunel_door_transition_vitalik.prt
 423 portalclusters
1256 numportals
0...1...2...3...4...5...6...7...8...9...100...1...2...3...4...5...6...7...8...9...10Optimized: 180 visible clusters (0.22%)
Total clusters visible: 81067
Average clusters visible: 191
Building PAS...
Average clusters audible: 316
visdatasize:46344  compressed from 47376
writing d:\!negroshoara\old stuff\maps\tunel_door_transition_vitalik.bsp
4 seconds elapsed



[Reading texlights from 'lights.rad']
[45 texlights parsed from 'lights.rad']

Loading d:\!negroshoara\old stuff\maps\tunel_door_transition_vitalik.bsp
1003 faces
1046659 square feet [150718976.00 square inches]
8 Displacements
860 Square Feet [123888.00 Square Inches]
1003 patches before subdivision
10187 patches after subdivision
12 direct lights
0...1...2...3...4...5...6...7...8...9...100...1...2...3...4...5...6...7...8...9...10transfers 1197814, max 457
transfer lists:   9.1 megs
0...1...2...3...4...5...6...7...8...9...10	Bounce #1 added RGB(2035, 1767, 1427)
0...1...2...3...4...5...6...7...8...9...10	Bounce #2 added RGB(220, 173, 118)
0...1...2...3...4...5...6...7...8...9...10	Bounce #3 added RGB(23, 16, 9)
0...1...2...3...4...5...6...7...8...9...10	Bounce #4 added RGB(2, 2, 1)
0...1...2...3...4...5...6...7...8...9...10	Bounce #5 added RGB(0, 0, 0)
Build Patch/Sample Hash Table(s).....Done<0.0024 sec>
0...1...2...3...4...5...6...7...8...9...10FinalLightFace Done
0 of 0 (0% of) surface lights went in leaf ambient cubes.
0...1...2...3...4...5...6...7...8...9...10Writing leaf ambient...done
Ready to Finish

Object names       Objects/Maxobjs  Memory / Maxmem  Fullness 
------------       ---------------  ---------------  -------- 
models                  16/1024          768/49152    ( 1.6%) 
brushes                102/8192         1224/98304    ( 1.2%) 
brushsides             690/65536        5520/524288   ( 1.1%) 
planes                 620/65536       12400/1310720  ( 0.9%) 
vertexes              1520/65536       18240/786432   ( 2.3%) 
nodes                  944/65536       30208/2097152  ( 1.4%) 
texinfos               137/12288        9864/884736   ( 1.1%) 
texdata                 41/2048         1312/65536    ( 2.0%) 
dispinfos                8/0            1408/0        ( 0.0%) 
disp_verts             648/0           12960/0        ( 0.0%) 
disp_tris             1024/0            2048/0        ( 0.0%) 
disp_lmsamples        2828/0            2828/0        ( 0.0%) 
faces                 1003/65536       56168/3670016  ( 1.5%) 
hdr faces             1003/65536       56168/3670016  ( 1.5%) 
origfaces              331/65536       18536/3670016  ( 0.5%) 
leaves                 961/65536       30752/2097152  ( 1.5%) 
leaffaces             1128/65536        2256/131072   ( 1.7%) 
leafbrushes            416/65536         832/131072   ( 0.6%) 
areas                    2/256            16/2048     ( 0.8%) 
surfedges             5766/512000      23064/2048000  ( 1.1%) 
edges                 3242/256000      12968/1024000  ( 1.3%) 
LDR worldlights         11/8192          968/720896   ( 0.1%) 
HDR worldlights         11/8192          968/720896   ( 0.1%) 
leafwaterdata            2/32768          24/393216   ( 0.0%) 
waterstrips             50/32768         500/327680   ( 0.2%) 
waterverts               0/65536           0/786432   ( 0.0%) 
waterindices           756/65536        1512/131072   ( 1.2%) 
cubemapsamples           2/1024           32/16384    ( 0.2%) 
overlays                11/512          3872/180224   ( 2.1%) 
LDR lightdata         [variable]      833372/0        ( 0.0%) 
HDR lightdata         [variable]      833372/0        ( 0.0%) 
visdata               [variable]       46344/16777216 ( 0.3%) 
entdata               [variable]       26483/393216   ( 6.7%) 
LDR ambient table      961/65536        3844/262144   ( 1.5%) 
HDR ambient table      961/65536        3844/262144   ( 1.5%) 
LDR leaf ambient      4554/65536      127512/1835008  ( 6.9%) 
HDR leaf ambient      4540/65536      127120/1835008  ( 6.9%) 
occluders                0/0               0/0        ( 0.0%) 
occluder polygons        0/0               0/0        ( 0.0%) 
occluder vert ind        0/0               0/0        ( 0.0%) 
detail props          [variable]           1/12       ( 8.3%) 
static props          [variable]           1/5956     ( 0.0%) 
pakfile               [variable]      264506/0        ( 0.0%) 
physics               [variable]       40441/4194304  ( 1.0%) 
physics terrain       [variable]        1210/1048576  ( 0.1%) 

Level flags = 0

Total triangle count: 2437
Writing d:\!negroshoara\old stuff\maps\tunel_door_transition_vitalik.bsp
8 seconds elapsed



[Reading texlights from 'lights.rad']
[45 texlights parsed from 'lights.rad']

Loading d:\!negroshoara\old stuff\maps\tunel_door_transition_vitalik.bsp
1003 faces
1046659 square feet [150718976.00 square inches]
8 Displacements
860 Square Feet [123888.00 Square Inches]
1003 patches before subdivision
10187 patches after subdivision
12 direct lights
0...1...2...3...4...5...6...7...8...9...100...1...2...3...4...5...6...7...8...9...10transfers 1197814, max 457
transfer lists:   9.1 megs
0...1...2...3...4...5...6...7...8...9...10	Bounce #1 added RGB(2035, 1767, 1427)
0...1...2...3...4...5...6...7...8...9...10	Bounce #2 added RGB(220, 173, 118)
0...1...2...3...4...5...6...7...8...9...10	Bounce #3 added RGB(23, 16, 9)
0...1...2...3...4...5...6...7...8...9...10	Bounce #4 added RGB(2, 2, 1)
0...1...2...3...4...5...6...7...8...9...10	Bounce #5 added RGB(0, 0, 0)
Build Patch/Sample Hash Table(s).....Done<0.0020 sec>
0...1...2...3...4...5...6...7...8...9...10FinalLightFace Done
0 of 0 (0% of) surface lights went in leaf ambient cubes.
0...1...2...3...4...5...6...7...8...9...10Writing leaf ambient...done
Ready to Finish

Object names       Objects/Maxobjs  Memory / Maxmem  Fullness 
------------       ---------------  ---------------  -------- 
models                  16/1024          768/49152    ( 1.6%) 
brushes                102/8192         1224/98304    ( 1.2%) 
brushsides             690/65536        5520/524288   ( 1.1%) 
planes                 620/65536       12400/1310720  ( 0.9%) 
vertexes              1520/65536       18240/786432   ( 2.3%) 
nodes                  944/65536       30208/2097152  ( 1.4%) 
texinfos               137/12288        9864/884736   ( 1.1%) 
texdata                 41/2048         1312/65536    ( 2.0%) 
dispinfos                8/0            1408/0        ( 0.0%) 
disp_verts             648/0           12960/0        ( 0.0%) 
disp_tris             1024/0            2048/0        ( 0.0%) 
disp_lmsamples        2828/0            2828/0        ( 0.0%) 
faces                 1003/65536       56168/3670016  ( 1.5%) 
hdr faces             1003/65536       56168/3670016  ( 1.5%) 
origfaces              331/65536       18536/3670016  ( 0.5%) 
leaves                 961/65536       30752/2097152  ( 1.5%) 
leaffaces             1128/65536        2256/131072   ( 1.7%) 
leafbrushes            416/65536         832/131072   ( 0.6%) 
areas                    2/256            16/2048     ( 0.8%) 
surfedges             5766/512000      23064/2048000  ( 1.1%) 
edges                 3242/256000      12968/1024000  ( 1.3%) 
LDR worldlights         11/8192          968/720896   ( 0.1%) 
HDR worldlights         11/8192          968/720896   ( 0.1%) 
leafwaterdata            2/32768          24/393216   ( 0.0%) 
waterstrips             50/32768         500/327680   ( 0.2%) 
waterverts               0/65536           0/786432   ( 0.0%) 
waterindices           756/65536        1512/131072   ( 1.2%) 
cubemapsamples           2/1024           32/16384    ( 0.2%) 
overlays                11/512          3872/180224   ( 2.1%) 
LDR lightdata         [variable]      833372/0        ( 0.0%) 
HDR lightdata         [variable]      833372/0        ( 0.0%) 
visdata               [variable]       46344/16777216 ( 0.3%) 
entdata               [variable]       26483/393216   ( 6.7%) 
LDR ambient table      961/65536        3844/262144   ( 1.5%) 
HDR ambient table      961/65536        3844/262144   ( 1.5%) 
LDR leaf ambient      4554/65536      127512/1835008  ( 6.9%) 
HDR leaf ambient      4554/65536      127512/1835008  ( 6.9%) 
occluders                0/0               0/0        ( 0.0%) 
occluder polygons        0/0               0/0        ( 0.0%) 
occluder vert ind        0/0               0/0        ( 0.0%) 
detail props          [variable]           1/12       ( 8.3%) 
static props          [variable]           1/5956     ( 0.0%) 
pakfile               [variable]      264506/0        ( 0.0%) 
physics               [variable]       40441/4194304  ( 1.0%) 
physics terrain       [variable]        1210/1048576  ( 0.1%) 

Level flags = 0

Total triangle count: 2437
Writing d:\!negroshoara\old stuff\maps\tunel_door_transition_vitalik.bsp
8 seconds elapsed



materialPath: D:\SteamLibrary\steamapps\common\GarrysMod\garrysmod\materials
Loading D:\!negroshoara\old stuff\maps\tunel_door_transition_vitalik.vmf
ConVarRef mat_reduceparticles doesn't point to an existing ConVar
Can't find surfaceprop concretegrit for material CONCRETE/CONCRETEFLOOR038C, using default
Could not locate 'GameData' key in d:\steamlibrary\steamapps\common\garrysmod\garrysmod\gameinfo.txt
fixing up env_cubemap materials on brush sides...
0...1...2...3...4...5...6...7...8...9...100...1...2...3...4...5...6...7...8...9...10Processing areas...done (0)
Building Faces...error: material NATURE/WATER_FAF_BENEATH doesn't have a $bottommaterial
error: material NATURE/WATER_FAF_BENEATH doesn't have a $bottommaterial
error: material NATURE/WATER_FAF_BENEATH doesn't have a $bottommaterial
error: material NATURE/WATER_FAF_BENEATH doesn't have a $bottommaterial
error: material NATURE/WATER_FAF_BENEATH doesn't have a $bottommaterial
error: material NATURE/WATER_FAF_BENEATH doesn't have a $bottommaterial
error: material NATURE/WATER_FAF_BENEATH doesn't have a $bottommaterial
error: material NATURE/WATER_FAF_BENEATH doesn't have a $bottommaterial
error: material NATURE/WATER_FAF_BENEATH doesn't have a $bottommaterial
error: material NATURE/WATER_FAF_BENEATH doesn't have a $bottommaterial
error: material NATURE/WATER_FAF_BENEATH doesn't have a $bottommaterial
error: material NATURE/WATER_FAF_BENEATH doesn't have a $bottommaterial
error: material NATURE/WATER_FAF_BENEATH doesn't have a $bottommaterial
error: material NATURE/WATER_FAF_BENEATH doesn't have a $bottommaterial
error: material NATURE/WATER_FAF_BENEATH doesn't have a $bottommaterial
error: material NATURE/WATER_FAF_BENEATH doesn't have a $bottommaterial
error: material NATURE/WATER_FAF_BENEATH doesn't have a $bottommaterial
error: material NATURE/WATER_FAF_BENEATH doesn't have a $bottommaterial
error: material NATURE/WATER_FAF_BENEATH doesn't have a $bottommaterial
error: material NATURE/WATER_FAF_BENEATH doesn't have a $bottommaterial
error: material NATURE/WATER_FAF_BENEATH doesn't have a $bottommaterial
error: material NATURE/WATER_FAF_BENEATH doesn't have a $bottommaterial
error: material NATURE/WATER_FAF_BENEATH doesn't have a $bottommaterial
error: material NATURE/WATER_FAF_BENEATH doesn't have a $bottommaterial
error: material NATURE/WATER_FAF_BENEATH doesn't have a $bottommaterial
error: material NATURE/WATER_FAF_BENEATH doesn't have a $bottommaterial
error: material NATURE/WATER_FAF_BENEATH doesn't have a $bottommaterial
error: material NATURE/WATER_FAF_BENEATH doesn't have a $bottommaterial
error: material NATURE/WATER_FAF_BENEATH doesn't have a $bottommaterial
error: material NATURE/WATER_FAF_BENEATH doesn't have a $bottommaterial
error: material NATURE/WATER_FAF_BENEATH doesn't have a $bottommaterial
error: material NATURE/WATER_FAF_BENEATH doesn't have a $bottommaterial
error: material NATURE/WATER_FAF_BENEATH doesn't have a $bottommaterial
error: material NATURE/WATER_FAF_BENEATH doesn't have a $bottommaterial
error: material NATURE/WATER_FAF_BENEATH doesn't have a $bottommaterial
error: material NATURE/WATER_FAF_BENEATH doesn't have a $bottommaterial
error: material NATURE/WATER_FAF_BENEATH doesn't have a $bottommaterial
error: material NATURE/WATER_FAF_BENEATH doesn't have a $bottommaterial
error: material NATURE/WATER_FAF_BENEATH doesn't have a $bottommaterial
error: material NATURE/WATER_FAF_BENEATH doesn't have a $bottommaterial
error: material NATURE/WATER_FAF_BENEATH doesn't have a $bottommaterial
error: material NATURE/WATER_FAF_BENEATH doesn't have a $bottommaterial
error: material NATURE/WATER_FAF_BENEATH doesn't have a $bottommaterial
error: material NATURE/WATER_FAF_BENEATH doesn't have a $bottommaterial
error: material NATURE/WATER_FAF_BENEATH doesn't have a $bottommaterial
error: material NATURE/WATER_FAF_BENEATH doesn't have a $bottommaterial
error: material NATURE/WATER_FAF_BENEATH doesn't have a $bottommaterial
error: material NATURE/WATER_FAF_BENEATH doesn't have a $bottommaterial
error: material NATURE/WATER_FAF_BENEATH doesn't have a $bottommaterial
error: material NATURE/WATER_FAF_BENEATH doesn't have a $bottommaterial
error: material NATURE/WATER_FAF_BENEATH doesn't have a $bottommaterial
error: material NATURE/WATER_FAF_BENEATH doesn't have a $bottommaterial
error: material NATURE/WATER_FAF_BENEATH doesn't have a $bottommaterial
error: material NATURE/WATER_FAF_BENEATH doesn't have a $bottommaterial
error: material NATURE/WATER_FAF_BENEATH doesn't have a $bottommaterial
error: material NATURE/WATER_FAF_BENEATH doesn't have a $bottommaterial
error: material NATURE/WATER_FAF_BENEATH doesn't have a $bottommaterial
error: material NATURE/WATER_FAF_BENEATH doesn't have a $bottommaterial
error: material NATURE/WATER_FAF_BENEATH doesn't have a $bottommaterial
error: material NATURE/WATER_FAF_BENEATH doesn't have a $bottommaterial
error: material NATURE/WATER_FAF_BENEATH doesn't have a $bottommaterial
error: material NATURE/WATER_FAF_BENEATH doesn't have a $bottommaterial
error: material NATURE/WATER_FAF_BENEATH doesn't have a $bottommaterial
error: material NATURE/WATER_FAF_BENEATH doesn't have a $bottommaterial
error: material NATURE/WATER_FAF_BENEATH doesn't have a $bottommaterial
error: material NATURE/WATER_FAF_BENEATH doesn't have a $bottommaterial
error: material NATURE/WATER_FAF_BENEATH doesn't have a $bottommaterial
error: material NATURE/WATER_FAF_BENEATH doesn't have a $bottommaterial
error: material NATURE/WATER_FAF_BENEATH doesn't have a $bottommaterial
error: material NATURE/WATER_FAF_BENEATH doesn't have a $bottommaterial
error: material NATURE/WATER_FAF_BENEATH doesn't have a $bottommaterial
error: material NATURE/WATER_FAF_BENEATH doesn't have a $bottommaterial
error: material NATURE/WATER_FAF_BENEATH doesn't have a $bottommaterial
error: material NATURE/WATER_FAF_BENEATH doesn't have a $bottommaterial
error: material NATURE/WATER_FAF_BENEATH doesn't have a $bottommaterial
done (0)
FixTjuncs...
PruneNodes...
WriteBSP...
NODRAW on terrain surface!
NODRAW on terrain surface!
NODRAW on terrain surface!
done (0)
writing D:\!negroshoara\old stuff\maps\tunel_door_transition_vitalik.prt...Building visibility clusters...
done (0)
Creating default LDR cubemaps for env_cubemap using skybox materials:
   skybox/sky_dm_bounce_*.vmt
 ! Run buildcubemaps in the engine to get the correct cube maps.
Creating default HDR cubemaps for env_cubemap using skybox materials:
   skybox/sky_dm_bounce_*.vmt
 ! Run buildcubemaps in the engine to get the correct cube maps.
Finding displacement neighbors...
Finding lightmap sample positions...
Displacement Alpha : 0...1...2...3...4...5...6...7...8...9...10
Building Physics collision data...
Displacement 14 has bad geometry near -356.00 2216.63 232.00
Can't compile displacement physics, exiting.  Texture is maps/tunel_door_transition_vitalik/concrete/concrete_wall_c2a2_deeptnl_02c_lowtint_-536_896_90



4 threads
reading d:\!negroshoara\old stuff\maps\tunel_door_transition_vitalik.bsp
reading d:\!negroshoara\old stuff\maps\tunel_door_transition_vitalik.prt
 423 portalclusters
1237 numportals
0...1...2...3...4...5...6...7...8...9...100...1...2...3...4...5...6...7...8...9...10Optimized: 136 visible clusters (0.18%)
Total clusters visible: 76153
Average clusters visible: 180
Building PAS...
Average clusters audible: 303
visdatasize:45951  compressed from 47376
writing d:\!negroshoara\old stuff\maps\tunel_door_transition_vitalik.bsp
3 seconds elapsed



[Reading texlights from 'lights.rad']
[45 texlights parsed from 'lights.rad']

Loading d:\!negroshoara\old stuff\maps\tunel_door_transition_vitalik.bsp
1003 faces
1046659 square feet [150718976.00 square inches]
8 Displacements
860 Square Feet [123888.00 Square Inches]
1003 patches before subdivision
10187 patches after subdivision
12 direct lights
0...1...2...3...4...5...6...7...8...9...100...1...2...3...4...5...6...7...8...9...10transfers 1197814, max 457
transfer lists:   9.1 megs
0...1...2...3...4...5...6...7...8...9...10	Bounce #1 added RGB(2035, 1767, 1427)
0...1...2...3...4...5...6...7...8...9...10	Bounce #2 added RGB(220, 173, 118)
0...1...2...3...4...5...6...7...8...9...10	Bounce #3 added RGB(23, 16, 9)
0...1...2...3...4...5...6...7...8...9...10	Bounce #4 added RGB(2, 2, 1)
0...1...2...3...4...5...6...7...8...9...10	Bounce #5 added RGB(0, 0, 0)
Build Patch/Sample Hash Table(s).....Done<0.0022 sec>
0...1...2...3...4...5...6...7...8...9...10FinalLightFace Done
0 of 0 (0% of) surface lights went in leaf ambient cubes.
0...1...2...3...4...5...6...7...8...9...10Writing leaf ambient...done
Ready to Finish

Object names       Objects/Maxobjs  Memory / Maxmem  Fullness 
------------       ---------------  ---------------  -------- 
models                  16/1024          768/49152    ( 1.6%) 
brushes                102/8192         1224/98304    ( 1.2%) 
brushsides             690/65536        5520/524288   ( 1.1%) 
planes                 620/65536       12400/1310720  ( 0.9%) 
vertexes              1520/65536       18240/786432   ( 2.3%) 
nodes                  944/65536       30208/2097152  ( 1.4%) 
texinfos               137/12288        9864/884736   ( 1.1%) 
texdata                 41/2048         1312/65536    ( 2.0%) 
dispinfos                8/0            1408/0        ( 0.0%) 
disp_verts             648/0           12960/0        ( 0.0%) 
disp_tris             1024/0            2048/0        ( 0.0%) 
disp_lmsamples        2828/0            2828/0        ( 0.0%) 
faces                 1003/65536       56168/3670016  ( 1.5%) 
hdr faces             1003/65536       56168/3670016  ( 1.5%) 
origfaces              331/65536       18536/3670016  ( 0.5%) 
leaves                 961/65536       30752/2097152  ( 1.5%) 
leaffaces             1128/65536        2256/131072   ( 1.7%) 
leafbrushes            416/65536         832/131072   ( 0.6%) 
areas                    2/256            16/2048     ( 0.8%) 
surfedges             5766/512000      23064/2048000  ( 1.1%) 
edges                 3242/256000      12968/1024000  ( 1.3%) 
LDR worldlights         11/8192          968/720896   ( 0.1%) 
HDR worldlights         11/8192          968/720896   ( 0.1%) 
leafwaterdata            2/32768          24/393216   ( 0.0%) 
waterstrips             50/32768         500/327680   ( 0.2%) 
waterverts               0/65536           0/786432   ( 0.0%) 
waterindices           756/65536        1512/131072   ( 1.2%) 
cubemapsamples           2/1024           32/16384    ( 0.2%) 
overlays                11/512          3872/180224   ( 2.1%) 
LDR lightdata         [variable]      833372/0        ( 0.0%) 
HDR lightdata         [variable]      833372/0        ( 0.0%) 
visdata               [variable]       45951/16777216 ( 0.3%) 
entdata               [variable]       26483/393216   ( 6.7%) 
LDR ambient table      961/65536        3844/262144   ( 1.5%) 
HDR ambient table      961/65536        3844/262144   ( 1.5%) 
LDR leaf ambient      4554/65536      127512/1835008  ( 6.9%) 
HDR leaf ambient      4554/65536      127512/1835008  ( 6.9%) 
occluders                0/0               0/0        ( 0.0%) 
occluder polygons        0/0               0/0        ( 0.0%) 
occluder vert ind        0/0               0/0        ( 0.0%) 
detail props          [variable]           1/12       ( 8.3%) 
static props          [variable]           1/5956     ( 0.0%) 
pakfile               [variable]      264506/0        ( 0.0%) 
physics               [variable]       40441/4194304  ( 1.0%) 
physics terrain       [variable]        1210/1048576  ( 0.1%) 

Level flags = 0

Total triangle count: 2437
Writing d:\!negroshoara\old stuff\maps\tunel_door_transition_vitalik.bsp
8 seconds elapsed



[Reading texlights from 'lights.rad']
[45 texlights parsed from 'lights.rad']

Loading d:\!negroshoara\old stuff\maps\tunel_door_transition_vitalik.bsp
1003 faces
1046659 square feet [150718976.00 square inches]
8 Displacements
860 Square Feet [123888.00 Square Inches]
1003 patches before subdivision
10187 patches after subdivision
12 direct lights
0...1...2...3...4...5...6...7...8...9...100...1...2...3...4...5...6...7...8...9...10transfers 1197814, max 457
transfer lists:   9.1 megs
0...1...2...3...4...5...6...7...8...9...10	Bounce #1 added RGB(2035, 1767, 1427)
0...1...2...3...4...5...6...7...8...9...10	Bounce #2 added RGB(220, 173, 118)
0...1...2...3...4...5...6...7...8...9...10	Bounce #3 added RGB(23, 16, 9)
0...1...2...3...4...5...6...7...8...9...10	Bounce #4 added RGB(2, 2, 1)
0...1...2...3...4...5...6...7...8...9...10	Bounce #5 added RGB(0, 0, 0)
Build Patch/Sample Hash Table(s).....Done<0.0022 sec>
0...1...2...3...4...5...6...7...8...9...10FinalLightFace Done
0 of 0 (0% of) surface lights went in leaf ambient cubes.
0...1...2...3...4...5...6...7...8...9...10Writing leaf ambient...done
Ready to Finish

Object names       Objects/Maxobjs  Memory / Maxmem  Fullness 
------------       ---------------  ---------------  -------- 
models                  16/1024          768/49152    ( 1.6%) 
brushes                102/8192         1224/98304    ( 1.2%) 
brushsides             690/65536        5520/524288   ( 1.1%) 
planes                 620/65536       12400/1310720  ( 0.9%) 
vertexes              1520/65536       18240/786432   ( 2.3%) 
nodes                  944/65536       30208/2097152  ( 1.4%) 
texinfos               137/12288        9864/884736   ( 1.1%) 
texdata                 41/2048         1312/65536    ( 2.0%) 
dispinfos                8/0            1408/0        ( 0.0%) 
disp_verts             648/0           12960/0        ( 0.0%) 
disp_tris             1024/0            2048/0        ( 0.0%) 
disp_lmsamples        2828/0            2828/0        ( 0.0%) 
faces                 1003/65536       56168/3670016  ( 1.5%) 
hdr faces             1003/65536       56168/3670016  ( 1.5%) 
origfaces              331/65536       18536/3670016  ( 0.5%) 
leaves                 961/65536       30752/2097152  ( 1.5%) 
leaffaces             1128/65536        2256/131072   ( 1.7%) 
leafbrushes            416/65536         832/131072   ( 0.6%) 
areas                    2/256            16/2048     ( 0.8%) 
surfedges             5766/512000      23064/2048000  ( 1.1%) 
edges                 3242/256000      12968/1024000  ( 1.3%) 
LDR worldlights         11/8192          968/720896   ( 0.1%) 
HDR worldlights         11/8192          968/720896   ( 0.1%) 
leafwaterdata            2/32768          24/393216   ( 0.0%) 
waterstrips             50/32768         500/327680   ( 0.2%) 
waterverts               0/65536           0/786432   ( 0.0%) 
waterindices           756/65536        1512/131072   ( 1.2%) 
cubemapsamples           2/1024           32/16384    ( 0.2%) 
overlays                11/512          3872/180224   ( 2.1%) 
LDR lightdata         [variable]      833372/0        ( 0.0%) 
HDR lightdata         [variable]      833372/0        ( 0.0%) 
visdata               [variable]       45951/16777216 ( 0.3%) 
entdata               [variable]       26483/393216   ( 6.7%) 
LDR ambient table      961/65536        3844/262144   ( 1.5%) 
HDR ambient table      961/65536        3844/262144   ( 1.5%) 
LDR leaf ambient      4554/65536      127512/1835008  ( 6.9%) 
HDR leaf ambient      4554/65536      127512/1835008  ( 6.9%) 
occluders                0/0               0/0        ( 0.0%) 
occluder polygons        0/0               0/0        ( 0.0%) 
occluder vert ind        0/0               0/0        ( 0.0%) 
detail props          [variable]           1/12       ( 8.3%) 
static props          [variable]           1/5956     ( 0.0%) 
pakfile               [variable]      264506/0        ( 0.0%) 
physics               [variable]       40441/4194304  ( 1.0%) 
physics terrain       [variable]        1210/1048576  ( 0.1%) 

Level flags = 0

Total triangle count: 2437
Writing d:\!negroshoara\old stuff\maps\tunel_door_transition_vitalik.bsp
8 seconds elapsed
