PRT1
253
717
4 0 4 (2064 1024 2016 ) (2048 1024 2016 ) (2048 1024 -992 ) (2064 1024 -992 ) 
4 0 3 (3040 1024 2016 ) (2064 1024 2016 ) (2064 1024 -992 ) (3040 1024 -992 ) 
4 0 1 (2048 1024 -992 ) (2048 1024 2016 ) (2048 2016 2016 ) (2048 2016 -992 ) 
4 1 26 (2048 1024 -992 ) (2048 1024 16 ) (1024 1024 16 ) (1024 1024 -992 ) 
4 1 22 (2048 1024 16 ) (2048 1024 24 ) (1024 1024 24 ) (1024 1024 16 ) 
4 1 20 (2048 1024 24 ) (2048 1024 64 ) (1024 1024 64 ) (1024 1024 24 ) 
4 1 14 (2048 1024 64 ) (2048 1024 208 ) (1024 1024 208 ) (1024 1024 64 ) 
4 1 12 (2048 1024 208 ) (2048 1024 251 ) (1024 1024 251 ) (1024 1024 208 ) 
4 1 9 (2048 1024 251 ) (2048 1024 272 ) (1024 1024 272 ) (1024 1024 251 ) 
4 1 8 (2048 1024 272 ) (2048 1024 2016 ) (1024 1024 2016 ) (1024 1024 272 ) 
4 1 2 (1024 1024 -992 ) (1024 1024 2016 ) (1024 2016 2016 ) (1024 2016 -992 ) 
4 2 74 (0 1024 -992 ) (0 1024 64 ) (0 1920 64 ) (0 1920 -992 ) 
4 2 70 (0 1920 64 ) (0 2016 64 ) (0 2016 -992 ) (0 1920 -992 ) 
4 2 67 (0 1024 64 ) (0 1024 176 ) (0 1920 176 ) (0 1920 64 ) 
4 2 64 (0 1024 176 ) (0 1024 191 ) (0 1920 191 ) (0 1920 176 ) 
4 2 61 (0 1024 191 ) (0 1024 213 ) (0 1920 213 ) (0 1920 191 ) 
4 2 58 (0 1024 213 ) (0 1024 216 ) (0 1920 216 ) (0 1920 213 ) 
4 2 56 (0 1024 216 ) (0 1024 221 ) (0 1920 221 ) (0 1920 216 ) 
4 2 55 (0 1024 221 ) (0 1024 2016 ) (0 1920 2016 ) (0 1920 221 ) 
4 2 51 (0 1920 2016 ) (0 2016 2016 ) (0 2016 64 ) (0 1920 64 ) 
4 2 45 (1024 1024 -992 ) (1024 1024 16 ) (0 1024 16 ) (0 1024 -992 ) 
4 2 41 (1024 1024 16 ) (1024 1024 24 ) (0 1024 24 ) (0 1024 16 ) 
4 2 39 (1024 1024 24 ) (1024 1024 64 ) (0 1024 64 ) (0 1024 24 ) 
4 2 33 (1024 1024 64 ) (1024 1024 208 ) (0 1024 208 ) (0 1024 64 ) 
4 2 31 (1024 1024 208 ) (1024 1024 251 ) (0 1024 251 ) (0 1024 208 ) 
4 2 28 (1024 1024 251 ) (1024 1024 272 ) (0 1024 272 ) (0 1024 251 ) 
4 2 27 (1024 1024 272 ) (1024 1024 2016 ) (0 1024 2016 ) (0 1024 272 ) 
4 3 7 (3040 0 2016 ) (2064 0 2016 ) (2064 0 -992 ) (3040 0 -992 ) 
4 3 5 (2064 0 272 ) (2064 0 2016 ) (2064 248 2016 ) (2064 248 272 ) 
4 3 6 (2064 248 -992 ) (2064 0 -992 ) (2064 0 16 ) (2064 248 16 ) 
4 3 4 (2064 1024 -992 ) (2064 248 -992 ) (2064 248 2016 ) (2064 1024 2016 ) 
4 4 26 (2048 1024 16 ) (2048 1024 -992 ) (2048 248 -992 ) (2048 248 16 ) 
4 4 22 (2048 1024 24 ) (2048 1024 16 ) (2048 248 16 ) (2048 248 24 ) 
4 4 21 (2048 249 24 ) (2048 248 24 ) (2048 248 32 ) (2048 249 32 ) 
4 4 20 (2048 1024 64 ) (2048 1024 24 ) (2048 249 24 ) (2048 249 64 ) 
4 4 14 (2048 1024 208 ) (2048 1024 64 ) (2048 259 64 ) (2048 259 208 ) 
4 4 12 (2048 1024 251 ) (2048 1024 208 ) (2048 254 208 ) (2048 254 251 ) 
4 4 9 (2048 1024 272 ) (2048 1024 251 ) (2048 248 251 ) (2048 248 272 ) 
4 4 8 (2048 1024 2016 ) (2048 1024 272 ) (2048 248 272 ) (2048 248 2016 ) 
4 4 5 (2064 248 272 ) (2064 248 2016 ) (2048 248 2016 ) (2048 248 272 ) 
4 4 6 (2048 248 -992 ) (2064 248 -992 ) (2064 248 16 ) (2048 248 16 ) 
4 5 8 (2048 0 272 ) (2048 0 2016 ) (2048 248 2016 ) (2048 248 272 ) 
4 5 7 (2064 0 2016 ) (2048 0 2016 ) (2048 0 272 ) (2064 0 272 ) 
4 6 26 (2048 248 -992 ) (2048 0 -992 ) (2048 0 16 ) (2048 248 16 ) 
4 6 7 (2048 0 16 ) (2048 0 -992 ) (2064 0 -992 ) (2064 0 16 ) 
4 7 48 (3040 -1024 2016 ) (2048 -1024 2016 ) (2048 -1024 -992 ) (3040 -1024 -992 ) 
4 7 46 (2048 -1024 -992 ) (2048 -1024 2016 ) (2048 0 2016 ) (2048 0 -992 ) 
4 8 46 (2048 0 272 ) (2048 0 2016 ) (1024 0 2016 ) (1024 0 272 ) 
4 8 27 (1024 1024 2016 ) (1024 1024 272 ) (1024 0 272 ) (1024 0 2016 ) 
4 8 11 (2048 0 272 ) (1024 0 272 ) (1024 24 272 ) (2048 24 272 ) 
4 8 9 (1024 230 272 ) (1024 1024 272 ) (2048 1024 272 ) (2048 230 272 ) 
4 9 28 (1024 1024 272 ) (1024 1024 251 ) (1024 230 251 ) (1024 230 272 ) 
4 9 12 (1024 254 251 ) (1024 1024 251 ) (2048 1024 251 ) (2048 254 251 ) 
5 10 29 (1024 207 251 ) (1024 47 251 ) (1024 83 263 ) (1024 127 268 ) (1024 171 263 ) 
4 10 13 (1024 47 251 ) (1024 207 251 ) (2048 207 251 ) (2048 47 251 ) 
4 11 46 (2048 0 251 ) (2048 0 272 ) (1024 0 272 ) (1024 0 251 ) 
4 11 30 (1024 24 251 ) (1024 0 251 ) (1024 0 272 ) (1024 24 272 ) 
4 12 31 (1024 1024 251 ) (1024 1024 208 ) (1024 254 208 ) (1024 254 251 ) 
4 12 14 (1024 259 208 ) (1024 1024 208 ) (2048 1024 208 ) (2048 259 208 ) 
6 13 32 (1024 243 208 ) (1024 11 208 ) (1024 20 231 ) (1024 47 251 ) (1024 207 251 ) (1024 234 231 ) 
4 13 16 (1024 11 208 ) (1024 96 208 ) (2048 96 208 ) (2048 11 208 ) 
4 13 15 (1024 96 208 ) (1024 243 208 ) (2048 243 208 ) (2048 96 208 ) 
4 14 33 (1024 1024 208 ) (1024 1024 64 ) (1024 259 64 ) (1024 259 208 ) 
4 14 20 (1024 259 64 ) (1024 1024 64 ) (2048 1024 64 ) (2048 259 64 ) 
4 15 34 (1024 243 64 ) (1024 96 64 ) (1024 96 208 ) (1024 243 208 ) 
4 15 23 (1024 96 64 ) (1024 112 64 ) (2048 112 64 ) (2048 96 64 ) 
4 15 18 (1024 144 64 ) (1024 201 64 ) (2048 201 64 ) (2048 144 64 ) 
4 15 17 (1024 201 64 ) (1024 243 64 ) (2048 243 64 ) (2048 201 64 ) 
4 15 19 (1024 112 64 ) (1024 144 64 ) (2048 144 64 ) (2048 112 64 ) 
4 15 16 (2048 96 80 ) (2048 96 208 ) (1024 96 208 ) (1024 96 80 ) 
4 16 35 (1024 11 80 ) (1024 11 208 ) (1024 96 208 ) (1024 96 80 ) 
4 17 36 (1024 201 24 ) (1024 201 64 ) (1024 243 64 ) (1024 225 32 ) 
4 17 18 (1024 201 24 ) (2048 201 24 ) (2048 201 64 ) (1024 201 64 ) 
4 18 37 (1024 201 24 ) (1024 144 24 ) (1024 144 64 ) (1024 201 64 ) 
4 18 19 (1024 144 24 ) (2048 144 24 ) (2048 144 64 ) (1024 144 64 ) 
4 19 38 (1024 144 24 ) (1024 112 32 ) (1024 112 64 ) (1024 144 64 ) 
4 19 23 (2048 112 32 ) (2048 112 64 ) (1024 112 64 ) (1024 112 32 ) 
4 20 39 (1024 1024 64 ) (1024 1024 24 ) (1024 249 24 ) (1024 249 64 ) 
4 20 22 (1024 249 24 ) (1024 1024 24 ) (2048 1024 24 ) (2048 249 24 ) 
4 20 21 (1024 249 24 ) (2048 249 24 ) (2048 249 32 ) (1024 249 32 ) 
4 21 40 (1024 249 24 ) (1024 225 24 ) (1024 225 32 ) (1024 249 32 ) 
4 21 22 (1024 225 24 ) (1024 249 24 ) (2048 249 24 ) (2048 225 24 ) 
4 22 41 (1024 1024 24 ) (1024 1024 16 ) (1024 225 16 ) (1024 225 24 ) 
4 22 26 (1024 225 16 ) (1024 1024 16 ) (2048 1024 16 ) (2048 225 16 ) 
3 23 42 (1024 96 64 ) (1024 112 64 ) (1024 112 32 ) 
4 24 43 (1024 112 16 ) (1024 88 16 ) (1024 88 32 ) (1024 112 32 ) 
4 24 26 (1024 88 16 ) (1024 112 16 ) (2048 112 16 ) (2048 88 16 ) 
4 24 25 (1024 88 16 ) (2048 88 16 ) (2048 88 32 ) (1024 88 32 ) 
4 25 46 (2048 0 16 ) (2048 0 64 ) (1024 0 64 ) (1024 0 16 ) 
4 25 44 (1024 88 16 ) (1024 0 16 ) (1024 0 64 ) (1024 88 64 ) 
4 25 26 (1024 0 16 ) (1024 88 16 ) (2048 88 16 ) (2048 0 16 ) 
4 26 46 (2048 0 -992 ) (2048 0 16 ) (1024 0 16 ) (1024 0 -992 ) 
4 26 45 (1024 1024 16 ) (1024 1024 -992 ) (1024 0 -992 ) (1024 0 16 ) 
4 27 109 (0 0 272 ) (0 0 2016 ) (0 243 2016 ) (0 243 272 ) 
4 27 86 (0 243 2016 ) (0 254 2016 ) (0 254 272 ) (0 243 272 ) 
4 27 83 (0 254 2016 ) (0 1024 2016 ) (0 1024 272 ) (0 254 272 ) 
4 27 47 (1024 0 272 ) (1024 0 2016 ) (0 0 2016 ) (0 0 272 ) 
4 27 30 (1024 24 272 ) (1024 0 272 ) (0 0 272 ) (0 24 272 ) 
4 27 28 (1024 1024 272 ) (1024 230 272 ) (0 230 272 ) (0 1024 272 ) 
4 28 110 (0 230 272 ) (0 243 272 ) (0 243 251 ) (0 230 251 ) 
4 28 86 (0 243 272 ) (0 254 272 ) (0 254 251 ) (0 243 251 ) 
4 28 83 (0 254 272 ) (0 1024 272 ) (0 1024 251 ) (0 254 251 ) 
4 28 31 (0 254 251 ) (0 1024 251 ) (1024 1024 251 ) (1024 254 251 ) 
5 29 111 (0 127 268 ) (0 171 263 ) (0 207 251 ) (0 47 251 ) (0 83 263 ) 
4 29 32 (0 47 251 ) (0 207 251 ) (1024 207 251 ) (1024 47 251 ) 
4 30 112 (0 0 251 ) (0 0 272 ) (0 24 272 ) (0 24 251 ) 
4 30 47 (1024 0 251 ) (1024 0 272 ) (0 0 272 ) (0 0 251 ) 
4 31 87 (0 1024 216 ) (0 1024 208 ) (0 254 208 ) (0 254 216 ) 
4 31 84 (0 1024 221 ) (0 1024 216 ) (0 254 216 ) (0 254 221 ) 
4 31 83 (0 254 251 ) (0 1024 251 ) (0 1024 221 ) (0 254 221 ) 
4 31 33 (1024 1024 208 ) (1024 259 208 ) (0 259 208 ) (0 1024 208 ) 
4 32 116 (0 239.869553 216 ) (0 243 208 ) (0 11 208 ) (0 14.130434 216 ) 
6 32 113 (0 47 251 ) (0 207 251 ) (0 234 231 ) (0 239.869553 216 ) (0 14.130434 216 ) (0 20 231 ) 
4 32 35 (1024 96 208 ) (1024 11 208 ) (0 11 208 ) (0 96 208 ) 
4 32 34 (1024 243 208 ) (1024 96 208 ) (0 96 208 ) (0 243 208 ) 
4 33 88 (0 259 208 ) (0 1024 208 ) (0 1024 64 ) (0 259 64 ) 
4 33 39 (1024 1024 64 ) (1024 259 64 ) (0 259 64 ) (0 1024 64 ) 
4 34 121 (0 233 64 ) (0 96 64 ) (0 96 80 ) (0 233 80 ) 
4 34 118 (0 243 80 ) (0 243 64 ) (0 233 64 ) (0 233 80 ) 
4 34 116 (0 96 208 ) (0 243 208 ) (0 243 115.200012 ) (0 96 115.200012 ) 
4 34 114 (0 243 115.200012 ) (0 243 80 ) (0 96 80 ) (0 96 115.200012 ) 
4 34 42 (1024 112 64 ) (1024 96 64 ) (0 96 64 ) (0 112 64 ) 
4 34 37 (1024 201 64 ) (1024 144 64 ) (0 144 64 ) (0 201 64 ) 
4 34 36 (1024 243 64 ) (1024 201 64 ) (0 201 64 ) (0 243 64 ) 
4 34 38 (1024 144 64 ) (1024 112 64 ) (0 112 64 ) (0 144 64 ) 
4 34 35 (1024 96 80 ) (1024 96 208 ) (0 96 208 ) (0 96 80 ) 
4 35 116 (0 11 208 ) (0 96 208 ) (0 96 115.200012 ) (0 11 115.200012 ) 
4 35 114 (0 96 115.200012 ) (0 96 80 ) (0 11 80 ) (0 11 115.200012 ) 
3 36 165 (0 225 32 ) (0 201 24 ) (0 201 32 ) 
4 36 155 (0 201 64 ) (0 225 64 ) (0 225 32 ) (0 201 32 ) 
4 36 142 (0 225 64 ) (0 233 64 ) (0 242.452652 63.026932 ) (0 225 32 ) 
3 36 130 (0 233 64 ) (0 243 64 ) (0 242.452652 63.026932 ) 
4 36 37 (0 201 24 ) (1024 201 24 ) (1024 201 64 ) (0 201 64 ) 
4 37 166 (0 201 32 ) (0 201 24 ) (0 144 24 ) (0 144 32 ) 
4 37 156 (0 144 64 ) (0 201 64 ) (0 201 32 ) (0 144 32 ) 
4 37 38 (0 144 24 ) (1024 144 24 ) (1024 144 64 ) (0 144 64 ) 
3 38 167 (0 144 32 ) (0 144 24 ) (0 112 32 ) 
4 38 157 (0 112 64 ) (0 144 64 ) (0 144 32 ) (0 112 32 ) 
4 38 42 (1024 112 32 ) (1024 112 64 ) (0 112 64 ) (0 112 32 ) 
5 39 151 (0 584 24 ) (0 249 24 ) (0 249 32 ) (0 543.856934 32 ) (0 584 27.867622 ) 
3 39 143 (0 249 32 ) (0 249 62.352943 ) (0 543.856934 32 ) 
3 39 135 (0 621.571167 24 ) (0 584 24 ) (0 584 27.867622 ) 
4 39 131 (0 249 64 ) (0 584 64 ) (0 584 27.867622 ) (0 249 62.352943 ) 
5 39 122 (0 584 64 ) (0 1024 64 ) (0 1024 24 ) (0 621.571167 24 ) (0 584 27.867622 ) 
4 39 41 (0 249 24 ) (0 1024 24 ) (1024 1024 24 ) (1024 249 24 ) 
4 39 40 (0 249 24 ) (1024 249 24 ) (1024 249 32 ) (0 249 32 ) 
4 40 151 (0 249 32 ) (0 249 24 ) (0 225 24 ) (0 225 32 ) 
4 40 41 (0 225 24 ) (0 249 24 ) (1024 249 24 ) (1024 225 24 ) 
4 41 151 (0 584 16 ) (0 225 16 ) (0 225 24 ) (0 584 24 ) 
4 41 135 (0 699.285400 16 ) (0 584 16 ) (0 584 24 ) (0 621.571167 24 ) 
4 41 122 (0 1024 24 ) (0 1024 16 ) (0 699.285400 16 ) (0 621.571167 24 ) 
4 41 45 (0 225 16 ) (0 1024 16 ) (1024 1024 16 ) (1024 225 16 ) 
3 42 157 (0 96 64 ) (0 112 64 ) (0 112 32 ) 
4 43 175 (0 112 24 ) (0 112 16 ) (0 88 16 ) (0 88 24 ) 
4 43 174 (0 112 32 ) (0 112 24 ) (0 88 24 ) (0 88 32 ) 
4 43 45 (0 88 16 ) (0 112 16 ) (1024 112 16 ) (1024 88 16 ) 
4 43 44 (0 88 16 ) (1024 88 16 ) (1024 88 32 ) (0 88 32 ) 
4 44 175 (0 0 16 ) (0 0 24 ) (0 88 24 ) (0 88 16 ) 
4 44 174 (0 0 24 ) (0 0 32 ) (0 88 32 ) (0 88 24 ) 
4 44 164 (0 0 32 ) (0 0 64 ) (0 88 64 ) (0 88 32 ) 
4 44 47 (1024 0 16 ) (1024 0 64 ) (0 0 64 ) (0 0 16 ) 
4 44 45 (1024 0 16 ) (0 0 16 ) (0 88 16 ) (1024 88 16 ) 
4 45 177 (0 0 -992 ) (0 0 16 ) (0 584 16 ) (0 584 -992 ) 
5 45 135 (0 584 16 ) (0 699.285400 16 ) (0 1024 -17.426525 ) (0 1024 -992 ) (0 584 -992 ) 
3 45 122 (0 699.285400 16 ) (0 1024 16 ) (0 1024 -17.426525 ) 
4 45 47 (1024 0 -992 ) (1024 0 16 ) (0 0 16 ) (0 0 -992 ) 
4 46 49 (2048 -1024 -992 ) (2048 -1024 2016 ) (1024 -1024 2016 ) (1024 -1024 -992 ) 
4 46 47 (1024 0 2016 ) (1024 0 -992 ) (1024 -1024 -992 ) (1024 -1024 2016 ) 
4 47 199 (0 -1024 -992 ) (0 -1024 2016 ) (0 0 2016 ) (0 0 -992 ) 
4 47 50 (1024 -1024 -992 ) (1024 -1024 2016 ) (0 -1024 2016 ) (0 -1024 -992 ) 
4 48 49 (2048 -1024 2016 ) (2048 -1024 -992 ) (2048 -2016 -992 ) (2048 -2016 2016 ) 
4 49 50 (1024 -1024 2016 ) (1024 -1024 -992 ) (1024 -2016 -992 ) (1024 -2016 2016 ) 
4 50 201 (0 -2016 2016 ) (0 -1024 2016 ) (0 -1024 -992 ) (0 -2016 -992 ) 
4 51 70 (0 2016 64 ) (0 1920 64 ) (-448 1920 64 ) (-448 2016 64 ) 
4 51 67 (-448 1920 64 ) (0 1920 64 ) (0 1920 176 ) (-448 1920 176 ) 
4 51 64 (0 1920 176 ) (0 1920 191 ) (-448 1920 191 ) (-448 1920 176 ) 
4 51 61 (0 1920 191 ) (0 1920 213 ) (-448 1920 213 ) (-448 1920 191 ) 
4 51 58 (0 1920 213 ) (0 1920 216 ) (-448 1920 216 ) (-448 1920 213 ) 
4 51 56 (0 1920 216 ) (0 1920 221 ) (-448 1920 221 ) (-448 1920 216 ) 
4 51 55 (0 1920 221 ) (0 1920 2016 ) (-448 1920 2016 ) (-448 1920 221 ) 
4 51 53 (-448 1920 221 ) (-448 1920 2016 ) (-448 1928 2016 ) (-448 1928 221 ) 
4 51 52 (-448 2016 2016 ) (-448 2016 64 ) (-448 1928 64 ) (-448 1928 2016 ) 
4 52 71 (-656 1928 64 ) (-656 2016 64 ) (-448 2016 64 ) (-448 1928 64 ) 
4 52 53 (-656 1928 2016 ) (-656 1928 221 ) (-448 1928 221 ) (-448 1928 2016 ) 
4 52 54 (-656 2016 2016 ) (-656 2016 64 ) (-656 1928 64 ) (-656 1928 2016 ) 
4 53 55 (-448 1920 221 ) (-448 1920 2016 ) (-656 1920 2016 ) (-656 1920 221 ) 
4 53 54 (-656 1920 221 ) (-656 1920 2016 ) (-656 1928 2016 ) (-656 1928 221 ) 
4 54 80 (-1024 2016 64 ) (-1024 1920 64 ) (-1024 1920 2016 ) (-1024 2016 2016 ) 
4 54 73 (-656 1920 64 ) (-1024 1920 64 ) (-1024 2016 64 ) (-656 2016 64 ) 
4 54 69 (-1024 1920 176 ) (-1024 1920 64 ) (-656 1920 64 ) (-656 1920 176 ) 
4 54 66 (-1024 1920 191 ) (-1024 1920 176 ) (-656 1920 176 ) (-656 1920 191 ) 
4 54 63 (-1024 1920 213 ) (-1024 1920 191 ) (-656 1920 191 ) (-656 1920 213 ) 
4 54 60 (-1024 1920 216 ) (-1024 1920 213 ) (-656 1920 213 ) (-656 1920 216 ) 
4 54 57 (-1024 1920 221 ) (-1024 1920 216 ) (-656 1920 216 ) (-656 1920 221 ) 
4 54 55 (-1024 1920 2016 ) (-1024 1920 221 ) (-656 1920 221 ) (-656 1920 2016 ) 
4 55 83 (0 1024 221 ) (0 1024 2016 ) (-1024 1024 2016 ) (-1024 1024 221 ) 
4 55 80 (-1024 1024 221 ) (-1024 1024 2016 ) (-1024 1920 2016 ) (-1024 1920 221 ) 
4 55 56 (-480 1920 221 ) (0 1920 221 ) (0 1024 221 ) (-480 1024 221 ) 
4 55 57 (-1024 1920 221 ) (-624 1920 221 ) (-624 1024 221 ) (-1024 1024 221 ) 
4 56 84 (0 1024 216 ) (0 1024 221 ) (-480 1024 221 ) (-480 1024 216 ) 
4 56 58 (0 1024 216 ) (-480 1024 216 ) (-480 1920 216 ) (0 1920 216 ) 
4 57 85 (-624 1024 221 ) (-1024 1024 221 ) (-1024 1024 216 ) (-624 1024 216 ) 
4 57 80 (-1024 1024 216 ) (-1024 1024 221 ) (-1024 1920 221 ) (-1024 1920 216 ) 
4 57 60 (-624 1024 216 ) (-1024 1024 216 ) (-1024 1920 216 ) (-624 1920 216 ) 
4 58 93 (-464 1024 216 ) (-480 1024 216 ) (-480 1024 213 ) (-464 1024 213 ) 
4 58 87 (0 1024 213 ) (0 1024 216 ) (-464 1024 216 ) (-464 1024 213 ) 
4 58 61 (-464 1920 213 ) (0 1920 213 ) (0 1024 213 ) (-464 1024 213 ) 
3 59 97 (-608 1024 214.401001 ) (-615 1024 213 ) (-608 1024 213 ) 
6 59 94 (-504 1024 216 ) (-600.010742 1024 216 ) (-608 1024 214.401001 ) (-608 1024 213 ) (-496 1024 213 ) (-496 1024 214.399994 ) 
3 59 91 (-496 1024 213 ) (-489 1024 213 ) (-496 1024 214.399994 ) 
4 59 62 (-615 1920 213 ) (-489 1920 213 ) (-489 1024 213 ) (-615 1024 213 ) 
4 60 104 (-640 1024 216 ) (-1024 1024 216 ) (-1024 1024 213 ) (-640 1024 213 ) 
4 60 100 (-615 1024 216 ) (-640 1024 216 ) (-640 1024 213 ) (-615 1024 213 ) 
4 60 80 (-1024 1024 213 ) (-1024 1024 216 ) (-1024 1920 216 ) (-1024 1920 213 ) 
4 60 63 (-1024 1920 213 ) (-640 1920 213 ) (-640 1024 213 ) (-1024 1024 213 ) 
4 61 90 (-461 1024 208 ) (-464 1024 208 ) (-464 1024 191 ) (-461 1024 191 ) 
4 61 89 (-448 1024 208 ) (-461 1024 208 ) (-461 1024 191 ) (-448 1024 191 ) 
4 61 88 (0 1024 191 ) (0 1024 208 ) (-448 1024 208 ) (-448 1024 191 ) 
4 61 87 (0 1024 208 ) (0 1024 213 ) (-464 1024 213 ) (-464 1024 208 ) 
4 61 64 (-461 1920 191 ) (0 1920 191 ) (0 1024 191 ) (-461 1024 191 ) 
5 62 97 (-608 1024 213 ) (-615 1024 213 ) (-628 1024 204 ) (-637 1024 191 ) (-608 1024 191 ) 
4 62 94 (-496 1024 213 ) (-608 1024 213 ) (-608 1024 191 ) (-496 1024 191 ) 
5 62 91 (-489 1024 213 ) (-496 1024 213 ) (-496 1024 191 ) (-467 1024 191 ) (-476 1024 204 ) 
4 62 65 (-637 1920 191 ) (-467 1920 191 ) (-467 1024 191 ) (-637 1024 191 ) 
4 63 107 (-1024 1024 208 ) (-1024 1024 191 ) (-656 1024 191 ) (-656 1024 208 ) 
4 63 105 (-643 1024 191 ) (-640 1024 191 ) (-640 1024 208 ) (-643 1024 208 ) 
4 63 106 (-656 1024 191 ) (-643 1024 191 ) (-643 1024 208 ) (-656 1024 208 ) 
4 63 104 (-640 1024 213 ) (-1024 1024 213 ) (-1024 1024 208 ) (-640 1024 208 ) 
4 63 80 (-1024 1024 191 ) (-1024 1024 213 ) (-1024 1920 213 ) (-1024 1920 191 ) 
4 63 66 (-1024 1920 191 ) (-643 1920 191 ) (-643 1024 191 ) (-1024 1024 191 ) 
4 64 89 (-448 1024 191 ) (-461 1024 191 ) (-461 1024 176 ) (-448 1024 176 ) 
4 64 88 (0 1024 176 ) (0 1024 191 ) (-448 1024 191 ) (-448 1024 176 ) 
4 64 67 (0 1024 176 ) (-448 1024 176 ) (-448 1920 176 ) (0 1920 176 ) 
4 65 97 (-608 1024 191 ) (-637 1024 191 ) (-640 1024 176 ) (-608 1024 176 ) 
4 65 94 (-496 1024 191 ) (-608 1024 191 ) (-608 1024 176 ) (-496 1024 176 ) 
4 65 91 (-467 1024 191 ) (-496 1024 191 ) (-496 1024 176 ) (-464 1024 176 ) 
4 65 68 (-464 1024 176 ) (-640 1024 176 ) (-640 1920 176 ) (-464 1920 176 ) 
4 66 107 (-656 1024 191 ) (-1024 1024 191 ) (-1024 1024 176 ) (-656 1024 176 ) 
4 66 106 (-643 1024 191 ) (-656 1024 191 ) (-656 1024 176 ) (-643 1024 176 ) 
4 66 80 (-1024 1024 176 ) (-1024 1024 191 ) (-1024 1920 191 ) (-1024 1920 176 ) 
4 66 69 (-656 1024 176 ) (-1024 1024 176 ) (-1024 1920 176 ) (-656 1920 176 ) 
4 67 88 (0 1024 64 ) (0 1024 176 ) (-448 1024 176 ) (-448 1024 64 ) 
4 67 74 (0 1920 64 ) (0 1024 64 ) (-448 1024 64 ) (-448 1920 64 ) 
4 68 97 (-608 1024 176 ) (-640 1024 176 ) (-640 1024 64 ) (-608 1024 64 ) 
4 68 94 (-496 1024 176 ) (-608 1024 176 ) (-608 1024 163 ) (-496 1024 163 ) 
4 68 96 (-608 1024 163 ) (-608 1024 64 ) (-496 1024 64 ) (-496 1024 163 ) 
4 68 91 (-464 1024 176 ) (-496 1024 176 ) (-496 1024 64 ) (-464 1024 64 ) 
4 68 76 (-464 1024 64 ) (-640 1024 64 ) (-640 1920 64 ) (-464 1920 64 ) 
4 69 108 (-1024 1024 80 ) (-1024 1024 64 ) (-656 1024 64 ) (-656 1024 80 ) 
4 69 107 (-656 1024 176 ) (-1024 1024 176 ) (-1024 1024 80 ) (-656 1024 80 ) 
4 69 80 (-1024 1024 64 ) (-1024 1024 176 ) (-1024 1920 176 ) (-1024 1920 64 ) 
4 69 78 (-656 1024 64 ) (-1024 1024 64 ) (-1024 1920 64 ) (-656 1920 64 ) 
4 70 74 (0 1920 -992 ) (0 1920 64 ) (-448 1920 64 ) (-448 1920 -992 ) 
4 70 72 (-448 1928 -992 ) (-448 1920 -992 ) (-448 1920 16 ) (-448 1928 16 ) 
4 70 71 (-448 2016 64 ) (-448 2016 -992 ) (-448 1928 -992 ) (-448 1928 64 ) 
4 71 72 (-656 1928 16 ) (-656 1928 -992 ) (-448 1928 -992 ) (-448 1928 16 ) 
4 71 73 (-656 2016 64 ) (-656 2016 -992 ) (-656 1928 -992 ) (-656 1928 64 ) 
4 72 79 (-656 1920 16 ) (-656 1920 -992 ) (-640 1920 -992 ) (-640 1920 16 ) 
4 72 77 (-640 1920 -992 ) (-464 1920 -992 ) (-464 1920 16 ) (-640 1920 16 ) 
4 72 75 (-464 1920 -992 ) (-448 1920 -992 ) (-448 1920 16 ) (-464 1920 16 ) 
4 72 73 (-656 1928 -992 ) (-656 1920 -992 ) (-656 1920 16 ) (-656 1928 16 ) 
4 73 80 (-1024 1920 -992 ) (-1024 1920 64 ) (-1024 2016 64 ) (-1024 2016 -992 ) 
4 73 79 (-1024 1920 16 ) (-1024 1920 -992 ) (-656 1920 -992 ) (-656 1920 16 ) 
4 73 78 (-656 1920 64 ) (-1024 1920 64 ) (-1024 1920 16 ) (-656 1920 16 ) 
4 74 135 (0 1024 -992 ) (0 1024 -17.426575 ) (-448 1024 -17.426521 ) (-448 1024 -992 ) 
4 74 122 (0 1024 -17.426575 ) (0 1024 64 ) (-448 1024 64 ) (-448 1024 -17.426521 ) 
4 74 75 (-448 1920 16 ) (-448 1920 -992 ) (-448 1024 -992 ) (-448 1024 16 ) 
4 75 136 (-464 1024 -17.426525 ) (-464 1024 -992 ) (-448 1024 -992 ) (-448 1024 -17.426514 ) 
4 75 123 (-464 1024 16 ) (-464 1024 -17.426525 ) (-448 1024 -17.426514 ) (-448 1024 16 ) 
4 75 77 (-464 1920 16 ) (-464 1920 -992 ) (-464 1024 -992 ) (-464 1024 16 ) 
4 76 124 (-464 1024 24 ) (-464 1024 64 ) (-640 1024 64 ) (-640 1024 24 ) 
4 77 139 (-464 1024 -992 ) (-464 1024 -17.426514 ) (-640 1024 -17.426525 ) (-640 1024 -992 ) 
4 77 127 (-464 1024 -17.426514 ) (-464 1024 16 ) (-640 1024 16 ) (-640 1024 -17.426525 ) 
4 77 79 (-640 1920 16 ) (-640 1920 -992 ) (-640 1024 -992 ) (-640 1024 16 ) 
4 78 129 (-656 1024 64 ) (-1024 1024 64 ) (-1024 1024 16 ) (-656 1024 16 ) 
4 78 80 (-1024 1024 16 ) (-1024 1024 64 ) (-1024 1920 64 ) (-1024 1920 16 ) 
4 78 79 (-1024 1920 16 ) (-656 1920 16 ) (-656 1024 16 ) (-1024 1024 16 ) 
4 79 141 (-640 1024 -992 ) (-640 1024 -17.426514 ) (-1024 1024 -17.426525 ) (-1024 1024 -992 ) 
4 79 128 (-640 1024 -17.426514 ) (-640 1024 16 ) (-656 1024 16 ) (-656 1024 -17.426514 ) 
4 79 129 (-656 1024 16 ) (-1024 1024 16 ) (-1024 1024 -17.426525 ) (-656 1024 -17.426514 ) 
4 79 80 (-1024 1024 -992 ) (-1024 1024 16 ) (-1024 1920 16 ) (-1024 1920 -992 ) 
4 80 198 (-1024 1024 -992 ) (-1024 1024 16 ) (-2048 1024 16 ) (-2048 1024 -992 ) 
4 80 197 (-1024 1024 16 ) (-1024 1024 32 ) (-2048 1024 32 ) (-2048 1024 16 ) 
4 80 191 (-1024 1024 32 ) (-1024 1024 64 ) (-2048 1024 64 ) (-2048 1024 32 ) 
4 80 185 (-1024 1024 64 ) (-1024 1024 80 ) (-2048 1024 80 ) (-2048 1024 64 ) 
4 80 184 (-1024 1024 80 ) (-1024 1024 208 ) (-2048 1024 208 ) (-2048 1024 80 ) 
4 80 182 (-1024 1024 208 ) (-1024 1024 251 ) (-2048 1024 251 ) (-2048 1024 208 ) 
4 80 179 (-1024 1024 251 ) (-1024 1024 272 ) (-2048 1024 272 ) (-2048 1024 251 ) 
4 80 178 (-1024 1024 272 ) (-1024 1024 2016 ) (-2048 1024 2016 ) (-2048 1024 272 ) 
4 80 81 (-2048 1024 -992 ) (-2048 1024 2016 ) (-2048 2016 2016 ) (-2048 2016 -992 ) 
4 81 223 (-2048 1024 -992 ) (-2048 1024 16 ) (-3072 1024 16 ) (-3072 1024 -992 ) 
4 81 222 (-2048 1024 16 ) (-2048 1024 32 ) (-3072 1024 32 ) (-3072 1024 16 ) 
4 81 216 (-2048 1024 32 ) (-2048 1024 64 ) (-3072 1024 64 ) (-3072 1024 32 ) 
4 81 210 (-2048 1024 64 ) (-2048 1024 80 ) (-3072 1024 80 ) (-3072 1024 64 ) 
4 81 209 (-2048 1024 80 ) (-2048 1024 208 ) (-3072 1024 208 ) (-3072 1024 80 ) 
4 81 207 (-2048 1024 208 ) (-2048 1024 251 ) (-3072 1024 251 ) (-3072 1024 208 ) 
4 81 204 (-2048 1024 251 ) (-2048 1024 272 ) (-3072 1024 272 ) (-3072 1024 251 ) 
4 81 203 (-2048 1024 272 ) (-2048 1024 2016 ) (-3072 1024 2016 ) (-3072 1024 272 ) 
4 81 82 (-3072 1024 -992 ) (-3072 1024 2016 ) (-3072 2016 2016 ) (-3072 2016 -992 ) 
4 82 246 (-3584 1024 2016 ) (-3592 1024 2016 ) (-3592 1024 -992 ) (-3584 1024 -992 ) 
4 82 249 (-3592 1024 2016 ) (-4064 1024 2016 ) (-4064 1024 -992 ) (-3592 1024 -992 ) 
4 82 245 (-3072 1024 -992 ) (-3072 1024 16 ) (-3584 1024 16 ) (-3584 1024 -992 ) 
4 82 243 (-3072 1024 16 ) (-3072 1024 32 ) (-3584 1024 32 ) (-3584 1024 16 ) 
4 82 238 (-3072 1024 32 ) (-3072 1024 64 ) (-3584 1024 64 ) (-3584 1024 32 ) 
4 82 232 (-3072 1024 64 ) (-3072 1024 80 ) (-3584 1024 80 ) (-3584 1024 64 ) 
4 82 231 (-3072 1024 80 ) (-3072 1024 208 ) (-3584 1024 208 ) (-3584 1024 80 ) 
4 82 229 (-3072 1024 208 ) (-3072 1024 251 ) (-3584 1024 251 ) (-3584 1024 208 ) 
4 82 226 (-3072 1024 251 ) (-3072 1024 272 ) (-3584 1024 272 ) (-3584 1024 251 ) 
4 82 225 (-3072 1024 272 ) (-3072 1024 2016 ) (-3584 1024 2016 ) (-3584 1024 272 ) 
4 83 182 (-1024 1024 251 ) (-1024 1024 221 ) (-1024 254 221 ) (-1024 254 251 ) 
4 83 179 (-1024 1024 272 ) (-1024 1024 251 ) (-1024 254 251 ) (-1024 254 272 ) 
4 83 178 (-1024 1024 2016 ) (-1024 1024 272 ) (-1024 254 272 ) (-1024 254 2016 ) 
4 83 86 (-1024 254 2016 ) (-1024 254 251 ) (0 254 251 ) (0 254 2016 ) 
4 83 84 (0 254 221 ) (-480 254 221 ) (-480 1024 221 ) (0 1024 221 ) 
4 83 85 (-624 254 221 ) (-1024 254 221 ) (-1024 1024 221 ) (-624 1024 221 ) 
4 84 93 (-480 1024 216 ) (-464 1024 216 ) (-464 254 216 ) (-480 254 216 ) 
4 84 87 (-464 1024 216 ) (0 1024 216 ) (0 254 216 ) (-464 254 216 ) 
4 85 182 (-1024 1024 221 ) (-1024 1024 216 ) (-1024 254 216 ) (-1024 254 221 ) 
4 85 104 (-1024 254 216 ) (-1024 1024 216 ) (-640 1024 216 ) (-640 254 216 ) 
4 85 100 (-640 1024 216 ) (-624 1024 216 ) (-624 254 216 ) (-640 254 216 ) 
4 86 179 (-1024 254 272 ) (-1024 254 251 ) (-1024 243 251 ) (-1024 243 272 ) 
4 86 178 (-1024 254 2016 ) (-1024 254 272 ) (-1024 243 272 ) (-1024 243 2016 ) 
4 86 110 (-1024 243 272 ) (-1024 243 251 ) (0 243 251 ) (0 243 272 ) 
4 86 109 (-1024 243 2016 ) (-1024 243 272 ) (0 243 272 ) (0 243 2016 ) 
4 87 93 (-464 254 216 ) (-464 1024 216 ) (-464 1024 213 ) (-464 254 213 ) 
4 87 90 (-464 254 208 ) (-464 1024 208 ) (-461 1024 208 ) (-461 254 208 ) 
4 87 89 (-461 1024 208 ) (-448 1024 208 ) (-448 254 208 ) (-461 254 208 ) 
4 87 88 (-448 1024 208 ) (0 1024 208 ) (0 259 208 ) (-448 259 208 ) 
4 88 131 (0 584 64 ) (0 259 64 ) (-448 259 64 ) (-448 584 64 ) 
4 88 122 (-448 1024 64 ) (0 1024 64 ) (0 584 64 ) (-448 584 64 ) 
4 88 89 (-448 259 176 ) (-448 259 208 ) (-448 1024 208 ) (-448 1024 176 ) 
4 89 116 (-448 243 204.800018 ) (-448 243 208 ) (-461 243 208 ) (-461 243 207.400009 ) 
4 89 114 (-448 243 176 ) (-448 243 204.800018 ) (-461 243 207.400009 ) (-461 243 176 ) 
4 89 90 (-461 243 191 ) (-461 243 208 ) (-461 1024 208 ) (-461 1024 191 ) 
3 90 116 (-461 243 208 ) (-464 243 208 ) (-461 243 207.400009 ) 
4 90 114 (-464 243 208 ) (-464 243 191 ) (-461 243 191 ) (-461 243 207.400009 ) 
4 91 124 (-496 1024 64 ) (-464 1024 64 ) (-464 762 64 ) (-496 762 64 ) 
4 91 94 (-496 762 163 ) (-496 762 214.400009 ) (-496 1024 214.400009 ) (-496 1024 163 ) 
4 91 96 (-496 1024 64 ) (-496 762 64 ) (-496 762 163 ) (-496 1024 163 ) 
4 92 132 (-464 584 64 ) (-464 254 64 ) (-496 254 64 ) (-496 584 64 ) 
4 92 126 (-464 736 64 ) (-464 584 64 ) (-496 584 64 ) (-496 736 64 ) 
5 92 103 (-496 254 64 ) (-464 254 64 ) (-464 254 176 ) (-467 254 191 ) (-496 254 191 ) 
5 92 102 (-467 254 191 ) (-476 254 204 ) (-481.777740 254 208 ) (-496 254 208 ) (-496 254 191 ) 
4 92 101 (-481.777740 254 208 ) (-489 254 213 ) (-496 254 214.400009 ) (-496 254 208 ) 
4 92 95 (-496 254 163 ) (-496 254 214.400009 ) (-496 736 214.400009 ) (-496 736 163 ) 
4 92 96 (-496 736 64 ) (-496 254 64 ) (-496 254 163 ) (-496 736 163 ) 
4 94 97 (-608 762 214.400986 ) (-608 1024 214.400986 ) (-608 1024 163 ) (-608 762 163 ) 
4 94 96 (-608 762 163 ) (-608 1024 163 ) (-496 1024 163 ) (-496 762 163 ) 
4 95 103 (-496 254 163 ) (-496 254 191 ) (-608 254 191 ) (-608 254 163 ) 
4 95 102 (-496 254 191 ) (-496 254 208 ) (-608 254 208 ) (-608 254 191 ) 
6 95 101 (-496 254 208 ) (-496 254 214.400009 ) (-504 254 216 ) (-600 254 216 ) (-608 254 214.400986 ) (-608 254 208 ) 
4 95 98 (-608 254 163 ) (-608 254 214.400986 ) (-608 736 214.400986 ) (-608 736 163 ) 
4 95 96 (-608 254 163 ) (-608 736 163 ) (-496 736 163 ) (-496 254 163 ) 
4 96 132 (-496 584 64 ) (-496 254 64 ) (-608 254 64 ) (-608 584 64 ) 
4 96 125 (-496 762 64 ) (-496 736 64 ) (-608 736 64 ) (-608 762 64 ) 
4 96 124 (-608 1024 64 ) (-496 1024 64 ) (-496 762 64 ) (-608 762 64 ) 
4 96 126 (-496 736 64 ) (-496 584 64 ) (-608 584 64 ) (-608 736 64 ) 
4 96 103 (-608 254 64 ) (-496 254 64 ) (-496 254 163 ) (-608 254 163 ) 
4 96 98 (-608 736 64 ) (-608 254 64 ) (-608 254 163 ) (-608 736 163 ) 
4 96 97 (-608 1024 64 ) (-608 762 64 ) (-608 762 163 ) (-608 1024 163 ) 
4 97 124 (-640 1024 64 ) (-608 1024 64 ) (-608 762 64 ) (-640 762 64 ) 
4 98 132 (-608 584 64 ) (-608 254 64 ) (-615 254 64 ) (-615 584 64 ) 
4 98 126 (-608 736 64 ) (-608 584 64 ) (-615 584 64 ) (-615 736 64 ) 
4 98 103 (-615 254 64 ) (-608 254 64 ) (-608 254 191 ) (-615 254 191 ) 
4 98 102 (-608 254 191 ) (-608 254 208 ) (-615 254 208 ) (-615 254 191 ) 
4 98 101 (-608 254 208 ) (-608 254 214.401001 ) (-615 254 213 ) (-615 254 208 ) 
4 98 99 (-615 736 213 ) (-615 736 64 ) (-615 254 64 ) (-615 254 213 ) 
4 99 132 (-615 254 64 ) (-640 254 64 ) (-640 584 64 ) (-615 584 64 ) 
4 99 126 (-640 584 64 ) (-640 736 64 ) (-615 736 64 ) (-615 584 64 ) 
5 99 103 (-640 254 176 ) (-640 254 64 ) (-615 254 64 ) (-615 254 191 ) (-637 254 191 ) 
5 99 102 (-615 254 191 ) (-615 254 208 ) (-622.222290 254 208 ) (-628 254 204 ) (-637 254 191 ) 
3 99 101 (-615 254 208 ) (-615 254 213 ) (-622 254 208 ) 
4 100 104 (-640 254 213 ) (-640 254 216 ) (-640 1024 216 ) (-640 1024 213 ) 
6 101 115 (-489 243 213 ) (-504 243 216 ) (-600 243 216 ) (-615 243 213 ) (-622 243 208 ) (-481.776978 243 208 ) 
4 101 102 (-622 254 208 ) (-481.776978 254 208 ) (-481.777008 243 208 ) (-622 243 208 ) 
6 102 114 (-476 243 204 ) (-481.775024 243 208 ) (-622.224854 243 208 ) (-628 243 204 ) (-637 243 191 ) (-467 243 191 ) 
4 102 103 (-637 254 191 ) (-467 254 191 ) (-467 243 191 ) (-637 243 191 ) 
4 103 132 (-464 254 64 ) (-464 243 64 ) (-640 243 64 ) (-640 254 64 ) 
4 103 119 (-640 243 64 ) (-464 243 64 ) (-464 243 80 ) (-640 243 80 ) 
6 103 114 (-464 243 80 ) (-464 243 176 ) (-467 243 191 ) (-637 243 191 ) (-640 243 176 ) (-640 243 80 ) 
4 104 182 (-1024 1024 216 ) (-1024 1024 208 ) (-1024 254 208 ) (-1024 254 216 ) 
4 104 107 (-1024 1024 208 ) (-656 1024 208 ) (-656 259 208 ) (-1024 259 208 ) 
4 104 105 (-643 1024 208 ) (-640 1024 208 ) (-640 254 208 ) (-643 254 208 ) 
4 104 106 (-656 1024 208 ) (-643 1024 208 ) (-643 254 208 ) (-656 254 208 ) 
3 105 117 (-640 243 208 ) (-643 243 208 ) (-643 243 207.400024 ) 
4 105 114 (-640 243 191 ) (-640 243 208 ) (-643 243 207.400024 ) (-643 243 191 ) 
4 105 106 (-643 243 191 ) (-643 243 208 ) (-643 1024 208 ) (-643 1024 191 ) 
4 106 117 (-643 243 208 ) (-656 243 208 ) (-656 243 204.800003 ) (-643 243 207.400024 ) 
4 106 114 (-656 243 204.800003 ) (-656 243 176 ) (-643 243 176 ) (-643 243 207.400024 ) 
4 106 107 (-656 259 208 ) (-656 1024 208 ) (-656 1024 176 ) (-656 259 176 ) 
4 107 184 (-1024 1024 208 ) (-1024 1024 80 ) (-1024 259 80 ) (-1024 259 208 ) 
4 107 108 (-1024 259 80 ) (-1024 1024 80 ) (-656 1024 80 ) (-656 259 80 ) 
4 108 185 (-1024 1024 80 ) (-1024 1024 64 ) (-1024 253 64 ) (-1024 253 80 ) 
4 108 134 (-1024 253 64 ) (-1024 584 64 ) (-656 584 64 ) (-656 253 64 ) 
4 108 129 (-1024 584 64 ) (-1024 1024 64 ) (-656 1024 64 ) (-656 584 64 ) 
4 109 199 (0 0 272 ) (0 0 2016 ) (-1024 0 2016 ) (-1024 0 272 ) 
4 109 178 (-1024 0 272 ) (-1024 0 2016 ) (-1024 243 2016 ) (-1024 243 272 ) 
4 109 110 (-1024 230 272 ) (-1024 243 272 ) (0 243 272 ) (0 230 272 ) 
4 109 112 (-1024 0 272 ) (-1024 24 272 ) (0 24 272 ) (0 0 272 ) 
4 110 179 (-1024 230 272 ) (-1024 243 272 ) (-1024 243 251 ) (-1024 230 251 ) 
5 111 180 (-1024 127 268 ) (-1024 171 263 ) (-1024 207 251 ) (-1024 47 251 ) (-1024 83 263 ) 
4 111 113 (-1024 47 251 ) (-1024 207 251 ) (0 207 251 ) (0 47 251 ) 
4 112 199 (0 0 251 ) (0 0 272 ) (-1024 0 272 ) (-1024 0 251 ) 
4 112 181 (-1024 0 251 ) (-1024 0 272 ) (-1024 24 272 ) (-1024 24 251 ) 
6 113 183 (-1024 20 231 ) (-1024 47 251 ) (-1024 207 251 ) (-1024 234 231 ) (-1024 239.869568 216 ) (-1024 14.130432 216 ) 
4 113 117 (-1024 14.130429 216 ) (-1024 239.869568 216 ) (-600 239.869568 216 ) (-600 14.130430 216 ) 
4 113 116 (-504 239.869568 216 ) (0 239.869568 216 ) (0 14.130432 216 ) (-504 14.130430 216 ) 
4 113 114 (-600 239.869568 216 ) (-504 239.869568 216 ) (-504 14.130430 216 ) (-600 14.130430 216 ) 
4 114 187 (-1024 96 80 ) (-1024 11 80 ) (-1024 11 131.200012 ) (-1024 96 131.200012 ) 
4 114 186 (-1024 243 131.200012 ) (-1024 243 80 ) (-1024 96 80 ) (-1024 96 131.200012 ) 
4 114 121 (-1024 96 80 ) (-1024 233 80 ) (0 233 80 ) (0 96 80 ) 
4 114 120 (-1008 243 80 ) (-656 243 80 ) (-656 233 80 ) (-1008 233 80 ) 
4 114 119 (-640 243 80 ) (-464 243 80 ) (-464 233 80 ) (-640 233 80 ) 
4 114 118 (-448 243 80 ) (0 243 80 ) (0 233 80 ) (-448 233 80 ) 
6 114 117 (-1024 11 131.200775 ) (-640.003906 11 208 ) (-600.003906 14.130432 216 ) (-600.003906 239.871994 216 ) (-640.004028 243 208 ) (-1024 243 131.200775 ) 
6 114 116 (-503.997559 239.871994 216 ) (-503.997559 14.130432 216 ) (-463.997620 11 208 ) (0 11 115.200485 ) (0 243 115.200485 ) (-463.997467 243 208 ) 
6 114 115 (-614.995483 241.043808 213.003235 ) (-600.011719 239.872070 216 ) (-504.022461 239.871719 216 ) (-488.990845 241.047195 212.993683 ) (-481.776093 243 208 ) (-622 243 208 ) 
4 117 187 (-1024 96 131.200012 ) (-1024 11 131.200012 ) (-1024 11 208 ) (-1024 96 208 ) 
4 117 186 (-1024 243 208 ) (-1024 243 131.200012 ) (-1024 96 131.200012 ) (-1024 96 208 ) 
4 117 183 (-1024 14.130432 216 ) (-1024 239.869568 216 ) (-1024 243 208 ) (-1024 11 208 ) 
4 118 130 (-448 243 64 ) (0 243 64 ) (0 233 64 ) (-448 233 64 ) 
4 118 121 (-448 233 64 ) (0 233 64 ) (0 233 80 ) (-448 233 80 ) 
4 119 132 (-640 243 64 ) (-464 243 64 ) (-464 233 64 ) (-640 233 64 ) 
4 119 121 (-640 233 64 ) (-464 233 64 ) (-464 233 80 ) (-640 233 80 ) 
4 120 133 (-1008 243 64 ) (-656 243 64 ) (-656 233 64 ) (-1008 233 64 ) 
4 120 121 (-1008 233 64 ) (-656 233 64 ) (-656 233 80 ) (-1008 233 80 ) 
4 121 186 (-1024 96 80 ) (-1024 233 80 ) (-1024 233 64 ) (-1024 96 64 ) 
4 121 163 (-1024 96 64 ) (-1024 144 64 ) (-640 144 64 ) (-640 96 64 ) 
4 121 162 (-1024 144 64 ) (-1024 201 64 ) (-640 201 64 ) (-640 144 64 ) 
4 121 161 (-1024 201 64 ) (-1024 225 64 ) (-640 225 64 ) (-640 201 64 ) 
4 121 160 (-464 144 64 ) (-464 96 64 ) (-640 96 64 ) (-640 144 64 ) 
4 121 159 (-464 201 64 ) (-464 144 64 ) (-640 144 64 ) (-640 201 64 ) 
4 121 158 (-640 225 64 ) (-464 225 64 ) (-464 201 64 ) (-640 201 64 ) 
4 121 156 (0 201 64 ) (0 144 64 ) (-464 144 64 ) (-464 201 64 ) 
4 121 155 (-464 225 64 ) (0 225 64 ) (0 201 64 ) (-464 201 64 ) 
4 121 157 (0 144 64 ) (0 96 64 ) (-464 96 64 ) (-464 144 64 ) 
4 121 149 (-1024 225 64 ) (-1024 233 64 ) (-1008 233 64 ) (-1008 225 64 ) 
4 121 148 (-1008 233 64 ) (-656 233 64 ) (-656 225 64 ) (-1008 225 64 ) 
4 121 147 (-656 233 64 ) (-640 233 64 ) (-640 225 64 ) (-656 225 64 ) 
4 121 146 (-640 233 64 ) (-464 233 64 ) (-464 225 64 ) (-640 225 64 ) 
4 121 144 (-464 233 64 ) (-448 233 64 ) (-448 225 64 ) (-464 225 64 ) 
4 121 142 (-448 233 64 ) (0 233 64 ) (0 225 64 ) (-448 225 64 ) 
4 122 135 (-448 1024 -17.426933 ) (0 1024 -17.426941 ) (0 584 27.867214 ) (-448 584 27.867218 ) 
4 122 131 (-448 584 27.867214 ) (0 584 27.867188 ) (0 584 64 ) (-448 584 64 ) 
3 122 123 (-448 1024 -17.430664 ) (-448 699.243774 16 ) (-448 1024 16 ) 
4 123 136 (-464 1024 -17.426933 ) (-448 1024 -17.426933 ) (-448 699.281494 16 ) (-464 699.281494 16 ) 
3 123 127 (-464 1024 -17.430664 ) (-464 699.243774 16 ) (-464 1024 16 ) 
4 124 125 (-608 762 24 ) (-496 762 24 ) (-496 762 64 ) (-608 762 64 ) 
4 125 126 (-608 736 24 ) (-496 736 24 ) (-496 736 64 ) (-608 736 64 ) 
4 126 138 (-464 616 24.573101 ) (-464 584 27.867218 ) (-640 584 27.867220 ) (-640 616 24.573101 ) 
4 126 137 (-464 621.567261 24 ) (-464 616 24.573101 ) (-640 616 24.573101 ) (-640 621.567261 24 ) 
4 126 132 (-640 584 27.867226 ) (-464 584 27.867214 ) (-464 584 64 ) (-640 584 64 ) 
4 127 139 (-640 1024 -17.426931 ) (-464 1024 -17.426933 ) (-464 699.281494 16 ) (-640 699.281494 16 ) 
3 127 128 (-640 1024 -17.430664 ) (-640 699.243774 16 ) (-640 1024 16 ) 
4 128 141 (-656 1024 -17.426931 ) (-640 1024 -17.426931 ) (-640 699.281494 16 ) (-656 699.281494 16 ) 
3 128 129 (-656 1024 -17.430664 ) (-656 699.243774 16 ) (-656 1024 16 ) 
3 129 198 (-1024 1024 16 ) (-1024 1024 -17.426529 ) (-1024 699.285400 16 ) 
5 129 197 (-1024 1024 32 ) (-1024 1024 16 ) (-1024 699.285400 16 ) (-1024 584 27.867622 ) (-1024 584 32 ) 
4 129 191 (-1024 584 64 ) (-1024 1024 64 ) (-1024 1024 32 ) (-1024 584 32 ) 
4 129 141 (-1024 699.281494 16 ) (-1024 1024 -17.426926 ) (-656 1024 -17.426931 ) (-656 699.281494 16 ) 
4 129 140 (-1024 584 27.867222 ) (-1024 699.281494 16 ) (-656 699.281494 16 ) (-656 584 27.867220 ) 
4 129 134 (-1024 584 27.867249 ) (-656 584 27.867226 ) (-656 584 64 ) (-1024 584 64 ) 
4 130 142 (0 232.996094 64 ) (-448 232.996094 64 ) (-448 242.452438 63.026550 ) (0 242.452454 63.026550 ) 
4 131 151 (-448 543.853027 32 ) (-448 584 27.867218 ) (0 584 27.867214 ) (0 543.852966 32 ) 
4 131 143 (-448 249 62.352535 ) (-448 543.853027 32 ) (0 543.852966 32 ) (0 249 62.352539 ) 
4 132 152 (-640 543.853027 32 ) (-640 584 27.867220 ) (-464 584 27.867218 ) (-464 543.853027 32 ) 
4 132 145 (-464 232.996094 64 ) (-640 232.996094 64 ) (-640 543.853027 32 ) (-464 543.853027 32 ) 
4 133 148 (-656 232.996094 64 ) (-1008 232.996094 64 ) (-1008 242.452438 63.026550 ) (-656 242.452454 63.026550 ) 
3 134 197 (-1024 584 32 ) (-1024 584 27.867622 ) (-1024 543.856934 32 ) 
5 134 191 (-1024 249 64 ) (-1024 584 64 ) (-1024 584 32 ) (-1024 543.856934 32 ) (-1024 249 62.352940 ) 
4 134 154 (-1024 543.853027 32 ) (-1024 584 27.867222 ) (-656 584 27.867220 ) (-656 543.853027 32 ) 
4 134 150 (-1024 249 62.352535 ) (-1024 543.853027 32 ) (-656 543.853027 32 ) (-656 249 62.352539 ) 
4 135 177 (0 584 -992 ) (0 584 16 ) (-448 584 16 ) (-448 584 -992 ) 
4 135 151 (0 584 16 ) (0 584 27.867188 ) (-448 584 27.867214 ) (-448 584 16 ) 
5 135 136 (-448 1024 -992 ) (-448 584 -992 ) (-448 584 16 ) (-448 699.286499 16 ) (-448 1024 -17.426407 ) 
4 136 177 (-464 584 16 ) (-464 584 -992 ) (-448 584 -992 ) (-448 584 16 ) 
5 136 139 (-464 584 -992 ) (-464 584 16 ) (-464 699.243408 16 ) (-464 1024 -17.430782 ) (-464 1024 -992 ) 
4 137 138 (-640 616 24.574219 ) (-640 616 24 ) (-464 616 24 ) (-464 616 24.573503 ) 
4 138 152 (-464 584 24 ) (-464 584 27.867214 ) (-640 584 27.867226 ) (-640 584 24 ) 
4 139 177 (-464 584 -992 ) (-464 584 16 ) (-640 584 16 ) (-640 584 -992 ) 
5 139 141 (-640 584 -992 ) (-640 584 16 ) (-640 699.243408 16 ) (-640 1024 -17.430779 ) (-640 1024 -992 ) 
3 140 197 (-1024 584 16 ) (-1024 584 27.867622 ) (-1024 699.285400 16 ) 
4 140 154 (-656 584 27.867226 ) (-1024 584 27.867249 ) (-1024 584 16 ) (-656 584 16 ) 
4 140 141 (-1024 699.285156 16 ) (-656 699.285156 16 ) (-656 584 16 ) (-1024 584 16 ) 
5 141 198 (-1024 584 -992 ) (-1024 584 16 ) (-1024 699.285400 16 ) (-1024 1024 -17.426529 ) (-1024 1024 -992 ) 
4 141 177 (-640 584 -992 ) (-640 584 16 ) (-1024 584 16 ) (-1024 584 -992 ) 
4 142 155 (0 225 32 ) (0 225 64 ) (-448 225 64 ) (-448 225 32 ) 
3 142 144 (-448 225 32 ) (-448 225 64 ) (-448 233 64 ) 
4 143 151 (-448 249 32 ) (-448 543.856995 32 ) (0 543.856995 32 ) (0 249 32 ) 
4 144 155 (-448 225 64 ) (-464 225 64 ) (-464 225 32 ) (-448 225 32 ) 
3 144 146 (-464 225 32 ) (-464 225 64 ) (-464 233 64 ) 
4 145 152 (-640 233 32 ) (-640 543.856995 32 ) (-464 543.856995 32 ) (-464 233 32 ) 
4 145 146 (-640 233 64 ) (-640 233 32 ) (-464 233 32 ) (-464 233 64 ) 
4 146 158 (-464 225 64 ) (-640 225 64 ) (-640 225 32 ) (-464 225 32 ) 
4 146 153 (-464 225 32 ) (-640 225 32 ) (-640 233 32 ) (-464 233 32 ) 
3 146 147 (-640 225 32 ) (-640 225 64 ) (-640 233 64 ) 
4 147 161 (-640 225 64 ) (-656 225 64 ) (-656 225 32 ) (-640 225 32 ) 
3 147 148 (-656 225 32 ) (-656 225 64 ) (-656 233 64 ) 
4 148 161 (-656 225 64 ) (-1008 225 64 ) (-1008 225 32 ) (-656 225 32 ) 
3 148 149 (-1008 225 32 ) (-1008 225 64 ) (-1008 233 64 ) 
3 149 188 (-1024 225 64 ) (-1024 233 64 ) (-1024 225 32 ) 
4 149 161 (-1008 225 64 ) (-1024 225 64 ) (-1024 225 32 ) (-1008 225 32 ) 
3 150 191 (-1024 249 62.352943 ) (-1024 543.856934 32 ) (-1024 249 32 ) 
4 150 154 (-1024 249 32 ) (-1024 543.856995 32 ) (-656 543.856995 32 ) (-656 249 32 ) 
4 151 177 (-448 584 16 ) (0 584 16 ) (0 225 16 ) (-448 225 16 ) 
4 152 153 (-640 233 32 ) (-640 233 24 ) (-464 233 24 ) (-464 233 32 ) 
4 153 176 (-464 225 24 ) (-464 225 32 ) (-640 225 32 ) (-640 225 24 ) 
5 154 197 (-1024 543.856934 32 ) (-1024 584 27.867622 ) (-1024 584 16 ) (-1024 225 16 ) (-1024 225 32 ) 
4 154 177 (-1024 225 16 ) (-1024 584 16 ) (-656 584 16 ) (-656 225 16 ) 
4 155 165 (-464 224.996094 32 ) (0 224.996094 32 ) (0 201 32 ) (-464 201 32 ) 
4 155 158 (-464 225 64 ) (-464 225 32 ) (-464 201 32 ) (-464 201 64 ) 
4 155 156 (-464 201 64 ) (-464 201 32 ) (0 201 32 ) (0 201 64 ) 
4 156 166 (0 201 32 ) (0 144 32 ) (-464 144 32 ) (-464 201 32 ) 
4 156 159 (-464 201 32 ) (-464 144 32 ) (-464 144 64 ) (-464 201 64 ) 
4 156 157 (-464 144 64 ) (-464 144 32 ) (0 144 32 ) (0 144 64 ) 
4 157 167 (0 144 32 ) (0 112 32 ) (-464 112 32 ) (-464 144 32 ) 
4 157 160 (-464 144 32 ) (-464 112 32 ) (-464 96 64 ) (-464 144 64 ) 
4 158 168 (-640 224.996094 32 ) (-464 224.996094 32 ) (-464 201 32 ) (-640 201 32 ) 
4 158 161 (-640 225 64 ) (-640 225 32 ) (-640 201 32 ) (-640 201 64 ) 
4 158 159 (-640 201 64 ) (-640 201 32 ) (-464 201 32 ) (-464 201 64 ) 
4 159 169 (-464 201 32 ) (-464 144 32 ) (-640 144 32 ) (-640 201 32 ) 
4 159 162 (-640 201 32 ) (-640 144 32 ) (-640 144 64 ) (-640 201 64 ) 
4 159 160 (-640 144 64 ) (-640 144 32 ) (-464 144 32 ) (-464 144 64 ) 
4 160 170 (-464 144 32 ) (-464 112 32 ) (-640 112 32 ) (-640 144 32 ) 
4 160 163 (-640 144 32 ) (-640 112 32 ) (-640 96 64 ) (-640 144 64 ) 
4 161 188 (-1024 201 64 ) (-1024 225 64 ) (-1024 225 32 ) (-1024 201 32 ) 
4 161 171 (-1024 201 32 ) (-1024 224.996094 32 ) (-640 224.996094 32 ) (-640 201 32 ) 
4 161 162 (-1024 201 32 ) (-640 201 32 ) (-640 201 64 ) (-1024 201 64 ) 
4 162 189 (-1024 144 64 ) (-1024 201 64 ) (-1024 201 32 ) (-1024 144 32 ) 
4 162 172 (-1024 144 32 ) (-1024 201 32 ) (-640 201 32 ) (-640 144 32 ) 
4 162 163 (-1024 144 32 ) (-640 144 32 ) (-640 144 64 ) (-1024 144 64 ) 
4 163 190 (-1024 96 64 ) (-1024 144 64 ) (-1024 144 32 ) (-1024 112 32 ) 
4 163 173 (-1024 112 32 ) (-1024 144 32 ) (-640 144 32 ) (-640 112 32 ) 
4 164 199 (0 0 32 ) (0 0 64 ) (-1024 0 64 ) (-1024 0 32 ) 
4 164 192 (-1024 0 32 ) (-1024 0 64 ) (-1024 88 64 ) (-1024 88 32 ) 
4 164 174 (-1024 0 32 ) (-1024 88 32 ) (0 88 32 ) (0 0 32 ) 
3 165 168 (-464 201 24 ) (-464 201 32 ) (-464 225 32 ) 
4 165 166 (-464 201 32 ) (-464 201 24 ) (0 201 24 ) (0 201 32 ) 
4 166 169 (-464 201 24 ) (-464 144 24 ) (-464 144 32 ) (-464 201 32 ) 
4 166 167 (-464 144 32 ) (-464 144 24 ) (0 144 24 ) (0 144 32 ) 
3 167 170 (-464 144 24 ) (-464 112 32 ) (-464 144 32 ) 
4 168 176 (-640 225 32.001953 ) (-464 225 32.001953 ) (-464 200.994629 24 ) (-640 200.994629 24 ) 
3 168 171 (-640 201 24 ) (-640 201 32 ) (-640 225 32 ) 
4 168 169 (-640 201 32 ) (-640 201 24 ) (-464 201 24 ) (-464 201 32 ) 
4 169 172 (-640 201 24 ) (-640 144 24 ) (-640 144 32 ) (-640 201 32 ) 
4 169 170 (-640 144 32 ) (-640 144 24 ) (-464 144 24 ) (-464 144 32 ) 
3 170 173 (-640 144 24 ) (-640 112 32 ) (-640 144 32 ) 
3 171 193 (-1024 201 32 ) (-1024 225 32 ) (-1024 201 24 ) 
4 171 172 (-1024 201 24 ) (-640 201 24 ) (-640 201 32 ) (-1024 201 32 ) 
4 172 194 (-1024 144 32 ) (-1024 201 32 ) (-1024 201 24 ) (-1024 144 24 ) 
4 172 173 (-1024 144 24 ) (-640 144 24 ) (-640 144 32 ) (-1024 144 32 ) 
3 173 195 (-1024 112 32 ) (-1024 144 32 ) (-1024 144 24 ) 
4 174 199 (0 0 24 ) (0 0 32 ) (-1024 0 32 ) (-1024 0 24 ) 
4 174 196 (-1024 0 24 ) (-1024 0 32 ) (-1024 112 32 ) (-1024 112 24 ) 
4 174 175 (0 0 24 ) (-1024 0 24 ) (-1024 112 24 ) (0 112 24 ) 
4 175 199 (0 0 16 ) (0 0 24 ) (-1024 0 24 ) (-1024 0 16 ) 
4 175 196 (-1024 0 16 ) (-1024 0 24 ) (-1024 112 24 ) (-1024 112 16 ) 
4 175 177 (-1024 0 16 ) (-1024 112 16 ) (0 112 16 ) (0 0 16 ) 
4 177 199 (0 0 -992 ) (0 0 16 ) (-1024 0 16 ) (-1024 0 -992 ) 
4 177 198 (-1024 0 -992 ) (-1024 0 16 ) (-1024 584 16 ) (-1024 584 -992 ) 
4 178 203 (-2048 1024 2016 ) (-2048 1024 272 ) (-2048 0 272 ) (-2048 0 2016 ) 
4 178 200 (-2048 0 2016 ) (-2048 0 272 ) (-1024 0 272 ) (-1024 0 2016 ) 
4 178 181 (-1024 24 272 ) (-1024 0 272 ) (-2048 0 272 ) (-2048 24 272 ) 
4 178 179 (-1024 1024 272 ) (-1024 230 272 ) (-2048 230 272 ) (-2048 1024 272 ) 
4 179 204 (-2048 1024 272 ) (-2048 1024 251 ) (-2048 230 251 ) (-2048 230 272 ) 
4 179 182 (-2048 254 251 ) (-2048 1024 251 ) (-1024 1024 251 ) (-1024 254 251 ) 
5 180 205 (-2048 207 251 ) (-2048 47 251 ) (-2048 83 263 ) (-2048 127 268 ) (-2048 171 263 ) 
4 180 183 (-2048 47 251 ) (-2048 207 251 ) (-1024 207 251 ) (-1024 47 251 ) 
4 181 206 (-2048 24 251 ) (-2048 0 251 ) (-2048 0 272 ) (-2048 24 272 ) 
4 181 200 (-2048 0 272 ) (-2048 0 251 ) (-1024 0 251 ) (-1024 0 272 ) 
4 182 207 (-2048 1024 251 ) (-2048 1024 208 ) (-2048 254 208 ) (-2048 254 251 ) 
4 182 184 (-1024 1024 208 ) (-1024 259 208 ) (-2048 259 208 ) (-2048 1024 208 ) 
6 183 208 (-2048 243 208 ) (-2048 11 208 ) (-2048 20 231 ) (-2048 47 251 ) (-2048 207 251 ) (-2048 234 231 ) 
4 183 187 (-1024 96 208 ) (-1024 11 208 ) (-2048 11 208 ) (-2048 96 208 ) 
4 183 186 (-1024 243 208 ) (-1024 96 208 ) (-2048 96 208 ) (-2048 243 208 ) 
4 184 209 (-2048 1024 208 ) (-2048 1024 80 ) (-2048 259 80 ) (-2048 259 208 ) 
4 184 185 (-2048 259 80 ) (-2048 1024 80 ) (-1024 1024 80 ) (-1024 259 80 ) 
4 185 210 (-2048 1024 80 ) (-2048 1024 64 ) (-2048 253 64 ) (-2048 253 80 ) 
4 185 191 (-1024 1024 64 ) (-1024 253 64 ) (-2048 253 64 ) (-2048 1024 64 ) 
4 186 211 (-2048 243 64 ) (-2048 96 64 ) (-2048 96 208 ) (-2048 243 208 ) 
4 186 190 (-1024 144 64 ) (-1024 96 64 ) (-2048 96 64 ) (-2048 144 64 ) 
4 186 189 (-1024 201 64 ) (-1024 144 64 ) (-2048 144 64 ) (-2048 201 64 ) 
4 186 188 (-1024 243 64 ) (-1024 201 64 ) (-2048 201 64 ) (-2048 243 64 ) 
4 186 187 (-1024 96 80 ) (-1024 96 208 ) (-2048 96 208 ) (-2048 96 80 ) 
4 187 212 (-2048 11 80 ) (-2048 11 208 ) (-2048 96 208 ) (-2048 96 80 ) 
4 188 213 (-2048 225 32 ) (-2048 201 32 ) (-2048 201 64 ) (-2048 243 64 ) 
4 188 193 (-2048 201 32 ) (-2048 225 32 ) (-1024 225 32 ) (-1024 201 32 ) 
4 188 189 (-2048 201 32 ) (-1024 201 32 ) (-1024 201 64 ) (-2048 201 64 ) 
4 189 214 (-2048 201 32 ) (-2048 144 32 ) (-2048 144 64 ) (-2048 201 64 ) 
4 189 194 (-2048 144 32 ) (-2048 201 32 ) (-1024 201 32 ) (-1024 144 32 ) 
4 189 190 (-2048 144 32 ) (-1024 144 32 ) (-1024 144 64 ) (-2048 144 64 ) 
4 190 215 (-2048 144 32 ) (-2048 112 32 ) (-2048 96 64 ) (-2048 144 64 ) 
4 190 195 (-2048 112 32 ) (-2048 144 32 ) (-1024 144 32 ) (-1024 112 32 ) 
4 191 216 (-2048 1024 64 ) (-2048 1024 32 ) (-2048 249 32 ) (-2048 249 64 ) 
4 191 197 (-2048 249 32 ) (-2048 1024 32 ) (-1024 1024 32 ) (-1024 249 32 ) 
4 192 217 (-2048 88 32 ) (-2048 0 32 ) (-2048 0 64 ) (-2048 88 64 ) 
4 192 200 (-2048 0 64 ) (-2048 0 32 ) (-1024 0 32 ) (-1024 0 64 ) 
4 192 196 (-1024 0 32 ) (-2048 0 32 ) (-2048 88 32 ) (-1024 88 32 ) 
3 193 218 (-2048 201 32 ) (-2048 225 32 ) (-2048 201 24 ) 
4 193 194 (-2048 201 24 ) (-1024 201 24 ) (-1024 201 32 ) (-2048 201 32 ) 
4 194 219 (-2048 144 24 ) (-2048 144 32 ) (-2048 201 32 ) (-2048 201 24 ) 
4 194 195 (-2048 144 24 ) (-1024 144 24 ) (-1024 144 32 ) (-2048 144 32 ) 
3 195 220 (-2048 144 24 ) (-2048 112 32 ) (-2048 144 32 ) 
4 196 221 (-2048 112 16 ) (-2048 0 16 ) (-2048 0 32 ) (-2048 112 32 ) 
4 196 200 (-2048 0 32 ) (-2048 0 16 ) (-1024 0 16 ) (-1024 0 32 ) 
4 196 198 (-1024 112 16 ) (-1024 0 16 ) (-2048 0 16 ) (-2048 112 16 ) 
4 197 222 (-2048 1024 32 ) (-2048 1024 16 ) (-2048 225 16 ) (-2048 225 32 ) 
4 197 198 (-1024 1024 16 ) (-1024 225 16 ) (-2048 225 16 ) (-2048 1024 16 ) 
4 198 223 (-2048 1024 16 ) (-2048 1024 -992 ) (-2048 0 -992 ) (-2048 0 16 ) 
4 198 200 (-2048 0 16 ) (-2048 0 -992 ) (-1024 0 -992 ) (-1024 0 16 ) 
4 199 201 (0 -1024 -992 ) (0 -1024 2016 ) (-1024 -1024 2016 ) (-1024 -1024 -992 ) 
4 199 200 (-1024 0 2016 ) (-1024 0 -992 ) (-1024 -1024 -992 ) (-1024 -1024 2016 ) 
4 200 224 (-2048 -1024 -992 ) (-2048 -1024 2016 ) (-2048 0 2016 ) (-2048 0 -992 ) 
4 200 202 (-1024 -1024 -992 ) (-1024 -1024 2016 ) (-2048 -1024 2016 ) (-2048 -1024 -992 ) 
4 201 202 (-1024 -2016 2016 ) (-1024 -1024 2016 ) (-1024 -1024 -992 ) (-1024 -2016 -992 ) 
4 202 251 (-2048 -2016 2016 ) (-2048 -1024 2016 ) (-2048 -1024 -992 ) (-2048 -2016 -992 ) 
4 203 225 (-3072 1024 2016 ) (-3072 1024 272 ) (-3072 0 272 ) (-3072 0 2016 ) 
4 203 224 (-2048 0 272 ) (-2048 0 2016 ) (-3072 0 2016 ) (-3072 0 272 ) 
4 203 206 (-3072 0 272 ) (-3072 24 272 ) (-2048 24 272 ) (-2048 0 272 ) 
4 203 204 (-3072 230 272 ) (-3072 1024 272 ) (-2048 1024 272 ) (-2048 230 272 ) 
4 204 226 (-3072 1024 272 ) (-3072 1024 251 ) (-3072 230 251 ) (-3072 230 272 ) 
4 204 207 (-3072 254 251 ) (-3072 1024 251 ) (-2048 1024 251 ) (-2048 254 251 ) 
5 205 227 (-3072 207 251 ) (-3072 47 251 ) (-3072 83 263 ) (-3072 127 268 ) (-3072 171 263 ) 
4 205 208 (-3072 47 251 ) (-3072 207 251 ) (-2048 207 251 ) (-2048 47 251 ) 
4 206 228 (-3072 24 251 ) (-3072 0 251 ) (-3072 0 272 ) (-3072 24 272 ) 
4 206 224 (-2048 0 251 ) (-2048 0 272 ) (-3072 0 272 ) (-3072 0 251 ) 
4 207 229 (-3072 1024 251 ) (-3072 1024 208 ) (-3072 254 208 ) (-3072 254 251 ) 
4 207 209 (-3072 259 208 ) (-3072 1024 208 ) (-2048 1024 208 ) (-2048 259 208 ) 
6 208 230 (-3072 243 208 ) (-3072 11 208 ) (-3072 20 231 ) (-3072 47 251 ) (-3072 207 251 ) (-3072 234 231 ) 
4 208 212 (-3072 11 208 ) (-3072 96 208 ) (-2048 96 208 ) (-2048 11 208 ) 
4 208 211 (-3072 96 208 ) (-3072 243 208 ) (-2048 243 208 ) (-2048 96 208 ) 
4 209 231 (-3072 1024 208 ) (-3072 1024 80 ) (-3072 259 80 ) (-3072 259 208 ) 
4 209 210 (-3072 259 80 ) (-3072 1024 80 ) (-2048 1024 80 ) (-2048 259 80 ) 
4 210 232 (-3072 1024 80 ) (-3072 1024 64 ) (-3072 253 64 ) (-3072 253 80 ) 
4 210 216 (-3072 253 64 ) (-3072 1024 64 ) (-2048 1024 64 ) (-2048 253 64 ) 
4 211 233 (-3072 243 64 ) (-3072 96 64 ) (-3072 96 208 ) (-3072 243 208 ) 
4 211 215 (-3072 96 64 ) (-3072 144 64 ) (-2048 144 64 ) (-2048 96 64 ) 
4 211 214 (-3072 144 64 ) (-3072 201 64 ) (-2048 201 64 ) (-2048 144 64 ) 
4 211 213 (-3072 201 64 ) (-3072 243 64 ) (-2048 243 64 ) (-2048 201 64 ) 
4 211 212 (-2048 96 80 ) (-2048 96 208 ) (-3072 96 208 ) (-3072 96 80 ) 
4 212 234 (-3072 11 80 ) (-3072 11 208 ) (-3072 96 208 ) (-3072 96 80 ) 
4 213 235 (-3072 225 32 ) (-3072 201 32 ) (-3072 201 64 ) (-3072 243 64 ) 
4 213 218 (-3072 201 32 ) (-3072 225 32 ) (-2048 225 32 ) (-2048 201 32 ) 
4 213 214 (-3072 201 32 ) (-2048 201 32 ) (-2048 201 64 ) (-3072 201 64 ) 
4 214 236 (-3072 201 32 ) (-3072 144 32 ) (-3072 144 64 ) (-3072 201 64 ) 
4 214 219 (-3072 144 32 ) (-3072 201 32 ) (-2048 201 32 ) (-2048 144 32 ) 
4 214 215 (-3072 144 32 ) (-2048 144 32 ) (-2048 144 64 ) (-3072 144 64 ) 
4 215 237 (-3072 144 32 ) (-3072 112 32 ) (-3072 96 64 ) (-3072 144 64 ) 
4 215 220 (-3072 112 32 ) (-3072 144 32 ) (-2048 144 32 ) (-2048 112 32 ) 
4 216 238 (-3072 1024 64 ) (-3072 1024 32 ) (-3072 249 32 ) (-3072 249 64 ) 
4 216 222 (-3072 249 32 ) (-3072 1024 32 ) (-2048 1024 32 ) (-2048 249 32 ) 
4 217 239 (-3072 88 32 ) (-3072 0 32 ) (-3072 0 64 ) (-3072 88 64 ) 
4 217 224 (-2048 0 32 ) (-2048 0 64 ) (-3072 0 64 ) (-3072 0 32 ) 
4 217 221 (-2048 0 32 ) (-3072 0 32 ) (-3072 88 32 ) (-2048 88 32 ) 
3 218 240 (-3072 201 32 ) (-3072 225 32 ) (-3072 201 24 ) 
4 218 219 (-3072 201 24 ) (-2048 201 24 ) (-2048 201 32 ) (-3072 201 32 ) 
4 219 241 (-3072 144 24 ) (-3072 144 32 ) (-3072 201 32 ) (-3072 201 24 ) 
4 219 220 (-3072 144 24 ) (-2048 144 24 ) (-2048 144 32 ) (-3072 144 32 ) 
3 220 242 (-3072 144 24 ) (-3072 112 32 ) (-3072 144 32 ) 
4 221 244 (-3072 112 16 ) (-3072 0 16 ) (-3072 0 32 ) (-3072 112 32 ) 
4 221 224 (-2048 0 16 ) (-2048 0 32 ) (-3072 0 32 ) (-3072 0 16 ) 
4 221 223 (-3072 0 16 ) (-3072 112 16 ) (-2048 112 16 ) (-2048 0 16 ) 
4 222 243 (-3072 1024 32 ) (-3072 1024 16 ) (-3072 225 16 ) (-3072 225 32 ) 
4 222 223 (-3072 225 16 ) (-3072 1024 16 ) (-2048 1024 16 ) (-2048 225 16 ) 
4 223 245 (-3072 1024 16 ) (-3072 1024 -992 ) (-3072 0 -992 ) (-3072 0 16 ) 
4 223 224 (-2048 0 -992 ) (-2048 0 16 ) (-3072 0 16 ) (-3072 0 -992 ) 
4 224 251 (-2048 -1024 -992 ) (-2048 -1024 2016 ) (-3072 -1024 2016 ) (-3072 -1024 -992 ) 
4 224 250 (-3072 -1024 -992 ) (-3072 -1024 2016 ) (-3072 0 2016 ) (-3072 0 -992 ) 
4 225 250 (-3072 0 272 ) (-3072 0 2016 ) (-3584 0 2016 ) (-3584 0 272 ) 
4 225 247 (-3584 0 272 ) (-3584 0 2016 ) (-3584 248 2016 ) (-3584 248 272 ) 
4 225 246 (-3584 248 2016 ) (-3584 1024 2016 ) (-3584 1024 272 ) (-3584 248 272 ) 
4 225 226 (-3584 230 272 ) (-3584 1024 272 ) (-3072 1024 272 ) (-3072 230 272 ) 
4 225 228 (-3584 0 272 ) (-3584 24 272 ) (-3072 24 272 ) (-3072 0 272 ) 
4 226 246 (-3584 248 272 ) (-3584 1024 272 ) (-3584 1024 251 ) (-3584 248 251 ) 
4 226 229 (-3584 254 251 ) (-3584 1024 251 ) (-3072 1024 251 ) (-3072 254 251 ) 
4 227 230 (-3584 47 251 ) (-3584 207 251 ) (-3072 207 251 ) (-3072 47 251 ) 
4 228 250 (-3072 0 251 ) (-3072 0 272 ) (-3584 0 272 ) (-3584 0 251 ) 
4 229 246 (-3584 254 251 ) (-3584 1024 251 ) (-3584 1024 208 ) (-3584 254 208 ) 
4 229 231 (-3584 259 208 ) (-3584 1024 208 ) (-3072 1024 208 ) (-3072 259 208 ) 
4 230 234 (-3584 11 208 ) (-3584 96 208 ) (-3072 96 208 ) (-3072 11 208 ) 
4 230 233 (-3584 96 208 ) (-3584 243 208 ) (-3072 243 208 ) (-3072 96 208 ) 
4 231 246 (-3584 259 208 ) (-3584 1024 208 ) (-3584 1024 80 ) (-3584 259 80 ) 
4 231 232 (-3584 259 80 ) (-3584 1024 80 ) (-3072 1024 80 ) (-3072 259 80 ) 
4 232 246 (-3584 1024 80 ) (-3584 1024 64 ) (-3584 253 64 ) (-3584 253 80 ) 
4 232 238 (-3584 253 64 ) (-3584 1024 64 ) (-3072 1024 64 ) (-3072 253 64 ) 
4 233 237 (-3584 96 64 ) (-3584 144 64 ) (-3072 144 64 ) (-3072 96 64 ) 
4 233 236 (-3584 144 64 ) (-3584 201 64 ) (-3072 201 64 ) (-3072 144 64 ) 
4 233 235 (-3584 201 64 ) (-3584 243 64 ) (-3072 243 64 ) (-3072 201 64 ) 
4 233 234 (-3072 96 80 ) (-3072 96 208 ) (-3584 96 208 ) (-3584 96 80 ) 
4 235 240 (-3584 201 32 ) (-3584 225 32 ) (-3072 225 32 ) (-3072 201 32 ) 
4 235 236 (-3584 201 32 ) (-3072 201 32 ) (-3072 201 64 ) (-3584 201 64 ) 
4 236 241 (-3584 144 32 ) (-3584 201 32 ) (-3072 201 32 ) (-3072 144 32 ) 
4 236 237 (-3584 144 32 ) (-3072 144 32 ) (-3072 144 64 ) (-3584 144 64 ) 
4 237 242 (-3584 112 32 ) (-3584 144 32 ) (-3072 144 32 ) (-3072 112 32 ) 
4 238 246 (-3584 249 64 ) (-3584 1024 64 ) (-3584 1024 32 ) (-3584 249 32 ) 
4 238 243 (-3584 249 32 ) (-3584 1024 32 ) (-3072 1024 32 ) (-3072 249 32 ) 
4 239 250 (-3072 0 32 ) (-3072 0 64 ) (-3584 0 64 ) (-3584 0 32 ) 
4 239 244 (-3584 0 32 ) (-3584 88 32 ) (-3072 88 32 ) (-3072 0 32 ) 
4 240 241 (-3584 201 24 ) (-3072 201 24 ) (-3072 201 32 ) (-3584 201 32 ) 
4 241 242 (-3584 144 24 ) (-3072 144 24 ) (-3072 144 32 ) (-3584 144 32 ) 
4 243 246 (-3584 248 32 ) (-3584 1024 32 ) (-3584 1024 16 ) (-3584 248 16 ) 
4 243 245 (-3584 225 16 ) (-3584 1024 16 ) (-3072 1024 16 ) (-3072 225 16 ) 
4 244 250 (-3072 0 16 ) (-3072 0 32 ) (-3584 0 32 ) (-3584 0 16 ) 
4 244 245 (-3072 0 16 ) (-3584 0 16 ) (-3584 112 16 ) (-3072 112 16 ) 
4 245 250 (-3072 0 -992 ) (-3072 0 16 ) (-3584 0 16 ) (-3584 0 -992 ) 
4 245 248 (-3584 0 -992 ) (-3584 0 16 ) (-3584 248 16 ) (-3584 248 -992 ) 
4 245 246 (-3584 248 16 ) (-3584 1024 16 ) (-3584 1024 -992 ) (-3584 248 -992 ) 
4 246 247 (-3592 248 2016 ) (-3592 248 272 ) (-3584 248 272 ) (-3584 248 2016 ) 
4 246 248 (-3592 248 16 ) (-3592 248 -992 ) (-3584 248 -992 ) (-3584 248 16 ) 
4 246 249 (-3592 1024 -992 ) (-3592 248 -992 ) (-3592 248 2016 ) (-3592 1024 2016 ) 
4 247 250 (-3584 0 272 ) (-3584 0 2016 ) (-3592 0 2016 ) (-3592 0 272 ) 
4 247 249 (-3592 0 272 ) (-3592 0 2016 ) (-3592 248 2016 ) (-3592 248 272 ) 
4 248 250 (-3584 0 -992 ) (-3584 0 16 ) (-3592 0 16 ) (-3592 0 -992 ) 
4 248 249 (-3592 248 -992 ) (-3592 0 -992 ) (-3592 0 16 ) (-3592 248 16 ) 
4 249 250 (-3592 0 2016 ) (-4064 0 2016 ) (-4064 0 -992 ) (-3592 0 -992 ) 
4 250 252 (-3072 -1024 -992 ) (-3072 -1024 2016 ) (-4064 -1024 2016 ) (-4064 -1024 -992 ) 
4 251 252 (-3072 -1024 2016 ) (-3072 -1024 -992 ) (-3072 -2016 -992 ) (-3072 -2016 2016 ) 
