PRT1
237
647
4 0 4 (2080 1024 2016 ) (2048 1024 2016 ) (2048 1024 -992 ) (2080 1024 -992 ) 
4 0 3 (3040 1024 2016 ) (2080 1024 2016 ) (2080 1024 -992 ) (3040 1024 -992 ) 
4 0 1 (2048 1024 -992 ) (2048 1024 2016 ) (2048 2016 2016 ) (2048 2016 -992 ) 
4 1 30 (2048 1024 -992 ) (2048 1024 16 ) (1024 1024 16 ) (1024 1024 -992 ) 
4 1 29 (2048 1024 16 ) (2048 1024 32 ) (1024 1024 32 ) (1024 1024 16 ) 
4 1 22 (2048 1024 32 ) (2048 1024 64 ) (1024 1024 64 ) (1024 1024 32 ) 
4 1 17 (2048 1024 64 ) (2048 1024 80 ) (1024 1024 80 ) (1024 1024 64 ) 
4 1 15 (2048 1024 80 ) (2048 1024 200 ) (1024 1024 200 ) (1024 1024 80 ) 
4 1 12 (2048 1024 200 ) (2048 1024 216 ) (1024 1024 216 ) (1024 1024 200 ) 
4 1 9 (2048 1024 216 ) (2048 1024 232 ) (1024 1024 232 ) (1024 1024 216 ) 
4 1 8 (2048 1024 232 ) (2048 1024 2016 ) (1024 1024 2016 ) (1024 1024 232 ) 
4 1 2 (1024 1024 -992 ) (1024 1024 2016 ) (1024 2016 2016 ) (1024 2016 -992 ) 
4 2 77 (0 1024 -992 ) (0 1024 64 ) (0 1920 64 ) (0 1920 -992 ) 
4 2 73 (0 1920 64 ) (0 2016 64 ) (0 2016 -992 ) (0 1920 -992 ) 
4 2 64 (0 1024 64 ) (0 1024 232 ) (0 1920 232 ) (0 1920 64 ) 
4 2 63 (0 1024 232 ) (0 1024 2016 ) (0 1920 2016 ) (0 1920 232 ) 
4 2 59 (0 1920 2016 ) (0 2016 2016 ) (0 2016 64 ) (0 1920 64 ) 
4 2 53 (1024 1024 -992 ) (1024 1024 16 ) (0 1024 16 ) (0 1024 -992 ) 
4 2 52 (1024 1024 16 ) (1024 1024 32 ) (0 1024 32 ) (0 1024 16 ) 
4 2 46 (1024 1024 32 ) (1024 1024 64 ) (0 1024 64 ) (0 1024 32 ) 
4 2 40 (1024 1024 64 ) (1024 1024 80 ) (0 1024 80 ) (0 1024 64 ) 
4 2 38 (1024 1024 80 ) (1024 1024 200 ) (0 1024 200 ) (0 1024 80 ) 
4 2 35 (1024 1024 200 ) (1024 1024 216 ) (0 1024 216 ) (0 1024 200 ) 
4 2 32 (1024 1024 216 ) (1024 1024 232 ) (0 1024 232 ) (0 1024 216 ) 
4 2 31 (1024 1024 232 ) (1024 1024 2016 ) (0 1024 2016 ) (0 1024 232 ) 
4 3 7 (3040 0 2016 ) (2080 0 2016 ) (2080 0 -992 ) (3040 0 -992 ) 
4 3 5 (2080 0 232 ) (2080 0 2016 ) (2080 248 2016 ) (2080 248 232 ) 
4 3 6 (2080 248 -992 ) (2080 0 -992 ) (2080 0 16 ) (2080 248 16 ) 
4 3 4 (2080 1024 -992 ) (2080 248 -992 ) (2080 248 2016 ) (2080 1024 2016 ) 
4 4 30 (2048 1024 16 ) (2048 1024 -992 ) (2048 248 -992 ) (2048 248 16 ) 
4 4 29 (2048 1024 32 ) (2048 1024 16 ) (2048 248 16 ) (2048 248 32 ) 
4 4 22 (2048 1024 64 ) (2048 1024 32 ) (2048 248 32 ) (2048 248 64 ) 
4 4 17 (2048 1024 80 ) (2048 1024 64 ) (2048 248 64 ) (2048 248 80 ) 
4 4 15 (2048 1024 200 ) (2048 1024 80 ) (2048 248 80 ) (2048 248 200 ) 
4 4 12 (2048 1024 216 ) (2048 1024 200 ) (2048 248 200 ) (2048 248 216 ) 
4 4 9 (2048 1024 232 ) (2048 1024 216 ) (2048 248 216 ) (2048 248 232 ) 
4 4 8 (2048 1024 2016 ) (2048 1024 232 ) (2048 248 232 ) (2048 248 2016 ) 
4 4 5 (2080 248 232 ) (2080 248 2016 ) (2048 248 2016 ) (2048 248 232 ) 
4 4 6 (2048 248 -992 ) (2080 248 -992 ) (2080 248 16 ) (2048 248 16 ) 
4 5 8 (2048 0 232 ) (2048 0 2016 ) (2048 248 2016 ) (2048 248 232 ) 
4 5 7 (2080 0 2016 ) (2048 0 2016 ) (2048 0 232 ) (2080 0 232 ) 
4 6 30 (2048 248 -992 ) (2048 0 -992 ) (2048 0 16 ) (2048 248 16 ) 
4 6 7 (2048 0 16 ) (2048 0 -992 ) (2080 0 -992 ) (2080 0 16 ) 
4 7 56 (3040 -1024 2016 ) (2048 -1024 2016 ) (2048 -1024 -992 ) (3040 -1024 -992 ) 
4 7 54 (2048 -1024 -992 ) (2048 -1024 2016 ) (2048 0 2016 ) (2048 0 -992 ) 
4 8 54 (2048 0 232 ) (2048 0 2016 ) (1024 0 2016 ) (1024 0 232 ) 
4 8 31 (1024 1024 2016 ) (1024 1024 232 ) (1024 0 232 ) (1024 0 2016 ) 
4 8 9 (1024 208 232 ) (1024 1024 232 ) (2048 1024 232 ) (2048 208 232 ) 
4 8 11 (2048 0 232 ) (1024 0 232 ) (1024 40 232 ) (2048 40 232 ) 
4 9 32 (1024 1024 232 ) (1024 1024 216 ) (1024 208 216 ) (1024 208 232 ) 
4 9 12 (1024 232 216 ) (1024 1024 216 ) (2048 1024 216 ) (2048 232 216 ) 
4 10 33 (1024 208 216 ) (1024 40 216 ) (1024 96 224 ) (1024 152 224 ) 
4 10 13 (1024 40 216 ) (1024 208 216 ) (2048 208 216 ) (2048 40 216 ) 
4 11 54 (2048 0 216 ) (2048 0 232 ) (1024 0 232 ) (1024 0 216 ) 
4 11 34 (1024 40 216 ) (1024 0 216 ) (1024 0 232 ) (1024 40 232 ) 
4 11 14 (1024 0 216 ) (1024 16 216 ) (2048 16 216 ) (2048 0 216 ) 
4 12 35 (1024 1024 216 ) (1024 1024 200 ) (1024 232 200 ) (1024 232 216 ) 
4 12 15 (1024 248 200 ) (1024 1024 200 ) (2048 1024 200 ) (2048 248 200 ) 
4 13 36 (1024 224 200 ) (1024 24 200 ) (1024 40 216 ) (1024 208 216 ) 
4 13 16 (1024 24 200 ) (1024 224 200 ) (2048 224 200 ) (2048 24 200 ) 
4 14 54 (2048 0 200 ) (2048 0 216 ) (1024 0 216 ) (1024 0 200 ) 
4 14 37 (1024 16 200 ) (1024 0 200 ) (1024 0 216 ) (1024 16 216 ) 
4 15 38 (1024 1024 200 ) (1024 1024 80 ) (1024 248 80 ) (1024 248 200 ) 
4 15 17 (1024 248 80 ) (1024 1024 80 ) (2048 1024 80 ) (2048 248 80 ) 
6 16 39 (1024 232 80 ) (1024 16 80 ) (1024 16 168 ) (1024 24 200 ) (1024 224 200 ) (1024 232 168 ) 
4 16 18 (1024 96 80 ) (1024 232 80 ) (2048 232 80 ) (2048 96 80 ) 
4 17 40 (1024 1024 80 ) (1024 1024 64 ) (1024 248 64 ) (1024 248 80 ) 
4 17 22 (1024 248 64 ) (1024 1024 64 ) (2048 1024 64 ) (2048 248 64 ) 
4 18 41 (1024 232 64 ) (1024 96 64 ) (1024 96 80 ) (1024 232 80 ) 
4 18 20 (1024 144 64 ) (1024 200 64 ) (2048 200 64 ) (2048 144 64 ) 
4 18 19 (1024 200 64 ) (1024 232 64 ) (2048 232 64 ) (2048 200 64 ) 
4 18 21 (1024 96 64 ) (1024 144 64 ) (2048 144 64 ) (2048 96 64 ) 
4 19 42 (1024 224 32 ) (1024 200 32 ) (1024 200 64 ) (1024 232 64 ) 
4 19 24 (1024 200 32 ) (1024 224 32 ) (2048 224 32 ) (2048 200 32 ) 
4 19 20 (1024 200 32 ) (2048 200 32 ) (2048 200 64 ) (1024 200 64 ) 
4 20 43 (1024 200 32 ) (1024 144 32 ) (1024 144 64 ) (1024 200 64 ) 
4 20 25 (1024 144 32 ) (1024 200 32 ) (2048 200 32 ) (2048 144 32 ) 
4 20 21 (1024 144 32 ) (2048 144 32 ) (2048 144 64 ) (1024 144 64 ) 
4 21 44 (1024 144 32 ) (1024 112 32 ) (1024 96 64 ) (1024 144 64 ) 
4 21 26 (1024 112 32 ) (1024 144 32 ) (2048 144 32 ) (2048 112 32 ) 
4 22 46 (1024 1024 64 ) (1024 1024 32 ) (1024 248 32 ) (1024 248 64 ) 
4 22 29 (1024 248 32 ) (1024 1024 32 ) (2048 1024 32 ) (2048 248 32 ) 
4 23 54 (2048 0 32 ) (2048 0 64 ) (1024 0 64 ) (1024 0 32 ) 
4 23 45 (1024 88 32 ) (1024 0 32 ) (1024 0 64 ) (1024 88 64 ) 
4 23 27 (1024 0 32 ) (1024 88 32 ) (2048 88 32 ) (2048 0 32 ) 
3 24 47 (1024 200 32 ) (1024 224 32 ) (1024 200 24 ) 
4 24 25 (1024 200 24 ) (2048 200 24 ) (2048 200 32 ) (1024 200 32 ) 
4 25 48 (1024 144 32 ) (1024 200 32 ) (1024 200 24 ) (1024 144 24 ) 
4 25 26 (1024 144 24 ) (2048 144 24 ) (2048 144 32 ) (1024 144 32 ) 
3 26 49 (1024 112 32 ) (1024 144 32 ) (1024 144 24 ) 
4 27 54 (2048 0 24 ) (2048 0 32 ) (1024 0 32 ) (1024 0 24 ) 
4 27 50 (1024 0 24 ) (1024 0 32 ) (1024 112 32 ) (1024 112 24 ) 
4 27 28 (2048 0 24 ) (1024 0 24 ) (1024 112 24 ) (2048 112 24 ) 
4 28 54 (2048 0 16 ) (2048 0 24 ) (1024 0 24 ) (1024 0 16 ) 
4 28 51 (1024 112 16 ) (1024 0 16 ) (1024 0 24 ) (1024 112 24 ) 
4 28 30 (2048 0 16 ) (1024 0 16 ) (1024 112 16 ) (2048 112 16 ) 
4 29 52 (1024 1024 32 ) (1024 1024 16 ) (1024 224 16 ) (1024 224 32 ) 
4 29 30 (1024 224 16 ) (1024 1024 16 ) (2048 1024 16 ) (2048 224 16 ) 
4 30 54 (2048 0 -992 ) (2048 0 16 ) (1024 0 16 ) (1024 0 -992 ) 
4 30 53 (1024 1024 16 ) (1024 1024 -992 ) (1024 0 -992 ) (1024 0 16 ) 
4 31 86 (0 0 232 ) (0 0 2016 ) (0 1024 2016 ) (0 1024 232 ) 
4 31 55 (1024 0 232 ) (1024 0 2016 ) (0 0 2016 ) (0 0 232 ) 
4 31 32 (1024 1024 232 ) (1024 208 232 ) (0 208 232 ) (0 1024 232 ) 
4 31 34 (1024 40 232 ) (1024 0 232 ) (0 0 232 ) (0 40 232 ) 
4 32 90 (0 208 232 ) (0 232 232 ) (0 232 216 ) (0 208 216 ) 
4 32 89 (0 232 232 ) (0 248 232 ) (0 248 216 ) (0 232 216 ) 
4 32 87 (0 248 232 ) (0 1024 232 ) (0 1024 216 ) (0 248 216 ) 
4 32 35 (0 232 216 ) (0 1024 216 ) (1024 1024 216 ) (1024 232 216 ) 
4 33 108 (0 208 216 ) (0 40 216 ) (0 96 224 ) (0 152 224 ) 
4 33 36 (0 40 216 ) (0 208 216 ) (1024 208 216 ) (1024 40 216 ) 
4 34 109 (0 16 232 ) (0 40 232 ) (0 40 216 ) (0 16 216 ) 
4 34 111 (0 0 216 ) (0 0 232 ) (0 16 232 ) (0 16 216 ) 
4 34 55 (1024 0 216 ) (1024 0 232 ) (0 0 232 ) (0 0 216 ) 
4 34 37 (1024 0 216 ) (0 0 216 ) (0 16 216 ) (1024 16 216 ) 
4 35 89 (0 232 216 ) (0 248 216 ) (0 248 200 ) (0 232 200 ) 
4 35 87 (0 248 216 ) (0 1024 216 ) (0 1024 200 ) (0 248 200 ) 
4 35 38 (0 248 200 ) (0 1024 200 ) (1024 1024 200 ) (1024 248 200 ) 
3 36 110 (0 40 216 ) (0 40 200 ) (0 24 200 ) 
4 36 108 (0 40 216 ) (0 208 216 ) (0 208 200 ) (0 40 200 ) 
3 36 91 (0 208 216 ) (0 224 200 ) (0 208 200 ) 
4 36 39 (0 24 200 ) (0 224 200 ) (1024 224 200 ) (1024 24 200 ) 
4 37 111 (0 0 200 ) (0 0 216 ) (0 16 216 ) (0 16 200 ) 
4 37 55 (1024 0 200 ) (1024 0 216 ) (0 0 216 ) (0 0 200 ) 
4 38 87 (0 248 200 ) (0 1024 200 ) (0 1024 80 ) (0 248 80 ) 
4 38 40 (1024 1024 80 ) (1024 248 80 ) (0 248 80 ) (0 1024 80 ) 
5 39 112 (0 24 200 ) (0 208 200 ) (0 208 80 ) (0 16 80 ) (0 16 168 ) 
5 39 92 (0 208 200 ) (0 224 200 ) (0 232 168 ) (0 232 80 ) (0 208 80 ) 
4 39 41 (1024 232 80 ) (1024 96 80 ) (0 96 80 ) (0 232 80 ) 
4 40 113 (0 248 80 ) (0 1024 80 ) (0 1024 64 ) (0 248 64 ) 
4 40 46 (1024 1024 64 ) (1024 248 64 ) (0 248 64 ) (0 1024 64 ) 
4 41 117 (0 96 80 ) (0 232 80 ) (0 232 64 ) (0 96 64 ) 
4 41 44 (1024 144 64 ) (1024 96 64 ) (0 96 64 ) (0 144 64 ) 
4 41 43 (1024 200 64 ) (1024 144 64 ) (0 144 64 ) (0 200 64 ) 
4 41 42 (1024 232 64 ) (1024 200 64 ) (0 200 64 ) (0 232 64 ) 
4 42 125 (0 200 64 ) (0 224 64 ) (0 224 32 ) (0 200 32 ) 
3 42 119 (0 224 64 ) (0 232 64 ) (0 224 32 ) 
4 42 47 (1024 224 32 ) (1024 200 32 ) (0 200 32 ) (0 224 32 ) 
4 42 43 (0 200 32 ) (1024 200 32 ) (1024 200 64 ) (0 200 64 ) 
4 43 126 (0 144 64 ) (0 200 64 ) (0 200 32 ) (0 144 32 ) 
4 43 48 (1024 200 32 ) (1024 144 32 ) (0 144 32 ) (0 200 32 ) 
4 43 44 (0 144 32 ) (1024 144 32 ) (1024 144 64 ) (0 144 64 ) 
4 44 127 (0 96 64 ) (0 144 64 ) (0 144 32 ) (0 112 32 ) 
4 44 49 (1024 144 32 ) (1024 112 32 ) (0 112 32 ) (0 144 32 ) 
4 45 134 (0 0 32 ) (0 0 64 ) (0 88 64 ) (0 88 32 ) 
4 45 55 (1024 0 32 ) (1024 0 64 ) (0 0 64 ) (0 0 32 ) 
4 45 50 (1024 88 32 ) (1024 0 32 ) (0 0 32 ) (0 88 32 ) 
4 46 118 (0 248 64 ) (0 1024 64 ) (0 1024 32 ) (0 248 32 ) 
4 46 52 (1024 1024 32 ) (1024 248 32 ) (0 248 32 ) (0 1024 32 ) 
3 47 135 (0 200 32 ) (0 224 32 ) (0 200 24 ) 
4 47 48 (0 200 24 ) (1024 200 24 ) (1024 200 32 ) (0 200 32 ) 
4 48 136 (0 144 32 ) (0 200 32 ) (0 200 24 ) (0 144 24 ) 
4 48 49 (0 144 24 ) (1024 144 24 ) (1024 144 32 ) (0 144 32 ) 
3 49 137 (0 112 32 ) (0 144 32 ) (0 144 24 ) 
4 50 144 (0 0 24 ) (0 0 32 ) (0 112 32 ) (0 112 24 ) 
4 50 55 (1024 0 24 ) (1024 0 32 ) (0 0 32 ) (0 0 24 ) 
4 50 51 (1024 112 24 ) (1024 0 24 ) (0 0 24 ) (0 112 24 ) 
4 51 145 (0 0 16 ) (0 0 24 ) (0 112 24 ) (0 112 16 ) 
4 51 55 (1024 0 16 ) (1024 0 24 ) (0 0 24 ) (0 0 16 ) 
4 51 53 (1024 0 16 ) (0 0 16 ) (0 112 16 ) (1024 112 16 ) 
4 52 120 (0 224 32 ) (0 1024 32 ) (0 1024 16 ) (0 224 16 ) 
4 52 53 (0 224 16 ) (0 1024 16 ) (1024 1024 16 ) (1024 224 16 ) 
4 53 147 (0 0 -992 ) (0 0 16 ) (0 1024 16 ) (0 1024 -992 ) 
4 53 55 (1024 0 -992 ) (1024 0 16 ) (0 0 16 ) (0 0 -992 ) 
4 54 57 (2048 -1024 -992 ) (2048 -1024 2016 ) (1024 -1024 2016 ) (1024 -1024 -992 ) 
4 54 55 (1024 0 2016 ) (1024 0 -992 ) (1024 -1024 -992 ) (1024 -1024 2016 ) 
4 55 176 (0 -1024 -992 ) (0 -1024 2016 ) (0 0 2016 ) (0 0 -992 ) 
4 55 58 (1024 -1024 -992 ) (1024 -1024 2016 ) (0 -1024 2016 ) (0 -1024 -992 ) 
4 56 57 (2048 -1024 2016 ) (2048 -1024 -992 ) (2048 -2016 -992 ) (2048 -2016 2016 ) 
4 57 58 (1024 -1024 2016 ) (1024 -1024 -992 ) (1024 -2016 -992 ) (1024 -2016 2016 ) 
4 58 178 (0 -2016 2016 ) (0 -1024 2016 ) (0 -1024 -992 ) (0 -2016 -992 ) 
4 59 73 (0 2016 64 ) (0 1920 64 ) (-424 1920 64 ) (-424 2016 64 ) 
4 59 64 (-424 1920 64 ) (0 1920 64 ) (0 1920 232 ) (-424 1920 232 ) 
4 59 63 (0 1920 232 ) (0 1920 2016 ) (-424 1920 2016 ) (-424 1920 232 ) 
4 59 61 (-424 1920 232 ) (-424 1920 2016 ) (-424 1936 2016 ) (-424 1936 232 ) 
4 59 60 (-424 2016 2016 ) (-424 2016 64 ) (-424 1936 64 ) (-424 1936 2016 ) 
4 60 74 (-664 1936 64 ) (-664 2016 64 ) (-424 2016 64 ) (-424 1936 64 ) 
4 60 61 (-664 1936 2016 ) (-664 1936 232 ) (-424 1936 232 ) (-424 1936 2016 ) 
4 60 62 (-664 2016 2016 ) (-664 2016 64 ) (-664 1936 64 ) (-664 1936 2016 ) 
4 61 63 (-424 1920 232 ) (-424 1920 2016 ) (-664 1920 2016 ) (-664 1920 232 ) 
4 61 62 (-664 1920 232 ) (-664 1920 2016 ) (-664 1936 2016 ) (-664 1936 232 ) 
4 62 83 (-1024 2016 64 ) (-1024 1920 64 ) (-1024 1920 2016 ) (-1024 2016 2016 ) 
4 62 76 (-664 1920 64 ) (-1024 1920 64 ) (-1024 2016 64 ) (-664 2016 64 ) 
4 62 72 (-1024 1920 232 ) (-1024 1920 64 ) (-664 1920 64 ) (-664 1920 232 ) 
4 62 63 (-1024 1920 2016 ) (-1024 1920 232 ) (-664 1920 232 ) (-664 1920 2016 ) 
4 63 86 (0 1024 232 ) (0 1024 2016 ) (-1024 1024 2016 ) (-1024 1024 232 ) 
4 63 83 (-1024 1024 232 ) (-1024 1024 2016 ) (-1024 1920 2016 ) (-1024 1920 232 ) 
4 63 71 (-664 1920 232 ) (-640 1920 232 ) (-640 1024 232 ) (-664 1024 232 ) 
4 63 72 (-1024 1920 232 ) (-664 1920 232 ) (-664 1024 232 ) (-1024 1024 232 ) 
4 63 69 (-640 1920 232 ) (-608 1920 232 ) (-608 1024 232 ) (-640 1024 232 ) 
4 63 66 (-480 1920 232 ) (-448 1920 232 ) (-448 1024 232 ) (-480 1024 232 ) 
4 63 65 (-448 1920 232 ) (-424 1920 232 ) (-424 1024 232 ) (-448 1024 232 ) 
4 63 64 (-424 1920 232 ) (0 1920 232 ) (0 1024 232 ) (-424 1024 232 ) 
4 64 113 (0 1024 64 ) (0 1024 80 ) (-424 1024 80 ) (-424 1024 64 ) 
4 64 87 (0 1024 80 ) (0 1024 232 ) (-424 1024 232 ) (-424 1024 80 ) 
4 64 77 (0 1920 64 ) (0 1024 64 ) (-424 1024 64 ) (-424 1920 64 ) 
4 64 65 (-424 1024 232 ) (-424 1920 232 ) (-424 1920 184 ) (-424 1024 184 ) 
4 65 88 (-424 1024 232 ) (-448 1024 232 ) (-448 1024 184 ) (-424 1024 184 ) 
4 65 66 (-448 1024 232 ) (-448 1920 232 ) (-448 1920 216 ) (-448 1024 216 ) 
4 66 99 (-448 1024 232 ) (-480 1024 232 ) (-480 1024 216 ) (-448 1024 216 ) 
4 67 114 (-480 1024 80 ) (-480 1024 64 ) (-448 1024 64 ) (-448 1024 80 ) 
4 67 96 (-480 1024 208 ) (-480 1024 80 ) (-448 1024 80 ) (-448 1024 184 ) 
4 67 79 (-448 1024 64 ) (-480 1024 64 ) (-480 1920 64 ) (-448 1920 64 ) 
4 67 68 (-480 1920 208 ) (-480 1920 64 ) (-480 1024 64 ) (-480 1024 208 ) 
4 68 114 (-608 1024 80 ) (-608 1024 64 ) (-480 1024 64 ) (-480 1024 80 ) 
6 68 96 (-608 1024 208 ) (-608 1024 80 ) (-480 1024 80 ) (-480 1024 208 ) (-512 1024 216 ) (-576 1024 216 ) 
4 68 79 (-480 1024 64 ) (-608 1024 64 ) (-608 1920 64 ) (-480 1920 64 ) 
4 68 70 (-608 1920 208 ) (-608 1920 64 ) (-608 1024 64 ) (-608 1024 208 ) 
4 69 93 (-608 1024 232 ) (-640 1024 232 ) (-640 1024 216 ) (-608 1024 216 ) 
4 69 71 (-640 1024 232 ) (-640 1920 232 ) (-640 1920 216 ) (-640 1024 216 ) 
4 70 114 (-640 1024 80 ) (-640 1024 64 ) (-608 1024 64 ) (-608 1024 80 ) 
4 70 97 (-640 1024 184 ) (-640 1024 80 ) (-608 1024 80 ) (-608 1024 208 ) 
4 70 79 (-608 1024 64 ) (-640 1024 64 ) (-640 1920 64 ) (-608 1920 64 ) 
4 71 102 (-640 1024 232 ) (-664 1024 232 ) (-664 1024 184 ) (-640 1024 184 ) 
4 71 72 (-664 1024 232 ) (-664 1920 232 ) (-664 1920 184 ) (-664 1024 184 ) 
4 72 115 (-1024 1024 80 ) (-1024 1024 64 ) (-664 1024 64 ) (-664 1024 80 ) 
4 72 103 (-664 1024 232 ) (-1024 1024 232 ) (-1024 1024 80 ) (-664 1024 80 ) 
4 72 83 (-1024 1024 64 ) (-1024 1024 232 ) (-1024 1920 232 ) (-1024 1920 64 ) 
4 72 81 (-664 1024 64 ) (-1024 1024 64 ) (-1024 1920 64 ) (-664 1920 64 ) 
4 73 77 (0 1920 -992 ) (0 1920 64 ) (-424 1920 64 ) (-424 1920 -992 ) 
4 73 75 (-424 1936 -992 ) (-424 1920 -992 ) (-424 1920 16 ) (-424 1936 16 ) 
4 73 74 (-424 2016 64 ) (-424 2016 -992 ) (-424 1936 -992 ) (-424 1936 64 ) 
4 74 75 (-664 1936 16 ) (-664 1936 -992 ) (-424 1936 -992 ) (-424 1936 16 ) 
4 74 76 (-664 2016 64 ) (-664 2016 -992 ) (-664 1936 -992 ) (-664 1936 64 ) 
4 75 82 (-664 1920 16 ) (-664 1920 -992 ) (-640 1920 -992 ) (-640 1920 16 ) 
4 75 80 (-640 1920 -992 ) (-448 1920 -992 ) (-448 1920 16 ) (-640 1920 16 ) 
4 75 78 (-448 1920 -992 ) (-424 1920 -992 ) (-424 1920 16 ) (-448 1920 16 ) 
4 75 76 (-664 1936 -992 ) (-664 1920 -992 ) (-664 1920 16 ) (-664 1936 16 ) 
4 76 83 (-1024 1920 -992 ) (-1024 1920 64 ) (-1024 2016 64 ) (-1024 2016 -992 ) 
4 76 82 (-1024 1920 16 ) (-1024 1920 -992 ) (-664 1920 -992 ) (-664 1920 16 ) 
4 76 81 (-664 1920 64 ) (-1024 1920 64 ) (-1024 1920 16 ) (-664 1920 16 ) 
4 77 147 (0 1024 -992 ) (0 1024 16 ) (-424 1024 16 ) (-424 1024 -992 ) 
4 77 120 (0 1024 16 ) (0 1024 32 ) (-424 1024 32 ) (-424 1024 16 ) 
4 77 118 (0 1024 32 ) (0 1024 64 ) (-424 1024 64 ) (-424 1024 32 ) 
4 77 78 (-424 1920 16 ) (-424 1920 -992 ) (-424 1024 -992 ) (-424 1024 16 ) 
4 78 147 (-448 1024 16 ) (-448 1024 -992 ) (-424 1024 -992 ) (-424 1024 16 ) 
4 78 80 (-448 1920 16 ) (-448 1920 -992 ) (-448 1024 -992 ) (-448 1024 16 ) 
4 79 121 (-448 1024 24 ) (-448 1024 64 ) (-640 1024 64 ) (-640 1024 24 ) 
4 80 147 (-448 1024 -992 ) (-448 1024 16 ) (-640 1024 16 ) (-640 1024 -992 ) 
4 80 82 (-640 1920 16 ) (-640 1920 -992 ) (-640 1024 -992 ) (-640 1024 16 ) 
4 81 124 (-1024 1024 32 ) (-1024 1024 16 ) (-664 1024 16 ) (-664 1024 32 ) 
4 81 122 (-664 1024 64 ) (-1024 1024 64 ) (-1024 1024 32 ) (-664 1024 32 ) 
4 81 83 (-1024 1024 16 ) (-1024 1024 64 ) (-1024 1920 64 ) (-1024 1920 16 ) 
4 81 82 (-1024 1920 16 ) (-664 1920 16 ) (-664 1024 16 ) (-1024 1024 16 ) 
4 82 147 (-640 1024 -992 ) (-640 1024 16 ) (-1024 1024 16 ) (-1024 1024 -992 ) 
4 82 83 (-1024 1024 -992 ) (-1024 1024 16 ) (-1024 1920 16 ) (-1024 1920 -992 ) 
4 83 175 (-1024 1024 -992 ) (-1024 1024 16 ) (-2048 1024 16 ) (-2048 1024 -992 ) 
4 83 174 (-1024 1024 16 ) (-1024 1024 32 ) (-2048 1024 32 ) (-2048 1024 16 ) 
4 83 168 (-1024 1024 32 ) (-1024 1024 64 ) (-2048 1024 64 ) (-2048 1024 32 ) 
4 83 162 (-1024 1024 64 ) (-1024 1024 80 ) (-2048 1024 80 ) (-2048 1024 64 ) 
4 83 155 (-1024 1024 80 ) (-1024 1024 200 ) (-2048 1024 200 ) (-2048 1024 80 ) 
4 83 152 (-1024 1024 200 ) (-1024 1024 216 ) (-2048 1024 216 ) (-2048 1024 200 ) 
4 83 149 (-1024 1024 216 ) (-1024 1024 232 ) (-2048 1024 232 ) (-2048 1024 216 ) 
4 83 148 (-1024 1024 232 ) (-1024 1024 2016 ) (-2048 1024 2016 ) (-2048 1024 232 ) 
4 83 84 (-2048 1024 -992 ) (-2048 1024 2016 ) (-2048 2016 2016 ) (-2048 2016 -992 ) 
4 84 207 (-2048 1024 -992 ) (-2048 1024 16 ) (-3072 1024 16 ) (-3072 1024 -992 ) 
4 84 206 (-2048 1024 16 ) (-2048 1024 32 ) (-3072 1024 32 ) (-3072 1024 16 ) 
4 84 200 (-2048 1024 32 ) (-2048 1024 64 ) (-3072 1024 64 ) (-3072 1024 32 ) 
4 84 194 (-2048 1024 64 ) (-2048 1024 80 ) (-3072 1024 80 ) (-3072 1024 64 ) 
4 84 187 (-2048 1024 80 ) (-2048 1024 200 ) (-3072 1024 200 ) (-3072 1024 80 ) 
4 84 184 (-2048 1024 200 ) (-2048 1024 216 ) (-3072 1024 216 ) (-3072 1024 200 ) 
4 84 181 (-2048 1024 216 ) (-2048 1024 232 ) (-3072 1024 232 ) (-3072 1024 216 ) 
4 84 180 (-2048 1024 232 ) (-2048 1024 2016 ) (-3072 1024 2016 ) (-3072 1024 232 ) 
4 84 85 (-3072 1024 -992 ) (-3072 1024 2016 ) (-3072 2016 2016 ) (-3072 2016 -992 ) 
4 85 230 (-3584 1024 2016 ) (-3616 1024 2016 ) (-3616 1024 -992 ) (-3584 1024 -992 ) 
4 85 233 (-3616 1024 2016 ) (-4064 1024 2016 ) (-4064 1024 -992 ) (-3616 1024 -992 ) 
4 85 229 (-3072 1024 -992 ) (-3072 1024 16 ) (-3584 1024 16 ) (-3584 1024 -992 ) 
4 85 227 (-3072 1024 16 ) (-3072 1024 32 ) (-3584 1024 32 ) (-3584 1024 16 ) 
4 85 222 (-3072 1024 32 ) (-3072 1024 64 ) (-3584 1024 64 ) (-3584 1024 32 ) 
4 85 216 (-3072 1024 64 ) (-3072 1024 200 ) (-3584 1024 200 ) (-3584 1024 64 ) 
4 85 213 (-3072 1024 200 ) (-3072 1024 216 ) (-3584 1024 216 ) (-3584 1024 200 ) 
4 85 210 (-3072 1024 216 ) (-3072 1024 232 ) (-3584 1024 232 ) (-3584 1024 216 ) 
4 85 209 (-3072 1024 232 ) (-3072 1024 2016 ) (-3584 1024 2016 ) (-3584 1024 232 ) 
4 86 176 (0 0 232 ) (0 0 2016 ) (-1024 0 2016 ) (-1024 0 232 ) 
4 86 148 (-1024 0 232 ) (-1024 0 2016 ) (-1024 1024 2016 ) (-1024 1024 232 ) 
4 86 109 (-1024 16 232 ) (-1024 40 232 ) (0 40 232 ) (0 16 232 ) 
4 86 111 (-1024 0 232 ) (-1024 16 232 ) (0 16 232 ) (0 0 232 ) 
4 86 105 (-1024 208 232 ) (-1024 232 232 ) (-640 232 232 ) (-640 208 232 ) 
4 86 104 (-1024 232 232 ) (-1024 248 232 ) (-640 248 232 ) (-640 232 232 ) 
4 86 102 (-664 1024 232 ) (-640 1024 232 ) (-640 248 232 ) (-664 248 232 ) 
4 86 103 (-1024 248 232 ) (-1024 1024 232 ) (-664 1024 232 ) (-664 248 232 ) 
4 86 99 (-480 1024 232 ) (-448 1024 232 ) (-448 232 232 ) (-480 248 232 ) 
4 86 93 (-640 1024 232 ) (-608 1024 232 ) (-608 248 232 ) (-640 232 232 ) 
4 86 90 (0 232 232 ) (0 208 232 ) (-448 208 232 ) (-448 232 232 ) 
4 86 89 (0 248 232 ) (0 232 232 ) (-448 232 232 ) (-448 248 232 ) 
4 86 88 (-448 1024 232 ) (-424 1024 232 ) (-424 248 232 ) (-448 248 232 ) 
4 86 87 (-424 1024 232 ) (0 1024 232 ) (0 248 232 ) (-424 248 232 ) 
4 87 113 (-424 1024 80 ) (0 1024 80 ) (0 248 80 ) (-424 248 80 ) 
4 87 89 (0 248 200 ) (0 248 232 ) (-424 248 232 ) (-424 248 200 ) 
4 87 88 (-424 248 184 ) (-424 248 232 ) (-424 1024 232 ) (-424 1024 184 ) 
4 88 99 (-448 248 216 ) (-448 248 232 ) (-448 1024 232 ) (-448 1024 216 ) 
4 88 89 (-448 248 232 ) (-448 248 200 ) (-424 248 200 ) (-424 248 232 ) 
4 89 99 (-448 232 232 ) (-448 248 232 ) (-448 248 216 ) (-448 232 216 ) 
4 89 90 (-448 232 232 ) (-448 232 216 ) (0 232 216 ) (0 232 232 ) 
4 91 108 (0 208 200 ) (0 208 216 ) (-448 208 216 ) (-448 208 200 ) 
3 91 101 (-448 208 200 ) (-448 208 216 ) (-448 224 200 ) 
4 91 92 (0 208 200 ) (-448 208 200 ) (-448 224 200 ) (0 224 200 ) 
4 92 117 (0 232 80 ) (0 208 80 ) (-448 208 80 ) (-448 232 80 ) 
4 92 112 (-448 208 80 ) (0 208 80 ) (0 208 200 ) (-448 208 200 ) 
4 92 98 (-448 208 184 ) (-448 208 200 ) (-448 224 200 ) (-448 228 184 ) 
5 92 94 (-448 232 80 ) (-448 208 80 ) (-448 208 184 ) (-448 228 184 ) (-448 232 168 ) 
4 93 104 (-640 232 232 ) (-640 248 232 ) (-640 248 216 ) (-640 232 216 ) 
4 93 102 (-640 248 232 ) (-640 1024 232 ) (-640 1024 216 ) (-640 248 216 ) 
5 94 117 (-448 232 80 ) (-448 208 80 ) (-640 208 80 ) (-640 224 80 ) (-624 232 80 ) 
4 94 116 (-448 248 80 ) (-448 232 80 ) (-624 232 80 ) (-592 248 80 ) 
3 94 114 (-448 320 80 ) (-448 248 80 ) (-592 248 80 ) 
5 94 112 (-640 208 80 ) (-448 208 80 ) (-448 208 184 ) (-469.333282 208 200 ) (-640 208 200 ) 
5 94 108 (-469.333282 208 200 ) (-480 208 208 ) (-512 208 216 ) (-640 208 216 ) (-640 208 200 ) 
4 94 107 (-640 224 80 ) (-640 208 80 ) (-640 208 200 ) (-640 224 200 ) 
3 94 106 (-640 208 200 ) (-640 208 216 ) (-640 224 200 ) 
4 94 101 (-512.001953 208 216 ) (-479.998962 208 208 ) (-479.998962 240 208 ) (-512.001953 256 216 ) 
4 94 100 (-479.998962 240 208 ) (-479.998962 248 208 ) (-512.001953 264 216 ) (-512.001953 256 216 ) 
4 94 98 (-480.003906 248.001984 208 ) (-480.003906 208 208 ) (-448 208 183.996582 ) (-448 232 183.996582 ) 
7 94 95 (-640 224 80 ) (-640 224 208 ) (-576 256 216 ) (-512 288 216 ) (-480.013672 303.993164 208.003418 ) (-448 320 183.993164 ) (-448 320 80 ) 
3 95 117 (-624 232 80 ) (-640 224 80 ) (-640 232 80 ) 
4 95 116 (-592 248 80 ) (-624 232 80 ) (-640 232 80 ) (-608 248 80 ) 
4 95 114 (-448 328 80 ) (-448 320 80 ) (-592 248 80 ) (-608 248 80 ) 
4 95 107 (-640 232 80 ) (-640 224 80 ) (-640 224 200 ) (-640 232 168 ) 
4 95 97 (-640 232 80 ) (-640 232 184 ) (-608 248 208 ) (-608 248 80 ) 
7 95 96 (-576 264 216 ) (-512 296 216 ) (-480.001953 312 208 ) (-448 328 184 ) (-448 328 80 ) (-608 248 80 ) (-608 248 208 ) 
4 96 114 (-608 1024 80 ) (-448 1024 80 ) (-448 328 80 ) (-608 248 80 ) 
4 96 97 (-608 1024 80 ) (-608 247.998047 80 ) (-608 247.998047 208 ) (-608 1024 208 ) 
3 97 116 (-608 248 80 ) (-640 232 80 ) (-640 248 80 ) 
4 97 114 (-640 1024 80 ) (-608 1024 80 ) (-608 248 80 ) (-640 248 80 ) 
3 98 112 (-448 208 184 ) (-448 208 200 ) (-469.333282 208 200 ) 
3 98 108 (-448 208 200 ) (-480 208 208 ) (-469.333282 208 200 ) 
4 98 101 (-479.998962 208 208 ) (-448 208 200 ) (-448 224 200 ) (-479.998962 240 208 ) 
4 98 100 (-448 224 200 ) (-448 232 200 ) (-479.998962 248 208 ) (-479.998962 240 208 ) 
3 100 101 (-512 256 216 ) (-448 224 200 ) (-448 224 208 ) 
3 101 108 (-448 208 200 ) (-448 208 216 ) (-512 208 216 ) 
4 102 104 (-640 248 200 ) (-640 248 232 ) (-664 248 232 ) (-664 248 200 ) 
4 102 103 (-664 248 184 ) (-664 248 232 ) (-664 1024 232 ) (-664 1024 184 ) 
4 103 155 (-1024 1024 200 ) (-1024 1024 80 ) (-1024 248 80 ) (-1024 248 200 ) 
4 103 152 (-1024 1024 216 ) (-1024 1024 200 ) (-1024 248 200 ) (-1024 248 216 ) 
4 103 149 (-1024 248 232 ) (-1024 1024 232 ) (-1024 1024 216 ) (-1024 248 216 ) 
4 103 115 (-1024 248 80 ) (-1024 1024 80 ) (-664 1024 80 ) (-664 248 80 ) 
4 103 104 (-664 248 200 ) (-664 248 232 ) (-1024 248 232 ) (-1024 248 200 ) 
4 104 152 (-1024 248 216 ) (-1024 248 200 ) (-1024 232 200 ) (-1024 232 216 ) 
4 104 149 (-1024 232 232 ) (-1024 248 232 ) (-1024 248 216 ) (-1024 232 216 ) 
4 104 105 (-640 232 216 ) (-640 232 232 ) (-1024 232 232 ) (-1024 232 216 ) 
4 105 149 (-1024 208 232 ) (-1024 232 232 ) (-1024 232 216 ) (-1024 208 216 ) 
3 106 153 (-1024 224 200 ) (-1024 208 200 ) (-1024 208 216 ) 
4 106 108 (-640 208 200 ) (-640 208 216 ) (-1024 208 216 ) (-1024 208 200 ) 
4 106 107 (-640 224 200 ) (-640 208 200 ) (-1024 208 200 ) (-1024 224 200 ) 
5 107 156 (-1024 232 80 ) (-1024 208 80 ) (-1024 208 200 ) (-1024 224 200 ) (-1024 232 168 ) 
4 107 117 (-1024 208 80 ) (-1024 232 80 ) (-640 232 80 ) (-640 208 80 ) 
4 107 112 (-1024 208 80 ) (-640 208 80 ) (-640 208 200 ) (-1024 208 200 ) 
4 108 153 (-1024 208 216 ) (-1024 208 200 ) (-1024 40 200 ) (-1024 40 216 ) 
4 108 150 (-1024 152 224 ) (-1024 208 216 ) (-1024 40 216 ) (-1024 96 224 ) 
4 108 112 (-1024 40 200 ) (-1024 208 200 ) (0 208 200 ) (0 40 200 ) 
4 108 110 (-1024 40 200 ) (0 40 200 ) (0 40 216 ) (-1024 40 216 ) 
4 109 151 (-1024 16 232 ) (-1024 40 232 ) (-1024 40 216 ) (-1024 16 216 ) 
4 109 111 (0 16 216 ) (0 16 232 ) (-1024 16 232 ) (-1024 16 216 ) 
3 110 153 (-1024 40 216 ) (-1024 40 200 ) (-1024 24 200 ) 
4 110 112 (-1024 24 200 ) (-1024 40 200 ) (0 40 200 ) (0 24 200 ) 
4 111 176 (0 0 200 ) (0 0 232 ) (-1024 0 232 ) (-1024 0 200 ) 
4 111 154 (-1024 0 200 ) (-1024 0 216 ) (-1024 16 216 ) (-1024 16 200 ) 
4 111 151 (-1024 0 216 ) (-1024 0 232 ) (-1024 16 232 ) (-1024 16 216 ) 
5 112 156 (-1024 24 200 ) (-1024 208 200 ) (-1024 208 80 ) (-1024 16 80 ) (-1024 16 168 ) 
4 112 117 (-1024 96 80 ) (-1024 208 80 ) (0 208 80 ) (0 96 80 ) 
4 113 118 (-424 1024 64 ) (0 1024 64 ) (0 248 64 ) (-424 248 64 ) 
4 114 121 (-640 1024 64 ) (-448 1024 64 ) (-448 248 64 ) (-640 248 64 ) 
4 114 116 (-640 248 64 ) (-448 248 64 ) (-448 248 80 ) (-640 248 80 ) 
4 115 162 (-1024 248 80 ) (-1024 1024 80 ) (-1024 1024 64 ) (-1024 248 64 ) 
4 115 122 (-1024 248 64 ) (-1024 1024 64 ) (-664 1024 64 ) (-664 248 64 ) 
4 116 121 (-640 248 64 ) (-448 248 64 ) (-448 232 64 ) (-640 232 64 ) 
4 116 117 (-640 232 64 ) (-448 232 64 ) (-448 232 80 ) (-640 232 80 ) 
4 117 163 (-1024 96 80 ) (-1024 232 80 ) (-1024 232 64 ) (-1024 96 64 ) 
4 117 132 (-1024 144 64 ) (-1024 200 64 ) (-640 200 64 ) (-640 144 64 ) 
4 117 131 (-1024 200 64 ) (-1024 224 64 ) (-640 224 64 ) (-640 200 64 ) 
4 117 133 (-1024 96 64 ) (-1024 144 64 ) (-640 144 64 ) (-640 96 64 ) 
4 117 129 (-448 200 64 ) (-448 144 64 ) (-640 144 64 ) (-640 200 64 ) 
4 117 128 (-640 224 64 ) (-448 224 64 ) (-448 200 64 ) (-640 200 64 ) 
4 117 130 (-448 144 64 ) (-448 96 64 ) (-640 96 64 ) (-640 144 64 ) 
4 117 126 (0 200 64 ) (0 144 64 ) (-448 144 64 ) (-448 200 64 ) 
4 117 125 (-448 224 64 ) (0 224 64 ) (0 200 64 ) (-448 200 64 ) 
4 117 127 (0 144 64 ) (0 96 64 ) (-448 96 64 ) (-448 144 64 ) 
4 117 123 (-1024 224 64 ) (-1024 232 64 ) (-640 232 64 ) (-640 224 64 ) 
4 117 121 (-640 232 64 ) (-448 232 64 ) (-448 224 64 ) (-640 224 64 ) 
4 117 119 (-448 232 64 ) (0 232 64 ) (0 224 64 ) (-448 224 64 ) 
4 118 120 (-424 1024 32 ) (0 1024 32 ) (0 248 32 ) (-424 248 32 ) 
4 119 125 (0 224 32 ) (0 224 64 ) (-448 224 64 ) (-448 224 32 ) 
3 119 121 (-448 224 32 ) (-448 224 64 ) (-448 232 64 ) 
4 120 147 (-424 1024 16 ) (0 1024 16 ) (0 224 16 ) (-424 224 16 ) 
4 121 146 (-448 224 24 ) (-448 224 32 ) (-640 224 32 ) (-640 224 24 ) 
4 121 128 (-448 224 32 ) (-448 224 64 ) (-640 224 64 ) (-640 224 32 ) 
3 121 123 (-640 224 32 ) (-640 224 64 ) (-640 232 64 ) 
4 122 168 (-1024 248 64 ) (-1024 1024 64 ) (-1024 1024 32 ) (-1024 248 32 ) 
4 122 124 (-1024 1024 32 ) (-664 1024 32 ) (-664 248 32 ) (-1024 248 32 ) 
3 123 164 (-1024 224 64 ) (-1024 232 64 ) (-1024 224 32 ) 
4 123 131 (-640 224 32 ) (-640 224 64 ) (-1024 224 64 ) (-1024 224 32 ) 
4 124 174 (-1024 1024 32 ) (-1024 1024 16 ) (-1024 224 16 ) (-1024 224 32 ) 
4 124 147 (-1024 224 16 ) (-1024 1024 16 ) (-664 1024 16 ) (-664 224 16 ) 
4 125 135 (-448 223.996094 32 ) (0 223.996094 32 ) (0 200 32 ) (-448 200 32 ) 
4 125 128 (-448 224 64 ) (-448 224 32 ) (-448 200 32 ) (-448 200 64 ) 
4 125 126 (-448 200 64 ) (-448 200 32 ) (0 200 32 ) (0 200 64 ) 
4 126 136 (0 200 32 ) (0 144 32 ) (-448 144 32 ) (-448 200 32 ) 
4 126 129 (-448 200 32 ) (-448 144 32 ) (-448 144 64 ) (-448 200 64 ) 
4 126 127 (-448 144 64 ) (-448 144 32 ) (0 144 32 ) (0 144 64 ) 
4 127 137 (0 144 32 ) (0 112 32 ) (-448 112 32 ) (-448 144 32 ) 
4 127 130 (-448 144 32 ) (-448 112 32 ) (-448 96 64 ) (-448 144 64 ) 
4 128 138 (-640 223.996094 32 ) (-448 223.996094 32 ) (-448 200 32 ) (-640 200 32 ) 
4 128 131 (-640 224 64 ) (-640 224 32 ) (-640 200 32 ) (-640 200 64 ) 
4 128 129 (-640 200 64 ) (-640 200 32 ) (-448 200 32 ) (-448 200 64 ) 
4 129 139 (-448 200 32 ) (-448 144 32 ) (-640 144 32 ) (-640 200 32 ) 
4 129 132 (-640 200 32 ) (-640 144 32 ) (-640 144 64 ) (-640 200 64 ) 
4 129 130 (-640 144 64 ) (-640 144 32 ) (-448 144 32 ) (-448 144 64 ) 
4 130 140 (-448 144 32 ) (-448 112 32 ) (-640 112 32 ) (-640 144 32 ) 
4 130 133 (-640 144 32 ) (-640 112 32 ) (-640 96 64 ) (-640 144 64 ) 
4 131 164 (-1024 200 64 ) (-1024 224 64 ) (-1024 224 32 ) (-1024 200 32 ) 
4 131 141 (-1024 200 32 ) (-1024 223.996094 32 ) (-640 223.996094 32 ) (-640 200 32 ) 
4 131 132 (-1024 200 32 ) (-640 200 32 ) (-640 200 64 ) (-1024 200 64 ) 
4 132 165 (-1024 144 64 ) (-1024 200 64 ) (-1024 200 32 ) (-1024 144 32 ) 
4 132 142 (-1024 144 32 ) (-1024 200 32 ) (-640 200 32 ) (-640 144 32 ) 
4 132 133 (-1024 144 32 ) (-640 144 32 ) (-640 144 64 ) (-1024 144 64 ) 
4 133 166 (-1024 96 64 ) (-1024 144 64 ) (-1024 144 32 ) (-1024 112 32 ) 
4 133 143 (-1024 112 32 ) (-1024 144 32 ) (-640 144 32 ) (-640 112 32 ) 
4 134 176 (0 0 32 ) (0 0 64 ) (-1024 0 64 ) (-1024 0 32 ) 
4 134 167 (-1024 0 32 ) (-1024 0 64 ) (-1024 88 64 ) (-1024 88 32 ) 
4 134 144 (-1024 0 32 ) (-1024 88 32 ) (0 88 32 ) (0 0 32 ) 
3 135 138 (-448 200 24 ) (-448 200 32 ) (-448 224 32 ) 
4 135 136 (-448 200 32 ) (-448 200 24 ) (0 200 24 ) (0 200 32 ) 
4 136 139 (-448 200 24 ) (-448 144 24 ) (-448 144 32 ) (-448 200 32 ) 
4 136 137 (-448 144 32 ) (-448 144 24 ) (0 144 24 ) (0 144 32 ) 
3 137 140 (-448 144 24 ) (-448 112 32 ) (-448 144 32 ) 
4 138 146 (-640 224 32 ) (-448 224 32 ) (-448 200 24 ) (-640 200 24 ) 
3 138 141 (-640 200 24 ) (-640 200 32 ) (-640 224 32 ) 
4 138 139 (-640 200 32 ) (-640 200 24 ) (-448 200 24 ) (-448 200 32 ) 
4 139 142 (-640 200 24 ) (-640 144 24 ) (-640 144 32 ) (-640 200 32 ) 
4 139 140 (-640 144 32 ) (-640 144 24 ) (-448 144 24 ) (-448 144 32 ) 
3 140 143 (-640 144 24 ) (-640 112 32 ) (-640 144 32 ) 
3 141 169 (-1024 200 32 ) (-1024 224 32 ) (-1024 200 24 ) 
4 141 142 (-1024 200 24 ) (-640 200 24 ) (-640 200 32 ) (-1024 200 32 ) 
4 142 170 (-1024 144 32 ) (-1024 200 32 ) (-1024 200 24 ) (-1024 144 24 ) 
4 142 143 (-1024 144 24 ) (-640 144 24 ) (-640 144 32 ) (-1024 144 32 ) 
3 143 171 (-1024 112 32 ) (-1024 144 32 ) (-1024 144 24 ) 
4 144 176 (0 0 24 ) (0 0 32 ) (-1024 0 32 ) (-1024 0 24 ) 
4 144 172 (-1024 0 24 ) (-1024 0 32 ) (-1024 112 32 ) (-1024 112 24 ) 
4 144 145 (0 0 24 ) (-1024 0 24 ) (-1024 112 24 ) (0 112 24 ) 
4 145 176 (0 0 16 ) (0 0 24 ) (-1024 0 24 ) (-1024 0 16 ) 
4 145 173 (-1024 0 16 ) (-1024 0 24 ) (-1024 112 24 ) (-1024 112 16 ) 
4 145 147 (0 0 16 ) (-1024 0 16 ) (-1024 112 16 ) (0 112 16 ) 
4 147 176 (0 0 -992 ) (0 0 16 ) (-1024 0 16 ) (-1024 0 -992 ) 
4 147 175 (-1024 0 -992 ) (-1024 0 16 ) (-1024 1024 16 ) (-1024 1024 -992 ) 
4 148 180 (-2048 1024 2016 ) (-2048 1024 232 ) (-2048 0 232 ) (-2048 0 2016 ) 
4 148 177 (-2048 0 2016 ) (-2048 0 232 ) (-1024 0 232 ) (-1024 0 2016 ) 
4 148 149 (-1024 1024 232 ) (-1024 208 232 ) (-2048 208 232 ) (-2048 1024 232 ) 
4 148 151 (-1024 40 232 ) (-1024 0 232 ) (-2048 0 232 ) (-2048 40 232 ) 
4 149 181 (-2048 1024 232 ) (-2048 1024 216 ) (-2048 208 216 ) (-2048 208 232 ) 
4 149 152 (-2048 232 216 ) (-2048 1024 216 ) (-1024 1024 216 ) (-1024 232 216 ) 
4 150 182 (-2048 208 216 ) (-2048 40 216 ) (-2048 96 224 ) (-2048 152 224 ) 
4 150 153 (-2048 40 216 ) (-2048 208 216 ) (-1024 208 216 ) (-1024 40 216 ) 
4 151 183 (-2048 40 216 ) (-2048 0 216 ) (-2048 0 232 ) (-2048 40 232 ) 
4 151 177 (-2048 0 232 ) (-2048 0 216 ) (-1024 0 216 ) (-1024 0 232 ) 
4 151 154 (-1024 0 216 ) (-2048 0 216 ) (-2048 16 216 ) (-1024 16 216 ) 
4 152 184 (-2048 1024 216 ) (-2048 1024 200 ) (-2048 232 200 ) (-2048 232 216 ) 
4 152 155 (-2048 248 200 ) (-2048 1024 200 ) (-1024 1024 200 ) (-1024 248 200 ) 
4 153 185 (-2048 224 200 ) (-2048 24 200 ) (-2048 40 216 ) (-2048 208 216 ) 
4 153 158 (-2048 30 200 ) (-2048 46 200 ) (-1704 46 200 ) (-1704 30 200 ) 
4 153 157 (-2048 46 200 ) (-2048 224 200 ) (-1704 224 200 ) (-1704 46 200 ) 
4 153 161 (-2048 24 200 ) (-2048 30 200 ) (-1704 30 200 ) (-1704 24 200 ) 
4 153 156 (-1704 224 200 ) (-1024 224 200 ) (-1024 24 200 ) (-1704 24 200 ) 
4 154 186 (-2048 16 200 ) (-2048 0 200 ) (-2048 0 216 ) (-2048 16 216 ) 
4 154 177 (-2048 0 216 ) (-2048 0 200 ) (-1024 0 200 ) (-1024 0 216 ) 
4 155 187 (-2048 1024 200 ) (-2048 1024 80 ) (-2048 248 80 ) (-2048 248 200 ) 
4 155 162 (-1024 1024 80 ) (-1024 248 80 ) (-2048 248 80 ) (-2048 1024 80 ) 
4 156 163 (-1024 232 80 ) (-1024 96 80 ) (-1704 96 80 ) (-1704 232 80 ) 
4 156 159 (-1704 30 182 ) (-1704 30 198 ) (-1704 46 198 ) (-1704 46 182 ) 
4 156 158 (-1704 30 198 ) (-1704 30 200 ) (-1704 46 200 ) (-1704 46 198 ) 
4 156 160 (-1704 46 80 ) (-1704 30 80 ) (-1704 30 182 ) (-1704 46 182 ) 
5 156 157 (-1704 224.001984 200 ) (-1704 232 168.007904 ) (-1704 232 80 ) (-1704 46 80 ) (-1704 46 200 ) 
5 156 161 (-1704 30 80 ) (-1704 16 80 ) (-1704 16 168.003906 ) (-1704 24 200 ) (-1704 30 200 ) 
5 157 188 (-2048 232 80 ) (-2048 46 80 ) (-2048 46 200 ) (-2048 224 200 ) (-2048 232 168 ) 
4 157 163 (-2048 96 80 ) (-2048 232 80 ) (-1704 232 80 ) (-1704 96 80 ) 
4 157 159 (-1704 46 182 ) (-1704 46 198 ) (-2048 46 198 ) (-2048 46 182 ) 
4 157 158 (-1704 46 198 ) (-1704 46 200 ) (-2048 46 200 ) (-2048 46 198 ) 
4 157 160 (-2048 46 80 ) (-1704 46 80 ) (-1704 46 182 ) (-2048 46 182 ) 
4 158 189 (-2048 30 198 ) (-2048 30 200 ) (-2048 46 200 ) (-2048 46 198 ) 
4 158 161 (-1704 30 198 ) (-1704 30 200 ) (-2048 30 200 ) (-2048 30 198 ) 
4 158 159 (-1704 30 198 ) (-2048 30 198 ) (-2048 46 198 ) (-1704 46 198 ) 
4 159 190 (-2048 30 182 ) (-2048 30 198 ) (-2048 46 198 ) (-2048 46 182 ) 
4 159 160 (-1704 30 182 ) (-2048 30 182 ) (-2048 46 182 ) (-1704 46 182 ) 
4 159 161 (-1704 30 182 ) (-1704 30 198 ) (-2048 30 198 ) (-2048 30 182 ) 
4 160 191 (-2048 46 80 ) (-2048 30 80 ) (-2048 30 182 ) (-2048 46 182 ) 
4 160 161 (-2048 30 80 ) (-1704 30 80 ) (-1704 30 182 ) (-2048 30 182 ) 
5 161 192 (-2048 30 80 ) (-2048 16 80 ) (-2048 16 168 ) (-2048 24 200 ) (-2048 30 200 ) 
4 162 194 (-2048 1024 80 ) (-2048 1024 64 ) (-2048 248 64 ) (-2048 248 80 ) 
4 162 168 (-1024 1024 64 ) (-1024 248 64 ) (-2048 248 64 ) (-2048 1024 64 ) 
4 163 195 (-2048 232 64 ) (-2048 96 64 ) (-2048 96 80 ) (-2048 232 80 ) 
4 163 165 (-1024 200 64 ) (-1024 144 64 ) (-2048 144 64 ) (-2048 200 64 ) 
4 163 164 (-1024 232 64 ) (-1024 200 64 ) (-2048 200 64 ) (-2048 232 64 ) 
4 163 166 (-1024 144 64 ) (-1024 96 64 ) (-2048 96 64 ) (-2048 144 64 ) 
4 164 196 (-2048 224 32 ) (-2048 200 32 ) (-2048 200 64 ) (-2048 232 64 ) 
4 164 169 (-1024 224 32 ) (-1024 200 32 ) (-2048 200 32 ) (-2048 224 32 ) 
4 164 165 (-2048 200 32 ) (-1024 200 32 ) (-1024 200 64 ) (-2048 200 64 ) 
4 165 197 (-2048 200 32 ) (-2048 144 32 ) (-2048 144 64 ) (-2048 200 64 ) 
4 165 170 (-1024 200 32 ) (-1024 144 32 ) (-2048 144 32 ) (-2048 200 32 ) 
4 165 166 (-2048 144 32 ) (-1024 144 32 ) (-1024 144 64 ) (-2048 144 64 ) 
4 166 198 (-2048 144 32 ) (-2048 112 32 ) (-2048 96 64 ) (-2048 144 64 ) 
4 166 171 (-1024 144 32 ) (-1024 112 32 ) (-2048 112 32 ) (-2048 144 32 ) 
4 167 199 (-2048 88 32 ) (-2048 0 32 ) (-2048 0 64 ) (-2048 88 64 ) 
4 167 177 (-2048 0 64 ) (-2048 0 32 ) (-1024 0 32 ) (-1024 0 64 ) 
4 167 172 (-1024 88 32 ) (-1024 0 32 ) (-2048 0 32 ) (-2048 88 32 ) 
4 168 200 (-2048 1024 64 ) (-2048 1024 32 ) (-2048 248 32 ) (-2048 248 64 ) 
4 168 174 (-1024 1024 32 ) (-1024 248 32 ) (-2048 248 32 ) (-2048 1024 32 ) 
3 169 201 (-2048 200 32 ) (-2048 224 32 ) (-2048 200 24 ) 
4 169 170 (-2048 200 24 ) (-1024 200 24 ) (-1024 200 32 ) (-2048 200 32 ) 
4 170 202 (-2048 144 32 ) (-2048 200 32 ) (-2048 200 24 ) (-2048 144 24 ) 
4 170 171 (-2048 144 24 ) (-1024 144 24 ) (-1024 144 32 ) (-2048 144 32 ) 
3 171 203 (-2048 112 32 ) (-2048 144 32 ) (-2048 144 24 ) 
4 172 204 (-2048 0 24 ) (-2048 0 32 ) (-2048 112 32 ) (-2048 112 24 ) 
4 172 177 (-2048 0 32 ) (-2048 0 24 ) (-1024 0 24 ) (-1024 0 32 ) 
4 172 173 (-1024 112 24 ) (-1024 0 24 ) (-2048 0 24 ) (-2048 112 24 ) 
4 173 205 (-2048 112 16 ) (-2048 0 16 ) (-2048 0 24 ) (-2048 112 24 ) 
4 173 177 (-2048 0 24 ) (-2048 0 16 ) (-1024 0 16 ) (-1024 0 24 ) 
4 173 175 (-1024 0 16 ) (-2048 0 16 ) (-2048 112 16 ) (-1024 112 16 ) 
4 174 206 (-2048 1024 32 ) (-2048 1024 16 ) (-2048 224 16 ) (-2048 224 32 ) 
4 174 175 (-2048 224 16 ) (-2048 1024 16 ) (-1024 1024 16 ) (-1024 224 16 ) 
4 175 207 (-2048 1024 16 ) (-2048 1024 -992 ) (-2048 0 -992 ) (-2048 0 16 ) 
4 175 177 (-2048 0 16 ) (-2048 0 -992 ) (-1024 0 -992 ) (-1024 0 16 ) 
4 176 178 (0 -1024 -992 ) (0 -1024 2016 ) (-1024 -1024 2016 ) (-1024 -1024 -992 ) 
4 176 177 (-1024 0 2016 ) (-1024 0 -992 ) (-1024 -1024 -992 ) (-1024 -1024 2016 ) 
4 177 208 (-2048 -1024 -992 ) (-2048 -1024 2016 ) (-2048 0 2016 ) (-2048 0 -992 ) 
4 177 179 (-1024 -1024 -992 ) (-1024 -1024 2016 ) (-2048 -1024 2016 ) (-2048 -1024 -992 ) 
4 178 179 (-1024 -2016 2016 ) (-1024 -1024 2016 ) (-1024 -1024 -992 ) (-1024 -2016 -992 ) 
4 179 235 (-2048 -2016 2016 ) (-2048 -1024 2016 ) (-2048 -1024 -992 ) (-2048 -2016 -992 ) 
4 180 209 (-3072 1024 2016 ) (-3072 1024 232 ) (-3072 0 232 ) (-3072 0 2016 ) 
4 180 208 (-2048 0 232 ) (-2048 0 2016 ) (-3072 0 2016 ) (-3072 0 232 ) 
4 180 181 (-3072 208 232 ) (-3072 1024 232 ) (-2048 1024 232 ) (-2048 208 232 ) 
4 180 183 (-3072 0 232 ) (-3072 40 232 ) (-2048 40 232 ) (-2048 0 232 ) 
4 181 210 (-3072 1024 232 ) (-3072 1024 216 ) (-3072 208 216 ) (-3072 208 232 ) 
4 181 184 (-3072 232 216 ) (-3072 1024 216 ) (-2048 1024 216 ) (-2048 232 216 ) 
4 182 211 (-3072 208 216 ) (-3072 40 216 ) (-3072 96 224 ) (-3072 152 224 ) 
4 182 185 (-3072 40 216 ) (-3072 208 216 ) (-2048 208 216 ) (-2048 40 216 ) 
4 183 212 (-3072 40 216 ) (-3072 0 216 ) (-3072 0 232 ) (-3072 40 232 ) 
4 183 208 (-2048 0 216 ) (-2048 0 232 ) (-3072 0 232 ) (-3072 0 216 ) 
4 183 186 (-2048 0 216 ) (-3072 0 216 ) (-3072 16 216 ) (-2048 16 216 ) 
4 184 213 (-3072 1024 216 ) (-3072 1024 200 ) (-3072 232 200 ) (-3072 232 216 ) 
4 184 187 (-3072 248 200 ) (-3072 1024 200 ) (-2048 1024 200 ) (-2048 248 200 ) 
4 185 214 (-3072 224 200 ) (-3072 24 200 ) (-3072 40 216 ) (-3072 208 216 ) 
4 185 189 (-2048 46 200 ) (-2048 30 200 ) (-2504 30 200 ) (-2504 46 200 ) 
4 185 188 (-2504 224 200 ) (-2048 224 200 ) (-2048 46 200 ) (-2504 46 200 ) 
4 185 192 (-2048 30 200 ) (-2048 24 200 ) (-2504 24 200 ) (-2504 30 200 ) 
4 185 193 (-3072 24 200 ) (-3072 224 200 ) (-2504 224 200 ) (-2504 24 200 ) 
4 186 215 (-3072 16 200 ) (-3072 0 200 ) (-3072 0 216 ) (-3072 16 216 ) 
4 186 208 (-2048 0 200 ) (-2048 0 216 ) (-3072 0 216 ) (-3072 0 200 ) 
4 187 216 (-3072 1024 200 ) (-3072 1024 80 ) (-3072 248 80 ) (-3072 248 200 ) 
4 187 194 (-3072 248 80 ) (-3072 1024 80 ) (-2048 1024 80 ) (-2048 248 80 ) 
4 188 195 (-2504 232 80 ) (-2048 232 80 ) (-2048 96 80 ) (-2504 96 80 ) 
4 188 190 (-2504 46 198 ) (-2504 46 182 ) (-2048 46 182 ) (-2048 46 198 ) 
4 188 189 (-2504 46 200 ) (-2504 46 198 ) (-2048 46 198 ) (-2048 46 200 ) 
4 188 191 (-2504 46 182 ) (-2504 46 80 ) (-2048 46 80 ) (-2048 46 182 ) 
5 188 193 (-2504 224.001984 200 ) (-2504 232 168.007904 ) (-2504 232 80 ) (-2504 46 80 ) (-2504 46 200 ) 
4 189 192 (-2504 30 200 ) (-2504 30 198 ) (-2048 30 198 ) (-2048 30 200 ) 
4 189 193 (-2504 30 198 ) (-2504 30 200 ) (-2504 46 200 ) (-2504 46 198 ) 
4 189 190 (-2048 30 198 ) (-2504 30 198 ) (-2504 46 198 ) (-2048 46 198 ) 
4 190 191 (-2048 30 182 ) (-2504 30 182 ) (-2504 46 182 ) (-2048 46 182 ) 
4 190 192 (-2504 30 198 ) (-2504 30 182 ) (-2048 30 182 ) (-2048 30 198 ) 
4 190 193 (-2504 30 182 ) (-2504 30 198 ) (-2504 46 198 ) (-2504 46 182 ) 
4 191 193 (-2504 46 80 ) (-2504 30 80 ) (-2504 30 182 ) (-2504 46 182 ) 
4 191 192 (-2504 30 182 ) (-2504 30 80 ) (-2048 30 80 ) (-2048 30 182 ) 
5 192 193 (-2504 30 80 ) (-2504 16 80 ) (-2504 16 168.003906 ) (-2504 24 200 ) (-2504 30 200 ) 
6 193 217 (-3072 232 80 ) (-3072 16 80 ) (-3072 16 168 ) (-3072 24 200 ) (-3072 224 200 ) (-3072 232 168 ) 
4 193 195 (-3072 96 80 ) (-3072 232 80 ) (-2504 232 80 ) (-2504 96 80 ) 
4 194 216 (-3072 1024 80 ) (-3072 1024 64 ) (-3072 248 64 ) (-3072 248 80 ) 
4 194 200 (-3072 248 64 ) (-3072 1024 64 ) (-2048 1024 64 ) (-2048 248 64 ) 
4 195 218 (-3072 232 64 ) (-3072 96 64 ) (-3072 96 80 ) (-3072 232 80 ) 
4 195 197 (-3072 144 64 ) (-3072 200 64 ) (-2048 200 64 ) (-2048 144 64 ) 
4 195 196 (-3072 200 64 ) (-3072 232 64 ) (-2048 232 64 ) (-2048 200 64 ) 
4 195 198 (-3072 96 64 ) (-3072 144 64 ) (-2048 144 64 ) (-2048 96 64 ) 
4 196 219 (-3072 224 32 ) (-3072 200 32 ) (-3072 200 64 ) (-3072 232 64 ) 
4 196 201 (-3072 200 32 ) (-3072 224 32 ) (-2048 224 32 ) (-2048 200 32 ) 
4 196 197 (-3072 200 32 ) (-2048 200 32 ) (-2048 200 64 ) (-3072 200 64 ) 
4 197 220 (-3072 200 32 ) (-3072 144 32 ) (-3072 144 64 ) (-3072 200 64 ) 
4 197 202 (-3072 144 32 ) (-3072 200 32 ) (-2048 200 32 ) (-2048 144 32 ) 
4 197 198 (-3072 144 32 ) (-2048 144 32 ) (-2048 144 64 ) (-3072 144 64 ) 
4 198 221 (-3072 144 32 ) (-3072 112 32 ) (-3072 96 64 ) (-3072 144 64 ) 
4 198 203 (-3072 112 32 ) (-3072 144 32 ) (-2048 144 32 ) (-2048 112 32 ) 
4 199 223 (-3072 88 32 ) (-3072 0 32 ) (-3072 0 64 ) (-3072 88 64 ) 
4 199 208 (-2048 0 32 ) (-2048 0 64 ) (-3072 0 64 ) (-3072 0 32 ) 
4 199 204 (-3072 0 32 ) (-3072 88 32 ) (-2048 88 32 ) (-2048 0 32 ) 
4 200 222 (-3072 1024 64 ) (-3072 1024 32 ) (-3072 248 32 ) (-3072 248 64 ) 
4 200 206 (-3072 248 32 ) (-3072 1024 32 ) (-2048 1024 32 ) (-2048 248 32 ) 
3 201 224 (-3072 200 32 ) (-3072 224 32 ) (-3072 200 24 ) 
4 201 202 (-3072 200 24 ) (-2048 200 24 ) (-2048 200 32 ) (-3072 200 32 ) 
4 202 225 (-3072 144 32 ) (-3072 200 32 ) (-3072 200 24 ) (-3072 144 24 ) 
4 202 203 (-3072 144 24 ) (-2048 144 24 ) (-2048 144 32 ) (-3072 144 32 ) 
3 203 226 (-3072 112 32 ) (-3072 144 32 ) (-3072 144 24 ) 
4 204 228 (-3072 0 24 ) (-3072 0 32 ) (-3072 112 32 ) (-3072 112 24 ) 
4 204 208 (-2048 0 24 ) (-2048 0 32 ) (-3072 0 32 ) (-3072 0 24 ) 
4 204 205 (-3072 0 24 ) (-3072 112 24 ) (-2048 112 24 ) (-2048 0 24 ) 
4 205 228 (-3072 112 16 ) (-3072 0 16 ) (-3072 0 24 ) (-3072 112 24 ) 
4 205 208 (-2048 0 16 ) (-2048 0 24 ) (-3072 0 24 ) (-3072 0 16 ) 
4 205 207 (-2048 0 16 ) (-3072 0 16 ) (-3072 112 16 ) (-2048 112 16 ) 
4 206 227 (-3072 1024 32 ) (-3072 1024 16 ) (-3072 224 16 ) (-3072 224 32 ) 
4 206 207 (-3072 224 16 ) (-3072 1024 16 ) (-2048 1024 16 ) (-2048 224 16 ) 
4 207 229 (-3072 1024 16 ) (-3072 1024 -992 ) (-3072 0 -992 ) (-3072 0 16 ) 
4 207 208 (-2048 0 -992 ) (-2048 0 16 ) (-3072 0 16 ) (-3072 0 -992 ) 
4 208 235 (-2048 -1024 -992 ) (-2048 -1024 2016 ) (-3072 -1024 2016 ) (-3072 -1024 -992 ) 
4 208 234 (-3072 -1024 -992 ) (-3072 -1024 2016 ) (-3072 0 2016 ) (-3072 0 -992 ) 
4 209 234 (-3072 0 232 ) (-3072 0 2016 ) (-3584 0 2016 ) (-3584 0 232 ) 
4 209 231 (-3584 0 232 ) (-3584 0 2016 ) (-3584 248 2016 ) (-3584 248 232 ) 
4 209 230 (-3584 248 2016 ) (-3584 1024 2016 ) (-3584 1024 232 ) (-3584 248 232 ) 
4 209 212 (-3584 0 232 ) (-3584 40 232 ) (-3072 40 232 ) (-3072 0 232 ) 
4 209 210 (-3584 208 232 ) (-3584 1024 232 ) (-3072 1024 232 ) (-3072 208 232 ) 
4 210 230 (-3584 248 232 ) (-3584 1024 232 ) (-3584 1024 216 ) (-3584 248 216 ) 
4 210 213 (-3584 232 216 ) (-3584 1024 216 ) (-3072 1024 216 ) (-3072 232 216 ) 
4 211 214 (-3584 40 216 ) (-3584 208 216 ) (-3072 208 216 ) (-3072 40 216 ) 
4 212 234 (-3072 0 216 ) (-3072 0 232 ) (-3584 0 232 ) (-3584 0 216 ) 
4 212 215 (-3072 0 216 ) (-3584 0 216 ) (-3584 16 216 ) (-3072 16 216 ) 
4 213 230 (-3584 248 216 ) (-3584 1024 216 ) (-3584 1024 200 ) (-3584 248 200 ) 
4 213 216 (-3584 248 200 ) (-3584 1024 200 ) (-3072 1024 200 ) (-3072 248 200 ) 
4 214 217 (-3584 24 200 ) (-3584 224 200 ) (-3072 224 200 ) (-3072 24 200 ) 
4 215 234 (-3072 0 200 ) (-3072 0 216 ) (-3584 0 216 ) (-3584 0 200 ) 
4 216 230 (-3584 248 200 ) (-3584 1024 200 ) (-3584 1024 64 ) (-3584 248 64 ) 
4 216 222 (-3584 248 64 ) (-3584 1024 64 ) (-3072 1024 64 ) (-3072 248 64 ) 
4 217 218 (-3584 96 80 ) (-3584 232 80 ) (-3072 232 80 ) (-3072 96 80 ) 
4 218 220 (-3584 144 64 ) (-3584 200 64 ) (-3072 200 64 ) (-3072 144 64 ) 
4 218 219 (-3584 200 64 ) (-3584 232 64 ) (-3072 232 64 ) (-3072 200 64 ) 
4 218 221 (-3584 96 64 ) (-3584 144 64 ) (-3072 144 64 ) (-3072 96 64 ) 
4 219 224 (-3584 200 32 ) (-3584 224 32 ) (-3072 224 32 ) (-3072 200 32 ) 
4 219 220 (-3584 200 32 ) (-3072 200 32 ) (-3072 200 64 ) (-3584 200 64 ) 
4 220 225 (-3584 144 32 ) (-3584 200 32 ) (-3072 200 32 ) (-3072 144 32 ) 
4 220 221 (-3584 144 32 ) (-3072 144 32 ) (-3072 144 64 ) (-3584 144 64 ) 
4 221 226 (-3584 112 32 ) (-3584 144 32 ) (-3072 144 32 ) (-3072 112 32 ) 
4 222 230 (-3584 248 64 ) (-3584 1024 64 ) (-3584 1024 32 ) (-3584 248 32 ) 
4 222 227 (-3584 248 32 ) (-3584 1024 32 ) (-3072 1024 32 ) (-3072 248 32 ) 
4 223 234 (-3072 0 32 ) (-3072 0 64 ) (-3584 0 64 ) (-3584 0 32 ) 
4 223 228 (-3584 0 32 ) (-3584 88 32 ) (-3072 88 32 ) (-3072 0 32 ) 
4 224 225 (-3584 200 24 ) (-3072 200 24 ) (-3072 200 32 ) (-3584 200 32 ) 
4 225 226 (-3584 144 24 ) (-3072 144 24 ) (-3072 144 32 ) (-3584 144 32 ) 
4 227 230 (-3584 248 32 ) (-3584 1024 32 ) (-3584 1024 16 ) (-3584 248 16 ) 
4 227 229 (-3584 224 16 ) (-3584 1024 16 ) (-3072 1024 16 ) (-3072 224 16 ) 
4 228 234 (-3072 0 16 ) (-3072 0 32 ) (-3584 0 32 ) (-3584 0 16 ) 
4 228 229 (-3072 0 16 ) (-3584 0 16 ) (-3584 112 16 ) (-3072 112 16 ) 
4 229 234 (-3072 0 -992 ) (-3072 0 16 ) (-3584 0 16 ) (-3584 0 -992 ) 
4 229 232 (-3584 0 -992 ) (-3584 0 16 ) (-3584 248 16 ) (-3584 248 -992 ) 
4 229 230 (-3584 248 16 ) (-3584 1024 16 ) (-3584 1024 -992 ) (-3584 248 -992 ) 
4 230 231 (-3616 248 2016 ) (-3616 248 232 ) (-3584 248 232 ) (-3584 248 2016 ) 
4 230 232 (-3616 248 16 ) (-3616 248 -992 ) (-3584 248 -992 ) (-3584 248 16 ) 
4 230 233 (-3616 1024 -992 ) (-3616 248 -992 ) (-3616 248 2016 ) (-3616 1024 2016 ) 
4 231 234 (-3584 0 232 ) (-3584 0 2016 ) (-3616 0 2016 ) (-3616 0 232 ) 
4 231 233 (-3616 0 232 ) (-3616 0 2016 ) (-3616 248 2016 ) (-3616 248 232 ) 
4 232 234 (-3584 0 -992 ) (-3584 0 16 ) (-3616 0 16 ) (-3616 0 -992 ) 
4 232 233 (-3616 248 -992 ) (-3616 0 -992 ) (-3616 0 16 ) (-3616 248 16 ) 
4 233 234 (-3616 0 2016 ) (-4064 0 2016 ) (-4064 0 -992 ) (-3616 0 -992 ) 
4 234 236 (-3072 -1024 -992 ) (-3072 -1024 2016 ) (-4064 -1024 2016 ) (-4064 -1024 -992 ) 
4 235 236 (-3072 -1024 2016 ) (-3072 -1024 -992 ) (-3072 -2016 -992 ) (-3072 -2016 2016 ) 
