PRT1
354
1044
4 0 17 (2404 1024 272 ) (2404 1024 -992 ) (3040 1024 -992 ) (3040 1024 272 ) 
4 0 13 (3040 1024 2016 ) (2404 1024 2016 ) (2404 1024 272 ) (3040 1024 272 ) 
4 0 3 (2404 1024 372 ) (2404 1024 412 ) (2404 1973 412 ) (2404 1973 372 ) 
4 0 2 (2404 1024 412 ) (2404 1024 2016 ) (2404 1973 2016 ) (2404 1973 412 ) 
4 0 4 (2404 1973 -992 ) (2404 1024 -992 ) (2404 1024 372 ) (2404 1973 372 ) 
4 0 1 (2404 2016 2016 ) (2404 2016 -992 ) (2404 1973 -992 ) (2404 1973 2016 ) 
4 1 5 (2048 1973 2016 ) (2048 2016 2016 ) (2048 2016 -992 ) (2048 1973 -992 ) 
4 1 3 (2404 1973 372 ) (2404 1973 412 ) (2048 1973 412 ) (2048 1973 372 ) 
4 1 2 (2404 1973 412 ) (2404 1973 2016 ) (2048 1973 2016 ) (2048 1973 412 ) 
4 1 4 (2048 1973 -992 ) (2404 1973 -992 ) (2404 1973 372 ) (2048 1973 372 ) 
4 2 14 (2404 1024 2016 ) (2048 1024 2016 ) (2048 1024 412 ) (2404 1024 412 ) 
4 2 6 (2048 1024 412 ) (2048 1024 2016 ) (2048 1973 2016 ) (2048 1973 412 ) 
4 2 3 (2048 1973 412 ) (2404 1973 412 ) (2404 1024 412 ) (2048 1024 412 ) 
4 3 15 (2048 1024 412 ) (2048 1024 372 ) (2404 1024 372 ) (2404 1024 412 ) 
4 3 7 (2048 1024 372 ) (2048 1024 412 ) (2048 1973 412 ) (2048 1973 372 ) 
4 3 4 (2048 1024 372 ) (2048 1973 372 ) (2404 1973 372 ) (2404 1024 372 ) 
4 4 18 (2048 1024 272 ) (2048 1024 -992 ) (2064 1024 -992 ) (2064 1024 272 ) 
4 4 17 (2064 1024 -992 ) (2404 1024 -992 ) (2404 1024 272 ) (2064 1024 272 ) 
4 4 16 (2048 1024 372 ) (2048 1024 272 ) (2404 1024 272 ) (2404 1024 372 ) 
4 4 8 (2048 1024 -992 ) (2048 1024 372 ) (2048 1973 372 ) (2048 1973 -992 ) 
4 5 9 (1024 1973 2016 ) (1024 2016 2016 ) (1024 2016 -992 ) (1024 1973 -992 ) 
4 5 7 (2048 1973 372 ) (2048 1973 412 ) (1024 1973 412 ) (1024 1973 372 ) 
4 5 6 (2048 1973 412 ) (2048 1973 2016 ) (1024 1973 2016 ) (1024 1973 412 ) 
4 5 8 (1024 1973 -992 ) (2048 1973 -992 ) (2048 1973 372 ) (1024 1973 372 ) 
4 6 25 (2048 1024 412 ) (2048 1024 2016 ) (1024 1024 2016 ) (1024 1024 412 ) 
4 6 10 (1024 1024 412 ) (1024 1024 2016 ) (1024 1973 2016 ) (1024 1973 412 ) 
4 6 7 (2048 1024 412 ) (1024 1024 412 ) (1024 1973 412 ) (2048 1973 412 ) 
4 7 26 (2048 1024 372 ) (2048 1024 412 ) (1024 1024 412 ) (1024 1024 372 ) 
4 7 11 (1024 1024 372 ) (1024 1024 412 ) (1024 1973 412 ) (1024 1973 372 ) 
4 7 8 (1024 1973 372 ) (2048 1973 372 ) (2048 1024 372 ) (1024 1024 372 ) 
4 8 61 (2048 1024 -992 ) (2048 1024 16 ) (1024 1024 16 ) (1024 1024 -992 ) 
4 8 46 (2048 1024 16 ) (2048 1024 64 ) (1024 1024 64 ) (1024 1024 16 ) 
4 8 42 (2048 1024 64 ) (2048 1024 80 ) (1024 1024 80 ) (1024 1024 64 ) 
4 8 40 (2048 1024 80 ) (2048 1024 231 ) (1024 1024 231 ) (1024 1024 80 ) 
4 8 34 (2048 1024 231 ) (2048 1024 251 ) (1024 1024 251 ) (1024 1024 231 ) 
4 8 28 (2048 1024 251 ) (2048 1024 272 ) (1024 1024 272 ) (1024 1024 251 ) 
4 8 27 (2048 1024 272 ) (2048 1024 372 ) (1024 1024 372 ) (1024 1024 272 ) 
4 8 12 (1024 1024 -992 ) (1024 1024 372 ) (1024 1973 372 ) (1024 1973 -992 ) 
4 9 121 (0 2016 64 ) (0 2016 -992 ) (0 1973 -992 ) (0 1973 64 ) 
4 9 112 (0 2016 251 ) (0 2016 64 ) (0 1973 64 ) (0 1973 251 ) 
4 9 108 (0 1973 2016 ) (0 2016 2016 ) (0 2016 251 ) (0 1973 251 ) 
4 9 11 (1024 1973 372 ) (1024 1973 412 ) (0 1973 412 ) (0 1973 372 ) 
4 9 10 (1024 1973 412 ) (1024 1973 2016 ) (0 1973 2016 ) (0 1973 412 ) 
4 9 12 (0 1973 -992 ) (1024 1973 -992 ) (1024 1973 372 ) (0 1973 372 ) 
4 10 109 (0 1024 412 ) (0 1024 2016 ) (0 1973 2016 ) (0 1973 412 ) 
4 10 62 (1024 1024 412 ) (1024 1024 2016 ) (0 1024 2016 ) (0 1024 412 ) 
4 10 11 (1024 1024 412 ) (0 1024 412 ) (0 1973 412 ) (1024 1973 412 ) 
4 11 110 (0 1024 372 ) (0 1024 412 ) (0 1973 412 ) (0 1973 372 ) 
4 11 63 (1024 1024 372 ) (1024 1024 412 ) (0 1024 412 ) (0 1024 372 ) 
4 11 12 (0 1973 372 ) (1024 1973 372 ) (1024 1024 372 ) (0 1024 372 ) 
4 12 125 (0 1024 -992 ) (0 1024 64 ) (0 1920 64 ) (0 1920 -992 ) 
4 12 121 (0 1920 64 ) (0 1973 64 ) (0 1973 -992 ) (0 1920 -992 ) 
4 12 114 (0 1024 64 ) (0 1024 251 ) (0 1920 251 ) (0 1920 64 ) 
4 12 112 (0 1920 251 ) (0 1973 251 ) (0 1973 64 ) (0 1920 64 ) 
4 12 111 (0 1024 251 ) (0 1024 372 ) (0 1973 372 ) (0 1973 251 ) 
4 12 96 (1024 1024 -992 ) (1024 1024 16 ) (0 1024 16 ) (0 1024 -992 ) 
4 12 81 (1024 1024 16 ) (1024 1024 64 ) (0 1024 64 ) (0 1024 16 ) 
4 12 77 (1024 1024 64 ) (1024 1024 80 ) (0 1024 80 ) (0 1024 64 ) 
4 12 75 (1024 1024 80 ) (1024 1024 231 ) (0 1024 231 ) (0 1024 80 ) 
4 12 74 (1024 1024 231 ) (1024 1024 272 ) (0 1024 272 ) (0 1024 231 ) 
4 12 64 (1024 1024 272 ) (1024 1024 372 ) (0 1024 372 ) (0 1024 272 ) 
4 13 20 (3040 0 2016 ) (2404 0 2016 ) (2404 0 272 ) (3040 0 272 ) 
4 13 17 (2404 1024 272 ) (3040 1024 272 ) (3040 0 272 ) (2404 0 272 ) 
4 13 15 (2404 0 372 ) (2404 0 412 ) (2404 1024 412 ) (2404 1024 372 ) 
4 13 14 (2404 0 412 ) (2404 0 2016 ) (2404 1024 2016 ) (2404 1024 412 ) 
4 13 16 (2404 1024 272 ) (2404 0 272 ) (2404 0 372 ) (2404 1024 372 ) 
4 14 25 (2048 1024 2016 ) (2048 1024 412 ) (2048 0 412 ) (2048 0 2016 ) 
4 14 21 (2404 0 2016 ) (2048 0 2016 ) (2048 0 412 ) (2404 0 412 ) 
4 14 15 (2048 0 412 ) (2048 1024 412 ) (2404 1024 412 ) (2404 0 412 ) 
4 15 26 (2048 1024 412 ) (2048 1024 372 ) (2048 0 372 ) (2048 0 412 ) 
4 15 22 (2048 0 412 ) (2048 0 372 ) (2404 0 372 ) (2404 0 412 ) 
4 15 16 (2048 1024 372 ) (2404 1024 372 ) (2404 0 372 ) (2048 0 372 ) 
4 16 27 (2048 1024 372 ) (2048 1024 272 ) (2048 0 272 ) (2048 0 372 ) 
4 16 23 (2048 0 372 ) (2048 0 272 ) (2404 0 272 ) (2404 0 372 ) 
4 16 18 (2048 1024 272 ) (2064 1024 272 ) (2064 248 272 ) (2048 248 272 ) 
4 16 17 (2064 1024 272 ) (2404 1024 272 ) (2404 0 272 ) (2064 0 272 ) 
4 17 23 (2064 0 -992 ) (2404 0 -992 ) (2404 0 272 ) (2064 0 272 ) 
4 17 20 (2404 0 -992 ) (3040 0 -992 ) (3040 0 272 ) (2404 0 272 ) 
4 17 19 (2064 248 -992 ) (2064 0 -992 ) (2064 0 16 ) (2064 248 16 ) 
4 17 18 (2064 1024 -992 ) (2064 248 -992 ) (2064 248 272 ) (2064 1024 272 ) 
4 18 61 (2048 1024 16 ) (2048 1024 -992 ) (2048 248 -992 ) (2048 248 16 ) 
4 18 47 (2048 249 16 ) (2048 248 16 ) (2048 248 32 ) (2048 249 32 ) 
4 18 46 (2048 1024 64 ) (2048 1024 16 ) (2048 249 16 ) (2048 249 64 ) 
4 18 42 (2048 1024 80 ) (2048 1024 64 ) (2048 249 64 ) (2048 249 80 ) 
4 18 40 (2048 1024 231 ) (2048 1024 80 ) (2048 254 80 ) (2048 254 231 ) 
4 18 34 (2048 1024 251 ) (2048 1024 231 ) (2048 254 231 ) (2048 254 251 ) 
4 18 28 (2048 1024 272 ) (2048 1024 251 ) (2048 248 251 ) (2048 248 272 ) 
4 18 19 (2048 248 -992 ) (2064 248 -992 ) (2064 248 16 ) (2048 248 16 ) 
4 19 61 (2048 248 -992 ) (2048 0 -992 ) (2048 0 16 ) (2048 248 16 ) 
4 19 23 (2048 0 16 ) (2048 0 -992 ) (2064 0 -992 ) (2064 0 16 ) 
4 20 105 (3040 -1024 2016 ) (2404 -1024 2016 ) (2404 -1024 -992 ) (3040 -1024 -992 ) 
4 20 22 (2404 -291 372 ) (2404 -291 412 ) (2404 0 412 ) (2404 0 372 ) 
4 20 21 (2404 -291 412 ) (2404 -291 2016 ) (2404 0 2016 ) (2404 0 412 ) 
4 20 23 (2404 0 -992 ) (2404 -291 -992 ) (2404 -291 372 ) (2404 0 372 ) 
4 20 24 (2404 -291 -992 ) (2404 -1024 -992 ) (2404 -1024 2016 ) (2404 -291 2016 ) 
4 21 97 (2048 -291 2016 ) (2048 0 2016 ) (2048 0 412 ) (2048 -291 412 ) 
4 21 24 (2404 -291 412 ) (2404 -291 2016 ) (2048 -291 2016 ) (2048 -291 412 ) 
4 21 22 (2404 -291 412 ) (2048 -291 412 ) (2048 0 412 ) (2404 0 412 ) 
4 22 98 (2048 0 412 ) (2048 0 372 ) (2048 -291 372 ) (2048 -291 412 ) 
4 22 23 (2404 -291 372 ) (2048 -291 372 ) (2048 0 372 ) (2404 0 372 ) 
4 22 24 (2404 -291 372 ) (2404 -291 412 ) (2048 -291 412 ) (2048 -291 372 ) 
4 23 99 (2048 0 372 ) (2048 0 -992 ) (2048 -291 -992 ) (2048 -291 372 ) 
4 23 24 (2048 -291 -992 ) (2404 -291 -992 ) (2404 -291 372 ) (2048 -291 372 ) 
4 24 105 (2404 -1024 2016 ) (2048 -1024 2016 ) (2048 -1024 -992 ) (2404 -1024 -992 ) 
4 24 100 (2048 -1024 -992 ) (2048 -1024 2016 ) (2048 -291 2016 ) (2048 -291 -992 ) 
4 25 97 (2048 0 412 ) (2048 0 2016 ) (1024 0 2016 ) (1024 0 412 ) 
4 25 62 (1024 1024 2016 ) (1024 1024 412 ) (1024 0 412 ) (1024 0 2016 ) 
4 25 26 (1024 0 412 ) (1024 1024 412 ) (2048 1024 412 ) (2048 0 412 ) 
4 26 98 (2048 0 372 ) (2048 0 412 ) (1024 0 412 ) (1024 0 372 ) 
4 26 63 (1024 1024 412 ) (1024 1024 372 ) (1024 0 372 ) (1024 0 412 ) 
4 26 27 (2048 0 372 ) (1024 0 372 ) (1024 1024 372 ) (2048 1024 372 ) 
4 27 99 (2048 0 272 ) (2048 0 372 ) (1024 0 372 ) (1024 0 272 ) 
4 27 64 (1024 1024 372 ) (1024 1024 272 ) (1024 0 272 ) (1024 0 372 ) 
4 27 28 (1024 230 272 ) (1024 1024 272 ) (2048 1024 272 ) (2048 230 272 ) 
4 27 33 (2048 0 272 ) (1024 0 272 ) (1024 24 272 ) (2048 24 272 ) 
5 28 74 (1024 1024 272 ) (1024 1024 251 ) (1024 276.600037 251 ) (1024 230 256.295471 ) (1024 230 272 ) 
4 28 72 (1024 254 251 ) (1024 230 251 ) (1024 230 256.295471 ) (1024 254 253.568192 ) 
3 28 65 (1024 276.600037 251 ) (1024 254 251 ) (1024 254 253.568192 ) 
4 28 34 (1024 254 251 ) (1024 1024 251 ) (2048 1024 251 ) (2048 254 251 ) 
4 29 35 (1328 207 251 ) (2048 207 251 ) (2048 47 251 ) (1328 47 251 ) 
4 29 31 (1328 128 267.886383 ) (1328 144 266.068207 ) (1328 144 251 ) (1328 128 251 ) 
4 29 30 (1328 144 266.068207 ) (1328 170.997040 263 ) (1328 206.998062 251 ) (1328 144 251 ) 
5 29 32 (1328 47.002953 251 ) (1328 83.011719 263.003418 ) (1328 126.990952 268.001038 ) (1328 128 267.886383 ) (1328 128 251 ) 
4 30 66 (1024 207 251 ) (1024 144 251 ) (1024 144 266.068176 ) (1024 171 263 ) 
4 30 36 (1024 144 251 ) (1024 207 251 ) (1328 207 251 ) (1328 144 251 ) 
4 30 31 (1024 144 251 ) (1328 144 251 ) (1328 144 266.066406 ) (1024 144 266.066406 ) 
4 31 67 (1024 144 251 ) (1024 128 251 ) (1024 128 267.886353 ) (1024 144 266.068176 ) 
4 31 37 (1024 128 251 ) (1024 144 251 ) (1328 144 251 ) (1328 128 251 ) 
4 31 32 (1024 128 251 ) (1328 128 251 ) (1328 128 267.886719 ) (1024 128 267.886719 ) 
5 32 71 (1024 128 251 ) (1024 47 251 ) (1024 83 263 ) (1024 127 268 ) (1024 128 267.886353 ) 
4 32 39 (1024 47 251 ) (1024 128 251 ) (1328 128 251 ) (1328 47 251 ) 
4 33 99 (2048 0 251 ) (2048 0 272 ) (1024 0 272 ) (1024 0 251 ) 
4 33 73 (1024 24 251 ) (1024 0 251 ) (1024 0 272 ) (1024 24 272 ) 
4 34 74 (1024 1024 251 ) (1024 1024 231 ) (1024 452.599915 231 ) (1024 276.599976 251 ) 
4 34 65 (1024 452.599915 231 ) (1024 254 231 ) (1024 254 251 ) (1024 276.599976 251 ) 
4 34 40 (1024 254 231 ) (1024 1024 231 ) (2048 1024 231 ) (2048 254 231 ) 
4 35 41 (1328 234 231 ) (2048 234 231 ) (2048 20 231 ) (1328 20 231 ) 
4 35 38 (1328 144 240 ) (1328 144 231 ) (1328 128 231 ) (1328 128 240 ) 
4 35 37 (1328 128 251 ) (1328 144 251 ) (1328 144 240 ) (1328 128 240 ) 
4 35 36 (1328 144 251 ) (1328 206.994141 251 ) (1328 233.994141 231 ) (1328 144 231 ) 
4 35 39 (1328 19.996094 231 ) (1328 46.996094 251 ) (1328 128 251 ) (1328 128 231 ) 
4 36 66 (1024 234 231 ) (1024 144 231 ) (1024 144 251 ) (1024 207 251 ) 
4 36 41 (1024 144 231 ) (1024 234 231 ) (1328 234 231 ) (1328 144 231 ) 
4 36 38 (1024 144 231 ) (1328 144 231 ) (1328 144 240 ) (1024 144 240 ) 
4 36 37 (1328 144 240 ) (1328 144 251 ) (1024 144 251 ) (1024 144 240 ) 
4 37 67 (1024 128 240 ) (1024 128 251 ) (1024 144 251 ) (1024 144 240 ) 
4 37 39 (1328 128 240 ) (1328 128 251 ) (1024 128 251 ) (1024 128 240 ) 
4 37 38 (1328 128 240 ) (1024 128 240 ) (1024 144 240 ) (1328 144 240 ) 
4 38 70 (1024 144 231 ) (1024 128 231 ) (1024 128 240 ) (1024 144 240 ) 
4 38 41 (1024 128 231 ) (1024 144 231 ) (1328 144 231 ) (1328 128 231 ) 
4 38 39 (1024 128 231 ) (1328 128 231 ) (1328 128 240 ) (1024 128 240 ) 
4 39 71 (1024 128 231 ) (1024 20 231 ) (1024 47 251 ) (1024 128 251 ) 
4 39 41 (1024 20 231 ) (1024 128 231 ) (1328 128 231 ) (1328 20 231 ) 
4 40 75 (1024 1024 231 ) (1024 1024 80 ) (1024 254 80 ) (1024 254 231 ) 
4 40 42 (1024 254 80 ) (1024 1024 80 ) (2048 1024 80 ) (2048 254 80 ) 
6 41 76 (1024 243 80 ) (1024 11 80 ) (1024 11 208 ) (1024 20 231 ) (1024 234 231 ) (1024 243 208 ) 
4 41 45 (1024 96 80 ) (1024 233 80 ) (2048 233 80 ) (2048 96 80 ) 
4 41 43 (1344 243 80 ) (2048 243 80 ) (2048 233 80 ) (1344 233 80 ) 
4 41 44 (1024 233 80 ) (1024 243 80 ) (1328 243 80 ) (1328 233 80 ) 
4 42 77 (1024 1024 80 ) (1024 1024 64 ) (1024 249 64 ) (1024 249 80 ) 
4 42 46 (1024 249 64 ) (1024 1024 64 ) (2048 1024 64 ) (2048 249 64 ) 
4 43 48 (1344 243 64 ) (2048 243 64 ) (2048 233 64 ) (1344 233 64 ) 
4 43 45 (1344 233 64 ) (2048 233 64 ) (2048 233 80 ) (1344 233 80 ) 
4 44 78 (1024 243 64 ) (1024 233 64 ) (1024 233 80 ) (1024 243 80 ) 
4 44 54 (1024 233 64 ) (1024 243 64 ) (1328 243 64 ) (1328 233 64 ) 
4 44 45 (1024 233 64 ) (1328 233 64 ) (1328 233 80 ) (1024 233 80 ) 
4 45 80 (1024 233 64 ) (1024 96 64 ) (1024 96 80 ) (1024 233 80 ) 
4 45 59 (1024 96 64 ) (1024 112 64 ) (2048 112 64 ) (2048 96 64 ) 
4 45 56 (1024 112 64 ) (1024 144 64 ) (1328 144 64 ) (1328 112 64 ) 
4 45 55 (1024 144 64 ) (1024 201 64 ) (1328 201 64 ) (1328 144 64 ) 
4 45 54 (1024 201 64 ) (1024 233 64 ) (1328 233 64 ) (1328 201 64 ) 
4 45 53 (1344 144 64 ) (1344 112 64 ) (1328 112 64 ) (1328 144 64 ) 
4 45 52 (1344 201 64 ) (1344 144 64 ) (1328 144 64 ) (1328 201 64 ) 
4 45 51 (1328 233 64 ) (1344 233 64 ) (1344 201 64 ) (1328 201 64 ) 
4 45 49 (2048 201 64 ) (2048 144 64 ) (1344 144 64 ) (1344 201 64 ) 
4 45 48 (1344 233 64 ) (2048 233 64 ) (2048 201 64 ) (1344 201 64 ) 
4 45 50 (2048 144 64 ) (2048 112 64 ) (1344 112 64 ) (1344 144 64 ) 
4 46 81 (1024 1024 64 ) (1024 1024 16 ) (1024 249 16 ) (1024 249 64 ) 
4 46 61 (1024 249 16 ) (1024 1024 16 ) (2048 1024 16 ) (2048 249 16 ) 
4 46 47 (1024 249 16 ) (2048 249 16 ) (2048 249 32 ) (1024 249 32 ) 
4 47 82 (1024 249 16 ) (1024 225 16 ) (1024 225 32 ) (1024 249 32 ) 
4 47 61 (1024 225 16 ) (1024 249 16 ) (2048 249 16 ) (2048 225 16 ) 
4 48 51 (1344 225 32 ) (1344 201 24 ) (1344 201 64 ) (1344 233 64 ) 
4 48 49 (1344 201 64 ) (1344 201 24 ) (2048 201 24 ) (2048 201 64 ) 
4 49 52 (1344 201 24 ) (1344 144 24 ) (1344 144 64 ) (1344 201 64 ) 
4 49 50 (1344 144 64 ) (1344 144 24 ) (2048 144 24 ) (2048 144 64 ) 
4 50 59 (2048 112 32 ) (2048 112 64 ) (1344 112 64 ) (1344 112 32 ) 
5 50 53 (1344 144 24 ) (1344 143.996094 24 ) (1344 112 32 ) (1344 112 64 ) (1344 144 64 ) 
4 51 54 (1328 225 32 ) (1328 201 24 ) (1328 201 64 ) (1328 233 64 ) 
4 51 52 (1328 201 64 ) (1328 201 24 ) (1344 201 24 ) (1344 201 64 ) 
4 52 55 (1328 201 24 ) (1328 144 24 ) (1328 144 64 ) (1328 201 64 ) 
4 52 53 (1328 144 64 ) (1328 144 24.003906 ) (1344 144 24 ) (1344 144 64 ) 
4 53 59 (1344 112 64 ) (1328 112 64 ) (1328 112 32 ) (1344 112 32 ) 
5 53 56 (1328 144 24 ) (1328 143.996094 24 ) (1328 112 32 ) (1328 112 64 ) (1328 144 64 ) 
4 54 83 (1024 201 64 ) (1024 243 64 ) (1024 225 32 ) (1024 201 24 ) 
4 54 55 (1024 201 24 ) (1328 201 24 ) (1328 201 64 ) (1024 201 64 ) 
4 55 84 (1024 144 64 ) (1024 201 64 ) (1024 201 24 ) (1024 144 24 ) 
4 55 56 (1024 144 24 ) (1328 144 24 ) (1328 144 64 ) (1024 144 64 ) 
4 56 85 (1024 112 64 ) (1024 144 64 ) (1024 144 24 ) (1024 112 32 ) 
4 56 59 (1328 112 64 ) (1024 112 64 ) (1024 112 32 ) (1328 112 32 ) 
4 57 92 (1024 112 32 ) (1024 112 24 ) (1024 88 24 ) (1024 88 32 ) 
4 57 60 (1024 88 24 ) (1024 112 24 ) (2048 112 24 ) (2048 88 24 ) 
4 57 58 (1024 88 24 ) (2048 88 24 ) (2048 88 32 ) (1024 88 32 ) 
4 58 99 (2048 0 24 ) (2048 0 64 ) (1024 0 64 ) (1024 0 24 ) 
4 58 93 (1024 0 24 ) (1024 0 64 ) (1024 88 64 ) (1024 88 24 ) 
4 58 60 (1024 0 24 ) (1024 88 24 ) (2048 88 24 ) (2048 0 24 ) 
3 59 94 (1024 96 64 ) (1024 112 64 ) (1024 112 32 ) 
4 60 99 (2048 0 16 ) (2048 0 24 ) (1024 0 24 ) (1024 0 16 ) 
4 60 95 (1024 112 16 ) (1024 0 16 ) (1024 0 24 ) (1024 112 24 ) 
4 60 61 (1024 0 16 ) (1024 112 16 ) (2048 112 16 ) (2048 0 16 ) 
4 61 99 (2048 0 -992 ) (2048 0 16 ) (1024 0 16 ) (1024 0 -992 ) 
4 61 96 (1024 1024 16 ) (1024 1024 -992 ) (1024 0 -992 ) (1024 0 16 ) 
4 62 144 (0 0 412 ) (0 0 2016 ) (0 1024 2016 ) (0 1024 412 ) 
4 62 101 (1024 0 412 ) (1024 0 2016 ) (0 0 2016 ) (0 0 412 ) 
4 62 63 (1024 0 412 ) (0 0 412 ) (0 1024 412 ) (1024 1024 412 ) 
4 63 145 (0 0 372 ) (0 0 412 ) (0 1024 412 ) (0 1024 372 ) 
4 63 102 (1024 0 372 ) (1024 0 412 ) (0 0 412 ) (0 0 372 ) 
4 63 64 (1024 1024 372 ) (1024 0 372 ) (0 0 372 ) (0 1024 372 ) 
4 64 146 (0 0 272 ) (0 0 372 ) (0 1024 372 ) (0 1024 272 ) 
4 64 103 (1024 0 272 ) (1024 0 372 ) (0 0 372 ) (0 0 272 ) 
4 64 74 (1024 1024 272 ) (1024 230 272 ) (0 230 272 ) (0 1024 272 ) 
4 64 73 (1024 24 272 ) (1024 0 272 ) (0 0 272 ) (0 24 272 ) 
4 65 153 (0 276.599945 251 ) (0 452.599976 231 ) (0 254 231 ) (0 254 251 ) 
3 65 147 (0 254 253.568176 ) (0 276.599945 251 ) (0 254 251 ) 
4 65 75 (0 254 231 ) (0 452.599945 231 ) (1024 452.599976 231 ) (1024 254 231 ) 
4 65 74 (1024 452.597260 231 ) (0 452.597260 231 ) (0 254 253.567841 ) (1024 254 253.567841 ) 
4 65 72 (1024 254 251 ) (1024 254 253.566406 ) (0 254 253.566406 ) (0 254 251 ) 
4 66 155 (0 207 251 ) (0 234 231 ) (0 144 231 ) (0 144 251 ) 
4 66 148 (0 144 266.068207 ) (0 171 263 ) (0 207 251 ) (0 144 251 ) 
4 66 76 (0 144 231 ) (0 234 231 ) (1024 234 231 ) (1024 144 231 ) 
4 66 68 (608 144 266.067261 ) (592 144 266.067261 ) (592 144 240 ) (608 144 240 ) 
4 66 67 (1024 144 240 ) (1024 144 266.067261 ) (608 144 266.067261 ) (608 144 240 ) 
4 66 69 (592 144 266.067261 ) (0 144 266.067261 ) (0 144 240 ) (592 144 240 ) 
4 66 70 (0 144 231 ) (1024 144 231 ) (1024 144 240 ) (0 144 240 ) 
4 67 71 (1024 128 240 ) (1024 128 267.886536 ) (608 128 267.886536 ) (608 128 240 ) 
4 67 70 (1024 128 240 ) (608 128 240 ) (608 144 240 ) (1024 144 240 ) 
4 67 68 (608 144 266.068176 ) (608 144 240 ) (608 128 240 ) (608 128 267.886322 ) 
4 68 69 (592 144 266.068176 ) (592 144 240 ) (592 128 240 ) (592 128 267.886322 ) 
4 68 71 (608 128 267.886536 ) (592 128 267.886536 ) (592 128 240 ) (608 128 240 ) 
4 68 70 (608 128 240 ) (592 128 240 ) (592 144 240 ) (608 144 240 ) 
4 69 156 (0 144 251 ) (0 144 240 ) (0 128 240 ) (0 128 251 ) 
4 69 149 (0 128 267.886383 ) (0 144 266.068207 ) (0 144 251 ) (0 128 251 ) 
4 69 70 (592 128 240 ) (0 128 240 ) (0 144 240 ) (592 144 240 ) 
4 69 71 (592 128 267.886536 ) (0 128 267.886536 ) (0 128 240 ) (592 128 240 ) 
4 70 157 (0 144 240 ) (0 144 231 ) (0 128 231 ) (0 128 240 ) 
4 70 76 (0 128 231 ) (0 144 231 ) (1024 144 231 ) (1024 128 231 ) 
4 70 71 (0 128 231 ) (1024 128 231 ) (1024 128 240 ) (0 128 240 ) 
4 71 158 (0 47 251 ) (0 128 251 ) (0 128 231 ) (0 20 231 ) 
5 71 150 (0 47 251 ) (0 83 263 ) (0 127 268 ) (0 128 267.886383 ) (0 128 251 ) 
4 71 76 (0 20 231 ) (0 128 231 ) (1024 128 231 ) (1024 20 231 ) 
4 72 147 (0 230 256.295471 ) (0 254 253.568176 ) (0 254 251 ) (0 230 251 ) 
4 72 74 (0 254 253.567841 ) (0 230 256.295105 ) (1024 230 256.295105 ) (1024 254 253.567841 ) 
4 73 152 (0 0 251 ) (0 0 272 ) (0 24 272 ) (0 24 251 ) 
4 73 103 (1024 0 251 ) (1024 0 272 ) (0 0 272 ) (0 0 251 ) 
4 74 153 (0 1024 251 ) (0 1024 231 ) (0 452.599976 231 ) (0 276.600098 251 ) 
5 74 147 (0 230 272 ) (0 1024 272 ) (0 1024 251 ) (0 276.600098 251 ) (0 230 256.295471 ) 
4 74 75 (0 452.599945 231 ) (0 1024 231 ) (1024 1024 231 ) (1024 452.599976 231 ) 
4 75 160 (0 254 231 ) (0 1024 231 ) (0 1024 80 ) (0 254 80 ) 
4 75 77 (1024 1024 80 ) (1024 254 80 ) (0 254 80 ) (0 1024 80 ) 
6 76 161 (0 20 231 ) (0 234 231 ) (0 243 208 ) (0 243 80 ) (0 11 80 ) (0 11 208 ) 
4 76 80 (1024 233 80 ) (1024 96 80 ) (0 96 80 ) (0 233 80 ) 
4 76 78 (1024 243 80 ) (1024 233 80 ) (608 233 80 ) (608 243 80 ) 
4 76 79 (592 233 80 ) (0 233 80 ) (0 243 80 ) (592 243 80 ) 
4 77 167 (0 249 80 ) (0 1024 80 ) (0 1024 64 ) (0 249 64 ) 
4 77 81 (1024 1024 64 ) (1024 249 64 ) (0 249 64 ) (0 1024 64 ) 
4 78 83 (1024 243 64 ) (1024 233 64 ) (608 233 64 ) (608 243 64 ) 
4 78 80 (608 233 64 ) (1024 233 64 ) (1024 233 80 ) (608 233 80 ) 
4 79 170 (0 233 80 ) (0 243 80 ) (0 243 64 ) (0 233 64 ) 
4 79 89 (592 233 64 ) (0 233 64 ) (0 243 64 ) (592 243 64 ) 
4 79 80 (0 233 64 ) (592 233 64 ) (592 233 80 ) (0 233 80 ) 
4 80 173 (0 96 80 ) (0 233 80 ) (0 233 64 ) (0 96 64 ) 
4 80 94 (1024 112 64 ) (1024 96 64 ) (0 96 64 ) (0 112 64 ) 
4 80 91 (592 112 64 ) (0 112 64 ) (0 144 64 ) (592 144 64 ) 
4 80 90 (0 144 64 ) (0 201 64 ) (592 201 64 ) (592 144 64 ) 
4 80 89 (0 201 64 ) (0 233 64 ) (592 233 64 ) (592 201 64 ) 
4 80 88 (608 112 64 ) (592 112 64 ) (592 144 64 ) (608 144 64 ) 
4 80 87 (592 144 64 ) (592 201 64 ) (608 201 64 ) (608 144 64 ) 
4 80 86 (592 201 64 ) (592 233 64 ) (608 233 64 ) (608 201 64 ) 
4 80 84 (1024 201 64 ) (1024 144 64 ) (608 144 64 ) (608 201 64 ) 
4 80 83 (1024 233 64 ) (1024 201 64 ) (608 201 64 ) (608 233 64 ) 
4 80 85 (1024 144 64 ) (1024 112 64 ) (608 112 64 ) (608 144 64 ) 
4 81 184 (0 1024 32 ) (0 1024 16 ) (0 249 16 ) (0 249 32 ) 
4 81 174 (0 249 64 ) (0 1024 64 ) (0 1024 32 ) (0 249 32 ) 
4 81 96 (0 249 16 ) (0 1024 16 ) (1024 1024 16 ) (1024 249 16 ) 
4 81 82 (0 249 16 ) (1024 249 16 ) (1024 249 32 ) (0 249 32 ) 
4 82 184 (0 249 32 ) (0 249 16 ) (0 225 16 ) (0 225 32 ) 
4 82 96 (0 225 16 ) (0 249 16 ) (1024 249 16 ) (1024 225 16 ) 
4 83 86 (608 225 32 ) (608 201 24 ) (608 201 64 ) (608 233 64 ) 
4 83 84 (608 201 64 ) (608 201 24 ) (1024 201 24 ) (1024 201 64 ) 
4 84 87 (608 201 24 ) (608 144 24 ) (608 144 64 ) (608 201 64 ) 
4 84 85 (608 144 64 ) (608 144 24 ) (1024 144 24 ) (1024 144 64 ) 
4 85 94 (1024 112 32 ) (1024 112 64 ) (608 112 64 ) (608 112 32 ) 
5 85 88 (608 144 24 ) (608 143.996094 24 ) (608 112 32 ) (608 112 64 ) (608 144 64 ) 
4 86 89 (592 225 32 ) (592 201 24 ) (592 201 64 ) (592 233 64 ) 
4 86 87 (592 201 64 ) (592 201 24 ) (608 201 24 ) (608 201 64 ) 
4 87 90 (592 201 24 ) (592 144 24 ) (592 144 64 ) (592 201 64 ) 
4 87 88 (592 144 64 ) (592 144 24.003906 ) (608 144 24 ) (608 144 64 ) 
4 88 94 (608 112 64 ) (592 112 64 ) (592 112 32 ) (608 112 32 ) 
5 88 91 (592 144 24 ) (592 143.996094 24 ) (592 112 32 ) (592 112 64 ) (592 144 64 ) 
3 89 199 (0 225 32 ) (0 201 24 ) (0 201 32 ) 
4 89 189 (0 201 64 ) (0 225 64 ) (0 225 32 ) (0 201 32 ) 
3 89 177 (0 225 64 ) (0 243 64 ) (0 225 32 ) 
4 89 90 (0 201 24 ) (592 201 24 ) (592 201 64 ) (0 201 64 ) 
4 90 200 (0 201 32 ) (0 201 24 ) (0 144 24 ) (0 144 32 ) 
4 90 190 (0 144 64 ) (0 201 64 ) (0 201 32 ) (0 144 32 ) 
4 90 91 (0 144 24 ) (592 144 24 ) (592 144 64 ) (0 144 64 ) 
3 91 201 (0 144 32 ) (0 144 24 ) (0 112 32 ) 
4 91 191 (0 112 64 ) (0 144 64 ) (0 144 32 ) (0 112 32 ) 
4 91 94 (592 112 64 ) (0 112 64 ) (0 112 32 ) (592 112 32 ) 
4 92 198 (0 112 32 ) (0 112 24 ) (0 88 24 ) (0 88 32 ) 
4 92 95 (0 88 24 ) (0 112 24 ) (1024 112 24 ) (1024 88 24 ) 
4 92 93 (0 88 24 ) (1024 88 24 ) (1024 88 32 ) (0 88 32 ) 
4 93 198 (0 0 24 ) (0 0 32 ) (0 88 32 ) (0 88 24 ) 
4 93 188 (0 0 32 ) (0 0 64 ) (0 88 64 ) (0 88 32 ) 
4 93 103 (1024 0 24 ) (1024 0 64 ) (0 0 64 ) (0 0 24 ) 
4 93 95 (1024 0 24 ) (0 0 24 ) (0 88 24 ) (1024 88 24 ) 
3 94 191 (0 96 64 ) (0 112 64 ) (0 112 32 ) 
4 95 208 (0 0 16 ) (0 0 24 ) (0 112 24 ) (0 112 16 ) 
4 95 103 (1024 0 16 ) (1024 0 24 ) (0 0 24 ) (0 0 16 ) 
4 95 96 (1024 0 16 ) (0 0 16 ) (0 112 16 ) (1024 112 16 ) 
4 96 209 (0 0 -992 ) (0 0 16 ) (0 1024 16 ) (0 1024 -992 ) 
4 96 103 (1024 0 -992 ) (1024 0 16 ) (0 0 16 ) (0 0 -992 ) 
4 97 101 (1024 0 2016 ) (1024 0 412 ) (1024 -291 412 ) (1024 -291 2016 ) 
4 97 100 (2048 -291 412 ) (2048 -291 2016 ) (1024 -291 2016 ) (1024 -291 412 ) 
4 97 98 (2048 -291 412 ) (1024 -291 412 ) (1024 0 412 ) (2048 0 412 ) 
4 98 102 (1024 0 412 ) (1024 0 372 ) (1024 -291 372 ) (1024 -291 412 ) 
4 98 99 (2048 -291 372 ) (1024 -291 372 ) (1024 0 372 ) (2048 0 372 ) 
4 98 100 (2048 -291 372 ) (2048 -291 412 ) (1024 -291 412 ) (1024 -291 372 ) 
4 99 103 (1024 0 372 ) (1024 0 -992 ) (1024 -291 -992 ) (1024 -291 372 ) 
4 99 100 (1024 -291 -992 ) (2048 -291 -992 ) (2048 -291 372 ) (1024 -291 372 ) 
4 100 106 (2048 -1024 -992 ) (2048 -1024 2016 ) (1024 -1024 2016 ) (1024 -1024 -992 ) 
4 100 104 (1024 -291 -992 ) (1024 -1024 -992 ) (1024 -1024 2016 ) (1024 -291 2016 ) 
4 101 258 (0 -291 2016 ) (0 0 2016 ) (0 0 412 ) (0 -291 412 ) 
4 101 104 (1024 -291 412 ) (1024 -291 2016 ) (0 -291 2016 ) (0 -291 412 ) 
4 101 102 (1024 -291 412 ) (0 -291 412 ) (0 0 412 ) (1024 0 412 ) 
4 102 259 (0 0 412 ) (0 0 372 ) (0 -291 372 ) (0 -291 412 ) 
4 102 103 (1024 -291 372 ) (0 -291 372 ) (0 0 372 ) (1024 0 372 ) 
4 102 104 (1024 -291 372 ) (1024 -291 412 ) (0 -291 412 ) (0 -291 372 ) 
4 103 260 (0 0 372 ) (0 0 -992 ) (0 -291 -992 ) (0 -291 372 ) 
4 103 104 (0 -291 -992 ) (1024 -291 -992 ) (1024 -291 372 ) (0 -291 372 ) 
4 104 261 (0 -1024 -992 ) (0 -1024 2016 ) (0 -291 2016 ) (0 -291 -992 ) 
4 104 107 (1024 -1024 -992 ) (1024 -1024 2016 ) (0 -1024 2016 ) (0 -1024 -992 ) 
4 105 106 (2048 -1024 2016 ) (2048 -1024 -992 ) (2048 -2016 -992 ) (2048 -2016 2016 ) 
4 106 107 (1024 -1024 2016 ) (1024 -1024 -992 ) (1024 -2016 -992 ) (1024 -2016 2016 ) 
4 107 266 (0 -2016 2016 ) (0 -1024 2016 ) (0 -1024 -992 ) (0 -2016 -992 ) 
4 108 131 (-1024 1973 2016 ) (-1024 2016 2016 ) (-1024 2016 251 ) (-1024 1973 251 ) 
4 108 118 (-1024 1973 251 ) (-1024 2016 251 ) (-656 2016 251 ) (-656 1973 251 ) 
4 108 115 (-656 2016 251 ) (-416 2016 251 ) (-416 1973 251 ) (-656 1973 251 ) 
4 108 113 (-416 2016 251 ) (-400 2016 251 ) (-400 1973 251 ) (-416 1973 251 ) 
4 108 112 (-400 2016 251 ) (0 2016 251 ) (0 1973 251 ) (-400 1973 251 ) 
4 108 110 (0 1973 372 ) (0 1973 412 ) (-1024 1973 412 ) (-1024 1973 372 ) 
4 108 109 (0 1973 412 ) (0 1973 2016 ) (-1024 1973 2016 ) (-1024 1973 412 ) 
4 108 111 (-1024 1973 251 ) (0 1973 251 ) (0 1973 372 ) (-1024 1973 372 ) 
4 109 144 (0 1024 412 ) (0 1024 2016 ) (-1024 1024 2016 ) (-1024 1024 412 ) 
4 109 132 (-1024 1024 412 ) (-1024 1024 2016 ) (-1024 1973 2016 ) (-1024 1973 412 ) 
4 109 110 (-1024 1973 412 ) (0 1973 412 ) (0 1024 412 ) (-1024 1024 412 ) 
4 110 145 (0 1024 372 ) (0 1024 412 ) (-1024 1024 412 ) (-1024 1024 372 ) 
4 110 133 (-1024 1024 372 ) (-1024 1024 412 ) (-1024 1973 412 ) (-1024 1973 372 ) 
4 110 111 (0 1024 372 ) (-1024 1024 372 ) (-1024 1973 372 ) (0 1973 372 ) 
4 111 147 (0 1024 251 ) (0 1024 272 ) (-1024 1024 272 ) (-1024 1024 251 ) 
4 111 146 (0 1024 272 ) (0 1024 372 ) (-1024 1024 372 ) (-1024 1024 272 ) 
4 111 134 (-1024 1024 251 ) (-1024 1024 372 ) (-1024 1973 372 ) (-1024 1973 251 ) 
4 111 120 (-672 1024 251 ) (-1024 1024 251 ) (-1024 1920 251 ) (-672 1920 251 ) 
4 111 119 (-1024 1920 251 ) (-1024 1928 251 ) (-672 1928 251 ) (-672 1920 251 ) 
4 111 118 (-1024 1928 251 ) (-1024 1973 251 ) (-656 1973 251 ) (-656 1928 251 ) 
4 111 115 (-656 1928 251 ) (-656 1973 251 ) (-416 1973 251 ) (-416 1928 251 ) 
4 111 114 (0 1024 251 ) (-400 1024 251 ) (-400 1920 251 ) (0 1920 251 ) 
4 111 113 (-416 1928 251 ) (-416 1973 251 ) (-400 1973 251 ) (-400 1928 251 ) 
4 111 112 (-400 1973 251 ) (0 1973 251 ) (0 1920 251 ) (-400 1920 251 ) 
4 112 121 (0 2016 64 ) (0 1920 64 ) (-400 1920 64 ) (-400 2016 64 ) 
4 112 114 (-400 1920 64 ) (0 1920 64 ) (0 1920 251 ) (-400 1920 251 ) 
4 112 113 (-400 2016 251 ) (-400 2016 64 ) (-400 1928 64 ) (-400 1928 251 ) 
4 113 122 (-416 1928 64 ) (-416 2016 64 ) (-400 2016 64 ) (-400 1928 64 ) 
4 113 115 (-416 2016 64 ) (-416 1928 64 ) (-416 1928 251 ) (-416 2016 251 ) 
4 114 167 (0 1024 64 ) (0 1024 80 ) (-400 1024 80 ) (-400 1024 64 ) 
4 114 160 (0 1024 80 ) (0 1024 231 ) (-400 1024 231 ) (-400 1024 80 ) 
4 114 153 (0 1024 231 ) (0 1024 251 ) (-400 1024 251 ) (-400 1024 231 ) 
4 114 125 (0 1920 64 ) (0 1024 64 ) (-400 1024 64 ) (-400 1920 64 ) 
4 115 122 (-416 2016 64 ) (-416 1928 64 ) (-656 1928 64 ) (-656 2016 64 ) 
4 115 118 (-656 2016 64 ) (-656 1928 64 ) (-656 1928 251 ) (-656 2016 251 ) 
4 116 127 (-416 1920 64 ) (-416 1878.250000 64 ) (-656 1878.250000 64 ) (-656 1920 64 ) 
6 116 117 (-416 1878.250977 64 ) (-416 1906 175 ) (-472 1920 231 ) (-600 1920 231 ) (-656 1906 175 ) (-656 1878.250977 64 ) 
4 117 168 (-656 1024 80 ) (-656 1024 64 ) (-416 1024 64 ) (-416 1024 80 ) 
6 117 163 (-656 1024 175 ) (-656 1024 80 ) (-416 1024 80 ) (-416 1024 175 ) (-472 1024 231 ) (-600 1024 231 ) 
4 117 127 (-416 1878.250000 64 ) (-416 1024 64 ) (-656 1024 64 ) (-656 1878.250000 64 ) 
4 118 134 (-1024 1928 251 ) (-1024 1973 251 ) (-1024 1973 64 ) (-1024 1928 64 ) 
4 118 131 (-1024 1973 251 ) (-1024 2016 251 ) (-1024 2016 64 ) (-1024 1973 64 ) 
4 118 122 (-656 2016 64 ) (-656 1928 64 ) (-672 1928 64 ) (-672 2016 64 ) 
4 118 124 (-672 1928 64 ) (-1024 1928 64 ) (-1024 2016 64 ) (-672 2016 64 ) 
4 118 119 (-1024 1928 64 ) (-672 1928 64 ) (-672 1928 251 ) (-1024 1928 251 ) 
4 119 134 (-1024 1920 251 ) (-1024 1928 251 ) (-1024 1928 64 ) (-1024 1920 64 ) 
4 119 124 (-672 1920 64 ) (-1024 1920 64 ) (-1024 1928 64 ) (-672 1928 64 ) 
4 119 120 (-1024 1920 64 ) (-672 1920 64 ) (-672 1920 251 ) (-1024 1920 251 ) 
4 120 169 (-1024 1024 80 ) (-1024 1024 64 ) (-672 1024 64 ) (-672 1024 80 ) 
4 120 165 (-1024 1024 231 ) (-1024 1024 80 ) (-672 1024 80 ) (-672 1024 231 ) 
4 120 154 (-672 1024 251 ) (-1024 1024 251 ) (-1024 1024 231 ) (-672 1024 231 ) 
4 120 134 (-1024 1024 64 ) (-1024 1024 251 ) (-1024 1920 251 ) (-1024 1920 64 ) 
4 120 129 (-672 1024 64 ) (-1024 1024 64 ) (-1024 1920 64 ) (-672 1920 64 ) 
4 121 125 (0 1920 -992 ) (0 1920 64 ) (-400 1920 64 ) (-400 1920 -992 ) 
4 121 123 (-400 1928 -992 ) (-400 1920 -992 ) (-400 1920 16 ) (-400 1928 16 ) 
4 121 122 (-400 2016 64 ) (-400 2016 -992 ) (-400 1928 -992 ) (-400 1928 64 ) 
4 122 123 (-672 1928 16 ) (-672 1928 -992 ) (-400 1928 -992 ) (-400 1928 16 ) 
4 122 124 (-672 2016 64 ) (-672 2016 -992 ) (-672 1928 -992 ) (-672 1928 64 ) 
4 123 130 (-672 1920 16 ) (-672 1920 -992 ) (-656 1920 -992 ) (-656 1920 16 ) 
4 123 128 (-656 1920 -992 ) (-416 1920 -992 ) (-416 1920 16 ) (-656 1920 16 ) 
4 123 126 (-416 1920 -992 ) (-400 1920 -992 ) (-400 1920 16 ) (-416 1920 16 ) 
4 123 124 (-672 1928 -992 ) (-672 1920 -992 ) (-672 1920 16 ) (-672 1928 16 ) 
4 124 134 (-1024 1920 -992 ) (-1024 1920 64 ) (-1024 1973 64 ) (-1024 1973 -992 ) 
4 124 131 (-1024 1973 64 ) (-1024 2016 64 ) (-1024 2016 -992 ) (-1024 1973 -992 ) 
4 124 130 (-1024 1920 16 ) (-1024 1920 -992 ) (-672 1920 -992 ) (-672 1920 16 ) 
4 124 129 (-672 1920 64 ) (-1024 1920 64 ) (-1024 1920 16 ) (-672 1920 16 ) 
4 125 209 (0 1024 -992 ) (0 1024 16 ) (-400 1024 16 ) (-400 1024 -992 ) 
4 125 184 (0 1024 16 ) (0 1024 32 ) (-400 1024 32 ) (-400 1024 16 ) 
4 125 174 (0 1024 32 ) (0 1024 64 ) (-400 1024 64 ) (-400 1024 32 ) 
4 125 126 (-400 1920 16 ) (-400 1920 -992 ) (-400 1024 -992 ) (-400 1024 16 ) 
4 126 209 (-416 1024 16 ) (-416 1024 -992 ) (-400 1024 -992 ) (-400 1024 16 ) 
4 126 128 (-416 1920 16 ) (-416 1920 -992 ) (-416 1024 -992 ) (-416 1024 16 ) 
4 127 185 (-416 1024 24 ) (-416 1024 32 ) (-656 1024 32 ) (-656 1024 24 ) 
4 127 175 (-416 1024 32 ) (-416 1024 64 ) (-656 1024 64 ) (-656 1024 32 ) 
4 128 209 (-416 1024 -992 ) (-416 1024 16 ) (-656 1024 16 ) (-656 1024 -992 ) 
4 128 130 (-656 1920 16 ) (-656 1920 -992 ) (-656 1024 -992 ) (-656 1024 16 ) 
4 129 186 (-1024 1024 32 ) (-1024 1024 16 ) (-672 1024 16 ) (-672 1024 32 ) 
4 129 176 (-672 1024 64 ) (-1024 1024 64 ) (-1024 1024 32 ) (-672 1024 32 ) 
4 129 134 (-1024 1024 16 ) (-1024 1024 64 ) (-1024 1920 64 ) (-1024 1920 16 ) 
4 129 130 (-1024 1024 16 ) (-1024 1920 16 ) (-672 1920 16 ) (-672 1024 16 ) 
4 130 209 (-656 1024 -992 ) (-656 1024 16 ) (-1024 1024 16 ) (-1024 1024 -992 ) 
4 130 134 (-1024 1024 -992 ) (-1024 1024 16 ) (-1024 1920 16 ) (-1024 1920 -992 ) 
4 131 135 (-2048 1973 2016 ) (-2048 2016 2016 ) (-2048 2016 -992 ) (-2048 1973 -992 ) 
4 131 133 (-1024 1973 372 ) (-1024 1973 412 ) (-2048 1973 412 ) (-2048 1973 372 ) 
4 131 132 (-1024 1973 412 ) (-1024 1973 2016 ) (-2048 1973 2016 ) (-2048 1973 412 ) 
4 131 134 (-2048 1973 -992 ) (-1024 1973 -992 ) (-1024 1973 372 ) (-2048 1973 372 ) 
4 132 219 (-1024 1024 412 ) (-1024 1024 416 ) (-2048 1024 416 ) (-2048 1024 412 ) 
4 132 218 (-1072 1024 2016 ) (-2048 1024 2016 ) (-2048 1024 416 ) (-1072 1024 416 ) 
4 132 211 (-1056 1024 2016 ) (-1072 1024 2016 ) (-1072 1024 416 ) (-1056 1024 416 ) 
4 132 210 (-1024 1024 416 ) (-1024 1024 2016 ) (-1056 1024 2016 ) (-1056 1024 416 ) 
4 132 136 (-2048 1024 412 ) (-2048 1024 2016 ) (-2048 1973 2016 ) (-2048 1973 412 ) 
4 132 133 (-1024 1024 412 ) (-2048 1024 412 ) (-2048 1973 412 ) (-1024 1973 412 ) 
4 133 220 (-1024 1024 372 ) (-1024 1024 412 ) (-2048 1024 412 ) (-2048 1024 372 ) 
4 133 137 (-2048 1024 372 ) (-2048 1024 412 ) (-2048 1973 412 ) (-2048 1973 372 ) 
4 133 134 (-2048 1024 372 ) (-2048 1973 372 ) (-1024 1973 372 ) (-1024 1024 372 ) 
4 134 257 (-1024 1024 -992 ) (-1024 1024 16 ) (-2048 1024 16 ) (-2048 1024 -992 ) 
4 134 256 (-1024 1024 16 ) (-1024 1024 24 ) (-2048 1024 24 ) (-2048 1024 16 ) 
4 134 252 (-1024 1024 24 ) (-1024 1024 32 ) (-2048 1024 32 ) (-2048 1024 24 ) 
4 134 240 (-1024 1024 32 ) (-1024 1024 64 ) (-2048 1024 64 ) (-2048 1024 32 ) 
4 134 236 (-1024 1024 64 ) (-1024 1024 80 ) (-2048 1024 80 ) (-2048 1024 64 ) 
4 134 234 (-1024 1024 80 ) (-1024 1024 231 ) (-2048 1024 231 ) (-2048 1024 80 ) 
4 134 228 (-1024 1024 231 ) (-1024 1024 251 ) (-2048 1024 251 ) (-2048 1024 231 ) 
4 134 222 (-1024 1024 251 ) (-1024 1024 272 ) (-2048 1024 272 ) (-2048 1024 251 ) 
4 134 221 (-1024 1024 272 ) (-1024 1024 372 ) (-2048 1024 372 ) (-2048 1024 272 ) 
4 134 138 (-2048 1024 -992 ) (-2048 1024 372 ) (-2048 1973 372 ) (-2048 1973 -992 ) 
4 135 139 (-3072 1973 2016 ) (-3072 2016 2016 ) (-3072 2016 -992 ) (-3072 1973 -992 ) 
4 135 137 (-2048 1973 372 ) (-2048 1973 412 ) (-3072 1973 412 ) (-3072 1973 372 ) 
4 135 136 (-2048 1973 412 ) (-2048 1973 2016 ) (-3072 1973 2016 ) (-3072 1973 412 ) 
4 135 138 (-3072 1973 -992 ) (-2048 1973 -992 ) (-2048 1973 372 ) (-3072 1973 372 ) 
4 136 268 (-2048 1024 412 ) (-2048 1024 2016 ) (-3072 1024 2016 ) (-3072 1024 412 ) 
4 136 140 (-3072 1024 412 ) (-3072 1024 2016 ) (-3072 1973 2016 ) (-3072 1973 412 ) 
4 136 137 (-3072 1973 412 ) (-2048 1973 412 ) (-2048 1024 412 ) (-3072 1024 412 ) 
4 137 269 (-2048 1024 372 ) (-2048 1024 412 ) (-3072 1024 412 ) (-3072 1024 372 ) 
4 137 141 (-3072 1024 372 ) (-3072 1024 412 ) (-3072 1973 412 ) (-3072 1973 372 ) 
4 137 138 (-2048 1024 372 ) (-3072 1024 372 ) (-3072 1973 372 ) (-2048 1973 372 ) 
4 138 307 (-2048 1024 -992 ) (-2048 1024 16 ) (-3072 1024 16 ) (-3072 1024 -992 ) 
4 138 306 (-2048 1024 16 ) (-2048 1024 24 ) (-3072 1024 24 ) (-3072 1024 16 ) 
4 138 302 (-2048 1024 24 ) (-2048 1024 32 ) (-3072 1024 32 ) (-3072 1024 24 ) 
4 138 290 (-2048 1024 32 ) (-2048 1024 64 ) (-3072 1024 64 ) (-3072 1024 32 ) 
4 138 286 (-2048 1024 64 ) (-2048 1024 80 ) (-3072 1024 80 ) (-3072 1024 64 ) 
4 138 284 (-2048 1024 80 ) (-2048 1024 231 ) (-3072 1024 231 ) (-3072 1024 80 ) 
4 138 283 (-2048 1024 231 ) (-2048 1024 272 ) (-3072 1024 272 ) (-3072 1024 231 ) 
4 138 270 (-2048 1024 272 ) (-2048 1024 372 ) (-3072 1024 372 ) (-3072 1024 272 ) 
4 138 142 (-3072 1024 -992 ) (-3072 1024 372 ) (-3072 1973 372 ) (-3072 1973 -992 ) 
4 139 141 (-3775 1973 412 ) (-3775 1973 372 ) (-3072 1973 372 ) (-3072 1973 412 ) 
4 139 140 (-3775 1973 2016 ) (-3775 1973 412 ) (-3072 1973 412 ) (-3072 1973 2016 ) 
4 139 142 (-3775 1973 372 ) (-3775 1973 -992 ) (-3072 1973 -992 ) (-3072 1973 372 ) 
4 139 143 (-3775 2016 2016 ) (-3775 2016 -992 ) (-3775 1973 -992 ) (-3775 1973 2016 ) 
4 140 340 (-3584 1024 2016 ) (-3775 1024 2016 ) (-3775 1024 412 ) (-3584 1024 412 ) 
4 140 312 (-3072 1024 412 ) (-3072 1024 2016 ) (-3584 1024 2016 ) (-3584 1024 412 ) 
4 140 143 (-3775 1024 412 ) (-3775 1024 2016 ) (-3775 1973 2016 ) (-3775 1973 412 ) 
4 140 141 (-3072 1024 412 ) (-3775 1024 412 ) (-3775 1973 412 ) (-3072 1973 412 ) 
4 141 341 (-3584 1024 412 ) (-3775 1024 412 ) (-3775 1024 372 ) (-3584 1024 372 ) 
4 141 313 (-3072 1024 372 ) (-3072 1024 412 ) (-3584 1024 412 ) (-3584 1024 372 ) 
4 141 142 (-3775 1024 372 ) (-3775 1973 372 ) (-3072 1973 372 ) (-3072 1024 372 ) 
4 141 143 (-3775 1024 372 ) (-3775 1024 412 ) (-3775 1973 412 ) (-3775 1973 372 ) 
4 142 344 (-3592 1024 -992 ) (-3584 1024 -992 ) (-3584 1024 272 ) (-3592 1024 272 ) 
4 142 346 (-3775 1024 272 ) (-3775 1024 -992 ) (-3592 1024 -992 ) (-3592 1024 272 ) 
4 142 342 (-3584 1024 372 ) (-3775 1024 372 ) (-3775 1024 272 ) (-3584 1024 272 ) 
4 142 339 (-3072 1024 -992 ) (-3072 1024 16 ) (-3584 1024 16 ) (-3584 1024 -992 ) 
4 142 338 (-3072 1024 16 ) (-3072 1024 24 ) (-3584 1024 24 ) (-3584 1024 16 ) 
4 142 334 (-3072 1024 24 ) (-3072 1024 32 ) (-3584 1024 32 ) (-3584 1024 24 ) 
4 142 325 (-3072 1024 32 ) (-3072 1024 64 ) (-3584 1024 64 ) (-3584 1024 32 ) 
4 142 322 (-3072 1024 64 ) (-3072 1024 80 ) (-3584 1024 80 ) (-3584 1024 64 ) 
4 142 320 (-3072 1024 80 ) (-3072 1024 231 ) (-3584 1024 231 ) (-3584 1024 80 ) 
4 142 318 (-3072 1024 231 ) (-3072 1024 251 ) (-3584 1024 251 ) (-3584 1024 231 ) 
4 142 315 (-3072 1024 251 ) (-3072 1024 272 ) (-3584 1024 272 ) (-3584 1024 251 ) 
4 142 314 (-3072 1024 272 ) (-3072 1024 372 ) (-3584 1024 372 ) (-3584 1024 272 ) 
4 142 143 (-3775 1973 -992 ) (-3775 1024 -992 ) (-3775 1024 372 ) (-3775 1973 372 ) 
4 143 346 (-4064 1024 272 ) (-4064 1024 -992 ) (-3775 1024 -992 ) (-3775 1024 272 ) 
4 143 343 (-3775 1024 2016 ) (-4064 1024 2016 ) (-4064 1024 272 ) (-3775 1024 272 ) 
4 144 258 (0 0 412 ) (0 0 2016 ) (-1024 0 2016 ) (-1024 0 412 ) 
4 144 219 (-1024 0 412 ) (-1024 0 416 ) (-1024 1024 416 ) (-1024 1024 412 ) 
4 144 210 (-1024 0 416 ) (-1024 0 2016 ) (-1024 1024 2016 ) (-1024 1024 416 ) 
4 144 145 (-1024 0 412 ) (-1024 1024 412 ) (0 1024 412 ) (0 0 412 ) 
4 145 259 (0 0 372 ) (0 0 412 ) (-1024 0 412 ) (-1024 0 372 ) 
4 145 220 (-1024 0 372 ) (-1024 0 412 ) (-1024 1024 412 ) (-1024 1024 372 ) 
4 145 146 (0 0 372 ) (-1024 0 372 ) (-1024 1024 372 ) (0 1024 372 ) 
4 146 260 (0 0 272 ) (0 0 372 ) (-1024 0 372 ) (-1024 0 272 ) 
4 146 221 (-1024 0 272 ) (-1024 0 372 ) (-1024 1024 372 ) (-1024 1024 272 ) 
4 146 147 (-1024 230 272 ) (-1024 1024 272 ) (0 1024 272 ) (0 230 272 ) 
4 146 152 (0 0 272 ) (-1024 0 272 ) (-1024 24 272 ) (0 24 272 ) 
4 147 222 (-1024 230 272 ) (-1024 1024 272 ) (-1024 1024 251 ) (-1024 230 251 ) 
4 147 154 (-1024 254 251 ) (-1024 1024 251 ) (-672 1024 251 ) (-672 254 251 ) 
4 147 153 (-400 1024 251 ) (0 1024 251 ) (0 254 251 ) (-400 254 251 ) 
4 148 155 (-128 207 251 ) (0 207 251 ) (0 144 251 ) (-128 144 251 ) 
4 148 151 (-128 144 266.068207 ) (-128 170.997040 263 ) (-128 206.998062 251 ) (-128 144 251 ) 
4 148 149 (-128 144 266.068146 ) (-128 144 251 ) (0 144 251 ) (0 144 266.068146 ) 
4 149 156 (0 144 251 ) (0 128 251 ) (-128 128 251 ) (-128 144 251 ) 
4 149 150 (-128 128 267.886322 ) (-128 128 251 ) (0 128 251 ) (0 128 267.886322 ) 
4 149 151 (-128 128 267.886383 ) (-128 144 266.068207 ) (-128 144 251 ) (-128 128 251 ) 
4 150 158 (0 128 251 ) (0 47 251 ) (-128 47 251 ) (-128 128 251 ) 
5 150 151 (-128 47.002953 251 ) (-128 83.011719 263.003418 ) (-128 126.990952 268.001038 ) (-128 128 267.886383 ) (-128 128 251 ) 
5 151 223 (-1024 127 268 ) (-1024 171 263 ) (-1024 207 251 ) (-1024 47 251 ) (-1024 83 263 ) 
4 151 159 (-1024 47 251 ) (-1024 207 251 ) (-128 207 251 ) (-128 47 251 ) 
4 152 260 (0 0 251 ) (0 0 272 ) (-1024 0 272 ) (-1024 0 251 ) 
4 152 227 (-1024 0 251 ) (-1024 0 272 ) (-1024 24 272 ) (-1024 24 251 ) 
4 153 160 (-400 1024 231 ) (0 1024 231 ) (0 254 231 ) (-400 254 231 ) 
4 154 228 (-1024 254 251 ) (-1024 1024 251 ) (-1024 1024 231 ) (-1024 254 231 ) 
4 154 165 (-1024 254 231 ) (-1024 1024 231 ) (-672 1024 231 ) (-672 254 231 ) 
4 155 161 (-128 234 231 ) (0 234 231 ) (0 144 231 ) (-128 144 231 ) 
4 155 157 (-128 144 240 ) (-128 144 231 ) (0 144 231 ) (0 144 240 ) 
4 155 156 (-128 144 251 ) (-128 144 240 ) (0 144 240 ) (0 144 251 ) 
4 155 159 (-128 144 251 ) (-128 206.994141 251 ) (-128 233.994141 231 ) (-128 144 231 ) 
4 156 159 (-128 128 251 ) (-128 144 251 ) (-128 144 240 ) (-128 128 240 ) 
4 156 158 (-128 128 251 ) (-128 128 240 ) (0 128 240 ) (0 128 251 ) 
4 156 157 (0 128 240 ) (-128 128 240 ) (-128 144 240 ) (0 144 240 ) 
4 157 161 (0 144 231 ) (0 128 231 ) (-128 128 231 ) (-128 144 231 ) 
4 157 159 (-128 144 240 ) (-128 144 231 ) (-128 128 231 ) (-128 128 240 ) 
4 157 158 (-128 128 240 ) (-128 128 231 ) (0 128 231 ) (0 128 240 ) 
4 158 161 (0 128 231 ) (0 20 231 ) (-128 20 231 ) (-128 128 231 ) 
4 158 159 (-128 19.996094 231 ) (-128 46.996094 251 ) (-128 128 251 ) (-128 128 231 ) 
4 159 229 (-1024 47 251 ) (-1024 207 251 ) (-1024 234 231 ) (-1024 20 231 ) 
4 159 166 (-1024 20 231 ) (-1024 234 231 ) (-656 234 231 ) (-656 20 231 ) 
4 159 162 (-656 234 231 ) (-416 234 231 ) (-416 20 231 ) (-656 20 231 ) 
4 159 161 (-416 234 231 ) (-128 234 231 ) (-128 20 231 ) (-416 20 231 ) 
4 160 167 (-400 1024 80 ) (0 1024 80 ) (0 254 80 ) (-400 254 80 ) 
4 161 173 (0 233 80 ) (0 96 80 ) (-416 96 80 ) (-416 233 80 ) 
4 161 171 (-208 233 80 ) (-416 233 80 ) (-416 243 80 ) (-208 243 80 ) 
4 161 170 (0 243 80 ) (0 233 80 ) (-192 233 80 ) (-192 243 80 ) 
6 161 162 (-416 243 80 ) (-416 11 80 ) (-416 11 208 ) (-416 20 231 ) (-416 234 231 ) (-416 243 208 ) 
4 162 173 (-416 233 80 ) (-416 96 80 ) (-656 96 80 ) (-656 233 80 ) 
4 162 171 (-416 243 80 ) (-416 233 80 ) (-656 233 80 ) (-656 243 80 ) 
4 162 168 (-416 277.750000 80 ) (-416 243 80 ) (-656 243 80 ) (-656 277.750000 80 ) 
6 162 166 (-656 243 80 ) (-656 11 80 ) (-656 11 208 ) (-656 20 231 ) (-656 234 231 ) (-656 243 208 ) 
6 162 163 (-416 254 175 ) (-416 277.750000 80 ) (-656 277.749023 80 ) (-656 254 175 ) (-600 240 231 ) (-472 240 231 ) 
4 163 168 (-656 1024 80 ) (-416 1024 80 ) (-416 277.750000 80 ) (-656 277.750000 80 ) 
4 164 165 (-672 343 221 ) (-672 389 221 ) (-672 389 188 ) (-672 343 188 ) 
4 165 234 (-1024 254 231 ) (-1024 1024 231 ) (-1024 1024 80 ) (-1024 254 80 ) 
4 165 169 (-1024 254 80 ) (-1024 1024 80 ) (-672 1024 80 ) (-672 254 80 ) 
6 166 235 (-1024 20 231 ) (-1024 234 231 ) (-1024 243 208 ) (-1024 243 80 ) (-1024 11 80 ) (-1024 11 208 ) 
4 166 173 (-1024 96 80 ) (-1024 233 80 ) (-656 233 80 ) (-656 96 80 ) 
4 166 171 (-928 243 80 ) (-656 243 80 ) (-656 233 80 ) (-928 233 80 ) 
4 166 172 (-1024 233 80 ) (-1024 243 80 ) (-944 243 80 ) (-944 233 80 ) 
4 167 174 (-400 1024 64 ) (0 1024 64 ) (0 249 64 ) (-400 249 64 ) 
4 168 175 (-656 1024 64 ) (-416 1024 64 ) (-416 243 64 ) (-656 243 64 ) 
4 168 171 (-656 243 64 ) (-416 243 64 ) (-416 243 80 ) (-656 243 80 ) 
4 169 236 (-1024 253 80 ) (-1024 1024 80 ) (-1024 1024 64 ) (-1024 253 64 ) 
4 169 176 (-1024 253 64 ) (-1024 1024 64 ) (-672 1024 64 ) (-672 253 64 ) 
4 170 177 (-192 243 64 ) (0 243 64 ) (0 233 64 ) (-192 233 64 ) 
4 170 173 (-192 233 64 ) (0 233 64 ) (0 233 80 ) (-192 233 80 ) 
4 171 181 (-928 243 64 ) (-656 243 64 ) (-656 233 64 ) (-928 233 64 ) 
4 171 180 (-656 243 64 ) (-416 243 64 ) (-416 233 64 ) (-656 233 64 ) 
4 171 179 (-416 243 64 ) (-208 243 64 ) (-208 233 64 ) (-416 233 64 ) 
4 171 173 (-928 233 64 ) (-208 233 64 ) (-208 233 80 ) (-928 233 80 ) 
4 172 237 (-1024 233 80 ) (-1024 243 80 ) (-1024 243 64 ) (-1024 233 64 ) 
4 172 183 (-1024 233 64 ) (-1024 243 64 ) (-944 243 64 ) (-944 233 64 ) 
4 172 173 (-1024 233 64 ) (-944 233 64 ) (-944 233 80 ) (-1024 233 80 ) 
4 173 239 (-1024 96 80 ) (-1024 233 80 ) (-1024 233 64 ) (-1024 96 64 ) 
4 173 197 (-1024 96 64 ) (-1024 144 64 ) (-656 144 64 ) (-656 96 64 ) 
4 173 196 (-1024 144 64 ) (-1024 201 64 ) (-656 201 64 ) (-656 144 64 ) 
4 173 195 (-1024 201 64 ) (-1024 225 64 ) (-656 225 64 ) (-656 201 64 ) 
4 173 194 (-416 144 64 ) (-416 96 64 ) (-656 96 64 ) (-656 144 64 ) 
4 173 193 (-416 201 64 ) (-416 144 64 ) (-656 144 64 ) (-656 201 64 ) 
4 173 192 (-656 225 64 ) (-416 225 64 ) (-416 201 64 ) (-656 201 64 ) 
4 173 190 (0 201 64 ) (0 144 64 ) (-416 144 64 ) (-416 201 64 ) 
4 173 189 (-416 225 64 ) (0 225 64 ) (0 201 64 ) (-416 201 64 ) 
4 173 191 (0 144 64 ) (0 96 64 ) (-416 96 64 ) (-416 144 64 ) 
4 173 182 (-944 233 64 ) (-928 233 64 ) (-928 225 64 ) (-944 225 64 ) 
4 173 183 (-1024 225 64 ) (-1024 233 64 ) (-944 233 64 ) (-944 225 64 ) 
4 173 181 (-928 233 64 ) (-656 233 64 ) (-656 225 64 ) (-928 225 64 ) 
4 173 180 (-656 233 64 ) (-416 233 64 ) (-416 225 64 ) (-656 225 64 ) 
4 173 179 (-416 233 64 ) (-208 233 64 ) (-208 225 64 ) (-416 225 64 ) 
4 173 178 (-208 233 64 ) (-192 233 64 ) (-192 225 64 ) (-208 225 64 ) 
4 173 177 (-192 233 64 ) (0 233 64 ) (0 225 64 ) (-192 225 64 ) 
4 174 184 (-400 1024 32 ) (0 1024 32 ) (0 249 32 ) (-400 249 32 ) 
4 175 185 (-416 225 32 ) (-656 225 32 ) (-656 1024 32 ) (-416 1024 32 ) 
4 175 180 (-656 225 32.003693 ) (-416 225 32.003693 ) (-416 242.998047 64 ) (-656 242.998047 64 ) 
4 176 240 (-1024 249 64 ) (-1024 1024 64 ) (-1024 1024 32 ) (-1024 249 32 ) 
4 176 186 (-1024 249 32 ) (-1024 1024 32 ) (-672 1024 32 ) (-672 249 32 ) 
4 177 189 (0 225 32 ) (0 225 64 ) (-192 225 64 ) (-192 225 32 ) 
3 177 178 (-192 225 32 ) (-192 225 64 ) (-192 233 64 ) 
4 178 189 (-192 225 64 ) (-208 225 64 ) (-208 225 32 ) (-192 225 32 ) 
3 178 179 (-208 225 32 ) (-208 225 64 ) (-208 233 64 ) 
4 179 189 (-208 225 64 ) (-416 225 64 ) (-416 225 32 ) (-208 225 32 ) 
4 179 180 (-416 243.007813 64 ) (-416 225.007813 32 ) (-416 225 32 ) (-416 225 64 ) 
4 180 192 (-416 225 64 ) (-656 225 64 ) (-656 225 32 ) (-416 225 32 ) 
4 180 181 (-656 243.007813 64 ) (-656 225.007813 32 ) (-656 225 32 ) (-656 225 64 ) 
4 181 195 (-656 225 64 ) (-928 225 64 ) (-928 225 32 ) (-656 225 32 ) 
3 181 182 (-928 225 32 ) (-928 225 64 ) (-928 233 64 ) 
4 182 195 (-928 225 64 ) (-944 225 64 ) (-944 225 32 ) (-928 225 32 ) 
3 182 183 (-944 225 32 ) (-944 225 64 ) (-944 233 64 ) 
3 183 242 (-1024 225 64 ) (-1024 243 64 ) (-1024 225 32 ) 
4 183 195 (-944 225 64 ) (-1024 225 64 ) (-1024 225 32 ) (-944 225 32 ) 
4 184 209 (-400 1024 16 ) (0 1024 16 ) (0 225 16 ) (-400 225 16 ) 
4 185 187 (-416 225 24 ) (-416 225 32 ) (-656 225 32 ) (-656 225 24 ) 
4 186 256 (-1024 1024 24 ) (-1024 1024 16 ) (-1024 225 16 ) (-1024 225 24 ) 
4 186 252 (-1024 1024 32 ) (-1024 1024 24 ) (-1024 225 24 ) (-1024 225 32 ) 
4 186 209 (-1024 225 16 ) (-1024 1024 16 ) (-672 1024 16 ) (-672 225 16 ) 
4 187 202 (-416 225 32.001953 ) (-656 225 32.001953 ) (-656 200.994629 24 ) (-416 200.994629 24 ) 
4 188 260 (0 0 32 ) (0 0 64 ) (-1024 0 64 ) (-1024 0 32 ) 
4 188 241 (-1024 0 32 ) (-1024 0 64 ) (-1024 88 64 ) (-1024 88 32 ) 
4 188 198 (0 0 32 ) (-1024 0 32 ) (-1024 88 32 ) (0 88 32 ) 
4 189 199 (-416 224.996094 32 ) (0 224.996094 32 ) (0 201 32 ) (-416 201 32 ) 
4 189 192 (-416 225 64 ) (-416 225 32 ) (-416 201 32 ) (-416 201 64 ) 
4 189 190 (-416 201 64 ) (-416 201 32 ) (0 201 32 ) (0 201 64 ) 
4 190 200 (0 201 32 ) (0 144 32 ) (-416 144 32 ) (-416 201 32 ) 
4 190 193 (-416 201 32 ) (-416 144 32 ) (-416 144 64 ) (-416 201 64 ) 
4 190 191 (-416 144 64 ) (-416 144 32 ) (0 144 32 ) (0 144 64 ) 
4 191 201 (0 144 32 ) (0 112 32 ) (-416 112 32 ) (-416 144 32 ) 
4 191 194 (-416 144 32 ) (-416 112 32 ) (-416 96 64 ) (-416 144 64 ) 
4 192 202 (-656 224.996094 32 ) (-416 224.996094 32 ) (-416 201 32 ) (-656 201 32 ) 
4 192 195 (-656 225 64 ) (-656 225 32 ) (-656 201 32 ) (-656 201 64 ) 
4 192 193 (-656 201 64 ) (-656 201 32 ) (-416 201 32 ) (-416 201 64 ) 
4 193 203 (-416 201 32 ) (-416 144 32 ) (-656 144 32 ) (-656 201 32 ) 
4 193 196 (-656 201 32 ) (-656 144 32 ) (-656 144 64 ) (-656 201 64 ) 
4 193 194 (-656 144 64 ) (-656 144 32 ) (-416 144 32 ) (-416 144 64 ) 
4 194 204 (-416 144 32 ) (-416 112 32 ) (-656 112 32 ) (-656 144 32 ) 
4 194 197 (-656 144 32 ) (-656 112 32 ) (-656 96 64 ) (-656 144 64 ) 
4 195 242 (-1024 201 64 ) (-1024 225 64 ) (-1024 225 32 ) (-1024 201 32 ) 
4 195 205 (-1024 201 32 ) (-1024 224.996094 32 ) (-656 224.996094 32 ) (-656 201 32 ) 
4 195 196 (-1024 201 32 ) (-656 201 32 ) (-656 201 64 ) (-1024 201 64 ) 
4 196 243 (-1024 144 64 ) (-1024 201 64 ) (-1024 201 32 ) (-1024 144 32 ) 
4 196 206 (-1024 144 32 ) (-1024 201 32 ) (-656 201 32 ) (-656 144 32 ) 
4 196 197 (-1024 144 32 ) (-656 144 32 ) (-656 144 64 ) (-1024 144 64 ) 
4 197 244 (-1024 96 64 ) (-1024 144 64 ) (-1024 144 32 ) (-1024 112 32 ) 
4 197 207 (-1024 112 32 ) (-1024 144 32 ) (-656 144 32 ) (-656 112 32 ) 
4 198 260 (0 0 24 ) (0 0 32 ) (-1024 0 32 ) (-1024 0 24 ) 
4 198 251 (-1024 0 24 ) (-1024 0 32 ) (-1024 112 32 ) (-1024 112 24 ) 
4 198 208 (-1024 0 24 ) (-1024 112 24 ) (0 112 24 ) (0 0 24 ) 
3 199 202 (-416 201 24 ) (-416 201 32 ) (-416 225 32 ) 
4 199 200 (-416 201 32 ) (-416 201 24 ) (0 201 24 ) (0 201 32 ) 
4 200 203 (-416 201 24 ) (-416 144 24 ) (-416 144 32 ) (-416 201 32 ) 
4 200 201 (-416 144 32 ) (-416 144 24 ) (0 144 24 ) (0 144 32 ) 
3 201 204 (-416 144 24 ) (-416 112 32 ) (-416 144 32 ) 
3 202 205 (-656 201 24 ) (-656 201 32 ) (-656 225 32 ) 
4 202 203 (-656 201 32 ) (-656 201 24 ) (-416 201 24 ) (-416 201 32 ) 
4 203 206 (-656 201 24 ) (-656 144 24 ) (-656 144 32 ) (-656 201 32 ) 
4 203 204 (-656 144 32 ) (-656 144 24 ) (-416 144 24 ) (-416 144 32 ) 
3 204 207 (-656 144 24 ) (-656 112 32 ) (-656 144 32 ) 
3 205 253 (-1024 201 32 ) (-1024 225 32 ) (-1024 201 24 ) 
4 205 206 (-1024 201 24 ) (-656 201 24 ) (-656 201 32 ) (-1024 201 32 ) 
4 206 254 (-1024 144 32 ) (-1024 201 32 ) (-1024 201 24 ) (-1024 144 24 ) 
4 206 207 (-1024 144 24 ) (-656 144 24 ) (-656 144 32 ) (-1024 144 32 ) 
3 207 255 (-1024 112 32 ) (-1024 144 32 ) (-1024 144 24 ) 
4 208 260 (0 0 16 ) (0 0 24 ) (-1024 0 24 ) (-1024 0 16 ) 
4 208 251 (-1024 0 16 ) (-1024 0 24 ) (-1024 112 24 ) (-1024 112 16 ) 
4 208 209 (-1024 0 16 ) (-1024 112 16 ) (0 112 16 ) (0 0 16 ) 
4 209 260 (0 0 -992 ) (0 0 16 ) (-1024 0 16 ) (-1024 0 -992 ) 
4 209 257 (-1024 0 -992 ) (-1024 0 16 ) (-1024 1024 16 ) (-1024 1024 -992 ) 
4 210 262 (-1056 0 416 ) (-1024 0 416 ) (-1024 0 2016 ) (-1056 0 2016 ) 
4 210 219 (-1024 0 416 ) (-1056 0 416 ) (-1056 1024 416 ) (-1024 1024 416 ) 
4 210 216 (-1056 48 416 ) (-1056 28 416 ) (-1056 28 460 ) (-1056 48 460 ) 
4 210 217 (-1056 28 416 ) (-1056 0 416 ) (-1056 0 480 ) (-1056 28 480 ) 
4 210 215 (-1056 0 480 ) (-1056 0 2016 ) (-1056 48 2016 ) (-1056 48 480 ) 
4 210 214 (-1056 48 500 ) (-1056 48 2016 ) (-1056 68 2016 ) (-1056 68 500 ) 
4 210 212 (-1056 68 480 ) (-1056 68 2016 ) (-1056 88 2016 ) (-1056 88 480 ) 
4 210 213 (-1056 88 416 ) (-1056 68 416 ) (-1056 68 460 ) (-1056 88 460 ) 
4 210 211 (-1056 1024 416 ) (-1056 88 416 ) (-1056 88 2016 ) (-1056 1024 2016 ) 
4 211 219 (-1072 88 416 ) (-1072 1024 416 ) (-1056 1024 416 ) (-1056 88 416 ) 
4 211 218 (-1072 1024 2016 ) (-1072 1024 416 ) (-1072 88 416 ) (-1072 88 2016 ) 
4 211 212 (-1056 88 480 ) (-1056 88 2016 ) (-1072 88 2016 ) (-1072 88 480 ) 
4 211 213 (-1056 88 416 ) (-1056 88 460 ) (-1072 88 460 ) (-1072 88 416 ) 
4 212 218 (-1072 68 480 ) (-1072 68 2016 ) (-1072 88 2016 ) (-1072 88 480 ) 
4 212 214 (-1072 68 2016 ) (-1072 68 500 ) (-1056 68 500 ) (-1056 68 2016 ) 
4 213 219 (-1072 68 416 ) (-1072 88 416 ) (-1056 88 416 ) (-1056 68 416 ) 
4 213 218 (-1072 88 416 ) (-1072 68 416 ) (-1072 68 460 ) (-1072 88 460 ) 
4 214 218 (-1072 48 500 ) (-1072 48 2016 ) (-1072 68 2016 ) (-1072 68 500 ) 
4 214 215 (-1072 48 2016 ) (-1072 48 500 ) (-1056 48 500 ) (-1056 48 2016 ) 
4 215 262 (-1056 0 480 ) (-1056 0 2016 ) (-1072 0 2016 ) (-1072 0 480 ) 
4 215 218 (-1072 0 480 ) (-1072 0 2016 ) (-1072 48 2016 ) (-1072 48 480 ) 
4 215 217 (-1072 0 480 ) (-1072 28 480 ) (-1056 28 480 ) (-1056 0 480 ) 
4 216 219 (-1072 28 416 ) (-1072 48 416 ) (-1056 48 416 ) (-1056 28 416 ) 
4 216 218 (-1072 48 416 ) (-1072 28 416 ) (-1072 28 460 ) (-1072 48 460 ) 
4 216 217 (-1056 28 416 ) (-1056 28 460 ) (-1072 28 460 ) (-1072 28 416 ) 
4 217 262 (-1072 0 416 ) (-1056 0 416 ) (-1056 0 480 ) (-1072 0 480 ) 
4 217 219 (-1056 0 416 ) (-1072 0 416 ) (-1072 28 416 ) (-1056 28 416 ) 
4 217 218 (-1072 28 416 ) (-1072 0 416 ) (-1072 0 480 ) (-1072 28 480 ) 
4 218 268 (-2048 1024 2016 ) (-2048 1024 416 ) (-2048 0 416 ) (-2048 0 2016 ) 
4 218 262 (-2048 0 2016 ) (-2048 0 416 ) (-1072 0 416 ) (-1072 0 2016 ) 
4 218 219 (-1072 0 416 ) (-2048 0 416 ) (-2048 1024 416 ) (-1072 1024 416 ) 
4 219 268 (-2048 1024 416 ) (-2048 1024 412 ) (-2048 0 412 ) (-2048 0 416 ) 
4 219 262 (-2048 0 416 ) (-2048 0 412 ) (-1024 0 412 ) (-1024 0 416 ) 
4 219 220 (-1024 0 412 ) (-2048 0 412 ) (-2048 1024 412 ) (-1024 1024 412 ) 
4 220 269 (-2048 1024 412 ) (-2048 1024 372 ) (-2048 0 372 ) (-2048 0 412 ) 
4 220 263 (-2048 0 412 ) (-2048 0 372 ) (-1024 0 372 ) (-1024 0 412 ) 
4 220 221 (-1024 1024 372 ) (-1024 0 372 ) (-2048 0 372 ) (-2048 1024 372 ) 
4 221 270 (-2048 1024 372 ) (-2048 1024 272 ) (-2048 0 272 ) (-2048 0 372 ) 
4 221 264 (-2048 0 372 ) (-2048 0 272 ) (-1024 0 272 ) (-1024 0 372 ) 
4 221 222 (-1024 1024 272 ) (-1024 230 272 ) (-2048 230 272 ) (-2048 1024 272 ) 
4 221 227 (-1024 24 272 ) (-1024 0 272 ) (-2048 0 272 ) (-2048 24 272 ) 
5 222 283 (-2048 1024 272 ) (-2048 1024 251 ) (-2048 276.600037 251 ) (-2048 230 256.295471 ) (-2048 230 272 ) 
3 222 271 (-2048 276.600037 251 ) (-2048 230 251 ) (-2048 230 256.295471 ) 
4 222 228 (-2048 254 251 ) (-2048 1024 251 ) (-1024 1024 251 ) (-1024 254 251 ) 
4 223 229 (-1703 207 251 ) (-1024 207 251 ) (-1024 47 251 ) (-1703 47 251 ) 
4 223 225 (-1703 128 267.886383 ) (-1703 144 266.068207 ) (-1703 144 251 ) (-1703 128 251 ) 
4 223 224 (-1703 144 266.068207 ) (-1703 170.997040 263 ) (-1703 206.998062 251 ) (-1703 144 251 ) 
5 223 226 (-1703 47.002953 251 ) (-1703 83.011719 263.003418 ) (-1703 126.990952 268.001038 ) (-1703 128 267.886383 ) (-1703 128 251 ) 
4 224 272 (-2048 207 251 ) (-2048 144 251 ) (-2048 144 266.068176 ) (-2048 171 263 ) 
4 224 230 (-2048 144 251 ) (-2048 207 251 ) (-1703 207 251 ) (-1703 144 251 ) 
4 224 225 (-2048 144 251 ) (-1703 144 251 ) (-1703 144 266.066406 ) (-2048 144 266.066406 ) 
4 225 273 (-2048 144 251 ) (-2048 128 251 ) (-2048 128 267.886353 ) (-2048 144 266.068176 ) 
4 225 231 (-2048 128 251 ) (-2048 144 251 ) (-1703 144 251 ) (-1703 128 251 ) 
4 225 226 (-2048 128 251 ) (-1703 128 251 ) (-1703 128 267.886719 ) (-2048 128 267.886719 ) 
5 226 275 (-2048 128 251 ) (-2048 47 251 ) (-2048 83 263 ) (-2048 127 268 ) (-2048 128 267.886353 ) 
4 226 233 (-2048 47 251 ) (-2048 128 251 ) (-1703 128 251 ) (-1703 47 251 ) 
4 227 276 (-2048 24 251 ) (-2048 0 251 ) (-2048 0 272 ) (-2048 24 272 ) 
4 227 264 (-2048 0 272 ) (-2048 0 251 ) (-1024 0 251 ) (-1024 0 272 ) 
4 228 283 (-2048 1024 251 ) (-2048 1024 231 ) (-2048 452.599915 231 ) (-2048 276.599976 251 ) 
4 228 277 (-2048 452.599915 231 ) (-2048 254 231 ) (-2048 254 251 ) (-2048 276.599976 251 ) 
4 228 234 (-2048 254 231 ) (-2048 1024 231 ) (-1024 1024 231 ) (-1024 254 231 ) 
4 229 235 (-1703 234 231 ) (-1024 234 231 ) (-1024 20 231 ) (-1703 20 231 ) 
4 229 232 (-1703 144 240 ) (-1703 144 231 ) (-1703 128 231 ) (-1703 128 240 ) 
4 229 231 (-1703 128 251 ) (-1703 144 251 ) (-1703 144 240 ) (-1703 128 240 ) 
4 229 230 (-1703 144 251 ) (-1703 206.994141 251 ) (-1703 233.994141 231 ) (-1703 144 231 ) 
4 229 233 (-1703 19.996094 231 ) (-1703 46.996094 251 ) (-1703 128 251 ) (-1703 128 231 ) 
4 230 278 (-2048 234 231 ) (-2048 144 231 ) (-2048 144 251 ) (-2048 207 251 ) 
4 230 235 (-2048 144 231 ) (-2048 234 231 ) (-1703 234 231 ) (-1703 144 231 ) 
4 230 232 (-2048 144 231 ) (-1703 144 231 ) (-1703 144 240 ) (-2048 144 240 ) 
4 230 231 (-1703 144 240 ) (-1703 144 251 ) (-2048 144 251 ) (-2048 144 240 ) 
4 231 279 (-2048 128 240 ) (-2048 128 251 ) (-2048 144 251 ) (-2048 144 240 ) 
4 231 233 (-1703 128 240 ) (-1703 128 251 ) (-2048 128 251 ) (-2048 128 240 ) 
4 231 232 (-1703 128 240 ) (-2048 128 240 ) (-2048 144 240 ) (-1703 144 240 ) 
4 232 281 (-2048 144 231 ) (-2048 128 231 ) (-2048 128 240 ) (-2048 144 240 ) 
4 232 235 (-2048 128 231 ) (-2048 144 231 ) (-1703 144 231 ) (-1703 128 231 ) 
4 232 233 (-2048 128 231 ) (-1703 128 231 ) (-1703 128 240 ) (-2048 128 240 ) 
4 233 282 (-2048 128 231 ) (-2048 20 231 ) (-2048 47 251 ) (-2048 128 251 ) 
4 233 235 (-2048 20 231 ) (-2048 128 231 ) (-1703 128 231 ) (-1703 20 231 ) 
4 234 284 (-2048 1024 231 ) (-2048 1024 80 ) (-2048 254 80 ) (-2048 254 231 ) 
4 234 236 (-1024 1024 80 ) (-1024 254 80 ) (-2048 254 80 ) (-2048 1024 80 ) 
6 235 285 (-2048 243 80 ) (-2048 11 80 ) (-2048 11 208 ) (-2048 20 231 ) (-2048 234 231 ) (-2048 243 208 ) 
4 235 239 (-1024 233 80 ) (-1024 96 80 ) (-2048 96 80 ) (-2048 233 80 ) 
4 235 237 (-1024 243 80 ) (-1024 233 80 ) (-1664 233 80 ) (-1664 243 80 ) 
4 235 238 (-1680 233 80 ) (-2048 233 80 ) (-2048 243 80 ) (-1680 243 80 ) 
4 236 286 (-2048 1024 80 ) (-2048 1024 64 ) (-2048 253 64 ) (-2048 253 80 ) 
4 236 240 (-1024 1024 64 ) (-1024 253 64 ) (-2048 253 64 ) (-2048 1024 64 ) 
4 237 242 (-1024 243 64 ) (-1024 233 64 ) (-1664 233 64 ) (-1664 243 64 ) 
4 237 239 (-1664 233 64 ) (-1024 233 64 ) (-1024 233 80 ) (-1664 233 80 ) 
4 238 287 (-2048 243 64 ) (-2048 233 64 ) (-2048 233 80 ) (-2048 243 80 ) 
4 238 248 (-1680 233 64 ) (-2048 233 64 ) (-2048 243 64 ) (-1680 243 64 ) 
4 238 239 (-2048 233 64 ) (-1680 233 64 ) (-1680 233 80 ) (-2048 233 80 ) 
4 239 289 (-2048 233 64 ) (-2048 96 64 ) (-2048 96 80 ) (-2048 233 80 ) 
4 239 249 (-2048 144 64 ) (-2048 201 64 ) (-1680 201 64 ) (-1680 144 64 ) 
4 239 248 (-2048 201 64 ) (-2048 233 64 ) (-1680 233 64 ) (-1680 201 64 ) 
4 239 250 (-1680 96 64 ) (-2048 96 64 ) (-2048 144 64 ) (-1680 144 64 ) 
4 239 246 (-1680 144 64 ) (-1680 201 64 ) (-1664 201 64 ) (-1664 144 64 ) 
4 239 245 (-1680 201 64 ) (-1680 233 64 ) (-1664 233 64 ) (-1664 201 64 ) 
4 239 247 (-1664 96 64 ) (-1680 96 64 ) (-1680 144 64 ) (-1664 144 64 ) 
4 239 244 (-1024 144 64 ) (-1024 96 64 ) (-1664 96 64 ) (-1664 144 64 ) 
4 239 243 (-1024 201 64 ) (-1024 144 64 ) (-1664 144 64 ) (-1664 201 64 ) 
4 239 242 (-1024 233 64 ) (-1024 201 64 ) (-1664 201 64 ) (-1664 233 64 ) 
4 240 290 (-2048 1024 64 ) (-2048 1024 32 ) (-2048 249 32 ) (-2048 249 64 ) 
4 240 252 (-2048 249 32 ) (-2048 1024 32 ) (-1024 1024 32 ) (-1024 249 32 ) 
4 241 291 (-2048 88 32 ) (-2048 0 32 ) (-2048 0 64 ) (-2048 88 64 ) 
4 241 264 (-2048 0 64 ) (-2048 0 32 ) (-1024 0 32 ) (-1024 0 64 ) 
4 241 251 (-1024 0 32 ) (-2048 0 32 ) (-2048 88 32 ) (-1024 88 32 ) 
4 242 253 (-1664 225 32 ) (-1024 225 32 ) (-1024 201 32 ) (-1664 201 32 ) 
4 242 245 (-1664 225 32 ) (-1664 201 32 ) (-1664 201 64 ) (-1664 233 64 ) 
4 242 243 (-1664 201 64 ) (-1664 201 32 ) (-1024 201 32 ) (-1024 201 64 ) 
4 243 254 (-1024 201 32 ) (-1024 144 32 ) (-1664 144 32 ) (-1664 201 32 ) 
4 243 246 (-1664 201 32 ) (-1664 144 32 ) (-1664 144 64 ) (-1664 201 64 ) 
4 243 244 (-1664 144 64 ) (-1664 144 32 ) (-1024 144 32 ) (-1024 144 64 ) 
4 244 255 (-1024 144 32 ) (-1024 112 32 ) (-1664 112 32 ) (-1664 144 32 ) 
4 244 247 (-1664 144 32 ) (-1664 112 32 ) (-1664 96 64 ) (-1664 144 64 ) 
4 245 253 (-1680 225 32 ) (-1664 225 32 ) (-1664 201 32 ) (-1680 201 32 ) 
4 245 248 (-1680 225 32 ) (-1680 201 32 ) (-1680 201 64 ) (-1680 233 64 ) 
4 245 246 (-1680 201 64 ) (-1680 201 32 ) (-1664 201 32 ) (-1664 201 64 ) 
4 246 254 (-1664 201 32 ) (-1664 144 32 ) (-1680 144 32 ) (-1680 201 32 ) 
4 246 249 (-1680 201 32 ) (-1680 144 32 ) (-1680 144 64 ) (-1680 201 64 ) 
4 246 247 (-1680 144 64 ) (-1680 144 32 ) (-1664 144 32 ) (-1664 144 64 ) 
4 247 255 (-1664 144 32 ) (-1664 112 32 ) (-1680 112 32 ) (-1680 144 32 ) 
4 247 250 (-1680 144 32 ) (-1680 112 32 ) (-1680 96 64 ) (-1680 144 64 ) 
4 248 292 (-2048 225 32 ) (-2048 201 32 ) (-2048 201 64 ) (-2048 243 64 ) 
4 248 253 (-2048 201 32 ) (-2048 225 32 ) (-1680 225 32 ) (-1680 201 32 ) 
4 248 249 (-2048 201 32 ) (-1680 201 32 ) (-1680 201 64 ) (-2048 201 64 ) 
4 249 293 (-2048 201 32 ) (-2048 144 32 ) (-2048 144 64 ) (-2048 201 64 ) 
4 249 254 (-2048 144 32 ) (-2048 201 32 ) (-1680 201 32 ) (-1680 144 32 ) 
4 249 250 (-2048 144 32 ) (-1680 144 32 ) (-1680 144 64 ) (-2048 144 64 ) 
4 250 294 (-2048 144 32 ) (-2048 112 32 ) (-2048 96 64 ) (-2048 144 64 ) 
4 250 255 (-2048 112 32 ) (-2048 144 32 ) (-1680 144 32 ) (-1680 112 32 ) 
4 251 301 (-2048 112 16 ) (-2048 0 16 ) (-2048 0 32 ) (-2048 112 32 ) 
4 251 264 (-2048 0 32 ) (-2048 0 16 ) (-1024 0 16 ) (-1024 0 32 ) 
4 251 257 (-1024 112 16 ) (-1024 0 16 ) (-2048 0 16 ) (-2048 112 16 ) 
4 252 302 (-2048 1024 32 ) (-2048 1024 24 ) (-2048 225 24 ) (-2048 225 32 ) 
4 252 256 (-2048 225 24 ) (-2048 1024 24 ) (-1024 1024 24 ) (-1024 225 24 ) 
3 253 303 (-2048 201 24 ) (-2048 201 32 ) (-2048 225 32 ) 
4 253 254 (-2048 201 24 ) (-1024 201 24 ) (-1024 201 32 ) (-2048 201 32 ) 
4 254 304 (-2048 201 24 ) (-2048 144 24 ) (-2048 144 32 ) (-2048 201 32 ) 
4 254 255 (-2048 144 24 ) (-1024 144 24 ) (-1024 144 32 ) (-2048 144 32 ) 
3 255 305 (-2048 144 24 ) (-2048 112 32 ) (-2048 144 32 ) 
4 256 306 (-2048 1024 24 ) (-2048 1024 16 ) (-2048 225 16 ) (-2048 225 24 ) 
4 256 257 (-1024 1024 16 ) (-1024 225 16 ) (-2048 225 16 ) (-2048 1024 16 ) 
4 257 307 (-2048 1024 16 ) (-2048 1024 -992 ) (-2048 0 -992 ) (-2048 0 16 ) 
4 257 264 (-2048 0 16 ) (-2048 0 -992 ) (-1024 0 -992 ) (-1024 0 16 ) 
4 258 262 (-1024 0 2016 ) (-1024 0 412 ) (-1024 -291 412 ) (-1024 -291 2016 ) 
4 258 261 (0 -291 412 ) (0 -291 2016 ) (-1024 -291 2016 ) (-1024 -291 412 ) 
4 258 259 (0 -291 412 ) (-1024 -291 412 ) (-1024 0 412 ) (0 0 412 ) 
4 259 263 (-1024 0 412 ) (-1024 0 372 ) (-1024 -291 372 ) (-1024 -291 412 ) 
4 259 260 (0 -291 372 ) (-1024 -291 372 ) (-1024 0 372 ) (0 0 372 ) 
4 259 261 (0 -291 372 ) (0 -291 412 ) (-1024 -291 412 ) (-1024 -291 372 ) 
4 260 264 (-1024 0 372 ) (-1024 0 -992 ) (-1024 -291 -992 ) (-1024 -291 372 ) 
4 260 261 (-1024 -291 -992 ) (0 -291 -992 ) (0 -291 372 ) (-1024 -291 372 ) 
4 261 266 (0 -1024 -992 ) (0 -1024 2016 ) (-1024 -1024 2016 ) (-1024 -1024 -992 ) 
4 261 265 (-1024 -291 -992 ) (-1024 -1024 -992 ) (-1024 -1024 2016 ) (-1024 -291 2016 ) 
4 262 308 (-2048 -291 2016 ) (-2048 0 2016 ) (-2048 0 412 ) (-2048 -291 412 ) 
4 262 265 (-1024 -291 412 ) (-1024 -291 2016 ) (-2048 -291 2016 ) (-2048 -291 412 ) 
4 262 263 (-1024 -291 412 ) (-2048 -291 412 ) (-2048 0 412 ) (-1024 0 412 ) 
4 263 309 (-2048 0 412 ) (-2048 0 372 ) (-2048 -291 372 ) (-2048 -291 412 ) 
4 263 264 (-1024 -291 372 ) (-2048 -291 372 ) (-2048 0 372 ) (-1024 0 372 ) 
4 263 265 (-1024 -291 372 ) (-1024 -291 412 ) (-2048 -291 412 ) (-2048 -291 372 ) 
4 264 310 (-2048 0 372 ) (-2048 0 -992 ) (-2048 -291 -992 ) (-2048 -291 372 ) 
4 264 265 (-2048 -291 -992 ) (-1024 -291 -992 ) (-1024 -291 372 ) (-2048 -291 372 ) 
4 265 311 (-2048 -1024 -992 ) (-2048 -1024 2016 ) (-2048 -291 2016 ) (-2048 -291 -992 ) 
4 265 267 (-1024 -1024 -992 ) (-1024 -1024 2016 ) (-2048 -1024 2016 ) (-2048 -1024 -992 ) 
4 266 267 (-1024 -2016 2016 ) (-1024 -1024 2016 ) (-1024 -1024 -992 ) (-1024 -2016 -992 ) 
4 267 352 (-2048 -2016 2016 ) (-2048 -1024 2016 ) (-2048 -1024 -992 ) (-2048 -2016 -992 ) 
4 268 312 (-3072 1024 2016 ) (-3072 1024 412 ) (-3072 0 412 ) (-3072 0 2016 ) 
4 268 308 (-2048 0 412 ) (-2048 0 2016 ) (-3072 0 2016 ) (-3072 0 412 ) 
4 268 269 (-2048 0 412 ) (-3072 0 412 ) (-3072 1024 412 ) (-2048 1024 412 ) 
4 269 313 (-3072 1024 412 ) (-3072 1024 372 ) (-3072 0 372 ) (-3072 0 412 ) 
4 269 309 (-2048 0 372 ) (-2048 0 412 ) (-3072 0 412 ) (-3072 0 372 ) 
4 269 270 (-3072 0 372 ) (-3072 1024 372 ) (-2048 1024 372 ) (-2048 0 372 ) 
4 270 314 (-3072 1024 372 ) (-3072 1024 272 ) (-3072 0 272 ) (-3072 0 372 ) 
4 270 310 (-2048 0 272 ) (-2048 0 372 ) (-3072 0 372 ) (-3072 0 272 ) 
4 270 283 (-3072 230 272 ) (-3072 1024 272 ) (-2048 1024 272 ) (-2048 230 272 ) 
4 270 276 (-3072 0 272 ) (-3072 24 272 ) (-2048 24 272 ) (-2048 0 272 ) 
3 271 315 (-3072 230 256.295441 ) (-3072 276.599976 251 ) (-3072 230 251 ) 
4 271 283 (-3072 276.597046 251 ) (-3072 230 256.295105 ) (-2048 230 256.295105 ) (-2048 276.597046 251 ) 
4 271 277 (-3072 254 251 ) (-3072 276.599518 251 ) (-2048 276.599548 251 ) (-2048 254 251 ) 
4 272 316 (-3072 144 266.068176 ) (-3072 171 263 ) (-3072 207 251 ) (-3072 144 251 ) 
4 272 278 (-3072 144 251 ) (-3072 207 251 ) (-2048 207 251 ) (-2048 144 251 ) 
4 272 274 (-3072 144 251 ) (-2423 144 251 ) (-2423 144 266.068176 ) (-3072 144 266.068176 ) 
4 272 273 (-2423 144 251 ) (-2048 144 251 ) (-2048 144 266.068176 ) (-2423 144 266.068176 ) 
4 273 279 (-2423 144 251 ) (-2048 144 251 ) (-2048 128 251 ) (-2423 128 251 ) 
4 273 275 (-2423 128 251 ) (-2048 128 251 ) (-2048 128 267.886322 ) (-2423 128 267.886322 ) 
4 273 274 (-2423 144 266.068176 ) (-2423 144 251 ) (-2423 128 251 ) (-2423 128 267.886322 ) 
4 274 316 (-3072 128 267.886353 ) (-3072 144 266.068176 ) (-3072 144 251 ) (-3072 128 251 ) 
4 274 280 (-3072 128 251 ) (-3072 144 251 ) (-2423 144 251 ) (-2423 128 251 ) 
4 274 275 (-3072 128 251 ) (-2423 128 251 ) (-2423 128 267.886322 ) (-3072 128 267.886322 ) 
5 275 316 (-3072 127 268 ) (-3072 128 267.886353 ) (-3072 128 251 ) (-3072 47 251 ) (-3072 83 263 ) 
4 275 282 (-3072 47 251 ) (-3072 128 251 ) (-2048 128 251 ) (-2048 47 251 ) 
4 276 317 (-3072 0 251 ) (-3072 0 272 ) (-3072 24 272 ) (-3072 24 251 ) 
4 276 310 (-2048 0 251 ) (-2048 0 272 ) (-3072 0 272 ) (-3072 0 251 ) 
4 277 318 (-3072 452.599976 231 ) (-3072 254 231 ) (-3072 254 251 ) (-3072 276.599976 251 ) 
4 277 284 (-3072 254 231 ) (-3072 452.599945 231 ) (-2048 452.599976 231 ) (-2048 254 231 ) 
4 277 283 (-2048 452.597260 231 ) (-3072 452.597260 231 ) (-3072 276.597046 251 ) (-2048 276.597046 251 ) 
4 278 319 (-3072 234 231 ) (-3072 144 231 ) (-3072 144 251 ) (-3072 207 251 ) 
4 278 285 (-3072 144 231 ) (-3072 234 231 ) (-2048 234 231 ) (-2048 144 231 ) 
4 278 280 (-2423 144 251 ) (-3072 144 251 ) (-3072 144 240 ) (-2423 144 240 ) 
4 278 279 (-2048 144 240 ) (-2048 144 251 ) (-2423 144 251 ) (-2423 144 240 ) 
4 278 281 (-3072 144 231 ) (-2048 144 231 ) (-2048 144 240 ) (-3072 144 240 ) 
4 279 281 (-2048 128 240 ) (-2423 128 240 ) (-2423 144 240 ) (-2048 144 240 ) 
4 279 282 (-2048 128 240 ) (-2048 128 251 ) (-2423 128 251 ) (-2423 128 240 ) 
4 279 280 (-2423 144 251 ) (-2423 144 240 ) (-2423 128 240 ) (-2423 128 251 ) 
4 280 319 (-3072 128 240 ) (-3072 128 251 ) (-3072 144 251 ) (-3072 144 240 ) 
4 280 281 (-2423 128 240 ) (-3072 128 240 ) (-3072 144 240 ) (-2423 144 240 ) 
4 280 282 (-2423 128 251 ) (-3072 128 251 ) (-3072 128 240 ) (-2423 128 240 ) 
4 281 319 (-3072 144 231 ) (-3072 128 231 ) (-3072 128 240 ) (-3072 144 240 ) 
4 281 285 (-3072 128 231 ) (-3072 144 231 ) (-2048 144 231 ) (-2048 128 231 ) 
4 281 282 (-3072 128 231 ) (-2048 128 231 ) (-2048 128 240 ) (-3072 128 240 ) 
4 282 319 (-3072 128 231 ) (-3072 20 231 ) (-3072 47 251 ) (-3072 128 251 ) 
4 282 285 (-3072 20 231 ) (-3072 128 231 ) (-2048 128 231 ) (-2048 20 231 ) 
4 283 318 (-3072 1024 251 ) (-3072 1024 231 ) (-3072 452.599976 231 ) (-3072 276.600098 251 ) 
5 283 315 (-3072 1024 272 ) (-3072 1024 251 ) (-3072 276.600098 251 ) (-3072 230 256.295471 ) (-3072 230 272 ) 
4 283 284 (-3072 452.599945 231 ) (-3072 1024 231 ) (-2048 1024 231 ) (-2048 452.599976 231 ) 
4 284 320 (-3072 1024 231 ) (-3072 1024 80 ) (-3072 254 80 ) (-3072 254 231 ) 
4 284 286 (-3072 254 80 ) (-3072 1024 80 ) (-2048 1024 80 ) (-2048 254 80 ) 
6 285 321 (-3072 243 80 ) (-3072 11 80 ) (-3072 11 208 ) (-3072 20 231 ) (-3072 234 231 ) (-3072 243 208 ) 
4 285 289 (-3072 96 80 ) (-3072 233 80 ) (-2048 233 80 ) (-2048 96 80 ) 
4 285 287 (-2336 243 80 ) (-2048 243 80 ) (-2048 233 80 ) (-2336 233 80 ) 
4 285 288 (-3072 233 80 ) (-3072 243 80 ) (-2352 243 80 ) (-2352 233 80 ) 
4 286 322 (-3072 1024 80 ) (-3072 1024 64 ) (-3072 253 64 ) (-3072 253 80 ) 
4 286 290 (-3072 253 64 ) (-3072 1024 64 ) (-2048 1024 64 ) (-2048 253 64 ) 
4 287 292 (-2336 243 64 ) (-2048 243 64 ) (-2048 233 64 ) (-2336 233 64 ) 
4 287 289 (-2336 233 64 ) (-2048 233 64 ) (-2048 233 80 ) (-2336 233 80 ) 
4 288 298 (-3072 233 64 ) (-3072 243 64 ) (-2352 243 64 ) (-2352 233 64 ) 
4 288 289 (-3072 233 64 ) (-2352 233 64 ) (-2352 233 80 ) (-3072 233 80 ) 
4 289 324 (-3072 233 64 ) (-3072 96 64 ) (-3072 96 80 ) (-3072 233 80 ) 
4 289 299 (-3072 144 64 ) (-3072 201 64 ) (-2352 201 64 ) (-2352 144 64 ) 
4 289 298 (-3072 201 64 ) (-3072 233 64 ) (-2352 233 64 ) (-2352 201 64 ) 
4 289 300 (-3072 96 64 ) (-3072 144 64 ) (-2352 144 64 ) (-2352 96 64 ) 
4 289 296 (-2336 201 64 ) (-2336 144 64 ) (-2352 144 64 ) (-2352 201 64 ) 
4 289 295 (-2352 233 64 ) (-2336 233 64 ) (-2336 201 64 ) (-2352 201 64 ) 
4 289 297 (-2336 144 64 ) (-2336 96 64 ) (-2352 96 64 ) (-2352 144 64 ) 
4 289 294 (-2048 144 64 ) (-2048 96 64 ) (-2336 96 64 ) (-2336 144 64 ) 
4 289 293 (-2048 201 64 ) (-2048 144 64 ) (-2336 144 64 ) (-2336 201 64 ) 
4 289 292 (-2336 233 64 ) (-2048 233 64 ) (-2048 201 64 ) (-2336 201 64 ) 
4 290 325 (-3072 1024 64 ) (-3072 1024 32 ) (-3072 249 32 ) (-3072 249 64 ) 
4 290 302 (-3072 249 32 ) (-3072 1024 32 ) (-2048 1024 32 ) (-2048 249 32 ) 
4 291 326 (-3072 88 32 ) (-3072 0 32 ) (-3072 0 64 ) (-3072 88 64 ) 
4 291 310 (-2048 0 32 ) (-2048 0 64 ) (-3072 0 64 ) (-3072 0 32 ) 
4 291 301 (-2048 0 32 ) (-3072 0 32 ) (-3072 88 32 ) (-2048 88 32 ) 
4 292 303 (-2336 225 32 ) (-2048 225 32 ) (-2048 201 32 ) (-2336 201 32 ) 
4 292 295 (-2336 225 32 ) (-2336 201 32 ) (-2336 201 64 ) (-2336 233 64 ) 
4 292 293 (-2336 201 64 ) (-2336 201 32 ) (-2048 201 32 ) (-2048 201 64 ) 
4 293 304 (-2048 201 32 ) (-2048 144 32 ) (-2336 144 32 ) (-2336 201 32 ) 
4 293 296 (-2336 201 32 ) (-2336 144 32 ) (-2336 144 64 ) (-2336 201 64 ) 
4 293 294 (-2336 144 64 ) (-2336 144 32 ) (-2048 144 32 ) (-2048 144 64 ) 
4 294 305 (-2048 144 32 ) (-2048 112 32 ) (-2336 112 32 ) (-2336 144 32 ) 
4 294 297 (-2336 144 32 ) (-2336 112 32 ) (-2336 96 64 ) (-2336 144 64 ) 
4 295 303 (-2352 225 32 ) (-2336 225 32 ) (-2336 201 32 ) (-2352 201 32 ) 
4 295 298 (-2352 225 32 ) (-2352 201 32 ) (-2352 201 64 ) (-2352 233 64 ) 
4 295 296 (-2352 201 64 ) (-2352 201 32 ) (-2336 201 32 ) (-2336 201 64 ) 
4 296 304 (-2336 201 32 ) (-2336 144 32 ) (-2352 144 32 ) (-2352 201 32 ) 
4 296 299 (-2352 201 32 ) (-2352 144 32 ) (-2352 144 64 ) (-2352 201 64 ) 
4 296 297 (-2352 144 64 ) (-2352 144 32 ) (-2336 144 32 ) (-2336 144 64 ) 
4 297 305 (-2336 144 32 ) (-2336 112 32 ) (-2352 112 32 ) (-2352 144 32 ) 
4 297 300 (-2352 144 32 ) (-2352 112 32 ) (-2352 96 64 ) (-2352 144 64 ) 
4 298 327 (-3072 225 32 ) (-3072 201 32 ) (-3072 201 64 ) (-3072 233 64 ) 
4 298 303 (-3072 201 32 ) (-3072 225 32 ) (-2352 225 32 ) (-2352 201 32 ) 
4 298 299 (-3072 201 32 ) (-2352 201 32 ) (-2352 201 64 ) (-3072 201 64 ) 
4 299 328 (-3072 201 32 ) (-3072 144 32 ) (-3072 144 64 ) (-3072 201 64 ) 
4 299 304 (-3072 144 32 ) (-3072 201 32 ) (-2352 201 32 ) (-2352 144 32 ) 
4 299 300 (-3072 144 32 ) (-2352 144 32 ) (-2352 144 64 ) (-3072 144 64 ) 
4 300 329 (-3072 144 32 ) (-3072 112 32 ) (-3072 96 64 ) (-3072 144 64 ) 
4 300 305 (-3072 112 32 ) (-3072 144 32 ) (-2352 144 32 ) (-2352 112 32 ) 
4 301 333 (-3072 112 16 ) (-3072 0 16 ) (-3072 0 32 ) (-3072 112 32 ) 
4 301 310 (-2048 0 16 ) (-2048 0 32 ) (-3072 0 32 ) (-3072 0 16 ) 
4 301 307 (-3072 0 16 ) (-3072 112 16 ) (-2048 112 16 ) (-2048 0 16 ) 
4 302 334 (-3072 1024 32 ) (-3072 1024 24 ) (-3072 225 24 ) (-3072 225 32 ) 
4 302 306 (-3072 225 24 ) (-3072 1024 24 ) (-2048 1024 24 ) (-2048 225 24 ) 
3 303 335 (-3072 201 24 ) (-3072 201 32 ) (-3072 225 32 ) 
4 303 304 (-3072 201 24 ) (-2048 201 24 ) (-2048 201 32 ) (-3072 201 32 ) 
4 304 336 (-3072 201 24 ) (-3072 144 24 ) (-3072 144 32 ) (-3072 201 32 ) 
4 304 305 (-3072 144 24 ) (-2048 144 24 ) (-2048 144 32 ) (-3072 144 32 ) 
3 305 337 (-3072 144 24 ) (-3072 112 32 ) (-3072 144 32 ) 
4 306 338 (-3072 1024 24 ) (-3072 1024 16 ) (-3072 225 16 ) (-3072 225 24 ) 
4 306 307 (-3072 225 16 ) (-3072 1024 16 ) (-2048 1024 16 ) (-2048 225 16 ) 
4 307 339 (-3072 1024 16 ) (-3072 1024 -992 ) (-3072 0 -992 ) (-3072 0 16 ) 
4 307 310 (-2048 0 -992 ) (-2048 0 16 ) (-3072 0 16 ) (-3072 0 -992 ) 
4 308 347 (-3072 -291 2016 ) (-3072 0 2016 ) (-3072 0 412 ) (-3072 -291 412 ) 
4 308 311 (-2048 -291 412 ) (-2048 -291 2016 ) (-3072 -291 2016 ) (-3072 -291 412 ) 
4 308 309 (-2048 -291 412 ) (-3072 -291 412 ) (-3072 0 412 ) (-2048 0 412 ) 
4 309 348 (-3072 0 412 ) (-3072 0 372 ) (-3072 -291 372 ) (-3072 -291 412 ) 
4 309 310 (-2048 -291 372 ) (-3072 -291 372 ) (-3072 0 372 ) (-2048 0 372 ) 
4 309 311 (-2048 -291 372 ) (-2048 -291 412 ) (-3072 -291 412 ) (-3072 -291 372 ) 
4 310 349 (-3072 0 372 ) (-3072 0 -992 ) (-3072 -291 -992 ) (-3072 -291 372 ) 
4 310 311 (-3072 -291 -992 ) (-2048 -291 -992 ) (-2048 -291 372 ) (-3072 -291 372 ) 
4 311 352 (-2048 -1024 -992 ) (-2048 -1024 2016 ) (-3072 -1024 2016 ) (-3072 -1024 -992 ) 
4 311 350 (-3072 -1024 -992 ) (-3072 -1024 2016 ) (-3072 -291 2016 ) (-3072 -291 -992 ) 
4 312 347 (-3072 0 412 ) (-3072 0 2016 ) (-3584 0 2016 ) (-3584 0 412 ) 
4 312 340 (-3584 0 412 ) (-3584 0 2016 ) (-3584 1024 2016 ) (-3584 1024 412 ) 
4 312 313 (-3584 0 412 ) (-3584 1024 412 ) (-3072 1024 412 ) (-3072 0 412 ) 
4 313 348 (-3072 0 372 ) (-3072 0 412 ) (-3584 0 412 ) (-3584 0 372 ) 
4 313 341 (-3584 0 372 ) (-3584 0 412 ) (-3584 1024 412 ) (-3584 1024 372 ) 
4 313 314 (-3072 0 372 ) (-3584 0 372 ) (-3584 1024 372 ) (-3072 1024 372 ) 
4 314 349 (-3072 0 272 ) (-3072 0 372 ) (-3584 0 372 ) (-3584 0 272 ) 
4 314 342 (-3584 0 272 ) (-3584 0 372 ) (-3584 1024 372 ) (-3584 1024 272 ) 
4 314 315 (-3584 230 272 ) (-3584 1024 272 ) (-3072 1024 272 ) (-3072 230 272 ) 
4 314 317 (-3072 0 272 ) (-3584 0 272 ) (-3584 24 272 ) (-3072 24 272 ) 
4 315 344 (-3584 254 272 ) (-3584 1024 272 ) (-3584 1024 251 ) (-3584 254 251 ) 
4 315 318 (-3584 254 251 ) (-3584 1024 251 ) (-3072 1024 251 ) (-3072 254 251 ) 
4 316 319 (-3584 47 251 ) (-3584 207 251 ) (-3072 207 251 ) (-3072 47 251 ) 
4 317 349 (-3072 0 251 ) (-3072 0 272 ) (-3584 0 272 ) (-3584 0 251 ) 
4 318 344 (-3584 254 251 ) (-3584 1024 251 ) (-3584 1024 231 ) (-3584 254 231 ) 
4 318 320 (-3584 254 231 ) (-3584 1024 231 ) (-3072 1024 231 ) (-3072 254 231 ) 
4 319 321 (-3584 20 231 ) (-3584 234 231 ) (-3072 234 231 ) (-3072 20 231 ) 
4 320 344 (-3584 254 231 ) (-3584 1024 231 ) (-3584 1024 80 ) (-3584 254 80 ) 
4 320 322 (-3584 254 80 ) (-3584 1024 80 ) (-3072 1024 80 ) (-3072 254 80 ) 
4 321 324 (-3584 96 80 ) (-3584 233 80 ) (-3072 233 80 ) (-3072 96 80 ) 
4 321 323 (-3584 233 80 ) (-3584 243 80 ) (-3088 243 80 ) (-3088 233 80 ) 
4 322 344 (-3584 254 80 ) (-3584 1024 80 ) (-3584 1024 64 ) (-3584 254 64 ) 
4 322 325 (-3584 253 64 ) (-3584 1024 64 ) (-3072 1024 64 ) (-3072 253 64 ) 
4 323 330 (-3584 233 64 ) (-3584 243 64 ) (-3088 243 64 ) (-3088 233 64 ) 
4 323 324 (-3584 233 64 ) (-3088 233 64 ) (-3088 233 80 ) (-3584 233 80 ) 
4 324 331 (-3584 144 64 ) (-3584 201 64 ) (-3088 201 64 ) (-3088 144 64 ) 
4 324 330 (-3584 201 64 ) (-3584 233 64 ) (-3088 233 64 ) (-3088 201 64 ) 
4 324 332 (-3584 96 64 ) (-3584 144 64 ) (-3088 144 64 ) (-3088 96 64 ) 
4 324 329 (-3072 144 64 ) (-3072 96 64 ) (-3088 96 64 ) (-3088 144 64 ) 
4 324 328 (-3072 201 64 ) (-3072 144 64 ) (-3088 144 64 ) (-3088 201 64 ) 
4 324 327 (-3088 233 64 ) (-3072 233 64 ) (-3072 201 64 ) (-3088 201 64 ) 
4 325 344 (-3584 254 64 ) (-3584 1024 64 ) (-3584 1024 32 ) (-3584 254 32 ) 
4 325 334 (-3584 249 32 ) (-3584 1024 32 ) (-3072 1024 32 ) (-3072 249 32 ) 
4 326 349 (-3072 0 32 ) (-3072 0 64 ) (-3584 0 64 ) (-3584 0 32 ) 
4 326 333 (-3072 0 32 ) (-3584 0 32 ) (-3584 88 32 ) (-3072 88 32 ) 
4 327 335 (-3088 225 32 ) (-3072 225 32 ) (-3072 201 32 ) (-3088 201 32 ) 
4 327 330 (-3088 225 32 ) (-3088 201 32 ) (-3088 201 64 ) (-3088 233 64 ) 
4 327 328 (-3088 201 64 ) (-3088 201 32 ) (-3072 201 32 ) (-3072 201 64 ) 
4 328 336 (-3072 201 32 ) (-3072 144 32 ) (-3088 144 32 ) (-3088 201 32 ) 
4 328 331 (-3088 201 32 ) (-3088 144 32 ) (-3088 144 64 ) (-3088 201 64 ) 
4 328 329 (-3088 144 64 ) (-3088 144 32 ) (-3072 144 32 ) (-3072 144 64 ) 
4 329 337 (-3072 144 32 ) (-3072 112 32 ) (-3088 112 32 ) (-3088 144 32 ) 
4 329 332 (-3088 144 32 ) (-3088 112 32 ) (-3088 96 64 ) (-3088 144 64 ) 
4 330 335 (-3584 201 32 ) (-3584 225 32 ) (-3088 225 32 ) (-3088 201 32 ) 
4 330 331 (-3584 201 32 ) (-3088 201 32 ) (-3088 201 64 ) (-3584 201 64 ) 
4 331 336 (-3584 144 32 ) (-3584 201 32 ) (-3088 201 32 ) (-3088 144 32 ) 
4 331 332 (-3584 144 32 ) (-3088 144 32 ) (-3088 144 64 ) (-3584 144 64 ) 
4 332 337 (-3584 112 32 ) (-3584 144 32 ) (-3088 144 32 ) (-3088 112 32 ) 
4 333 349 (-3072 0 16 ) (-3072 0 32 ) (-3584 0 32 ) (-3584 0 16 ) 
4 333 339 (-3584 0 16 ) (-3584 112 16 ) (-3072 112 16 ) (-3072 0 16 ) 
4 334 344 (-3584 254 32 ) (-3584 1024 32 ) (-3584 1024 24 ) (-3584 254 24 ) 
4 334 338 (-3584 225 24 ) (-3584 1024 24 ) (-3072 1024 24 ) (-3072 225 24 ) 
4 335 336 (-3584 201 24 ) (-3072 201 24 ) (-3072 201 32 ) (-3584 201 32 ) 
4 336 337 (-3584 144 24 ) (-3072 144 24 ) (-3072 144 32 ) (-3584 144 32 ) 
4 338 344 (-3584 1024 24 ) (-3584 1024 16 ) (-3584 254 16 ) (-3584 254 24 ) 
4 338 339 (-3584 225 16 ) (-3584 1024 16 ) (-3072 1024 16 ) (-3072 225 16 ) 
4 339 349 (-3072 0 -992 ) (-3072 0 16 ) (-3584 0 16 ) (-3584 0 -992 ) 
4 339 345 (-3584 0 -992 ) (-3584 0 16 ) (-3584 254 16 ) (-3584 254 -992 ) 
4 339 344 (-3584 254 16 ) (-3584 1024 16 ) (-3584 1024 -992 ) (-3584 254 -992 ) 
4 340 347 (-3584 0 412 ) (-3584 0 2016 ) (-3775 0 2016 ) (-3775 0 412 ) 
4 340 343 (-3775 0 412 ) (-3775 0 2016 ) (-3775 1024 2016 ) (-3775 1024 412 ) 
4 340 341 (-3775 0 412 ) (-3775 1024 412 ) (-3584 1024 412 ) (-3584 0 412 ) 
4 341 348 (-3584 0 372 ) (-3584 0 412 ) (-3775 0 412 ) (-3775 0 372 ) 
4 341 342 (-3775 0 372 ) (-3775 1024 372 ) (-3584 1024 372 ) (-3584 0 372 ) 
4 341 343 (-3775 0 372 ) (-3775 0 412 ) (-3775 1024 412 ) (-3775 1024 372 ) 
4 342 349 (-3584 0 272 ) (-3584 0 372 ) (-3775 0 372 ) (-3775 0 272 ) 
4 342 344 (-3592 1024 272 ) (-3584 1024 272 ) (-3584 254 272 ) (-3592 254 272 ) 
4 342 346 (-3775 1024 272 ) (-3592 1024 272 ) (-3592 0 272 ) (-3775 0 272 ) 
4 342 343 (-3775 1024 272 ) (-3775 0 272 ) (-3775 0 372 ) (-3775 1024 372 ) 
4 343 351 (-3775 0 2016 ) (-4064 0 2016 ) (-4064 0 272 ) (-3775 0 272 ) 
4 343 346 (-4064 0 272 ) (-4064 1024 272 ) (-3775 1024 272 ) (-3775 0 272 ) 
4 344 345 (-3592 254 16 ) (-3592 254 -992 ) (-3584 254 -992 ) (-3584 254 16 ) 
4 344 346 (-3592 1024 -992 ) (-3592 254 -992 ) (-3592 254 272 ) (-3592 1024 272 ) 
4 345 349 (-3584 0 -992 ) (-3584 0 16 ) (-3592 0 16 ) (-3592 0 -992 ) 
4 345 346 (-3592 254 -992 ) (-3592 0 -992 ) (-3592 0 16 ) (-3592 254 16 ) 
4 346 349 (-3592 0 272 ) (-3775 0 272 ) (-3775 0 -992 ) (-3592 0 -992 ) 
4 346 351 (-3775 0 272 ) (-4064 0 272 ) (-4064 0 -992 ) (-3775 0 -992 ) 
4 347 351 (-3775 -291 412 ) (-3775 -291 2016 ) (-3775 0 2016 ) (-3775 0 412 ) 
4 347 350 (-3775 -291 2016 ) (-3775 -291 412 ) (-3072 -291 412 ) (-3072 -291 2016 ) 
4 347 348 (-3072 -291 412 ) (-3775 -291 412 ) (-3775 0 412 ) (-3072 0 412 ) 
4 348 349 (-3072 -291 372 ) (-3775 -291 372 ) (-3775 0 372 ) (-3072 0 372 ) 
4 348 351 (-3775 -291 372 ) (-3775 -291 412 ) (-3775 0 412 ) (-3775 0 372 ) 
4 348 350 (-3775 -291 412 ) (-3775 -291 372 ) (-3072 -291 372 ) (-3072 -291 412 ) 
4 349 350 (-3775 -291 372 ) (-3775 -291 -992 ) (-3072 -291 -992 ) (-3072 -291 372 ) 
4 349 351 (-3775 0 -992 ) (-3775 -291 -992 ) (-3775 -291 372 ) (-3775 0 372 ) 
4 350 353 (-3072 -1024 -992 ) (-3072 -1024 2016 ) (-3775 -1024 2016 ) (-3775 -1024 -992 ) 
4 350 351 (-3775 -291 -992 ) (-3775 -1024 -992 ) (-3775 -1024 2016 ) (-3775 -291 2016 ) 
4 351 353 (-3775 -1024 2016 ) (-4064 -1024 2016 ) (-4064 -1024 -992 ) (-3775 -1024 -992 ) 
4 352 353 (-3072 -1024 2016 ) (-3072 -1024 -992 ) (-3072 -2016 -992 ) (-3072 -2016 2016 ) 
