PRT1
260
754
4 0 36 (832 1024 272 ) (832 1024 -224 ) (939.294067 1024 -224 ) (939.294067 1024 272 ) 
4 0 32 (939.294067 1024 1280 ) (832 1024 1280 ) (832 1024 272 ) (939.294067 1024 272 ) 
4 0 3 (832 1024 372 ) (832 1024 412 ) (832 1344 412 ) (832 1344 372 ) 
4 0 2 (832 1024 412 ) (832 1024 1280 ) (832 1344 1280 ) (832 1344 412 ) 
4 0 4 (832 1344 -224 ) (832 1024 -224 ) (832 1024 372 ) (832 1344 372 ) 
4 0 1 (832 1449.510132 1280 ) (832 1449.510132 -224 ) (832 1344 -224 ) (832 1344 1280 ) 
4 1 22 (0 1449.510132 64 ) (0 1449.510132 -224 ) (0 1344 -224 ) (0 1344 64 ) 
4 1 9 (0 1449.510132 251 ) (0 1449.510132 64 ) (0 1344 64 ) (0 1344 251 ) 
4 1 5 (0 1344 1280 ) (0 1449.510132 1280 ) (0 1449.510132 251 ) (0 1344 251 ) 
4 1 3 (832 1344 372 ) (832 1344 412 ) (0 1344 412 ) (0 1344 372 ) 
4 1 2 (832 1344 412 ) (832 1344 1280 ) (0 1344 1280 ) (0 1344 412 ) 
4 1 4 (0 1344 -224 ) (832 1344 -224 ) (832 1344 372 ) (0 1344 372 ) 
4 2 39 (768 1024 1280 ) (0 1024 1280 ) (0 1024 412 ) (768 1024 412 ) 
4 2 33 (832 1024 1280 ) (768 1024 1280 ) (768 1024 412 ) (832 1024 412 ) 
4 2 12 (0 1024 412 ) (0 1024 1280 ) (0 1280 1280 ) (0 1280 412 ) 
4 2 6 (0 1280 1280 ) (0 1344 1280 ) (0 1344 412 ) (0 1280 412 ) 
4 2 3 (0 1024 412 ) (0 1344 412 ) (832 1344 412 ) (832 1024 412 ) 
4 3 40 (0 1024 412 ) (0 1024 372 ) (768 1024 372 ) (768 1024 412 ) 
4 3 34 (768 1024 372 ) (832 1024 372 ) (832 1024 412 ) (768 1024 412 ) 
4 3 13 (0 1024 372 ) (0 1024 412 ) (0 1280 412 ) (0 1280 372 ) 
4 3 7 (0 1280 412 ) (0 1344 412 ) (0 1344 372 ) (0 1280 372 ) 
4 3 4 (0 1344 372 ) (832 1344 372 ) (832 1024 372 ) (0 1024 372 ) 
4 4 77 (0 1024 16 ) (0 1024 -224 ) (768 1024 -224 ) (768 1024 16 ) 
4 4 66 (0 1024 64 ) (0 1024 16 ) (768 1024 16 ) (768 1024 64 ) 
4 4 61 (0 1024 80 ) (0 1024 64 ) (768 1024 64 ) (768 1024 80 ) 
4 4 58 (0 1024 208 ) (0 1024 80 ) (768 1024 80 ) (768 1024 208 ) 
4 4 56 (0 1024 231 ) (0 1024 208 ) (768 1024 208 ) (768 1024 231 ) 
4 4 49 (0 1024 251 ) (0 1024 231 ) (768 1024 231 ) (768 1024 251 ) 
4 4 42 (0 1024 272 ) (0 1024 251 ) (768 1024 251 ) (768 1024 272 ) 
4 4 41 (0 1024 372 ) (0 1024 272 ) (768 1024 272 ) (768 1024 372 ) 
4 4 37 (768 1024 -224 ) (784 1024 -224 ) (784 1024 272 ) (768 1024 272 ) 
4 4 36 (784 1024 -224 ) (832 1024 -224 ) (832 1024 272 ) (784 1024 272 ) 
4 4 35 (832 1024 272 ) (832 1024 372 ) (768 1024 372 ) (768 1024 272 ) 
4 4 26 (0 1024 -224 ) (0 1024 64 ) (0 1280 64 ) (0 1280 -224 ) 
4 4 22 (0 1280 64 ) (0 1344 64 ) (0 1344 -224 ) (0 1280 -224 ) 
4 4 19 (0 1024 64 ) (0 1024 80 ) (0 1280 80 ) (0 1280 64 ) 
4 4 15 (0 1024 80 ) (0 1024 251 ) (0 1280 251 ) (0 1280 80 ) 
4 4 14 (0 1024 251 ) (0 1024 372 ) (0 1280 372 ) (0 1280 251 ) 
4 4 9 (0 1344 251 ) (0 1344 64 ) (0 1280 64 ) (0 1280 251 ) 
4 4 8 (0 1280 372 ) (0 1344 372 ) (0 1344 251 ) (0 1280 251 ) 
4 5 176 (-1024 1344 1280 ) (-1024 1449.510132 1280 ) (-1024 1449.510132 251 ) (-1024 1344 251 ) 
4 5 10 (-672 1449.510132 251 ) (-400 1449.510132 251 ) (-400 1344 251 ) (-672 1344 251 ) 
4 5 9 (-400 1449.510132 251 ) (0 1449.510132 251 ) (0 1344 251 ) (-400 1344 251 ) 
4 5 11 (-1024 1344 251 ) (-1024 1449.510132 251 ) (-672 1449.510132 251 ) (-672 1344 251 ) 
4 5 7 (0 1344 372 ) (0 1344 412 ) (-1024 1344 412 ) (-1024 1344 372 ) 
4 5 6 (0 1344 412 ) (0 1344 1280 ) (-1024 1344 1280 ) (-1024 1344 412 ) 
4 5 8 (-1024 1344 251 ) (0 1344 251 ) (0 1344 372 ) (-1024 1344 372 ) 
4 6 177 (-1024 1280 412 ) (-1024 1280 1280 ) (-1024 1344 1280 ) (-1024 1344 412 ) 
4 6 12 (-1024 1280 1280 ) (-1024 1280 412 ) (0 1280 412 ) (0 1280 1280 ) 
4 6 7 (0 1280 412 ) (-1024 1280 412 ) (-1024 1344 412 ) (0 1344 412 ) 
4 7 178 (-1024 1280 372 ) (-1024 1280 412 ) (-1024 1344 412 ) (-1024 1344 372 ) 
4 7 13 (-1024 1280 412 ) (-1024 1280 372 ) (0 1280 372 ) (0 1280 412 ) 
4 7 8 (0 1280 372 ) (-1024 1280 372 ) (-1024 1344 372 ) (0 1344 372 ) 
4 8 179 (-1024 1280 251 ) (-1024 1280 372 ) (-1024 1344 372 ) (-1024 1344 251 ) 
4 8 14 (-1024 1280 372 ) (-1024 1280 251 ) (0 1280 251 ) (0 1280 372 ) 
4 8 10 (-672 1296 251 ) (-672 1344 251 ) (-400 1344 251 ) (-400 1296 251 ) 
4 8 9 (0 1280 251 ) (-400 1280 251 ) (-400 1344 251 ) (0 1344 251 ) 
4 8 11 (-672 1280 251 ) (-1024 1280 251 ) (-1024 1344 251 ) (-672 1344 251 ) 
4 9 22 (0 1449.510132 64 ) (0 1280 64 ) (-400 1280 64 ) (-400 1449.510132 64 ) 
4 9 19 (-400 1280 64 ) (0 1280 64 ) (0 1280 80 ) (-400 1280 80 ) 
4 9 15 (0 1280 80 ) (0 1280 251 ) (-400 1280 251 ) (-400 1280 80 ) 
4 9 10 (-400 1296 251 ) (-400 1449.510132 251 ) (-400 1449.510132 64 ) (-400 1296 64 ) 
4 10 23 (-672 1296 64 ) (-672 1449.510132 64 ) (-400 1449.510132 64 ) (-400 1296 64 ) 
4 10 11 (-672 1296 251 ) (-672 1449.510132 251 ) (-672 1449.510132 64 ) (-672 1296 64 ) 
4 11 179 (-1024 1344 64 ) (-1024 1280 64 ) (-1024 1280 251 ) (-1024 1344 251 ) 
4 11 176 (-1024 1449.510132 64 ) (-1024 1344 64 ) (-1024 1344 251 ) (-1024 1449.510132 251 ) 
4 11 25 (-672 1280 64 ) (-1024 1280 64 ) (-1024 1449.510132 64 ) (-672 1449.510132 64 ) 
4 11 21 (-1024 1280 80 ) (-1024 1280 64 ) (-672 1280 64 ) (-672 1280 80 ) 
4 11 18 (-1024 1280 251 ) (-1024 1280 80 ) (-672 1280 80 ) (-672 1280 251 ) 
4 12 177 (-1024 1024 412 ) (-1024 1024 1280 ) (-1024 1280 1280 ) (-1024 1280 412 ) 
4 12 78 (0 1024 412 ) (0 1024 1280 ) (-1024 1024 1280 ) (-1024 1024 412 ) 
4 12 13 (-1024 1280 412 ) (0 1280 412 ) (0 1024 412 ) (-1024 1024 412 ) 
4 13 178 (-1024 1024 372 ) (-1024 1024 412 ) (-1024 1280 412 ) (-1024 1280 372 ) 
4 13 79 (0 1024 372 ) (0 1024 412 ) (-1024 1024 412 ) (-1024 1024 372 ) 
4 13 14 (0 1024 372 ) (-1024 1024 372 ) (-1024 1280 372 ) (0 1280 372 ) 
4 14 179 (-1024 1024 251 ) (-1024 1024 372 ) (-1024 1280 372 ) (-1024 1280 251 ) 
4 14 81 (0 1024 251 ) (0 1024 272 ) (-1024 1024 272 ) (-1024 1024 251 ) 
4 14 80 (0 1024 272 ) (0 1024 372 ) (-1024 1024 372 ) (-1024 1024 272 ) 
4 14 18 (-672 1024 251 ) (-1024 1024 251 ) (-1024 1280 251 ) (-672 1280 251 ) 
4 14 15 (0 1024 251 ) (-400 1024 251 ) (-400 1280 251 ) (0 1280 251 ) 
4 15 90 (0 1024 80 ) (0 1024 208 ) (-400 1024 208 ) (-400 1024 80 ) 
4 15 86 (0 1024 208 ) (0 1024 231 ) (-400 1024 231 ) (-400 1024 208 ) 
4 15 84 (0 1024 231 ) (0 1024 251 ) (-400 1024 251 ) (-400 1024 231 ) 
4 15 19 (-400 1280 80 ) (0 1280 80 ) (0 1024 80 ) (-400 1024 80 ) 
4 16 88 (-654 1024 208 ) (-418 1024 208 ) (-426.625031 1024 231 ) (-645.375061 1024 231 ) 
4 16 17 (-654 1280 208 ) (-418 1280 208 ) (-418 1024 208 ) (-654 1024 208 ) 
4 17 94 (-656 1024 200 ) (-656 1024 80 ) (-649.045044 1024 80 ) (-649.045044 1024 200 ) 
4 17 93 (-649.045044 1024 80 ) (-648 1024 80 ) (-648 1024 200 ) (-649.045044 1024 200 ) 
4 17 92 (-656 1024 208 ) (-656 1024 200 ) (-648 1024 200 ) (-648 1024 208 ) 
4 17 91 (-648 1024 80 ) (-416 1024 80 ) (-416 1024 208 ) (-648 1024 208 ) 
4 17 20 (-576 1280 80 ) (-416 1280 80 ) (-416 1024 80 ) (-576 1024 80 ) 
4 18 179 (-1024 1024 80 ) (-1024 1024 251 ) (-1024 1280 251 ) (-1024 1280 80 ) 
4 18 103 (-786 1024 188 ) (-786 1024 80 ) (-672 1024 80 ) (-672 1024 188 ) 
4 18 101 (-672 1024 251 ) (-786 1024 251 ) (-786 1024 188 ) (-672 1024 188 ) 
4 18 110 (-786 1024 251 ) (-1024 1024 251 ) (-1024 1024 80 ) (-786 1024 80 ) 
4 18 21 (-1024 1280 80 ) (-672 1280 80 ) (-672 1024 80 ) (-1024 1024 80 ) 
4 19 113 (0 1024 64 ) (0 1024 80 ) (-400 1024 80 ) (-400 1024 64 ) 
4 19 26 (0 1280 64 ) (0 1024 64 ) (-400 1024 64 ) (-400 1280 64 ) 
4 20 114 (-416 1024 80 ) (-576 1024 80 ) (-576 1024 64 ) (-416 1024 64 ) 
4 20 28 (-416 1024 64 ) (-576 1024 64 ) (-576 1280 64 ) (-416 1280 64 ) 
4 21 179 (-1024 1024 64 ) (-1024 1024 80 ) (-1024 1280 80 ) (-1024 1280 64 ) 
4 21 116 (-672 1024 80 ) (-786 1024 80 ) (-786 1024 64 ) (-672 1024 64 ) 
4 21 119 (-786 1024 80 ) (-1024 1024 80 ) (-1024 1024 64 ) (-786 1024 64 ) 
4 21 30 (-672 1024 64 ) (-1024 1024 64 ) (-1024 1280 64 ) (-672 1280 64 ) 
4 22 26 (0 1280 64 ) (-400 1280 64 ) (-400 1280 -224 ) (0 1280 -224 ) 
4 22 24 (-400 1296 -224 ) (-400 1280 -224 ) (-400 1280 16 ) (-400 1296 16 ) 
4 22 23 (-400 1449.510132 64 ) (-400 1449.510132 -224 ) (-400 1296 -224 ) (-400 1296 64 ) 
4 23 24 (-672 1296 16 ) (-672 1296 -224 ) (-400 1296 -224 ) (-400 1296 16 ) 
4 23 25 (-672 1449.510132 64 ) (-672 1449.510132 -224 ) (-672 1296 -224 ) (-672 1296 64 ) 
4 24 31 (-672 1280 16 ) (-672 1280 -224 ) (-656 1280 -224 ) (-656 1280 16 ) 
4 24 29 (-656 1280 -224 ) (-416 1280 -224 ) (-416 1280 16 ) (-656 1280 16 ) 
4 24 27 (-416 1280 -224 ) (-400 1280 -224 ) (-400 1280 16 ) (-416 1280 16 ) 
4 24 25 (-672 1296 -224 ) (-672 1280 -224 ) (-672 1280 16 ) (-672 1296 16 ) 
4 25 179 (-1024 1280 -224 ) (-1024 1280 64 ) (-1024 1344 64 ) (-1024 1344 -224 ) 
4 25 176 (-1024 1344 64 ) (-1024 1449.510132 64 ) (-1024 1449.510132 -224 ) (-1024 1344 -224 ) 
4 25 31 (-1024 1280 16 ) (-1024 1280 -224 ) (-672 1280 -224 ) (-672 1280 16 ) 
4 25 30 (-672 1280 64 ) (-1024 1280 64 ) (-1024 1280 16 ) (-672 1280 16 ) 
4 26 166 (0 1024 -224 ) (0 1024 -16 ) (-400 1024 -16 ) (-400 1024 -224 ) 
4 26 161 (0 1024 -16 ) (0 1024 16 ) (-400 1024 16 ) (-400 1024 -16 ) 
4 26 127 (0 1024 16 ) (0 1024 32 ) (-400 1024 32 ) (-400 1024 16 ) 
4 26 123 (0 1024 32 ) (0 1024 64 ) (-400 1024 64 ) (-400 1024 32 ) 
4 26 27 (-400 1280 16 ) (-400 1280 -224 ) (-400 1024 -224 ) (-400 1024 16 ) 
4 27 166 (-416 1024 -16 ) (-416 1024 -224 ) (-400 1024 -224 ) (-400 1024 -16 ) 
4 27 161 (-416 1024 16 ) (-416 1024 -16 ) (-400 1024 -16 ) (-400 1024 16 ) 
4 27 29 (-416 1280 16 ) (-416 1280 -224 ) (-416 1024 -224 ) (-416 1024 16 ) 
4 28 128 (-416 1024 24 ) (-416 1024 64 ) (-576 1024 64 ) (-576 1024 24 ) 
4 29 166 (-416 1024 -224 ) (-416 1024 -16 ) (-656 1024 -16 ) (-656 1024 -224 ) 
4 29 162 (-526 1024 16 ) (-542 1024 16 ) (-542 1024 -16 ) (-526 1024 -16 ) 
4 29 161 (-416 1024 -16 ) (-416 1024 16 ) (-526 1024 16 ) (-526 1024 -16 ) 
4 29 165 (-542 1024 16 ) (-656 1024 16 ) (-656 1024 -16 ) (-542 1024 -16 ) 
4 29 31 (-656 1280 16 ) (-656 1280 -224 ) (-656 1024 -224 ) (-656 1024 16 ) 
4 30 179 (-1024 1024 16 ) (-1024 1024 64 ) (-1024 1280 64 ) (-1024 1280 16 ) 
4 30 131 (-672 1024 64 ) (-1024 1024 64 ) (-1024 1024 16 ) (-672 1024 16 ) 
4 30 31 (-1024 1024 16 ) (-1024 1280 16 ) (-672 1280 16 ) (-672 1024 16 ) 
4 31 179 (-1024 1024 -224 ) (-1024 1024 16 ) (-1024 1280 16 ) (-1024 1280 -224 ) 
4 31 166 (-656 1024 -224 ) (-656 1024 -16 ) (-1024 1024 -16 ) (-1024 1024 -224 ) 
4 31 165 (-656 1024 -16 ) (-656 1024 16 ) (-1024 1024 16 ) (-1024 1024 -16 ) 
4 32 167 (939.294067 0 1280 ) (832 0 1280 ) (832 0 272 ) (939.294067 0 272 ) 
4 32 36 (832 1024 272 ) (939.294067 1024 272 ) (939.294067 0 272 ) (832 0 272 ) 
4 32 34 (832 0 372 ) (832 0 412 ) (832 1024 412 ) (832 1024 372 ) 
4 32 33 (832 0 412 ) (832 0 1280 ) (832 1024 1280 ) (832 1024 412 ) 
4 32 35 (832 1024 272 ) (832 0 272 ) (832 0 372 ) (832 1024 372 ) 
4 33 168 (832 0 1280 ) (768 0 1280 ) (768 0 412 ) (832 0 412 ) 
4 33 39 (768 0 412 ) (768 0 1280 ) (768 1024 1280 ) (768 1024 412 ) 
4 33 34 (768 0 412 ) (768 1024 412 ) (832 1024 412 ) (832 0 412 ) 
4 34 169 (768 0 412 ) (768 0 372 ) (832 0 372 ) (832 0 412 ) 
4 34 40 (768 0 372 ) (768 0 412 ) (768 1024 412 ) (768 1024 372 ) 
4 34 35 (768 0 372 ) (768 1024 372 ) (832 1024 372 ) (832 0 372 ) 
4 35 170 (768 0 372 ) (768 0 272 ) (832 0 272 ) (832 0 372 ) 
4 35 41 (768 0 272 ) (768 0 372 ) (768 1024 372 ) (768 1024 272 ) 
4 35 37 (768 248 272 ) (768 1024 272 ) (784 1024 272 ) (784 248 272 ) 
4 35 36 (784 1024 272 ) (832 1024 272 ) (832 0 272 ) (784 0 272 ) 
4 36 170 (784 0 -224 ) (832 0 -224 ) (832 0 272 ) (784 0 272 ) 
4 36 167 (832 0 -224 ) (939.294067 0 -224 ) (939.294067 0 272 ) (832 0 272 ) 
4 36 38 (784 248 -224 ) (784 0 -224 ) (784 0 16 ) (784 248 16 ) 
4 36 37 (784 1024 -224 ) (784 248 -224 ) (784 248 272 ) (784 1024 272 ) 
4 37 77 (768 1024 16 ) (768 1024 -224 ) (768 248 -224 ) (768 248 16 ) 
4 37 67 (768 249 16 ) (768 248 16 ) (768 248 32 ) (768 249 32 ) 
4 37 66 (768 1024 64 ) (768 1024 16 ) (768 249 16 ) (768 249 64 ) 
4 37 61 (768 1024 80 ) (768 1024 64 ) (768 249 64 ) (768 249 80 ) 
4 37 58 (768 1024 208 ) (768 1024 80 ) (768 254 80 ) (768 254 208 ) 
4 37 56 (768 1024 231 ) (768 1024 208 ) (768 254 208 ) (768 254 231 ) 
4 37 49 (768 1024 251 ) (768 1024 231 ) (768 254 231 ) (768 254 251 ) 
4 37 42 (768 248 272 ) (768 1024 272 ) (768 1024 251 ) (768 248 251 ) 
4 37 38 (768 248 -224 ) (784 248 -224 ) (784 248 16 ) (768 248 16 ) 
4 38 170 (768 0 16 ) (768 0 -224 ) (784 0 -224 ) (784 0 16 ) 
4 38 77 (768 0 -224 ) (768 0 16 ) (768 248 16 ) (768 248 -224 ) 
4 39 168 (768 0 412 ) (768 0 1280 ) (0 0 1280 ) (0 0 412 ) 
4 39 78 (0 1024 1280 ) (0 1024 412 ) (0 0 412 ) (0 0 1280 ) 
4 39 40 (0 1024 412 ) (768 1024 412 ) (768 0 412 ) (0 0 412 ) 
4 40 169 (768 0 372 ) (768 0 412 ) (0 0 412 ) (0 0 372 ) 
4 40 79 (0 1024 412 ) (0 1024 372 ) (0 0 372 ) (0 0 412 ) 
4 40 41 (0 0 372 ) (0 1024 372 ) (768 1024 372 ) (768 0 372 ) 
4 41 170 (768 0 272 ) (768 0 372 ) (0 0 372 ) (0 0 272 ) 
4 41 80 (0 1024 372 ) (0 1024 272 ) (0 0 272 ) (0 0 372 ) 
4 41 48 (0 0 272 ) (0 24 272 ) (768 24 272 ) (768 0 272 ) 
4 41 42 (0 230 272 ) (0 1024 272 ) (768 1024 272 ) (768 230 272 ) 
4 42 81 (0 1024 272 ) (0 1024 251 ) (0 230 251 ) (0 230 272 ) 
4 42 49 (0 254 251 ) (0 1024 251 ) (768 1024 251 ) (768 254 251 ) 
4 43 50 (640 207 251 ) (768 207 251 ) (768 47 251 ) (640 47 251 ) 
4 43 45 (640 128 267.886353 ) (640 144 266.068176 ) (640 144 251 ) (640 128 251 ) 
4 43 44 (640 144 266.068176 ) (640 170.990326 263.001099 ) (640 206.993622 251 ) (640 144 251 ) 
5 43 46 (640 46.996716 251 ) (640 82.996094 263 ) (640 126.996964 268 ) (640 128 267.886353 ) (640 128 251 ) 
4 44 51 (128 207 251 ) (640 207 251 ) (640 144 251 ) (128 144 251 ) 
4 44 47 (128 144 266.068176 ) (128 170.990326 263.001099 ) (128 206.993622 251 ) (128 144 251 ) 
4 44 45 (128 144 266.068176 ) (128 144 251 ) (640 144 251 ) (640 144 266.066406 ) 
4 45 52 (640 144 251 ) (640 128 251 ) (128 128 251 ) (128 144 251 ) 
4 45 46 (128 128 267.886353 ) (128 128 251 ) (640 128 251 ) (640 128 267.886719 ) 
4 45 47 (128 128 267.886353 ) (128 144 266.068176 ) (128 144 251 ) (128 128 251 ) 
4 46 54 (640 128 251 ) (640 47 251 ) (128 47 251 ) (128 128 251 ) 
5 46 47 (128 46.996716 251 ) (128 82.996094 263 ) (128 126.996964 268 ) (128 128 267.886353 ) (128 128 251 ) 
5 47 82 (0 207 251 ) (0 47 251 ) (0 83 263 ) (0 127 268 ) (0 171 263 ) 
4 47 55 (0 47 251 ) (0 207 251 ) (128 207 251 ) (128 47 251 ) 
4 48 170 (768 0 251 ) (768 0 272 ) (0 0 272 ) (0 0 251 ) 
4 48 83 (0 24 251 ) (0 0 251 ) (0 0 272 ) (0 24 272 ) 
4 49 84 (0 1024 251 ) (0 1024 231 ) (0 254 231 ) (0 254 251 ) 
4 49 56 (0 1024 231 ) (768 1024 231 ) (768 254 231 ) (0 254 231 ) 
4 50 57 (768 234 231 ) (768 20 231 ) (640 20 231 ) (640 234 231 ) 
4 50 53 (640 144 240 ) (640 144 231 ) (640 128 231 ) (640 128 240 ) 
4 50 52 (640 128 251 ) (640 144 251 ) (640 144 240 ) (640 128 240 ) 
4 50 51 (640 144 251 ) (640 207 251 ) (640 234 231 ) (640 144 231 ) 
4 50 54 (640 19.996094 231 ) (640 46.996094 251 ) (640 128 251 ) (640 128 231 ) 
4 51 57 (128 144 231 ) (128 234 231 ) (640 234 231 ) (640 144 231 ) 
4 51 53 (128 144 240 ) (128 144 231 ) (640 144 231 ) (640 144 240 ) 
4 51 52 (128 144 251 ) (128 144 240 ) (640 144 240 ) (640 144 251 ) 
4 51 55 (128 144 251 ) (128 207 251 ) (128 234 231 ) (128 144 231 ) 
4 52 55 (128 128 251 ) (128 144 251 ) (128 144 240 ) (128 128 240 ) 
4 52 54 (128 128 251 ) (128 128 240 ) (640 128 240 ) (640 128 251 ) 
4 52 53 (640 128 240 ) (128 128 240 ) (128 144 240 ) (640 144 240 ) 
4 53 57 (128 128 231 ) (128 144 231 ) (640 144 231 ) (640 128 231 ) 
4 53 55 (128 144 240 ) (128 144 231 ) (128 128 231 ) (128 128 240 ) 
4 53 54 (128 128 240 ) (128 128 231 ) (640 128 231 ) (640 128 240 ) 
4 54 57 (640 20 231 ) (128 20 231 ) (128 128 231 ) (640 128 231 ) 
4 54 55 (128 19.996094 231 ) (128 46.996094 251 ) (128 128 251 ) (128 128 231 ) 
4 55 85 (0 234 231 ) (0 20 231 ) (0 47 251 ) (0 207 251 ) 
4 55 57 (128 20 231 ) (0 20 231 ) (0 234 231 ) (128 234 231 ) 
4 56 86 (0 1024 231 ) (0 1024 208 ) (0 254 208 ) (0 254 231 ) 
4 56 58 (0 1024 208 ) (768 1024 208 ) (768 254 208 ) (0 254 208 ) 
4 57 87 (0 243 208 ) (0 11 208 ) (0 20 231 ) (0 234 231 ) 
4 57 60 (0 19 208 ) (0 243 208 ) (112 243 208 ) (112 19 208 ) 
4 57 59 (768 243 208 ) (768 11 208 ) (112 11 208 ) (112 243 208 ) 
4 58 90 (0 1024 208 ) (0 1024 80 ) (0 254 80 ) (0 254 208 ) 
4 58 61 (0 254 80 ) (0 1024 80 ) (768 1024 80 ) (768 254 80 ) 
4 59 65 (768 233 80 ) (768 96 80 ) (112 96 80 ) (112 233 80 ) 
4 59 62 (656 243 80 ) (768 243 80 ) (768 233 80 ) (656 233 80 ) 
4 59 63 (128 243 80 ) (640 243 80 ) (640 233 80 ) (128 233 80 ) 
4 59 60 (112 243 208 ) (112 243 80 ) (112 19 80 ) (112 19 208 ) 
4 60 99 (0 243 80 ) (0 19 80 ) (0 19 208 ) (0 243 208 ) 
4 60 65 (0 96 80 ) (0 233 80 ) (112 233 80 ) (112 96 80 ) 
4 60 64 (0 233 80 ) (0 243 80 ) (112 243 80 ) (112 233 80 ) 
4 61 113 (0 1024 80 ) (0 1024 64 ) (0 249 64 ) (0 249 80 ) 
4 61 66 (0 249 64 ) (0 1024 64 ) (768 1024 64 ) (768 249 64 ) 
4 62 74 (656 243 64 ) (768 243 64 ) (768 233 64 ) (656 233 64 ) 
4 62 65 (656 233 64 ) (768 233 64 ) (768 233 80 ) (656 233 80 ) 
4 63 75 (128 243 64 ) (640 243 64 ) (640 233 64 ) (128 233 64 ) 
4 63 65 (128 233 64 ) (640 233 64 ) (640 233 80 ) (128 233 80 ) 
4 64 120 (0 243 64 ) (0 233 64 ) (0 233 80 ) (0 243 80 ) 
4 64 76 (0 233 64 ) (0 243 64 ) (112 243 64 ) (112 233 64 ) 
4 64 65 (0 233 64 ) (112 233 64 ) (112 233 80 ) (0 233 80 ) 
4 65 120 (0 233 64 ) (0 96 64 ) (0 96 80 ) (0 233 80 ) 
4 65 72 (0 96 64 ) (0 144 64 ) (768 144 64 ) (768 96 64 ) 
4 65 71 (0 144 64 ) (0 201 64 ) (768 201 64 ) (768 144 64 ) 
4 65 70 (0 201 64 ) (0 233 64 ) (768 233 64 ) (768 201 64 ) 
4 66 127 (0 1024 32 ) (0 1024 16 ) (0 249 16 ) (0 249 32 ) 
4 66 123 (0 1024 64 ) (0 1024 32 ) (0 249 32 ) (0 249 64 ) 
4 66 77 (0 1024 16 ) (768 1024 16 ) (768 249 16 ) (0 249 16 ) 
4 66 67 (0 249 16 ) (768 249 16 ) (768 249 32 ) (0 249 32 ) 
4 67 127 (0 249 16 ) (0 225 16 ) (0 225 32 ) (0 249 32 ) 
4 67 77 (768 249 16 ) (768 225 16 ) (0 225 16 ) (0 249 16 ) 
4 68 148 (0 112 32 ) (0 112 24 ) (0 88 24 ) (0 88 32 ) 
4 68 73 (0 88 24 ) (0 112 24 ) (768 112 24 ) (768 88 24 ) 
4 68 69 (0 88 24 ) (768 88 24 ) (768 88 32 ) (0 88 32 ) 
4 69 170 (768 0 24 ) (768 0 64 ) (0 0 64 ) (0 0 24 ) 
4 69 148 (0 0 24 ) (0 0 32 ) (0 88 32 ) (0 88 24 ) 
4 69 136 (0 0 32 ) (0 0 64 ) (0 88 64 ) (0 88 32 ) 
4 69 73 (0 0 24 ) (0 88 24 ) (768 88 24 ) (768 0 24 ) 
3 70 149 (0 225 32 ) (0 201 24 ) (0 201 32 ) 
4 70 137 (0 201 64 ) (0 225 64 ) (0 225 32 ) (0 201 32 ) 
3 70 124 (0 225 64 ) (0 233 64 ) (0 225 32 ) 
4 70 75 (640 225 32.003906 ) (128 225 32.003906 ) (128 233 64 ) (640 233 64 ) 
4 70 76 (112 225 32.003906 ) (0 225 32.003906 ) (0 233 64 ) (112 233 64 ) 
4 70 74 (768 225 32.003906 ) (656 225 32.003906 ) (656 233 64 ) (768 233 64 ) 
4 70 71 (0 201 24 ) (768 201 24 ) (768 201 64 ) (0 201 64 ) 
4 71 150 (0 201 32 ) (0 201 24 ) (0 144 24 ) (0 144 32 ) 
4 71 138 (0 144 64 ) (0 201 64 ) (0 201 32 ) (0 144 32 ) 
4 71 72 (0 144 24.001951 ) (768 144 24.001928 ) (768 144 64 ) (0 144 64 ) 
3 72 151 (0 144 32 ) (0 144 24 ) (0 112 32 ) 
4 72 139 (0 96 64 ) (0 144 64 ) (0 144 32 ) (0 112 32 ) 
4 73 170 (768 0 16 ) (768 0 24 ) (0 0 24 ) (0 0 16 ) 
4 73 148 (0 112 16 ) (0 0 16 ) (0 0 24 ) (0 112 24 ) 
4 73 77 (768 112 16 ) (768 0 16 ) (0 0 16 ) (0 112 16 ) 
3 76 124 (0 233 64 ) (0 243 64 ) (0 225 32 ) 
4 77 170 (768 0 -224 ) (768 0 16 ) (0 0 16 ) (0 0 -224 ) 
4 77 166 (0 1024 -16 ) (0 1024 -224 ) (0 0 -224 ) (0 0 -16 ) 
4 77 161 (0 1024 16 ) (0 1024 -16 ) (0 0 -16 ) (0 0 16 ) 
4 78 185 (-1024 0 412 ) (-1024 0 1280 ) (-1024 1024 1280 ) (-1024 1024 412 ) 
4 78 172 (-1024 0 1280 ) (-1024 0 412 ) (0 0 412 ) (0 0 1280 ) 
4 78 79 (-1024 0 412 ) (-1024 1024 412 ) (0 1024 412 ) (0 0 412 ) 
4 79 186 (-1024 0 372 ) (-1024 0 412 ) (-1024 1024 412 ) (-1024 1024 372 ) 
4 79 173 (-1024 0 412 ) (-1024 0 372 ) (0 0 372 ) (0 0 412 ) 
4 79 80 (0 0 372 ) (-1024 0 372 ) (-1024 1024 372 ) (0 1024 372 ) 
4 80 187 (-1024 0 272 ) (-1024 0 372 ) (-1024 1024 372 ) (-1024 1024 272 ) 
4 80 174 (-1024 0 372 ) (-1024 0 272 ) (0 0 272 ) (0 0 372 ) 
4 80 83 (0 0 272 ) (-1024 0 272 ) (-1024 24 272 ) (0 24 272 ) 
4 80 81 (-1024 230 272 ) (-1024 1024 272 ) (0 1024 272 ) (0 230 272 ) 
4 81 188 (-1024 230 272 ) (-1024 1024 272 ) (-1024 1024 251 ) (-1024 230 251 ) 
4 81 108 (-672 254 251 ) (-786 254 251 ) (-786 376 251 ) (-672 376 251 ) 
4 81 107 (-672 376 251 ) (-786 376 251 ) (-786 384 251 ) (-672 384 251 ) 
4 81 104 (-672 384 251 ) (-786 384 251 ) (-786 432 251 ) (-672 432 251 ) 
4 81 102 (-672 432 251 ) (-786 432 251 ) (-786 440 251 ) (-672 440 251 ) 
4 81 101 (-786 1024 251 ) (-672 1024 251 ) (-672 440 251 ) (-786 440 251 ) 
4 81 110 (-1024 254 251 ) (-1024 1024 251 ) (-786 1024 251 ) (-786 254 251 ) 
4 81 84 (-400 1024 251 ) (0 1024 251 ) (0 254 251 ) (-400 254 251 ) 
5 82 189 (-1024 127 268 ) (-1024 171 263 ) (-1024 207 251 ) (-1024 47 251 ) (-1024 83 263 ) 
4 82 111 (-1024 47 251 ) (-1024 207 251 ) (-656 207 251 ) (-656 47 251 ) 
4 82 85 (-656 207 251 ) (0 207 251 ) (0 47 251 ) (-656 47 251 ) 
4 83 190 (-1024 0 251 ) (-1024 0 272 ) (-1024 24 272 ) (-1024 24 251 ) 
4 83 174 (-1024 0 272 ) (-1024 0 251 ) (0 0 251 ) (0 0 272 ) 
4 84 86 (-400 1024 231 ) (0 1024 231 ) (0 254 231 ) (-400 254 231 ) 
4 85 111 (-656 47 251 ) (-656 207 251 ) (-656 234 231 ) (-656 20 231 ) 
4 85 89 (-656 20 231 ) (-656 234 231 ) (-416 234 231 ) (-416 20 231 ) 
4 85 87 (-416 234 231 ) (0 234 231 ) (0 20 231 ) (-416 20 231 ) 
4 86 90 (-400 1024 208 ) (0 1024 208 ) (0 254 208 ) (-400 254 208 ) 
4 87 99 (0 243 208 ) (0 19 208 ) (-16 19 208 ) (-16 243 208 ) 
4 87 100 (-16 11 208 ) (-416 11 208 ) (-416 243 208 ) (-16 243 208 ) 
4 87 89 (-416 243 208 ) (-416 11 208 ) (-416 20 231 ) (-416 234 231 ) 
4 88 98 (-418 254 208 ) (-418 248 208 ) (-654 248 208 ) (-654 254 208 ) 
4 88 92 (-654 1024 208 ) (-648 1024 208 ) (-648 254 208 ) (-654 254 208 ) 
4 88 91 (-648 1024 208 ) (-418 1024 208 ) (-418 254 208 ) (-648 254 208 ) 
4 88 89 (-654 248 208 ) (-418 248 208 ) (-426.625031 248 231 ) (-645.375061 248 231 ) 
4 89 112 (-656 20 231 ) (-656 234 231 ) (-656 243 208 ) (-656 11 208 ) 
4 89 100 (-656 11 208 ) (-656 243 208 ) (-416 243 208 ) (-416 11 208 ) 
4 89 98 (-656 243 208 ) (-656 248 208 ) (-416 248 208 ) (-416 243 208 ) 
4 90 113 (-400 1024 80 ) (0 1024 80 ) (0 254 80 ) (-400 254 80 ) 
4 91 114 (-576 1024 80 ) (-416 1024 80 ) (-416 254 80 ) (-576 254 80 ) 
4 91 98 (-416 254 208 ) (-648 254 208 ) (-648 254 80 ) (-416 254 80 ) 
4 91 97 (-648 376 80 ) (-648 254 80 ) (-648 254 200 ) (-648 376 200 ) 
4 91 95 (-648 432 80 ) (-648 384 80 ) (-648 384 200 ) (-648 432 200 ) 
4 91 93 (-648 1024 80 ) (-648 432 80 ) (-648 432 200 ) (-648 1024 200 ) 
4 91 92 (-648 254 200 ) (-648 254 208 ) (-648 1024 208 ) (-648 1024 200 ) 
4 92 98 (-648 254 208 ) (-656 254 208 ) (-656 254 200 ) (-648 254 200 ) 
4 92 97 (-648 376 200 ) (-648 254 200 ) (-656 254 200 ) (-656 376 200 ) 
4 92 95 (-648 432 200 ) (-648 384 200 ) (-649.045044 384 200 ) (-649.045044 432 200 ) 
4 92 94 (-656 440 200 ) (-656 1024 200 ) (-649.045044 1024 200 ) (-649.045044 440 200 ) 
4 92 93 (-648 1024 200 ) (-648 432 200 ) (-649.045044 432 200 ) (-649.045044 1024 200 ) 
4 93 95 (-648 432 80 ) (-648 432 200 ) (-649.045044 432 200 ) (-649.045044 432 80 ) 
4 93 94 (-649.045044 1024 80 ) (-649.045044 440 80 ) (-649.045044 440 200 ) (-649.045044 1024 200 ) 
4 95 96 (-649.045044 432 188 ) (-649.045044 432 80 ) (-649.045044 384 80 ) (-649.045044 384 188 ) 
4 96 105 (-656 432 80 ) (-656 384 80 ) (-656 384 188 ) (-656 432 188 ) 
4 97 98 (-656 254 200 ) (-656 254 80 ) (-648 254 80 ) (-648 254 200 ) 
4 98 115 (-656 243 80 ) (-656 254 80 ) (-576 254 80 ) (-576 243 80 ) 
4 98 114 (-576 254 80 ) (-416 254 80 ) (-416 243 80 ) (-576 243 80 ) 
4 98 100 (-416 243 208 ) (-656 243 208 ) (-656 243 80 ) (-416 243 80 ) 
4 99 120 (-16 243 80 ) (0 243 80 ) (0 96 80 ) (-16 96 80 ) 
4 99 100 (-16 243 208 ) (-16 243 80 ) (-16 19 80 ) (-16 19 208 ) 
4 100 121 (-327 233 80 ) (-327 96 80 ) (-343 96 80 ) (-343 233 80 ) 
4 100 120 (-327 243 80 ) (-16 243 80 ) (-16 96 80 ) (-327 96 80 ) 
4 100 122 (-656 96 80 ) (-656 243 80 ) (-343 243 80 ) (-343 96 80 ) 
4 100 112 (-656 243 80 ) (-656 11 80 ) (-656 11 208 ) (-656 243 208 ) 
4 101 103 (-786 440 188 ) (-786 1024 188 ) (-672 1024 188 ) (-672 440 188 ) 
4 101 102 (-786 440 251 ) (-786 440 195 ) (-672 440 195 ) (-672 440 251 ) 
4 101 110 (-786 440 251 ) (-786 1024 251 ) (-786 1024 188 ) (-786 440 188 ) 
4 102 104 (-786 432 251 ) (-786 432 195 ) (-672 432 195 ) (-672 432 251 ) 
4 102 110 (-786 432 195 ) (-786 432 251 ) (-786 440 251 ) (-786 440 195 ) 
4 103 116 (-786 1024 80 ) (-672 1024 80 ) (-672 440 80 ) (-786 440 80 ) 
4 103 110 (-786 1024 80 ) (-786 440 80 ) (-786 440 188 ) (-786 1024 188 ) 
4 104 107 (-786 384 251 ) (-786 384 195 ) (-672 384 195 ) (-672 384 251 ) 
4 104 110 (-786 384 195 ) (-786 384 251 ) (-786 432 251 ) (-786 432 195 ) 
4 106 110 (-786 432 80 ) (-786 384 80 ) (-786 384 188 ) (-786 432 188 ) 
4 107 108 (-786 376 251 ) (-786 376 195 ) (-672 376 195 ) (-672 376 251 ) 
4 107 110 (-786 376 251 ) (-786 384 251 ) (-786 384 195 ) (-786 376 195 ) 
4 108 109 (-672 254 188 ) (-786 254 188 ) (-786 376 188 ) (-672 376 188 ) 
4 108 110 (-786 254 188 ) (-786 254 251 ) (-786 376 251 ) (-786 376 188 ) 
4 109 118 (-672 254 80 ) (-786 254 80 ) (-786 376 80 ) (-672 376 80 ) 
4 109 110 (-786 376 80 ) (-786 254 80 ) (-786 254 188 ) (-786 376 188 ) 
4 110 193 (-1024 1024 231 ) (-1024 1024 80 ) (-1024 254 80 ) (-1024 254 231 ) 
4 110 191 (-1024 254 251 ) (-1024 1024 251 ) (-1024 1024 231 ) (-1024 254 231 ) 
4 110 119 (-1024 254 80 ) (-1024 1024 80 ) (-786 1024 80 ) (-786 254 80 ) 
4 111 192 (-1024 47 251 ) (-1024 207 251 ) (-1024 234 231 ) (-1024 20 231 ) 
4 111 112 (-656 234 231 ) (-656 20 231 ) (-1024 20 231 ) (-1024 234 231 ) 
6 112 194 (-1024 20 231 ) (-1024 234 231 ) (-1024 243 208 ) (-1024 243 80 ) (-1024 11 80 ) (-1024 11 208 ) 
4 112 122 (-1024 96 80 ) (-1024 243 80 ) (-656 243 80 ) (-656 96 80 ) 
4 113 123 (-400 1024 64 ) (0 1024 64 ) (0 249 64 ) (-400 249 64 ) 
4 114 128 (-576 1024 64 ) (-416 1024 64 ) (-416 243 64 ) (-576 243 64 ) 
4 114 122 (-576 243 64 ) (-416 243 64 ) (-416 243 80 ) (-576 243 80 ) 
4 114 115 (-576 254 64 ) (-576 243 64 ) (-576 243 80 ) (-576 254 80 ) 
4 115 129 (-576 254 64 ) (-576 243 64 ) (-656 243 64 ) (-656 254 64 ) 
4 115 122 (-656 243 64 ) (-576 243 64 ) (-576 243 80 ) (-656 243 80 ) 
4 116 131 (-786 1024 64 ) (-672 1024 64 ) (-672 440 64 ) (-786 440 64 ) 
4 116 117 (-786 440 72 ) (-786 440 64 ) (-672 440 64 ) (-672 440 72 ) 
4 116 119 (-786 1024 64 ) (-786 440 64 ) (-786 440 80 ) (-786 1024 80 ) 
4 117 131 (-672 440 64 ) (-672 376 64 ) (-786 376 64 ) (-786 440 64 ) 
4 117 119 (-786 440 64 ) (-786 376 64 ) (-786 376 72 ) (-786 440 72 ) 
4 117 118 (-786 376 72 ) (-786 376 64 ) (-672 376 64 ) (-672 376 72 ) 
4 118 131 (-672 376 64 ) (-672 253 64 ) (-786 253 64 ) (-786 376 64 ) 
4 118 119 (-786 376 64 ) (-786 253 64 ) (-786 253 80 ) (-786 376 80 ) 
4 119 195 (-1024 253 80 ) (-1024 1024 80 ) (-1024 1024 64 ) (-1024 253 64 ) 
4 119 131 (-1024 253 64 ) (-1024 1024 64 ) (-786 1024 64 ) (-786 253 64 ) 
4 120 138 (0 201 64 ) (0 144 64 ) (-327 144 64 ) (-327 201 64 ) 
4 120 137 (0 225 64 ) (0 201 64 ) (-327 201 64 ) (-327 225 64 ) 
4 120 139 (0 144 64 ) (0 96 64 ) (-327 96 64 ) (-327 144 64 ) 
4 120 124 (-327 243 64 ) (0 243 64 ) (0 225 64 ) (-327 225 64 ) 
4 120 121 (-327 233 64 ) (-327 96 64 ) (-327 96 80 ) (-327 233 80 ) 
4 121 138 (-327 201 64 ) (-327 144 64 ) (-343 144 64 ) (-343 201 64 ) 
4 121 137 (-327 225 64 ) (-327 201 64 ) (-343 201 64 ) (-343 225 64 ) 
4 121 139 (-327 144 64 ) (-327 96 64 ) (-343 96 64 ) (-343 144 64 ) 
4 121 125 (-327 233 64 ) (-327 225 64 ) (-343 225 64 ) (-343 233 64 ) 
4 121 122 (-343 233 64 ) (-343 96 64 ) (-343 96 80 ) (-343 233 80 ) 
4 122 199 (-1024 96 80 ) (-1024 233 80 ) (-1024 233 64 ) (-1024 96 64 ) 
4 122 196 (-1024 233 80 ) (-1024 243 80 ) (-1024 243 64 ) (-1024 233 64 ) 
4 122 147 (-1024 96 64 ) (-1024 144 64 ) (-656 144 64 ) (-656 96 64 ) 
4 122 146 (-1024 144 64 ) (-1024 201 64 ) (-656 201 64 ) (-656 144 64 ) 
4 122 145 (-1024 201 64 ) (-1024 225 64 ) (-656 225 64 ) (-656 201 64 ) 
4 122 143 (-576 201 64 ) (-576 144 64 ) (-656 144 64 ) (-656 201 64 ) 
4 122 142 (-656 225 64 ) (-576 225 64 ) (-576 201 64 ) (-656 201 64 ) 
4 122 141 (-416 201 64 ) (-416 144 64 ) (-576 144 64 ) (-576 201 64 ) 
4 122 140 (-576 225 64 ) (-416 225 64 ) (-416 201 64 ) (-576 201 64 ) 
4 122 144 (-416 144 64 ) (-416 96 64 ) (-656 96 64 ) (-656 144 64 ) 
4 122 138 (-343 201 64 ) (-343 144 64 ) (-416 144 64 ) (-416 201 64 ) 
4 122 137 (-416 225 64 ) (-343 225 64 ) (-343 201 64 ) (-416 201 64 ) 
4 122 139 (-343 144 64 ) (-343 96 64 ) (-416 96 64 ) (-416 144 64 ) 
4 122 133 (-1024 225 64 ) (-1024 243 64 ) (-672 243 64 ) (-672 225 64 ) 
4 122 130 (-672 243 64 ) (-656 243 64 ) (-656 225 64 ) (-672 225 64 ) 
4 122 129 (-656 243 64 ) (-576 243 64 ) (-576 225 64 ) (-656 225 64 ) 
4 122 128 (-576 243 64 ) (-416 243 64 ) (-416 225 64 ) (-576 225 64 ) 
4 122 126 (-416 243 64 ) (-343 243 64 ) (-343 225 64 ) (-416 225 64 ) 
4 123 127 (-400 1024 32 ) (0 1024 32 ) (0 249 32 ) (-400 249 32 ) 
4 124 137 (0 225 32 ) (0 225 64 ) (-327 225 64 ) (-327 225 32 ) 
3 124 125 (-327 225 32 ) (-327 225 64 ) (-327 233 64 ) 
4 125 137 (-327 225 64 ) (-343 225 64 ) (-343 225 32 ) (-327 225 32 ) 
3 125 126 (-343 225 32 ) (-343 225 64 ) (-343 233 64 ) 
4 126 137 (-343 225 64 ) (-416 225 64 ) (-416 225 32 ) (-343 225 32 ) 
3 126 128 (-416 225 32 ) (-416 225 64 ) (-416 243 64 ) 
4 127 161 (-400 1024 16 ) (0 1024 16 ) (0 225 16 ) (-400 225 16 ) 
4 128 140 (-416 225 32 ) (-416 225 64 ) (-576 225 64 ) (-576 225 32 ) 
4 128 134 (-416 225 24 ) (-416 225 32 ) (-576 225 32 ) (-576 225 24 ) 
4 128 129 (-576 254 24 ) (-576 225 24 ) (-576 225 64 ) (-576 254 64 ) 
4 129 142 (-576 225 64 ) (-656 225 64 ) (-656 225 32 ) (-576 225 32 ) 
4 129 135 (-656 225 32 ) (-656 225 24 ) (-576 225 24 ) (-576 225 32 ) 
3 129 130 (-656 225 32 ) (-656 225 64 ) (-656 243 64 ) 
4 130 145 (-656 225 32 ) (-656 225 64 ) (-672 225 64 ) (-672 225 32 ) 
3 130 133 (-672 225 32 ) (-672 225 64 ) (-672 243 64 ) 
4 131 208 (-1024 1024 32 ) (-1024 1024 16 ) (-1024 249 16 ) (-1024 249 32 ) 
4 131 200 (-1024 249 64 ) (-1024 1024 64 ) (-1024 1024 32 ) (-1024 249 32 ) 
4 131 165 (-1024 249 16 ) (-1024 1024 16 ) (-672 1024 16 ) (-672 249 16 ) 
4 131 132 (-1024 249 16 ) (-672 249 16 ) (-672 249 32 ) (-1024 249 32 ) 
4 132 208 (-1024 249 32 ) (-1024 249 16 ) (-1024 225 16 ) (-1024 225 32 ) 
4 132 165 (-1024 225 16 ) (-1024 249 16 ) (-672 249 16 ) (-672 225 16 ) 
3 133 205 (-1024 233 64 ) (-1024 243 64 ) (-1024 225 32 ) 
3 133 202 (-1024 225 64 ) (-1024 233 64 ) (-1024 225 32 ) 
4 133 145 (-672 225 32 ) (-672 225 64 ) (-1024 225 64 ) (-1024 225 32 ) 
4 134 152 (-416 225 32.001953 ) (-576 225 32.001953 ) (-576 200.994629 24 ) (-416 200.994629 24 ) 
3 134 135 (-576 225 24 ) (-576 200.996094 24 ) (-576 225 32.001301 ) 
4 135 155 (-576 225 32.001953 ) (-656 225 32.001953 ) (-656 200.994629 24 ) (-576 200.994629 24 ) 
4 136 201 (-1024 0 32 ) (-1024 0 64 ) (-1024 88 64 ) (-1024 88 32 ) 
4 136 174 (-1024 0 64 ) (-1024 0 32 ) (0 0 32 ) (0 0 64 ) 
4 136 148 (-1024 0 32 ) (-1024 88 32 ) (0 88 32 ) (0 0 32 ) 
4 137 149 (-416 224.996094 32 ) (0 224.996094 32 ) (0 201 32 ) (-416 201 32 ) 
4 137 140 (-416 225 64 ) (-416 225 32 ) (-416 201 32 ) (-416 201 64 ) 
4 137 138 (-416 201 64 ) (-416 201 32 ) (0 201 32 ) (0 201 64 ) 
4 138 150 (0 201 32 ) (0 144 32 ) (-416 144 32 ) (-416 201 32 ) 
4 138 141 (-416 201 32 ) (-416 144 32 ) (-416 144 64 ) (-416 201 64 ) 
4 138 139 (-416 144 64 ) (-416 144 32 ) (0 144 32 ) (0 144 64 ) 
4 139 151 (0 144 32 ) (0 112 32 ) (-416 112 32 ) (-416 144 32 ) 
4 139 144 (-416 144 32 ) (-416 112 32 ) (-416 96 64 ) (-416 144 64 ) 
4 140 152 (-576 224.996094 32 ) (-416 224.996094 32 ) (-416 201 32 ) (-576 201 32 ) 
4 140 142 (-576 225 64 ) (-576 225 32 ) (-576 201 32 ) (-576 201 64 ) 
4 140 141 (-576 201 64 ) (-576 201 32 ) (-416 201 32 ) (-416 201 64 ) 
4 141 153 (-416 201 32 ) (-416 144 32 ) (-576 144 32 ) (-576 201 32 ) 
4 141 143 (-576 201 32 ) (-576 144 32 ) (-576 144 64 ) (-576 201 64 ) 
4 141 144 (-576 144 32 ) (-416 144 32 ) (-416 144 64 ) (-576 144 64 ) 
4 142 155 (-656 224.996094 32 ) (-576 224.996094 32 ) (-576 201 32 ) (-656 201 32 ) 
4 142 145 (-656 225 64 ) (-656 225 32 ) (-656 201 32 ) (-656 201 64 ) 
4 142 143 (-656 201 64 ) (-656 201 32 ) (-576 201 32 ) (-576 201 64 ) 
4 143 156 (-576 201 32 ) (-576 144 32 ) (-656 144 32 ) (-656 201 32 ) 
4 143 146 (-656 201 32 ) (-656 144 32 ) (-656 144 64 ) (-656 201 64 ) 
4 143 144 (-656 144 64 ) (-656 144 32 ) (-576 144 32 ) (-576 144 64 ) 
4 144 157 (-576 112 32 ) (-656 112 32 ) (-656 144 32 ) (-576 144 32 ) 
4 144 154 (-416 144 32 ) (-416 112 32 ) (-576 112 32 ) (-576 144 32 ) 
4 144 147 (-656 144 32 ) (-656 112 32 ) (-656 96 64 ) (-656 144 64 ) 
4 145 202 (-1024 201 64 ) (-1024 225 64 ) (-1024 225 32 ) (-1024 201 32 ) 
4 145 158 (-1024 201 32 ) (-1024 224.996094 32 ) (-656 224.996094 32 ) (-656 201 32 ) 
4 145 146 (-1024 201 32 ) (-656 201 32 ) (-656 201 64 ) (-1024 201 64 ) 
4 146 203 (-1024 144 64 ) (-1024 201 64 ) (-1024 201 32 ) (-1024 144 32 ) 
4 146 159 (-1024 144 32 ) (-1024 201 32 ) (-656 201 32 ) (-656 144 32 ) 
4 146 147 (-1024 144 32 ) (-656 144 32 ) (-656 144 64 ) (-1024 144 64 ) 
4 147 204 (-1024 96 64 ) (-1024 144 64 ) (-1024 144 32 ) (-1024 112 32 ) 
4 147 160 (-1024 112 32 ) (-1024 144 32 ) (-656 144 32 ) (-656 112 32 ) 
4 148 209 (-1024 0 16 ) (-1024 0 32 ) (-1024 112 32 ) (-1024 112 16 ) 
4 148 174 (-1024 0 32 ) (-1024 0 16 ) (0 0 16 ) (0 0 32 ) 
4 148 164 (-526 0 16 ) (-542 0 16 ) (-542 112 16 ) (-526 112 16 ) 
4 148 161 (0 0 16 ) (-526 0 16 ) (-526 112 16 ) (0 112 16 ) 
4 148 165 (-542 0 16 ) (-1024 0 16 ) (-1024 112 16 ) (-542 112 16 ) 
3 149 152 (-416 201 24 ) (-416 201 32 ) (-416 225 32 ) 
4 149 150 (-416 201 32 ) (-416 201 24 ) (0 201 24 ) (0 201 32 ) 
5 150 153 (-416 201 24 ) (-416 144.003906 24 ) (-416 144 24 ) (-416 144 32 ) (-416 201 32 ) 
4 150 151 (-416 144 32 ) (-416 144 24 ) (0 144 24 ) (0 144 32 ) 
3 151 154 (-416 144 24 ) (-416 112.003906 32 ) (-416 144 32 ) 
3 152 155 (-576 201 24 ) (-576 201 32 ) (-576 225 32 ) 
4 152 153 (-576 201 32 ) (-576 201 24 ) (-416 201 24 ) (-416 201 32 ) 
5 153 156 (-576 201 24 ) (-576 144.003906 24 ) (-576 144 24 ) (-576 144 32 ) (-576 201 32 ) 
4 153 154 (-576 144 32 ) (-576 144 24 ) (-416 144 24 ) (-416 144 32 ) 
3 154 157 (-576 144 24 ) (-576 112.003906 32 ) (-576 144 32 ) 
3 155 158 (-656 201 24 ) (-656 201 32 ) (-656 225 32 ) 
4 155 156 (-656 201 32 ) (-656 201 24 ) (-576 201 24 ) (-576 201 32 ) 
5 156 159 (-656 201 24 ) (-656 144.003906 24 ) (-656 144 24 ) (-656 144 32 ) (-656 201 32 ) 
4 156 157 (-656 144 32 ) (-656 144 24 ) (-576 144 24 ) (-576 144 32 ) 
3 157 160 (-656 144 24 ) (-656 112.003906 32 ) (-656 144 32 ) 
3 158 210 (-1024 201 32 ) (-1024 225 32 ) (-1024 201 24 ) 
4 158 159 (-1024 201 24 ) (-656 201 24 ) (-656 201 32 ) (-1024 201 32 ) 
4 159 211 (-1024 144 32 ) (-1024 201 32 ) (-1024 201 24 ) (-1024 144 24 ) 
4 159 160 (-1024 144 24 ) (-656 144 24 ) (-656 144 32 ) (-1024 144 32 ) 
3 160 212 (-1024 112 32 ) (-1024 144 32 ) (-1024 144 24 ) 
4 161 174 (-526 0 -16 ) (0 0 -16 ) (0 0 16 ) (-526 0 16 ) 
4 161 166 (-526 1024 -16 ) (0 1024 -16 ) (0 0 -16 ) (-526 0 -16 ) 
4 161 163 (-526 568 0 ) (-526 568 16 ) (-526 584 16 ) (-526 584 0 ) 
4 161 162 (-526 1024 -16 ) (-526 584 -16 ) (-526 584 16 ) (-526 1024 16 ) 
4 161 164 (-526 568 -16 ) (-526 0 -16 ) (-526 0 16 ) (-526 568 16 ) 
4 162 166 (-542 1024 -16 ) (-526 1024 -16 ) (-526 584 -16 ) (-542 584 -16 ) 
4 162 163 (-542 584 16 ) (-542 584 0 ) (-526 584 0 ) (-526 584 16 ) 
4 162 165 (-542 1024 -16 ) (-542 584 -16 ) (-542 584 16 ) (-542 1024 16 ) 
4 163 165 (-542 568 0 ) (-542 568 16 ) (-542 584 16 ) (-542 584 0 ) 
4 163 164 (-542 568 16 ) (-542 568 0 ) (-526 568 0 ) (-526 568 16 ) 
4 164 174 (-542 0 -16 ) (-526 0 -16 ) (-526 0 16 ) (-542 0 16 ) 
4 164 166 (-526 568 -16 ) (-526 0 -16 ) (-542 0 -16 ) (-542 568 -16 ) 
4 164 165 (-542 568 -16 ) (-542 0 -16 ) (-542 0 16 ) (-542 568 16 ) 
4 165 213 (-1024 0 -16 ) (-1024 0 16 ) (-1024 1024 16 ) (-1024 1024 -16 ) 
4 165 174 (-1024 0 16 ) (-1024 0 -16 ) (-542 0 -16 ) (-542 0 16 ) 
4 165 166 (-1024 0 -16 ) (-1024 1024 -16 ) (-542 1024 -16 ) (-542 0 -16 ) 
4 166 213 (-1024 0 -224 ) (-1024 0 -16 ) (-1024 1024 -16 ) (-1024 1024 -224 ) 
4 166 174 (-1024 0 -16 ) (-1024 0 -224 ) (0 0 -224 ) (0 0 -16 ) 
4 167 169 (832 -128 372 ) (832 -128 412 ) (832 0 412 ) (832 0 372 ) 
4 167 168 (832 -128 412 ) (832 -128 1280 ) (832 0 1280 ) (832 0 412 ) 
4 167 170 (832 0 -224 ) (832 -128 -224 ) (832 -128 372 ) (832 0 372 ) 
4 167 171 (832 -128 -224 ) (832 -1001.510010 -224 ) (832 -1001.510010 1280 ) (832 -128 1280 ) 
4 168 172 (0 0 1280 ) (0 0 412 ) (0 -128 412 ) (0 -128 1280 ) 
4 168 171 (832 -128 412 ) (832 -128 1280 ) (0 -128 1280 ) (0 -128 412 ) 
4 168 169 (832 -128 412 ) (0 -128 412 ) (0 0 412 ) (832 0 412 ) 
4 169 173 (0 0 412 ) (0 0 372 ) (0 -128 372 ) (0 -128 412 ) 
4 169 170 (832 -128 372 ) (0 -128 372 ) (0 0 372 ) (832 0 372 ) 
4 169 171 (832 -128 372 ) (832 -128 412 ) (0 -128 412 ) (0 -128 372 ) 
4 170 174 (0 0 372 ) (0 0 -224 ) (0 -128 -224 ) (0 -128 372 ) 
4 170 171 (0 -128 -224 ) (832 -128 -224 ) (832 -128 372 ) (0 -128 372 ) 
4 171 175 (0 -128 -224 ) (0 -1001.510010 -224 ) (0 -1001.510010 1280 ) (0 -128 1280 ) 
4 172 251 (-1024 -128 1280 ) (-1024 0 1280 ) (-1024 0 412 ) (-1024 -128 412 ) 
4 172 175 (0 -128 412 ) (0 -128 1280 ) (-1024 -128 1280 ) (-1024 -128 412 ) 
4 172 173 (0 -128 412 ) (-1024 -128 412 ) (-1024 0 412 ) (0 0 412 ) 
4 173 252 (-1024 0 412 ) (-1024 0 372 ) (-1024 -128 372 ) (-1024 -128 412 ) 
4 173 174 (0 -128 372 ) (-1024 -128 372 ) (-1024 0 372 ) (0 0 372 ) 
4 173 175 (0 -128 372 ) (0 -128 412 ) (-1024 -128 412 ) (-1024 -128 372 ) 
4 174 253 (-1024 0 372 ) (-1024 0 -224 ) (-1024 -128 -224 ) (-1024 -128 372 ) 
4 174 175 (-1024 -128 -224 ) (0 -128 -224 ) (0 -128 372 ) (-1024 -128 372 ) 
4 175 254 (-1024 -1001.510010 1280 ) (-1024 -128 1280 ) (-1024 -128 -224 ) (-1024 -1001.510010 -224 ) 
4 176 180 (-2048 1344 1280 ) (-2048 1449.510132 1280 ) (-2048 1449.510132 -224 ) (-2048 1344 -224 ) 
4 176 178 (-1024 1344 372 ) (-1024 1344 412 ) (-2048 1344 412 ) (-2048 1344 372 ) 
4 176 177 (-1024 1344 412 ) (-1024 1344 1280 ) (-2048 1344 1280 ) (-2048 1344 412 ) 
4 176 179 (-2048 1344 -224 ) (-1024 1344 -224 ) (-1024 1344 372 ) (-2048 1344 372 ) 
4 177 185 (-1024 1024 412 ) (-1024 1024 1280 ) (-2048 1024 1280 ) (-2048 1024 412 ) 
4 177 181 (-2048 1024 412 ) (-2048 1024 1280 ) (-2048 1344 1280 ) (-2048 1344 412 ) 
4 177 178 (-1024 1024 412 ) (-2048 1024 412 ) (-2048 1344 412 ) (-1024 1344 412 ) 
4 178 186 (-1024 1024 372 ) (-1024 1024 412 ) (-2048 1024 412 ) (-2048 1024 372 ) 
4 178 182 (-2048 1024 372 ) (-2048 1024 412 ) (-2048 1344 412 ) (-2048 1344 372 ) 
4 178 179 (-2048 1024 372 ) (-2048 1344 372 ) (-1024 1344 372 ) (-1024 1024 372 ) 
4 179 213 (-1024 1024 -224 ) (-1024 1024 16 ) (-2048 1024 16 ) (-2048 1024 -224 ) 
4 179 208 (-1024 1024 16 ) (-1024 1024 32 ) (-2048 1024 32 ) (-2048 1024 16 ) 
4 179 200 (-1024 1024 32 ) (-1024 1024 64 ) (-2048 1024 64 ) (-2048 1024 32 ) 
4 179 195 (-1024 1024 64 ) (-1024 1024 80 ) (-2048 1024 80 ) (-2048 1024 64 ) 
4 179 193 (-1024 1024 80 ) (-1024 1024 231 ) (-2048 1024 231 ) (-2048 1024 80 ) 
4 179 191 (-1024 1024 231 ) (-1024 1024 251 ) (-2048 1024 251 ) (-2048 1024 231 ) 
4 179 188 (-1024 1024 251 ) (-1024 1024 272 ) (-2048 1024 272 ) (-2048 1024 251 ) 
4 179 187 (-1024 1024 272 ) (-1024 1024 372 ) (-2048 1024 372 ) (-2048 1024 272 ) 
4 179 183 (-2048 1024 -224 ) (-2048 1024 372 ) (-2048 1344 372 ) (-2048 1344 -224 ) 
4 180 182 (-2816 1344 412 ) (-2816 1344 372 ) (-2048 1344 372 ) (-2048 1344 412 ) 
4 180 181 (-2816 1344 1280 ) (-2816 1344 412 ) (-2048 1344 412 ) (-2048 1344 1280 ) 
4 180 183 (-2816 1344 372 ) (-2816 1344 -224 ) (-2048 1344 -224 ) (-2048 1344 372 ) 
4 180 184 (-2816 1449.510132 1280 ) (-2816 1449.510132 -224 ) (-2816 1344 -224 ) (-2816 1344 1280 ) 
4 181 244 (-2776 1024 1280 ) (-2816 1024 1280 ) (-2816 1024 412 ) (-2776 1024 412 ) 
4 181 214 (-2048 1024 412 ) (-2048 1024 1280 ) (-2776 1024 1280 ) (-2776 1024 412 ) 
4 181 184 (-2816 1024 412 ) (-2816 1024 1280 ) (-2816 1344 1280 ) (-2816 1344 412 ) 
4 181 182 (-2048 1024 412 ) (-2816 1024 412 ) (-2816 1344 412 ) (-2048 1344 412 ) 
4 182 245 (-2776 1024 412 ) (-2816 1024 412 ) (-2816 1024 372 ) (-2776 1024 372 ) 
4 182 215 (-2048 1024 372 ) (-2048 1024 412 ) (-2776 1024 412 ) (-2776 1024 372 ) 
4 182 183 (-2816 1024 372 ) (-2816 1344 372 ) (-2048 1344 372 ) (-2048 1024 372 ) 
4 182 184 (-2816 1024 372 ) (-2816 1024 412 ) (-2816 1344 412 ) (-2816 1344 372 ) 
4 183 250 (-2816 1024 16 ) (-2816 1024 -224 ) (-2776 1024 -224 ) (-2776 1024 16 ) 
4 183 248 (-2784 1024 16 ) (-2776 1024 16 ) (-2776 1024 272 ) (-2784 1024 272 ) 
4 183 249 (-2816 1024 272 ) (-2816 1024 16 ) (-2784 1024 16 ) (-2784 1024 272 ) 
4 183 246 (-2776 1024 372 ) (-2816 1024 372 ) (-2816 1024 272 ) (-2776 1024 272 ) 
4 183 243 (-2048 1024 -224 ) (-2048 1024 16 ) (-2776 1024 16 ) (-2776 1024 -224 ) 
4 183 229 (-2048 1024 16 ) (-2048 1024 32 ) (-2776 1024 32 ) (-2776 1024 16 ) 
4 183 228 (-2048 1024 32 ) (-2048 1024 64 ) (-2776 1024 64 ) (-2776 1024 32 ) 
4 183 224 (-2048 1024 64 ) (-2048 1024 80 ) (-2776 1024 80 ) (-2776 1024 64 ) 
4 183 222 (-2048 1024 80 ) (-2048 1024 231 ) (-2776 1024 231 ) (-2776 1024 80 ) 
4 183 220 (-2048 1024 231 ) (-2048 1024 251 ) (-2776 1024 251 ) (-2776 1024 231 ) 
4 183 217 (-2048 1024 251 ) (-2048 1024 272 ) (-2776 1024 272 ) (-2776 1024 251 ) 
4 183 216 (-2048 1024 272 ) (-2048 1024 372 ) (-2776 1024 372 ) (-2776 1024 272 ) 
4 183 184 (-2816 1344 -224 ) (-2816 1024 -224 ) (-2816 1024 372 ) (-2816 1344 372 ) 
4 184 250 (-2891.290039 1024 16 ) (-2891.290039 1024 -224 ) (-2816 1024 -224 ) (-2816 1024 16 ) 
4 184 249 (-2891.290039 1024 272 ) (-2891.290039 1024 16 ) (-2816 1024 16 ) (-2816 1024 272 ) 
4 184 247 (-2816 1024 1280 ) (-2891.290039 1024 1280 ) (-2891.290039 1024 272 ) (-2816 1024 272 ) 
4 185 251 (-1024 0 412 ) (-1024 0 1280 ) (-2048 0 1280 ) (-2048 0 412 ) 
4 185 214 (-2048 0 412 ) (-2048 0 1280 ) (-2048 1024 1280 ) (-2048 1024 412 ) 
4 185 186 (-1024 0 412 ) (-2048 0 412 ) (-2048 1024 412 ) (-1024 1024 412 ) 
4 186 252 (-1024 0 372 ) (-1024 0 412 ) (-2048 0 412 ) (-2048 0 372 ) 
4 186 215 (-2048 0 372 ) (-2048 0 412 ) (-2048 1024 412 ) (-2048 1024 372 ) 
4 186 187 (-2048 0 372 ) (-2048 1024 372 ) (-1024 1024 372 ) (-1024 0 372 ) 
4 187 253 (-1024 0 272 ) (-1024 0 372 ) (-2048 0 372 ) (-2048 0 272 ) 
4 187 216 (-2048 0 272 ) (-2048 0 372 ) (-2048 1024 372 ) (-2048 1024 272 ) 
4 187 190 (-2048 0 272 ) (-2048 24 272 ) (-1024 24 272 ) (-1024 0 272 ) 
4 187 188 (-2048 230 272 ) (-2048 1024 272 ) (-1024 1024 272 ) (-1024 230 272 ) 
4 188 217 (-2048 230 272 ) (-2048 1024 272 ) (-2048 1024 251 ) (-2048 230 251 ) 
4 188 191 (-2048 254 251 ) (-2048 1024 251 ) (-1024 1024 251 ) (-1024 254 251 ) 
5 189 218 (-2048 127 268 ) (-2048 171 263 ) (-2048 207 251 ) (-2048 47 251 ) (-2048 83 263 ) 
4 189 192 (-2048 47 251 ) (-2048 207 251 ) (-1024 207 251 ) (-1024 47 251 ) 
4 190 253 (-1024 0 251 ) (-1024 0 272 ) (-2048 0 272 ) (-2048 0 251 ) 
4 190 219 (-2048 0 251 ) (-2048 0 272 ) (-2048 24 272 ) (-2048 24 251 ) 
4 191 220 (-2048 254 251 ) (-2048 1024 251 ) (-2048 1024 231 ) (-2048 254 231 ) 
4 191 193 (-2048 254 231 ) (-2048 1024 231 ) (-1024 1024 231 ) (-1024 254 231 ) 
4 192 221 (-2048 47 251 ) (-2048 207 251 ) (-2048 234 231 ) (-2048 20 231 ) 
4 192 194 (-2048 20 231 ) (-2048 234 231 ) (-1024 234 231 ) (-1024 20 231 ) 
4 193 222 (-2048 254 231 ) (-2048 1024 231 ) (-2048 1024 80 ) (-2048 254 80 ) 
4 193 195 (-2048 254 80 ) (-2048 1024 80 ) (-1024 1024 80 ) (-1024 254 80 ) 
6 194 223 (-2048 20 231 ) (-2048 234 231 ) (-2048 243 208 ) (-2048 243 80 ) (-2048 11 80 ) (-2048 11 208 ) 
4 194 199 (-2048 96 80 ) (-2048 233 80 ) (-1024 233 80 ) (-1024 96 80 ) 
4 194 198 (-2048 233 80 ) (-2048 243 80 ) (-1815 243 80 ) (-1815 233 80 ) 
4 194 196 (-1063 243 80 ) (-1024 243 80 ) (-1024 233 80 ) (-1063 233 80 ) 
4 194 197 (-1799 243 80 ) (-1079 243 80 ) (-1079 233 80 ) (-1799 233 80 ) 
4 195 224 (-2048 253 80 ) (-2048 1024 80 ) (-2048 1024 64 ) (-2048 253 64 ) 
4 195 200 (-2048 253 64 ) (-2048 1024 64 ) (-1024 1024 64 ) (-1024 253 64 ) 
4 196 205 (-1063 243 64 ) (-1024 243 64 ) (-1024 233 64 ) (-1063 233 64 ) 
4 196 199 (-1063 233 64 ) (-1024 233 64 ) (-1024 233 80 ) (-1063 233 80 ) 
4 197 206 (-1799 243 64 ) (-1079 243 64 ) (-1079 233 64 ) (-1799 233 64 ) 
4 197 199 (-1799 233 64 ) (-1079 233 64 ) (-1079 233 80 ) (-1799 233 80 ) 
4 198 225 (-2048 233 80 ) (-2048 243 80 ) (-2048 243 64 ) (-2048 233 64 ) 
4 198 207 (-2048 233 64 ) (-2048 243 64 ) (-1815 243 64 ) (-1815 233 64 ) 
4 198 199 (-2048 233 64 ) (-1815 233 64 ) (-1815 233 80 ) (-2048 233 80 ) 
4 199 227 (-2048 96 80 ) (-2048 233 80 ) (-2048 233 64 ) (-2048 96 64 ) 
4 199 204 (-2048 96 64 ) (-2048 144 64 ) (-1024 144 64 ) (-1024 96 64 ) 
4 199 203 (-2048 144 64 ) (-2048 201 64 ) (-1024 201 64 ) (-1024 144 64 ) 
4 199 202 (-2048 201 64 ) (-2048 233 64 ) (-1024 233 64 ) (-1024 201 64 ) 
4 200 228 (-2048 249 64 ) (-2048 1024 64 ) (-2048 1024 32 ) (-2048 249 32 ) 
4 200 208 (-2048 249 32 ) (-2048 1024 32 ) (-1024 1024 32 ) (-1024 249 32 ) 
4 201 253 (-1024 0 32 ) (-1024 0 64 ) (-2048 0 64 ) (-2048 0 32 ) 
4 201 240 (-2048 0 32 ) (-2048 0 64 ) (-2048 88 64 ) (-2048 88 32 ) 
4 201 209 (-2048 0 32 ) (-2048 88 32 ) (-1024 88 32 ) (-1024 0 32 ) 
4 202 230 (-2048 201 64 ) (-2048 233 64 ) (-2048 225 32 ) (-2048 201 32 ) 
4 202 210 (-2048 201 32 ) (-2048 225 32 ) (-1024 225 32 ) (-1024 201 32 ) 
4 202 206 (-1079 225 32.003906 ) (-1799 225 32.003906 ) (-1799 233 64 ) (-1079 233 64 ) 
4 202 207 (-1815 225 32.003906 ) (-2048 225 32.003906 ) (-2048 233 64 ) (-1815 233 64 ) 
4 202 205 (-1024 225 32.003906 ) (-1063 225 32.003906 ) (-1063 233 64 ) (-1024 233 64 ) 
4 202 203 (-2048 201 32 ) (-1024 201 32 ) (-1024 201 64 ) (-2048 201 64 ) 
4 203 231 (-2048 144 64 ) (-2048 201 64 ) (-2048 201 32 ) (-2048 144 32 ) 
4 203 211 (-2048 144 32 ) (-2048 201 32 ) (-1024 201 32 ) (-1024 144 32 ) 
4 203 204 (-2048 144 32 ) (-1024 144 32 ) (-1024 144 64 ) (-2048 144 64 ) 
3 204 241 (-2048 96 64 ) (-2048 112 64 ) (-2048 112 32 ) 
4 204 232 (-2048 112 64 ) (-2048 144 64 ) (-2048 144 32 ) (-2048 112 32 ) 
4 204 212 (-2048 112 32 ) (-2048 144 32 ) (-1024 144 32 ) (-1024 112 32 ) 
3 207 230 (-2048 233 64 ) (-2048 243 64 ) (-2048 225 32 ) 
4 208 229 (-2048 225 32 ) (-2048 1024 32 ) (-2048 1024 16 ) (-2048 225 16 ) 
4 208 213 (-2048 225 16 ) (-2048 1024 16 ) (-1024 1024 16 ) (-1024 225 16 ) 
4 209 253 (-1024 0 16 ) (-1024 0 32 ) (-2048 0 32 ) (-2048 0 16 ) 
4 209 242 (-2048 0 16 ) (-2048 0 24 ) (-2048 112 24 ) (-2048 112 16 ) 
4 209 239 (-2048 88 32 ) (-2048 112 32 ) (-2048 112 24 ) (-2048 88 24 ) 
4 209 240 (-2048 0 24 ) (-2048 0 32 ) (-2048 88 32 ) (-2048 88 24 ) 
4 209 213 (-1024 0 16 ) (-2048 0 16 ) (-2048 112 16 ) (-1024 112 16 ) 
3 210 230 (-2048 201 32 ) (-2048 225 32 ) (-2048 201 24 ) 
4 210 211 (-2048 201 24 ) (-1024 201 24 ) (-1024 201 32 ) (-2048 201 32 ) 
4 211 231 (-2048 144 32 ) (-2048 201 32 ) (-2048 201 24 ) (-2048 144 24 ) 
4 211 212 (-2048 144 24 ) (-1024 144 24 ) (-1024 144 32 ) (-2048 144 32 ) 
3 212 232 (-2048 112 32 ) (-2048 144 32 ) (-2048 144 24 ) 
4 213 253 (-1024 0 -224 ) (-1024 0 16 ) (-2048 0 16 ) (-2048 0 -224 ) 
4 213 243 (-2048 0 -224 ) (-2048 0 16 ) (-2048 1024 16 ) (-2048 1024 -224 ) 
4 214 255 (-2048 0 412 ) (-2048 0 1280 ) (-2776 0 1280 ) (-2776 0 412 ) 
4 214 244 (-2776 0 412 ) (-2776 0 1280 ) (-2776 1024 1280 ) (-2776 1024 412 ) 
4 214 215 (-2776 0 412 ) (-2776 1024 412 ) (-2048 1024 412 ) (-2048 0 412 ) 
4 215 256 (-2048 0 372 ) (-2048 0 412 ) (-2776 0 412 ) (-2776 0 372 ) 
4 215 245 (-2776 0 372 ) (-2776 0 412 ) (-2776 1024 412 ) (-2776 1024 372 ) 
4 215 216 (-2048 0 372 ) (-2776 0 372 ) (-2776 1024 372 ) (-2048 1024 372 ) 
4 216 257 (-2048 0 272 ) (-2048 0 372 ) (-2776 0 372 ) (-2776 0 272 ) 
4 216 246 (-2776 0 272 ) (-2776 0 372 ) (-2776 1024 372 ) (-2776 1024 272 ) 
4 216 217 (-2776 230 272 ) (-2776 1024 272 ) (-2048 1024 272 ) (-2048 230 272 ) 
4 216 219 (-2048 0 272 ) (-2776 0 272 ) (-2776 24 272 ) (-2048 24 272 ) 
4 217 248 (-2776 254 272 ) (-2776 1024 272 ) (-2776 1024 251 ) (-2776 254 251 ) 
4 217 220 (-2776 254 251 ) (-2776 1024 251 ) (-2048 1024 251 ) (-2048 254 251 ) 
4 218 221 (-2776 47 251 ) (-2776 207 251 ) (-2048 207 251 ) (-2048 47 251 ) 
4 219 257 (-2048 0 251 ) (-2048 0 272 ) (-2776 0 272 ) (-2776 0 251 ) 
4 220 248 (-2776 254 251 ) (-2776 1024 251 ) (-2776 1024 231 ) (-2776 254 231 ) 
4 220 222 (-2776 254 231 ) (-2776 1024 231 ) (-2048 1024 231 ) (-2048 254 231 ) 
4 221 223 (-2776 20 231 ) (-2776 234 231 ) (-2048 234 231 ) (-2048 20 231 ) 
4 222 248 (-2776 254 231 ) (-2776 1024 231 ) (-2776 1024 80 ) (-2776 254 80 ) 
4 222 224 (-2776 254 80 ) (-2776 1024 80 ) (-2048 1024 80 ) (-2048 254 80 ) 
4 223 227 (-2776 96 80 ) (-2776 233 80 ) (-2048 233 80 ) (-2048 96 80 ) 
4 223 225 (-2336 243 80 ) (-2048 243 80 ) (-2048 233 80 ) (-2336 233 80 ) 
4 223 226 (-2776 233 80 ) (-2776 243 80 ) (-2352 243 80 ) (-2352 233 80 ) 
4 224 248 (-2776 254 80 ) (-2776 1024 80 ) (-2776 1024 64 ) (-2776 254 64 ) 
4 224 228 (-2776 253 64 ) (-2776 1024 64 ) (-2048 1024 64 ) (-2048 253 64 ) 
4 225 230 (-2336 243 64 ) (-2048 243 64 ) (-2048 233 64 ) (-2336 233 64 ) 
4 225 227 (-2336 233 64 ) (-2048 233 64 ) (-2048 233 80 ) (-2336 233 80 ) 
4 226 236 (-2776 233 64 ) (-2776 243 64 ) (-2352 243 64 ) (-2352 233 64 ) 
4 226 227 (-2776 233 64 ) (-2352 233 64 ) (-2352 233 80 ) (-2776 233 80 ) 
4 227 241 (-2776 96 64 ) (-2776 112 64 ) (-2048 112 64 ) (-2048 96 64 ) 
4 227 238 (-2776 112 64 ) (-2776 144 64 ) (-2352 144 64 ) (-2352 112 64 ) 
4 227 237 (-2776 144 64 ) (-2776 201 64 ) (-2352 201 64 ) (-2352 144 64 ) 
4 227 236 (-2776 201 64 ) (-2776 233 64 ) (-2352 233 64 ) (-2352 201 64 ) 
4 227 235 (-2336 144 64 ) (-2336 112 64 ) (-2352 112 64 ) (-2352 144 64 ) 
4 227 234 (-2336 201 64 ) (-2336 144 64 ) (-2352 144 64 ) (-2352 201 64 ) 
4 227 233 (-2352 233 64 ) (-2336 233 64 ) (-2336 201 64 ) (-2352 201 64 ) 
4 227 231 (-2048 201 64 ) (-2048 144 64 ) (-2336 144 64 ) (-2336 201 64 ) 
4 227 230 (-2336 233 64 ) (-2048 233 64 ) (-2048 201 64 ) (-2336 201 64 ) 
4 227 232 (-2048 144 64 ) (-2048 112 64 ) (-2336 112 64 ) (-2336 144 64 ) 
4 228 248 (-2776 254 64 ) (-2776 1024 64 ) (-2776 1024 32 ) (-2776 254 32 ) 
4 228 229 (-2776 249 32 ) (-2776 1024 32 ) (-2048 1024 32 ) (-2048 249 32 ) 
4 229 248 (-2776 1024 32 ) (-2776 1024 16 ) (-2776 254 16 ) (-2776 254 32 ) 
4 229 243 (-2776 225 16 ) (-2776 1024 16 ) (-2048 1024 16 ) (-2048 225 16 ) 
4 230 233 (-2336 225 32 ) (-2336 201 24 ) (-2336 201 64 ) (-2336 233 64 ) 
4 230 231 (-2336 201 64 ) (-2336 201 24 ) (-2048 201 24 ) (-2048 201 64 ) 
5 231 234 (-2336 201 24 ) (-2336 144.011719 24 ) (-2336 144 24.002930 ) (-2336 144 64 ) (-2336 201 64 ) 
4 231 232 (-2336 144 64 ) (-2336 144 24.003906 ) (-2048 144 24.003889 ) (-2048 144 64 ) 
4 232 241 (-2048 112 32 ) (-2048 112 64 ) (-2336 112 64 ) (-2336 112 32 ) 
4 232 235 (-2336 144 24.002930 ) (-2336 112 32.002930 ) (-2336 112 64 ) (-2336 144 64 ) 
4 233 236 (-2352 225 32 ) (-2352 201 24 ) (-2352 201 64 ) (-2352 233 64 ) 
4 233 234 (-2352 201 64 ) (-2352 201 24 ) (-2336 201 24 ) (-2336 201 64 ) 
5 234 237 (-2352 201 24 ) (-2352 144.011719 24 ) (-2352 144 24.002930 ) (-2352 144 64 ) (-2352 201 64 ) 
4 234 235 (-2352 144 64 ) (-2352 144 24 ) (-2336 144 24 ) (-2336 144 64 ) 
4 235 241 (-2336 112 64 ) (-2352 112 64 ) (-2352 112 32 ) (-2336 112 32 ) 
4 235 238 (-2352 144 24.002930 ) (-2352 112 32.002930 ) (-2352 112 64 ) (-2352 144 64 ) 
4 236 237 (-2776 201 24 ) (-2352 201 24 ) (-2352 201 64 ) (-2776 201 64 ) 
4 237 238 (-2776 144 24 ) (-2352 144 24 ) (-2352 144 64 ) (-2776 144 64 ) 
4 238 241 (-2352 112 64 ) (-2776 112 64 ) (-2776 112 32 ) (-2352 112 32 ) 
4 239 242 (-2776 88 24 ) (-2776 112 24 ) (-2048 112 24 ) (-2048 88 24 ) 
4 239 240 (-2776 88 24 ) (-2048 88 24 ) (-2048 88 32 ) (-2776 88 32 ) 
4 240 257 (-2048 0 24 ) (-2048 0 64 ) (-2776 0 64 ) (-2776 0 24 ) 
4 240 242 (-2048 0 24 ) (-2776 0 24 ) (-2776 88 24 ) (-2048 88 24 ) 
4 242 257 (-2048 0 16 ) (-2048 0 24 ) (-2776 0 24 ) (-2776 0 16 ) 
4 242 243 (-2048 0 16 ) (-2776 0 16 ) (-2776 112 16 ) (-2048 112 16 ) 
4 243 257 (-2048 0 -224 ) (-2048 0 16 ) (-2776 0 16 ) (-2776 0 -224 ) 
4 243 250 (-2776 0 -224 ) (-2776 0 16 ) (-2776 1024 16 ) (-2776 1024 -224 ) 
4 244 255 (-2776 0 412 ) (-2776 0 1280 ) (-2816 0 1280 ) (-2816 0 412 ) 
4 244 247 (-2816 0 412 ) (-2816 0 1280 ) (-2816 1024 1280 ) (-2816 1024 412 ) 
4 244 245 (-2816 0 412 ) (-2816 1024 412 ) (-2776 1024 412 ) (-2776 0 412 ) 
4 245 256 (-2776 0 372 ) (-2776 0 412 ) (-2816 0 412 ) (-2816 0 372 ) 
4 245 246 (-2816 0 372 ) (-2816 1024 372 ) (-2776 1024 372 ) (-2776 0 372 ) 
4 245 247 (-2816 0 372 ) (-2816 0 412 ) (-2816 1024 412 ) (-2816 1024 372 ) 
4 246 257 (-2776 0 272 ) (-2776 0 372 ) (-2816 0 372 ) (-2816 0 272 ) 
4 246 248 (-2784 1024 272 ) (-2776 1024 272 ) (-2776 254 272 ) (-2784 254 272 ) 
4 246 249 (-2816 1024 272 ) (-2784 1024 272 ) (-2784 0 272 ) (-2816 0 272 ) 
4 246 247 (-2816 1024 272 ) (-2816 0 272 ) (-2816 0 372 ) (-2816 1024 372 ) 
4 247 259 (-2816 0 1280 ) (-2891.290039 0 1280 ) (-2891.290039 0 272 ) (-2816 0 272 ) 
4 247 249 (-2891.290039 0 272 ) (-2891.290039 1024 272 ) (-2816 1024 272 ) (-2816 0 272 ) 
4 248 250 (-2784 1024 16 ) (-2776 1024 16 ) (-2776 254 16 ) (-2784 254 16 ) 
4 248 249 (-2784 1024 16 ) (-2784 254 16 ) (-2784 254 272 ) (-2784 1024 272 ) 
4 249 257 (-2784 0 272 ) (-2816 0 272 ) (-2816 0 16 ) (-2784 0 16 ) 
4 249 259 (-2816 0 272 ) (-2891.290039 0 272 ) (-2891.290039 0 16 ) (-2816 0 16 ) 
4 249 250 (-2891.290039 0 16 ) (-2891.290039 1024 16 ) (-2784 1024 16 ) (-2784 0 16 ) 
4 250 257 (-2776 0 -224 ) (-2776 0 16 ) (-2816 0 16 ) (-2816 0 -224 ) 
4 250 259 (-2816 0 16 ) (-2891.290039 0 16 ) (-2891.290039 0 -224 ) (-2816 0 -224 ) 
4 251 255 (-2048 0 1280 ) (-2048 0 412 ) (-2048 -128 412 ) (-2048 -128 1280 ) 
4 251 254 (-1024 -128 412 ) (-1024 -128 1280 ) (-2048 -128 1280 ) (-2048 -128 412 ) 
4 251 252 (-1024 -128 412 ) (-2048 -128 412 ) (-2048 0 412 ) (-1024 0 412 ) 
4 252 256 (-2048 0 412 ) (-2048 0 372 ) (-2048 -128 372 ) (-2048 -128 412 ) 
4 252 253 (-1024 -128 372 ) (-2048 -128 372 ) (-2048 0 372 ) (-1024 0 372 ) 
4 252 254 (-1024 -128 372 ) (-1024 -128 412 ) (-2048 -128 412 ) (-2048 -128 372 ) 
4 253 257 (-2048 0 372 ) (-2048 0 -224 ) (-2048 -128 -224 ) (-2048 -128 372 ) 
4 253 254 (-2048 -128 -224 ) (-1024 -128 -224 ) (-1024 -128 372 ) (-2048 -128 372 ) 
4 254 258 (-2048 -128 -224 ) (-2048 -1001.510010 -224 ) (-2048 -1001.510010 1280 ) (-2048 -128 1280 ) 
4 255 259 (-2816 -128 412 ) (-2816 -128 1280 ) (-2816 0 1280 ) (-2816 0 412 ) 
4 255 258 (-2816 -128 1280 ) (-2816 -128 412 ) (-2048 -128 412 ) (-2048 -128 1280 ) 
4 255 256 (-2048 -128 412 ) (-2816 -128 412 ) (-2816 0 412 ) (-2048 0 412 ) 
4 256 257 (-2048 -128 372 ) (-2816 -128 372 ) (-2816 0 372 ) (-2048 0 372 ) 
4 256 259 (-2816 -128 372 ) (-2816 -128 412 ) (-2816 0 412 ) (-2816 0 372 ) 
4 256 258 (-2816 -128 412 ) (-2816 -128 372 ) (-2048 -128 372 ) (-2048 -128 412 ) 
4 257 258 (-2816 -128 372 ) (-2816 -128 -224 ) (-2048 -128 -224 ) (-2048 -128 372 ) 
4 257 259 (-2816 0 -224 ) (-2816 -128 -224 ) (-2816 -128 372 ) (-2816 0 372 ) 
4 258 259 (-2816 -128 -224 ) (-2816 -1001.510010 -224 ) (-2816 -1001.510010 1280 ) (-2816 -128 1280 ) 
