PRT1
295
844
4 0 4 (2064 1024 2016 ) (2048 1024 2016 ) (2048 1024 -992 ) (2064 1024 -992 ) 
4 0 3 (3040 1024 2016 ) (2064 1024 2016 ) (2064 1024 -992 ) (3040 1024 -992 ) 
4 0 1 (2048 1024 -992 ) (2048 1024 2016 ) (2048 2016 2016 ) (2048 2016 -992 ) 
4 1 42 (2048 1024 -992 ) (2048 1024 16 ) (1024 1024 16 ) (1024 1024 -992 ) 
4 1 26 (2048 1024 16 ) (2048 1024 64 ) (1024 1024 64 ) (1024 1024 16 ) 
4 1 21 (2048 1024 64 ) (2048 1024 208 ) (1024 1024 208 ) (1024 1024 64 ) 
4 1 15 (2048 1024 208 ) (2048 1024 251 ) (1024 1024 251 ) (1024 1024 208 ) 
4 1 9 (2048 1024 251 ) (2048 1024 272 ) (1024 1024 272 ) (1024 1024 251 ) 
4 1 8 (2048 1024 272 ) (2048 1024 2016 ) (1024 1024 2016 ) (1024 1024 272 ) 
4 1 2 (1024 1024 -992 ) (1024 1024 2016 ) (1024 2016 2016 ) (1024 2016 -992 ) 
4 2 104 (0 1024 -992 ) (0 1024 64 ) (0 1920 64 ) (0 1920 -992 ) 
4 2 100 (0 1920 64 ) (0 2016 64 ) (0 2016 -992 ) (0 1920 -992 ) 
4 2 97 (0 1024 64 ) (0 1024 176 ) (0 1920 176 ) (0 1920 64 ) 
4 2 94 (0 1024 176 ) (0 1024 191 ) (0 1920 191 ) (0 1920 176 ) 
4 2 91 (0 1024 191 ) (0 1024 213 ) (0 1920 213 ) (0 1920 191 ) 
4 2 88 (0 1024 213 ) (0 1024 216 ) (0 1920 216 ) (0 1920 213 ) 
4 2 86 (0 1024 216 ) (0 1024 221 ) (0 1920 221 ) (0 1920 216 ) 
4 2 85 (0 1024 221 ) (0 1024 2016 ) (0 1920 2016 ) (0 1920 221 ) 
4 2 81 (0 1920 2016 ) (0 2016 2016 ) (0 2016 64 ) (0 1920 64 ) 
4 2 75 (1024 1024 -992 ) (1024 1024 16 ) (0 1024 16 ) (0 1024 -992 ) 
4 2 59 (1024 1024 16 ) (1024 1024 64 ) (0 1024 64 ) (0 1024 16 ) 
4 2 54 (1024 1024 64 ) (1024 1024 208 ) (0 1024 208 ) (0 1024 64 ) 
4 2 44 (1024 1024 208 ) (1024 1024 272 ) (0 1024 272 ) (0 1024 208 ) 
4 2 43 (1024 1024 272 ) (1024 1024 2016 ) (0 1024 2016 ) (0 1024 272 ) 
4 3 7 (3040 0 2016 ) (2064 0 2016 ) (2064 0 -992 ) (3040 0 -992 ) 
4 3 5 (2064 0 272 ) (2064 0 2016 ) (2064 248 2016 ) (2064 248 272 ) 
4 3 6 (2064 248 -992 ) (2064 0 -992 ) (2064 0 16 ) (2064 248 16 ) 
4 3 4 (2064 1024 -992 ) (2064 248 -992 ) (2064 248 2016 ) (2064 1024 2016 ) 
4 4 42 (2048 1024 16 ) (2048 1024 -992 ) (2048 248 -992 ) (2048 248 16 ) 
4 4 27 (2048 249 16 ) (2048 248 16 ) (2048 248 32 ) (2048 249 32 ) 
4 4 26 (2048 1024 64 ) (2048 1024 16 ) (2048 249 16 ) (2048 249 64 ) 
4 4 21 (2048 1024 208 ) (2048 1024 64 ) (2048 259 64 ) (2048 259 208 ) 
4 4 15 (2048 1024 251 ) (2048 1024 208 ) (2048 254 208 ) (2048 254 251 ) 
4 4 9 (2048 1024 272 ) (2048 1024 251 ) (2048 248 251 ) (2048 248 272 ) 
4 4 8 (2048 1024 2016 ) (2048 1024 272 ) (2048 248 272 ) (2048 248 2016 ) 
4 4 5 (2064 248 272 ) (2064 248 2016 ) (2048 248 2016 ) (2048 248 272 ) 
4 4 6 (2048 248 -992 ) (2064 248 -992 ) (2064 248 16 ) (2048 248 16 ) 
4 5 8 (2048 0 272 ) (2048 0 2016 ) (2048 248 2016 ) (2048 248 272 ) 
4 5 7 (2064 0 2016 ) (2048 0 2016 ) (2048 0 272 ) (2064 0 272 ) 
4 6 42 (2048 248 -992 ) (2048 0 -992 ) (2048 0 16 ) (2048 248 16 ) 
4 6 7 (2048 0 16 ) (2048 0 -992 ) (2064 0 -992 ) (2064 0 16 ) 
4 7 78 (3040 -1024 2016 ) (2048 -1024 2016 ) (2048 -1024 -992 ) (3040 -1024 -992 ) 
4 7 76 (2048 -1024 -992 ) (2048 -1024 2016 ) (2048 0 2016 ) (2048 0 -992 ) 
4 8 76 (2048 0 272 ) (2048 0 2016 ) (1024 0 2016 ) (1024 0 272 ) 
4 8 43 (1024 1024 2016 ) (1024 1024 272 ) (1024 0 272 ) (1024 0 2016 ) 
4 8 9 (1024 230 272 ) (1024 1024 272 ) (2048 1024 272 ) (2048 230 272 ) 
4 8 14 (2048 0 272 ) (1024 0 272 ) (1024 24 272 ) (2048 24 272 ) 
4 9 53 (1024 230 256.295471 ) (1024 230 272 ) (1024 254 272 ) (1024 254 253.568176 ) 
4 9 51 (1024 254 251 ) (1024 230 251 ) (1024 230 256.295471 ) (1024 254 253.568176 ) 
4 9 44 (1024 1024 272 ) (1024 1024 251 ) (1024 254 251 ) (1024 254 272 ) 
4 9 15 (1024 254 251 ) (1024 1024 251 ) (2048 1024 251 ) (2048 254 251 ) 
4 10 16 (1328 207 251 ) (2048 207 251 ) (2048 47 251 ) (1328 47 251 ) 
4 10 12 (1328 128 267.886383 ) (1328 144 266.068207 ) (1328 144 251 ) (1328 128 251 ) 
4 10 11 (1328 144 266.068207 ) (1328 170.997040 263 ) (1328 206.998062 251 ) (1328 144 251 ) 
5 10 13 (1328 47.002953 251 ) (1328 83.011719 263.003418 ) (1328 126.990952 268.001038 ) (1328 128 267.886383 ) (1328 128 251 ) 
4 11 45 (1024 207 251 ) (1024 144 251 ) (1024 144 266.068176 ) (1024 171 263 ) 
4 11 17 (1024 144 251 ) (1024 207 251 ) (1328 207 251 ) (1328 144 251 ) 
4 11 12 (1024 144 251 ) (1328 144 251 ) (1328 144 266.066406 ) (1024 144 266.066406 ) 
4 12 46 (1024 144 251 ) (1024 128 251 ) (1024 128 267.886353 ) (1024 144 266.068176 ) 
4 12 18 (1024 128 251 ) (1024 144 251 ) (1328 144 251 ) (1328 128 251 ) 
4 12 13 (1024 128 251 ) (1328 128 251 ) (1328 128 267.886719 ) (1024 128 267.886719 ) 
5 13 50 (1024 128 251 ) (1024 47 251 ) (1024 83 263 ) (1024 127 268 ) (1024 128 267.886353 ) 
4 13 20 (1024 47 251 ) (1024 128 251 ) (1328 128 251 ) (1328 47 251 ) 
4 14 76 (2048 0 251 ) (2048 0 272 ) (1024 0 272 ) (1024 0 251 ) 
4 14 52 (1024 24 251 ) (1024 0 251 ) (1024 0 272 ) (1024 24 272 ) 
4 15 44 (1024 1024 251 ) (1024 1024 208 ) (1024 254 208 ) (1024 254 251 ) 
4 15 21 (1024 259 208 ) (1024 1024 208 ) (2048 1024 208 ) (2048 259 208 ) 
4 16 22 (1328 243 208 ) (2048 243 208 ) (2048 11 208 ) (1328 11 208 ) 
4 16 19 (1328 144 240 ) (1328 144 208 ) (1328 128 208 ) (1328 128 240 ) 
4 16 18 (1328 128 251 ) (1328 144 251 ) (1328 144 240 ) (1328 128 240 ) 
5 16 17 (1328 144 251 ) (1328 207.007965 251 ) (1328 233.996719 231.008331 ) (1328 243 208 ) (1328 144 208 ) 
5 16 20 (1328 10.998047 208 ) (1328 19.998047 231.003906 ) (1328 46.994606 251 ) (1328 128 251 ) (1328 128 208 ) 
5 17 45 (1024 243 208 ) (1024 144 208 ) (1024 144 251 ) (1024 207 251 ) (1024 234 231 ) 
4 17 22 (1024 144 208 ) (1024 243 208 ) (1328 243 208 ) (1328 144 208 ) 
4 17 19 (1024 144 208 ) (1328 144 208 ) (1328 144 240 ) (1024 144 240 ) 
4 17 18 (1328 144 240 ) (1328 144 251 ) (1024 144 251 ) (1024 144 240 ) 
4 18 46 (1024 128 240 ) (1024 128 251 ) (1024 144 251 ) (1024 144 240 ) 
4 18 20 (1328 128 240 ) (1328 128 251 ) (1024 128 251 ) (1024 128 240 ) 
4 18 19 (1328 128 240 ) (1024 128 240 ) (1024 144 240 ) (1328 144 240 ) 
4 19 49 (1024 144 208 ) (1024 128 208 ) (1024 128 240 ) (1024 144 240 ) 
4 19 22 (1024 128 208 ) (1024 144 208 ) (1328 144 208 ) (1328 128 208 ) 
4 19 20 (1024 128 208 ) (1328 128 208 ) (1328 128 240 ) (1024 128 240 ) 
5 20 50 (1024 128 208 ) (1024 11 208 ) (1024 20 231 ) (1024 47 251 ) (1024 128 251 ) 
4 20 22 (1024 11 208 ) (1024 128 208 ) (1328 128 208 ) (1328 11 208 ) 
4 21 54 (1024 1024 208 ) (1024 1024 64 ) (1024 259 64 ) (1024 259 208 ) 
4 21 26 (1024 259 64 ) (1024 1024 64 ) (2048 1024 64 ) (2048 259 64 ) 
4 22 55 (1024 11 80 ) (1024 11 208 ) (1024 243 208 ) (1024 243 80 ) 
4 22 25 (1024 96 80 ) (1024 233 80 ) (2048 233 80 ) (2048 96 80 ) 
4 22 23 (1344 243 80 ) (2048 243 80 ) (2048 233 80 ) (1344 233 80 ) 
4 22 24 (1024 233 80 ) (1024 243 80 ) (1328 243 80 ) (1328 233 80 ) 
4 23 29 (1344 243 64 ) (2048 243 64 ) (2048 233 64 ) (1344 233 64 ) 
4 23 25 (1344 233 64 ) (2048 233 64 ) (2048 233 80 ) (1344 233 80 ) 
4 24 56 (1024 243 64 ) (1024 233 64 ) (1024 233 80 ) (1024 243 80 ) 
4 24 35 (1024 233 64 ) (1024 243 64 ) (1328 243 64 ) (1328 233 64 ) 
4 24 25 (1024 233 64 ) (1328 233 64 ) (1328 233 80 ) (1024 233 80 ) 
4 25 58 (1024 233 64 ) (1024 96 64 ) (1024 96 80 ) (1024 233 80 ) 
4 25 36 (1024 144 64 ) (1024 201 64 ) (1328 201 64 ) (1328 144 64 ) 
4 25 35 (1024 201 64 ) (1024 233 64 ) (1328 233 64 ) (1328 201 64 ) 
4 25 37 (1024 96 64 ) (1024 144 64 ) (1328 144 64 ) (1328 96 64 ) 
4 25 33 (1344 201 64 ) (1344 144 64 ) (1328 144 64 ) (1328 201 64 ) 
4 25 32 (1328 233 64 ) (1344 233 64 ) (1344 201 64 ) (1328 201 64 ) 
4 25 34 (1344 144 64 ) (1344 96 64 ) (1328 96 64 ) (1328 144 64 ) 
4 25 31 (2048 144 64 ) (2048 96 64 ) (1344 96 64 ) (1344 144 64 ) 
4 25 30 (2048 201 64 ) (2048 144 64 ) (1344 144 64 ) (1344 201 64 ) 
4 25 29 (1344 233 64 ) (2048 233 64 ) (2048 201 64 ) (1344 201 64 ) 
4 26 59 (1024 1024 64 ) (1024 1024 16 ) (1024 249 16 ) (1024 249 64 ) 
4 26 42 (1024 249 16 ) (1024 1024 16 ) (2048 1024 16 ) (2048 249 16 ) 
4 26 27 (1024 249 16 ) (2048 249 16 ) (2048 249 32 ) (1024 249 32 ) 
4 27 60 (1024 249 16 ) (1024 225 16 ) (1024 225 32 ) (1024 249 32 ) 
4 27 42 (1024 225 16 ) (1024 249 16 ) (2048 249 16 ) (2048 225 16 ) 
4 28 76 (2048 0 32 ) (2048 0 64 ) (1024 0 64 ) (1024 0 32 ) 
4 28 61 (1024 0 32 ) (1024 0 64 ) (1024 88 64 ) (1024 88 32 ) 
4 28 38 (2048 0 32 ) (1024 0 32 ) (1024 88 32 ) (2048 88 32 ) 
4 29 39 (1344 224.996094 32 ) (2048 224.996094 32 ) (2048 201 32 ) (1344 201 32 ) 
4 29 32 (1344 225 32 ) (1344 201 32 ) (1344 201 64 ) (1344 233 64 ) 
4 29 30 (1344 201 64 ) (1344 201 32 ) (2048 201 32 ) (2048 201 64 ) 
4 30 40 (2048 201 32 ) (2048 144 32 ) (1344 144 32 ) (1344 201 32 ) 
4 30 33 (1344 201 32 ) (1344 144 32 ) (1344 144 64 ) (1344 201 64 ) 
4 30 31 (1344 144 64 ) (1344 144 32 ) (2048 144 32 ) (2048 144 64 ) 
4 31 41 (2048 144 32 ) (2048 112 32 ) (1344 112 32 ) (1344 144 32 ) 
4 31 34 (1344 144 32 ) (1344 112 32 ) (1344 96 64 ) (1344 144 64 ) 
4 32 39 (1328 224.996094 32 ) (1344 224.996094 32 ) (1344 201 32 ) (1328 201 32 ) 
4 32 35 (1328 225 32 ) (1328 201 32 ) (1328 201 64 ) (1328 233 64 ) 
4 32 33 (1328 201 64 ) (1328 201 32 ) (1344 201 32 ) (1344 201 64 ) 
4 33 40 (1344 201 32 ) (1344 144 32 ) (1328 144 32 ) (1328 201 32 ) 
4 33 36 (1328 201 32 ) (1328 144 32 ) (1328 144 64 ) (1328 201 64 ) 
4 33 34 (1328 144 64 ) (1328 144 32 ) (1344 144 32 ) (1344 144 64 ) 
4 34 41 (1344 144 32 ) (1344 112 32 ) (1328 112 32 ) (1328 144 32 ) 
4 34 37 (1328 144 32 ) (1328 112 32 ) (1328 96 64 ) (1328 144 64 ) 
4 35 62 (1024 201 64 ) (1024 243 64 ) (1024 225 32 ) (1024 201 32 ) 
4 35 39 (1024 201 32 ) (1024 224.996094 32 ) (1328 224.996094 32 ) (1328 201 32 ) 
4 35 36 (1024 201 32 ) (1328 201 32 ) (1328 201 64 ) (1024 201 64 ) 
4 36 63 (1024 144 64 ) (1024 201 64 ) (1024 201 32 ) (1024 144 32 ) 
4 36 40 (1024 144 32 ) (1024 201 32 ) (1328 201 32 ) (1328 144 32 ) 
4 36 37 (1024 144 32 ) (1328 144 32 ) (1328 144 64 ) (1024 144 64 ) 
4 37 64 (1024 96 64 ) (1024 144 64 ) (1024 144 32 ) (1024 112 32 ) 
4 37 41 (1024 112 32 ) (1024 144 32 ) (1328 144 32 ) (1328 112 32 ) 
4 38 76 (2048 0 16 ) (2048 0 32 ) (1024 0 32 ) (1024 0 16 ) 
4 38 71 (1024 112 16 ) (1024 0 16 ) (1024 0 32 ) (1024 112 32 ) 
4 38 42 (1024 0 16 ) (1024 112 16 ) (2048 112 16 ) (2048 0 16 ) 
3 39 72 (1024 201 32 ) (1024 225 32 ) (1024 201 24 ) 
4 39 40 (1024 201 24 ) (2048 201 24 ) (2048 201 32 ) (1024 201 32 ) 
4 40 73 (1024 144 24 ) (1024 144 32 ) (1024 201 32 ) (1024 201 24 ) 
4 40 41 (1024 144 24 ) (2048 144 24 ) (2048 144 32 ) (1024 144 32 ) 
3 41 74 (1024 144 24 ) (1024 112 32 ) (1024 144 32 ) 
4 42 76 (2048 0 -992 ) (2048 0 16 ) (1024 0 16 ) (1024 0 -992 ) 
4 42 75 (1024 1024 16 ) (1024 1024 -992 ) (1024 0 -992 ) (1024 0 16 ) 
4 43 122 (0 0 272 ) (0 0 2016 ) (0 254 2016 ) (0 254 272 ) 
4 43 113 (0 254 2016 ) (0 1024 2016 ) (0 1024 272 ) (0 254 272 ) 
4 43 77 (1024 0 272 ) (1024 0 2016 ) (0 0 2016 ) (0 0 272 ) 
4 43 53 (1024 254 272 ) (1024 230 272 ) (0 230 272 ) (0 254 272 ) 
4 43 52 (1024 24 272 ) (1024 0 272 ) (0 0 272 ) (0 24 272 ) 
4 43 44 (1024 1024 272 ) (1024 254 272 ) (0 254 272 ) (0 1024 272 ) 
4 44 119 (0 1024 213 ) (0 1024 208 ) (0 254 208 ) (0 254 213 ) 
4 44 116 (0 1024 216 ) (0 1024 213 ) (0 254 213 ) (0 254 216 ) 
4 44 114 (0 1024 221 ) (0 1024 216 ) (0 254 216 ) (0 254 221 ) 
4 44 113 (0 254 272 ) (0 1024 272 ) (0 1024 221 ) (0 254 221 ) 
4 44 54 (0 259 208 ) (0 1024 208 ) (1024 1024 208 ) (1024 259 208 ) 
4 44 53 (1024 254 253.568176 ) (1024 254 272 ) (0 254 272 ) (0 254 253.568176 ) 
4 44 51 (1024 254 251 ) (1024 254 253.568176 ) (0 254 253.568176 ) (0 254 251 ) 
5 45 129 (0 207 251 ) (0 234 231 ) (0 243 208 ) (0 144 208 ) (0 144 251 ) 
4 45 124 (0 144 266.068176 ) (0 171 263 ) (0 207 251 ) (0 144 251 ) 
4 45 55 (0 144 208 ) (0 243 208 ) (1024 243 208 ) (1024 144 208 ) 
4 45 47 (608 144 266.067291 ) (592 144 266.067291 ) (592 144 240 ) (608 144 240 ) 
4 45 46 (1024 144 240 ) (1024 144 266.067291 ) (608 144 266.067291 ) (608 144 240 ) 
4 45 48 (592 144 266.067291 ) (0 144 266.067291 ) (0 144 240 ) (592 144 240 ) 
4 45 49 (0 144 208 ) (1024 144 208 ) (1024 144 240 ) (0 144 240 ) 
4 46 50 (1024 128 240 ) (1024 128 267.886536 ) (608 128 267.886536 ) (608 128 240 ) 
4 46 49 (1024 128 240 ) (608 128 240 ) (608 144 240 ) (1024 144 240 ) 
4 46 47 (608 144 266.068176 ) (608 144 240 ) (608 128 240 ) (608 128 267.886322 ) 
4 47 48 (592 144 266.068176 ) (592 144 240 ) (592 128 240 ) (592 128 267.886322 ) 
4 47 50 (608 128 267.886536 ) (592 128 267.886536 ) (592 128 240 ) (608 128 240 ) 
4 47 49 (608 128 240 ) (592 128 240 ) (592 144 240 ) (608 144 240 ) 
4 48 130 (0 144 251 ) (0 144 240 ) (0 128 240 ) (0 128 251 ) 
4 48 125 (0 128 267.886353 ) (0 144 266.068176 ) (0 144 251 ) (0 128 251 ) 
4 48 49 (592 128 240 ) (0 128 240 ) (0 144 240 ) (592 144 240 ) 
4 48 50 (592 128 267.886536 ) (0 128 267.886536 ) (0 128 240 ) (592 128 240 ) 
4 49 131 (0 144 240 ) (0 144 208 ) (0 128 208 ) (0 128 240 ) 
4 49 55 (0 128 208 ) (0 144 208 ) (1024 144 208 ) (1024 128 208 ) 
4 49 50 (0 128 208 ) (1024 128 208 ) (1024 128 240 ) (0 128 240 ) 
5 50 132 (0 47 251 ) (0 128 251 ) (0 128 208 ) (0 11 208 ) (0 20 231 ) 
5 50 126 (0 47 251 ) (0 83 263 ) (0 127 268 ) (0 128 267.886353 ) (0 128 251 ) 
4 50 55 (0 11 208 ) (0 128 208 ) (1024 128 208 ) (1024 11 208 ) 
4 51 123 (0 230 256.295441 ) (0 254 253.568176 ) (0 254 251 ) (0 230 251 ) 
4 51 53 (1024 254 253.567627 ) (0 254 253.567627 ) (0 230 256.294891 ) (1024 230 256.294891 ) 
4 52 128 (0 0 251 ) (0 0 272 ) (0 24 272 ) (0 24 251 ) 
4 52 77 (1024 0 251 ) (1024 0 272 ) (0 0 272 ) (0 0 251 ) 
4 53 123 (0 230 272 ) (0 254 272 ) (0 254 253.568176 ) (0 230 256.295441 ) 
4 54 144 (0 1024 80 ) (0 1024 64 ) (0 259 64 ) (0 259 80 ) 
4 54 135 (0 259 208 ) (0 1024 208 ) (0 1024 80 ) (0 259 80 ) 
4 54 59 (1024 1024 64 ) (1024 259 64 ) (0 259 64 ) (0 1024 64 ) 
4 55 143 (0 11 208 ) (0 243 208 ) (0 243 80 ) (0 11 80 ) 
4 55 58 (0 96 80 ) (0 233 80 ) (1024 233 80 ) (1024 96 80 ) 
4 55 56 (608 243 80 ) (1024 243 80 ) (1024 233 80 ) (608 233 80 ) 
4 55 57 (0 233 80 ) (0 243 80 ) (592 243 80 ) (592 233 80 ) 
4 56 62 (1024 243 64 ) (1024 233 64 ) (608 233 64 ) (608 243 64 ) 
4 56 58 (608 233 64 ) (1024 233 64 ) (1024 233 80 ) (608 233 80 ) 
4 57 147 (0 243 80 ) (0 243 64 ) (0 233 64 ) (0 233 80 ) 
4 57 68 (592 233 64 ) (0 233 64 ) (0 243 64 ) (592 243 64 ) 
4 57 58 (0 233 64 ) (592 233 64 ) (592 233 80 ) (0 233 80 ) 
4 58 147 (0 233 64 ) (0 96 64 ) (0 96 80 ) (0 233 80 ) 
4 58 69 (0 144 64 ) (0 201 64 ) (592 201 64 ) (592 144 64 ) 
4 58 68 (0 201 64 ) (0 233 64 ) (592 233 64 ) (592 201 64 ) 
4 58 70 (592 96 64 ) (0 96 64 ) (0 144 64 ) (592 144 64 ) 
4 58 66 (592 144 64 ) (592 201 64 ) (608 201 64 ) (608 144 64 ) 
4 58 65 (592 201 64 ) (592 233 64 ) (608 233 64 ) (608 201 64 ) 
4 58 67 (608 96 64 ) (592 96 64 ) (592 144 64 ) (608 144 64 ) 
4 58 64 (1024 144 64 ) (1024 96 64 ) (608 96 64 ) (608 144 64 ) 
4 58 63 (1024 201 64 ) (1024 144 64 ) (608 144 64 ) (608 201 64 ) 
4 58 62 (1024 233 64 ) (1024 201 64 ) (608 201 64 ) (608 233 64 ) 
4 59 154 (0 1024 32 ) (0 1024 16 ) (0 249 16 ) (0 249 32 ) 
4 59 150 (0 249 64 ) (0 1024 64 ) (0 1024 32 ) (0 249 32 ) 
4 59 75 (0 249 16 ) (0 1024 16 ) (1024 1024 16 ) (1024 249 16 ) 
4 59 60 (0 249 16 ) (1024 249 16 ) (1024 249 32 ) (0 249 32 ) 
4 60 154 (0 249 32 ) (0 249 16 ) (0 225 16 ) (0 225 32 ) 
4 60 75 (0 225 16 ) (0 249 16 ) (1024 249 16 ) (1024 225 16 ) 
4 61 163 (0 0 32 ) (0 0 64 ) (0 88 64 ) (0 88 32 ) 
4 61 77 (1024 0 32 ) (1024 0 64 ) (0 0 64 ) (0 0 32 ) 
4 61 71 (1024 88 32 ) (1024 0 32 ) (0 0 32 ) (0 88 32 ) 
4 62 72 (608 224.996094 32 ) (1024 224.996094 32 ) (1024 201 32 ) (608 201 32 ) 
4 62 65 (608 225 32 ) (608 201 32 ) (608 201 64 ) (608 233 64 ) 
4 62 63 (608 201 64 ) (608 201 32 ) (1024 201 32 ) (1024 201 64 ) 
4 63 73 (1024 201 32 ) (1024 144 32 ) (608 144 32 ) (608 201 32 ) 
4 63 66 (608 201 32 ) (608 144 32 ) (608 144 64 ) (608 201 64 ) 
4 63 64 (608 144 64 ) (608 144 32 ) (1024 144 32 ) (1024 144 64 ) 
4 64 74 (1024 144 32 ) (1024 112 32 ) (608 112 32 ) (608 144 32 ) 
4 64 67 (608 144 32 ) (608 112 32 ) (608 96 64 ) (608 144 64 ) 
4 65 72 (592 224.996094 32 ) (608 224.996094 32 ) (608 201 32 ) (592 201 32 ) 
4 65 68 (592 225 32 ) (592 201 32 ) (592 201 64 ) (592 233 64 ) 
4 65 66 (592 201 64 ) (592 201 32 ) (608 201 32 ) (608 201 64 ) 
4 66 73 (608 201 32 ) (608 144 32 ) (592 144 32 ) (592 201 32 ) 
4 66 69 (592 201 32 ) (592 144 32 ) (592 144 64 ) (592 201 64 ) 
4 66 67 (592 144 64 ) (592 144 32 ) (608 144 32 ) (608 144 64 ) 
4 67 74 (608 144 32 ) (608 112 32 ) (592 112 32 ) (592 144 32 ) 
4 67 70 (592 144 32 ) (592 112 32 ) (592 96 64 ) (592 144 64 ) 
4 68 164 (0 201 64 ) (0 225 64 ) (0 225 32 ) (0 201 32 ) 
3 68 151 (0 225 64 ) (0 243 64 ) (0 225 32 ) 
4 68 72 (0 224.996094 32 ) (592 224.996094 32 ) (592 201 32 ) (0 201 32 ) 
4 68 69 (0 201 32 ) (592 201 32 ) (592 201 64 ) (0 201 64 ) 
4 69 165 (0 144 64 ) (0 201 64 ) (0 201 32 ) (0 144 32 ) 
4 69 73 (592 201 32 ) (592 144 32 ) (0 144 32 ) (0 201 32 ) 
4 69 70 (0 144 32 ) (592 144 32 ) (592 144 64 ) (0 144 64 ) 
4 70 166 (0 96 64 ) (0 144 64 ) (0 144 32 ) (0 112 32 ) 
4 70 74 (592 144 32 ) (592 112 32 ) (0 112 32 ) (0 144 32 ) 
4 71 183 (0 0 16 ) (0 0 24 ) (0 112 24 ) (0 112 16 ) 
4 71 173 (0 0 24 ) (0 0 32 ) (0 112 32 ) (0 112 24 ) 
4 71 77 (1024 0 16 ) (1024 0 32 ) (0 0 32 ) (0 0 16 ) 
4 71 75 (1024 0 16 ) (0 0 16 ) (0 112 16 ) (1024 112 16 ) 
3 72 174 (0 201 32 ) (0 225 32 ) (0 201 24 ) 
4 72 73 (0 201 24 ) (1024 201 24 ) (1024 201 32 ) (0 201 32 ) 
4 73 175 (0 144 32 ) (0 201 32 ) (0 201 24 ) (0 144 24 ) 
4 73 74 (0 144 24 ) (1024 144 24 ) (1024 144 32 ) (0 144 32 ) 
3 74 176 (0 112 32 ) (0 144 32 ) (0 144 24 ) 
4 75 184 (0 0 -992 ) (0 0 16 ) (0 1024 16 ) (0 1024 -992 ) 
4 75 77 (1024 0 -992 ) (1024 0 16 ) (0 0 16 ) (0 0 -992 ) 
4 76 79 (2048 -1024 -992 ) (2048 -1024 2016 ) (1024 -1024 2016 ) (1024 -1024 -992 ) 
4 76 77 (1024 0 2016 ) (1024 0 -992 ) (1024 -1024 -992 ) (1024 -1024 2016 ) 
4 77 220 (0 -1024 -992 ) (0 -1024 2016 ) (0 0 2016 ) (0 0 -992 ) 
4 77 80 (1024 -1024 -992 ) (1024 -1024 2016 ) (0 -1024 2016 ) (0 -1024 -992 ) 
4 78 79 (2048 -1024 2016 ) (2048 -1024 -992 ) (2048 -2016 -992 ) (2048 -2016 2016 ) 
4 79 80 (1024 -1024 2016 ) (1024 -1024 -992 ) (1024 -2016 -992 ) (1024 -2016 2016 ) 
4 80 222 (0 -2016 2016 ) (0 -1024 2016 ) (0 -1024 -992 ) (0 -2016 -992 ) 
4 81 100 (0 2016 64 ) (0 1920 64 ) (-448 1920 64 ) (-448 2016 64 ) 
4 81 97 (-448 1920 64 ) (0 1920 64 ) (0 1920 176 ) (-448 1920 176 ) 
4 81 94 (0 1920 176 ) (0 1920 191 ) (-448 1920 191 ) (-448 1920 176 ) 
4 81 91 (0 1920 191 ) (0 1920 213 ) (-448 1920 213 ) (-448 1920 191 ) 
4 81 88 (0 1920 213 ) (0 1920 216 ) (-448 1920 216 ) (-448 1920 213 ) 
4 81 86 (0 1920 216 ) (0 1920 221 ) (-448 1920 221 ) (-448 1920 216 ) 
4 81 85 (0 1920 221 ) (0 1920 2016 ) (-448 1920 2016 ) (-448 1920 221 ) 
4 81 83 (-448 1920 221 ) (-448 1920 2016 ) (-448 1928 2016 ) (-448 1928 221 ) 
4 81 82 (-448 2016 2016 ) (-448 2016 64 ) (-448 1928 64 ) (-448 1928 2016 ) 
4 82 101 (-656 1928 64 ) (-656 2016 64 ) (-448 2016 64 ) (-448 1928 64 ) 
4 82 83 (-656 1928 2016 ) (-656 1928 221 ) (-448 1928 221 ) (-448 1928 2016 ) 
4 82 84 (-656 2016 2016 ) (-656 2016 64 ) (-656 1928 64 ) (-656 1928 2016 ) 
4 83 85 (-448 1920 221 ) (-448 1920 2016 ) (-656 1920 2016 ) (-656 1920 221 ) 
4 83 84 (-656 1920 221 ) (-656 1920 2016 ) (-656 1928 2016 ) (-656 1928 221 ) 
4 84 110 (-1024 2016 64 ) (-1024 1920 64 ) (-1024 1920 2016 ) (-1024 2016 2016 ) 
4 84 103 (-656 1920 64 ) (-1024 1920 64 ) (-1024 2016 64 ) (-656 2016 64 ) 
4 84 99 (-1024 1920 176 ) (-1024 1920 64 ) (-656 1920 64 ) (-656 1920 176 ) 
4 84 96 (-1024 1920 191 ) (-1024 1920 176 ) (-656 1920 176 ) (-656 1920 191 ) 
4 84 93 (-1024 1920 213 ) (-1024 1920 191 ) (-656 1920 191 ) (-656 1920 213 ) 
4 84 90 (-1024 1920 216 ) (-1024 1920 213 ) (-656 1920 213 ) (-656 1920 216 ) 
4 84 87 (-1024 1920 221 ) (-1024 1920 216 ) (-656 1920 216 ) (-656 1920 221 ) 
4 84 85 (-1024 1920 2016 ) (-1024 1920 221 ) (-656 1920 221 ) (-656 1920 2016 ) 
4 85 113 (0 1024 221 ) (0 1024 2016 ) (-1024 1024 2016 ) (-1024 1024 221 ) 
4 85 110 (-1024 1024 221 ) (-1024 1024 2016 ) (-1024 1920 2016 ) (-1024 1920 221 ) 
4 85 86 (-480 1920 221 ) (0 1920 221 ) (0 1024 221 ) (-480 1024 221 ) 
4 85 87 (-1024 1920 221 ) (-624 1920 221 ) (-624 1024 221 ) (-1024 1024 221 ) 
4 86 114 (0 1024 216 ) (0 1024 221 ) (-480 1024 221 ) (-480 1024 216 ) 
4 86 88 (0 1024 216 ) (-480 1024 216 ) (-480 1920 216 ) (0 1920 216 ) 
4 87 115 (-624 1024 221 ) (-1024 1024 221 ) (-1024 1024 216 ) (-624 1024 216 ) 
4 87 110 (-1024 1024 216 ) (-1024 1024 221 ) (-1024 1920 221 ) (-1024 1920 216 ) 
4 87 90 (-624 1024 216 ) (-1024 1024 216 ) (-1024 1920 216 ) (-624 1920 216 ) 
4 88 116 (0 1024 213 ) (0 1024 216 ) (-480 1024 216 ) (-480 1024 213 ) 
4 88 91 (-464 1920 213 ) (0 1920 213 ) (0 1024 213 ) (-464 1024 213 ) 
5 89 117 (-504 1024 216 ) (-600 1024 216 ) (-615 1024 213.001862 ) (-615 1024 213 ) (-489 1024 213 ) 
4 89 92 (-615 1920 213 ) (-489 1920 213 ) (-489 1024 213 ) (-615 1024 213 ) 
4 90 118 (-615 1024 216 ) (-1024 1024 216 ) (-1024 1024 213 ) (-615 1024 213 ) 
4 90 110 (-1024 1024 213 ) (-1024 1024 216 ) (-1024 1920 216 ) (-1024 1920 213 ) 
4 90 93 (-1024 1920 213 ) (-640 1920 213 ) (-640 1024 213 ) (-1024 1024 213 ) 
4 91 137 (-461 1024 208 ) (-464 1024 208 ) (-464 1024 191 ) (-461 1024 191 ) 
4 91 136 (-448 1024 208 ) (-461 1024 208 ) (-461 1024 191 ) (-448 1024 191 ) 
4 91 135 (0 1024 191 ) (0 1024 208 ) (-448 1024 208 ) (-448 1024 191 ) 
4 91 119 (0 1024 208 ) (0 1024 213 ) (-464 1024 213 ) (-464 1024 208 ) 
4 91 94 (-461 1920 191 ) (0 1920 191 ) (0 1024 191 ) (-461 1024 191 ) 
6 92 138 (-622.222229 1024 208 ) (-628 1024 204 ) (-637 1024 191 ) (-467 1024 191 ) (-476 1024 204 ) (-481.777740 1024 208 ) 
4 92 120 (-489 1024 213 ) (-615 1024 213 ) (-622.222229 1024 208 ) (-481.777740 1024 208 ) 
4 92 95 (-637 1920 191 ) (-467 1920 191 ) (-467 1024 191 ) (-637 1024 191 ) 
4 93 141 (-656 1024 191 ) (-643 1024 191 ) (-643 1024 208 ) (-656 1024 208 ) 
4 93 142 (-1024 1024 208 ) (-1024 1024 191 ) (-656 1024 191 ) (-656 1024 208 ) 
4 93 140 (-643 1024 191 ) (-640 1024 191 ) (-640 1024 208 ) (-643 1024 208 ) 
4 93 121 (-640 1024 213 ) (-1024 1024 213 ) (-1024 1024 208 ) (-640 1024 208 ) 
4 93 110 (-1024 1024 191 ) (-1024 1024 213 ) (-1024 1920 213 ) (-1024 1920 191 ) 
4 93 96 (-1024 1920 191 ) (-643 1920 191 ) (-643 1024 191 ) (-1024 1024 191 ) 
4 94 136 (-448 1024 191 ) (-461 1024 191 ) (-461 1024 176 ) (-448 1024 176 ) 
4 94 135 (0 1024 176 ) (0 1024 191 ) (-448 1024 191 ) (-448 1024 176 ) 
4 94 97 (0 1024 176 ) (-448 1024 176 ) (-448 1920 176 ) (0 1920 176 ) 
4 95 139 (-467 1024 191 ) (-637 1024 191 ) (-640 1024 176 ) (-464 1024 176 ) 
4 95 98 (-464 1024 176 ) (-640 1024 176 ) (-640 1920 176 ) (-464 1920 176 ) 
4 96 141 (-643 1024 191 ) (-656 1024 191 ) (-656 1024 176 ) (-643 1024 176 ) 
4 96 142 (-656 1024 191 ) (-1024 1024 191 ) (-1024 1024 176 ) (-656 1024 176 ) 
4 96 110 (-1024 1024 176 ) (-1024 1024 191 ) (-1024 1920 191 ) (-1024 1920 176 ) 
4 96 99 (-656 1024 176 ) (-1024 1024 176 ) (-1024 1920 176 ) (-656 1920 176 ) 
4 97 144 (0 1024 64 ) (0 1024 80 ) (-448 1024 80 ) (-448 1024 64 ) 
4 97 135 (0 1024 80 ) (0 1024 176 ) (-448 1024 176 ) (-448 1024 80 ) 
4 97 104 (0 1920 64 ) (0 1024 64 ) (-448 1024 64 ) (-448 1920 64 ) 
4 98 145 (-640 1024 80 ) (-640 1024 64 ) (-464 1024 64 ) (-464 1024 80 ) 
4 98 139 (-464 1024 176 ) (-640 1024 176 ) (-640 1024 80 ) (-464 1024 80 ) 
4 98 106 (-464 1024 64 ) (-640 1024 64 ) (-640 1920 64 ) (-464 1920 64 ) 
4 99 146 (-1024 1024 80 ) (-1024 1024 64 ) (-656 1024 64 ) (-656 1024 80 ) 
4 99 142 (-656 1024 176 ) (-1024 1024 176 ) (-1024 1024 80 ) (-656 1024 80 ) 
4 99 110 (-1024 1024 64 ) (-1024 1024 176 ) (-1024 1920 176 ) (-1024 1920 64 ) 
4 99 108 (-656 1024 64 ) (-1024 1024 64 ) (-1024 1920 64 ) (-656 1920 64 ) 
4 100 104 (0 1920 -992 ) (0 1920 64 ) (-448 1920 64 ) (-448 1920 -992 ) 
4 100 102 (-448 1928 -992 ) (-448 1920 -992 ) (-448 1920 16 ) (-448 1928 16 ) 
4 100 101 (-448 2016 64 ) (-448 2016 -992 ) (-448 1928 -992 ) (-448 1928 64 ) 
4 101 102 (-656 1928 16 ) (-656 1928 -992 ) (-448 1928 -992 ) (-448 1928 16 ) 
4 101 103 (-656 2016 64 ) (-656 2016 -992 ) (-656 1928 -992 ) (-656 1928 64 ) 
4 102 109 (-656 1920 16 ) (-656 1920 -992 ) (-640 1920 -992 ) (-640 1920 16 ) 
4 102 107 (-640 1920 -992 ) (-464 1920 -992 ) (-464 1920 16 ) (-640 1920 16 ) 
4 102 105 (-464 1920 -992 ) (-448 1920 -992 ) (-448 1920 16 ) (-464 1920 16 ) 
4 102 103 (-656 1928 -992 ) (-656 1920 -992 ) (-656 1920 16 ) (-656 1928 16 ) 
4 103 110 (-1024 1920 -992 ) (-1024 1920 64 ) (-1024 2016 64 ) (-1024 2016 -992 ) 
4 103 109 (-1024 1920 16 ) (-1024 1920 -992 ) (-656 1920 -992 ) (-656 1920 16 ) 
4 103 108 (-656 1920 64 ) (-1024 1920 64 ) (-1024 1920 16 ) (-656 1920 16 ) 
4 104 184 (0 1024 -992 ) (0 1024 16 ) (-448 1024 16 ) (-448 1024 -992 ) 
4 104 154 (0 1024 16 ) (0 1024 32 ) (-448 1024 32 ) (-448 1024 16 ) 
4 104 150 (0 1024 32 ) (0 1024 64 ) (-448 1024 64 ) (-448 1024 32 ) 
4 104 105 (-448 1920 16 ) (-448 1920 -992 ) (-448 1024 -992 ) (-448 1024 16 ) 
4 105 184 (-464 1024 16 ) (-464 1024 -992 ) (-448 1024 -992 ) (-448 1024 16 ) 
4 105 107 (-464 1920 16 ) (-464 1920 -992 ) (-464 1024 -992 ) (-464 1024 16 ) 
4 106 155 (-464 1024 24 ) (-464 1024 64 ) (-640 1024 64 ) (-640 1024 24 ) 
4 107 184 (-464 1024 -992 ) (-464 1024 16 ) (-640 1024 16 ) (-640 1024 -992 ) 
4 107 109 (-640 1920 16 ) (-640 1920 -992 ) (-640 1024 -992 ) (-640 1024 16 ) 
4 108 159 (-656 1024 64 ) (-1024 1024 64 ) (-1024 1024 16 ) (-656 1024 16 ) 
4 108 110 (-1024 1024 16 ) (-1024 1024 64 ) (-1024 1920 64 ) (-1024 1920 16 ) 
4 108 109 (-1024 1024 16 ) (-1024 1920 16 ) (-656 1920 16 ) (-656 1024 16 ) 
4 109 184 (-640 1024 -992 ) (-640 1024 16 ) (-1024 1024 16 ) (-1024 1024 -992 ) 
4 109 110 (-1024 1024 -992 ) (-1024 1024 16 ) (-1024 1920 16 ) (-1024 1920 -992 ) 
4 110 219 (-1024 1024 -992 ) (-1024 1024 16 ) (-2048 1024 16 ) (-2048 1024 -992 ) 
4 110 214 (-1024 1024 16 ) (-1024 1024 32 ) (-2048 1024 32 ) (-2048 1024 16 ) 
4 110 206 (-1024 1024 32 ) (-1024 1024 64 ) (-2048 1024 64 ) (-2048 1024 32 ) 
4 110 199 (-1024 1024 64 ) (-1024 1024 80 ) (-2048 1024 80 ) (-2048 1024 64 ) 
4 110 198 (-1024 1024 80 ) (-1024 1024 208 ) (-2048 1024 208 ) (-2048 1024 80 ) 
4 110 192 (-1024 1024 208 ) (-1024 1024 251 ) (-2048 1024 251 ) (-2048 1024 208 ) 
4 110 186 (-1024 1024 251 ) (-1024 1024 272 ) (-2048 1024 272 ) (-2048 1024 251 ) 
4 110 185 (-1024 1024 272 ) (-1024 1024 2016 ) (-2048 1024 2016 ) (-2048 1024 272 ) 
4 110 111 (-2048 1024 -992 ) (-2048 1024 2016 ) (-2048 2016 2016 ) (-2048 2016 -992 ) 
4 111 261 (-2048 1024 -992 ) (-2048 1024 16 ) (-3072 1024 16 ) (-3072 1024 -992 ) 
4 111 260 (-2048 1024 16 ) (-2048 1024 24 ) (-3072 1024 24 ) (-3072 1024 16 ) 
4 111 256 (-2048 1024 24 ) (-2048 1024 32 ) (-3072 1024 32 ) (-3072 1024 24 ) 
4 111 244 (-2048 1024 32 ) (-2048 1024 64 ) (-3072 1024 64 ) (-3072 1024 32 ) 
4 111 239 (-2048 1024 64 ) (-2048 1024 80 ) (-3072 1024 80 ) (-3072 1024 64 ) 
4 111 238 (-2048 1024 80 ) (-2048 1024 208 ) (-3072 1024 208 ) (-3072 1024 80 ) 
4 111 225 (-2048 1024 208 ) (-2048 1024 272 ) (-3072 1024 272 ) (-3072 1024 208 ) 
4 111 224 (-2048 1024 272 ) (-2048 1024 2016 ) (-3072 1024 2016 ) (-3072 1024 272 ) 
4 111 112 (-3072 1024 -992 ) (-3072 1024 2016 ) (-3072 2016 2016 ) (-3072 2016 -992 ) 
4 112 291 (-3592 1024 2016 ) (-4064 1024 2016 ) (-4064 1024 -992 ) (-3592 1024 -992 ) 
4 112 288 (-3584 1024 2016 ) (-3592 1024 2016 ) (-3592 1024 -992 ) (-3584 1024 -992 ) 
4 112 287 (-3072 1024 -992 ) (-3072 1024 16 ) (-3584 1024 16 ) (-3584 1024 -992 ) 
4 112 275 (-3072 1024 16 ) (-3072 1024 32 ) (-3584 1024 32 ) (-3584 1024 16 ) 
4 112 274 (-3072 1024 32 ) (-3072 1024 64 ) (-3584 1024 64 ) (-3584 1024 32 ) 
4 112 270 (-3072 1024 64 ) (-3072 1024 80 ) (-3584 1024 80 ) (-3584 1024 64 ) 
4 112 269 (-3072 1024 80 ) (-3072 1024 208 ) (-3584 1024 208 ) (-3584 1024 80 ) 
4 112 267 (-3072 1024 208 ) (-3072 1024 251 ) (-3584 1024 251 ) (-3584 1024 208 ) 
4 112 264 (-3072 1024 251 ) (-3072 1024 272 ) (-3584 1024 272 ) (-3584 1024 251 ) 
4 112 263 (-3072 1024 272 ) (-3072 1024 2016 ) (-3584 1024 2016 ) (-3584 1024 272 ) 
4 113 192 (-1024 1024 251 ) (-1024 1024 221 ) (-1024 254 221 ) (-1024 254 251 ) 
4 113 186 (-1024 1024 272 ) (-1024 1024 251 ) (-1024 254 251 ) (-1024 254 272 ) 
4 113 185 (-1024 1024 2016 ) (-1024 1024 272 ) (-1024 254 272 ) (-1024 254 2016 ) 
4 113 123 (0 254 251 ) (0 254 272 ) (-1024 254 272 ) (-1024 254 251 ) 
4 113 122 (0 254 272 ) (0 254 2016 ) (-1024 254 2016 ) (-1024 254 272 ) 
4 113 114 (0 254 221 ) (-480 254 221 ) (-480 1024 221 ) (0 1024 221 ) 
4 113 115 (-624 254 221 ) (-1024 254 221 ) (-1024 1024 221 ) (-624 1024 221 ) 
4 114 116 (0 254 216 ) (-480 254 216 ) (-480 1024 216 ) (0 1024 216 ) 
4 115 192 (-1024 1024 221 ) (-1024 1024 216 ) (-1024 254 216 ) (-1024 254 221 ) 
4 115 118 (-624 254 216 ) (-1024 254 216 ) (-1024 1024 216 ) (-624 1024 216 ) 
4 116 119 (0 254 213 ) (-464 254 213 ) (-464 1024 213 ) (0 1024 213 ) 
5 117 134 (-504 254 216 ) (-600 254 216 ) (-615 254 213.001862 ) (-615 254 213 ) (-489 254 213 ) 
4 117 120 (-489 254 213 ) (-615 254 213 ) (-615 1024 213 ) (-489 1024 213 ) 
4 118 192 (-1024 1024 216 ) (-1024 1024 213 ) (-1024 254 213 ) (-1024 254 216 ) 
4 118 121 (-640 254 213 ) (-1024 254 213 ) (-1024 1024 213 ) (-640 1024 213 ) 
4 119 137 (-464 1024 208 ) (-461 1024 208 ) (-461 259 208 ) (-464 259 208 ) 
4 119 136 (-461 1024 208 ) (-448 1024 208 ) (-448 259 208 ) (-461 259 208 ) 
4 119 135 (-448 1024 208 ) (0 1024 208 ) (0 259 208 ) (-448 259 208 ) 
4 120 138 (-622.222290 1024 208 ) (-481.777771 1024 208 ) (-481.777771 254 208 ) (-622.222290 254 208 ) 
4 120 134 (-622 254 208 ) (-481.777771 254 208 ) (-489 254 213 ) (-615 254 213 ) 
4 121 192 (-1024 1024 213 ) (-1024 1024 208 ) (-1024 254 208 ) (-1024 254 213 ) 
4 121 141 (-656 1024 208 ) (-643 1024 208 ) (-643 259 208 ) (-656 259 208 ) 
4 121 142 (-1024 259 208 ) (-1024 1024 208 ) (-656 1024 208 ) (-656 259 208 ) 
4 121 140 (-643 1024 208 ) (-640 1024 208 ) (-640 259 208 ) (-643 259 208 ) 
4 122 220 (0 0 272 ) (0 0 2016 ) (-1024 0 2016 ) (-1024 0 272 ) 
4 122 185 (-1024 0 272 ) (-1024 0 2016 ) (-1024 254 2016 ) (-1024 254 272 ) 
4 122 128 (-1024 0 272 ) (-1024 24 272 ) (0 24 272 ) (0 0 272 ) 
4 122 123 (-1024 230 272 ) (-1024 254 272 ) (0 254 272 ) (0 230 272 ) 
4 123 186 (-1024 230 272 ) (-1024 254 272 ) (-1024 254 251 ) (-1024 230 251 ) 
4 124 129 (-128 207 251 ) (0 207 251 ) (0 144 251 ) (-128 144 251 ) 
4 124 127 (-128 144 266.068176 ) (-128 170.990463 263.001068 ) (-128 206.993668 251 ) (-128 144 251 ) 
4 124 125 (-128 144 266.068176 ) (-128 144 251 ) (0 144 251 ) (0 144 266.068176 ) 
4 125 130 (0 144 251 ) (0 128 251 ) (-128 128 251 ) (-128 144 251 ) 
4 125 126 (-128 128 267.886322 ) (-128 128 251 ) (0 128 251 ) (0 128 267.886322 ) 
4 125 127 (-128 128 267.886353 ) (-128 144 266.068176 ) (-128 144 251 ) (-128 128 251 ) 
4 126 132 (0 128 251 ) (0 47 251 ) (-128 47 251 ) (-128 128 251 ) 
5 126 127 (-128 46.996716 251 ) (-128 82.996094 263 ) (-128 126.996872 268 ) (-128 128 267.886353 ) (-128 128 251 ) 
5 127 187 (-1024 127 268 ) (-1024 171 263 ) (-1024 207 251 ) (-1024 47 251 ) (-1024 83 263 ) 
4 127 133 (-1024 47 251 ) (-1024 207 251 ) (-128 207 251 ) (-128 47 251 ) 
4 128 220 (0 0 251 ) (0 0 272 ) (-1024 0 272 ) (-1024 0 251 ) 
4 128 191 (-1024 0 251 ) (-1024 0 272 ) (-1024 24 272 ) (-1024 24 251 ) 
4 129 143 (-128 243 208 ) (0 243 208 ) (0 144 208 ) (-128 144 208 ) 
4 129 131 (-128 144 240 ) (-128 144 208 ) (0 144 208 ) (0 144 240 ) 
4 129 130 (-128 144 251 ) (-128 144 240 ) (0 144 240 ) (0 144 251 ) 
5 129 133 (-128 144 251 ) (-128 207.007965 251 ) (-128 233.996719 231.008331 ) (-128 243 208 ) (-128 144 208 ) 
4 130 133 (-128 128 251 ) (-128 144 251 ) (-128 144 240 ) (-128 128 240 ) 
4 130 132 (-128 128 251 ) (-128 128 240 ) (0 128 240 ) (0 128 251 ) 
4 130 131 (0 128 240 ) (-128 128 240 ) (-128 144 240 ) (0 144 240 ) 
4 131 143 (0 144 208 ) (0 128 208 ) (-128 128 208 ) (-128 144 208 ) 
4 131 133 (-128 144 240 ) (-128 144 208 ) (-128 128 208 ) (-128 128 240 ) 
4 131 132 (-128 128 240 ) (-128 128 208 ) (0 128 208 ) (0 128 240 ) 
4 132 143 (0 128 208 ) (0 11 208 ) (-128 11 208 ) (-128 128 208 ) 
5 132 133 (-128 10.998047 208 ) (-128 19.998047 231.003906 ) (-128 46.994606 251 ) (-128 128 251 ) (-128 128 208 ) 
6 133 193 (-1024 20 231 ) (-1024 47 251 ) (-1024 207 251 ) (-1024 234 231 ) (-1024 243 208 ) (-1024 11 208 ) 
4 133 143 (-1024 11 208 ) (-1024 243 208 ) (-128 243 208 ) (-128 11 208 ) 
6 133 134 (-481.777039 243 208 ) (-622 243 208 ) (-615 241.044449 213 ) (-600 239.870544 216 ) (-504 239.870544 216 ) (-489 241.044464 213 ) 
4 134 138 (-622 254 208 ) (-481.776978 254 208 ) (-481.777039 243 208 ) (-622 243 208 ) 
4 135 144 (-448 1024 80 ) (0 1024 80 ) (0 259 80 ) (-448 259 80 ) 
4 135 136 (-448 259 176 ) (-448 259 208 ) (-448 1024 208 ) (-448 1024 176 ) 
4 136 137 (-461 259 191 ) (-461 259 208 ) (-461 1024 208 ) (-461 1024 191 ) 
6 138 143 (-476 243 204 ) (-481.775024 243 208 ) (-622.222290 243 208 ) (-628 243 204 ) (-637 243 191 ) (-467 243 191 ) 
4 138 139 (-637 1024 191 ) (-467 1024 191 ) (-467 243 191 ) (-637 243 191 ) 
4 139 145 (-640 1024 80 ) (-464 1024 80 ) (-464 243 80 ) (-640 243 80 ) 
6 139 143 (-640 243 80 ) (-464 243 80 ) (-464 243 176 ) (-467 243 191 ) (-637 243 191 ) (-640 243 176 ) 
4 140 141 (-643 259 208 ) (-643 1024 208 ) (-643 1024 191 ) (-643 259 191 ) 
4 141 142 (-656 259 176 ) (-656 259 208 ) (-656 1024 208 ) (-656 1024 176 ) 
4 142 198 (-1024 259 208 ) (-1024 1024 208 ) (-1024 1024 80 ) (-1024 259 80 ) 
4 142 146 (-1024 259 80 ) (-1024 1024 80 ) (-656 1024 80 ) (-656 259 80 ) 
4 143 205 (-1024 11 208 ) (-1024 96 208 ) (-1024 96 80 ) (-1024 11 80 ) 
4 143 204 (-1024 96 208 ) (-1024 233 208 ) (-1024 233 80 ) (-1024 96 80 ) 
4 143 200 (-1024 233 208 ) (-1024 243 208 ) (-1024 243 80 ) (-1024 233 80 ) 
4 143 148 (-391 233 80 ) (-391 96 80 ) (-407 96 80 ) (-407 233 80 ) 
4 143 147 (-391 243 80 ) (0 243 80 ) (0 96 80 ) (-391 96 80 ) 
4 143 149 (-1024 96 80 ) (-1024 243 80 ) (-407 243 80 ) (-407 96 80 ) 
4 144 150 (-448 1024 64 ) (0 1024 64 ) (0 259 64 ) (-448 259 64 ) 
4 145 156 (-464 656 64 ) (-464 253 64 ) (-640 253 64 ) (-640 656 64 ) 
4 145 155 (-640 1024 64 ) (-464 1024 64 ) (-464 656 64 ) (-640 656 64 ) 
4 145 157 (-464 253 64 ) (-464 243 64 ) (-640 243 64 ) (-640 253 64 ) 
4 145 149 (-640 243 64 ) (-464 243 64 ) (-464 243 80 ) (-640 243 80 ) 
4 146 199 (-1024 253 80 ) (-1024 1024 80 ) (-1024 1024 64 ) (-1024 253 64 ) 
4 146 159 (-1024 253 64 ) (-1024 1024 64 ) (-656 1024 64 ) (-656 253 64 ) 
4 147 165 (0 201 64 ) (0 144 64 ) (-391 144 64 ) (-391 201 64 ) 
4 147 164 (0 225 64 ) (0 201 64 ) (-391 201 64 ) (-391 225 64 ) 
4 147 166 (0 144 64 ) (0 96 64 ) (-391 96 64 ) (-391 144 64 ) 
4 147 151 (-391 243 64 ) (0 243 64 ) (0 225 64 ) (-391 225 64 ) 
4 147 148 (-391 233 64 ) (-391 96 64 ) (-391 96 80 ) (-391 233 80 ) 
4 148 165 (-391 201 64 ) (-391 144 64 ) (-407 144 64 ) (-407 201 64 ) 
4 148 164 (-391 225 64 ) (-391 201 64 ) (-407 201 64 ) (-407 225 64 ) 
4 148 166 (-391 144 64 ) (-391 96 64 ) (-407 96 64 ) (-407 144 64 ) 
4 148 152 (-391 233 64 ) (-391 225 64 ) (-407 225 64 ) (-407 233 64 ) 
4 148 149 (-407 233 64 ) (-407 96 64 ) (-407 96 80 ) (-407 233 80 ) 
4 149 204 (-1024 96 80 ) (-1024 233 80 ) (-1024 233 64 ) (-1024 96 64 ) 
4 149 201 (-1024 233 80 ) (-1024 243 80 ) (-1024 243 64 ) (-1024 233 64 ) 
4 149 172 (-1024 96 64 ) (-1024 144 64 ) (-640 144 64 ) (-640 96 64 ) 
4 149 171 (-1024 144 64 ) (-1024 201 64 ) (-640 201 64 ) (-640 144 64 ) 
4 149 170 (-1024 201 64 ) (-1024 225 64 ) (-640 225 64 ) (-640 201 64 ) 
4 149 169 (-464 144 64 ) (-464 96 64 ) (-640 96 64 ) (-640 144 64 ) 
4 149 168 (-464 201 64 ) (-464 144 64 ) (-640 144 64 ) (-640 201 64 ) 
4 149 167 (-640 225 64 ) (-464 225 64 ) (-464 201 64 ) (-640 201 64 ) 
4 149 165 (-407 201 64 ) (-407 144 64 ) (-464 144 64 ) (-464 201 64 ) 
4 149 164 (-464 225 64 ) (-407 225 64 ) (-407 201 64 ) (-464 201 64 ) 
4 149 166 (-407 144 64 ) (-407 96 64 ) (-464 96 64 ) (-464 144 64 ) 
4 149 161 (-1024 225 64 ) (-1024 243 64 ) (-656 243 64 ) (-656 225 64 ) 
4 149 158 (-656 243 64 ) (-640 243 64 ) (-640 225 64 ) (-656 225 64 ) 
4 149 157 (-640 243 64 ) (-464 243 64 ) (-464 225 64 ) (-640 225 64 ) 
4 149 153 (-464 243 64 ) (-407 243 64 ) (-407 225 64 ) (-464 225 64 ) 
4 150 154 (-448 1024 32 ) (0 1024 32 ) (0 249 32 ) (-448 249 32 ) 
4 151 164 (0 225 32 ) (0 225 64 ) (-391 225 64 ) (-391 225 32 ) 
3 151 152 (-391 225 32 ) (-391 225 64 ) (-391 233 64 ) 
4 152 164 (-391 225 64 ) (-407 225 64 ) (-407 225 32 ) (-391 225 32 ) 
3 152 153 (-407 225 32 ) (-407 225 64 ) (-407 233 64 ) 
4 153 164 (-407 225 64 ) (-464 225 64 ) (-464 225 32 ) (-407 225 32 ) 
3 153 157 (-464 225 32 ) (-464 225 64 ) (-464 243 64 ) 
4 154 184 (-448 1024 16 ) (0 1024 16 ) (0 225 16 ) (-448 225 16 ) 
4 155 156 (-640 656 64 ) (-640 656 24 ) (-464 656 24 ) (-464 656 64 ) 
4 156 157 (-640 253 64 ) (-640 253 24 ) (-464 253 24 ) (-464 253 64 ) 
4 157 167 (-464 225 32 ) (-464 225 64 ) (-640 225 64 ) (-640 225 32 ) 
4 157 162 (-464 225 24 ) (-464 225 32 ) (-640 225 32 ) (-640 225 24 ) 
3 157 158 (-640 225 32 ) (-640 225 64 ) (-640 243 64 ) 
4 158 170 (-640 225 32 ) (-640 225 64 ) (-656 225 64 ) (-656 225 32 ) 
3 158 161 (-656 225 32 ) (-656 225 64 ) (-656 243 64 ) 
4 159 214 (-1024 1024 32 ) (-1024 1024 16 ) (-1024 249 16 ) (-1024 249 32 ) 
4 159 206 (-1024 249 64 ) (-1024 1024 64 ) (-1024 1024 32 ) (-1024 249 32 ) 
4 159 184 (-1024 249 16 ) (-1024 1024 16 ) (-656 1024 16 ) (-656 249 16 ) 
4 159 160 (-1024 249 16 ) (-656 249 16 ) (-656 249 32 ) (-1024 249 32 ) 
4 160 214 (-1024 249 32 ) (-1024 249 16 ) (-1024 225 16 ) (-1024 225 32 ) 
4 160 184 (-1024 225 16 ) (-1024 249 16 ) (-656 249 16 ) (-656 225 16 ) 
3 161 211 (-1024 233 64 ) (-1024 243 64 ) (-1024 225 32 ) 
3 161 208 (-1024 225 64 ) (-1024 233 64 ) (-1024 225 32 ) 
4 161 170 (-656 225 32 ) (-656 225 64 ) (-1024 225 64 ) (-1024 225 32 ) 
4 162 177 (-464 225 32.001953 ) (-640 225 32.001953 ) (-640 200.994629 24 ) (-464 200.994629 24 ) 
4 163 220 (0 0 32 ) (0 0 64 ) (-1024 0 64 ) (-1024 0 32 ) 
4 163 207 (-1024 0 32 ) (-1024 0 64 ) (-1024 88 64 ) (-1024 88 32 ) 
4 163 173 (-1024 0 32 ) (-1024 88 32 ) (0 88 32 ) (0 0 32 ) 
4 164 174 (-464 224.996094 32 ) (0 224.996094 32 ) (0 201 32 ) (-464 201 32 ) 
4 164 167 (-464 225 64 ) (-464 225 32 ) (-464 201 32 ) (-464 201 64 ) 
4 164 165 (-464 201 64 ) (-464 201 32 ) (0 201 32 ) (0 201 64 ) 
4 165 175 (0 201 32 ) (0 144 32 ) (-464 144 32 ) (-464 201 32 ) 
4 165 168 (-464 201 32 ) (-464 144 32 ) (-464 144 64 ) (-464 201 64 ) 
4 165 166 (-464 144 64 ) (-464 144 32 ) (0 144 32 ) (0 144 64 ) 
4 166 176 (0 144 32 ) (0 112 32 ) (-464 112 32 ) (-464 144 32 ) 
4 166 169 (-464 144 32 ) (-464 112 32 ) (-464 96 64 ) (-464 144 64 ) 
4 167 177 (-640 224.996094 32 ) (-464 224.996094 32 ) (-464 201 32 ) (-640 201 32 ) 
4 167 170 (-640 225 64 ) (-640 225 32 ) (-640 201 32 ) (-640 201 64 ) 
4 167 168 (-640 201 64 ) (-640 201 32 ) (-464 201 32 ) (-464 201 64 ) 
4 168 178 (-464 201 32 ) (-464 144 32 ) (-640 144 32 ) (-640 201 32 ) 
4 168 171 (-640 201 32 ) (-640 144 32 ) (-640 144 64 ) (-640 201 64 ) 
4 168 169 (-640 144 64 ) (-640 144 32 ) (-464 144 32 ) (-464 144 64 ) 
4 169 179 (-464 144 32 ) (-464 112 32 ) (-640 112 32 ) (-640 144 32 ) 
4 169 172 (-640 144 32 ) (-640 112 32 ) (-640 96 64 ) (-640 144 64 ) 
4 170 208 (-1024 201 64 ) (-1024 225 64 ) (-1024 225 32 ) (-1024 201 32 ) 
4 170 180 (-1024 201 32 ) (-1024 224.996094 32 ) (-640 224.996094 32 ) (-640 201 32 ) 
4 170 171 (-1024 201 32 ) (-640 201 32 ) (-640 201 64 ) (-1024 201 64 ) 
4 171 209 (-1024 144 64 ) (-1024 201 64 ) (-1024 201 32 ) (-1024 144 32 ) 
4 171 181 (-1024 144 32 ) (-1024 201 32 ) (-640 201 32 ) (-640 144 32 ) 
4 171 172 (-1024 144 32 ) (-640 144 32 ) (-640 144 64 ) (-1024 144 64 ) 
4 172 210 (-1024 96 64 ) (-1024 144 64 ) (-1024 144 32 ) (-1024 112 32 ) 
4 172 182 (-1024 112 32 ) (-1024 144 32 ) (-640 144 32 ) (-640 112 32 ) 
4 173 220 (0 0 24 ) (0 0 32 ) (-1024 0 32 ) (-1024 0 24 ) 
4 173 215 (-1024 0 24 ) (-1024 0 32 ) (-1024 112 32 ) (-1024 112 24 ) 
4 173 183 (0 0 24 ) (-1024 0 24 ) (-1024 112 24 ) (0 112 24 ) 
3 174 177 (-464 201 24 ) (-464 201 32 ) (-464 225 32 ) 
4 174 175 (-464 201 32 ) (-464 201 24 ) (0 201 24 ) (0 201 32 ) 
4 175 178 (-464 201 24 ) (-464 144 24 ) (-464 144 32 ) (-464 201 32 ) 
4 175 176 (-464 144 32 ) (-464 144 24 ) (0 144 24 ) (0 144 32 ) 
3 176 179 (-464 144 24 ) (-464 112 32 ) (-464 144 32 ) 
3 177 180 (-640 201 24 ) (-640 201 32 ) (-640 225 32 ) 
4 177 178 (-640 201 32 ) (-640 201 24 ) (-464 201 24 ) (-464 201 32 ) 
4 178 181 (-640 201 24 ) (-640 144 24 ) (-640 144 32 ) (-640 201 32 ) 
4 178 179 (-640 144 32 ) (-640 144 24 ) (-464 144 24 ) (-464 144 32 ) 
3 179 182 (-640 144 24 ) (-640 112 32 ) (-640 144 32 ) 
3 180 216 (-1024 201 32 ) (-1024 225 32 ) (-1024 201 24 ) 
4 180 181 (-1024 201 24 ) (-640 201 24 ) (-640 201 32 ) (-1024 201 32 ) 
4 181 217 (-1024 144 32 ) (-1024 201 32 ) (-1024 201 24 ) (-1024 144 24 ) 
4 181 182 (-1024 144 24 ) (-640 144 24 ) (-640 144 32 ) (-1024 144 32 ) 
3 182 218 (-1024 112 32 ) (-1024 144 32 ) (-1024 144 24 ) 
4 183 220 (0 0 16 ) (0 0 24 ) (-1024 0 24 ) (-1024 0 16 ) 
4 183 215 (-1024 0 16 ) (-1024 0 24 ) (-1024 112 24 ) (-1024 112 16 ) 
4 183 184 (0 0 16 ) (-1024 0 16 ) (-1024 112 16 ) (0 112 16 ) 
4 184 220 (0 0 -992 ) (0 0 16 ) (-1024 0 16 ) (-1024 0 -992 ) 
4 184 219 (-1024 0 -992 ) (-1024 0 16 ) (-1024 1024 16 ) (-1024 1024 -992 ) 
4 185 224 (-2048 1024 2016 ) (-2048 1024 272 ) (-2048 0 272 ) (-2048 0 2016 ) 
4 185 221 (-2048 0 2016 ) (-2048 0 272 ) (-1024 0 272 ) (-1024 0 2016 ) 
4 185 186 (-1024 1024 272 ) (-1024 230 272 ) (-2048 230 272 ) (-2048 1024 272 ) 
4 185 191 (-1024 24 272 ) (-1024 0 272 ) (-2048 0 272 ) (-2048 24 272 ) 
4 186 232 (-2048 230 256.295471 ) (-2048 230 272 ) (-2048 254 272 ) (-2048 254 253.568176 ) 
4 186 226 (-2048 254 251 ) (-2048 230 251 ) (-2048 230 256.295471 ) (-2048 254 253.568176 ) 
4 186 225 (-2048 1024 272 ) (-2048 1024 251 ) (-2048 254 251 ) (-2048 254 272 ) 
4 186 192 (-2048 254 251 ) (-2048 1024 251 ) (-1024 1024 251 ) (-1024 254 251 ) 
4 187 193 (-1703 207 251 ) (-1024 207 251 ) (-1024 47 251 ) (-1703 47 251 ) 
4 187 189 (-1703 128 267.886383 ) (-1703 144 266.068207 ) (-1703 144 251 ) (-1703 128 251 ) 
4 187 188 (-1703 144 266.068207 ) (-1703 170.997040 263 ) (-1703 206.998062 251 ) (-1703 144 251 ) 
5 187 190 (-1703 47.002953 251 ) (-1703 83.011719 263.003418 ) (-1703 126.990952 268.001038 ) (-1703 128 267.886383 ) (-1703 128 251 ) 
4 188 227 (-2048 207 251 ) (-2048 144 251 ) (-2048 144 266.068176 ) (-2048 171 263 ) 
4 188 194 (-2048 144 251 ) (-2048 207 251 ) (-1703 207 251 ) (-1703 144 251 ) 
4 188 189 (-2048 144 251 ) (-1703 144 251 ) (-1703 144 266.066406 ) (-2048 144 266.066406 ) 
4 189 228 (-2048 144 251 ) (-2048 128 251 ) (-2048 128 267.886353 ) (-2048 144 266.068176 ) 
4 189 195 (-2048 128 251 ) (-2048 144 251 ) (-1703 144 251 ) (-1703 128 251 ) 
4 189 190 (-2048 128 251 ) (-1703 128 251 ) (-1703 128 267.886719 ) (-2048 128 267.886719 ) 
5 190 230 (-2048 128 251 ) (-2048 47 251 ) (-2048 83 263 ) (-2048 127 268 ) (-2048 128 267.886353 ) 
4 190 197 (-2048 47 251 ) (-2048 128 251 ) (-1703 128 251 ) (-1703 47 251 ) 
4 191 231 (-2048 24 251 ) (-2048 0 251 ) (-2048 0 272 ) (-2048 24 272 ) 
4 191 221 (-2048 0 272 ) (-2048 0 251 ) (-1024 0 251 ) (-1024 0 272 ) 
4 192 225 (-2048 1024 251 ) (-2048 1024 208 ) (-2048 254 208 ) (-2048 254 251 ) 
4 192 198 (-2048 259 208 ) (-2048 1024 208 ) (-1024 1024 208 ) (-1024 259 208 ) 
4 193 205 (-1024 96 208 ) (-1024 11 208 ) (-1703 11 208 ) (-1703 96 208 ) 
4 193 204 (-1024 233 208 ) (-1024 96 208 ) (-1703 96 208 ) (-1703 233 208 ) 
4 193 200 (-1703 243 208 ) (-1024 243 208 ) (-1024 233 208 ) (-1703 233 208 ) 
4 193 196 (-1703 144 240 ) (-1703 144 208 ) (-1703 128 208 ) (-1703 128 240 ) 
4 193 195 (-1703 128 251 ) (-1703 144 251 ) (-1703 144 240 ) (-1703 128 240 ) 
5 193 194 (-1703 144 251 ) (-1703 207.007996 251 ) (-1703 233.996735 231.008331 ) (-1703 243 208 ) (-1703 144 208 ) 
5 193 197 (-1703 10.998047 208 ) (-1703 19.998047 231.003906 ) (-1703 46.994606 251 ) (-1703 128 251 ) (-1703 128 208 ) 
5 194 233 (-2048 243 208 ) (-2048 144 208 ) (-2048 144 251 ) (-2048 207 251 ) (-2048 234 231 ) 
4 194 204 (-2048 144 208 ) (-2048 233 208 ) (-1703 233 208 ) (-1703 144 208 ) 
4 194 200 (-2048 233 208 ) (-2048 243 208 ) (-1703 243 208 ) (-1703 233 208 ) 
4 194 196 (-2048 144 208 ) (-1703 144 208 ) (-1703 144 240 ) (-2048 144 240 ) 
4 194 195 (-1703 144 240 ) (-1703 144 251 ) (-2048 144 251 ) (-2048 144 240 ) 
4 195 234 (-2048 128 240 ) (-2048 128 251 ) (-2048 144 251 ) (-2048 144 240 ) 
4 195 197 (-1703 128 240 ) (-1703 128 251 ) (-2048 128 251 ) (-2048 128 240 ) 
4 195 196 (-1703 128 240 ) (-2048 128 240 ) (-2048 144 240 ) (-1703 144 240 ) 
4 196 236 (-2048 144 208 ) (-2048 128 208 ) (-2048 128 240 ) (-2048 144 240 ) 
4 196 204 (-2048 128 208 ) (-2048 144 208 ) (-1703 144 208 ) (-1703 128 208 ) 
4 196 197 (-2048 128 208 ) (-1703 128 208 ) (-1703 128 240 ) (-2048 128 240 ) 
5 197 237 (-2048 128 208 ) (-2048 11 208 ) (-2048 20 231 ) (-2048 47 251 ) (-2048 128 251 ) 
4 197 205 (-2048 11 208 ) (-2048 96 208 ) (-1703 96 208 ) (-1703 11 208 ) 
4 197 204 (-2048 96 208 ) (-2048 128 208 ) (-1703 128 208 ) (-1703 96 208 ) 
4 198 238 (-2048 1024 208 ) (-2048 1024 80 ) (-2048 259 80 ) (-2048 259 208 ) 
4 198 199 (-2048 259 80 ) (-2048 1024 80 ) (-1024 1024 80 ) (-1024 259 80 ) 
4 199 239 (-2048 1024 80 ) (-2048 1024 64 ) (-2048 253 64 ) (-2048 253 80 ) 
4 199 206 (-1024 1024 64 ) (-1024 253 64 ) (-2048 253 64 ) (-2048 1024 64 ) 
4 200 240 (-2048 233 80 ) (-2048 233 208 ) (-2048 243 208 ) (-2048 243 80 ) 
4 200 204 (-1024 233 80 ) (-1024 233 208 ) (-2048 233 208 ) (-2048 233 80 ) 
4 200 203 (-1879 233 80 ) (-2048 233 80 ) (-2048 243 80 ) (-1879 243 80 ) 
4 200 201 (-1024 233 80 ) (-1127 233 80 ) (-1127 243 80 ) (-1024 243 80 ) 
4 200 202 (-1143 233 80 ) (-1863 233 80 ) (-1863 243 80 ) (-1143 243 80 ) 
4 201 211 (-1024 243 64 ) (-1024 233 64 ) (-1127 233 64 ) (-1127 243 64 ) 
4 201 204 (-1127 233 64 ) (-1024 233 64 ) (-1024 233 80 ) (-1127 233 80 ) 
4 202 212 (-1143 233 64 ) (-1863 233 64 ) (-1863 243 64 ) (-1143 243 64 ) 
4 202 204 (-1863 233 64 ) (-1143 233 64 ) (-1143 233 80 ) (-1863 233 80 ) 
4 203 241 (-2048 243 64 ) (-2048 233 64 ) (-2048 233 80 ) (-2048 243 80 ) 
4 203 213 (-1879 233 64 ) (-2048 233 64 ) (-2048 243 64 ) (-1879 243 64 ) 
4 203 204 (-2048 233 64 ) (-1879 233 64 ) (-1879 233 80 ) (-2048 233 80 ) 
4 204 243 (-2048 233 64 ) (-2048 96 64 ) (-2048 96 80 ) (-2048 233 80 ) 
4 204 240 (-2048 96 80 ) (-2048 96 208 ) (-2048 233 208 ) (-2048 233 80 ) 
4 204 210 (-1024 144 64 ) (-1024 96 64 ) (-2048 96 64 ) (-2048 144 64 ) 
4 204 209 (-1024 201 64 ) (-1024 144 64 ) (-2048 144 64 ) (-2048 201 64 ) 
4 204 208 (-1024 233 64 ) (-1024 201 64 ) (-2048 201 64 ) (-2048 233 64 ) 
4 204 205 (-1024 96 80 ) (-1024 96 208 ) (-2048 96 208 ) (-2048 96 80 ) 
4 205 240 (-2048 11 80 ) (-2048 11 208 ) (-2048 96 208 ) (-2048 96 80 ) 
4 206 244 (-2048 1024 64 ) (-2048 1024 32 ) (-2048 249 32 ) (-2048 249 64 ) 
4 206 214 (-2048 249 32 ) (-2048 1024 32 ) (-1024 1024 32 ) (-1024 249 32 ) 
4 207 245 (-2048 88 32 ) (-2048 0 32 ) (-2048 0 64 ) (-2048 88 64 ) 
4 207 221 (-2048 0 64 ) (-2048 0 32 ) (-1024 0 32 ) (-1024 0 64 ) 
4 207 215 (-1024 0 32 ) (-2048 0 32 ) (-2048 88 32 ) (-1024 88 32 ) 
4 208 246 (-2048 225 32 ) (-2048 201 32 ) (-2048 201 64 ) (-2048 233 64 ) 
4 208 216 (-2048 201 32 ) (-2048 225 32 ) (-1024 225 32 ) (-1024 201 32 ) 
4 208 212 (-1143 225 32.003906 ) (-1863 225 32.003906 ) (-1863 233 64 ) (-1143 233 64 ) 
4 208 213 (-1879 225 32.003906 ) (-2048 225 32.003906 ) (-2048 233 64 ) (-1879 233 64 ) 
4 208 211 (-1024 225 32.003906 ) (-1127 225 32.003906 ) (-1127 233 64 ) (-1024 233 64 ) 
4 208 209 (-2048 201 32 ) (-1024 201 32 ) (-1024 201 64 ) (-2048 201 64 ) 
4 209 247 (-2048 201 32 ) (-2048 144 32 ) (-2048 144 64 ) (-2048 201 64 ) 
4 209 217 (-2048 144 32 ) (-2048 201 32 ) (-1024 201 32 ) (-1024 144 32 ) 
4 209 210 (-2048 144 32 ) (-1024 144 32 ) (-1024 144 64 ) (-2048 144 64 ) 
4 210 248 (-2048 144 32 ) (-2048 112 32 ) (-2048 96 64 ) (-2048 144 64 ) 
4 210 218 (-2048 112 32 ) (-2048 144 32 ) (-1024 144 32 ) (-1024 112 32 ) 
3 213 246 (-2048 225 32 ) (-2048 233 64 ) (-2048 243 64 ) 
4 214 260 (-2048 1024 24 ) (-2048 1024 16 ) (-2048 225 16 ) (-2048 225 24 ) 
4 214 256 (-2048 1024 32 ) (-2048 1024 24 ) (-2048 225 24 ) (-2048 225 32 ) 
4 214 219 (-1024 1024 16 ) (-1024 225 16 ) (-2048 225 16 ) (-2048 1024 16 ) 
4 215 255 (-2048 112 16 ) (-2048 0 16 ) (-2048 0 32 ) (-2048 112 32 ) 
4 215 221 (-2048 0 32 ) (-2048 0 16 ) (-1024 0 16 ) (-1024 0 32 ) 
4 215 219 (-1024 112 16 ) (-1024 0 16 ) (-2048 0 16 ) (-2048 112 16 ) 
3 216 257 (-2048 201 32 ) (-2048 225 32 ) (-2048 201 24 ) 
4 216 217 (-2048 201 24 ) (-1024 201 24 ) (-1024 201 32 ) (-2048 201 32 ) 
4 217 258 (-2048 144 24 ) (-2048 144 32 ) (-2048 201 32 ) (-2048 201 24 ) 
4 217 218 (-2048 144 24 ) (-1024 144 24 ) (-1024 144 32 ) (-2048 144 32 ) 
3 218 259 (-2048 144 24 ) (-2048 112 32 ) (-2048 144 32 ) 
4 219 261 (-2048 1024 16 ) (-2048 1024 -992 ) (-2048 0 -992 ) (-2048 0 16 ) 
4 219 221 (-2048 0 16 ) (-2048 0 -992 ) (-1024 0 -992 ) (-1024 0 16 ) 
4 220 222 (0 -1024 -992 ) (0 -1024 2016 ) (-1024 -1024 2016 ) (-1024 -1024 -992 ) 
4 220 221 (-1024 0 2016 ) (-1024 0 -992 ) (-1024 -1024 -992 ) (-1024 -1024 2016 ) 
4 221 262 (-2048 -1024 -992 ) (-2048 -1024 2016 ) (-2048 0 2016 ) (-2048 0 -992 ) 
4 221 223 (-1024 -1024 -992 ) (-1024 -1024 2016 ) (-2048 -1024 2016 ) (-2048 -1024 -992 ) 
4 222 223 (-1024 -2016 2016 ) (-1024 -1024 2016 ) (-1024 -1024 -992 ) (-1024 -2016 -992 ) 
4 223 293 (-2048 -2016 2016 ) (-2048 -1024 2016 ) (-2048 -1024 -992 ) (-2048 -2016 -992 ) 
4 224 263 (-3072 1024 2016 ) (-3072 1024 272 ) (-3072 0 272 ) (-3072 0 2016 ) 
4 224 262 (-2048 0 272 ) (-2048 0 2016 ) (-3072 0 2016 ) (-3072 0 272 ) 
4 224 232 (-3072 230 272 ) (-3072 254 272 ) (-2048 254 272 ) (-2048 230 272 ) 
4 224 231 (-3072 0 272 ) (-3072 24 272 ) (-2048 24 272 ) (-2048 0 272 ) 
4 224 225 (-3072 254 272 ) (-3072 1024 272 ) (-2048 1024 272 ) (-2048 254 272 ) 
4 225 267 (-3072 1024 251 ) (-3072 1024 208 ) (-3072 254 208 ) (-3072 254 251 ) 
4 225 264 (-3072 1024 272 ) (-3072 1024 251 ) (-3072 254 251 ) (-3072 254 272 ) 
4 225 238 (-3072 259 208 ) (-3072 1024 208 ) (-2048 1024 208 ) (-2048 259 208 ) 
4 225 232 (-2048 254 253.568176 ) (-2048 254 272 ) (-3072 254 272 ) (-3072 254 253.568176 ) 
4 225 226 (-2048 254 251 ) (-2048 254 253.568176 ) (-3072 254 253.568176 ) (-3072 254 251 ) 
4 226 264 (-3072 230 256.295441 ) (-3072 254 253.568176 ) (-3072 254 251 ) (-3072 230 251 ) 
4 226 232 (-2048 254 253.567673 ) (-3072 254 253.567673 ) (-3072 230 256.294952 ) (-2048 230 256.294952 ) 
4 227 265 (-3072 144 266.068176 ) (-3072 171 263 ) (-3072 207 251 ) (-3072 144 251 ) 
4 227 233 (-3072 144 251 ) (-3072 207 251 ) (-2048 207 251 ) (-2048 144 251 ) 
4 227 229 (-3072 144 251 ) (-2352 144 251 ) (-2352 144 266.067322 ) (-3072 144 266.067322 ) 
4 227 228 (-2352 144 251 ) (-2048 144 251 ) (-2048 144 266.067322 ) (-2352 144 266.067322 ) 
4 228 234 (-2352 144 251 ) (-2048 144 251 ) (-2048 128 251 ) (-2352 128 251 ) 
4 228 230 (-2352 128 251 ) (-2048 128 251 ) (-2048 128 267.886505 ) (-2352 128 267.886505 ) 
4 228 229 (-2352 144 266.068176 ) (-2352 144 251 ) (-2352 128 251 ) (-2352 128 267.886719 ) 
4 229 265 (-3072 128 267.886353 ) (-3072 144 266.068176 ) (-3072 144 251 ) (-3072 128 251 ) 
4 229 235 (-3072 128 251 ) (-3072 144 251 ) (-2352 144 251 ) (-2352 128 251 ) 
4 229 230 (-3072 128 251 ) (-2352 128 251 ) (-2352 128 267.886505 ) (-3072 128 267.886505 ) 
5 230 265 (-3072 127 268 ) (-3072 128 267.886353 ) (-3072 128 251 ) (-3072 47 251 ) (-3072 83 263 ) 
4 230 237 (-3072 47 251 ) (-3072 128 251 ) (-2048 128 251 ) (-2048 47 251 ) 
4 231 266 (-3072 0 251 ) (-3072 0 272 ) (-3072 24 272 ) (-3072 24 251 ) 
4 231 262 (-2048 0 251 ) (-2048 0 272 ) (-3072 0 272 ) (-3072 0 251 ) 
4 232 264 (-3072 230 272 ) (-3072 254 272 ) (-3072 254 253.568176 ) (-3072 230 256.295441 ) 
5 233 268 (-3072 243 208 ) (-3072 144 208 ) (-3072 144 251 ) (-3072 207 251 ) (-3072 234 231 ) 
4 233 240 (-3072 144 208 ) (-3072 243 208 ) (-2048 243 208 ) (-2048 144 208 ) 
4 233 235 (-2352 144 251 ) (-3072 144 251 ) (-3072 144 240 ) (-2352 144 240 ) 
4 233 234 (-2048 144 240 ) (-2048 144 251 ) (-2352 144 251 ) (-2352 144 240 ) 
4 233 236 (-3072 144 208 ) (-2048 144 208 ) (-2048 144 240 ) (-3072 144 240 ) 
4 234 236 (-2048 128 240 ) (-2352 128 240 ) (-2352 144 240 ) (-2048 144 240 ) 
4 234 237 (-2048 128 240 ) (-2048 128 251 ) (-2352 128 251 ) (-2352 128 240 ) 
4 234 235 (-2352 144 251 ) (-2352 144 240 ) (-2352 128 240 ) (-2352 128 251 ) 
4 235 268 (-3072 128 240 ) (-3072 128 251 ) (-3072 144 251 ) (-3072 144 240 ) 
4 235 236 (-2352 128 240 ) (-3072 128 240 ) (-3072 144 240 ) (-2352 144 240 ) 
4 235 237 (-2352 128 251 ) (-3072 128 251 ) (-3072 128 240 ) (-2352 128 240 ) 
4 236 268 (-3072 144 208 ) (-3072 128 208 ) (-3072 128 240 ) (-3072 144 240 ) 
4 236 240 (-3072 128 208 ) (-3072 144 208 ) (-2048 144 208 ) (-2048 128 208 ) 
4 236 237 (-3072 128 208 ) (-2048 128 208 ) (-2048 128 240 ) (-3072 128 240 ) 
5 237 268 (-3072 128 208 ) (-3072 11 208 ) (-3072 20 231 ) (-3072 47 251 ) (-3072 128 251 ) 
4 237 240 (-3072 11 208 ) (-3072 128 208 ) (-2048 128 208 ) (-2048 11 208 ) 
4 238 269 (-3072 1024 208 ) (-3072 1024 80 ) (-3072 259 80 ) (-3072 259 208 ) 
4 238 239 (-3072 259 80 ) (-3072 1024 80 ) (-2048 1024 80 ) (-2048 259 80 ) 
4 239 270 (-3072 1024 80 ) (-3072 1024 64 ) (-3072 253 64 ) (-3072 253 80 ) 
4 239 244 (-3072 253 64 ) (-3072 1024 64 ) (-2048 1024 64 ) (-2048 253 64 ) 
4 240 271 (-3072 11 80 ) (-3072 11 208 ) (-3072 243 208 ) (-3072 243 80 ) 
4 240 243 (-3072 96 80 ) (-3072 233 80 ) (-2048 233 80 ) (-2048 96 80 ) 
4 240 241 (-2336 243 80 ) (-2048 243 80 ) (-2048 233 80 ) (-2336 233 80 ) 
4 240 242 (-3072 233 80 ) (-3072 243 80 ) (-2352 243 80 ) (-2352 233 80 ) 
4 241 246 (-2336 243 64 ) (-2048 243 64 ) (-2048 233 64 ) (-2336 233 64 ) 
4 241 243 (-2336 233 64 ) (-2048 233 64 ) (-2048 233 80 ) (-2336 233 80 ) 
4 242 252 (-3072 233 64 ) (-3072 243 64 ) (-2352 243 64 ) (-2352 233 64 ) 
4 242 243 (-3072 233 64 ) (-2352 233 64 ) (-2352 233 80 ) (-3072 233 80 ) 
4 243 273 (-3072 233 64 ) (-3072 96 64 ) (-3072 96 80 ) (-3072 233 80 ) 
4 243 253 (-3072 144 64 ) (-3072 201 64 ) (-2352 201 64 ) (-2352 144 64 ) 
4 243 252 (-3072 201 64 ) (-3072 233 64 ) (-2352 233 64 ) (-2352 201 64 ) 
4 243 254 (-3072 96 64 ) (-3072 144 64 ) (-2352 144 64 ) (-2352 96 64 ) 
4 243 250 (-2336 201 64 ) (-2336 144 64 ) (-2352 144 64 ) (-2352 201 64 ) 
4 243 249 (-2352 233 64 ) (-2336 233 64 ) (-2336 201 64 ) (-2352 201 64 ) 
4 243 251 (-2336 144 64 ) (-2336 96 64 ) (-2352 96 64 ) (-2352 144 64 ) 
4 243 248 (-2048 144 64 ) (-2048 96 64 ) (-2336 96 64 ) (-2336 144 64 ) 
4 243 247 (-2048 201 64 ) (-2048 144 64 ) (-2336 144 64 ) (-2336 201 64 ) 
4 243 246 (-2336 233 64 ) (-2048 233 64 ) (-2048 201 64 ) (-2336 201 64 ) 
4 244 274 (-3072 1024 64 ) (-3072 1024 32 ) (-3072 249 32 ) (-3072 249 64 ) 
4 244 256 (-3072 249 32 ) (-3072 1024 32 ) (-2048 1024 32 ) (-2048 249 32 ) 
4 245 276 (-3072 88 32 ) (-3072 0 32 ) (-3072 0 64 ) (-3072 88 64 ) 
4 245 262 (-2048 0 32 ) (-2048 0 64 ) (-3072 0 64 ) (-3072 0 32 ) 
4 245 255 (-2048 0 32 ) (-3072 0 32 ) (-3072 88 32 ) (-2048 88 32 ) 
4 246 257 (-2336 225 32 ) (-2048 225 32 ) (-2048 201 32 ) (-2336 201 32 ) 
4 246 249 (-2336 225 32 ) (-2336 201 32 ) (-2336 201 64 ) (-2336 233 64 ) 
4 246 247 (-2336 201 64 ) (-2336 201 32 ) (-2048 201 32 ) (-2048 201 64 ) 
4 247 258 (-2048 201 32 ) (-2048 144 32 ) (-2336 144 32 ) (-2336 201 32 ) 
4 247 250 (-2336 201 32 ) (-2336 144 32 ) (-2336 144 64 ) (-2336 201 64 ) 
4 247 248 (-2336 144 64 ) (-2336 144 32 ) (-2048 144 32 ) (-2048 144 64 ) 
4 248 259 (-2048 144 32 ) (-2048 112 32 ) (-2336 112 32 ) (-2336 144 32 ) 
4 248 251 (-2336 144 32 ) (-2336 112 32 ) (-2336 96 64 ) (-2336 144 64 ) 
4 249 257 (-2352 225 32 ) (-2336 225 32 ) (-2336 201 32 ) (-2352 201 32 ) 
4 249 252 (-2352 225 32 ) (-2352 201 32 ) (-2352 201 64 ) (-2352 233 64 ) 
4 249 250 (-2352 201 64 ) (-2352 201 32 ) (-2336 201 32 ) (-2336 201 64 ) 
4 250 258 (-2336 201 32 ) (-2336 144 32 ) (-2352 144 32 ) (-2352 201 32 ) 
4 250 253 (-2352 201 32 ) (-2352 144 32 ) (-2352 144 64 ) (-2352 201 64 ) 
4 250 251 (-2352 144 64 ) (-2352 144 32 ) (-2336 144 32 ) (-2336 144 64 ) 
4 251 259 (-2336 144 32 ) (-2336 112 32 ) (-2352 112 32 ) (-2352 144 32 ) 
4 251 254 (-2352 144 32 ) (-2352 112 32 ) (-2352 96 64 ) (-2352 144 64 ) 
4 252 277 (-3072 225 32 ) (-3072 201 32 ) (-3072 201 64 ) (-3072 233 64 ) 
4 252 257 (-3072 201 32 ) (-3072 225 32 ) (-2352 225 32 ) (-2352 201 32 ) 
4 252 253 (-3072 201 32 ) (-2352 201 32 ) (-2352 201 64 ) (-3072 201 64 ) 
4 253 278 (-3072 201 32 ) (-3072 144 32 ) (-3072 144 64 ) (-3072 201 64 ) 
4 253 258 (-3072 144 32 ) (-3072 201 32 ) (-2352 201 32 ) (-2352 144 32 ) 
4 253 254 (-3072 144 32 ) (-2352 144 32 ) (-2352 144 64 ) (-3072 144 64 ) 
4 254 279 (-3072 144 32 ) (-3072 112 32 ) (-3072 96 64 ) (-3072 144 64 ) 
4 254 259 (-3072 112 32 ) (-3072 144 32 ) (-2352 144 32 ) (-2352 112 32 ) 
4 255 283 (-3072 112 16 ) (-3072 0 16 ) (-3072 0 32 ) (-3072 112 32 ) 
4 255 262 (-2048 0 16 ) (-2048 0 32 ) (-3072 0 32 ) (-3072 0 16 ) 
4 255 261 (-3072 0 16 ) (-3072 112 16 ) (-2048 112 16 ) (-2048 0 16 ) 
4 256 275 (-3072 1024 32 ) (-3072 1024 24 ) (-3072 225 24 ) (-3072 225 32 ) 
4 256 260 (-3072 225 24 ) (-3072 1024 24 ) (-2048 1024 24 ) (-2048 225 24 ) 
3 257 284 (-3072 201 24 ) (-3072 201 32 ) (-3072 225 32 ) 
4 257 258 (-3072 201 24 ) (-2048 201 24 ) (-2048 201 32 ) (-3072 201 32 ) 
4 258 285 (-3072 201 24 ) (-3072 144 24 ) (-3072 144 32 ) (-3072 201 32 ) 
4 258 259 (-3072 144 24 ) (-2048 144 24 ) (-2048 144 32 ) (-3072 144 32 ) 
3 259 286 (-3072 144 24 ) (-3072 112 32 ) (-3072 144 32 ) 
4 260 275 (-3072 1024 24 ) (-3072 1024 16 ) (-3072 225 16 ) (-3072 225 24 ) 
4 260 261 (-3072 225 16 ) (-3072 1024 16 ) (-2048 1024 16 ) (-2048 225 16 ) 
4 261 287 (-3072 1024 16 ) (-3072 1024 -992 ) (-3072 0 -992 ) (-3072 0 16 ) 
4 261 262 (-2048 0 -992 ) (-2048 0 16 ) (-3072 0 16 ) (-3072 0 -992 ) 
4 262 293 (-2048 -1024 -992 ) (-2048 -1024 2016 ) (-3072 -1024 2016 ) (-3072 -1024 -992 ) 
4 262 292 (-3072 -1024 -992 ) (-3072 -1024 2016 ) (-3072 0 2016 ) (-3072 0 -992 ) 
4 263 292 (-3072 0 272 ) (-3072 0 2016 ) (-3584 0 2016 ) (-3584 0 272 ) 
4 263 289 (-3584 0 272 ) (-3584 0 2016 ) (-3584 248 2016 ) (-3584 248 272 ) 
4 263 288 (-3584 248 2016 ) (-3584 1024 2016 ) (-3584 1024 272 ) (-3584 248 272 ) 
4 263 266 (-3072 0 272 ) (-3584 0 272 ) (-3584 24 272 ) (-3072 24 272 ) 
4 263 264 (-3584 230 272 ) (-3584 1024 272 ) (-3072 1024 272 ) (-3072 230 272 ) 
4 264 288 (-3584 248 272 ) (-3584 1024 272 ) (-3584 1024 251 ) (-3584 248 251 ) 
4 264 267 (-3584 254 251 ) (-3584 1024 251 ) (-3072 1024 251 ) (-3072 254 251 ) 
4 265 268 (-3584 47 251 ) (-3584 207 251 ) (-3072 207 251 ) (-3072 47 251 ) 
4 266 292 (-3072 0 251 ) (-3072 0 272 ) (-3584 0 272 ) (-3584 0 251 ) 
4 267 288 (-3584 254 251 ) (-3584 1024 251 ) (-3584 1024 208 ) (-3584 254 208 ) 
4 267 269 (-3584 259 208 ) (-3584 1024 208 ) (-3072 1024 208 ) (-3072 259 208 ) 
4 268 271 (-3584 11 208 ) (-3584 243 208 ) (-3072 243 208 ) (-3072 11 208 ) 
4 269 288 (-3584 259 208 ) (-3584 1024 208 ) (-3584 1024 80 ) (-3584 259 80 ) 
4 269 270 (-3584 259 80 ) (-3584 1024 80 ) (-3072 1024 80 ) (-3072 259 80 ) 
4 270 288 (-3584 1024 80 ) (-3584 1024 64 ) (-3584 253 64 ) (-3584 253 80 ) 
4 270 274 (-3584 253 64 ) (-3584 1024 64 ) (-3072 1024 64 ) (-3072 253 64 ) 
4 271 273 (-3584 96 80 ) (-3584 233 80 ) (-3072 233 80 ) (-3072 96 80 ) 
4 271 272 (-3584 233 80 ) (-3584 243 80 ) (-3088 243 80 ) (-3088 233 80 ) 
4 272 280 (-3584 233 64 ) (-3584 243 64 ) (-3088 243 64 ) (-3088 233 64 ) 
4 272 273 (-3584 233 64 ) (-3088 233 64 ) (-3088 233 80 ) (-3584 233 80 ) 
4 273 281 (-3584 144 64 ) (-3584 201 64 ) (-3088 201 64 ) (-3088 144 64 ) 
4 273 280 (-3584 201 64 ) (-3584 233 64 ) (-3088 233 64 ) (-3088 201 64 ) 
4 273 282 (-3584 96 64 ) (-3584 144 64 ) (-3088 144 64 ) (-3088 96 64 ) 
4 273 279 (-3072 144 64 ) (-3072 96 64 ) (-3088 96 64 ) (-3088 144 64 ) 
4 273 278 (-3072 201 64 ) (-3072 144 64 ) (-3088 144 64 ) (-3088 201 64 ) 
4 273 277 (-3088 233 64 ) (-3072 233 64 ) (-3072 201 64 ) (-3088 201 64 ) 
4 274 288 (-3584 249 64 ) (-3584 1024 64 ) (-3584 1024 32 ) (-3584 249 32 ) 
4 274 275 (-3584 249 32 ) (-3584 1024 32 ) (-3072 1024 32 ) (-3072 249 32 ) 
4 275 288 (-3584 1024 32 ) (-3584 1024 16 ) (-3584 248 16 ) (-3584 248 32 ) 
4 275 287 (-3584 225 16 ) (-3584 1024 16 ) (-3072 1024 16 ) (-3072 225 16 ) 
4 276 292 (-3072 0 32 ) (-3072 0 64 ) (-3584 0 64 ) (-3584 0 32 ) 
4 276 283 (-3584 0 32 ) (-3584 88 32 ) (-3072 88 32 ) (-3072 0 32 ) 
4 277 284 (-3088 224.996094 32 ) (-3072 224.996094 32 ) (-3072 201 32 ) (-3088 201 32 ) 
4 277 280 (-3088 225 32 ) (-3088 201 32 ) (-3088 201 64 ) (-3088 233 64 ) 
4 277 278 (-3088 201 64 ) (-3088 201 32 ) (-3072 201 32 ) (-3072 201 64 ) 
4 278 285 (-3072 201 32 ) (-3072 144 32 ) (-3088 144 32 ) (-3088 201 32 ) 
4 278 281 (-3088 201 32 ) (-3088 144 32 ) (-3088 144 64 ) (-3088 201 64 ) 
4 278 279 (-3088 144 64 ) (-3088 144 32 ) (-3072 144 32 ) (-3072 144 64 ) 
4 279 286 (-3072 144 32 ) (-3072 112 32 ) (-3088 112 32 ) (-3088 144 32 ) 
4 279 282 (-3088 144 32 ) (-3088 112 32 ) (-3088 96 64 ) (-3088 144 64 ) 
4 280 284 (-3584 201 32 ) (-3584 224.996094 32 ) (-3088 224.996094 32 ) (-3088 201 32 ) 
4 280 281 (-3584 201 32 ) (-3088 201 32 ) (-3088 201 64 ) (-3584 201 64 ) 
4 281 285 (-3584 144 32 ) (-3584 201 32 ) (-3088 201 32 ) (-3088 144 32 ) 
4 281 282 (-3584 144 32 ) (-3088 144 32 ) (-3088 144 64 ) (-3584 144 64 ) 
4 282 286 (-3584 112 32 ) (-3584 144 32 ) (-3088 144 32 ) (-3088 112 32 ) 
4 283 292 (-3072 0 16 ) (-3072 0 32 ) (-3584 0 32 ) (-3584 0 16 ) 
4 283 287 (-3072 0 16 ) (-3584 0 16 ) (-3584 112 16 ) (-3072 112 16 ) 
4 284 285 (-3584 201 24 ) (-3072 201 24 ) (-3072 201 32 ) (-3584 201 32 ) 
4 285 286 (-3584 144 24 ) (-3072 144 24 ) (-3072 144 32 ) (-3584 144 32 ) 
4 287 292 (-3072 0 -992 ) (-3072 0 16 ) (-3584 0 16 ) (-3584 0 -992 ) 
4 287 290 (-3584 0 -992 ) (-3584 0 16 ) (-3584 248 16 ) (-3584 248 -992 ) 
4 287 288 (-3584 248 16 ) (-3584 1024 16 ) (-3584 1024 -992 ) (-3584 248 -992 ) 
4 288 291 (-3592 1024 -992 ) (-3592 248 -992 ) (-3592 248 2016 ) (-3592 1024 2016 ) 
4 288 289 (-3592 248 2016 ) (-3592 248 272 ) (-3584 248 272 ) (-3584 248 2016 ) 
4 288 290 (-3592 248 16 ) (-3592 248 -992 ) (-3584 248 -992 ) (-3584 248 16 ) 
4 289 292 (-3584 0 272 ) (-3584 0 2016 ) (-3592 0 2016 ) (-3592 0 272 ) 
4 289 291 (-3592 0 272 ) (-3592 0 2016 ) (-3592 248 2016 ) (-3592 248 272 ) 
4 290 292 (-3584 0 -992 ) (-3584 0 16 ) (-3592 0 16 ) (-3592 0 -992 ) 
4 290 291 (-3592 248 -992 ) (-3592 0 -992 ) (-3592 0 16 ) (-3592 248 16 ) 
4 291 292 (-3592 0 2016 ) (-4064 0 2016 ) (-4064 0 -992 ) (-3592 0 -992 ) 
4 292 294 (-3072 -1024 -992 ) (-3072 -1024 2016 ) (-4064 -1024 2016 ) (-4064 -1024 -992 ) 
4 293 294 (-3072 -1024 2016 ) (-3072 -1024 -992 ) (-3072 -2016 -992 ) (-3072 -2016 2016 ) 
