PRT1
301
861
4 0 4 (2064 1024 2016 ) (2048 1024 2016 ) (2048 1024 -992 ) (2064 1024 -992 ) 
4 0 3 (3040 1024 2016 ) (2064 1024 2016 ) (2064 1024 -992 ) (3040 1024 -992 ) 
4 0 1 (2048 1024 -992 ) (2048 1024 2016 ) (2048 2016 2016 ) (2048 2016 -992 ) 
4 1 42 (2048 1024 -992 ) (2048 1024 16 ) (1024 1024 16 ) (1024 1024 -992 ) 
4 1 26 (2048 1024 16 ) (2048 1024 64 ) (1024 1024 64 ) (1024 1024 16 ) 
4 1 21 (2048 1024 64 ) (2048 1024 208 ) (1024 1024 208 ) (1024 1024 64 ) 
4 1 15 (2048 1024 208 ) (2048 1024 251 ) (1024 1024 251 ) (1024 1024 208 ) 
4 1 9 (2048 1024 251 ) (2048 1024 272 ) (1024 1024 272 ) (1024 1024 251 ) 
4 1 8 (2048 1024 272 ) (2048 1024 2016 ) (1024 1024 2016 ) (1024 1024 272 ) 
4 1 2 (1024 1024 -992 ) (1024 1024 2016 ) (1024 2016 2016 ) (1024 2016 -992 ) 
4 2 104 (0 1024 -992 ) (0 1024 64 ) (0 1920 64 ) (0 1920 -992 ) 
4 2 100 (0 1920 64 ) (0 2016 64 ) (0 2016 -992 ) (0 1920 -992 ) 
4 2 97 (0 1024 64 ) (0 1024 176 ) (0 1920 176 ) (0 1920 64 ) 
4 2 94 (0 1024 176 ) (0 1024 191 ) (0 1920 191 ) (0 1920 176 ) 
4 2 91 (0 1024 191 ) (0 1024 213 ) (0 1920 213 ) (0 1920 191 ) 
4 2 88 (0 1024 213 ) (0 1024 216 ) (0 1920 216 ) (0 1920 213 ) 
4 2 86 (0 1024 216 ) (0 1024 221 ) (0 1920 221 ) (0 1920 216 ) 
4 2 85 (0 1024 221 ) (0 1024 2016 ) (0 1920 2016 ) (0 1920 221 ) 
4 2 81 (0 1920 2016 ) (0 2016 2016 ) (0 2016 64 ) (0 1920 64 ) 
4 2 75 (1024 1024 -992 ) (1024 1024 16 ) (0 1024 16 ) (0 1024 -992 ) 
4 2 59 (1024 1024 16 ) (1024 1024 64 ) (0 1024 64 ) (0 1024 16 ) 
4 2 54 (1024 1024 64 ) (1024 1024 208 ) (0 1024 208 ) (0 1024 64 ) 
4 2 44 (1024 1024 208 ) (1024 1024 272 ) (0 1024 272 ) (0 1024 208 ) 
4 2 43 (1024 1024 272 ) (1024 1024 2016 ) (0 1024 2016 ) (0 1024 272 ) 
4 3 7 (3040 0 2016 ) (2064 0 2016 ) (2064 0 -992 ) (3040 0 -992 ) 
4 3 5 (2064 0 272 ) (2064 0 2016 ) (2064 248 2016 ) (2064 248 272 ) 
4 3 6 (2064 248 -992 ) (2064 0 -992 ) (2064 0 16 ) (2064 248 16 ) 
4 3 4 (2064 1024 -992 ) (2064 248 -992 ) (2064 248 2016 ) (2064 1024 2016 ) 
4 4 42 (2048 1024 16 ) (2048 1024 -992 ) (2048 248 -992 ) (2048 248 16 ) 
4 4 27 (2048 249 16 ) (2048 248 16 ) (2048 248 32 ) (2048 249 32 ) 
4 4 26 (2048 1024 64 ) (2048 1024 16 ) (2048 249 16 ) (2048 249 64 ) 
4 4 21 (2048 1024 208 ) (2048 1024 64 ) (2048 259 64 ) (2048 259 208 ) 
4 4 15 (2048 1024 251 ) (2048 1024 208 ) (2048 254 208 ) (2048 254 251 ) 
4 4 9 (2048 1024 272 ) (2048 1024 251 ) (2048 248 251 ) (2048 248 272 ) 
4 4 8 (2048 1024 2016 ) (2048 1024 272 ) (2048 248 272 ) (2048 248 2016 ) 
4 4 5 (2064 248 272 ) (2064 248 2016 ) (2048 248 2016 ) (2048 248 272 ) 
4 4 6 (2048 248 -992 ) (2064 248 -992 ) (2064 248 16 ) (2048 248 16 ) 
4 5 8 (2048 0 272 ) (2048 0 2016 ) (2048 248 2016 ) (2048 248 272 ) 
4 5 7 (2064 0 2016 ) (2048 0 2016 ) (2048 0 272 ) (2064 0 272 ) 
4 6 42 (2048 248 -992 ) (2048 0 -992 ) (2048 0 16 ) (2048 248 16 ) 
4 6 7 (2048 0 16 ) (2048 0 -992 ) (2064 0 -992 ) (2064 0 16 ) 
4 7 78 (3040 -1024 2016 ) (2048 -1024 2016 ) (2048 -1024 -992 ) (3040 -1024 -992 ) 
4 7 76 (2048 -1024 -992 ) (2048 -1024 2016 ) (2048 0 2016 ) (2048 0 -992 ) 
4 8 76 (2048 0 272 ) (2048 0 2016 ) (1024 0 2016 ) (1024 0 272 ) 
4 8 43 (1024 1024 2016 ) (1024 1024 272 ) (1024 0 272 ) (1024 0 2016 ) 
4 8 9 (1024 230 272 ) (1024 1024 272 ) (2048 1024 272 ) (2048 230 272 ) 
4 8 14 (2048 0 272 ) (1024 0 272 ) (1024 24 272 ) (2048 24 272 ) 
4 9 53 (1024 230 256.295471 ) (1024 230 272 ) (1024 254 272 ) (1024 254 253.568176 ) 
4 9 51 (1024 254 251 ) (1024 230 251 ) (1024 230 256.295471 ) (1024 254 253.568176 ) 
4 9 44 (1024 1024 272 ) (1024 1024 251 ) (1024 254 251 ) (1024 254 272 ) 
4 9 15 (1024 254 251 ) (1024 1024 251 ) (2048 1024 251 ) (2048 254 251 ) 
4 10 16 (1328 207 251 ) (2048 207 251 ) (2048 47 251 ) (1328 47 251 ) 
4 10 12 (1328 128 267.886383 ) (1328 144 266.068207 ) (1328 144 251 ) (1328 128 251 ) 
4 10 11 (1328 144 266.068207 ) (1328 170.997040 263 ) (1328 206.998062 251 ) (1328 144 251 ) 
5 10 13 (1328 47.002953 251 ) (1328 83.011719 263.003418 ) (1328 126.990952 268.001038 ) (1328 128 267.886383 ) (1328 128 251 ) 
4 11 45 (1024 207 251 ) (1024 144 251 ) (1024 144 266.068176 ) (1024 171 263 ) 
4 11 17 (1024 144 251 ) (1024 207 251 ) (1328 207 251 ) (1328 144 251 ) 
4 11 12 (1024 144 251 ) (1328 144 251 ) (1328 144 266.066406 ) (1024 144 266.066406 ) 
4 12 46 (1024 144 251 ) (1024 128 251 ) (1024 128 267.886353 ) (1024 144 266.068176 ) 
4 12 18 (1024 128 251 ) (1024 144 251 ) (1328 144 251 ) (1328 128 251 ) 
4 12 13 (1024 128 251 ) (1328 128 251 ) (1328 128 267.886719 ) (1024 128 267.886719 ) 
5 13 50 (1024 128 251 ) (1024 47 251 ) (1024 83 263 ) (1024 127 268 ) (1024 128 267.886353 ) 
4 13 20 (1024 47 251 ) (1024 128 251 ) (1328 128 251 ) (1328 47 251 ) 
4 14 76 (2048 0 251 ) (2048 0 272 ) (1024 0 272 ) (1024 0 251 ) 
4 14 52 (1024 24 251 ) (1024 0 251 ) (1024 0 272 ) (1024 24 272 ) 
4 15 44 (1024 1024 251 ) (1024 1024 208 ) (1024 254 208 ) (1024 254 251 ) 
4 15 21 (1024 259 208 ) (1024 1024 208 ) (2048 1024 208 ) (2048 259 208 ) 
4 16 22 (1328 243 208 ) (2048 243 208 ) (2048 11 208 ) (1328 11 208 ) 
4 16 19 (1328 144 240 ) (1328 144 208 ) (1328 128 208 ) (1328 128 240 ) 
4 16 18 (1328 128 251 ) (1328 144 251 ) (1328 144 240 ) (1328 128 240 ) 
5 16 17 (1328 144 251 ) (1328 207.007965 251 ) (1328 233.996719 231.008331 ) (1328 243 208 ) (1328 144 208 ) 
5 16 20 (1328 10.998047 208 ) (1328 19.998047 231.003906 ) (1328 46.994606 251 ) (1328 128 251 ) (1328 128 208 ) 
5 17 45 (1024 243 208 ) (1024 144 208 ) (1024 144 251 ) (1024 207 251 ) (1024 234 231 ) 
4 17 22 (1024 144 208 ) (1024 243 208 ) (1328 243 208 ) (1328 144 208 ) 
4 17 19 (1024 144 208 ) (1328 144 208 ) (1328 144 240 ) (1024 144 240 ) 
4 17 18 (1328 144 240 ) (1328 144 251 ) (1024 144 251 ) (1024 144 240 ) 
4 18 46 (1024 128 240 ) (1024 128 251 ) (1024 144 251 ) (1024 144 240 ) 
4 18 20 (1328 128 240 ) (1328 128 251 ) (1024 128 251 ) (1024 128 240 ) 
4 18 19 (1328 128 240 ) (1024 128 240 ) (1024 144 240 ) (1328 144 240 ) 
4 19 49 (1024 144 208 ) (1024 128 208 ) (1024 128 240 ) (1024 144 240 ) 
4 19 22 (1024 128 208 ) (1024 144 208 ) (1328 144 208 ) (1328 128 208 ) 
4 19 20 (1024 128 208 ) (1328 128 208 ) (1328 128 240 ) (1024 128 240 ) 
5 20 50 (1024 128 208 ) (1024 11 208 ) (1024 20 231 ) (1024 47 251 ) (1024 128 251 ) 
4 20 22 (1024 11 208 ) (1024 128 208 ) (1328 128 208 ) (1328 11 208 ) 
4 21 54 (1024 1024 208 ) (1024 1024 64 ) (1024 259 64 ) (1024 259 208 ) 
4 21 26 (1024 259 64 ) (1024 1024 64 ) (2048 1024 64 ) (2048 259 64 ) 
4 22 55 (1024 11 80 ) (1024 11 208 ) (1024 243 208 ) (1024 243 80 ) 
4 22 25 (1024 96 80 ) (1024 233 80 ) (2048 233 80 ) (2048 96 80 ) 
4 22 23 (1344 243 80 ) (2048 243 80 ) (2048 233 80 ) (1344 233 80 ) 
4 22 24 (1024 233 80 ) (1024 243 80 ) (1328 243 80 ) (1328 233 80 ) 
4 23 29 (1344 243 64 ) (2048 243 64 ) (2048 233 64 ) (1344 233 64 ) 
4 23 25 (1344 233 64 ) (2048 233 64 ) (2048 233 80 ) (1344 233 80 ) 
4 24 56 (1024 243 64 ) (1024 233 64 ) (1024 233 80 ) (1024 243 80 ) 
4 24 35 (1024 233 64 ) (1024 243 64 ) (1328 243 64 ) (1328 233 64 ) 
4 24 25 (1024 233 64 ) (1328 233 64 ) (1328 233 80 ) (1024 233 80 ) 
4 25 58 (1024 233 64 ) (1024 96 64 ) (1024 96 80 ) (1024 233 80 ) 
4 25 36 (1024 144 64 ) (1024 201 64 ) (1328 201 64 ) (1328 144 64 ) 
4 25 35 (1024 201 64 ) (1024 233 64 ) (1328 233 64 ) (1328 201 64 ) 
4 25 37 (1024 96 64 ) (1024 144 64 ) (1328 144 64 ) (1328 96 64 ) 
4 25 33 (1344 201 64 ) (1344 144 64 ) (1328 144 64 ) (1328 201 64 ) 
4 25 32 (1328 233 64 ) (1344 233 64 ) (1344 201 64 ) (1328 201 64 ) 
4 25 34 (1344 144 64 ) (1344 96 64 ) (1328 96 64 ) (1328 144 64 ) 
4 25 31 (2048 144 64 ) (2048 96 64 ) (1344 96 64 ) (1344 144 64 ) 
4 25 30 (2048 201 64 ) (2048 144 64 ) (1344 144 64 ) (1344 201 64 ) 
4 25 29 (1344 233 64 ) (2048 233 64 ) (2048 201 64 ) (1344 201 64 ) 
4 26 59 (1024 1024 64 ) (1024 1024 16 ) (1024 249 16 ) (1024 249 64 ) 
4 26 42 (1024 249 16 ) (1024 1024 16 ) (2048 1024 16 ) (2048 249 16 ) 
4 26 27 (1024 249 16 ) (2048 249 16 ) (2048 249 32 ) (1024 249 32 ) 
4 27 60 (1024 249 16 ) (1024 225 16 ) (1024 225 32 ) (1024 249 32 ) 
4 27 42 (1024 225 16 ) (1024 249 16 ) (2048 249 16 ) (2048 225 16 ) 
4 28 76 (2048 0 32 ) (2048 0 64 ) (1024 0 64 ) (1024 0 32 ) 
4 28 61 (1024 0 32 ) (1024 0 64 ) (1024 88 64 ) (1024 88 32 ) 
4 28 38 (2048 0 32 ) (1024 0 32 ) (1024 88 32 ) (2048 88 32 ) 
4 29 39 (1344 224.996094 32 ) (2048 224.996094 32 ) (2048 201 32 ) (1344 201 32 ) 
4 29 32 (1344 225 32 ) (1344 201 32 ) (1344 201 64 ) (1344 233 64 ) 
4 29 30 (1344 201 64 ) (1344 201 32 ) (2048 201 32 ) (2048 201 64 ) 
4 30 40 (2048 201 32 ) (2048 144 32 ) (1344 144 32 ) (1344 201 32 ) 
4 30 33 (1344 201 32 ) (1344 144 32 ) (1344 144 64 ) (1344 201 64 ) 
4 30 31 (1344 144 64 ) (1344 144 32 ) (2048 144 32 ) (2048 144 64 ) 
4 31 41 (2048 144 32 ) (2048 112 32 ) (1344 112 32 ) (1344 144 32 ) 
4 31 34 (1344 144 32 ) (1344 112 32 ) (1344 96 64 ) (1344 144 64 ) 
4 32 39 (1328 224.996094 32 ) (1344 224.996094 32 ) (1344 201 32 ) (1328 201 32 ) 
4 32 35 (1328 225 32 ) (1328 201 32 ) (1328 201 64 ) (1328 233 64 ) 
4 32 33 (1328 201 64 ) (1328 201 32 ) (1344 201 32 ) (1344 201 64 ) 
4 33 40 (1344 201 32 ) (1344 144 32 ) (1328 144 32 ) (1328 201 32 ) 
4 33 36 (1328 201 32 ) (1328 144 32 ) (1328 144 64 ) (1328 201 64 ) 
4 33 34 (1328 144 64 ) (1328 144 32 ) (1344 144 32 ) (1344 144 64 ) 
4 34 41 (1344 144 32 ) (1344 112 32 ) (1328 112 32 ) (1328 144 32 ) 
4 34 37 (1328 144 32 ) (1328 112 32 ) (1328 96 64 ) (1328 144 64 ) 
4 35 62 (1024 201 64 ) (1024 243 64 ) (1024 225 32 ) (1024 201 32 ) 
4 35 39 (1024 201 32 ) (1024 224.996094 32 ) (1328 224.996094 32 ) (1328 201 32 ) 
4 35 36 (1024 201 32 ) (1328 201 32 ) (1328 201 64 ) (1024 201 64 ) 
4 36 63 (1024 144 64 ) (1024 201 64 ) (1024 201 32 ) (1024 144 32 ) 
4 36 40 (1024 144 32 ) (1024 201 32 ) (1328 201 32 ) (1328 144 32 ) 
4 36 37 (1024 144 32 ) (1328 144 32 ) (1328 144 64 ) (1024 144 64 ) 
4 37 64 (1024 96 64 ) (1024 144 64 ) (1024 144 32 ) (1024 112 32 ) 
4 37 41 (1024 112 32 ) (1024 144 32 ) (1328 144 32 ) (1328 112 32 ) 
4 38 76 (2048 0 16 ) (2048 0 32 ) (1024 0 32 ) (1024 0 16 ) 
4 38 71 (1024 112 16 ) (1024 0 16 ) (1024 0 32 ) (1024 112 32 ) 
4 38 42 (1024 0 16 ) (1024 112 16 ) (2048 112 16 ) (2048 0 16 ) 
3 39 72 (1024 201 32 ) (1024 225 32 ) (1024 201 24 ) 
4 39 40 (1024 201 24 ) (2048 201 24 ) (2048 201 32 ) (1024 201 32 ) 
4 40 73 (1024 144 24 ) (1024 144 32 ) (1024 201 32 ) (1024 201 24 ) 
4 40 41 (1024 144 24 ) (2048 144 24 ) (2048 144 32 ) (1024 144 32 ) 
3 41 74 (1024 144 24 ) (1024 112 32 ) (1024 144 32 ) 
4 42 76 (2048 0 -992 ) (2048 0 16 ) (1024 0 16 ) (1024 0 -992 ) 
4 42 75 (1024 1024 16 ) (1024 1024 -992 ) (1024 0 -992 ) (1024 0 16 ) 
4 43 122 (0 0 272 ) (0 0 2016 ) (0 254 2016 ) (0 254 272 ) 
4 43 113 (0 254 2016 ) (0 1024 2016 ) (0 1024 272 ) (0 254 272 ) 
4 43 77 (1024 0 272 ) (1024 0 2016 ) (0 0 2016 ) (0 0 272 ) 
4 43 53 (1024 254 272 ) (1024 230 272 ) (0 230 272 ) (0 254 272 ) 
4 43 52 (1024 24 272 ) (1024 0 272 ) (0 0 272 ) (0 24 272 ) 
4 43 44 (1024 1024 272 ) (1024 254 272 ) (0 254 272 ) (0 1024 272 ) 
4 44 119 (0 1024 213 ) (0 1024 208 ) (0 254 208 ) (0 254 213 ) 
4 44 116 (0 1024 216 ) (0 1024 213 ) (0 254 213 ) (0 254 216 ) 
4 44 113 (0 254 272 ) (0 1024 272 ) (0 1024 216 ) (0 254 216 ) 
4 44 54 (0 259 208 ) (0 1024 208 ) (1024 1024 208 ) (1024 259 208 ) 
4 44 53 (1024 254 253.568176 ) (1024 254 272 ) (0 254 272 ) (0 254 253.568176 ) 
4 44 51 (1024 254 251 ) (1024 254 253.568176 ) (0 254 253.568176 ) (0 254 251 ) 
5 45 129 (0 207 251 ) (0 234 231 ) (0 243 208 ) (0 144 208 ) (0 144 251 ) 
4 45 124 (0 144 266.068176 ) (0 171 263 ) (0 207 251 ) (0 144 251 ) 
4 45 55 (0 144 208 ) (0 243 208 ) (1024 243 208 ) (1024 144 208 ) 
4 45 47 (608 144 266.067291 ) (592 144 266.067291 ) (592 144 240 ) (608 144 240 ) 
4 45 46 (1024 144 240 ) (1024 144 266.067291 ) (608 144 266.067291 ) (608 144 240 ) 
4 45 48 (592 144 266.067291 ) (0 144 266.067291 ) (0 144 240 ) (592 144 240 ) 
4 45 49 (0 144 208 ) (1024 144 208 ) (1024 144 240 ) (0 144 240 ) 
4 46 50 (1024 128 240 ) (1024 128 267.886536 ) (608 128 267.886536 ) (608 128 240 ) 
4 46 49 (1024 128 240 ) (608 128 240 ) (608 144 240 ) (1024 144 240 ) 
4 46 47 (608 144 266.068176 ) (608 144 240 ) (608 128 240 ) (608 128 267.886322 ) 
4 47 48 (592 144 266.068176 ) (592 144 240 ) (592 128 240 ) (592 128 267.886322 ) 
4 47 50 (608 128 267.886536 ) (592 128 267.886536 ) (592 128 240 ) (608 128 240 ) 
4 47 49 (608 128 240 ) (592 128 240 ) (592 144 240 ) (608 144 240 ) 
4 48 130 (0 144 251 ) (0 144 240 ) (0 128 240 ) (0 128 251 ) 
4 48 125 (0 128 267.886353 ) (0 144 266.068176 ) (0 144 251 ) (0 128 251 ) 
4 48 49 (592 128 240 ) (0 128 240 ) (0 144 240 ) (592 144 240 ) 
4 48 50 (592 128 267.886536 ) (0 128 267.886536 ) (0 128 240 ) (592 128 240 ) 
4 49 131 (0 144 240 ) (0 144 208 ) (0 128 208 ) (0 128 240 ) 
4 49 55 (0 128 208 ) (0 144 208 ) (1024 144 208 ) (1024 128 208 ) 
4 49 50 (0 128 208 ) (1024 128 208 ) (1024 128 240 ) (0 128 240 ) 
5 50 132 (0 47 251 ) (0 128 251 ) (0 128 208 ) (0 11 208 ) (0 20 231 ) 
5 50 126 (0 47 251 ) (0 83 263 ) (0 127 268 ) (0 128 267.886353 ) (0 128 251 ) 
4 50 55 (0 11 208 ) (0 128 208 ) (1024 128 208 ) (1024 11 208 ) 
4 51 123 (0 230 256.295441 ) (0 254 253.568176 ) (0 254 251 ) (0 230 251 ) 
4 51 53 (1024 254 253.567627 ) (0 254 253.567627 ) (0 230 256.294891 ) (1024 230 256.294891 ) 
4 52 128 (0 0 251 ) (0 0 272 ) (0 24 272 ) (0 24 251 ) 
4 52 77 (1024 0 251 ) (1024 0 272 ) (0 0 272 ) (0 0 251 ) 
4 53 123 (0 230 272 ) (0 254 272 ) (0 254 253.568176 ) (0 230 256.295441 ) 
4 54 144 (0 1024 80 ) (0 1024 64 ) (0 259 64 ) (0 259 80 ) 
4 54 135 (0 259 208 ) (0 1024 208 ) (0 1024 80 ) (0 259 80 ) 
4 54 59 (1024 1024 64 ) (1024 259 64 ) (0 259 64 ) (0 1024 64 ) 
4 55 143 (0 11 208 ) (0 243 208 ) (0 243 80 ) (0 11 80 ) 
4 55 58 (0 96 80 ) (0 233 80 ) (1024 233 80 ) (1024 96 80 ) 
4 55 56 (608 243 80 ) (1024 243 80 ) (1024 233 80 ) (608 233 80 ) 
4 55 57 (0 233 80 ) (0 243 80 ) (592 243 80 ) (592 233 80 ) 
4 56 62 (1024 243 64 ) (1024 233 64 ) (608 233 64 ) (608 243 64 ) 
4 56 58 (608 233 64 ) (1024 233 64 ) (1024 233 80 ) (608 233 80 ) 
4 57 147 (0 243 80 ) (0 243 64 ) (0 233 64 ) (0 233 80 ) 
4 57 68 (592 233 64 ) (0 233 64 ) (0 243 64 ) (592 243 64 ) 
4 57 58 (0 233 64 ) (592 233 64 ) (592 233 80 ) (0 233 80 ) 
4 58 150 (0 233 64 ) (0 96 64 ) (0 96 80 ) (0 233 80 ) 
4 58 69 (0 144 64 ) (0 201 64 ) (592 201 64 ) (592 144 64 ) 
4 58 68 (0 201 64 ) (0 233 64 ) (592 233 64 ) (592 201 64 ) 
4 58 70 (592 96 64 ) (0 96 64 ) (0 144 64 ) (592 144 64 ) 
4 58 66 (592 144 64 ) (592 201 64 ) (608 201 64 ) (608 144 64 ) 
4 58 65 (592 201 64 ) (592 233 64 ) (608 233 64 ) (608 201 64 ) 
4 58 67 (608 96 64 ) (592 96 64 ) (592 144 64 ) (608 144 64 ) 
4 58 64 (1024 144 64 ) (1024 96 64 ) (608 96 64 ) (608 144 64 ) 
4 58 63 (1024 201 64 ) (1024 144 64 ) (608 144 64 ) (608 201 64 ) 
4 58 62 (1024 233 64 ) (1024 201 64 ) (608 201 64 ) (608 233 64 ) 
4 59 162 (0 1024 32 ) (0 1024 16 ) (0 249 16 ) (0 249 32 ) 
4 59 151 (0 249 64 ) (0 1024 64 ) (0 1024 32 ) (0 249 32 ) 
4 59 75 (0 249 16 ) (0 1024 16 ) (1024 1024 16 ) (1024 249 16 ) 
4 59 60 (0 249 16 ) (1024 249 16 ) (1024 249 32 ) (0 249 32 ) 
4 60 162 (0 249 32 ) (0 249 16 ) (0 225 16 ) (0 225 32 ) 
4 60 75 (0 225 16 ) (0 249 16 ) (1024 249 16 ) (1024 225 16 ) 
4 61 168 (0 0 32 ) (0 0 64 ) (0 88 64 ) (0 88 32 ) 
4 61 77 (1024 0 32 ) (1024 0 64 ) (0 0 64 ) (0 0 32 ) 
4 61 71 (1024 88 32 ) (1024 0 32 ) (0 0 32 ) (0 88 32 ) 
4 62 72 (608 224.996094 32 ) (1024 224.996094 32 ) (1024 201 32 ) (608 201 32 ) 
4 62 65 (608 225 32 ) (608 201 32 ) (608 201 64 ) (608 233 64 ) 
4 62 63 (608 201 64 ) (608 201 32 ) (1024 201 32 ) (1024 201 64 ) 
4 63 73 (1024 201 32 ) (1024 144 32 ) (608 144 32 ) (608 201 32 ) 
4 63 66 (608 201 32 ) (608 144 32 ) (608 144 64 ) (608 201 64 ) 
4 63 64 (608 144 64 ) (608 144 32 ) (1024 144 32 ) (1024 144 64 ) 
4 64 74 (1024 144 32 ) (1024 112 32 ) (608 112 32 ) (608 144 32 ) 
4 64 67 (608 144 32 ) (608 112 32 ) (608 96 64 ) (608 144 64 ) 
4 65 72 (592 224.996094 32 ) (608 224.996094 32 ) (608 201 32 ) (592 201 32 ) 
4 65 68 (592 225 32 ) (592 201 32 ) (592 201 64 ) (592 233 64 ) 
4 65 66 (592 201 64 ) (592 201 32 ) (608 201 32 ) (608 201 64 ) 
4 66 73 (608 201 32 ) (608 144 32 ) (592 144 32 ) (592 201 32 ) 
4 66 69 (592 201 32 ) (592 144 32 ) (592 144 64 ) (592 201 64 ) 
4 66 67 (592 144 64 ) (592 144 32 ) (608 144 32 ) (608 144 64 ) 
4 67 74 (608 144 32 ) (608 112 32 ) (592 112 32 ) (592 144 32 ) 
4 67 70 (592 144 32 ) (592 112 32 ) (592 96 64 ) (592 144 64 ) 
4 68 169 (0 201 64 ) (0 225 64 ) (0 225 32 ) (0 201 32 ) 
3 68 152 (0 225 64 ) (0 243 64 ) (0 225 32 ) 
4 68 72 (0 224.996094 32 ) (592 224.996094 32 ) (592 201 32 ) (0 201 32 ) 
4 68 69 (0 201 32 ) (592 201 32 ) (592 201 64 ) (0 201 64 ) 
4 69 170 (0 144 64 ) (0 201 64 ) (0 201 32 ) (0 144 32 ) 
4 69 73 (592 201 32 ) (592 144 32 ) (0 144 32 ) (0 201 32 ) 
4 69 70 (0 144 32 ) (592 144 32 ) (592 144 64 ) (0 144 64 ) 
4 70 171 (0 96 64 ) (0 144 64 ) (0 144 32 ) (0 112 32 ) 
4 70 74 (592 144 32 ) (592 112 32 ) (0 112 32 ) (0 144 32 ) 
4 71 178 (0 0 16 ) (0 0 32 ) (0 112 32 ) (0 112 16 ) 
4 71 77 (1024 0 16 ) (1024 0 32 ) (0 0 32 ) (0 0 16 ) 
4 71 75 (1024 0 16 ) (0 0 16 ) (0 112 16 ) (1024 112 16 ) 
3 72 179 (0 201 32 ) (0 225 32 ) (0 201 24 ) 
4 72 73 (0 201 24 ) (1024 201 24 ) (1024 201 32 ) (0 201 32 ) 
4 73 180 (0 144 32 ) (0 201 32 ) (0 201 24 ) (0 144 24 ) 
4 73 74 (0 144 24 ) (1024 144 24 ) (1024 144 32 ) (0 144 32 ) 
3 74 181 (0 112 32 ) (0 144 32 ) (0 144 24 ) 
4 75 188 (0 0 -992 ) (0 0 16 ) (0 1024 16 ) (0 1024 -992 ) 
4 75 77 (1024 0 -992 ) (1024 0 16 ) (0 0 16 ) (0 0 -992 ) 
4 76 79 (2048 -1024 -992 ) (2048 -1024 2016 ) (1024 -1024 2016 ) (1024 -1024 -992 ) 
4 76 77 (1024 0 2016 ) (1024 0 -992 ) (1024 -1024 -992 ) (1024 -1024 2016 ) 
4 77 226 (0 -1024 -992 ) (0 -1024 2016 ) (0 0 2016 ) (0 0 -992 ) 
4 77 80 (1024 -1024 -992 ) (1024 -1024 2016 ) (0 -1024 2016 ) (0 -1024 -992 ) 
4 78 79 (2048 -1024 2016 ) (2048 -1024 -992 ) (2048 -2016 -992 ) (2048 -2016 2016 ) 
4 79 80 (1024 -1024 2016 ) (1024 -1024 -992 ) (1024 -2016 -992 ) (1024 -2016 2016 ) 
4 80 228 (0 -2016 2016 ) (0 -1024 2016 ) (0 -1024 -992 ) (0 -2016 -992 ) 
4 81 100 (0 2016 64 ) (0 1920 64 ) (-448 1920 64 ) (-448 2016 64 ) 
4 81 97 (-448 1920 64 ) (0 1920 64 ) (0 1920 176 ) (-448 1920 176 ) 
4 81 94 (0 1920 176 ) (0 1920 191 ) (-448 1920 191 ) (-448 1920 176 ) 
4 81 91 (0 1920 191 ) (0 1920 213 ) (-448 1920 213 ) (-448 1920 191 ) 
4 81 88 (0 1920 213 ) (0 1920 216 ) (-448 1920 216 ) (-448 1920 213 ) 
4 81 86 (0 1920 216 ) (0 1920 221 ) (-448 1920 221 ) (-448 1920 216 ) 
4 81 85 (0 1920 221 ) (0 1920 2016 ) (-448 1920 2016 ) (-448 1920 221 ) 
4 81 83 (-448 1920 221 ) (-448 1920 2016 ) (-448 1928 2016 ) (-448 1928 221 ) 
4 81 82 (-448 2016 2016 ) (-448 2016 64 ) (-448 1928 64 ) (-448 1928 2016 ) 
4 82 101 (-656 1928 64 ) (-656 2016 64 ) (-448 2016 64 ) (-448 1928 64 ) 
4 82 83 (-656 1928 2016 ) (-656 1928 221 ) (-448 1928 221 ) (-448 1928 2016 ) 
4 82 84 (-656 2016 2016 ) (-656 2016 64 ) (-656 1928 64 ) (-656 1928 2016 ) 
4 83 85 (-448 1920 221 ) (-448 1920 2016 ) (-656 1920 2016 ) (-656 1920 221 ) 
4 83 84 (-656 1920 221 ) (-656 1920 2016 ) (-656 1928 2016 ) (-656 1928 221 ) 
4 84 110 (-1024 2016 64 ) (-1024 1920 64 ) (-1024 1920 2016 ) (-1024 2016 2016 ) 
4 84 103 (-656 1920 64 ) (-1024 1920 64 ) (-1024 2016 64 ) (-656 2016 64 ) 
4 84 99 (-1024 1920 176 ) (-1024 1920 64 ) (-656 1920 64 ) (-656 1920 176 ) 
4 84 96 (-1024 1920 191 ) (-1024 1920 176 ) (-656 1920 176 ) (-656 1920 191 ) 
4 84 93 (-1024 1920 213 ) (-1024 1920 191 ) (-656 1920 191 ) (-656 1920 213 ) 
4 84 90 (-1024 1920 216 ) (-1024 1920 213 ) (-656 1920 213 ) (-656 1920 216 ) 
4 84 87 (-1024 1920 221 ) (-1024 1920 216 ) (-656 1920 216 ) (-656 1920 221 ) 
4 84 85 (-1024 1920 2016 ) (-1024 1920 221 ) (-656 1920 221 ) (-656 1920 2016 ) 
4 85 114 (-480 1024 2016 ) (-624 1024 2016 ) (-624 1024 221 ) (-480 1024 221 ) 
4 85 113 (0 1024 221 ) (0 1024 2016 ) (-480 1024 2016 ) (-480 1024 221 ) 
4 85 115 (-624 1024 2016 ) (-1024 1024 2016 ) (-1024 1024 221 ) (-624 1024 221 ) 
4 85 110 (-1024 1024 221 ) (-1024 1024 2016 ) (-1024 1920 2016 ) (-1024 1920 221 ) 
4 85 86 (-480 1920 221 ) (0 1920 221 ) (0 1024 221 ) (-480 1024 221 ) 
4 85 87 (-1024 1920 221 ) (-624 1920 221 ) (-624 1024 221 ) (-1024 1024 221 ) 
4 86 113 (0 1024 216 ) (0 1024 221 ) (-480 1024 221 ) (-480 1024 216 ) 
4 86 88 (0 1024 216 ) (-480 1024 216 ) (-480 1920 216 ) (0 1920 216 ) 
4 87 115 (-624 1024 221 ) (-1024 1024 221 ) (-1024 1024 216 ) (-624 1024 216 ) 
4 87 110 (-1024 1024 216 ) (-1024 1024 221 ) (-1024 1920 221 ) (-1024 1920 216 ) 
4 87 90 (-624 1024 216 ) (-1024 1024 216 ) (-1024 1920 216 ) (-624 1920 216 ) 
4 88 116 (0 1024 213 ) (0 1024 216 ) (-480 1024 216 ) (-480 1024 213 ) 
4 88 91 (-464 1920 213 ) (0 1920 213 ) (0 1024 213 ) (-464 1024 213 ) 
5 89 117 (-504 1024 216 ) (-600 1024 216 ) (-615 1024 213.001862 ) (-615 1024 213 ) (-489 1024 213 ) 
4 89 92 (-615 1920 213 ) (-489 1920 213 ) (-489 1024 213 ) (-615 1024 213 ) 
4 90 118 (-615 1024 216 ) (-1024 1024 216 ) (-1024 1024 213 ) (-615 1024 213 ) 
4 90 110 (-1024 1024 213 ) (-1024 1024 216 ) (-1024 1920 216 ) (-1024 1920 213 ) 
4 90 93 (-1024 1920 213 ) (-640 1920 213 ) (-640 1024 213 ) (-1024 1024 213 ) 
4 91 137 (-461 1024 208 ) (-464 1024 208 ) (-464 1024 191 ) (-461 1024 191 ) 
4 91 136 (-448 1024 208 ) (-461 1024 208 ) (-461 1024 191 ) (-448 1024 191 ) 
4 91 135 (0 1024 191 ) (0 1024 208 ) (-448 1024 208 ) (-448 1024 191 ) 
4 91 119 (0 1024 208 ) (0 1024 213 ) (-464 1024 213 ) (-464 1024 208 ) 
4 91 94 (-461 1920 191 ) (0 1920 191 ) (0 1024 191 ) (-461 1024 191 ) 
6 92 138 (-622.222229 1024 208 ) (-628 1024 204 ) (-637 1024 191 ) (-467 1024 191 ) (-476 1024 204 ) (-481.777740 1024 208 ) 
4 92 120 (-489 1024 213 ) (-615 1024 213 ) (-622.222229 1024 208 ) (-481.777740 1024 208 ) 
4 92 95 (-637 1920 191 ) (-467 1920 191 ) (-467 1024 191 ) (-637 1024 191 ) 
4 93 141 (-656 1024 191 ) (-643 1024 191 ) (-643 1024 208 ) (-656 1024 208 ) 
4 93 142 (-1024 1024 208 ) (-1024 1024 191 ) (-656 1024 191 ) (-656 1024 208 ) 
4 93 140 (-643 1024 191 ) (-640 1024 191 ) (-640 1024 208 ) (-643 1024 208 ) 
4 93 121 (-640 1024 213 ) (-1024 1024 213 ) (-1024 1024 208 ) (-640 1024 208 ) 
4 93 110 (-1024 1024 191 ) (-1024 1024 213 ) (-1024 1920 213 ) (-1024 1920 191 ) 
4 93 96 (-1024 1920 191 ) (-643 1920 191 ) (-643 1024 191 ) (-1024 1024 191 ) 
4 94 136 (-448 1024 191 ) (-461 1024 191 ) (-461 1024 176 ) (-448 1024 176 ) 
4 94 135 (0 1024 176 ) (0 1024 191 ) (-448 1024 191 ) (-448 1024 176 ) 
4 94 97 (0 1024 176 ) (-448 1024 176 ) (-448 1920 176 ) (0 1920 176 ) 
4 95 139 (-467 1024 191 ) (-637 1024 191 ) (-640 1024 176 ) (-464 1024 176 ) 
4 95 98 (-464 1024 176 ) (-640 1024 176 ) (-640 1920 176 ) (-464 1920 176 ) 
4 96 141 (-643 1024 191 ) (-656 1024 191 ) (-656 1024 176 ) (-643 1024 176 ) 
4 96 142 (-656 1024 191 ) (-1024 1024 191 ) (-1024 1024 176 ) (-656 1024 176 ) 
4 96 110 (-1024 1024 176 ) (-1024 1024 191 ) (-1024 1920 191 ) (-1024 1920 176 ) 
4 96 99 (-656 1024 176 ) (-1024 1024 176 ) (-1024 1920 176 ) (-656 1920 176 ) 
4 97 144 (0 1024 64 ) (0 1024 80 ) (-448 1024 80 ) (-448 1024 64 ) 
4 97 135 (0 1024 80 ) (0 1024 176 ) (-448 1024 176 ) (-448 1024 80 ) 
4 97 104 (0 1920 64 ) (0 1024 64 ) (-448 1024 64 ) (-448 1920 64 ) 
4 98 145 (-640 1024 80 ) (-640 1024 64 ) (-464 1024 64 ) (-464 1024 80 ) 
4 98 139 (-464 1024 176 ) (-640 1024 176 ) (-640 1024 80 ) (-464 1024 80 ) 
4 98 106 (-464 1024 64 ) (-640 1024 64 ) (-640 1920 64 ) (-464 1920 64 ) 
4 99 146 (-1024 1024 80 ) (-1024 1024 64 ) (-656 1024 64 ) (-656 1024 80 ) 
4 99 142 (-656 1024 176 ) (-1024 1024 176 ) (-1024 1024 80 ) (-656 1024 80 ) 
4 99 110 (-1024 1024 64 ) (-1024 1024 176 ) (-1024 1920 176 ) (-1024 1920 64 ) 
4 99 108 (-656 1024 64 ) (-1024 1024 64 ) (-1024 1920 64 ) (-656 1920 64 ) 
4 100 104 (0 1920 -992 ) (0 1920 64 ) (-448 1920 64 ) (-448 1920 -992 ) 
4 100 102 (-448 1928 -992 ) (-448 1920 -992 ) (-448 1920 16 ) (-448 1928 16 ) 
4 100 101 (-448 2016 64 ) (-448 2016 -992 ) (-448 1928 -992 ) (-448 1928 64 ) 
4 101 102 (-656 1928 16 ) (-656 1928 -992 ) (-448 1928 -992 ) (-448 1928 16 ) 
4 101 103 (-656 2016 64 ) (-656 2016 -992 ) (-656 1928 -992 ) (-656 1928 64 ) 
4 102 109 (-656 1920 16 ) (-656 1920 -992 ) (-640 1920 -992 ) (-640 1920 16 ) 
4 102 107 (-640 1920 -992 ) (-464 1920 -992 ) (-464 1920 16 ) (-640 1920 16 ) 
4 102 105 (-464 1920 -992 ) (-448 1920 -992 ) (-448 1920 16 ) (-464 1920 16 ) 
4 102 103 (-656 1928 -992 ) (-656 1920 -992 ) (-656 1920 16 ) (-656 1928 16 ) 
4 103 110 (-1024 1920 -992 ) (-1024 1920 64 ) (-1024 2016 64 ) (-1024 2016 -992 ) 
4 103 109 (-1024 1920 16 ) (-1024 1920 -992 ) (-656 1920 -992 ) (-656 1920 16 ) 
4 103 108 (-656 1920 64 ) (-1024 1920 64 ) (-1024 1920 16 ) (-656 1920 16 ) 
4 104 188 (0 1024 -992 ) (0 1024 16 ) (-448 1024 16 ) (-448 1024 -992 ) 
4 104 162 (0 1024 16 ) (0 1024 32 ) (-448 1024 32 ) (-448 1024 16 ) 
4 104 151 (0 1024 32 ) (0 1024 64 ) (-448 1024 64 ) (-448 1024 32 ) 
4 104 105 (-448 1920 16 ) (-448 1920 -992 ) (-448 1024 -992 ) (-448 1024 16 ) 
4 105 188 (-464 1024 16 ) (-464 1024 -992 ) (-448 1024 -992 ) (-448 1024 16 ) 
4 105 107 (-464 1920 16 ) (-464 1920 -992 ) (-464 1024 -992 ) (-464 1024 16 ) 
4 106 163 (-464 1024 24 ) (-464 1024 32 ) (-640 1024 32 ) (-640 1024 24 ) 
4 106 155 (-464 1024 32 ) (-464 1024 64 ) (-640 1024 64 ) (-640 1024 32 ) 
4 107 188 (-464 1024 -992 ) (-464 1024 16 ) (-640 1024 16 ) (-640 1024 -992 ) 
4 107 109 (-640 1920 16 ) (-640 1920 -992 ) (-640 1024 -992 ) (-640 1024 16 ) 
4 108 166 (-1024 1024 32 ) (-1024 1024 16 ) (-656 1024 16 ) (-656 1024 32 ) 
4 108 158 (-656 1024 64 ) (-1024 1024 64 ) (-1024 1024 32 ) (-656 1024 32 ) 
4 108 110 (-1024 1024 16 ) (-1024 1024 64 ) (-1024 1920 64 ) (-1024 1920 16 ) 
4 108 109 (-1024 1024 16 ) (-1024 1920 16 ) (-656 1920 16 ) (-656 1024 16 ) 
4 109 188 (-640 1024 -992 ) (-640 1024 16 ) (-1024 1024 16 ) (-1024 1024 -992 ) 
4 109 110 (-1024 1024 -992 ) (-1024 1024 16 ) (-1024 1920 16 ) (-1024 1920 -992 ) 
4 110 225 (-1024 1024 -992 ) (-1024 1024 16 ) (-2048 1024 16 ) (-2048 1024 -992 ) 
4 110 224 (-1024 1024 16 ) (-1024 1024 24 ) (-2048 1024 24 ) (-2048 1024 16 ) 
4 110 220 (-1024 1024 24 ) (-1024 1024 32 ) (-2048 1024 32 ) (-2048 1024 24 ) 
4 110 208 (-1024 1024 32 ) (-1024 1024 64 ) (-2048 1024 64 ) (-2048 1024 32 ) 
4 110 203 (-1024 1024 64 ) (-1024 1024 80 ) (-2048 1024 80 ) (-2048 1024 64 ) 
4 110 202 (-1024 1024 80 ) (-1024 1024 208 ) (-2048 1024 208 ) (-2048 1024 80 ) 
4 110 196 (-1024 1024 208 ) (-1024 1024 251 ) (-2048 1024 251 ) (-2048 1024 208 ) 
4 110 190 (-1024 1024 251 ) (-1024 1024 272 ) (-2048 1024 272 ) (-2048 1024 251 ) 
4 110 189 (-1024 1024 272 ) (-1024 1024 2016 ) (-2048 1024 2016 ) (-2048 1024 272 ) 
4 110 111 (-2048 1024 -992 ) (-2048 1024 2016 ) (-2048 2016 2016 ) (-2048 2016 -992 ) 
4 111 267 (-2048 1024 -992 ) (-2048 1024 16 ) (-3072 1024 16 ) (-3072 1024 -992 ) 
4 111 266 (-2048 1024 16 ) (-2048 1024 24 ) (-3072 1024 24 ) (-3072 1024 16 ) 
4 111 262 (-2048 1024 24 ) (-2048 1024 32 ) (-3072 1024 32 ) (-3072 1024 24 ) 
4 111 250 (-2048 1024 32 ) (-2048 1024 64 ) (-3072 1024 64 ) (-3072 1024 32 ) 
4 111 245 (-2048 1024 64 ) (-2048 1024 80 ) (-3072 1024 80 ) (-3072 1024 64 ) 
4 111 244 (-2048 1024 80 ) (-2048 1024 208 ) (-3072 1024 208 ) (-3072 1024 80 ) 
4 111 231 (-2048 1024 208 ) (-2048 1024 272 ) (-3072 1024 272 ) (-3072 1024 208 ) 
4 111 230 (-2048 1024 272 ) (-2048 1024 2016 ) (-3072 1024 2016 ) (-3072 1024 272 ) 
4 111 112 (-3072 1024 -992 ) (-3072 1024 2016 ) (-3072 2016 2016 ) (-3072 2016 -992 ) 
4 112 297 (-3592 1024 2016 ) (-4064 1024 2016 ) (-4064 1024 -992 ) (-3592 1024 -992 ) 
4 112 294 (-3584 1024 2016 ) (-3592 1024 2016 ) (-3592 1024 -992 ) (-3584 1024 -992 ) 
4 112 293 (-3072 1024 -992 ) (-3072 1024 16 ) (-3584 1024 16 ) (-3584 1024 -992 ) 
4 112 281 (-3072 1024 16 ) (-3072 1024 32 ) (-3584 1024 32 ) (-3584 1024 16 ) 
4 112 280 (-3072 1024 32 ) (-3072 1024 64 ) (-3584 1024 64 ) (-3584 1024 32 ) 
4 112 276 (-3072 1024 64 ) (-3072 1024 80 ) (-3584 1024 80 ) (-3584 1024 64 ) 
4 112 275 (-3072 1024 80 ) (-3072 1024 208 ) (-3584 1024 208 ) (-3584 1024 80 ) 
4 112 273 (-3072 1024 208 ) (-3072 1024 251 ) (-3584 1024 251 ) (-3584 1024 208 ) 
4 112 270 (-3072 1024 251 ) (-3072 1024 272 ) (-3584 1024 272 ) (-3584 1024 251 ) 
4 112 269 (-3072 1024 272 ) (-3072 1024 2016 ) (-3584 1024 2016 ) (-3584 1024 272 ) 
4 113 123 (0 254 251 ) (0 254 272 ) (-480 254 272 ) (-480 254 251 ) 
4 113 122 (0 254 272 ) (0 254 2016 ) (-480 254 2016 ) (-480 254 272 ) 
4 113 116 (0 254 216 ) (-480 254 216 ) (-480 1024 216 ) (0 1024 216 ) 
4 113 114 (-480 254 221 ) (-480 254 2016 ) (-480 1024 2016 ) (-480 1024 221 ) 
4 114 123 (-624 254 272 ) (-624 254 251 ) (-480 254 251 ) (-480 254 272 ) 
4 114 122 (-480 254 2016 ) (-624 254 2016 ) (-624 254 272 ) (-480 254 272 ) 
4 114 115 (-624 254 221 ) (-624 254 2016 ) (-624 1024 2016 ) (-624 1024 221 ) 
4 115 196 (-1024 1024 251 ) (-1024 1024 216 ) (-1024 254 216 ) (-1024 254 251 ) 
4 115 190 (-1024 1024 272 ) (-1024 1024 251 ) (-1024 254 251 ) (-1024 254 272 ) 
4 115 189 (-1024 1024 2016 ) (-1024 1024 272 ) (-1024 254 272 ) (-1024 254 2016 ) 
4 115 123 (-1024 254 272 ) (-1024 254 251 ) (-624 254 251 ) (-624 254 272 ) 
4 115 122 (-624 254 2016 ) (-1024 254 2016 ) (-1024 254 272 ) (-624 254 272 ) 
4 115 118 (-624 254 216 ) (-1024 254 216 ) (-1024 1024 216 ) (-624 1024 216 ) 
4 116 119 (0 254 213 ) (-464 254 213 ) (-464 1024 213 ) (0 1024 213 ) 
4 117 134 (-504 254 216 ) (-600.010742 254 216 ) (-615 254 213 ) (-489 254 213 ) 
4 117 120 (-489 254 213 ) (-615 254 213 ) (-615 1024 213 ) (-489 1024 213 ) 
4 118 196 (-1024 1024 216 ) (-1024 1024 213 ) (-1024 254 213 ) (-1024 254 216 ) 
4 118 121 (-640 254 213 ) (-1024 254 213 ) (-1024 1024 213 ) (-640 1024 213 ) 
4 119 137 (-464 1024 208 ) (-461 1024 208 ) (-461 259 208 ) (-464 259 208 ) 
4 119 136 (-461 1024 208 ) (-448 1024 208 ) (-448 259 208 ) (-461 259 208 ) 
4 119 135 (-448 1024 208 ) (0 1024 208 ) (0 259 208 ) (-448 259 208 ) 
4 120 138 (-622.222290 1024 208 ) (-481.777771 1024 208 ) (-481.777771 254 208 ) (-622.222290 254 208 ) 
4 120 134 (-622 254 208 ) (-481.777771 254 208 ) (-489 254 213 ) (-615 254 213 ) 
4 121 196 (-1024 1024 213 ) (-1024 1024 208 ) (-1024 254 208 ) (-1024 254 213 ) 
4 121 141 (-656 1024 208 ) (-643 1024 208 ) (-643 259 208 ) (-656 259 208 ) 
4 121 142 (-1024 259 208 ) (-1024 1024 208 ) (-656 1024 208 ) (-656 259 208 ) 
4 121 140 (-643 1024 208 ) (-640 1024 208 ) (-640 259 208 ) (-643 259 208 ) 
4 122 226 (0 0 272 ) (0 0 2016 ) (-1024 0 2016 ) (-1024 0 272 ) 
4 122 189 (-1024 0 272 ) (-1024 0 2016 ) (-1024 254 2016 ) (-1024 254 272 ) 
4 122 128 (-1024 0 272 ) (-1024 24 272 ) (0 24 272 ) (0 0 272 ) 
4 122 123 (-1024 230 272 ) (-1024 254 272 ) (0 254 272 ) (0 230 272 ) 
4 123 190 (-1024 230 272 ) (-1024 254 272 ) (-1024 254 251 ) (-1024 230 251 ) 
4 124 129 (-128 207 251 ) (0 207 251 ) (0 144 251 ) (-128 144 251 ) 
4 124 127 (-128 144 266.068176 ) (-128 170.990463 263.001068 ) (-128 206.993668 251 ) (-128 144 251 ) 
4 124 125 (-128 144 266.068176 ) (-128 144 251 ) (0 144 251 ) (0 144 266.068176 ) 
4 125 130 (0 144 251 ) (0 128 251 ) (-128 128 251 ) (-128 144 251 ) 
4 125 126 (-128 128 267.886322 ) (-128 128 251 ) (0 128 251 ) (0 128 267.886322 ) 
4 125 127 (-128 128 267.886353 ) (-128 144 266.068176 ) (-128 144 251 ) (-128 128 251 ) 
4 126 132 (0 128 251 ) (0 47 251 ) (-128 47 251 ) (-128 128 251 ) 
5 126 127 (-128 46.996716 251 ) (-128 82.996094 263 ) (-128 126.996872 268 ) (-128 128 267.886353 ) (-128 128 251 ) 
5 127 191 (-1024 127 268 ) (-1024 171 263 ) (-1024 207 251 ) (-1024 47 251 ) (-1024 83 263 ) 
4 127 133 (-1024 47 251 ) (-1024 207 251 ) (-128 207 251 ) (-128 47 251 ) 
4 128 226 (0 0 251 ) (0 0 272 ) (-1024 0 272 ) (-1024 0 251 ) 
4 128 195 (-1024 0 251 ) (-1024 0 272 ) (-1024 24 272 ) (-1024 24 251 ) 
4 129 143 (-128 243 208 ) (0 243 208 ) (0 144 208 ) (-128 144 208 ) 
4 129 131 (-128 144 240 ) (-128 144 208 ) (0 144 208 ) (0 144 240 ) 
4 129 130 (-128 144 251 ) (-128 144 240 ) (0 144 240 ) (0 144 251 ) 
5 129 133 (-128 144 251 ) (-128 206.994156 251 ) (-128 234.002396 230.993896 ) (-128 243 208 ) (-128 144 208 ) 
4 130 133 (-128 128 251 ) (-128 144 251 ) (-128 144 240 ) (-128 128 240 ) 
4 130 132 (-128 128 251 ) (-128 128 240 ) (0 128 240 ) (0 128 251 ) 
4 130 131 (0 128 240 ) (-128 128 240 ) (-128 144 240 ) (0 144 240 ) 
4 131 143 (0 144 208 ) (0 128 208 ) (-128 128 208 ) (-128 144 208 ) 
4 131 133 (-128 144 240 ) (-128 144 208 ) (-128 128 208 ) (-128 128 240 ) 
4 131 132 (-128 128 240 ) (-128 128 208 ) (0 128 208 ) (0 128 240 ) 
4 132 143 (0 128 208 ) (0 11 208 ) (-128 11 208 ) (-128 128 208 ) 
5 132 133 (-128 11.003906 208 ) (-128 20.003906 231 ) (-128 47.002426 251 ) (-128 128 251 ) (-128 128 208 ) 
6 133 197 (-1024 47 251 ) (-1024 207 251 ) (-1024 234 231 ) (-1024 243 208 ) (-1024 11 208 ) (-1024 20 231 ) 
4 133 143 (-1024 11 208 ) (-1024 243 208 ) (-128 243 208 ) (-128 11 208 ) 
6 133 134 (-481.777039 243.001007 208 ) (-622 243.001007 208 ) (-615 241.044464 213 ) (-600 239.870544 216 ) (-504 239.870544 216 ) (-489 241.044464 213 ) 
4 134 138 (-622 254 208 ) (-481.776978 254 208 ) (-481.777008 243 208 ) (-622 243 208 ) 
4 135 144 (-448 1024 80 ) (0 1024 80 ) (0 259 80 ) (-448 259 80 ) 
4 135 136 (-448 259 176 ) (-448 259 208 ) (-448 1024 208 ) (-448 1024 176 ) 
4 136 137 (-461 259 191 ) (-461 259 208 ) (-461 1024 208 ) (-461 1024 191 ) 
6 138 143 (-476 243 204 ) (-481.775024 243 208 ) (-622.222290 243 208 ) (-628 243 204 ) (-637 243 191 ) (-467 243 191 ) 
4 138 139 (-637 1024 191 ) (-467 1024 191 ) (-467 243 191 ) (-637 243 191 ) 
4 139 145 (-640 1024 80 ) (-464 1024 80 ) (-464 243 80 ) (-640 243 80 ) 
6 139 143 (-640 243 80 ) (-464 243 80 ) (-464 243 176 ) (-467 243 191 ) (-637 243 191 ) (-640 243 176 ) 
4 140 141 (-643 259 208 ) (-643 1024 208 ) (-643 1024 191 ) (-643 259 191 ) 
4 141 142 (-656 259 176 ) (-656 259 208 ) (-656 1024 208 ) (-656 1024 176 ) 
4 142 202 (-1024 259 208 ) (-1024 1024 208 ) (-1024 1024 80 ) (-1024 259 80 ) 
4 142 146 (-1024 259 80 ) (-1024 1024 80 ) (-656 1024 80 ) (-656 259 80 ) 
4 143 204 (-1024 11 208 ) (-1024 243 208 ) (-1024 243 80 ) (-1024 11 80 ) 
4 143 150 (-1024 96 80 ) (-1024 233 80 ) (0 233 80 ) (0 96 80 ) 
4 143 149 (-1024 233 80 ) (-1024 243 80 ) (-967 243 80 ) (-967 233 80 ) 
4 143 147 (-215 243 80 ) (0 243 80 ) (0 233 80 ) (-215 233 80 ) 
4 143 148 (-951 243 80 ) (-231 243 80 ) (-231 233 80 ) (-951 233 80 ) 
4 144 151 (-448 1024 64 ) (0 1024 64 ) (0 259 64 ) (-448 259 64 ) 
4 145 157 (-464 253 64 ) (-464 243 64 ) (-640 243 64 ) (-640 253 64 ) 
4 145 156 (-464 656 64 ) (-464 253 64 ) (-640 253 64 ) (-640 656 64 ) 
4 145 155 (-640 1024 64 ) (-464 1024 64 ) (-464 656 64 ) (-640 656 64 ) 
4 145 148 (-640 243 64 ) (-464 243 64 ) (-464 243 80 ) (-640 243 80 ) 
4 146 203 (-1024 253 80 ) (-1024 1024 80 ) (-1024 1024 64 ) (-1024 253 64 ) 
4 146 158 (-1024 253 64 ) (-1024 1024 64 ) (-656 1024 64 ) (-656 253 64 ) 
4 147 152 (-215 243 64 ) (0 243 64 ) (0 233 64 ) (-215 233 64 ) 
4 147 150 (-215 233 64 ) (0 233 64 ) (0 233 80 ) (-215 233 80 ) 
4 148 159 (-951 243 64 ) (-640 243 64 ) (-640 233 64 ) (-951 233 64 ) 
4 148 157 (-640 243 64 ) (-464 243 64 ) (-464 233 64 ) (-640 233 64 ) 
4 148 154 (-464 243 64 ) (-231 243 64 ) (-231 233 64 ) (-464 233 64 ) 
4 148 150 (-951 233 64 ) (-231 233 64 ) (-231 233 80 ) (-951 233 80 ) 
4 149 205 (-1024 233 80 ) (-1024 243 80 ) (-1024 243 64 ) (-1024 233 64 ) 
4 149 161 (-1024 233 64 ) (-1024 243 64 ) (-967 243 64 ) (-967 233 64 ) 
4 149 150 (-1024 233 64 ) (-967 233 64 ) (-967 233 80 ) (-1024 233 80 ) 
4 150 207 (-1024 96 80 ) (-1024 233 80 ) (-1024 233 64 ) (-1024 96 64 ) 
4 150 177 (-1024 96 64 ) (-1024 144 64 ) (-640 144 64 ) (-640 96 64 ) 
4 150 176 (-1024 144 64 ) (-1024 201 64 ) (-640 201 64 ) (-640 144 64 ) 
4 150 175 (-1024 201 64 ) (-1024 225 64 ) (-640 225 64 ) (-640 201 64 ) 
4 150 173 (-464 201 64 ) (-464 144 64 ) (-640 144 64 ) (-640 201 64 ) 
4 150 172 (-640 225 64 ) (-464 225 64 ) (-464 201 64 ) (-640 201 64 ) 
4 150 174 (-464 144 64 ) (-464 96 64 ) (-640 96 64 ) (-640 144 64 ) 
4 150 170 (0 201 64 ) (0 144 64 ) (-464 144 64 ) (-464 201 64 ) 
4 150 169 (-464 225 64 ) (0 225 64 ) (0 201 64 ) (-464 201 64 ) 
4 150 171 (0 144 64 ) (0 96 64 ) (-464 96 64 ) (-464 144 64 ) 
4 150 160 (-967 233 64 ) (-951 233 64 ) (-951 225 64 ) (-967 225 64 ) 
4 150 159 (-951 233 64 ) (-640 233 64 ) (-640 225 64 ) (-951 225 64 ) 
4 150 161 (-1024 225 64 ) (-1024 233 64 ) (-967 233 64 ) (-967 225 64 ) 
4 150 157 (-640 233 64 ) (-464 233 64 ) (-464 225 64 ) (-640 225 64 ) 
4 150 153 (-231 233 64 ) (-215 233 64 ) (-215 225 64 ) (-231 225 64 ) 
4 150 152 (-215 233 64 ) (0 233 64 ) (0 225 64 ) (-215 225 64 ) 
4 150 154 (-464 233 64 ) (-231 233 64 ) (-231 225 64 ) (-464 225 64 ) 
4 151 162 (-448 1024 32 ) (0 1024 32 ) (0 249 32 ) (-448 249 32 ) 
4 152 169 (0 225 32 ) (0 225 64 ) (-215 225 64 ) (-215 225 32 ) 
3 152 153 (-215 225 32 ) (-215 225 64 ) (-215 233 64 ) 
4 153 169 (-215 225 64 ) (-231 225 64 ) (-231 225 32 ) (-215 225 32 ) 
3 153 154 (-231 225 32 ) (-231 225 64 ) (-231 233 64 ) 
4 154 169 (-231 225 64 ) (-464 225 64 ) (-464 225 32 ) (-231 225 32 ) 
3 154 157 (-464 225 32 ) (-464 225 64 ) (-464 243 64 ) 
4 155 163 (-640 656 32 ) (-640 1024 32 ) (-464 1024 32 ) (-464 656 32 ) 
4 155 156 (-640 656 64 ) (-640 656 32 ) (-464 656 32 ) (-464 656 64 ) 
4 156 164 (-640 253 32 ) (-640 656 32 ) (-464 656 32 ) (-464 253 32 ) 
4 156 157 (-640 253 64 ) (-640 253 32 ) (-464 253 32 ) (-464 253 64 ) 
4 157 172 (-464 225 64 ) (-640 225 64 ) (-640 225 32 ) (-464 225 32 ) 
4 157 165 (-464 225 32 ) (-640 225 32 ) (-640 253 32 ) (-464 253 32 ) 
3 157 159 (-640 225 32 ) (-640 225 64 ) (-640 243 64 ) 
4 158 208 (-1024 249 64 ) (-1024 1024 64 ) (-1024 1024 32 ) (-1024 249 32 ) 
4 158 166 (-1024 249 32 ) (-1024 1024 32 ) (-656 1024 32 ) (-656 249 32 ) 
4 159 175 (-640 225 64 ) (-951 225 64 ) (-951 225 32 ) (-640 225 32 ) 
3 159 160 (-951 225 32 ) (-951 225 64 ) (-951 233 64 ) 
4 160 175 (-951 225 64 ) (-967 225 64 ) (-967 225 32 ) (-951 225 32 ) 
3 160 161 (-967 225 32 ) (-967 225 64 ) (-967 233 64 ) 
3 161 210 (-1024 225 64 ) (-1024 243 64 ) (-1024 225 32 ) 
4 161 175 (-967 225 64 ) (-1024 225 64 ) (-1024 225 32 ) (-967 225 32 ) 
4 162 188 (-448 1024 16 ) (0 1024 16 ) (0 225 16 ) (-448 225 16 ) 
4 163 164 (-640 656 32 ) (-640 656 24 ) (-464 656 24 ) (-464 656 32 ) 
4 164 165 (-640 253 32 ) (-640 253 24 ) (-464 253 24 ) (-464 253 32 ) 
4 165 167 (-464 225 24 ) (-464 225 32 ) (-640 225 32 ) (-640 225 24 ) 
4 166 224 (-1024 1024 24 ) (-1024 1024 16 ) (-1024 225 16 ) (-1024 225 24 ) 
4 166 220 (-1024 1024 32 ) (-1024 1024 24 ) (-1024 225 24 ) (-1024 225 32 ) 
4 166 188 (-1024 225 16 ) (-1024 1024 16 ) (-656 1024 16 ) (-656 225 16 ) 
4 167 182 (-464 225 32.001953 ) (-640 225 32.001953 ) (-640 200.994629 24 ) (-464 200.994629 24 ) 
4 168 226 (0 0 32 ) (0 0 64 ) (-1024 0 64 ) (-1024 0 32 ) 
4 168 209 (-1024 0 32 ) (-1024 0 64 ) (-1024 88 64 ) (-1024 88 32 ) 
4 168 178 (-1024 0 32 ) (-1024 88 32 ) (0 88 32 ) (0 0 32 ) 
4 169 179 (-464 224.996094 32 ) (0 224.996094 32 ) (0 201 32 ) (-464 201 32 ) 
4 169 172 (-464 225 64 ) (-464 225 32 ) (-464 201 32 ) (-464 201 64 ) 
4 169 170 (-464 201 64 ) (-464 201 32 ) (0 201 32 ) (0 201 64 ) 
4 170 180 (0 201 32 ) (0 144 32 ) (-464 144 32 ) (-464 201 32 ) 
4 170 173 (-464 201 32 ) (-464 144 32 ) (-464 144 64 ) (-464 201 64 ) 
4 170 171 (-464 144 64 ) (-464 144 32 ) (0 144 32 ) (0 144 64 ) 
4 171 181 (0 144 32 ) (0 112 32 ) (-464 112 32 ) (-464 144 32 ) 
4 171 174 (-464 144 32 ) (-464 112 32 ) (-464 96 64 ) (-464 144 64 ) 
4 172 182 (-640 224.996094 32 ) (-464 224.996094 32 ) (-464 201 32 ) (-640 201 32 ) 
4 172 175 (-640 225 64 ) (-640 225 32 ) (-640 201 32 ) (-640 201 64 ) 
4 172 173 (-640 201 64 ) (-640 201 32 ) (-464 201 32 ) (-464 201 64 ) 
4 173 183 (-464 201 32 ) (-464 144 32 ) (-640 144 32 ) (-640 201 32 ) 
4 173 176 (-640 201 32 ) (-640 144 32 ) (-640 144 64 ) (-640 201 64 ) 
4 173 174 (-640 144 64 ) (-640 144 32 ) (-464 144 32 ) (-464 144 64 ) 
4 174 184 (-464 144 32 ) (-464 112 32 ) (-640 112 32 ) (-640 144 32 ) 
4 174 177 (-640 144 32 ) (-640 112 32 ) (-640 96 64 ) (-640 144 64 ) 
4 175 210 (-1024 201 64 ) (-1024 225 64 ) (-1024 225 32 ) (-1024 201 32 ) 
4 175 185 (-1024 201 32 ) (-1024 224.996094 32 ) (-640 224.996094 32 ) (-640 201 32 ) 
4 175 176 (-1024 201 32 ) (-640 201 32 ) (-640 201 64 ) (-1024 201 64 ) 
4 176 211 (-1024 144 64 ) (-1024 201 64 ) (-1024 201 32 ) (-1024 144 32 ) 
4 176 186 (-1024 144 32 ) (-1024 201 32 ) (-640 201 32 ) (-640 144 32 ) 
4 176 177 (-1024 144 32 ) (-640 144 32 ) (-640 144 64 ) (-1024 144 64 ) 
4 177 212 (-1024 96 64 ) (-1024 144 64 ) (-1024 144 32 ) (-1024 112 32 ) 
4 177 187 (-1024 112 32 ) (-1024 144 32 ) (-640 144 32 ) (-640 112 32 ) 
4 178 226 (0 0 16 ) (0 0 32 ) (-1024 0 32 ) (-1024 0 16 ) 
4 178 219 (-1024 0 16 ) (-1024 0 32 ) (-1024 112 32 ) (-1024 112 16 ) 
4 178 188 (0 0 16 ) (-1024 0 16 ) (-1024 112 16 ) (0 112 16 ) 
3 179 182 (-464 201 24 ) (-464 201 32 ) (-464 225 32 ) 
4 179 180 (-464 201 32 ) (-464 201 24 ) (0 201 24 ) (0 201 32 ) 
5 180 183 (-464 201 24 ) (-464 144.003906 24 ) (-464 144 24 ) (-464 144 32 ) (-464 201 32 ) 
4 180 181 (-464 144 32 ) (-464 144 24 ) (0 144 24 ) (0 144 32 ) 
3 181 184 (-464 144 24 ) (-464 112.003906 32 ) (-464 144 32 ) 
3 182 185 (-640 201 24 ) (-640 201 32 ) (-640 225 32 ) 
4 182 183 (-640 201 32 ) (-640 201 24 ) (-464 201 24 ) (-464 201 32 ) 
5 183 186 (-640 201 24 ) (-640 144.003906 24 ) (-640 144 24 ) (-640 144 32 ) (-640 201 32 ) 
4 183 184 (-640 144 32 ) (-640 144 24 ) (-464 144 24 ) (-464 144 32 ) 
3 184 187 (-640 144 24 ) (-640 112.003906 32 ) (-640 144 32 ) 
3 185 221 (-1024 201 32 ) (-1024 225 32 ) (-1024 201 24 ) 
4 185 186 (-1024 201 24 ) (-640 201 24 ) (-640 201 32 ) (-1024 201 32 ) 
4 186 222 (-1024 144 32 ) (-1024 201 32 ) (-1024 201 24 ) (-1024 144 24 ) 
4 186 187 (-1024 144 24 ) (-640 144 24 ) (-640 144 32 ) (-1024 144 32 ) 
3 187 223 (-1024 112 32 ) (-1024 144 32 ) (-1024 144 24 ) 
4 188 226 (0 0 -992 ) (0 0 16 ) (-1024 0 16 ) (-1024 0 -992 ) 
4 188 225 (-1024 0 -992 ) (-1024 0 16 ) (-1024 1024 16 ) (-1024 1024 -992 ) 
4 189 230 (-2048 1024 2016 ) (-2048 1024 272 ) (-2048 0 272 ) (-2048 0 2016 ) 
4 189 227 (-2048 0 2016 ) (-2048 0 272 ) (-1024 0 272 ) (-1024 0 2016 ) 
4 189 190 (-1024 1024 272 ) (-1024 230 272 ) (-2048 230 272 ) (-2048 1024 272 ) 
4 189 195 (-1024 24 272 ) (-1024 0 272 ) (-2048 0 272 ) (-2048 24 272 ) 
4 190 238 (-2048 230 256.295471 ) (-2048 230 272 ) (-2048 254 272 ) (-2048 254 253.568176 ) 
4 190 232 (-2048 254 251 ) (-2048 230 251 ) (-2048 230 256.295471 ) (-2048 254 253.568176 ) 
4 190 231 (-2048 1024 272 ) (-2048 1024 251 ) (-2048 254 251 ) (-2048 254 272 ) 
4 190 196 (-2048 254 251 ) (-2048 1024 251 ) (-1024 1024 251 ) (-1024 254 251 ) 
4 191 197 (-1703 207 251 ) (-1024 207 251 ) (-1024 47 251 ) (-1703 47 251 ) 
4 191 193 (-1703 128 267.886383 ) (-1703 144 266.068207 ) (-1703 144 251 ) (-1703 128 251 ) 
4 191 192 (-1703 144 266.068207 ) (-1703 170.997040 263 ) (-1703 206.998062 251 ) (-1703 144 251 ) 
5 191 194 (-1703 47.002953 251 ) (-1703 83.011719 263.003418 ) (-1703 126.990952 268.001038 ) (-1703 128 267.886383 ) (-1703 128 251 ) 
4 192 233 (-2048 207 251 ) (-2048 144 251 ) (-2048 144 266.068176 ) (-2048 171 263 ) 
4 192 198 (-2048 144 251 ) (-2048 207 251 ) (-1703 207 251 ) (-1703 144 251 ) 
4 192 193 (-2048 144 251 ) (-1703 144 251 ) (-1703 144 266.066406 ) (-2048 144 266.066406 ) 
4 193 234 (-2048 144 251 ) (-2048 128 251 ) (-2048 128 267.886353 ) (-2048 144 266.068176 ) 
4 193 199 (-2048 128 251 ) (-2048 144 251 ) (-1703 144 251 ) (-1703 128 251 ) 
4 193 194 (-2048 128 251 ) (-1703 128 251 ) (-1703 128 267.886719 ) (-2048 128 267.886719 ) 
5 194 236 (-2048 128 251 ) (-2048 47 251 ) (-2048 83 263 ) (-2048 127 268 ) (-2048 128 267.886353 ) 
4 194 201 (-2048 47 251 ) (-2048 128 251 ) (-1703 128 251 ) (-1703 47 251 ) 
4 195 237 (-2048 24 251 ) (-2048 0 251 ) (-2048 0 272 ) (-2048 24 272 ) 
4 195 227 (-2048 0 272 ) (-2048 0 251 ) (-1024 0 251 ) (-1024 0 272 ) 
4 196 231 (-2048 1024 251 ) (-2048 1024 208 ) (-2048 254 208 ) (-2048 254 251 ) 
4 196 202 (-2048 259 208 ) (-2048 1024 208 ) (-1024 1024 208 ) (-1024 259 208 ) 
4 197 204 (-1703 243 208 ) (-1024 243 208 ) (-1024 11 208 ) (-1703 11 208 ) 
4 197 200 (-1703 144 240 ) (-1703 144 208 ) (-1703 128 208 ) (-1703 128 240 ) 
4 197 199 (-1703 128 251 ) (-1703 144 251 ) (-1703 144 240 ) (-1703 128 240 ) 
5 197 198 (-1703 144 251 ) (-1703 207.007965 251 ) (-1703 233.996719 231.008331 ) (-1703 243 208 ) (-1703 144 208 ) 
5 197 201 (-1703 10.998047 208 ) (-1703 19.998047 231.003906 ) (-1703 46.994606 251 ) (-1703 128 251 ) (-1703 128 208 ) 
5 198 239 (-2048 243 208 ) (-2048 144 208 ) (-2048 144 251 ) (-2048 207 251 ) (-2048 234 231 ) 
4 198 204 (-2048 144 208 ) (-2048 243 208 ) (-1703 243 208 ) (-1703 144 208 ) 
4 198 200 (-2048 144 208 ) (-1703 144 208 ) (-1703 144 240 ) (-2048 144 240 ) 
4 198 199 (-1703 144 240 ) (-1703 144 251 ) (-2048 144 251 ) (-2048 144 240 ) 
4 199 240 (-2048 128 240 ) (-2048 128 251 ) (-2048 144 251 ) (-2048 144 240 ) 
4 199 201 (-1703 128 240 ) (-1703 128 251 ) (-2048 128 251 ) (-2048 128 240 ) 
4 199 200 (-1703 128 240 ) (-2048 128 240 ) (-2048 144 240 ) (-1703 144 240 ) 
4 200 242 (-2048 144 208 ) (-2048 128 208 ) (-2048 128 240 ) (-2048 144 240 ) 
4 200 204 (-2048 128 208 ) (-2048 144 208 ) (-1703 144 208 ) (-1703 128 208 ) 
4 200 201 (-2048 128 208 ) (-1703 128 208 ) (-1703 128 240 ) (-2048 128 240 ) 
5 201 243 (-2048 128 208 ) (-2048 11 208 ) (-2048 20 231 ) (-2048 47 251 ) (-2048 128 251 ) 
4 201 204 (-2048 11 208 ) (-2048 128 208 ) (-1703 128 208 ) (-1703 11 208 ) 
4 202 244 (-2048 1024 208 ) (-2048 1024 80 ) (-2048 259 80 ) (-2048 259 208 ) 
4 202 203 (-2048 259 80 ) (-2048 1024 80 ) (-1024 1024 80 ) (-1024 259 80 ) 
4 203 245 (-2048 1024 80 ) (-2048 1024 64 ) (-2048 253 64 ) (-2048 253 80 ) 
4 203 208 (-1024 1024 64 ) (-1024 253 64 ) (-2048 253 64 ) (-2048 1024 64 ) 
4 204 246 (-2048 11 80 ) (-2048 11 208 ) (-2048 243 208 ) (-2048 243 80 ) 
4 204 207 (-2048 96 80 ) (-2048 233 80 ) (-1024 233 80 ) (-1024 96 80 ) 
4 204 205 (-1687 243 80 ) (-1024 243 80 ) (-1024 233 80 ) (-1687 233 80 ) 
4 204 206 (-2048 233 80 ) (-2048 243 80 ) (-1703 243 80 ) (-1703 233 80 ) 
4 205 210 (-1024 243 64 ) (-1024 233 64 ) (-1687 233 64 ) (-1687 243 64 ) 
4 205 207 (-1687 233 64 ) (-1024 233 64 ) (-1024 233 80 ) (-1687 233 80 ) 
4 206 247 (-2048 243 64 ) (-2048 233 64 ) (-2048 233 80 ) (-2048 243 80 ) 
4 206 216 (-1703 233 64 ) (-2048 233 64 ) (-2048 243 64 ) (-1703 243 64 ) 
4 206 207 (-2048 233 64 ) (-1703 233 64 ) (-1703 233 80 ) (-2048 233 80 ) 
4 207 249 (-2048 233 64 ) (-2048 96 64 ) (-2048 96 80 ) (-2048 233 80 ) 
4 207 217 (-2048 144 64 ) (-2048 201 64 ) (-1703 201 64 ) (-1703 144 64 ) 
4 207 216 (-2048 201 64 ) (-2048 233 64 ) (-1703 233 64 ) (-1703 201 64 ) 
4 207 218 (-1703 96 64 ) (-2048 96 64 ) (-2048 144 64 ) (-1703 144 64 ) 
4 207 214 (-1703 144 64 ) (-1703 201 64 ) (-1687 201 64 ) (-1687 144 64 ) 
4 207 213 (-1703 201 64 ) (-1703 233 64 ) (-1687 233 64 ) (-1687 201 64 ) 
4 207 215 (-1687 96 64 ) (-1703 96 64 ) (-1703 144 64 ) (-1687 144 64 ) 
4 207 212 (-1024 144 64 ) (-1024 96 64 ) (-1687 96 64 ) (-1687 144 64 ) 
4 207 211 (-1024 201 64 ) (-1024 144 64 ) (-1687 144 64 ) (-1687 201 64 ) 
4 207 210 (-1024 233 64 ) (-1024 201 64 ) (-1687 201 64 ) (-1687 233 64 ) 
4 208 250 (-2048 1024 64 ) (-2048 1024 32 ) (-2048 249 32 ) (-2048 249 64 ) 
4 208 220 (-2048 249 32 ) (-2048 1024 32 ) (-1024 1024 32 ) (-1024 249 32 ) 
4 209 251 (-2048 88 32 ) (-2048 0 32 ) (-2048 0 64 ) (-2048 88 64 ) 
4 209 227 (-2048 0 64 ) (-2048 0 32 ) (-1024 0 32 ) (-1024 0 64 ) 
4 209 219 (-1024 0 32 ) (-2048 0 32 ) (-2048 88 32 ) (-1024 88 32 ) 
4 210 221 (-1687 225 32 ) (-1024 225 32 ) (-1024 201 32 ) (-1687 201 32 ) 
4 210 213 (-1687 225 32 ) (-1687 201 32 ) (-1687 201 64 ) (-1687 233 64 ) 
4 210 211 (-1687 201 64 ) (-1687 201 32 ) (-1024 201 32 ) (-1024 201 64 ) 
4 211 222 (-1024 201 32 ) (-1024 144 32 ) (-1687 144 32 ) (-1687 201 32 ) 
4 211 214 (-1687 201 32 ) (-1687 144 32 ) (-1687 144 64 ) (-1687 201 64 ) 
4 211 212 (-1687 144 64 ) (-1687 144 32 ) (-1024 144 32 ) (-1024 144 64 ) 
4 212 223 (-1024 144 32 ) (-1024 112 32 ) (-1687 112 32 ) (-1687 144 32 ) 
4 212 215 (-1687 144 32 ) (-1687 112 32 ) (-1687 96 64 ) (-1687 144 64 ) 
4 213 221 (-1703 225 32 ) (-1687 225 32 ) (-1687 201 32 ) (-1703 201 32 ) 
4 213 216 (-1703 225 32 ) (-1703 201 32 ) (-1703 201 64 ) (-1703 233 64 ) 
4 213 214 (-1703 201 64 ) (-1703 201 32 ) (-1687 201 32 ) (-1687 201 64 ) 
4 214 222 (-1687 201 32 ) (-1687 144 32 ) (-1703 144 32 ) (-1703 201 32 ) 
4 214 217 (-1703 201 32 ) (-1703 144 32 ) (-1703 144 64 ) (-1703 201 64 ) 
4 214 215 (-1703 144 64 ) (-1703 144 32 ) (-1687 144 32 ) (-1687 144 64 ) 
4 215 223 (-1687 144 32 ) (-1687 112 32 ) (-1703 112 32 ) (-1703 144 32 ) 
4 215 218 (-1703 144 32 ) (-1703 112 32 ) (-1703 96 64 ) (-1703 144 64 ) 
4 216 252 (-2048 225 32 ) (-2048 201 32 ) (-2048 201 64 ) (-2048 243 64 ) 
4 216 221 (-2048 201 32 ) (-2048 225 32 ) (-1703 225 32 ) (-1703 201 32 ) 
4 216 217 (-2048 201 32 ) (-1703 201 32 ) (-1703 201 64 ) (-2048 201 64 ) 
4 217 253 (-2048 201 32 ) (-2048 144 32 ) (-2048 144 64 ) (-2048 201 64 ) 
4 217 222 (-2048 144 32 ) (-2048 201 32 ) (-1703 201 32 ) (-1703 144 32 ) 
4 217 218 (-2048 144 32 ) (-1703 144 32 ) (-1703 144 64 ) (-2048 144 64 ) 
4 218 254 (-2048 144 32 ) (-2048 112 32 ) (-2048 96 64 ) (-2048 144 64 ) 
4 218 223 (-2048 112 32 ) (-2048 144 32 ) (-1703 144 32 ) (-1703 112 32 ) 
4 219 261 (-2048 112 16 ) (-2048 0 16 ) (-2048 0 32 ) (-2048 112 32 ) 
4 219 227 (-2048 0 32 ) (-2048 0 16 ) (-1024 0 16 ) (-1024 0 32 ) 
4 219 225 (-1024 112 16 ) (-1024 0 16 ) (-2048 0 16 ) (-2048 112 16 ) 
4 220 262 (-2048 1024 32 ) (-2048 1024 24 ) (-2048 225 24 ) (-2048 225 32 ) 
4 220 224 (-2048 225 24 ) (-2048 1024 24 ) (-1024 1024 24 ) (-1024 225 24 ) 
3 221 263 (-2048 201 24 ) (-2048 201 32 ) (-2048 225 32 ) 
4 221 222 (-2048 201 24 ) (-1024 201 24 ) (-1024 201 32 ) (-2048 201 32 ) 
4 222 264 (-2048 201 24 ) (-2048 144 24 ) (-2048 144 32 ) (-2048 201 32 ) 
4 222 223 (-2048 144 24 ) (-1024 144 24 ) (-1024 144 32 ) (-2048 144 32 ) 
3 223 265 (-2048 144 24 ) (-2048 112 32 ) (-2048 144 32 ) 
4 224 266 (-2048 1024 24 ) (-2048 1024 16 ) (-2048 225 16 ) (-2048 225 24 ) 
4 224 225 (-1024 1024 16 ) (-1024 225 16 ) (-2048 225 16 ) (-2048 1024 16 ) 
4 225 267 (-2048 1024 16 ) (-2048 1024 -992 ) (-2048 0 -992 ) (-2048 0 16 ) 
4 225 227 (-2048 0 16 ) (-2048 0 -992 ) (-1024 0 -992 ) (-1024 0 16 ) 
4 226 228 (0 -1024 -992 ) (0 -1024 2016 ) (-1024 -1024 2016 ) (-1024 -1024 -992 ) 
4 226 227 (-1024 0 2016 ) (-1024 0 -992 ) (-1024 -1024 -992 ) (-1024 -1024 2016 ) 
4 227 268 (-2048 -1024 -992 ) (-2048 -1024 2016 ) (-2048 0 2016 ) (-2048 0 -992 ) 
4 227 229 (-1024 -1024 -992 ) (-1024 -1024 2016 ) (-2048 -1024 2016 ) (-2048 -1024 -992 ) 
4 228 229 (-1024 -2016 2016 ) (-1024 -1024 2016 ) (-1024 -1024 -992 ) (-1024 -2016 -992 ) 
4 229 299 (-2048 -2016 2016 ) (-2048 -1024 2016 ) (-2048 -1024 -992 ) (-2048 -2016 -992 ) 
4 230 269 (-3072 1024 2016 ) (-3072 1024 272 ) (-3072 0 272 ) (-3072 0 2016 ) 
4 230 268 (-2048 0 272 ) (-2048 0 2016 ) (-3072 0 2016 ) (-3072 0 272 ) 
4 230 238 (-3072 230 272 ) (-3072 254 272 ) (-2048 254 272 ) (-2048 230 272 ) 
4 230 237 (-3072 0 272 ) (-3072 24 272 ) (-2048 24 272 ) (-2048 0 272 ) 
4 230 231 (-3072 254 272 ) (-3072 1024 272 ) (-2048 1024 272 ) (-2048 254 272 ) 
4 231 273 (-3072 1024 251 ) (-3072 1024 208 ) (-3072 254 208 ) (-3072 254 251 ) 
4 231 270 (-3072 1024 272 ) (-3072 1024 251 ) (-3072 254 251 ) (-3072 254 272 ) 
4 231 244 (-3072 259 208 ) (-3072 1024 208 ) (-2048 1024 208 ) (-2048 259 208 ) 
4 231 238 (-2048 254 253.568176 ) (-2048 254 272 ) (-3072 254 272 ) (-3072 254 253.568176 ) 
4 231 232 (-2048 254 251 ) (-2048 254 253.568176 ) (-3072 254 253.568176 ) (-3072 254 251 ) 
4 232 270 (-3072 230 256.295441 ) (-3072 254 253.568176 ) (-3072 254 251 ) (-3072 230 251 ) 
4 232 238 (-2048 254 253.567673 ) (-3072 254 253.567673 ) (-3072 230 256.294952 ) (-2048 230 256.294952 ) 
4 233 271 (-3072 144 266.068176 ) (-3072 171 263 ) (-3072 207 251 ) (-3072 144 251 ) 
4 233 239 (-3072 144 251 ) (-3072 207 251 ) (-2048 207 251 ) (-2048 144 251 ) 
4 233 235 (-3072 144 251 ) (-2352 144 251 ) (-2352 144 266.067322 ) (-3072 144 266.067322 ) 
4 233 234 (-2352 144 251 ) (-2048 144 251 ) (-2048 144 266.067322 ) (-2352 144 266.067322 ) 
4 234 240 (-2352 144 251 ) (-2048 144 251 ) (-2048 128 251 ) (-2352 128 251 ) 
4 234 236 (-2352 128 251 ) (-2048 128 251 ) (-2048 128 267.886505 ) (-2352 128 267.886505 ) 
4 234 235 (-2352 144 266.068176 ) (-2352 144 251 ) (-2352 128 251 ) (-2352 128 267.886719 ) 
4 235 271 (-3072 128 267.886353 ) (-3072 144 266.068176 ) (-3072 144 251 ) (-3072 128 251 ) 
4 235 241 (-3072 128 251 ) (-3072 144 251 ) (-2352 144 251 ) (-2352 128 251 ) 
4 235 236 (-3072 128 251 ) (-2352 128 251 ) (-2352 128 267.886505 ) (-3072 128 267.886505 ) 
5 236 271 (-3072 127 268 ) (-3072 128 267.886353 ) (-3072 128 251 ) (-3072 47 251 ) (-3072 83 263 ) 
4 236 243 (-3072 47 251 ) (-3072 128 251 ) (-2048 128 251 ) (-2048 47 251 ) 
4 237 272 (-3072 0 251 ) (-3072 0 272 ) (-3072 24 272 ) (-3072 24 251 ) 
4 237 268 (-2048 0 251 ) (-2048 0 272 ) (-3072 0 272 ) (-3072 0 251 ) 
4 238 270 (-3072 230 272 ) (-3072 254 272 ) (-3072 254 253.568176 ) (-3072 230 256.295441 ) 
5 239 274 (-3072 243 208 ) (-3072 144 208 ) (-3072 144 251 ) (-3072 207 251 ) (-3072 234 231 ) 
4 239 246 (-3072 144 208 ) (-3072 243 208 ) (-2048 243 208 ) (-2048 144 208 ) 
4 239 241 (-2352 144 251 ) (-3072 144 251 ) (-3072 144 240 ) (-2352 144 240 ) 
4 239 240 (-2048 144 240 ) (-2048 144 251 ) (-2352 144 251 ) (-2352 144 240 ) 
4 239 242 (-3072 144 208 ) (-2048 144 208 ) (-2048 144 240 ) (-3072 144 240 ) 
4 240 242 (-2048 128 240 ) (-2352 128 240 ) (-2352 144 240 ) (-2048 144 240 ) 
4 240 243 (-2048 128 240 ) (-2048 128 251 ) (-2352 128 251 ) (-2352 128 240 ) 
4 240 241 (-2352 144 251 ) (-2352 144 240 ) (-2352 128 240 ) (-2352 128 251 ) 
4 241 274 (-3072 128 240 ) (-3072 128 251 ) (-3072 144 251 ) (-3072 144 240 ) 
4 241 242 (-2352 128 240 ) (-3072 128 240 ) (-3072 144 240 ) (-2352 144 240 ) 
4 241 243 (-2352 128 251 ) (-3072 128 251 ) (-3072 128 240 ) (-2352 128 240 ) 
4 242 274 (-3072 144 208 ) (-3072 128 208 ) (-3072 128 240 ) (-3072 144 240 ) 
4 242 246 (-3072 128 208 ) (-3072 144 208 ) (-2048 144 208 ) (-2048 128 208 ) 
4 242 243 (-3072 128 208 ) (-2048 128 208 ) (-2048 128 240 ) (-3072 128 240 ) 
5 243 274 (-3072 128 208 ) (-3072 11 208 ) (-3072 20 231 ) (-3072 47 251 ) (-3072 128 251 ) 
4 243 246 (-3072 11 208 ) (-3072 128 208 ) (-2048 128 208 ) (-2048 11 208 ) 
4 244 275 (-3072 1024 208 ) (-3072 1024 80 ) (-3072 259 80 ) (-3072 259 208 ) 
4 244 245 (-3072 259 80 ) (-3072 1024 80 ) (-2048 1024 80 ) (-2048 259 80 ) 
4 245 276 (-3072 1024 80 ) (-3072 1024 64 ) (-3072 253 64 ) (-3072 253 80 ) 
4 245 250 (-3072 253 64 ) (-3072 1024 64 ) (-2048 1024 64 ) (-2048 253 64 ) 
4 246 277 (-3072 11 80 ) (-3072 11 208 ) (-3072 243 208 ) (-3072 243 80 ) 
4 246 249 (-3072 96 80 ) (-3072 233 80 ) (-2048 233 80 ) (-2048 96 80 ) 
4 246 247 (-2336 243 80 ) (-2048 243 80 ) (-2048 233 80 ) (-2336 233 80 ) 
4 246 248 (-3072 233 80 ) (-3072 243 80 ) (-2352 243 80 ) (-2352 233 80 ) 
4 247 252 (-2336 243 64 ) (-2048 243 64 ) (-2048 233 64 ) (-2336 233 64 ) 
4 247 249 (-2336 233 64 ) (-2048 233 64 ) (-2048 233 80 ) (-2336 233 80 ) 
4 248 258 (-3072 233 64 ) (-3072 243 64 ) (-2352 243 64 ) (-2352 233 64 ) 
4 248 249 (-3072 233 64 ) (-2352 233 64 ) (-2352 233 80 ) (-3072 233 80 ) 
4 249 279 (-3072 233 64 ) (-3072 96 64 ) (-3072 96 80 ) (-3072 233 80 ) 
4 249 259 (-3072 144 64 ) (-3072 201 64 ) (-2352 201 64 ) (-2352 144 64 ) 
4 249 258 (-3072 201 64 ) (-3072 233 64 ) (-2352 233 64 ) (-2352 201 64 ) 
4 249 260 (-3072 96 64 ) (-3072 144 64 ) (-2352 144 64 ) (-2352 96 64 ) 
4 249 256 (-2336 201 64 ) (-2336 144 64 ) (-2352 144 64 ) (-2352 201 64 ) 
4 249 255 (-2352 233 64 ) (-2336 233 64 ) (-2336 201 64 ) (-2352 201 64 ) 
4 249 257 (-2336 144 64 ) (-2336 96 64 ) (-2352 96 64 ) (-2352 144 64 ) 
4 249 254 (-2048 144 64 ) (-2048 96 64 ) (-2336 96 64 ) (-2336 144 64 ) 
4 249 253 (-2048 201 64 ) (-2048 144 64 ) (-2336 144 64 ) (-2336 201 64 ) 
4 249 252 (-2336 233 64 ) (-2048 233 64 ) (-2048 201 64 ) (-2336 201 64 ) 
4 250 280 (-3072 1024 64 ) (-3072 1024 32 ) (-3072 249 32 ) (-3072 249 64 ) 
4 250 262 (-3072 249 32 ) (-3072 1024 32 ) (-2048 1024 32 ) (-2048 249 32 ) 
4 251 282 (-3072 88 32 ) (-3072 0 32 ) (-3072 0 64 ) (-3072 88 64 ) 
4 251 268 (-2048 0 32 ) (-2048 0 64 ) (-3072 0 64 ) (-3072 0 32 ) 
4 251 261 (-2048 0 32 ) (-3072 0 32 ) (-3072 88 32 ) (-2048 88 32 ) 
4 252 263 (-2336 225 32 ) (-2048 225 32 ) (-2048 201 32 ) (-2336 201 32 ) 
4 252 255 (-2336 225 32 ) (-2336 201 32 ) (-2336 201 64 ) (-2336 233 64 ) 
4 252 253 (-2336 201 64 ) (-2336 201 32 ) (-2048 201 32 ) (-2048 201 64 ) 
4 253 264 (-2048 201 32 ) (-2048 144 32 ) (-2336 144 32 ) (-2336 201 32 ) 
4 253 256 (-2336 201 32 ) (-2336 144 32 ) (-2336 144 64 ) (-2336 201 64 ) 
4 253 254 (-2336 144 64 ) (-2336 144 32 ) (-2048 144 32 ) (-2048 144 64 ) 
4 254 265 (-2048 144 32 ) (-2048 112 32 ) (-2336 112 32 ) (-2336 144 32 ) 
4 254 257 (-2336 144 32 ) (-2336 112 32 ) (-2336 96 64 ) (-2336 144 64 ) 
4 255 263 (-2352 225 32 ) (-2336 225 32 ) (-2336 201 32 ) (-2352 201 32 ) 
4 255 258 (-2352 225 32 ) (-2352 201 32 ) (-2352 201 64 ) (-2352 233 64 ) 
4 255 256 (-2352 201 64 ) (-2352 201 32 ) (-2336 201 32 ) (-2336 201 64 ) 
4 256 264 (-2336 201 32 ) (-2336 144 32 ) (-2352 144 32 ) (-2352 201 32 ) 
4 256 259 (-2352 201 32 ) (-2352 144 32 ) (-2352 144 64 ) (-2352 201 64 ) 
4 256 257 (-2352 144 64 ) (-2352 144 32 ) (-2336 144 32 ) (-2336 144 64 ) 
4 257 265 (-2336 144 32 ) (-2336 112 32 ) (-2352 112 32 ) (-2352 144 32 ) 
4 257 260 (-2352 144 32 ) (-2352 112 32 ) (-2352 96 64 ) (-2352 144 64 ) 
4 258 283 (-3072 225 32 ) (-3072 201 32 ) (-3072 201 64 ) (-3072 233 64 ) 
4 258 263 (-3072 201 32 ) (-3072 225 32 ) (-2352 225 32 ) (-2352 201 32 ) 
4 258 259 (-3072 201 32 ) (-2352 201 32 ) (-2352 201 64 ) (-3072 201 64 ) 
4 259 284 (-3072 201 32 ) (-3072 144 32 ) (-3072 144 64 ) (-3072 201 64 ) 
4 259 264 (-3072 144 32 ) (-3072 201 32 ) (-2352 201 32 ) (-2352 144 32 ) 
4 259 260 (-3072 144 32 ) (-2352 144 32 ) (-2352 144 64 ) (-3072 144 64 ) 
4 260 285 (-3072 144 32 ) (-3072 112 32 ) (-3072 96 64 ) (-3072 144 64 ) 
4 260 265 (-3072 112 32 ) (-3072 144 32 ) (-2352 144 32 ) (-2352 112 32 ) 
4 261 289 (-3072 112 16 ) (-3072 0 16 ) (-3072 0 32 ) (-3072 112 32 ) 
4 261 268 (-2048 0 16 ) (-2048 0 32 ) (-3072 0 32 ) (-3072 0 16 ) 
4 261 267 (-3072 0 16 ) (-3072 112 16 ) (-2048 112 16 ) (-2048 0 16 ) 
4 262 281 (-3072 1024 32 ) (-3072 1024 24 ) (-3072 225 24 ) (-3072 225 32 ) 
4 262 266 (-3072 225 24 ) (-3072 1024 24 ) (-2048 1024 24 ) (-2048 225 24 ) 
3 263 290 (-3072 201 24 ) (-3072 201 32 ) (-3072 225 32 ) 
4 263 264 (-3072 201 24 ) (-2048 201 24 ) (-2048 201 32 ) (-3072 201 32 ) 
4 264 291 (-3072 201 24 ) (-3072 144 24 ) (-3072 144 32 ) (-3072 201 32 ) 
4 264 265 (-3072 144 24 ) (-2048 144 24 ) (-2048 144 32 ) (-3072 144 32 ) 
3 265 292 (-3072 144 24 ) (-3072 112 32 ) (-3072 144 32 ) 
4 266 281 (-3072 1024 24 ) (-3072 1024 16 ) (-3072 225 16 ) (-3072 225 24 ) 
4 266 267 (-3072 225 16 ) (-3072 1024 16 ) (-2048 1024 16 ) (-2048 225 16 ) 
4 267 293 (-3072 1024 16 ) (-3072 1024 -992 ) (-3072 0 -992 ) (-3072 0 16 ) 
4 267 268 (-2048 0 -992 ) (-2048 0 16 ) (-3072 0 16 ) (-3072 0 -992 ) 
4 268 299 (-2048 -1024 -992 ) (-2048 -1024 2016 ) (-3072 -1024 2016 ) (-3072 -1024 -992 ) 
4 268 298 (-3072 -1024 -992 ) (-3072 -1024 2016 ) (-3072 0 2016 ) (-3072 0 -992 ) 
4 269 298 (-3072 0 272 ) (-3072 0 2016 ) (-3584 0 2016 ) (-3584 0 272 ) 
4 269 295 (-3584 0 272 ) (-3584 0 2016 ) (-3584 248 2016 ) (-3584 248 272 ) 
4 269 294 (-3584 248 2016 ) (-3584 1024 2016 ) (-3584 1024 272 ) (-3584 248 272 ) 
4 269 272 (-3072 0 272 ) (-3584 0 272 ) (-3584 24 272 ) (-3072 24 272 ) 
4 269 270 (-3584 230 272 ) (-3584 1024 272 ) (-3072 1024 272 ) (-3072 230 272 ) 
4 270 294 (-3584 248 272 ) (-3584 1024 272 ) (-3584 1024 251 ) (-3584 248 251 ) 
4 270 273 (-3584 254 251 ) (-3584 1024 251 ) (-3072 1024 251 ) (-3072 254 251 ) 
4 271 274 (-3584 47 251 ) (-3584 207 251 ) (-3072 207 251 ) (-3072 47 251 ) 
4 272 298 (-3072 0 251 ) (-3072 0 272 ) (-3584 0 272 ) (-3584 0 251 ) 
4 273 294 (-3584 254 251 ) (-3584 1024 251 ) (-3584 1024 208 ) (-3584 254 208 ) 
4 273 275 (-3584 259 208 ) (-3584 1024 208 ) (-3072 1024 208 ) (-3072 259 208 ) 
4 274 277 (-3584 11 208 ) (-3584 243 208 ) (-3072 243 208 ) (-3072 11 208 ) 
4 275 294 (-3584 259 208 ) (-3584 1024 208 ) (-3584 1024 80 ) (-3584 259 80 ) 
4 275 276 (-3584 259 80 ) (-3584 1024 80 ) (-3072 1024 80 ) (-3072 259 80 ) 
4 276 294 (-3584 1024 80 ) (-3584 1024 64 ) (-3584 253 64 ) (-3584 253 80 ) 
4 276 280 (-3584 253 64 ) (-3584 1024 64 ) (-3072 1024 64 ) (-3072 253 64 ) 
4 277 279 (-3584 96 80 ) (-3584 233 80 ) (-3072 233 80 ) (-3072 96 80 ) 
4 277 278 (-3584 233 80 ) (-3584 243 80 ) (-3088 243 80 ) (-3088 233 80 ) 
4 278 286 (-3584 233 64 ) (-3584 243 64 ) (-3088 243 64 ) (-3088 233 64 ) 
4 278 279 (-3584 233 64 ) (-3088 233 64 ) (-3088 233 80 ) (-3584 233 80 ) 
4 279 287 (-3584 144 64 ) (-3584 201 64 ) (-3088 201 64 ) (-3088 144 64 ) 
4 279 286 (-3584 201 64 ) (-3584 233 64 ) (-3088 233 64 ) (-3088 201 64 ) 
4 279 288 (-3584 96 64 ) (-3584 144 64 ) (-3088 144 64 ) (-3088 96 64 ) 
4 279 285 (-3072 144 64 ) (-3072 96 64 ) (-3088 96 64 ) (-3088 144 64 ) 
4 279 284 (-3072 201 64 ) (-3072 144 64 ) (-3088 144 64 ) (-3088 201 64 ) 
4 279 283 (-3088 233 64 ) (-3072 233 64 ) (-3072 201 64 ) (-3088 201 64 ) 
4 280 294 (-3584 249 64 ) (-3584 1024 64 ) (-3584 1024 32 ) (-3584 249 32 ) 
4 280 281 (-3584 249 32 ) (-3584 1024 32 ) (-3072 1024 32 ) (-3072 249 32 ) 
4 281 294 (-3584 1024 32 ) (-3584 1024 16 ) (-3584 248 16 ) (-3584 248 32 ) 
4 281 293 (-3584 225 16 ) (-3584 1024 16 ) (-3072 1024 16 ) (-3072 225 16 ) 
4 282 298 (-3072 0 32 ) (-3072 0 64 ) (-3584 0 64 ) (-3584 0 32 ) 
4 282 289 (-3584 0 32 ) (-3584 88 32 ) (-3072 88 32 ) (-3072 0 32 ) 
4 283 290 (-3088 224.996094 32 ) (-3072 224.996094 32 ) (-3072 201 32 ) (-3088 201 32 ) 
4 283 286 (-3088 225 32 ) (-3088 201 32 ) (-3088 201 64 ) (-3088 233 64 ) 
4 283 284 (-3088 201 64 ) (-3088 201 32 ) (-3072 201 32 ) (-3072 201 64 ) 
4 284 291 (-3072 201 32 ) (-3072 144 32 ) (-3088 144 32 ) (-3088 201 32 ) 
4 284 287 (-3088 201 32 ) (-3088 144 32 ) (-3088 144 64 ) (-3088 201 64 ) 
4 284 285 (-3088 144 64 ) (-3088 144 32 ) (-3072 144 32 ) (-3072 144 64 ) 
4 285 292 (-3072 144 32 ) (-3072 112 32 ) (-3088 112 32 ) (-3088 144 32 ) 
4 285 288 (-3088 144 32 ) (-3088 112 32 ) (-3088 96 64 ) (-3088 144 64 ) 
4 286 290 (-3584 201 32 ) (-3584 224.996094 32 ) (-3088 224.996094 32 ) (-3088 201 32 ) 
4 286 287 (-3584 201 32 ) (-3088 201 32 ) (-3088 201 64 ) (-3584 201 64 ) 
4 287 291 (-3584 144 32 ) (-3584 201 32 ) (-3088 201 32 ) (-3088 144 32 ) 
4 287 288 (-3584 144 32 ) (-3088 144 32 ) (-3088 144 64 ) (-3584 144 64 ) 
4 288 292 (-3584 112 32 ) (-3584 144 32 ) (-3088 144 32 ) (-3088 112 32 ) 
4 289 298 (-3072 0 16 ) (-3072 0 32 ) (-3584 0 32 ) (-3584 0 16 ) 
4 289 293 (-3072 0 16 ) (-3584 0 16 ) (-3584 112 16 ) (-3072 112 16 ) 
4 290 291 (-3584 201 24 ) (-3072 201 24 ) (-3072 201 32 ) (-3584 201 32 ) 
4 291 292 (-3584 144 24 ) (-3072 144 24 ) (-3072 144 32 ) (-3584 144 32 ) 
4 293 298 (-3072 0 -992 ) (-3072 0 16 ) (-3584 0 16 ) (-3584 0 -992 ) 
4 293 296 (-3584 0 -992 ) (-3584 0 16 ) (-3584 248 16 ) (-3584 248 -992 ) 
4 293 294 (-3584 248 16 ) (-3584 1024 16 ) (-3584 1024 -992 ) (-3584 248 -992 ) 
4 294 297 (-3592 1024 -992 ) (-3592 248 -992 ) (-3592 248 2016 ) (-3592 1024 2016 ) 
4 294 295 (-3592 248 2016 ) (-3592 248 272 ) (-3584 248 272 ) (-3584 248 2016 ) 
4 294 296 (-3592 248 16 ) (-3592 248 -992 ) (-3584 248 -992 ) (-3584 248 16 ) 
4 295 298 (-3584 0 272 ) (-3584 0 2016 ) (-3592 0 2016 ) (-3592 0 272 ) 
4 295 297 (-3592 0 272 ) (-3592 0 2016 ) (-3592 248 2016 ) (-3592 248 272 ) 
4 296 298 (-3584 0 -992 ) (-3584 0 16 ) (-3592 0 16 ) (-3592 0 -992 ) 
4 296 297 (-3592 248 -992 ) (-3592 0 -992 ) (-3592 0 16 ) (-3592 248 16 ) 
4 297 298 (-3592 0 2016 ) (-4064 0 2016 ) (-4064 0 -992 ) (-3592 0 -992 ) 
4 298 300 (-3072 -1024 -992 ) (-3072 -1024 2016 ) (-4064 -1024 2016 ) (-4064 -1024 -992 ) 
4 299 300 (-3072 -1024 2016 ) (-3072 -1024 -992 ) (-3072 -2016 -992 ) (-3072 -2016 2016 ) 
