PRT1
268
785
4 0 36 (832 1024 272 ) (832 1024 -224 ) (939.294067 1024 -224 ) (939.294067 1024 272 ) 
4 0 32 (939.294067 1024 1280 ) (832 1024 1280 ) (832 1024 272 ) (939.294067 1024 272 ) 
4 0 3 (832 1024 372 ) (832 1024 412 ) (832 1344 412 ) (832 1344 372 ) 
4 0 2 (832 1024 412 ) (832 1024 1280 ) (832 1344 1280 ) (832 1344 412 ) 
4 0 4 (832 1344 -224 ) (832 1024 -224 ) (832 1024 372 ) (832 1344 372 ) 
4 0 1 (832 1449.510132 1280 ) (832 1449.510132 -224 ) (832 1344 -224 ) (832 1344 1280 ) 
4 1 22 (0 1449.510132 64 ) (0 1449.510132 -224 ) (0 1344 -224 ) (0 1344 64 ) 
4 1 9 (0 1449.510132 251 ) (0 1449.510132 64 ) (0 1344 64 ) (0 1344 251 ) 
4 1 5 (0 1344 1280 ) (0 1449.510132 1280 ) (0 1449.510132 251 ) (0 1344 251 ) 
4 1 3 (832 1344 372 ) (832 1344 412 ) (0 1344 412 ) (0 1344 372 ) 
4 1 2 (832 1344 412 ) (832 1344 1280 ) (0 1344 1280 ) (0 1344 412 ) 
4 1 4 (0 1344 -224 ) (832 1344 -224 ) (832 1344 372 ) (0 1344 372 ) 
4 2 39 (768 1024 1280 ) (0 1024 1280 ) (0 1024 412 ) (768 1024 412 ) 
4 2 33 (832 1024 1280 ) (768 1024 1280 ) (768 1024 412 ) (832 1024 412 ) 
4 2 12 (0 1024 412 ) (0 1024 1280 ) (0 1280 1280 ) (0 1280 412 ) 
4 2 6 (0 1280 1280 ) (0 1344 1280 ) (0 1344 412 ) (0 1280 412 ) 
4 2 3 (0 1024 412 ) (0 1344 412 ) (832 1344 412 ) (832 1024 412 ) 
4 3 40 (0 1024 412 ) (0 1024 372 ) (768 1024 372 ) (768 1024 412 ) 
4 3 34 (768 1024 372 ) (832 1024 372 ) (832 1024 412 ) (768 1024 412 ) 
4 3 13 (0 1024 372 ) (0 1024 412 ) (0 1280 412 ) (0 1280 372 ) 
4 3 7 (0 1280 412 ) (0 1344 412 ) (0 1344 372 ) (0 1280 372 ) 
4 3 4 (0 1344 372 ) (832 1344 372 ) (832 1024 372 ) (0 1024 372 ) 
4 4 77 (0 1024 16 ) (0 1024 -224 ) (768 1024 -224 ) (768 1024 16 ) 
4 4 66 (0 1024 64 ) (0 1024 16 ) (768 1024 16 ) (768 1024 64 ) 
4 4 61 (0 1024 80 ) (0 1024 64 ) (768 1024 64 ) (768 1024 80 ) 
4 4 58 (0 1024 208 ) (0 1024 80 ) (768 1024 80 ) (768 1024 208 ) 
4 4 56 (0 1024 231 ) (0 1024 208 ) (768 1024 208 ) (768 1024 231 ) 
4 4 49 (0 1024 251 ) (0 1024 231 ) (768 1024 231 ) (768 1024 251 ) 
4 4 42 (0 1024 272 ) (0 1024 251 ) (768 1024 251 ) (768 1024 272 ) 
4 4 41 (0 1024 372 ) (0 1024 272 ) (768 1024 272 ) (768 1024 372 ) 
4 4 37 (768 1024 -224 ) (784 1024 -224 ) (784 1024 272 ) (768 1024 272 ) 
4 4 36 (784 1024 -224 ) (832 1024 -224 ) (832 1024 272 ) (784 1024 272 ) 
4 4 35 (832 1024 272 ) (832 1024 372 ) (768 1024 372 ) (768 1024 272 ) 
4 4 26 (0 1024 -224 ) (0 1024 64 ) (0 1280 64 ) (0 1280 -224 ) 
4 4 22 (0 1280 64 ) (0 1344 64 ) (0 1344 -224 ) (0 1280 -224 ) 
4 4 19 (0 1024 64 ) (0 1024 80 ) (0 1280 80 ) (0 1280 64 ) 
4 4 15 (0 1024 80 ) (0 1024 251 ) (0 1280 251 ) (0 1280 80 ) 
4 4 14 (0 1024 251 ) (0 1024 372 ) (0 1280 372 ) (0 1280 251 ) 
4 4 9 (0 1344 251 ) (0 1344 64 ) (0 1280 64 ) (0 1280 251 ) 
4 4 8 (0 1280 372 ) (0 1344 372 ) (0 1344 251 ) (0 1280 251 ) 
4 5 171 (-1024 1344 1280 ) (-1024 1449.510132 1280 ) (-1024 1449.510132 251 ) (-1024 1344 251 ) 
4 5 10 (-672 1449.510132 251 ) (-400 1449.510132 251 ) (-400 1344 251 ) (-672 1344 251 ) 
4 5 9 (-400 1449.510132 251 ) (0 1449.510132 251 ) (0 1344 251 ) (-400 1344 251 ) 
4 5 11 (-1024 1344 251 ) (-1024 1449.510132 251 ) (-672 1449.510132 251 ) (-672 1344 251 ) 
4 5 7 (0 1344 372 ) (0 1344 412 ) (-1024 1344 412 ) (-1024 1344 372 ) 
4 5 6 (0 1344 412 ) (0 1344 1280 ) (-1024 1344 1280 ) (-1024 1344 412 ) 
4 5 8 (-1024 1344 251 ) (0 1344 251 ) (0 1344 372 ) (-1024 1344 372 ) 
4 6 172 (-1024 1280 412 ) (-1024 1280 1280 ) (-1024 1344 1280 ) (-1024 1344 412 ) 
4 6 12 (-1024 1280 1280 ) (-1024 1280 412 ) (0 1280 412 ) (0 1280 1280 ) 
4 6 7 (0 1280 412 ) (-1024 1280 412 ) (-1024 1344 412 ) (0 1344 412 ) 
4 7 173 (-1024 1280 372 ) (-1024 1280 412 ) (-1024 1344 412 ) (-1024 1344 372 ) 
4 7 13 (-1024 1280 412 ) (-1024 1280 372 ) (0 1280 372 ) (0 1280 412 ) 
4 7 8 (0 1280 372 ) (-1024 1280 372 ) (-1024 1344 372 ) (0 1344 372 ) 
4 8 174 (-1024 1280 251 ) (-1024 1280 372 ) (-1024 1344 372 ) (-1024 1344 251 ) 
4 8 14 (-1024 1280 372 ) (-1024 1280 251 ) (0 1280 251 ) (0 1280 372 ) 
4 8 10 (-672 1296 251 ) (-672 1344 251 ) (-400 1344 251 ) (-400 1296 251 ) 
4 8 9 (0 1280 251 ) (-400 1280 251 ) (-400 1344 251 ) (0 1344 251 ) 
4 8 11 (-672 1280 251 ) (-1024 1280 251 ) (-1024 1344 251 ) (-672 1344 251 ) 
4 9 22 (0 1449.510132 64 ) (0 1280 64 ) (-400 1280 64 ) (-400 1449.510132 64 ) 
4 9 19 (-400 1280 64 ) (0 1280 64 ) (0 1280 80 ) (-400 1280 80 ) 
4 9 15 (0 1280 80 ) (0 1280 251 ) (-400 1280 251 ) (-400 1280 80 ) 
4 9 10 (-400 1296 251 ) (-400 1449.510132 251 ) (-400 1449.510132 64 ) (-400 1296 64 ) 
4 10 23 (-672 1296 64 ) (-672 1449.510132 64 ) (-400 1449.510132 64 ) (-400 1296 64 ) 
4 10 11 (-672 1296 251 ) (-672 1449.510132 251 ) (-672 1449.510132 64 ) (-672 1296 64 ) 
4 11 174 (-1024 1344 64 ) (-1024 1280 64 ) (-1024 1280 251 ) (-1024 1344 251 ) 
4 11 171 (-1024 1449.510132 64 ) (-1024 1344 64 ) (-1024 1344 251 ) (-1024 1449.510132 251 ) 
4 11 25 (-672 1280 64 ) (-1024 1280 64 ) (-1024 1449.510132 64 ) (-672 1449.510132 64 ) 
4 11 21 (-1024 1280 80 ) (-1024 1280 64 ) (-672 1280 64 ) (-672 1280 80 ) 
4 11 18 (-1024 1280 251 ) (-1024 1280 80 ) (-672 1280 80 ) (-672 1280 251 ) 
4 12 172 (-1024 1024 412 ) (-1024 1024 1280 ) (-1024 1280 1280 ) (-1024 1280 412 ) 
4 12 78 (0 1024 412 ) (0 1024 1280 ) (-1024 1024 1280 ) (-1024 1024 412 ) 
4 12 13 (-1024 1280 412 ) (0 1280 412 ) (0 1024 412 ) (-1024 1024 412 ) 
4 13 173 (-1024 1024 372 ) (-1024 1024 412 ) (-1024 1280 412 ) (-1024 1280 372 ) 
4 13 79 (0 1024 372 ) (0 1024 412 ) (-1024 1024 412 ) (-1024 1024 372 ) 
4 13 14 (0 1024 372 ) (-1024 1024 372 ) (-1024 1280 372 ) (0 1280 372 ) 
4 14 174 (-1024 1024 251 ) (-1024 1024 372 ) (-1024 1280 372 ) (-1024 1280 251 ) 
4 14 81 (0 1024 251 ) (0 1024 272 ) (-1024 1024 272 ) (-1024 1024 251 ) 
4 14 80 (0 1024 272 ) (0 1024 372 ) (-1024 1024 372 ) (-1024 1024 272 ) 
4 14 18 (-672 1024 251 ) (-1024 1024 251 ) (-1024 1280 251 ) (-672 1280 251 ) 
4 14 15 (0 1024 251 ) (-400 1024 251 ) (-400 1280 251 ) (0 1280 251 ) 
4 15 90 (0 1024 80 ) (0 1024 208 ) (-400 1024 208 ) (-400 1024 80 ) 
4 15 86 (0 1024 208 ) (0 1024 231 ) (-400 1024 231 ) (-400 1024 208 ) 
4 15 84 (0 1024 231 ) (0 1024 251 ) (-400 1024 251 ) (-400 1024 231 ) 
4 15 19 (-400 1280 80 ) (0 1280 80 ) (0 1024 80 ) (-400 1024 80 ) 
4 16 88 (-654 1024 208 ) (-418 1024 208 ) (-426.625031 1024 231 ) (-645.375061 1024 231 ) 
4 16 17 (-654 1280 208 ) (-418 1280 208 ) (-418 1024 208 ) (-654 1024 208 ) 
4 17 93 (-656 1024 200 ) (-656 1024 80 ) (-649.045044 1024 80 ) (-649.045044 1024 200 ) 
4 17 92 (-649.045044 1024 80 ) (-416 1024 80 ) (-416 1024 200 ) (-649.045044 1024 200 ) 
4 17 91 (-656 1024 208 ) (-656 1024 200 ) (-416 1024 200 ) (-416 1024 208 ) 
4 17 20 (-576 1280 80 ) (-416 1280 80 ) (-416 1024 80 ) (-576 1024 80 ) 
4 18 174 (-1024 1024 80 ) (-1024 1024 251 ) (-1024 1280 251 ) (-1024 1280 80 ) 
4 18 104 (-1024 1024 188 ) (-1024 1024 80 ) (-672 1024 80 ) (-672 1024 188 ) 
4 18 102 (-672 1024 251 ) (-1024 1024 251 ) (-1024 1024 188 ) (-672 1024 188 ) 
4 18 21 (-1024 1280 80 ) (-672 1280 80 ) (-672 1024 80 ) (-1024 1024 80 ) 
4 19 109 (0 1024 64 ) (0 1024 80 ) (-400 1024 80 ) (-400 1024 64 ) 
4 19 26 (0 1280 64 ) (0 1024 64 ) (-400 1024 64 ) (-400 1280 64 ) 
4 20 110 (-416 1024 80 ) (-576 1024 80 ) (-576 1024 64 ) (-416 1024 64 ) 
4 20 28 (-416 1024 64 ) (-576 1024 64 ) (-576 1280 64 ) (-416 1280 64 ) 
4 21 174 (-1024 1024 64 ) (-1024 1024 80 ) (-1024 1280 80 ) (-1024 1280 64 ) 
4 21 112 (-672 1024 80 ) (-1024 1024 80 ) (-1024 1024 64 ) (-672 1024 64 ) 
4 21 30 (-672 1024 64 ) (-1024 1024 64 ) (-1024 1280 64 ) (-672 1280 64 ) 
4 22 26 (0 1280 64 ) (-400 1280 64 ) (-400 1280 -224 ) (0 1280 -224 ) 
4 22 24 (-400 1296 -224 ) (-400 1280 -224 ) (-400 1280 16 ) (-400 1296 16 ) 
4 22 23 (-400 1449.510132 64 ) (-400 1449.510132 -224 ) (-400 1296 -224 ) (-400 1296 64 ) 
4 23 24 (-672 1296 16 ) (-672 1296 -224 ) (-400 1296 -224 ) (-400 1296 16 ) 
4 23 25 (-672 1449.510132 64 ) (-672 1449.510132 -224 ) (-672 1296 -224 ) (-672 1296 64 ) 
4 24 31 (-672 1280 16 ) (-672 1280 -224 ) (-656 1280 -224 ) (-656 1280 16 ) 
4 24 29 (-656 1280 -224 ) (-416 1280 -224 ) (-416 1280 16 ) (-656 1280 16 ) 
4 24 27 (-416 1280 -224 ) (-400 1280 -224 ) (-400 1280 16 ) (-416 1280 16 ) 
4 24 25 (-672 1296 -224 ) (-672 1280 -224 ) (-672 1280 16 ) (-672 1296 16 ) 
4 25 174 (-1024 1280 -224 ) (-1024 1280 64 ) (-1024 1344 64 ) (-1024 1344 -224 ) 
4 25 171 (-1024 1344 64 ) (-1024 1449.510132 64 ) (-1024 1449.510132 -224 ) (-1024 1344 -224 ) 
4 25 31 (-1024 1280 16 ) (-1024 1280 -224 ) (-672 1280 -224 ) (-672 1280 16 ) 
4 25 30 (-672 1280 64 ) (-1024 1280 64 ) (-1024 1280 16 ) (-672 1280 16 ) 
4 26 161 (0 1024 -224 ) (0 1024 -16 ) (-400 1024 -16 ) (-400 1024 -224 ) 
4 26 156 (0 1024 -16 ) (0 1024 16 ) (-400 1024 16 ) (-400 1024 -16 ) 
4 26 122 (0 1024 16 ) (0 1024 32 ) (-400 1024 32 ) (-400 1024 16 ) 
4 26 118 (0 1024 32 ) (0 1024 64 ) (-400 1024 64 ) (-400 1024 32 ) 
4 26 27 (-400 1280 16 ) (-400 1280 -224 ) (-400 1024 -224 ) (-400 1024 16 ) 
4 27 161 (-416 1024 -16 ) (-416 1024 -224 ) (-400 1024 -224 ) (-400 1024 -16 ) 
4 27 156 (-416 1024 16 ) (-416 1024 -16 ) (-400 1024 -16 ) (-400 1024 16 ) 
4 27 29 (-416 1280 16 ) (-416 1280 -224 ) (-416 1024 -224 ) (-416 1024 16 ) 
4 28 123 (-416 1024 24 ) (-416 1024 64 ) (-576 1024 64 ) (-576 1024 24 ) 
4 29 161 (-416 1024 -224 ) (-416 1024 -16 ) (-656 1024 -16 ) (-656 1024 -224 ) 
4 29 157 (-526 1024 16 ) (-542 1024 16 ) (-542 1024 -16 ) (-526 1024 -16 ) 
4 29 156 (-416 1024 -16 ) (-416 1024 16 ) (-526 1024 16 ) (-526 1024 -16 ) 
4 29 160 (-542 1024 16 ) (-656 1024 16 ) (-656 1024 -16 ) (-542 1024 -16 ) 
4 29 31 (-656 1280 16 ) (-656 1280 -224 ) (-656 1024 -224 ) (-656 1024 16 ) 
4 30 174 (-1024 1024 16 ) (-1024 1024 64 ) (-1024 1280 64 ) (-1024 1280 16 ) 
4 30 126 (-672 1024 64 ) (-1024 1024 64 ) (-1024 1024 16 ) (-672 1024 16 ) 
4 30 31 (-1024 1024 16 ) (-1024 1280 16 ) (-672 1280 16 ) (-672 1024 16 ) 
4 31 174 (-1024 1024 -224 ) (-1024 1024 16 ) (-1024 1280 16 ) (-1024 1280 -224 ) 
4 31 161 (-656 1024 -224 ) (-656 1024 -16 ) (-1024 1024 -16 ) (-1024 1024 -224 ) 
4 31 160 (-656 1024 -16 ) (-656 1024 16 ) (-1024 1024 16 ) (-1024 1024 -16 ) 
4 32 162 (939.294067 0 1280 ) (832 0 1280 ) (832 0 272 ) (939.294067 0 272 ) 
4 32 36 (832 1024 272 ) (939.294067 1024 272 ) (939.294067 0 272 ) (832 0 272 ) 
4 32 34 (832 0 372 ) (832 0 412 ) (832 1024 412 ) (832 1024 372 ) 
4 32 33 (832 0 412 ) (832 0 1280 ) (832 1024 1280 ) (832 1024 412 ) 
4 32 35 (832 1024 272 ) (832 0 272 ) (832 0 372 ) (832 1024 372 ) 
4 33 163 (832 0 1280 ) (768 0 1280 ) (768 0 412 ) (832 0 412 ) 
4 33 39 (768 0 412 ) (768 0 1280 ) (768 1024 1280 ) (768 1024 412 ) 
4 33 34 (768 0 412 ) (768 1024 412 ) (832 1024 412 ) (832 0 412 ) 
4 34 164 (768 0 412 ) (768 0 372 ) (832 0 372 ) (832 0 412 ) 
4 34 40 (768 0 372 ) (768 0 412 ) (768 1024 412 ) (768 1024 372 ) 
4 34 35 (768 0 372 ) (768 1024 372 ) (832 1024 372 ) (832 0 372 ) 
4 35 165 (768 0 372 ) (768 0 272 ) (832 0 272 ) (832 0 372 ) 
4 35 41 (768 0 272 ) (768 0 372 ) (768 1024 372 ) (768 1024 272 ) 
4 35 37 (768 248 272 ) (768 1024 272 ) (784 1024 272 ) (784 248 272 ) 
4 35 36 (784 1024 272 ) (832 1024 272 ) (832 0 272 ) (784 0 272 ) 
4 36 165 (784 0 -224 ) (832 0 -224 ) (832 0 272 ) (784 0 272 ) 
4 36 162 (832 0 -224 ) (939.294067 0 -224 ) (939.294067 0 272 ) (832 0 272 ) 
4 36 38 (784 248 -224 ) (784 0 -224 ) (784 0 16 ) (784 248 16 ) 
4 36 37 (784 1024 -224 ) (784 248 -224 ) (784 248 272 ) (784 1024 272 ) 
4 37 77 (768 1024 16 ) (768 1024 -224 ) (768 248 -224 ) (768 248 16 ) 
4 37 67 (768 249 16 ) (768 248 16 ) (768 248 32 ) (768 249 32 ) 
4 37 66 (768 1024 64 ) (768 1024 16 ) (768 249 16 ) (768 249 64 ) 
4 37 61 (768 1024 80 ) (768 1024 64 ) (768 249 64 ) (768 249 80 ) 
4 37 58 (768 1024 208 ) (768 1024 80 ) (768 254 80 ) (768 254 208 ) 
4 37 56 (768 1024 231 ) (768 1024 208 ) (768 254 208 ) (768 254 231 ) 
4 37 49 (768 1024 251 ) (768 1024 231 ) (768 254 231 ) (768 254 251 ) 
4 37 42 (768 248 272 ) (768 1024 272 ) (768 1024 251 ) (768 248 251 ) 
4 37 38 (768 248 -224 ) (784 248 -224 ) (784 248 16 ) (768 248 16 ) 
4 38 165 (768 0 16 ) (768 0 -224 ) (784 0 -224 ) (784 0 16 ) 
4 38 77 (768 0 -224 ) (768 0 16 ) (768 248 16 ) (768 248 -224 ) 
4 39 163 (768 0 412 ) (768 0 1280 ) (0 0 1280 ) (0 0 412 ) 
4 39 78 (0 1024 1280 ) (0 1024 412 ) (0 0 412 ) (0 0 1280 ) 
4 39 40 (0 1024 412 ) (768 1024 412 ) (768 0 412 ) (0 0 412 ) 
4 40 164 (768 0 372 ) (768 0 412 ) (0 0 412 ) (0 0 372 ) 
4 40 79 (0 1024 412 ) (0 1024 372 ) (0 0 372 ) (0 0 412 ) 
4 40 41 (0 0 372 ) (0 1024 372 ) (768 1024 372 ) (768 0 372 ) 
4 41 165 (768 0 272 ) (768 0 372 ) (0 0 372 ) (0 0 272 ) 
4 41 80 (0 1024 372 ) (0 1024 272 ) (0 0 272 ) (0 0 372 ) 
4 41 48 (0 0 272 ) (0 24 272 ) (768 24 272 ) (768 0 272 ) 
4 41 42 (0 230 272 ) (0 1024 272 ) (768 1024 272 ) (768 230 272 ) 
4 42 81 (0 1024 272 ) (0 1024 251 ) (0 230 251 ) (0 230 272 ) 
4 42 49 (0 254 251 ) (0 1024 251 ) (768 1024 251 ) (768 254 251 ) 
4 43 50 (640 207 251 ) (768 207 251 ) (768 47 251 ) (640 47 251 ) 
4 43 45 (640 128 267.886353 ) (640 144 266.068176 ) (640 144 251 ) (640 128 251 ) 
4 43 44 (640 144 266.068176 ) (640 170.990326 263.001099 ) (640 206.993622 251 ) (640 144 251 ) 
5 43 46 (640 46.996716 251 ) (640 82.996094 263 ) (640 126.996964 268 ) (640 128 267.886353 ) (640 128 251 ) 
4 44 51 (128 207 251 ) (640 207 251 ) (640 144 251 ) (128 144 251 ) 
4 44 47 (128 144 266.068176 ) (128 170.990326 263.001099 ) (128 206.993622 251 ) (128 144 251 ) 
4 44 45 (128 144 266.068176 ) (128 144 251 ) (640 144 251 ) (640 144 266.066406 ) 
4 45 52 (640 144 251 ) (640 128 251 ) (128 128 251 ) (128 144 251 ) 
4 45 46 (128 128 267.886353 ) (128 128 251 ) (640 128 251 ) (640 128 267.886719 ) 
4 45 47 (128 128 267.886353 ) (128 144 266.068176 ) (128 144 251 ) (128 128 251 ) 
4 46 54 (640 128 251 ) (640 47 251 ) (128 47 251 ) (128 128 251 ) 
5 46 47 (128 46.996716 251 ) (128 82.996094 263 ) (128 126.996964 268 ) (128 128 267.886353 ) (128 128 251 ) 
5 47 82 (0 207 251 ) (0 47 251 ) (0 83 263 ) (0 127 268 ) (0 171 263 ) 
4 47 55 (0 47 251 ) (0 207 251 ) (128 207 251 ) (128 47 251 ) 
4 48 165 (768 0 251 ) (768 0 272 ) (0 0 272 ) (0 0 251 ) 
4 48 83 (0 24 251 ) (0 0 251 ) (0 0 272 ) (0 24 272 ) 
4 49 84 (0 1024 251 ) (0 1024 231 ) (0 254 231 ) (0 254 251 ) 
4 49 56 (0 1024 231 ) (768 1024 231 ) (768 254 231 ) (0 254 231 ) 
4 50 57 (768 234 231 ) (768 20 231 ) (640 20 231 ) (640 234 231 ) 
4 50 53 (640 144 240 ) (640 144 231 ) (640 128 231 ) (640 128 240 ) 
4 50 52 (640 128 251 ) (640 144 251 ) (640 144 240 ) (640 128 240 ) 
4 50 51 (640 144 251 ) (640 207 251 ) (640 234 231 ) (640 144 231 ) 
4 50 54 (640 19.996094 231 ) (640 46.996094 251 ) (640 128 251 ) (640 128 231 ) 
4 51 57 (128 144 231 ) (128 234 231 ) (640 234 231 ) (640 144 231 ) 
4 51 53 (128 144 240 ) (128 144 231 ) (640 144 231 ) (640 144 240 ) 
4 51 52 (128 144 251 ) (128 144 240 ) (640 144 240 ) (640 144 251 ) 
4 51 55 (128 144 251 ) (128 207 251 ) (128 234 231 ) (128 144 231 ) 
4 52 55 (128 128 251 ) (128 144 251 ) (128 144 240 ) (128 128 240 ) 
4 52 54 (128 128 251 ) (128 128 240 ) (640 128 240 ) (640 128 251 ) 
4 52 53 (640 128 240 ) (128 128 240 ) (128 144 240 ) (640 144 240 ) 
4 53 57 (128 128 231 ) (128 144 231 ) (640 144 231 ) (640 128 231 ) 
4 53 55 (128 144 240 ) (128 144 231 ) (128 128 231 ) (128 128 240 ) 
4 53 54 (128 128 240 ) (128 128 231 ) (640 128 231 ) (640 128 240 ) 
4 54 57 (640 20 231 ) (128 20 231 ) (128 128 231 ) (640 128 231 ) 
4 54 55 (128 19.996094 231 ) (128 46.996094 251 ) (128 128 251 ) (128 128 231 ) 
4 55 85 (0 234 231 ) (0 20 231 ) (0 47 251 ) (0 207 251 ) 
4 55 57 (128 20 231 ) (0 20 231 ) (0 234 231 ) (128 234 231 ) 
4 56 86 (0 1024 231 ) (0 1024 208 ) (0 254 208 ) (0 254 231 ) 
4 56 58 (0 1024 208 ) (768 1024 208 ) (768 254 208 ) (0 254 208 ) 
4 57 87 (0 243 208 ) (0 11 208 ) (0 20 231 ) (0 234 231 ) 
4 57 60 (0 19 208 ) (0 243 208 ) (112 243 208 ) (112 19 208 ) 
4 57 59 (768 243 208 ) (768 11 208 ) (112 11 208 ) (112 243 208 ) 
4 58 90 (0 1024 208 ) (0 1024 80 ) (0 254 80 ) (0 254 208 ) 
4 58 61 (0 254 80 ) (0 1024 80 ) (768 1024 80 ) (768 254 80 ) 
4 59 65 (768 233 80 ) (768 96 80 ) (112 96 80 ) (112 233 80 ) 
4 59 62 (656 243 80 ) (768 243 80 ) (768 233 80 ) (656 233 80 ) 
4 59 63 (128 243 80 ) (640 243 80 ) (640 233 80 ) (128 233 80 ) 
4 59 60 (112 243 208 ) (112 243 80 ) (112 19 80 ) (112 19 208 ) 
4 60 98 (0 243 80 ) (0 19 80 ) (0 19 208 ) (0 243 208 ) 
4 60 65 (0 96 80 ) (0 233 80 ) (112 233 80 ) (112 96 80 ) 
4 60 64 (0 233 80 ) (0 243 80 ) (112 243 80 ) (112 233 80 ) 
4 61 109 (0 1024 80 ) (0 1024 64 ) (0 249 64 ) (0 249 80 ) 
4 61 66 (0 249 64 ) (0 1024 64 ) (768 1024 64 ) (768 249 64 ) 
4 62 74 (656 243 64 ) (768 243 64 ) (768 233 64 ) (656 233 64 ) 
4 62 65 (656 233 64 ) (768 233 64 ) (768 233 80 ) (656 233 80 ) 
4 63 75 (128 243 64 ) (640 243 64 ) (640 233 64 ) (128 233 64 ) 
4 63 65 (128 233 64 ) (640 233 64 ) (640 233 80 ) (128 233 80 ) 
4 64 115 (0 243 64 ) (0 233 64 ) (0 233 80 ) (0 243 80 ) 
4 64 76 (0 233 64 ) (0 243 64 ) (112 243 64 ) (112 233 64 ) 
4 64 65 (0 233 64 ) (112 233 64 ) (112 233 80 ) (0 233 80 ) 
4 65 117 (0 233 64 ) (0 96 64 ) (0 96 80 ) (0 233 80 ) 
4 65 72 (0 96 64 ) (0 144 64 ) (768 144 64 ) (768 96 64 ) 
4 65 71 (0 144 64 ) (0 201 64 ) (768 201 64 ) (768 144 64 ) 
4 65 70 (0 201 64 ) (0 233 64 ) (768 233 64 ) (768 201 64 ) 
4 66 122 (0 1024 32 ) (0 1024 16 ) (0 249 16 ) (0 249 32 ) 
4 66 118 (0 1024 64 ) (0 1024 32 ) (0 249 32 ) (0 249 64 ) 
4 66 77 (0 1024 16 ) (768 1024 16 ) (768 249 16 ) (0 249 16 ) 
4 66 67 (0 249 16 ) (768 249 16 ) (768 249 32 ) (0 249 32 ) 
4 67 122 (0 249 16 ) (0 225 16 ) (0 225 32 ) (0 249 32 ) 
4 67 77 (768 249 16 ) (768 225 16 ) (0 225 16 ) (0 249 16 ) 
4 68 143 (0 112 32 ) (0 112 24 ) (0 88 24 ) (0 88 32 ) 
4 68 73 (0 88 24 ) (0 112 24 ) (768 112 24 ) (768 88 24 ) 
4 68 69 (0 88 24 ) (768 88 24 ) (768 88 32 ) (0 88 32 ) 
4 69 165 (768 0 24 ) (768 0 64 ) (0 0 64 ) (0 0 24 ) 
4 69 143 (0 0 24 ) (0 0 32 ) (0 88 32 ) (0 88 24 ) 
4 69 131 (0 0 32 ) (0 0 64 ) (0 88 64 ) (0 88 32 ) 
4 69 73 (0 0 24 ) (0 88 24 ) (768 88 24 ) (768 0 24 ) 
3 70 144 (0 225 32 ) (0 201 24 ) (0 201 32 ) 
4 70 132 (0 201 64 ) (0 225 64 ) (0 225 32 ) (0 201 32 ) 
3 70 119 (0 225 64 ) (0 233 64 ) (0 225 32 ) 
4 70 75 (640 225 32.003906 ) (128 225 32.003906 ) (128 233 64 ) (640 233 64 ) 
4 70 76 (112 225 32.003906 ) (0 225 32.003906 ) (0 233 64 ) (112 233 64 ) 
4 70 74 (768 225 32.003906 ) (656 225 32.003906 ) (656 233 64 ) (768 233 64 ) 
4 70 71 (0 201 24 ) (768 201 24 ) (768 201 64 ) (0 201 64 ) 
4 71 145 (0 201 32 ) (0 201 24 ) (0 144 24 ) (0 144 32 ) 
4 71 133 (0 144 64 ) (0 201 64 ) (0 201 32 ) (0 144 32 ) 
4 71 72 (0 144 24.001951 ) (768 144 24.001928 ) (768 144 64 ) (0 144 64 ) 
3 72 146 (0 144 32 ) (0 144 24 ) (0 112 32 ) 
4 72 134 (0 96 64 ) (0 144 64 ) (0 144 32 ) (0 112 32 ) 
4 73 165 (768 0 16 ) (768 0 24 ) (0 0 24 ) (0 0 16 ) 
4 73 143 (0 112 16 ) (0 0 16 ) (0 0 24 ) (0 112 24 ) 
4 73 77 (768 112 16 ) (768 0 16 ) (0 0 16 ) (0 112 16 ) 
3 76 119 (0 233 64 ) (0 243 64 ) (0 225 32 ) 
4 77 165 (768 0 -224 ) (768 0 16 ) (0 0 16 ) (0 0 -224 ) 
4 77 161 (0 1024 -16 ) (0 1024 -224 ) (0 0 -224 ) (0 0 -16 ) 
4 77 156 (0 1024 16 ) (0 1024 -16 ) (0 0 -16 ) (0 0 16 ) 
4 78 180 (-1024 0 412 ) (-1024 0 1280 ) (-1024 1024 1280 ) (-1024 1024 412 ) 
4 78 167 (-1024 0 1280 ) (-1024 0 412 ) (0 0 412 ) (0 0 1280 ) 
4 78 79 (0 0 412 ) (-1024 0 412 ) (-1024 1024 412 ) (0 1024 412 ) 
4 79 181 (-1024 0 372 ) (-1024 0 412 ) (-1024 1024 412 ) (-1024 1024 372 ) 
4 79 168 (-1024 0 412 ) (-1024 0 372 ) (0 0 372 ) (0 0 412 ) 
4 79 80 (-1024 0 372 ) (-1024 1024 372 ) (0 1024 372 ) (0 0 372 ) 
4 80 182 (-1024 0 272 ) (-1024 0 372 ) (-1024 1024 372 ) (-1024 1024 272 ) 
4 80 169 (-1024 0 372 ) (-1024 0 272 ) (0 0 272 ) (0 0 372 ) 
4 80 81 (-1024 230 272 ) (-1024 1024 272 ) (0 1024 272 ) (0 230 272 ) 
4 80 83 (-1024 0 272 ) (-1024 24 272 ) (0 24 272 ) (0 0 272 ) 
4 81 183 (-1024 230 272 ) (-1024 1024 272 ) (-1024 1024 251 ) (-1024 230 251 ) 
4 81 106 (-1024 254 251 ) (-1024 352 251 ) (-672 352 251 ) (-672 254 251 ) 
4 81 103 (-1024 352 251 ) (-1024 486 251 ) (-672 486 251 ) (-672 352 251 ) 
4 81 102 (-1024 486 251 ) (-1024 1024 251 ) (-672 1024 251 ) (-672 486 251 ) 
4 81 84 (-400 1024 251 ) (0 1024 251 ) (0 254 251 ) (-400 254 251 ) 
5 82 184 (-1024 127 268 ) (-1024 171 263 ) (-1024 207 251 ) (-1024 47 251 ) (-1024 83 263 ) 
4 82 107 (-1024 47 251 ) (-1024 207 251 ) (-656 207 251 ) (-656 47 251 ) 
4 82 85 (-656 207 251 ) (0 207 251 ) (0 47 251 ) (-656 47 251 ) 
4 83 185 (-1024 0 251 ) (-1024 0 272 ) (-1024 24 272 ) (-1024 24 251 ) 
4 83 169 (-1024 0 272 ) (-1024 0 251 ) (0 0 251 ) (0 0 272 ) 
4 84 86 (-400 1024 231 ) (0 1024 231 ) (0 254 231 ) (-400 254 231 ) 
4 85 107 (-656 47 251 ) (-656 207 251 ) (-656 234 231 ) (-656 20 231 ) 
4 85 89 (-656 20 231 ) (-656 234 231 ) (-416 234 231 ) (-416 20 231 ) 
4 85 87 (-416 234 231 ) (0 234 231 ) (0 20 231 ) (-416 20 231 ) 
4 86 90 (-400 1024 208 ) (0 1024 208 ) (0 254 208 ) (-400 254 208 ) 
4 87 100 (-416 11 208 ) (-416 19 208 ) (-16 19 208 ) (-16 11 208 ) 
4 87 98 (-416 19 208 ) (-416 243 208 ) (0 243 208 ) (0 19 208 ) 
4 87 89 (-416 243 208 ) (-416 11 208 ) (-416 20 231 ) (-416 234 231 ) 
4 88 99 (-418 254 208 ) (-418 248 208 ) (-654 248 208 ) (-654 254 208 ) 
4 88 91 (-654 1024 208 ) (-418 1024 208 ) (-418 254 208 ) (-654 254 208 ) 
4 88 89 (-654 248 208 ) (-418 248 208 ) (-426.625031 248 231 ) (-645.375061 248 231 ) 
4 89 108 (-656 20 231 ) (-656 234 231 ) (-656 243 208 ) (-656 11 208 ) 
4 89 100 (-656 11 208 ) (-656 19 208 ) (-416 19 208 ) (-416 11 208 ) 
4 89 99 (-656 19 208 ) (-656 248 208 ) (-416 248 208 ) (-416 19 208 ) 
4 90 109 (-400 1024 80 ) (0 1024 80 ) (0 254 80 ) (-400 254 80 ) 
4 91 99 (-416 254 208 ) (-656 254 208 ) (-656 254 200 ) (-416 254 200 ) 
4 91 97 (-648 254 200 ) (-656 254 200 ) (-656 376 200 ) (-648 376 200 ) 
4 91 96 (-416 384 200 ) (-416 254 200 ) (-648 254 200 ) (-648 384 200 ) 
4 91 94 (-416 432 200 ) (-416 384 200 ) (-649.045044 384 200 ) (-649.045044 432 200 ) 
4 91 93 (-656 440 200 ) (-656 1024 200 ) (-649.045044 1024 200 ) (-649.045044 440 200 ) 
4 91 92 (-416 1024 200 ) (-416 432 200 ) (-649.045044 432 200 ) (-649.045044 1024 200 ) 
4 92 110 (-576 1024 80 ) (-416 1024 80 ) (-416 432 80 ) (-576 432 80 ) 
4 92 94 (-416 432 80 ) (-416 432 200 ) (-649.045044 432 200 ) (-649.045044 432 80 ) 
4 92 93 (-649.045044 1024 80 ) (-649.045044 440 80 ) (-649.045044 440 200 ) (-649.045044 1024 200 ) 
4 94 110 (-416 432 80 ) (-416 384 80 ) (-576 384 80 ) (-576 432 80 ) 
4 94 96 (-416 384 80 ) (-416 384 200 ) (-648 384 200 ) (-648 384 80 ) 
4 94 95 (-649.045044 432 188 ) (-649.045044 432 80 ) (-649.045044 384 80 ) (-649.045044 384 188 ) 
4 95 101 (-656 432 80 ) (-656 384 80 ) (-656 384 188 ) (-656 432 188 ) 
4 96 110 (-416 384 80 ) (-416 254 80 ) (-576 254 80 ) (-576 384 80 ) 
4 96 99 (-648 254 80 ) (-416 254 80 ) (-416 254 200 ) (-648 254 200 ) 
4 96 97 (-648 376 80 ) (-648 254 80 ) (-648 254 200 ) (-648 376 200 ) 
4 97 99 (-656 254 200 ) (-656 254 80 ) (-648 254 80 ) (-648 254 200 ) 
4 98 117 (0 233 80 ) (0 96 80 ) (-416 96 80 ) (-416 233 80 ) 
4 98 115 (0 243 80 ) (0 233 80 ) (-327 233 80 ) (-327 243 80 ) 
4 98 116 (-343 233 80 ) (-416 233 80 ) (-416 243 80 ) (-343 243 80 ) 
4 98 100 (-16 19 208 ) (-416 19 208 ) (-416 19 80 ) (-16 19 80 ) 
4 98 99 (-416 243 80 ) (-416 19 80 ) (-416 19 208 ) (-416 243 208 ) 
4 99 117 (-656 96 80 ) (-656 233 80 ) (-416 233 80 ) (-416 96 80 ) 
4 99 116 (-656 233 80 ) (-656 243 80 ) (-416 243 80 ) (-416 233 80 ) 
4 99 111 (-656 243 80 ) (-656 254 80 ) (-576 254 80 ) (-576 243 80 ) 
4 99 110 (-576 254 80 ) (-416 254 80 ) (-416 243 80 ) (-576 243 80 ) 
4 99 108 (-656 243 80 ) (-656 19 80 ) (-656 19 208 ) (-656 243 208 ) 
4 99 100 (-416 19 208 ) (-656 19 208 ) (-656 19 80 ) (-416 19 80 ) 
4 100 108 (-656 19 80 ) (-656 11 80 ) (-656 11 208 ) (-656 19 208 ) 
4 101 105 (-672 432 80 ) (-672 384 80 ) (-672 384 188 ) (-672 432 188 ) 
4 102 188 (-1024 1024 231 ) (-1024 1024 188 ) (-1024 486 188 ) (-1024 486 231 ) 
4 102 186 (-1024 486 251 ) (-1024 1024 251 ) (-1024 1024 231 ) (-1024 486 231 ) 
4 102 104 (-1024 1024 188 ) (-672 1024 188 ) (-672 486 188 ) (-1024 486 188 ) 
4 102 103 (-672 486 195 ) (-672 486 251 ) (-1024 486 251 ) (-1024 486 195 ) 
4 103 189 (-1024 486 231 ) (-1024 486 195 ) (-1024 352 195 ) (-1024 352 231 ) 
4 103 186 (-1024 352 251 ) (-1024 486 251 ) (-1024 486 231 ) (-1024 352 231 ) 
4 103 106 (-672 352 195 ) (-672 352 251 ) (-1024 352 251 ) (-1024 352 195 ) 
4 104 192 (-1024 1024 188 ) (-1024 1024 80 ) (-1024 486 80 ) (-1024 486 188 ) 
4 104 112 (-1024 486 80 ) (-1024 1024 80 ) (-672 1024 80 ) (-672 486 80 ) 
4 105 194 (-1024 478 80 ) (-1024 360 80 ) (-1024 360 188 ) (-1024 478 188 ) 
4 106 197 (-1024 352 188 ) (-1024 352 80 ) (-1024 254 80 ) (-1024 254 188 ) 
4 106 190 (-1024 352 231 ) (-1024 352 188 ) (-1024 254 188 ) (-1024 254 231 ) 
4 106 186 (-1024 254 251 ) (-1024 352 251 ) (-1024 352 231 ) (-1024 254 231 ) 
4 106 114 (-1024 254 80 ) (-1024 352 80 ) (-672 352 80 ) (-672 254 80 ) 
4 107 187 (-1024 47 251 ) (-1024 207 251 ) (-1024 234 231 ) (-1024 20 231 ) 
4 107 108 (-656 234 231 ) (-656 20 231 ) (-1024 20 231 ) (-1024 234 231 ) 
6 108 199 (-1024 20 231 ) (-1024 234 231 ) (-1024 243 208 ) (-1024 243 80 ) (-1024 11 80 ) (-1024 11 208 ) 
4 108 117 (-1024 96 80 ) (-1024 233 80 ) (-656 233 80 ) (-656 96 80 ) 
4 108 116 (-1024 233 80 ) (-1024 243 80 ) (-656 243 80 ) (-656 233 80 ) 
4 109 118 (-400 1024 64 ) (0 1024 64 ) (0 249 64 ) (-400 249 64 ) 
4 110 123 (-576 1024 64 ) (-416 1024 64 ) (-416 243 64 ) (-576 243 64 ) 
4 110 116 (-576 243 64 ) (-416 243 64 ) (-416 243 80 ) (-576 243 80 ) 
4 110 111 (-576 254 64 ) (-576 243 64 ) (-576 243 80 ) (-576 254 80 ) 
4 111 124 (-576 254 64 ) (-576 243 64 ) (-656 243 64 ) (-656 254 64 ) 
4 111 116 (-656 243 64 ) (-576 243 64 ) (-576 243 80 ) (-656 243 80 ) 
4 112 200 (-1024 486 80 ) (-1024 1024 80 ) (-1024 1024 64 ) (-1024 486 64 ) 
4 112 126 (-1024 486 64 ) (-1024 1024 64 ) (-672 1024 64 ) (-672 486 64 ) 
4 112 113 (-1024 486 64 ) (-672 486 64 ) (-672 486 72 ) (-1024 486 72 ) 
4 113 201 (-1024 486 72 ) (-1024 486 64 ) (-1024 352 64 ) (-1024 352 72 ) 
4 113 126 (-1024 352 64 ) (-1024 486 64 ) (-672 486 64 ) (-672 352 64 ) 
4 113 114 (-1024 352 64 ) (-672 352 64 ) (-672 352 72 ) (-1024 352 72 ) 
4 114 203 (-1024 253 80 ) (-1024 352 80 ) (-1024 352 64 ) (-1024 253 64 ) 
4 114 126 (-1024 253 64 ) (-1024 352 64 ) (-672 352 64 ) (-672 253 64 ) 
4 115 119 (-327 243 64 ) (0 243 64 ) (0 233 64 ) (-327 233 64 ) 
4 115 117 (-327 233 64 ) (0 233 64 ) (0 233 80 ) (-327 233 80 ) 
4 116 204 (-1024 233 80 ) (-1024 243 80 ) (-1024 243 64 ) (-1024 233 64 ) 
4 116 128 (-1024 233 64 ) (-1024 243 64 ) (-672 243 64 ) (-672 233 64 ) 
4 116 125 (-672 243 64 ) (-656 243 64 ) (-656 233 64 ) (-672 233 64 ) 
4 116 124 (-656 243 64 ) (-576 243 64 ) (-576 233 64 ) (-656 233 64 ) 
4 116 123 (-576 243 64 ) (-416 243 64 ) (-416 233 64 ) (-576 233 64 ) 
4 116 121 (-416 243 64 ) (-343 243 64 ) (-343 233 64 ) (-416 233 64 ) 
4 116 117 (-1024 233 64 ) (-343 233 64 ) (-343 233 80 ) (-1024 233 80 ) 
4 117 207 (-1024 96 80 ) (-1024 233 80 ) (-1024 233 64 ) (-1024 96 64 ) 
4 117 142 (-1024 96 64 ) (-1024 144 64 ) (-656 144 64 ) (-656 96 64 ) 
4 117 141 (-1024 144 64 ) (-1024 201 64 ) (-656 201 64 ) (-656 144 64 ) 
4 117 140 (-1024 201 64 ) (-1024 225 64 ) (-656 225 64 ) (-656 201 64 ) 
4 117 138 (-576 201 64 ) (-576 144 64 ) (-656 144 64 ) (-656 201 64 ) 
4 117 137 (-656 225 64 ) (-576 225 64 ) (-576 201 64 ) (-656 201 64 ) 
4 117 136 (-416 201 64 ) (-416 144 64 ) (-576 144 64 ) (-576 201 64 ) 
4 117 135 (-576 225 64 ) (-416 225 64 ) (-416 201 64 ) (-576 201 64 ) 
4 117 139 (-416 144 64 ) (-416 96 64 ) (-656 96 64 ) (-656 144 64 ) 
4 117 133 (0 201 64 ) (0 144 64 ) (-416 144 64 ) (-416 201 64 ) 
4 117 132 (-416 225 64 ) (0 225 64 ) (0 201 64 ) (-416 201 64 ) 
4 117 134 (0 144 64 ) (0 96 64 ) (-416 96 64 ) (-416 144 64 ) 
4 117 128 (-1024 225 64 ) (-1024 233 64 ) (-672 233 64 ) (-672 225 64 ) 
4 117 125 (-672 233 64 ) (-656 233 64 ) (-656 225 64 ) (-672 225 64 ) 
4 117 124 (-656 233 64 ) (-576 233 64 ) (-576 225 64 ) (-656 225 64 ) 
4 117 123 (-576 233 64 ) (-416 233 64 ) (-416 225 64 ) (-576 225 64 ) 
4 117 120 (-343 233 64 ) (-327 233 64 ) (-327 225 64 ) (-343 225 64 ) 
4 117 119 (-327 233 64 ) (0 233 64 ) (0 225 64 ) (-327 225 64 ) 
4 117 121 (-416 233 64 ) (-343 233 64 ) (-343 225 64 ) (-416 225 64 ) 
4 118 122 (-400 1024 32 ) (0 1024 32 ) (0 249 32 ) (-400 249 32 ) 
4 119 132 (0 225 32 ) (0 225 64 ) (-327 225 64 ) (-327 225 32 ) 
3 119 120 (-327 225 32 ) (-327 225 64 ) (-327 233 64 ) 
4 120 132 (-327 225 64 ) (-343 225 64 ) (-343 225 32 ) (-327 225 32 ) 
3 120 121 (-343 225 32 ) (-343 225 64 ) (-343 233 64 ) 
4 121 132 (-343 225 64 ) (-416 225 64 ) (-416 225 32 ) (-343 225 32 ) 
3 121 123 (-416 225 32 ) (-416 225 64 ) (-416 243 64 ) 
4 122 156 (-400 1024 16 ) (0 1024 16 ) (0 225 16 ) (-400 225 16 ) 
4 123 135 (-416 225 32 ) (-416 225 64 ) (-576 225 64 ) (-576 225 32 ) 
4 123 129 (-416 225 24 ) (-416 225 32 ) (-576 225 32 ) (-576 225 24 ) 
4 123 124 (-576 254 24 ) (-576 225 24 ) (-576 225 64 ) (-576 254 64 ) 
4 124 137 (-576 225 64 ) (-656 225 64 ) (-656 225 32 ) (-576 225 32 ) 
4 124 130 (-656 225 32 ) (-656 225 24 ) (-576 225 24 ) (-576 225 32 ) 
3 124 125 (-656 225 32 ) (-656 225 64 ) (-656 243 64 ) 
4 125 140 (-656 225 32 ) (-656 225 64 ) (-672 225 64 ) (-672 225 32 ) 
3 125 128 (-672 225 32 ) (-672 225 64 ) (-672 243 64 ) 
4 126 216 (-1024 1024 32 ) (-1024 1024 16 ) (-1024 249 16 ) (-1024 249 32 ) 
4 126 208 (-1024 249 64 ) (-1024 1024 64 ) (-1024 1024 32 ) (-1024 249 32 ) 
4 126 160 (-1024 249 16 ) (-1024 1024 16 ) (-672 1024 16 ) (-672 249 16 ) 
4 126 127 (-1024 249 16 ) (-672 249 16 ) (-672 249 32 ) (-1024 249 32 ) 
4 127 216 (-1024 249 32 ) (-1024 249 16 ) (-1024 225 16 ) (-1024 225 32 ) 
4 127 160 (-1024 225 16 ) (-1024 249 16 ) (-672 249 16 ) (-672 225 16 ) 
3 128 213 (-1024 233 64 ) (-1024 243 64 ) (-1024 225 32 ) 
3 128 210 (-1024 225 64 ) (-1024 233 64 ) (-1024 225 32 ) 
4 128 140 (-672 225 32 ) (-672 225 64 ) (-1024 225 64 ) (-1024 225 32 ) 
4 129 147 (-416 225 32.001953 ) (-576 225 32.001953 ) (-576 200.994629 24 ) (-416 200.994629 24 ) 
3 129 130 (-576 225 24 ) (-576 200.996094 24 ) (-576 225 32.001301 ) 
4 130 150 (-576 225 32.001953 ) (-656 225 32.001953 ) (-656 200.994629 24 ) (-576 200.994629 24 ) 
4 131 209 (-1024 0 32 ) (-1024 0 64 ) (-1024 88 64 ) (-1024 88 32 ) 
4 131 169 (-1024 0 64 ) (-1024 0 32 ) (0 0 32 ) (0 0 64 ) 
4 131 143 (0 0 32 ) (-1024 0 32 ) (-1024 88 32 ) (0 88 32 ) 
4 132 144 (-416 224.996094 32 ) (0 224.996094 32 ) (0 201 32 ) (-416 201 32 ) 
4 132 135 (-416 225 64 ) (-416 225 32 ) (-416 201 32 ) (-416 201 64 ) 
4 132 133 (-416 201 64 ) (-416 201 32 ) (0 201 32 ) (0 201 64 ) 
4 133 145 (0 201 32 ) (0 144 32 ) (-416 144 32 ) (-416 201 32 ) 
4 133 136 (-416 201 32 ) (-416 144 32 ) (-416 144 64 ) (-416 201 64 ) 
4 133 134 (-416 144 64 ) (-416 144 32 ) (0 144 32 ) (0 144 64 ) 
4 134 146 (0 144 32 ) (0 112 32 ) (-416 112 32 ) (-416 144 32 ) 
4 134 139 (-416 144 32 ) (-416 112 32 ) (-416 96 64 ) (-416 144 64 ) 
4 135 147 (-576 224.996094 32 ) (-416 224.996094 32 ) (-416 201 32 ) (-576 201 32 ) 
4 135 137 (-576 225 64 ) (-576 225 32 ) (-576 201 32 ) (-576 201 64 ) 
4 135 136 (-576 201 64 ) (-576 201 32 ) (-416 201 32 ) (-416 201 64 ) 
4 136 148 (-416 201 32 ) (-416 144 32 ) (-576 144 32 ) (-576 201 32 ) 
4 136 138 (-576 201 32 ) (-576 144 32 ) (-576 144 64 ) (-576 201 64 ) 
4 136 139 (-576 144 32 ) (-416 144 32 ) (-416 144 64 ) (-576 144 64 ) 
4 137 150 (-656 224.996094 32 ) (-576 224.996094 32 ) (-576 201 32 ) (-656 201 32 ) 
4 137 140 (-656 225 64 ) (-656 225 32 ) (-656 201 32 ) (-656 201 64 ) 
4 137 138 (-656 201 64 ) (-656 201 32 ) (-576 201 32 ) (-576 201 64 ) 
4 138 151 (-576 201 32 ) (-576 144 32 ) (-656 144 32 ) (-656 201 32 ) 
4 138 141 (-656 201 32 ) (-656 144 32 ) (-656 144 64 ) (-656 201 64 ) 
4 138 139 (-656 144 64 ) (-656 144 32 ) (-576 144 32 ) (-576 144 64 ) 
4 139 152 (-576 112 32 ) (-656 112 32 ) (-656 144 32 ) (-576 144 32 ) 
4 139 149 (-416 144 32 ) (-416 112 32 ) (-576 112 32 ) (-576 144 32 ) 
4 139 142 (-656 144 32 ) (-656 112 32 ) (-656 96 64 ) (-656 144 64 ) 
4 140 210 (-1024 201 64 ) (-1024 225 64 ) (-1024 225 32 ) (-1024 201 32 ) 
4 140 153 (-1024 201 32 ) (-1024 224.996094 32 ) (-656 224.996094 32 ) (-656 201 32 ) 
4 140 141 (-1024 201 32 ) (-656 201 32 ) (-656 201 64 ) (-1024 201 64 ) 
4 141 211 (-1024 144 64 ) (-1024 201 64 ) (-1024 201 32 ) (-1024 144 32 ) 
4 141 154 (-1024 144 32 ) (-1024 201 32 ) (-656 201 32 ) (-656 144 32 ) 
4 141 142 (-1024 144 32 ) (-656 144 32 ) (-656 144 64 ) (-1024 144 64 ) 
4 142 212 (-1024 96 64 ) (-1024 144 64 ) (-1024 144 32 ) (-1024 112 32 ) 
4 142 155 (-1024 112 32 ) (-1024 144 32 ) (-656 144 32 ) (-656 112 32 ) 
4 143 217 (-1024 0 16 ) (-1024 0 32 ) (-1024 112 32 ) (-1024 112 16 ) 
4 143 169 (-1024 0 32 ) (-1024 0 16 ) (0 0 16 ) (0 0 32 ) 
4 143 159 (-542 112 16 ) (-526 112 16 ) (-526 0 16 ) (-542 0 16 ) 
4 143 156 (-526 112 16 ) (0 112 16 ) (0 0 16 ) (-526 0 16 ) 
4 143 160 (-1024 0 16 ) (-1024 112 16 ) (-542 112 16 ) (-542 0 16 ) 
3 144 147 (-416 201 24 ) (-416 201 32 ) (-416 225 32 ) 
4 144 145 (-416 201 32 ) (-416 201 24 ) (0 201 24 ) (0 201 32 ) 
5 145 148 (-416 201 24 ) (-416 144.003906 24 ) (-416 144 24 ) (-416 144 32 ) (-416 201 32 ) 
4 145 146 (-416 144 32 ) (-416 144 24 ) (0 144 24 ) (0 144 32 ) 
3 146 149 (-416 144 24 ) (-416 112.003906 32 ) (-416 144 32 ) 
3 147 150 (-576 201 24 ) (-576 201 32 ) (-576 225 32 ) 
4 147 148 (-576 201 32 ) (-576 201 24 ) (-416 201 24 ) (-416 201 32 ) 
5 148 151 (-576 201 24 ) (-576 144.003906 24 ) (-576 144 24 ) (-576 144 32 ) (-576 201 32 ) 
4 148 149 (-576 144 32 ) (-576 144 24 ) (-416 144 24 ) (-416 144 32 ) 
3 149 152 (-576 144 24 ) (-576 112.003906 32 ) (-576 144 32 ) 
3 150 153 (-656 201 24 ) (-656 201 32 ) (-656 225 32 ) 
4 150 151 (-656 201 32 ) (-656 201 24 ) (-576 201 24 ) (-576 201 32 ) 
5 151 154 (-656 201 24 ) (-656 144.003906 24 ) (-656 144 24 ) (-656 144 32 ) (-656 201 32 ) 
4 151 152 (-656 144 32 ) (-656 144 24 ) (-576 144 24 ) (-576 144 32 ) 
3 152 155 (-656 144 24 ) (-656 112.003906 32 ) (-656 144 32 ) 
3 153 218 (-1024 201 32 ) (-1024 225 32 ) (-1024 201 24 ) 
4 153 154 (-1024 201 24 ) (-656 201 24 ) (-656 201 32 ) (-1024 201 32 ) 
4 154 219 (-1024 144 32 ) (-1024 201 32 ) (-1024 201 24 ) (-1024 144 24 ) 
4 154 155 (-1024 144 24 ) (-656 144 24 ) (-656 144 32 ) (-1024 144 32 ) 
3 155 220 (-1024 112 32 ) (-1024 144 32 ) (-1024 144 24 ) 
4 156 169 (-526 0 -16 ) (0 0 -16 ) (0 0 16 ) (-526 0 16 ) 
4 156 161 (0 0 -16 ) (-526 0 -16 ) (-526 1024 -16 ) (0 1024 -16 ) 
4 156 158 (-526 568 0 ) (-526 568 16 ) (-526 584 16 ) (-526 584 0 ) 
4 156 157 (-526 1024 -16 ) (-526 584 -16 ) (-526 584 16 ) (-526 1024 16 ) 
4 156 159 (-526 568 -16 ) (-526 0 -16 ) (-526 0 16 ) (-526 568 16 ) 
4 157 161 (-542 584 -16 ) (-542 1024 -16 ) (-526 1024 -16 ) (-526 584 -16 ) 
4 157 158 (-542 584 16 ) (-542 584 0 ) (-526 584 0 ) (-526 584 16 ) 
4 157 160 (-542 1024 -16 ) (-542 584 -16 ) (-542 584 16 ) (-542 1024 16 ) 
4 158 160 (-542 568 0 ) (-542 568 16 ) (-542 584 16 ) (-542 584 0 ) 
4 158 159 (-542 568 16 ) (-542 568 0 ) (-526 568 0 ) (-526 568 16 ) 
4 159 169 (-542 0 -16 ) (-526 0 -16 ) (-526 0 16 ) (-542 0 16 ) 
4 159 161 (-526 0 -16 ) (-542 0 -16 ) (-542 568 -16 ) (-526 568 -16 ) 
4 159 160 (-542 568 -16 ) (-542 0 -16 ) (-542 0 16 ) (-542 568 16 ) 
4 160 221 (-1024 0 -16 ) (-1024 0 16 ) (-1024 1024 16 ) (-1024 1024 -16 ) 
4 160 169 (-1024 0 16 ) (-1024 0 -16 ) (-542 0 -16 ) (-542 0 16 ) 
4 160 161 (-542 0 -16 ) (-1024 0 -16 ) (-1024 1024 -16 ) (-542 1024 -16 ) 
4 161 221 (-1024 0 -224 ) (-1024 0 -16 ) (-1024 1024 -16 ) (-1024 1024 -224 ) 
4 161 169 (-1024 0 -16 ) (-1024 0 -224 ) (0 0 -224 ) (0 0 -16 ) 
4 162 164 (832 -128 372 ) (832 -128 412 ) (832 0 412 ) (832 0 372 ) 
4 162 163 (832 -128 412 ) (832 -128 1280 ) (832 0 1280 ) (832 0 412 ) 
4 162 165 (832 0 -224 ) (832 -128 -224 ) (832 -128 372 ) (832 0 372 ) 
4 162 166 (832 -128 -224 ) (832 -1001.510010 -224 ) (832 -1001.510010 1280 ) (832 -128 1280 ) 
4 163 167 (0 0 1280 ) (0 0 412 ) (0 -128 412 ) (0 -128 1280 ) 
4 163 166 (832 -128 412 ) (832 -128 1280 ) (0 -128 1280 ) (0 -128 412 ) 
4 163 164 (832 -128 412 ) (0 -128 412 ) (0 0 412 ) (832 0 412 ) 
4 164 168 (0 0 412 ) (0 0 372 ) (0 -128 372 ) (0 -128 412 ) 
4 164 165 (832 -128 372 ) (0 -128 372 ) (0 0 372 ) (832 0 372 ) 
4 164 166 (832 -128 372 ) (832 -128 412 ) (0 -128 412 ) (0 -128 372 ) 
4 165 169 (0 0 372 ) (0 0 -224 ) (0 -128 -224 ) (0 -128 372 ) 
4 165 166 (0 -128 -224 ) (832 -128 -224 ) (832 -128 372 ) (0 -128 372 ) 
4 166 170 (0 -128 -224 ) (0 -1001.510010 -224 ) (0 -1001.510010 1280 ) (0 -128 1280 ) 
4 167 259 (-1024 -128 1280 ) (-1024 0 1280 ) (-1024 0 412 ) (-1024 -128 412 ) 
4 167 170 (0 -128 412 ) (0 -128 1280 ) (-1024 -128 1280 ) (-1024 -128 412 ) 
4 167 168 (0 -128 412 ) (-1024 -128 412 ) (-1024 0 412 ) (0 0 412 ) 
4 168 260 (-1024 0 412 ) (-1024 0 372 ) (-1024 -128 372 ) (-1024 -128 412 ) 
4 168 169 (0 -128 372 ) (-1024 -128 372 ) (-1024 0 372 ) (0 0 372 ) 
4 168 170 (0 -128 372 ) (0 -128 412 ) (-1024 -128 412 ) (-1024 -128 372 ) 
4 169 261 (-1024 0 372 ) (-1024 0 -224 ) (-1024 -128 -224 ) (-1024 -128 372 ) 
4 169 170 (-1024 -128 -224 ) (0 -128 -224 ) (0 -128 372 ) (-1024 -128 372 ) 
4 170 262 (-1024 -1001.510010 1280 ) (-1024 -128 1280 ) (-1024 -128 -224 ) (-1024 -1001.510010 -224 ) 
4 171 175 (-2048 1344 1280 ) (-2048 1449.510132 1280 ) (-2048 1449.510132 -224 ) (-2048 1344 -224 ) 
4 171 173 (-1024 1344 372 ) (-1024 1344 412 ) (-2048 1344 412 ) (-2048 1344 372 ) 
4 171 172 (-1024 1344 412 ) (-1024 1344 1280 ) (-2048 1344 1280 ) (-2048 1344 412 ) 
4 171 174 (-2048 1344 -224 ) (-1024 1344 -224 ) (-1024 1344 372 ) (-2048 1344 372 ) 
4 172 180 (-1024 1024 412 ) (-1024 1024 1280 ) (-2048 1024 1280 ) (-2048 1024 412 ) 
4 172 176 (-2048 1024 412 ) (-2048 1024 1280 ) (-2048 1344 1280 ) (-2048 1344 412 ) 
4 172 173 (-1024 1024 412 ) (-2048 1024 412 ) (-2048 1344 412 ) (-1024 1344 412 ) 
4 173 181 (-1024 1024 372 ) (-1024 1024 412 ) (-2048 1024 412 ) (-2048 1024 372 ) 
4 173 177 (-2048 1024 372 ) (-2048 1024 412 ) (-2048 1344 412 ) (-2048 1344 372 ) 
4 173 174 (-2048 1024 372 ) (-2048 1344 372 ) (-1024 1344 372 ) (-1024 1024 372 ) 
4 174 221 (-1024 1024 -224 ) (-1024 1024 16 ) (-2048 1024 16 ) (-2048 1024 -224 ) 
4 174 216 (-1024 1024 16 ) (-1024 1024 32 ) (-2048 1024 32 ) (-2048 1024 16 ) 
4 174 208 (-1024 1024 32 ) (-1024 1024 64 ) (-2048 1024 64 ) (-2048 1024 32 ) 
4 174 200 (-1024 1024 64 ) (-1024 1024 80 ) (-1200 1024 80 ) (-1200 1024 64 ) 
4 174 202 (-1200 1024 80 ) (-2048 1024 80 ) (-2048 1024 64 ) (-1200 1024 64 ) 
4 174 192 (-1024 1024 80 ) (-1024 1024 188 ) (-1200 1024 188 ) (-1200 1024 80 ) 
4 174 193 (-1200 1024 188 ) (-2048 1024 188 ) (-2048 1024 80 ) (-1200 1024 80 ) 
4 174 188 (-1024 1024 188 ) (-1024 1024 231 ) (-1200 1024 231 ) (-1200 1024 188 ) 
4 174 191 (-1200 1024 231 ) (-2048 1024 231 ) (-2048 1024 188 ) (-1200 1024 188 ) 
4 174 186 (-1024 1024 231 ) (-1024 1024 251 ) (-2048 1024 251 ) (-2048 1024 231 ) 
4 174 183 (-1024 1024 251 ) (-1024 1024 272 ) (-2048 1024 272 ) (-2048 1024 251 ) 
4 174 182 (-1024 1024 272 ) (-1024 1024 372 ) (-2048 1024 372 ) (-2048 1024 272 ) 
4 174 178 (-2048 1024 -224 ) (-2048 1024 372 ) (-2048 1344 372 ) (-2048 1344 -224 ) 
4 175 177 (-2816 1344 412 ) (-2816 1344 372 ) (-2048 1344 372 ) (-2048 1344 412 ) 
4 175 176 (-2816 1344 1280 ) (-2816 1344 412 ) (-2048 1344 412 ) (-2048 1344 1280 ) 
4 175 178 (-2816 1344 372 ) (-2816 1344 -224 ) (-2048 1344 -224 ) (-2048 1344 372 ) 
4 175 179 (-2816 1449.510132 1280 ) (-2816 1449.510132 -224 ) (-2816 1344 -224 ) (-2816 1344 1280 ) 
4 176 252 (-2776 1024 1280 ) (-2816 1024 1280 ) (-2816 1024 412 ) (-2776 1024 412 ) 
4 176 222 (-2048 1024 412 ) (-2048 1024 1280 ) (-2776 1024 1280 ) (-2776 1024 412 ) 
4 176 179 (-2816 1024 412 ) (-2816 1024 1280 ) (-2816 1344 1280 ) (-2816 1344 412 ) 
4 176 177 (-2048 1024 412 ) (-2816 1024 412 ) (-2816 1344 412 ) (-2048 1344 412 ) 
4 177 253 (-2776 1024 412 ) (-2816 1024 412 ) (-2816 1024 372 ) (-2776 1024 372 ) 
4 177 223 (-2048 1024 372 ) (-2048 1024 412 ) (-2776 1024 412 ) (-2776 1024 372 ) 
4 177 178 (-2816 1024 372 ) (-2816 1344 372 ) (-2048 1344 372 ) (-2048 1024 372 ) 
4 177 179 (-2816 1024 372 ) (-2816 1024 412 ) (-2816 1344 412 ) (-2816 1344 372 ) 
4 178 258 (-2816 1024 16 ) (-2816 1024 -224 ) (-2776 1024 -224 ) (-2776 1024 16 ) 
4 178 256 (-2784 1024 16 ) (-2776 1024 16 ) (-2776 1024 272 ) (-2784 1024 272 ) 
4 178 257 (-2816 1024 272 ) (-2816 1024 16 ) (-2784 1024 16 ) (-2784 1024 272 ) 
4 178 254 (-2776 1024 372 ) (-2816 1024 372 ) (-2816 1024 272 ) (-2776 1024 272 ) 
4 178 251 (-2048 1024 -224 ) (-2048 1024 16 ) (-2776 1024 16 ) (-2776 1024 -224 ) 
4 178 237 (-2048 1024 16 ) (-2048 1024 32 ) (-2776 1024 32 ) (-2776 1024 16 ) 
4 178 236 (-2048 1024 32 ) (-2048 1024 64 ) (-2776 1024 64 ) (-2776 1024 32 ) 
4 178 232 (-2048 1024 64 ) (-2048 1024 80 ) (-2776 1024 80 ) (-2776 1024 64 ) 
4 178 230 (-2048 1024 80 ) (-2048 1024 231 ) (-2776 1024 231 ) (-2776 1024 80 ) 
4 178 228 (-2048 1024 231 ) (-2048 1024 251 ) (-2776 1024 251 ) (-2776 1024 231 ) 
4 178 225 (-2048 1024 251 ) (-2048 1024 272 ) (-2776 1024 272 ) (-2776 1024 251 ) 
4 178 224 (-2048 1024 272 ) (-2048 1024 372 ) (-2776 1024 372 ) (-2776 1024 272 ) 
4 178 179 (-2816 1344 -224 ) (-2816 1024 -224 ) (-2816 1024 372 ) (-2816 1344 372 ) 
4 179 258 (-2891.290039 1024 16 ) (-2891.290039 1024 -224 ) (-2816 1024 -224 ) (-2816 1024 16 ) 
4 179 257 (-2891.290039 1024 272 ) (-2891.290039 1024 16 ) (-2816 1024 16 ) (-2816 1024 272 ) 
4 179 255 (-2816 1024 1280 ) (-2891.290039 1024 1280 ) (-2891.290039 1024 272 ) (-2816 1024 272 ) 
4 180 259 (-1024 0 412 ) (-1024 0 1280 ) (-2048 0 1280 ) (-2048 0 412 ) 
4 180 222 (-2048 0 412 ) (-2048 0 1280 ) (-2048 1024 1280 ) (-2048 1024 412 ) 
4 180 181 (-2048 0 412 ) (-2048 1024 412 ) (-1024 1024 412 ) (-1024 0 412 ) 
4 181 260 (-1024 0 372 ) (-1024 0 412 ) (-2048 0 412 ) (-2048 0 372 ) 
4 181 223 (-2048 0 372 ) (-2048 0 412 ) (-2048 1024 412 ) (-2048 1024 372 ) 
4 181 182 (-1024 0 372 ) (-2048 0 372 ) (-2048 1024 372 ) (-1024 1024 372 ) 
4 182 261 (-1024 0 272 ) (-1024 0 372 ) (-2048 0 372 ) (-2048 0 272 ) 
4 182 224 (-2048 0 272 ) (-2048 0 372 ) (-2048 1024 372 ) (-2048 1024 272 ) 
4 182 183 (-2048 230 272 ) (-2048 1024 272 ) (-1024 1024 272 ) (-1024 230 272 ) 
4 182 185 (-1024 0 272 ) (-2048 0 272 ) (-2048 24 272 ) (-1024 24 272 ) 
4 183 225 (-2048 230 272 ) (-2048 1024 272 ) (-2048 1024 251 ) (-2048 230 251 ) 
4 183 186 (-2048 254 251 ) (-2048 1024 251 ) (-1024 1024 251 ) (-1024 254 251 ) 
5 184 226 (-2048 127 268 ) (-2048 171 263 ) (-2048 207 251 ) (-2048 47 251 ) (-2048 83 263 ) 
4 184 187 (-2048 47 251 ) (-2048 207 251 ) (-1024 207 251 ) (-1024 47 251 ) 
4 185 261 (-1024 0 251 ) (-1024 0 272 ) (-2048 0 272 ) (-2048 0 251 ) 
4 185 227 (-2048 0 251 ) (-2048 0 272 ) (-2048 24 272 ) (-2048 24 251 ) 
4 186 228 (-2048 254 251 ) (-2048 1024 251 ) (-2048 1024 231 ) (-2048 254 231 ) 
4 186 189 (-1024 486 231 ) (-1024 352 231 ) (-1200 352 231 ) (-1200 486 231 ) 
4 186 188 (-1200 1024 231 ) (-1024 1024 231 ) (-1024 486 231 ) (-1200 486 231 ) 
4 186 190 (-1024 352 231 ) (-1024 254 231 ) (-1200 254 231 ) (-1200 352 231 ) 
4 186 191 (-2048 254 231 ) (-2048 1024 231 ) (-1200 1024 231 ) (-1200 254 231 ) 
4 187 229 (-2048 47 251 ) (-2048 207 251 ) (-2048 234 231 ) (-2048 20 231 ) 
4 187 199 (-2048 20 231 ) (-2048 234 231 ) (-1024 234 231 ) (-1024 20 231 ) 
4 188 192 (-1200 486 188 ) (-1200 1024 188 ) (-1024 1024 188 ) (-1024 486 188 ) 
4 188 189 (-1200 486 231 ) (-1200 486 195 ) (-1024 486 195 ) (-1024 486 231 ) 
4 188 191 (-1200 1024 188 ) (-1200 486 188 ) (-1200 486 231 ) (-1200 1024 231 ) 
4 189 191 (-1200 352 195 ) (-1200 352 231 ) (-1200 486 231 ) (-1200 486 195 ) 
4 189 190 (-1200 352 231 ) (-1200 352 195 ) (-1024 352 195 ) (-1024 352 231 ) 
4 190 197 (-1024 254 188 ) (-1200 254 188 ) (-1200 352 188 ) (-1024 352 188 ) 
4 190 191 (-1200 352 188 ) (-1200 254 188 ) (-1200 254 231 ) (-1200 352 231 ) 
4 191 230 (-2048 254 231 ) (-2048 1024 231 ) (-2048 1024 188 ) (-2048 254 188 ) 
4 191 198 (-1200 254 188 ) (-2048 254 188 ) (-2048 360 188 ) (-1200 360 188 ) 
4 191 196 (-2048 360 188 ) (-2048 478 188 ) (-1200 478 188 ) (-1200 360 188 ) 
4 191 193 (-2048 478 188 ) (-2048 1024 188 ) (-1200 1024 188 ) (-1200 478 188 ) 
4 192 200 (-1200 1024 80 ) (-1024 1024 80 ) (-1024 486 80 ) (-1200 486 80 ) 
4 192 193 (-1200 1024 80 ) (-1200 486 80 ) (-1200 486 188 ) (-1200 1024 188 ) 
4 193 230 (-2048 1024 188 ) (-2048 1024 80 ) (-2048 478 80 ) (-2048 478 188 ) 
4 193 202 (-2048 478 80 ) (-2048 1024 80 ) (-1200 1024 80 ) (-1200 478 80 ) 
4 193 196 (-2048 478 80 ) (-1200 478 80 ) (-1200 478 188 ) (-2048 478 188 ) 
4 194 195 (-1185 478 188 ) (-1185 478 80 ) (-1185 360 80 ) (-1185 360 188 ) 
4 196 230 (-2048 478 80 ) (-2048 360 80 ) (-2048 360 188 ) (-2048 478 188 ) 
4 196 202 (-2048 360 80 ) (-2048 478 80 ) (-1200 478 80 ) (-1200 360 80 ) 
4 196 198 (-2048 360 80 ) (-1200 360 80 ) (-1200 360 188 ) (-2048 360 188 ) 
4 197 203 (-1024 352 80 ) (-1024 254 80 ) (-1200 254 80 ) (-1200 352 80 ) 
4 197 198 (-1200 352 80 ) (-1200 254 80 ) (-1200 254 188 ) (-1200 352 188 ) 
4 198 230 (-2048 360 80 ) (-2048 254 80 ) (-2048 254 188 ) (-2048 360 188 ) 
4 198 203 (-2048 254 80 ) (-2048 352 80 ) (-1200 352 80 ) (-1200 254 80 ) 
4 198 202 (-2048 352 80 ) (-2048 360 80 ) (-1200 360 80 ) (-1200 352 80 ) 
6 199 231 (-2048 20 231 ) (-2048 234 231 ) (-2048 243 208 ) (-2048 243 80 ) (-2048 11 80 ) (-2048 11 208 ) 
4 199 207 (-2048 96 80 ) (-2048 233 80 ) (-1024 233 80 ) (-1024 96 80 ) 
4 199 205 (-1799 243 80 ) (-1079 243 80 ) (-1079 233 80 ) (-1799 233 80 ) 
4 199 206 (-2048 233 80 ) (-2048 243 80 ) (-1815 243 80 ) (-1815 233 80 ) 
4 199 204 (-1063 243 80 ) (-1024 243 80 ) (-1024 233 80 ) (-1063 233 80 ) 
4 200 208 (-1200 1024 64 ) (-1024 1024 64 ) (-1024 486 64 ) (-1200 486 64 ) 
4 200 201 (-1200 486 72 ) (-1200 486 64 ) (-1024 486 64 ) (-1024 486 72 ) 
4 200 202 (-1200 1024 64 ) (-1200 486 64 ) (-1200 486 80 ) (-1200 1024 80 ) 
4 201 208 (-1024 486 64 ) (-1024 352 64 ) (-1200 352 64 ) (-1200 486 64 ) 
4 201 203 (-1200 352 64 ) (-1024 352 64 ) (-1024 352 72 ) (-1200 352 72 ) 
4 201 202 (-1200 486 64 ) (-1200 352 64 ) (-1200 352 72 ) (-1200 486 72 ) 
4 202 232 (-2048 352 80 ) (-2048 1024 80 ) (-2048 1024 64 ) (-2048 352 64 ) 
4 202 208 (-2048 352 64 ) (-2048 1024 64 ) (-1200 1024 64 ) (-1200 352 64 ) 
4 202 203 (-2048 352 64 ) (-1200 352 64 ) (-1200 352 80 ) (-2048 352 80 ) 
4 203 232 (-2048 253 80 ) (-2048 352 80 ) (-2048 352 64 ) (-2048 253 64 ) 
4 203 208 (-2048 253 64 ) (-2048 352 64 ) (-1024 352 64 ) (-1024 253 64 ) 
4 204 213 (-1063 243 64 ) (-1024 243 64 ) (-1024 233 64 ) (-1063 233 64 ) 
4 204 207 (-1063 233 64 ) (-1024 233 64 ) (-1024 233 80 ) (-1063 233 80 ) 
4 205 214 (-1799 243 64 ) (-1079 243 64 ) (-1079 233 64 ) (-1799 233 64 ) 
4 205 207 (-1799 233 64 ) (-1079 233 64 ) (-1079 233 80 ) (-1799 233 80 ) 
4 206 233 (-2048 233 80 ) (-2048 243 80 ) (-2048 243 64 ) (-2048 233 64 ) 
4 206 215 (-2048 233 64 ) (-2048 243 64 ) (-1815 243 64 ) (-1815 233 64 ) 
4 206 207 (-2048 233 64 ) (-1815 233 64 ) (-1815 233 80 ) (-2048 233 80 ) 
4 207 235 (-2048 96 80 ) (-2048 233 80 ) (-2048 233 64 ) (-2048 96 64 ) 
4 207 212 (-2048 96 64 ) (-2048 144 64 ) (-1024 144 64 ) (-1024 96 64 ) 
4 207 211 (-2048 144 64 ) (-2048 201 64 ) (-1024 201 64 ) (-1024 144 64 ) 
4 207 210 (-2048 201 64 ) (-2048 233 64 ) (-1024 233 64 ) (-1024 201 64 ) 
4 208 236 (-2048 249 64 ) (-2048 1024 64 ) (-2048 1024 32 ) (-2048 249 32 ) 
4 208 216 (-2048 249 32 ) (-2048 1024 32 ) (-1024 1024 32 ) (-1024 249 32 ) 
4 209 261 (-1024 0 32 ) (-1024 0 64 ) (-2048 0 64 ) (-2048 0 32 ) 
4 209 248 (-2048 0 32 ) (-2048 0 64 ) (-2048 88 64 ) (-2048 88 32 ) 
4 209 217 (-2048 0 32 ) (-2048 88 32 ) (-1024 88 32 ) (-1024 0 32 ) 
4 210 238 (-2048 201 64 ) (-2048 233 64 ) (-2048 225 32 ) (-2048 201 32 ) 
4 210 218 (-2048 201 32 ) (-2048 225 32 ) (-1024 225 32 ) (-1024 201 32 ) 
4 210 214 (-1079 225 32.003906 ) (-1799 225 32.003906 ) (-1799 233 64 ) (-1079 233 64 ) 
4 210 215 (-1815 225 32.003906 ) (-2048 225 32.003906 ) (-2048 233 64 ) (-1815 233 64 ) 
4 210 213 (-1024 225 32.003906 ) (-1063 225 32.003906 ) (-1063 233 64 ) (-1024 233 64 ) 
4 210 211 (-2048 201 32 ) (-1024 201 32 ) (-1024 201 64 ) (-2048 201 64 ) 
4 211 239 (-2048 144 64 ) (-2048 201 64 ) (-2048 201 32 ) (-2048 144 32 ) 
4 211 219 (-2048 144 32 ) (-2048 201 32 ) (-1024 201 32 ) (-1024 144 32 ) 
4 211 212 (-2048 144 32 ) (-1024 144 32 ) (-1024 144 64 ) (-2048 144 64 ) 
3 212 249 (-2048 96 64 ) (-2048 112 64 ) (-2048 112 32 ) 
4 212 240 (-2048 112 64 ) (-2048 144 64 ) (-2048 144 32 ) (-2048 112 32 ) 
4 212 220 (-2048 112 32 ) (-2048 144 32 ) (-1024 144 32 ) (-1024 112 32 ) 
3 215 238 (-2048 233 64 ) (-2048 243 64 ) (-2048 225 32 ) 
4 216 237 (-2048 225 32 ) (-2048 1024 32 ) (-2048 1024 16 ) (-2048 225 16 ) 
4 216 221 (-2048 225 16 ) (-2048 1024 16 ) (-1024 1024 16 ) (-1024 225 16 ) 
4 217 261 (-1024 0 16 ) (-1024 0 32 ) (-2048 0 32 ) (-2048 0 16 ) 
4 217 250 (-2048 0 16 ) (-2048 0 24 ) (-2048 112 24 ) (-2048 112 16 ) 
4 217 247 (-2048 88 32 ) (-2048 112 32 ) (-2048 112 24 ) (-2048 88 24 ) 
4 217 248 (-2048 0 24 ) (-2048 0 32 ) (-2048 88 32 ) (-2048 88 24 ) 
4 217 221 (-1024 0 16 ) (-2048 0 16 ) (-2048 112 16 ) (-1024 112 16 ) 
3 218 238 (-2048 201 32 ) (-2048 225 32 ) (-2048 201 24 ) 
4 218 219 (-2048 201 24 ) (-1024 201 24 ) (-1024 201 32 ) (-2048 201 32 ) 
4 219 239 (-2048 144 32 ) (-2048 201 32 ) (-2048 201 24 ) (-2048 144 24 ) 
4 219 220 (-2048 144 24 ) (-1024 144 24 ) (-1024 144 32 ) (-2048 144 32 ) 
3 220 240 (-2048 112 32 ) (-2048 144 32 ) (-2048 144 24 ) 
4 221 261 (-1024 0 -224 ) (-1024 0 16 ) (-2048 0 16 ) (-2048 0 -224 ) 
4 221 251 (-2048 0 -224 ) (-2048 0 16 ) (-2048 1024 16 ) (-2048 1024 -224 ) 
4 222 263 (-2048 0 412 ) (-2048 0 1280 ) (-2776 0 1280 ) (-2776 0 412 ) 
4 222 252 (-2776 0 412 ) (-2776 0 1280 ) (-2776 1024 1280 ) (-2776 1024 412 ) 
4 222 223 (-2776 0 412 ) (-2776 1024 412 ) (-2048 1024 412 ) (-2048 0 412 ) 
4 223 264 (-2048 0 372 ) (-2048 0 412 ) (-2776 0 412 ) (-2776 0 372 ) 
4 223 253 (-2776 0 372 ) (-2776 0 412 ) (-2776 1024 412 ) (-2776 1024 372 ) 
4 223 224 (-2048 0 372 ) (-2776 0 372 ) (-2776 1024 372 ) (-2048 1024 372 ) 
4 224 265 (-2048 0 272 ) (-2048 0 372 ) (-2776 0 372 ) (-2776 0 272 ) 
4 224 254 (-2776 0 272 ) (-2776 0 372 ) (-2776 1024 372 ) (-2776 1024 272 ) 
4 224 225 (-2776 230 272 ) (-2776 1024 272 ) (-2048 1024 272 ) (-2048 230 272 ) 
4 224 227 (-2048 0 272 ) (-2776 0 272 ) (-2776 24 272 ) (-2048 24 272 ) 
4 225 256 (-2776 254 272 ) (-2776 1024 272 ) (-2776 1024 251 ) (-2776 254 251 ) 
4 225 228 (-2776 254 251 ) (-2776 1024 251 ) (-2048 1024 251 ) (-2048 254 251 ) 
4 226 229 (-2776 47 251 ) (-2776 207 251 ) (-2048 207 251 ) (-2048 47 251 ) 
4 227 265 (-2048 0 251 ) (-2048 0 272 ) (-2776 0 272 ) (-2776 0 251 ) 
4 228 256 (-2776 254 251 ) (-2776 1024 251 ) (-2776 1024 231 ) (-2776 254 231 ) 
4 228 230 (-2776 254 231 ) (-2776 1024 231 ) (-2048 1024 231 ) (-2048 254 231 ) 
4 229 231 (-2776 20 231 ) (-2776 234 231 ) (-2048 234 231 ) (-2048 20 231 ) 
4 230 256 (-2776 254 231 ) (-2776 1024 231 ) (-2776 1024 80 ) (-2776 254 80 ) 
4 230 232 (-2776 254 80 ) (-2776 1024 80 ) (-2048 1024 80 ) (-2048 254 80 ) 
4 231 235 (-2776 96 80 ) (-2776 233 80 ) (-2048 233 80 ) (-2048 96 80 ) 
4 231 233 (-2336 243 80 ) (-2048 243 80 ) (-2048 233 80 ) (-2336 233 80 ) 
4 231 234 (-2776 233 80 ) (-2776 243 80 ) (-2352 243 80 ) (-2352 233 80 ) 
4 232 256 (-2776 254 80 ) (-2776 1024 80 ) (-2776 1024 64 ) (-2776 254 64 ) 
4 232 236 (-2776 253 64 ) (-2776 1024 64 ) (-2048 1024 64 ) (-2048 253 64 ) 
4 233 238 (-2336 243 64 ) (-2048 243 64 ) (-2048 233 64 ) (-2336 233 64 ) 
4 233 235 (-2336 233 64 ) (-2048 233 64 ) (-2048 233 80 ) (-2336 233 80 ) 
4 234 244 (-2776 233 64 ) (-2776 243 64 ) (-2352 243 64 ) (-2352 233 64 ) 
4 234 235 (-2776 233 64 ) (-2352 233 64 ) (-2352 233 80 ) (-2776 233 80 ) 
4 235 249 (-2776 96 64 ) (-2776 112 64 ) (-2048 112 64 ) (-2048 96 64 ) 
4 235 246 (-2776 112 64 ) (-2776 144 64 ) (-2352 144 64 ) (-2352 112 64 ) 
4 235 245 (-2776 144 64 ) (-2776 201 64 ) (-2352 201 64 ) (-2352 144 64 ) 
4 235 244 (-2776 201 64 ) (-2776 233 64 ) (-2352 233 64 ) (-2352 201 64 ) 
4 235 243 (-2336 144 64 ) (-2336 112 64 ) (-2352 112 64 ) (-2352 144 64 ) 
4 235 242 (-2336 201 64 ) (-2336 144 64 ) (-2352 144 64 ) (-2352 201 64 ) 
4 235 241 (-2352 233 64 ) (-2336 233 64 ) (-2336 201 64 ) (-2352 201 64 ) 
4 235 239 (-2048 201 64 ) (-2048 144 64 ) (-2336 144 64 ) (-2336 201 64 ) 
4 235 238 (-2336 233 64 ) (-2048 233 64 ) (-2048 201 64 ) (-2336 201 64 ) 
4 235 240 (-2048 144 64 ) (-2048 112 64 ) (-2336 112 64 ) (-2336 144 64 ) 
4 236 256 (-2776 254 64 ) (-2776 1024 64 ) (-2776 1024 32 ) (-2776 254 32 ) 
4 236 237 (-2776 249 32 ) (-2776 1024 32 ) (-2048 1024 32 ) (-2048 249 32 ) 
4 237 256 (-2776 1024 32 ) (-2776 1024 16 ) (-2776 254 16 ) (-2776 254 32 ) 
4 237 251 (-2776 225 16 ) (-2776 1024 16 ) (-2048 1024 16 ) (-2048 225 16 ) 
4 238 241 (-2336 225 32 ) (-2336 201 24 ) (-2336 201 64 ) (-2336 233 64 ) 
4 238 239 (-2336 201 64 ) (-2336 201 24 ) (-2048 201 24 ) (-2048 201 64 ) 
5 239 242 (-2336 201 24 ) (-2336 144.011719 24 ) (-2336 144 24.002930 ) (-2336 144 64 ) (-2336 201 64 ) 
4 239 240 (-2336 144 64 ) (-2336 144 24.003906 ) (-2048 144 24.003889 ) (-2048 144 64 ) 
4 240 249 (-2048 112 32 ) (-2048 112 64 ) (-2336 112 64 ) (-2336 112 32 ) 
4 240 243 (-2336 144 24.002930 ) (-2336 112 32.002930 ) (-2336 112 64 ) (-2336 144 64 ) 
4 241 244 (-2352 225 32 ) (-2352 201 24 ) (-2352 201 64 ) (-2352 233 64 ) 
4 241 242 (-2352 201 64 ) (-2352 201 24 ) (-2336 201 24 ) (-2336 201 64 ) 
5 242 245 (-2352 201 24 ) (-2352 144.011719 24 ) (-2352 144 24.002930 ) (-2352 144 64 ) (-2352 201 64 ) 
4 242 243 (-2352 144 64 ) (-2352 144 24 ) (-2336 144 24 ) (-2336 144 64 ) 
4 243 249 (-2336 112 64 ) (-2352 112 64 ) (-2352 112 32 ) (-2336 112 32 ) 
4 243 246 (-2352 144 24.002930 ) (-2352 112 32.002930 ) (-2352 112 64 ) (-2352 144 64 ) 
4 244 245 (-2776 201 24 ) (-2352 201 24 ) (-2352 201 64 ) (-2776 201 64 ) 
4 245 246 (-2776 144 24 ) (-2352 144 24 ) (-2352 144 64 ) (-2776 144 64 ) 
4 246 249 (-2352 112 64 ) (-2776 112 64 ) (-2776 112 32 ) (-2352 112 32 ) 
4 247 250 (-2776 88 24 ) (-2776 112 24 ) (-2048 112 24 ) (-2048 88 24 ) 
4 247 248 (-2776 88 24 ) (-2048 88 24 ) (-2048 88 32 ) (-2776 88 32 ) 
4 248 265 (-2048 0 24 ) (-2048 0 64 ) (-2776 0 64 ) (-2776 0 24 ) 
4 248 250 (-2048 0 24 ) (-2776 0 24 ) (-2776 88 24 ) (-2048 88 24 ) 
4 250 265 (-2048 0 16 ) (-2048 0 24 ) (-2776 0 24 ) (-2776 0 16 ) 
4 250 251 (-2048 0 16 ) (-2776 0 16 ) (-2776 112 16 ) (-2048 112 16 ) 
4 251 265 (-2048 0 -224 ) (-2048 0 16 ) (-2776 0 16 ) (-2776 0 -224 ) 
4 251 258 (-2776 0 -224 ) (-2776 0 16 ) (-2776 1024 16 ) (-2776 1024 -224 ) 
4 252 263 (-2776 0 412 ) (-2776 0 1280 ) (-2816 0 1280 ) (-2816 0 412 ) 
4 252 255 (-2816 0 412 ) (-2816 0 1280 ) (-2816 1024 1280 ) (-2816 1024 412 ) 
4 252 253 (-2816 0 412 ) (-2816 1024 412 ) (-2776 1024 412 ) (-2776 0 412 ) 
4 253 264 (-2776 0 372 ) (-2776 0 412 ) (-2816 0 412 ) (-2816 0 372 ) 
4 253 254 (-2816 0 372 ) (-2816 1024 372 ) (-2776 1024 372 ) (-2776 0 372 ) 
4 253 255 (-2816 0 372 ) (-2816 0 412 ) (-2816 1024 412 ) (-2816 1024 372 ) 
4 254 265 (-2776 0 272 ) (-2776 0 372 ) (-2816 0 372 ) (-2816 0 272 ) 
4 254 256 (-2784 1024 272 ) (-2776 1024 272 ) (-2776 254 272 ) (-2784 254 272 ) 
4 254 257 (-2816 1024 272 ) (-2784 1024 272 ) (-2784 0 272 ) (-2816 0 272 ) 
4 254 255 (-2816 1024 272 ) (-2816 0 272 ) (-2816 0 372 ) (-2816 1024 372 ) 
4 255 267 (-2816 0 1280 ) (-2891.290039 0 1280 ) (-2891.290039 0 272 ) (-2816 0 272 ) 
4 255 257 (-2891.290039 0 272 ) (-2891.290039 1024 272 ) (-2816 1024 272 ) (-2816 0 272 ) 
4 256 258 (-2784 1024 16 ) (-2776 1024 16 ) (-2776 254 16 ) (-2784 254 16 ) 
4 256 257 (-2784 1024 16 ) (-2784 254 16 ) (-2784 254 272 ) (-2784 1024 272 ) 
4 257 265 (-2784 0 272 ) (-2816 0 272 ) (-2816 0 16 ) (-2784 0 16 ) 
4 257 267 (-2816 0 272 ) (-2891.290039 0 272 ) (-2891.290039 0 16 ) (-2816 0 16 ) 
4 257 258 (-2891.290039 0 16 ) (-2891.290039 1024 16 ) (-2784 1024 16 ) (-2784 0 16 ) 
4 258 265 (-2776 0 -224 ) (-2776 0 16 ) (-2816 0 16 ) (-2816 0 -224 ) 
4 258 267 (-2816 0 16 ) (-2891.290039 0 16 ) (-2891.290039 0 -224 ) (-2816 0 -224 ) 
4 259 263 (-2048 0 1280 ) (-2048 0 412 ) (-2048 -128 412 ) (-2048 -128 1280 ) 
4 259 262 (-1024 -128 412 ) (-1024 -128 1280 ) (-2048 -128 1280 ) (-2048 -128 412 ) 
4 259 260 (-1024 -128 412 ) (-2048 -128 412 ) (-2048 0 412 ) (-1024 0 412 ) 
4 260 264 (-2048 0 412 ) (-2048 0 372 ) (-2048 -128 372 ) (-2048 -128 412 ) 
4 260 261 (-1024 -128 372 ) (-2048 -128 372 ) (-2048 0 372 ) (-1024 0 372 ) 
4 260 262 (-1024 -128 372 ) (-1024 -128 412 ) (-2048 -128 412 ) (-2048 -128 372 ) 
4 261 265 (-2048 0 372 ) (-2048 0 -224 ) (-2048 -128 -224 ) (-2048 -128 372 ) 
4 261 262 (-2048 -128 -224 ) (-1024 -128 -224 ) (-1024 -128 372 ) (-2048 -128 372 ) 
4 262 266 (-2048 -128 -224 ) (-2048 -1001.510010 -224 ) (-2048 -1001.510010 1280 ) (-2048 -128 1280 ) 
4 263 267 (-2816 -128 412 ) (-2816 -128 1280 ) (-2816 0 1280 ) (-2816 0 412 ) 
4 263 266 (-2816 -128 1280 ) (-2816 -128 412 ) (-2048 -128 412 ) (-2048 -128 1280 ) 
4 263 264 (-2048 -128 412 ) (-2816 -128 412 ) (-2816 0 412 ) (-2048 0 412 ) 
4 264 265 (-2048 -128 372 ) (-2816 -128 372 ) (-2816 0 372 ) (-2048 0 372 ) 
4 264 267 (-2816 -128 372 ) (-2816 -128 412 ) (-2816 0 412 ) (-2816 0 372 ) 
4 264 266 (-2816 -128 412 ) (-2816 -128 372 ) (-2048 -128 372 ) (-2048 -128 412 ) 
4 265 266 (-2816 -128 372 ) (-2816 -128 -224 ) (-2048 -128 -224 ) (-2048 -128 372 ) 
4 265 267 (-2816 0 -224 ) (-2816 -128 -224 ) (-2816 -128 372 ) (-2816 0 372 ) 
4 266 267 (-2816 -128 -224 ) (-2816 -1001.510010 -224 ) (-2816 -1001.510010 1280 ) (-2816 -128 1280 ) 
