PRT1
155
473
4 0 2 (1504 1024 4411.089844 ) (1024 1024 4411.089844 ) (1024 1024 -309.085999 ) (1504 1024 -309.085999 ) 
4 0 1 (1024 1024 -309.085999 ) (1024 1024 4411.089844 ) (1024 2016 4411.089844 ) (1024 2016 -309.085999 ) 
4 1 38 (0 1024 -309.085999 ) (0 1024 4411.089844 ) (0 2016 4411.089844 ) (0 2016 -309.085999 ) 
4 1 28 (0 1024 -88 ) (0 1024 -309.085999 ) (768 1024 -309.085999 ) (768 1024 -88 ) 
4 1 26 (0 1024 -64 ) (0 1024 -88 ) (768 1024 -88 ) (768 1024 -64 ) 
4 1 24 (768 1024 -24 ) (0 1024 -24 ) (0 1024 -64 ) (768 1024 -64 ) 
4 1 22 (1024 1024 -309.085999 ) (1024 1024 -88 ) (768 1024 -88 ) (768 1024 -309.085999 ) 
4 1 21 (776 1024 -24 ) (768 1024 -24 ) (768 1024 -88 ) (776 1024 -88 ) 
4 1 20 (1024 1024 -88 ) (1024 1024 -24 ) (776 1024 -24 ) (776 1024 -88 ) 
4 1 17 (0 1024 -8 ) (0 1024 -24 ) (768 1024 -24 ) (768 1024 -8 ) 
4 1 13 (768 1024 384 ) (0 1024 384 ) (0 1024 -8 ) (768 1024 -8 ) 
4 1 12 (776 1024 384 ) (768 1024 384 ) (768 1024 -24 ) (776 1024 -24 ) 
4 1 11 (1024 1024 -24 ) (1024 1024 384 ) (776 1024 384 ) (776 1024 -24 ) 
4 1 9 (768 1024 400 ) (0 1024 400 ) (0 1024 384 ) (768 1024 384 ) 
4 1 8 (1024 1024 384 ) (1024 1024 400 ) (768 1024 400 ) (768 1024 384 ) 
4 1 4 (786 1024 4411.089844 ) (0 1024 4411.089844 ) (0 1024 400 ) (786 1024 400 ) 
4 1 3 (1024 1024 400 ) (1024 1024 4411.089844 ) (786 1024 4411.089844 ) (786 1024 400 ) 
4 2 29 (1504 0 4411.089844 ) (1024 0 4411.089844 ) (1024 0 -309.085999 ) (1504 0 -309.085999 ) 
4 2 22 (1024 1024 -88 ) (1024 1024 -309.085999 ) (1024 0 -309.085999 ) (1024 0 -88 ) 
4 2 20 (1024 1024 -24 ) (1024 1024 -88 ) (1024 0 -88 ) (1024 0 -24 ) 
4 2 11 (1024 1024 384 ) (1024 1024 -24 ) (1024 0 -24 ) (1024 0 384 ) 
4 2 8 (1024 1024 400 ) (1024 1024 384 ) (1024 0 384 ) (1024 0 400 ) 
4 2 3 (1024 1024 4411.089844 ) (1024 1024 400 ) (1024 0 400 ) (1024 0 4411.089844 ) 
4 3 30 (786 0 400 ) (1024 0 400 ) (1024 0 4411.089844 ) (786 0 4411.089844 ) 
4 3 8 (1024 0 400 ) (786 0 400 ) (786 1024 400 ) (1024 1024 400 ) 
4 3 6 (786 0 704 ) (786 0 768 ) (786 576 768 ) (786 576 704 ) 
4 3 5 (786 0 768 ) (786 0 4411.089844 ) (786 576 4411.089844 ) (786 576 768 ) 
4 3 7 (786 576 400 ) (786 0 400 ) (786 0 704 ) (786 576 704 ) 
4 3 4 (786 1024 400 ) (786 576 400 ) (786 576 4411.089844 ) (786 1024 4411.089844 ) 
4 4 41 (0 576 4411.089844 ) (0 1024 4411.089844 ) (0 1024 400 ) (0 576 400 ) 
4 4 9 (0 576 400 ) (0 1024 400 ) (768 1024 400 ) (768 576 400 ) 
4 4 8 (768 1024 400 ) (786 1024 400 ) (786 576 400 ) (768 576 400 ) 
4 4 6 (786 576 704 ) (786 576 768 ) (0 576 768 ) (0 576 704 ) 
4 4 5 (786 576 768 ) (786 576 4411.089844 ) (0 576 4411.089844 ) (0 576 768 ) 
4 4 7 (0 576 400 ) (786 576 400 ) (786 576 704 ) (0 576 704 ) 
4 5 42 (0 0 768 ) (0 0 4411.089844 ) (0 576 4411.089844 ) (0 576 768 ) 
4 5 31 (0 0 4411.089844 ) (0 0 768 ) (786 0 768 ) (786 0 4411.089844 ) 
4 5 6 (0 576 768 ) (786 576 768 ) (786 0 768 ) (0 0 768 ) 
4 6 43 (0 0 704 ) (0 0 768 ) (0 576 768 ) (0 576 704 ) 
4 6 32 (0 0 768 ) (0 0 704 ) (786 0 704 ) (786 0 768 ) 
4 6 7 (0 0 704 ) (0 576 704 ) (786 576 704 ) (786 0 704 ) 
4 7 44 (0 0 400 ) (0 0 704 ) (0 576 704 ) (0 576 400 ) 
4 7 33 (0 0 704 ) (0 0 400 ) (786 0 400 ) (786 0 704 ) 
4 7 9 (0 320 400 ) (0 576 400 ) (768 576 400 ) (768 320 400 ) 
4 7 10 (768 0 400 ) (0 0 400 ) (0 192 400 ) (768 192 400 ) 
4 7 8 (786 0 400 ) (768 0 400 ) (768 576 400 ) (786 576 400 ) 
4 8 33 (768 0 384 ) (786 0 384 ) (786 0 400 ) (768 0 400 ) 
4 8 30 (786 0 384 ) (1024 0 384 ) (1024 0 400 ) (786 0 400 ) 
4 8 12 (768 512 384 ) (768 1024 384 ) (776 1024 384 ) (776 512 384 ) 
4 8 11 (1024 0 384 ) (776 0 384 ) (776 1024 384 ) (1024 1024 384 ) 
4 8 9 (768 1024 384 ) (768 320 384 ) (768 320 400 ) (768 1024 400 ) 
4 8 10 (768 192 384 ) (768 0 384 ) (768 0 400 ) (768 192 400 ) 
4 9 45 (0 320 400 ) (0 1024 400 ) (0 1024 384 ) (0 320 384 ) 
4 9 14 (0 512 384 ) (0 520 384 ) (768 520 384 ) (768 512 384 ) 
4 9 13 (0 520 384 ) (0 1024 384 ) (768 1024 384 ) (768 520 384 ) 
4 10 46 (0 0 384 ) (0 0 400 ) (0 192 400 ) (0 192 384 ) 
4 10 33 (0 0 400 ) (0 0 384 ) (768 0 384 ) (768 0 400 ) 
4 11 35 (776 0 -24 ) (1024 0 -24 ) (1024 0 256 ) (776 0 256 ) 
4 11 33 (786 0 384 ) (776 0 384 ) (776 0 256 ) (786 0 256 ) 
4 11 30 (1024 0 256 ) (1024 0 384 ) (786 0 384 ) (786 0 256 ) 
4 11 20 (776 1024 -24 ) (1024 1024 -24 ) (1024 0 -24 ) (776 0 -24 ) 
4 11 12 (776 1024 -24 ) (776 512 -24 ) (776 512 384 ) (776 1024 384 ) 
4 12 21 (768 1024 -24 ) (776 1024 -24 ) (776 512 -24 ) (768 512 -24 ) 
4 12 17 (768 1024 -24 ) (768 520 -24 ) (768 520 -8 ) (768 1024 -8 ) 
4 12 14 (768 512 256 ) (768 512 384 ) (768 520 384 ) (768 520 256 ) 
4 12 13 (768 520 384 ) (768 1024 384 ) (768 1024 -8 ) (768 520 -8 ) 
4 13 47 (0 520 384 ) (0 1024 384 ) (0 1024 -8 ) (0 520 -8 ) 
4 13 17 (0 1024 -8 ) (768 1024 -8 ) (768 520 -8 ) (0 520 -8 ) 
4 13 14 (768 520 256 ) (768 520 384 ) (0 520 384 ) (0 520 256 ) 
4 14 48 (0 512 384 ) (0 520 384 ) (0 520 256 ) (0 512 256 ) 
8 15 49 (0 0 0 ) (0 0 256 ) (0 64 320 ) (0 192 384 ) (0 320 384 ) (0 448 320 ) (0 512 256 ) (0 512 0 ) 
4 15 16 (0 512 0 ) (768 512 0 ) (768 112 0 ) (0 112 0 ) 
4 16 50 (0 112 0 ) (0 512 0 ) (0 512 -8 ) (0 112 -8 ) 
4 16 18 (768 512 -8 ) (768 112 -8 ) (0 112 -8 ) (0 512 -8 ) 
4 17 51 (0 520 -8 ) (0 1024 -8 ) (0 1024 -24 ) (0 520 -24 ) 
4 17 24 (0 520 -24 ) (0 1024 -24 ) (768 1024 -24 ) (768 520 -24 ) 
4 18 52 (0 112 -8 ) (0 512 -8 ) (0 507.428589 -24 ) (0 116.571442 -24 ) 
4 18 23 (0 116.571426 -24 ) (0 507.428589 -24 ) (768 507.428589 -24 ) (768 116.571442 -24 ) 
4 19 53 (0 0 -24 ) (0 0 -8 ) (0 104 -8 ) (0 104 -24 ) 
4 19 36 (0 0 -8 ) (0 0 -24 ) (768 0 -24 ) (768 0 -8 ) 
4 19 25 (0 0 -24 ) (0 104 -24 ) (768 104 -24 ) (768 0 -24 ) 
4 20 35 (1024 0 -88 ) (1024 0 -24 ) (776 0 -24 ) (776 0 -88 ) 
4 20 22 (776 1024 -88 ) (1024 1024 -88 ) (1024 0 -88 ) (776 0 -88 ) 
4 20 21 (776 1024 -88 ) (776 512 -88 ) (776 512 -24 ) (776 1024 -24 ) 
4 21 26 (768 1024 -64 ) (768 1024 -88 ) (768 512 -88 ) (768 512 -64 ) 
4 21 24 (768 520 -24 ) (768 1024 -24 ) (768 1024 -64 ) (768 520 -64 ) 
4 21 22 (768 512 -88 ) (768 1024 -88 ) (776 1024 -88 ) (776 512 -88 ) 
4 22 35 (1024 0 -309.085999 ) (1024 0 -88 ) (768 0 -88 ) (768 0 -309.085999 ) 
4 22 28 (768 0 -309.085999 ) (768 0 -88 ) (768 1024 -88 ) (768 1024 -309.085999 ) 
4 23 54 (0 116.571426 -24 ) (0 507.428589 -24 ) (0 496 -64 ) (0 128 -64 ) 
4 24 56 (0 520 -24 ) (0 1024 -24 ) (0 1024 -64 ) (0 520 -64 ) 
4 24 26 (0 520 -64 ) (0 1024 -64 ) (768 1024 -64 ) (768 520 -64 ) 
4 25 55 (0 0 -64 ) (0 0 -24 ) (0 104 -24 ) (0 104 -64 ) 
4 25 36 (0 0 -24 ) (0 0 -64 ) (768 0 -64 ) (768 0 -24 ) 
4 25 27 (0 0 -64 ) (0 104 -64 ) (768 104 -64 ) (768 0 -64 ) 
4 26 57 (0 496 -64 ) (0 1024 -64 ) (0 1024 -88 ) (0 496 -88 ) 
4 26 28 (0 1024 -88 ) (768 1024 -88 ) (768 496 -88 ) (0 496 -88 ) 
4 27 59 (0 0 -88 ) (0 0 -64 ) (0 128 -64 ) (0 128 -88 ) 
4 27 36 (0 0 -64 ) (0 0 -88 ) (768 0 -88 ) (768 0 -64 ) 
4 27 28 (768 128 -88 ) (768 0 -88 ) (0 0 -88 ) (0 128 -88 ) 
4 28 58 (0 128 -88 ) (0 496 -88 ) (0 496 -309.085999 ) (0 128 -309.085999 ) 
4 28 57 (0 496 -88 ) (0 1024 -88 ) (0 1024 -309.085999 ) (0 496 -309.085999 ) 
4 28 59 (0 0 -309.085999 ) (0 0 -88 ) (0 128 -88 ) (0 128 -309.085999 ) 
4 28 36 (0 0 -88 ) (0 0 -309.085999 ) (768 0 -309.085999 ) (768 0 -88 ) 
4 29 35 (1024 0 256 ) (1024 0 -309.085999 ) (1024 -992 -309.085999 ) (1024 -992 256 ) 
4 29 30 (1024 0 4411.089844 ) (1024 0 256 ) (1024 -992 256 ) (1024 -992 4411.089844 ) 
4 30 35 (1024 -992 256 ) (786 -992 256 ) (786 0 256 ) (1024 0 256 ) 
4 30 32 (786 -352 704 ) (786 -352 768 ) (786 0 768 ) (786 0 704 ) 
4 30 31 (786 -352 768 ) (786 -352 4411.089844 ) (786 0 4411.089844 ) (786 0 768 ) 
4 30 33 (786 0 256 ) (786 -352 256 ) (786 -352 704 ) (786 0 704 ) 
4 30 34 (786 -352 256 ) (786 -992 256 ) (786 -992 4411.089844 ) (786 -352 4411.089844 ) 
4 31 99 (0 -352 4411.089844 ) (0 -292 4411.089844 ) (0 -292 768 ) (0 -352 768 ) 
4 31 88 (0 -292 4411.089844 ) (0 -8 4411.089844 ) (0 -8 768 ) (0 -292 768 ) 
4 31 83 (0 -8 4411.089844 ) (0 0 4411.089844 ) (0 0 768 ) (0 -8 768 ) 
4 31 34 (786 -352 768 ) (786 -352 4411.089844 ) (0 -352 4411.089844 ) (0 -352 768 ) 
4 31 32 (786 -352 768 ) (0 -352 768 ) (0 0 768 ) (786 0 768 ) 
4 32 100 (0 -292 704 ) (0 -352 704 ) (0 -352 768 ) (0 -292 768 ) 
4 32 89 (0 -8 704 ) (0 -292 704 ) (0 -292 768 ) (0 -8 768 ) 
4 32 84 (0 0 768 ) (0 0 704 ) (0 -8 704 ) (0 -8 768 ) 
4 32 33 (786 -352 704 ) (0 -352 704 ) (0 0 704 ) (786 0 704 ) 
4 32 34 (786 -352 704 ) (786 -352 768 ) (0 -352 768 ) (0 -352 704 ) 
4 33 101 (0 -292 256 ) (0 -352 256 ) (0 -352 704 ) (0 -292 704 ) 
4 33 90 (0 -8 256 ) (0 -292 256 ) (0 -292 704 ) (0 -8 704 ) 
4 33 85 (0 0 704 ) (0 0 256 ) (0 -8 256 ) (0 -8 704 ) 
4 33 37 (0 -352 256 ) (0 -8 256 ) (768 -8 256 ) (768 -352 256 ) 
4 33 35 (768 0 256 ) (786 0 256 ) (786 -352 256 ) (768 -352 256 ) 
4 33 34 (0 -352 256 ) (786 -352 256 ) (786 -352 704 ) (0 -352 704 ) 
4 34 102 (0 -992 4411.089844 ) (0 -352 4411.089844 ) (0 -352 256 ) (0 -992 256 ) 
4 34 37 (768 -992 256 ) (0 -992 256 ) (0 -352 256 ) (768 -352 256 ) 
4 34 35 (786 -992 256 ) (768 -992 256 ) (768 -352 256 ) (786 -352 256 ) 
4 35 36 (768 0 -309.085999 ) (768 -8 -309.085999 ) (768 -8 0 ) (768 0 0 ) 
4 35 37 (768 -8 -309.085999 ) (768 -992 -309.085999 ) (768 -992 256 ) (768 -8 256 ) 
4 36 87 (0 0 0 ) (0 0 -309.085999 ) (0 -8 -309.085999 ) (0 -8 0 ) 
4 36 37 (0 -8 -309.085999 ) (768 -8 -309.085999 ) (768 -8 0 ) (0 -8 0 ) 
4 37 111 (0 -324 -309.085999 ) (0 -992 -309.085999 ) (0 -992 128 ) (0 -324 128 ) 
4 37 110 (0 -320 -309.085999 ) (0 -324 -309.085999 ) (0 -324 0 ) (0 -320 0 ) 
4 37 108 (0 -324 0 ) (0 -324 128 ) (0 -320 128 ) (0 -320 0 ) 
4 37 107 (0 -292 -309.085999 ) (0 -320 -309.085999 ) (0 -320 40 ) (0 -292 40 ) 
4 37 103 (0 -320 40 ) (0 -320 128 ) (0 -292 128 ) (0 -292 40 ) 
4 37 101 (0 -352 256 ) (0 -292 256 ) (0 -292 128 ) (0 -352 128 ) 
4 37 102 (0 -992 128 ) (0 -992 256 ) (0 -352 256 ) (0 -352 128 ) 
4 37 98 (0 -8 -309.085999 ) (0 -292 -309.085999 ) (0 -292 4 ) (0 -8 4 ) 
4 37 96 (0 -292 4 ) (0 -292 16 ) (0 -8 16 ) (0 -8 4 ) 
4 37 93 (0 -292 16 ) (0 -292 112 ) (0 -8 112 ) (0 -8 16 ) 
4 37 91 (0 -292 112 ) (0 -292 124 ) (0 -8 124 ) (0 -8 112 ) 
4 37 90 (0 -292 124 ) (0 -292 256 ) (0 -8 256 ) (0 -8 124 ) 
4 38 57 (0 1024 -309.085999 ) (0 1024 -64 ) (-1024 1024 -64 ) (-1024 1024 -309.085999 ) 
4 38 56 (0 1024 -64 ) (0 1024 -24 ) (-1024 1024 -24 ) (-1024 1024 -64 ) 
4 38 51 (0 1024 -24 ) (0 1024 -8 ) (-1024 1024 -8 ) (-1024 1024 -24 ) 
4 38 47 (0 1024 -8 ) (0 1024 384 ) (-1024 1024 384 ) (-1024 1024 -8 ) 
4 38 45 (0 1024 384 ) (0 1024 400 ) (-1024 1024 400 ) (-1024 1024 384 ) 
4 38 41 (0 1024 400 ) (0 1024 4411.089844 ) (-1024 1024 4411.089844 ) (-1024 1024 400 ) 
4 38 39 (-1024 1024 -309.085999 ) (-1024 1024 4411.089844 ) (-1024 2016 4411.089844 ) (-1024 2016 -309.085999 ) 
4 39 80 (-1024 1024 -309.085999 ) (-1024 1024 -64 ) (-2048 1024 -64 ) (-2048 1024 -309.085999 ) 
4 39 79 (-1024 1024 -64 ) (-1024 1024 -24 ) (-2048 1024 -24 ) (-2048 1024 -64 ) 
4 39 74 (-1024 1024 -24 ) (-1024 1024 -8 ) (-2048 1024 -8 ) (-2048 1024 -24 ) 
4 39 66 (-1024 1024 -8 ) (-1024 1024 384 ) (-2048 1024 384 ) (-2048 1024 -8 ) 
4 39 64 (-1024 1024 384 ) (-1024 1024 400 ) (-2048 1024 400 ) (-2048 1024 384 ) 
4 39 60 (-1024 1024 400 ) (-1024 1024 4411.089844 ) (-2048 1024 4411.089844 ) (-2048 1024 400 ) 
4 39 40 (-2048 1024 -309.085999 ) (-2048 1024 4411.089844 ) (-2048 2016 4411.089844 ) (-2048 2016 -309.085999 ) 
4 40 144 (-2944 1024 -24 ) (-2952 1024 -24 ) (-2952 1024 -309.085999 ) (-2944 1024 -309.085999 ) 
4 40 146 (-2952 1024 -24 ) (-3040 1024 -24 ) (-3040 1024 -309.085999 ) (-2952 1024 -309.085999 ) 
4 40 143 (-2048 1024 -309.085999 ) (-2048 1024 -88 ) (-2944 1024 -88 ) (-2944 1024 -309.085999 ) 
4 40 141 (-2048 1024 -88 ) (-2048 1024 -64 ) (-2944 1024 -64 ) (-2944 1024 -88 ) 
4 40 139 (-2048 1024 -64 ) (-2048 1024 -24 ) (-2944 1024 -24 ) (-2944 1024 -64 ) 
4 40 136 (-2952 1024 -24 ) (-2944 1024 -24 ) (-2944 1024 384 ) (-2952 1024 384 ) 
4 40 137 (-3040 1024 384 ) (-3040 1024 -24 ) (-2952 1024 -24 ) (-2952 1024 384 ) 
4 40 131 (-2944 1024 4411.089844 ) (-2976 1024 4411.089844 ) (-2976 1024 384 ) (-2944 1024 384 ) 
4 40 135 (-2976 1024 4411.089844 ) (-3040 1024 4411.089844 ) (-3040 1024 384 ) (-2976 1024 384 ) 
4 40 128 (-2048 1024 -24 ) (-2048 1024 -8 ) (-2944 1024 -8 ) (-2944 1024 -24 ) 
4 40 124 (-2048 1024 -8 ) (-2048 1024 384 ) (-2944 1024 384 ) (-2944 1024 -8 ) 
4 40 122 (-2048 1024 384 ) (-2048 1024 400 ) (-2944 1024 400 ) (-2944 1024 384 ) 
4 40 118 (-2048 1024 400 ) (-2048 1024 4411.089844 ) (-2944 1024 4411.089844 ) (-2944 1024 400 ) 
4 41 60 (-1024 1024 4411.089844 ) (-1024 1024 400 ) (-1024 576 400 ) (-1024 576 4411.089844 ) 
4 41 45 (-1024 576 400 ) (-1024 1024 400 ) (0 1024 400 ) (0 576 400 ) 
4 41 43 (0 576 704 ) (0 576 768 ) (-1024 576 768 ) (-1024 576 704 ) 
4 41 42 (0 576 768 ) (0 576 4411.089844 ) (-1024 576 4411.089844 ) (-1024 576 768 ) 
4 41 44 (-1024 576 400 ) (0 576 400 ) (0 576 704 ) (-1024 576 704 ) 
4 42 83 (0 0 768 ) (0 0 4411.089844 ) (-1024 0 4411.089844 ) (-1024 0 768 ) 
4 42 61 (-1024 0 768 ) (-1024 0 4411.089844 ) (-1024 576 4411.089844 ) (-1024 576 768 ) 
4 42 43 (0 0 768 ) (-1024 0 768 ) (-1024 576 768 ) (0 576 768 ) 
4 43 84 (0 0 704 ) (0 0 768 ) (-1024 0 768 ) (-1024 0 704 ) 
4 43 62 (-1024 0 704 ) (-1024 0 768 ) (-1024 576 768 ) (-1024 576 704 ) 
4 43 44 (-1024 0 704 ) (-1024 576 704 ) (0 576 704 ) (0 0 704 ) 
4 44 85 (0 0 400 ) (0 0 704 ) (-1024 0 704 ) (-1024 0 400 ) 
4 44 63 (-1024 576 400 ) (-1024 0 400 ) (-1024 0 704 ) (-1024 576 704 ) 
4 44 45 (-1024 320 400 ) (-1024 576 400 ) (0 576 400 ) (0 320 400 ) 
4 44 46 (-1024 0 400 ) (-1024 192 400 ) (0 192 400 ) (0 0 400 ) 
4 45 64 (-1024 1024 400 ) (-1024 1024 384 ) (-1024 320 384 ) (-1024 320 400 ) 
4 45 48 (-1024 512 384 ) (-1024 520 384 ) (0 520 384 ) (0 512 384 ) 
4 45 47 (-1024 520 384 ) (-1024 1024 384 ) (0 1024 384 ) (0 520 384 ) 
4 46 85 (0 0 384 ) (0 0 400 ) (-1024 0 400 ) (-1024 0 384 ) 
4 46 65 (-1024 192 384 ) (-1024 0 384 ) (-1024 0 400 ) (-1024 192 400 ) 
4 47 66 (-1024 1024 384 ) (-1024 1024 -8 ) (-1024 520 -8 ) (-1024 520 384 ) 
4 47 51 (-1024 520 -8 ) (-1024 1024 -8 ) (0 1024 -8 ) (0 520 -8 ) 
4 47 48 (0 520 256 ) (0 520 384 ) (-1024 520 384 ) (-1024 520 256 ) 
4 48 67 (-1024 512 256 ) (-1024 512 384 ) (-1024 520 384 ) (-1024 520 256 ) 
24 49 86 (-746.169495 0 86.536827 ) (-750.265930 0 75.271606 ) (-752 0 64 ) (-750.266113 0 52.728958 ) (-746.168640 0 41.460812 ) (-736.499268 0 29.374073 ) (-726.282959 0 21.711990 ) (-722.005127 0 20 ) (-704 0 17 ) (-685.994507 0 20 ) (-681.710938 0 21.714329 ) (-671.509033 0 29.364580 ) (-661.830505 0 41.463070 ) (-657.734070 0 52.728401 ) (-656 0 64 ) (-657.733948 0 75.270966 ) (-661.831604 0 86.539497 ) (-671.488586 0 98.610725 ) (-681.735535 0 106.295822 ) (-685.993652 0 107.998940 ) (-704 0 111 ) (-722.006287 0 107.998970 ) (-726.288330 0 106.286255 ) (-736.490784 0 98.635574 ) 
8 49 68 (-1024 0 0 ) (-1024 0 256 ) (-1024 64 320 ) (-1024 192 384 ) (-1024 320 384 ) (-1024 448 320 ) (-1024 512 256 ) (-1024 512 0 ) 
4 49 50 (-1024 112 0 ) (-1024 512 0 ) (0 512 0 ) (0 112 0 ) 
4 50 73 (-1024 512 -8 ) (-1024 112 -8 ) (-1024 112 0 ) (-1024 512 0 ) 
4 50 52 (-1024 112 -8 ) (-1024 512 -8 ) (0 512 -8 ) (0 112 -8 ) 
4 51 74 (-1024 1024 -8 ) (-1024 1024 -24 ) (-1024 520 -24 ) (-1024 520 -8 ) 
4 51 56 (-1024 520 -24 ) (-1024 1024 -24 ) (0 1024 -24 ) (0 520 -24 ) 
4 52 75 (-1024 507.428589 -24 ) (-1024 116.571442 -24 ) (-1024 112 -8 ) (-1024 512 -8 ) 
4 52 54 (-1024 116.571426 -24 ) (-1024 507.428589 -24 ) (0 507.428589 -24 ) (0 116.571442 -24 ) 
4 53 87 (0 0 -24 ) (0 0 -8 ) (-1024 0 -8 ) (-1024 0 -24 ) 
4 53 76 (-1024 104 -24 ) (-1024 0 -24 ) (-1024 0 -8 ) (-1024 104 -8 ) 
4 53 55 (0 0 -24 ) (-1024 0 -24 ) (-1024 104 -24 ) (0 104 -24 ) 
4 54 77 (-1024 496 -64 ) (-1024 128 -64 ) (-1024 116.571426 -24 ) (-1024 507.428558 -24 ) 
4 55 87 (0 0 -64 ) (0 0 -24 ) (-1024 0 -24 ) (-1024 0 -64 ) 
4 55 78 (-1024 104 -64 ) (-1024 0 -64 ) (-1024 0 -24 ) (-1024 104 -24 ) 
4 55 59 (-1024 0 -64 ) (-1024 104 -64 ) (0 104 -64 ) (0 0 -64 ) 
4 56 79 (-1024 1024 -24 ) (-1024 1024 -64 ) (-1024 520 -64 ) (-1024 520 -24 ) 
4 56 57 (-1024 520 -64 ) (-1024 1024 -64 ) (0 1024 -64 ) (0 520 -64 ) 
4 57 80 (-1024 1024 -64 ) (-1024 1024 -309.085999 ) (-1024 496 -309.085999 ) (-1024 496 -64 ) 
4 57 58 (-1024 496 -309.085999 ) (0 496 -309.085999 ) (0 496 -88 ) (-1024 496 -88 ) 
4 58 81 (-1024 496 -309.085999 ) (-1024 128 -309.085999 ) (-1024 128 -88 ) (-1024 496 -88 ) 
4 58 59 (-1024 128 -309.085999 ) (0 128 -309.085999 ) (0 128 -88 ) (-1024 128 -88 ) 
4 59 87 (0 0 -309.085999 ) (0 0 -64 ) (-1024 0 -64 ) (-1024 0 -309.085999 ) 
4 59 82 (-1024 128 -309.085999 ) (-1024 0 -309.085999 ) (-1024 0 -64 ) (-1024 128 -64 ) 
4 60 118 (-2048 1024 4411.089844 ) (-2048 1024 400 ) (-2048 576 400 ) (-2048 576 4411.089844 ) 
4 60 64 (-2048 576 400 ) (-2048 1024 400 ) (-1024 1024 400 ) (-1024 576 400 ) 
4 60 62 (-1024 576 704 ) (-1024 576 768 ) (-2048 576 768 ) (-2048 576 704 ) 
4 60 61 (-1024 576 768 ) (-1024 576 4411.089844 ) (-2048 576 4411.089844 ) (-2048 576 768 ) 
4 60 63 (-2048 576 400 ) (-1024 576 400 ) (-1024 576 704 ) (-2048 576 704 ) 
4 61 119 (-2048 0 768 ) (-2048 0 4411.089844 ) (-2048 576 4411.089844 ) (-2048 576 768 ) 
4 61 112 (-1024 0 768 ) (-1024 0 4411.089844 ) (-2048 0 4411.089844 ) (-2048 0 768 ) 
4 61 62 (-2048 576 768 ) (-1024 576 768 ) (-1024 0 768 ) (-2048 0 768 ) 
4 62 120 (-2048 0 704 ) (-2048 0 768 ) (-2048 576 768 ) (-2048 576 704 ) 
4 62 113 (-1024 0 704 ) (-1024 0 768 ) (-2048 0 768 ) (-2048 0 704 ) 
4 62 63 (-1024 0 704 ) (-2048 0 704 ) (-2048 576 704 ) (-1024 576 704 ) 
4 63 121 (-2048 576 400 ) (-2048 0 400 ) (-2048 0 704 ) (-2048 576 704 ) 
4 63 114 (-1024 0 400 ) (-1024 0 704 ) (-2048 0 704 ) (-2048 0 400 ) 
4 63 64 (-2048 320 400 ) (-2048 576 400 ) (-1024 576 400 ) (-1024 320 400 ) 
4 63 65 (-1024 0 400 ) (-2048 0 400 ) (-2048 192 400 ) (-1024 192 400 ) 
4 64 122 (-2048 1024 400 ) (-2048 1024 384 ) (-2048 320 384 ) (-2048 320 400 ) 
4 64 67 (-2048 512 384 ) (-2048 520 384 ) (-1024 520 384 ) (-1024 512 384 ) 
4 64 66 (-2048 520 384 ) (-2048 1024 384 ) (-1024 1024 384 ) (-1024 520 384 ) 
4 65 123 (-2048 192 384 ) (-2048 0 384 ) (-2048 0 400 ) (-2048 192 400 ) 
4 65 114 (-1024 0 384 ) (-1024 0 400 ) (-2048 0 400 ) (-2048 0 384 ) 
4 66 124 (-2048 1024 384 ) (-2048 1024 -8 ) (-2048 520 -8 ) (-2048 520 384 ) 
4 66 74 (-2048 1024 -8 ) (-1024 1024 -8 ) (-1024 520 -8 ) (-2048 520 -8 ) 
4 66 67 (-1024 520 256 ) (-1024 520 384 ) (-2048 520 384 ) (-2048 520 256 ) 
4 67 125 (-2048 512 256 ) (-2048 512 384 ) (-2048 520 384 ) (-2048 520 256 ) 
4 68 73 (-1528 112 0 ) (-1528 512 0 ) (-1024 512 0 ) (-1024 112 0 ) 
4 68 71 (-1528 124 128 ) (-1528 124 0 ) (-1528 0 0 ) (-1528 0 128 ) 
5 68 70 (-1528 0 256 ) (-1528 64.003906 320.003906 ) (-1528 124 350.001953 ) (-1528 124 128 ) (-1528 0 128 ) 
7 68 69 (-1528 124 350.001953 ) (-1528 191.996094 384 ) (-1528 319.996094 384 ) (-1528 448.003906 319.996094 ) (-1528 512 256 ) (-1528 512 0 ) (-1528 124 0 ) 
4 69 73 (-1536 124 0 ) (-1536 512 0 ) (-1528 512 0 ) (-1528 124 0 ) 
4 69 71 (-1536 124 128 ) (-1536 124 0 ) (-1528 124 0 ) (-1528 124 128 ) 
4 69 70 (-1536 124 350 ) (-1536 124 128 ) (-1528 124 128 ) (-1528 124 349.996094 ) 
7 69 72 (-1536 124 350.001953 ) (-1536 191.996094 384 ) (-1536 319.996094 384 ) (-1536 448.003906 319.996094 ) (-1536 512 256 ) (-1536 512 0 ) (-1536 124 0 ) 
5 70 72 (-1536 0 256 ) (-1536 64.003906 320.003906 ) (-1536 124 350.001953 ) (-1536 124 128 ) (-1536 0 128 ) 
4 70 71 (-1536 0 128 ) (-1536 124 128 ) (-1528 124 128 ) (-1528 0 128 ) 
4 71 73 (-1536 112 0 ) (-1536 124 0 ) (-1528 124 0 ) (-1528 112 0 ) 
4 71 72 (-1536 124 128 ) (-1536 124 0 ) (-1536 0 0 ) (-1536 0 128 ) 
8 72 126 (-2048 0 0 ) (-2048 0 256 ) (-2048 64 320 ) (-2048 192 384 ) (-2048 320 384 ) (-2048 448 320 ) (-2048 512 256 ) (-2048 512 0 ) 
4 72 73 (-2048 112 0 ) (-2048 512 0 ) (-1536 512 0 ) (-1536 112 0 ) 
4 73 127 (-2048 512 -8 ) (-2048 112 -8 ) (-2048 112 0 ) (-2048 512 0 ) 
4 73 75 (-1024 512 -8 ) (-1024 112 -8 ) (-2048 112 -8 ) (-2048 512 -8 ) 
4 74 128 (-2048 1024 -8 ) (-2048 1024 -24 ) (-2048 520 -24 ) (-2048 520 -8 ) 
4 74 79 (-2048 1024 -24 ) (-1024 1024 -24 ) (-1024 520 -24 ) (-2048 520 -24 ) 
4 75 129 (-2048 507.428589 -24 ) (-2048 116.571442 -24 ) (-2048 112 -8 ) (-2048 512 -8 ) 
4 75 77 (-1024 507.428589 -24 ) (-1024 116.571442 -24 ) (-2048 116.571426 -24 ) (-2048 507.428589 -24 ) 
4 76 130 (-2048 104 -24 ) (-2048 0 -24 ) (-2048 0 -8 ) (-2048 104 -8 ) 
4 76 116 (-1024 0 -24 ) (-1024 0 -8 ) (-2048 0 -8 ) (-2048 0 -24 ) 
4 76 78 (-1024 104 -24 ) (-1024 0 -24 ) (-2048 0 -24 ) (-2048 104 -24 ) 
4 77 138 (-2048 496 -64 ) (-2048 128 -64 ) (-2048 116.571426 -24 ) (-2048 507.428558 -24 ) 
4 78 140 (-2048 104 -64 ) (-2048 0 -64 ) (-2048 0 -24 ) (-2048 104 -24 ) 
4 78 116 (-1024 0 -64 ) (-1024 0 -24 ) (-2048 0 -24 ) (-2048 0 -64 ) 
4 78 82 (-1024 0 -64 ) (-2048 0 -64 ) (-2048 104 -64 ) (-1024 104 -64 ) 
4 79 139 (-2048 1024 -24 ) (-2048 1024 -64 ) (-2048 520 -64 ) (-2048 520 -24 ) 
4 79 80 (-2048 520 -64 ) (-2048 1024 -64 ) (-1024 1024 -64 ) (-1024 520 -64 ) 
4 80 143 (-2048 1024 -88 ) (-2048 1024 -309.085999 ) (-2048 496 -309.085999 ) (-2048 496 -88 ) 
4 80 141 (-2048 1024 -64 ) (-2048 1024 -88 ) (-2048 496 -88 ) (-2048 496 -64 ) 
4 80 81 (-2048 496 -309.085999 ) (-1024 496 -309.085999 ) (-1024 496 -88 ) (-2048 496 -88 ) 
4 81 143 (-2048 496 -309.085999 ) (-2048 128 -309.085999 ) (-2048 128 -88 ) (-2048 496 -88 ) 
4 81 82 (-2048 128 -309.085999 ) (-1024 128 -309.085999 ) (-1024 128 -88 ) (-2048 128 -88 ) 
4 82 143 (-2048 128 -309.085999 ) (-2048 0 -309.085999 ) (-2048 0 -88 ) (-2048 128 -88 ) 
4 82 142 (-2048 0 -88 ) (-2048 0 -64 ) (-2048 128 -64 ) (-2048 128 -88 ) 
4 82 116 (-1024 0 -309.085999 ) (-1024 0 -64 ) (-2048 0 -64 ) (-2048 0 -309.085999 ) 
4 83 112 (-1024 -8 768 ) (-1024 -8 4411.089844 ) (-1024 0 4411.089844 ) (-1024 0 768 ) 
4 83 88 (0 -8 768 ) (0 -8 4411.089844 ) (-1024 -8 4411.089844 ) (-1024 -8 768 ) 
4 83 84 (0 -8 768 ) (-1024 -8 768 ) (-1024 0 768 ) (0 0 768 ) 
4 84 113 (-1024 -8 704 ) (-1024 -8 768 ) (-1024 0 768 ) (-1024 0 704 ) 
4 84 89 (0 -8 704 ) (0 -8 768 ) (-1024 -8 768 ) (-1024 -8 704 ) 
4 84 85 (0 -8 704 ) (-1024 -8 704 ) (-1024 0 704 ) (0 0 704 ) 
4 85 114 (-1024 -8 256 ) (-1024 -8 704 ) (-1024 0 704 ) (-1024 0 256 ) 
4 85 90 (0 -8 256 ) (0 -8 704 ) (-1024 -8 704 ) (-1024 -8 256 ) 
24 86 94 (-746.169495 -8 86.536827 ) (-750.265930 -8 75.271606 ) (-752 -8 64 ) (-750.266113 -8 52.728958 ) (-746.168640 -8 41.460812 ) (-736.499268 -8 29.374073 ) (-726.282959 -8 21.711990 ) (-722.005127 -8 20 ) (-704 -8 17 ) (-685.994507 -8 20 ) (-681.710938 -8 21.714329 ) (-671.509033 -8 29.364580 ) (-661.830505 -8 41.463070 ) (-657.734070 -8 52.728401 ) (-656 -8 64 ) (-657.733948 -8 75.270966 ) (-661.831604 -8 86.539497 ) (-671.488586 -8 98.610725 ) (-681.735535 -8 106.295822 ) (-685.993652 -8 107.998940 ) (-704 -8 111 ) (-722.006287 -8 107.998970 ) (-726.288330 -8 106.286255 ) (-736.490784 -8 98.635574 ) 
4 87 116 (-1024 -8 -309.085999 ) (-1024 -8 0 ) (-1024 0 0 ) (-1024 0 -309.085999 ) 
4 87 98 (0 -8 -309.085999 ) (0 -8 0 ) (-1024 -8 0 ) (-1024 -8 -309.085999 ) 
4 88 112 (-1024 -292 768 ) (-1024 -292 4411.089844 ) (-1024 -8 4411.089844 ) (-1024 -8 768 ) 
4 88 99 (-1024 -292 4411.089844 ) (-1024 -292 768 ) (0 -292 768 ) (0 -292 4411.089844 ) 
4 88 89 (0 -292 768 ) (-1024 -292 768 ) (-1024 -8 768 ) (0 -8 768 ) 
4 89 113 (-1024 -292 704 ) (-1024 -292 768 ) (-1024 -8 768 ) (-1024 -8 704 ) 
4 89 100 (-1024 -292 768 ) (-1024 -292 704 ) (0 -292 704 ) (0 -292 768 ) 
4 89 90 (0 -292 704 ) (-1024 -292 704 ) (-1024 -8 704 ) (0 -8 704 ) 
4 90 117 (-1024 -292 124 ) (-1024 -292 256 ) (-1024 -8 256 ) (-1024 -8 124 ) 
4 90 114 (-1024 -292 256 ) (-1024 -292 704 ) (-1024 -8 704 ) (-1024 -8 256 ) 
4 90 104 (-632 -292 124 ) (-264 -292 124 ) (-264 -292 128 ) (-632 -292 128 ) 
4 90 103 (-264 -292 124 ) (0 -292 124 ) (0 -292 128 ) (-264 -292 128 ) 
4 90 106 (-1024 -292 128 ) (-1024 -292 124 ) (-632 -292 124 ) (-632 -292 128 ) 
4 90 101 (-1024 -292 704 ) (-1024 -292 128 ) (0 -292 128 ) (0 -292 704 ) 
4 90 91 (0 -292 124 ) (-576 -292 124 ) (-576 -8 124 ) (0 -8 124 ) 
4 90 92 (-832 -292 124 ) (-1024 -292 124 ) (-1024 -8 124 ) (-832 -8 124 ) 
4 91 104 (-576 -292 112 ) (-264 -292 112 ) (-264 -292 124 ) (-576 -292 124 ) 
4 91 103 (-264 -292 112 ) (0 -292 112 ) (0 -292 124 ) (-264 -292 124 ) 
4 91 93 (0 -292 112 ) (-576 -292 112 ) (-576 -8 112 ) (0 -8 112 ) 
4 92 117 (-1024 -292 112 ) (-1024 -292 124 ) (-1024 -8 124 ) (-1024 -8 112 ) 
4 92 106 (-1024 -292 124 ) (-1024 -292 112 ) (-832 -292 112 ) (-832 -292 124 ) 
4 92 95 (-832 -292 112 ) (-1024 -292 112 ) (-1024 -8 112 ) (-832 -8 112 ) 
4 93 107 (-576 -292 16 ) (0 -292 16 ) (0 -292 40 ) (-576 -292 40 ) 
4 93 104 (-264 -292 112 ) (-576 -292 112 ) (-576 -292 40 ) (-264 -292 40 ) 
4 93 103 (0 -292 40 ) (0 -292 112 ) (-264 -292 112 ) (-264 -292 40 ) 
4 93 96 (0 -292 16 ) (-576 -292 16 ) (-576 -8 16 ) (0 -8 16 ) 
4 95 117 (-1024 -292 16 ) (-1024 -292 112 ) (-1024 -8 112 ) (-1024 -8 16 ) 
4 95 107 (-1024 -292 40 ) (-1024 -292 16 ) (-832 -292 16 ) (-832 -292 40 ) 
4 95 106 (-1024 -292 112 ) (-1024 -292 40 ) (-832 -292 40 ) (-832 -292 112 ) 
4 95 97 (-832 -292 16 ) (-1024 -292 16 ) (-1024 -8 16 ) (-832 -8 16 ) 
4 96 107 (-576 -292 4 ) (0 -292 4 ) (0 -292 16 ) (-576 -292 16 ) 
4 96 98 (0 -292 4 ) (-576 -292 4 ) (-576 -8 4 ) (0 -8 4 ) 
4 97 117 (-1024 -292 4 ) (-1024 -292 16 ) (-1024 -8 16 ) (-1024 -8 4 ) 
4 97 107 (-1024 -292 16 ) (-1024 -292 4 ) (-832 -292 4 ) (-832 -292 16 ) 
4 97 98 (-832 -292 4 ) (-1024 -292 4 ) (-1024 -8 4 ) (-832 -8 4 ) 
4 98 117 (-1024 -292 -309.085999 ) (-1024 -292 4 ) (-1024 -8 4 ) (-1024 -8 -309.085999 ) 
4 98 107 (-1024 -292 4 ) (-1024 -292 -309.085999 ) (0 -292 -309.085999 ) (0 -292 4 ) 
4 99 112 (-1024 -352 4411.089844 ) (-1024 -292 4411.089844 ) (-1024 -292 768 ) (-1024 -352 768 ) 
4 99 102 (0 -352 768 ) (0 -352 4411.089844 ) (-1024 -352 4411.089844 ) (-1024 -352 768 ) 
4 99 100 (0 -352 768 ) (-1024 -352 768 ) (-1024 -292 768 ) (0 -292 768 ) 
4 100 113 (-1024 -292 768 ) (-1024 -292 704 ) (-1024 -352 704 ) (-1024 -352 768 ) 
4 100 101 (0 -352 704 ) (-1024 -352 704 ) (-1024 -292 704 ) (0 -292 704 ) 
4 100 102 (0 -352 704 ) (0 -352 768 ) (-1024 -352 768 ) (-1024 -352 704 ) 
4 101 117 (-1024 -292 256 ) (-1024 -292 128 ) (-1024 -352 128 ) (-1024 -352 256 ) 
4 101 114 (-1024 -292 704 ) (-1024 -292 256 ) (-1024 -352 256 ) (-1024 -352 704 ) 
4 101 111 (-1024 -352 128 ) (-1024 -324 128 ) (0 -324 128 ) (0 -352 128 ) 
4 101 108 (-256 -320 128 ) (0 -320 128 ) (0 -324 128 ) (-256 -324 128 ) 
4 101 109 (-1024 -324 128 ) (-1024 -320 128 ) (-640 -320 128 ) (-640 -324 128 ) 
4 101 105 (-264 -316 128 ) (-264 -320 128 ) (-632 -320 128 ) (-632 -316 128 ) 
4 101 104 (-632 -292 128 ) (-264 -292 128 ) (-264 -316 128 ) (-632 -316 128 ) 
4 101 103 (-264 -292 128 ) (0 -292 128 ) (0 -320 128 ) (-264 -320 128 ) 
4 101 106 (-1024 -320 128 ) (-1024 -292 128 ) (-632 -292 128 ) (-632 -320 128 ) 
4 101 102 (-1024 -352 128 ) (0 -352 128 ) (0 -352 704 ) (-1024 -352 704 ) 
4 102 117 (-1024 -352 256 ) (-1024 -352 128 ) (-1024 -992 128 ) (-1024 -992 256 ) 
4 102 115 (-1024 -992 4411.089844 ) (-1024 -352 4411.089844 ) (-1024 -352 256 ) (-1024 -992 256 ) 
4 102 111 (-1024 -992 128 ) (-1024 -352 128 ) (0 -352 128 ) (0 -992 128 ) 
4 103 108 (0 -320 40 ) (0 -320 128 ) (-256 -320 128 ) (-256 -320 40 ) 
4 103 107 (0 -320 40 ) (-264 -320 40 ) (-264 -292 40 ) (0 -292 40 ) 
4 103 105 (-264 -320 72 ) (-264 -320 128 ) (-264 -316 128 ) (-264 -316 72 ) 
4 103 104 (-264 -292 40 ) (-264 -316 40 ) (-264 -316 128 ) (-264 -292 128 ) 
4 104 107 (-632 -316 40 ) (-632 -292 40 ) (-264 -292 40 ) (-264 -316 40 ) 
4 104 105 (-632 -316 128 ) (-632 -316 72 ) (-264 -316 72 ) (-264 -316 128 ) 
4 104 106 (-632 -292 40 ) (-632 -316 40 ) (-632 -316 128 ) (-632 -292 128 ) 
4 105 106 (-632 -320 72 ) (-632 -320 128 ) (-632 -316 128 ) (-632 -316 72 ) 
4 106 117 (-1024 -320 40 ) (-1024 -320 128 ) (-1024 -292 128 ) (-1024 -292 40 ) 
4 106 109 (-640 -320 128 ) (-1024 -320 128 ) (-1024 -320 40 ) (-640 -320 40 ) 
4 106 107 (-632 -320 40 ) (-1024 -320 40 ) (-1024 -292 40 ) (-632 -292 40 ) 
4 107 117 (-1024 -320 -309.085999 ) (-1024 -320 40 ) (-1024 -292 40 ) (-1024 -292 -309.085999 ) 
4 107 110 (0 -320 -309.085999 ) (0 -320 0 ) (-1024 -320 0 ) (-1024 -320 -309.085999 ) 
4 107 108 (0 -320 0 ) (0 -320 40 ) (-256 -320 40 ) (-256 -320 0 ) 
4 107 109 (-640 -320 40 ) (-1024 -320 40 ) (-1024 -320 0 ) (-640 -320 0 ) 
4 108 111 (0 -324 0 ) (0 -324 128 ) (-256 -324 128 ) (-256 -324 0 ) 
4 108 110 (0 -324 0 ) (-256 -324 0 ) (-256 -320 0 ) (0 -320 0 ) 
4 109 117 (-1024 -324 0 ) (-1024 -324 128 ) (-1024 -320 128 ) (-1024 -320 0 ) 
4 109 111 (-640 -324 128 ) (-1024 -324 128 ) (-1024 -324 0 ) (-640 -324 0 ) 
4 109 110 (-640 -324 0 ) (-1024 -324 0 ) (-1024 -320 0 ) (-640 -320 0 ) 
4 110 117 (-1024 -324 -309.085999 ) (-1024 -324 0 ) (-1024 -320 0 ) (-1024 -320 -309.085999 ) 
4 110 111 (0 -324 -309.085999 ) (0 -324 0 ) (-1024 -324 0 ) (-1024 -324 -309.085999 ) 
4 111 117 (-1024 -992 128 ) (-1024 -324 128 ) (-1024 -324 -309.085999 ) (-1024 -992 -309.085999 ) 
4 112 147 (-2048 -352 4411.089844 ) (-2048 0 4411.089844 ) (-2048 0 768 ) (-2048 -352 768 ) 
4 112 115 (-1024 -352 768 ) (-1024 -352 4411.089844 ) (-2048 -352 4411.089844 ) (-2048 -352 768 ) 
4 112 113 (-1024 -352 768 ) (-2048 -352 768 ) (-2048 0 768 ) (-1024 0 768 ) 
4 113 148 (-2048 0 768 ) (-2048 0 704 ) (-2048 -352 704 ) (-2048 -352 768 ) 
4 113 114 (-1024 -352 704 ) (-2048 -352 704 ) (-2048 0 704 ) (-1024 0 704 ) 
4 113 115 (-1024 -352 704 ) (-1024 -352 768 ) (-2048 -352 768 ) (-2048 -352 704 ) 
4 114 149 (-2048 0 704 ) (-2048 0 256 ) (-2048 -352 256 ) (-2048 -352 704 ) 
4 114 117 (-2048 -352 256 ) (-2048 -8 256 ) (-1024 -8 256 ) (-1024 -352 256 ) 
4 114 115 (-2048 -352 256 ) (-1024 -352 256 ) (-1024 -352 704 ) (-2048 -352 704 ) 
4 115 150 (-2048 -992 4411.089844 ) (-2048 -352 4411.089844 ) (-2048 -352 256 ) (-2048 -992 256 ) 
4 115 117 (-1024 -992 256 ) (-2048 -992 256 ) (-2048 -352 256 ) (-1024 -352 256 ) 
4 116 152 (-2048 0 0 ) (-2048 0 -309.085999 ) (-2048 -8 -309.085999 ) (-2048 -8 0 ) 
4 116 117 (-2048 -8 -309.085999 ) (-1024 -8 -309.085999 ) (-1024 -8 0 ) (-2048 -8 0 ) 
4 117 153 (-2048 -8 -309.085999 ) (-2048 -992 -309.085999 ) (-2048 -992 256 ) (-2048 -8 256 ) 
4 118 131 (-2944 1024 4411.089844 ) (-2944 1024 400 ) (-2944 576 400 ) (-2944 576 4411.089844 ) 
4 118 122 (-2944 576 400 ) (-2944 1024 400 ) (-2048 1024 400 ) (-2048 576 400 ) 
4 118 120 (-2048 576 704 ) (-2048 576 768 ) (-2944 576 768 ) (-2944 576 704 ) 
4 118 119 (-2048 576 768 ) (-2048 576 4411.089844 ) (-2944 576 4411.089844 ) (-2944 576 768 ) 
4 118 121 (-2944 576 400 ) (-2048 576 400 ) (-2048 576 704 ) (-2944 576 704 ) 
4 119 147 (-2048 0 768 ) (-2048 0 4411.089844 ) (-2944 0 4411.089844 ) (-2944 0 768 ) 
4 119 132 (-2944 0 768 ) (-2944 0 4411.089844 ) (-2944 576 4411.089844 ) (-2944 576 768 ) 
4 119 120 (-2944 0 768 ) (-2944 576 768 ) (-2048 576 768 ) (-2048 0 768 ) 
4 120 148 (-2048 0 704 ) (-2048 0 768 ) (-2944 0 768 ) (-2944 0 704 ) 
4 120 133 (-2944 0 704 ) (-2944 0 768 ) (-2944 576 768 ) (-2944 576 704 ) 
4 120 121 (-2048 0 704 ) (-2944 0 704 ) (-2944 576 704 ) (-2048 576 704 ) 
4 121 149 (-2048 0 400 ) (-2048 0 704 ) (-2944 0 704 ) (-2944 0 400 ) 
4 121 134 (-2944 576 400 ) (-2944 0 400 ) (-2944 0 704 ) (-2944 576 704 ) 
4 121 122 (-2944 320 400 ) (-2944 576 400 ) (-2048 576 400 ) (-2048 320 400 ) 
4 121 123 (-2944 0 400 ) (-2944 192 400 ) (-2048 192 400 ) (-2048 0 400 ) 
4 122 134 (-2944 576 384 ) (-2944 320 384 ) (-2944 320 400 ) (-2944 576 400 ) 
4 122 131 (-2944 1024 400 ) (-2944 1024 384 ) (-2944 576 384 ) (-2944 576 400 ) 
4 122 125 (-2944 512 384 ) (-2944 520 384 ) (-2048 520 384 ) (-2048 512 384 ) 
4 122 124 (-2944 520 384 ) (-2944 1024 384 ) (-2048 1024 384 ) (-2048 520 384 ) 
4 123 149 (-2048 0 384 ) (-2048 0 400 ) (-2944 0 400 ) (-2944 0 384 ) 
4 123 134 (-2944 192 384 ) (-2944 0 384 ) (-2944 0 400 ) (-2944 192 400 ) 
4 124 136 (-2944 1024 384 ) (-2944 1024 -8 ) (-2944 520 -8 ) (-2944 520 384 ) 
4 124 128 (-2944 520 -8 ) (-2944 1024 -8 ) (-2048 1024 -8 ) (-2048 520 -8 ) 
4 124 125 (-2048 520 256 ) (-2048 520 384 ) (-2944 520 384 ) (-2944 520 256 ) 
4 125 136 (-2944 512 256 ) (-2944 512 384 ) (-2944 520 384 ) (-2944 520 256 ) 
4 126 127 (-2944 112 0 ) (-2944 512 0 ) (-2048 512 0 ) (-2048 112 0 ) 
4 127 129 (-2944 112 -8 ) (-2944 512 -8 ) (-2048 512 -8 ) (-2048 112 -8 ) 
4 128 139 (-2944 520 -24 ) (-2944 1024 -24 ) (-2048 1024 -24 ) (-2048 520 -24 ) 
4 128 136 (-2944 1024 -8 ) (-2944 1024 -24 ) (-2944 520 -24 ) (-2944 520 -8 ) 
4 129 138 (-2944 116.571426 -24 ) (-2944 507.428589 -24 ) (-2048 507.428589 -24 ) (-2048 116.571442 -24 ) 
4 130 152 (-2048 0 -24 ) (-2048 0 -8 ) (-2944 0 -8 ) (-2944 0 -24 ) 
4 130 140 (-2048 0 -24 ) (-2944 0 -24 ) (-2944 104 -24 ) (-2048 104 -24 ) 
4 131 136 (-2952 1024 384 ) (-2944 1024 384 ) (-2944 576 384 ) (-2952 576 384 ) 
4 131 137 (-2976 1024 384 ) (-2952 1024 384 ) (-2952 576 384 ) (-2976 576 384 ) 
4 131 133 (-2976 576 768 ) (-2976 576 704 ) (-2944 576 704 ) (-2944 576 768 ) 
4 131 132 (-2976 576 4411.089844 ) (-2976 576 768 ) (-2944 576 768 ) (-2944 576 4411.089844 ) 
4 131 134 (-2976 576 704 ) (-2976 576 384 ) (-2944 576 384 ) (-2944 576 704 ) 
4 131 135 (-2976 1024 384 ) (-2976 576 384 ) (-2976 576 4411.089844 ) (-2976 1024 4411.089844 ) 
4 132 147 (-2944 0 768 ) (-2944 0 4411.089844 ) (-2976 0 4411.089844 ) (-2976 0 768 ) 
4 132 135 (-2976 0 768 ) (-2976 0 4411.089844 ) (-2976 576 4411.089844 ) (-2976 576 768 ) 
4 132 133 (-2976 0 768 ) (-2976 576 768 ) (-2944 576 768 ) (-2944 0 768 ) 
4 133 148 (-2944 0 704 ) (-2944 0 768 ) (-2976 0 768 ) (-2976 0 704 ) 
4 133 134 (-2976 0 704 ) (-2976 576 704 ) (-2944 576 704 ) (-2944 0 704 ) 
4 133 135 (-2976 0 704 ) (-2976 0 768 ) (-2976 576 768 ) (-2976 576 704 ) 
4 134 149 (-2944 0 384 ) (-2944 0 704 ) (-2976 0 704 ) (-2976 0 384 ) 
4 134 136 (-2944 576 384 ) (-2944 512 384 ) (-2952 512 384 ) (-2952 576 384 ) 
4 134 137 (-2952 0 384 ) (-2976 0 384 ) (-2976 576 384 ) (-2952 576 384 ) 
4 134 135 (-2976 576 384 ) (-2976 0 384 ) (-2976 0 704 ) (-2976 576 704 ) 
4 135 151 (-2976 0 4411.089844 ) (-3040 0 4411.089844 ) (-3040 0 384 ) (-2976 0 384 ) 
4 135 137 (-3040 0 384 ) (-3040 1024 384 ) (-2976 1024 384 ) (-2976 0 384 ) 
4 136 144 (-2952 512 -24 ) (-2952 1024 -24 ) (-2944 1024 -24 ) (-2944 512 -24 ) 
4 136 137 (-2952 1024 -24 ) (-2952 512 -24 ) (-2952 512 384 ) (-2952 1024 384 ) 
4 137 154 (-3040 0 -24 ) (-2952 0 -24 ) (-2952 0 256 ) (-3040 0 256 ) 
4 137 149 (-2952 0 256 ) (-2952 0 384 ) (-2976 0 384 ) (-2976 0 256 ) 
4 137 151 (-2976 0 384 ) (-3040 0 384 ) (-3040 0 256 ) (-2976 0 256 ) 
4 137 146 (-2952 0 -24 ) (-3040 0 -24 ) (-3040 1024 -24 ) (-2952 1024 -24 ) 
4 139 144 (-2944 520 -24 ) (-2944 1024 -24 ) (-2944 1024 -64 ) (-2944 520 -64 ) 
4 139 141 (-2944 520 -64 ) (-2944 1024 -64 ) (-2048 1024 -64 ) (-2048 520 -64 ) 
4 140 152 (-2048 0 -64 ) (-2048 0 -24 ) (-2944 0 -24 ) (-2944 0 -64 ) 
4 140 142 (-2048 0 -64 ) (-2944 0 -64 ) (-2944 104 -64 ) (-2048 104 -64 ) 
4 141 144 (-2944 1024 -64 ) (-2944 1024 -88 ) (-2944 512 -88 ) (-2944 512 -64 ) 
4 141 143 (-2944 496 -88 ) (-2944 1024 -88 ) (-2048 1024 -88 ) (-2048 496 -88 ) 
4 142 152 (-2048 0 -88 ) (-2048 0 -64 ) (-2944 0 -64 ) (-2944 0 -88 ) 
4 142 143 (-2944 0 -88 ) (-2944 128 -88 ) (-2048 128 -88 ) (-2048 0 -88 ) 
4 143 152 (-2048 0 -309.085999 ) (-2048 0 -88 ) (-2944 0 -88 ) (-2944 0 -309.085999 ) 
4 143 145 (-2944 512 -309.085999 ) (-2944 0 -309.085999 ) (-2944 0 -88 ) (-2944 512 -88 ) 
4 143 144 (-2944 1024 -88 ) (-2944 1024 -309.085999 ) (-2944 512 -309.085999 ) (-2944 512 -88 ) 
4 144 145 (-2952 512 -88 ) (-2952 512 -309.085999 ) (-2944 512 -309.085999 ) (-2944 512 -88 ) 
4 144 146 (-2952 1024 -309.085999 ) (-2952 512 -309.085999 ) (-2952 512 -24 ) (-2952 1024 -24 ) 
4 145 154 (-2944 0 -309.085999 ) (-2944 0 -88 ) (-2952 0 -88 ) (-2952 0 -309.085999 ) 
4 145 146 (-2952 512 -309.085999 ) (-2952 0 -309.085999 ) (-2952 0 -88 ) (-2952 512 -88 ) 
4 146 154 (-2952 0 -24 ) (-3040 0 -24 ) (-3040 0 -309.085999 ) (-2952 0 -309.085999 ) 
4 147 151 (-2976 -352 768 ) (-2976 -352 4411.089844 ) (-2976 0 4411.089844 ) (-2976 0 768 ) 
4 147 150 (-2976 -352 4411.089844 ) (-2976 -352 768 ) (-2048 -352 768 ) (-2048 -352 4411.089844 ) 
4 147 148 (-2048 -352 768 ) (-2976 -352 768 ) (-2976 0 768 ) (-2048 0 768 ) 
4 148 149 (-2048 -352 704 ) (-2976 -352 704 ) (-2976 0 704 ) (-2048 0 704 ) 
4 148 151 (-2976 -352 704 ) (-2976 -352 768 ) (-2976 0 768 ) (-2976 0 704 ) 
4 148 150 (-2976 -352 768 ) (-2976 -352 704 ) (-2048 -352 704 ) (-2048 -352 768 ) 
4 149 153 (-2048 -8 256 ) (-2048 -352 256 ) (-2944 -352 256 ) (-2944 -8 256 ) 
4 149 154 (-2976 -352 256 ) (-2976 0 256 ) (-2944 0 256 ) (-2944 -352 256 ) 
4 149 150 (-2976 -352 704 ) (-2976 -352 256 ) (-2048 -352 256 ) (-2048 -352 704 ) 
4 149 151 (-2976 0 256 ) (-2976 -352 256 ) (-2976 -352 704 ) (-2976 0 704 ) 
4 150 153 (-2048 -992 256 ) (-2944 -992 256 ) (-2944 -352 256 ) (-2048 -352 256 ) 
4 150 154 (-2944 -992 256 ) (-2976 -992 256 ) (-2976 -352 256 ) (-2944 -352 256 ) 
4 150 151 (-2976 -352 256 ) (-2976 -992 256 ) (-2976 -992 4411.089844 ) (-2976 -352 4411.089844 ) 
4 151 154 (-2976 -992 256 ) (-3040 -992 256 ) (-3040 0 256 ) (-2976 0 256 ) 
4 152 153 (-2944 -8 0 ) (-2944 -8 -309.085999 ) (-2048 -8 -309.085999 ) (-2048 -8 0 ) 
4 152 154 (-2944 0 -309.085999 ) (-2944 -8 -309.085999 ) (-2944 -8 0 ) (-2944 0 0 ) 
4 153 154 (-2944 -8 -309.085999 ) (-2944 -992 -309.085999 ) (-2944 -992 256 ) (-2944 -8 256 ) 
