PRT1
170
409
4 0 2 (7188.560059 2048 3283.270264 ) (7168 2048 3283.270264 ) (7168 2048 -2571.270020 ) (7188.560059 2048 -2571.270020 ) 
4 0 1 (7168 2048 -2571.270020 ) (7168 2048 3283.270264 ) (7168 2194.890137 3283.270264 ) (7168 2194.890137 -2571.270020 ) 
4 1 8 (6144 2048 -2571.270020 ) (6144 2048 3283.270264 ) (6144 2194.890137 3283.270264 ) (6144 2194.890137 -2571.270020 ) 
4 1 3 (7168 2048 -2571.270020 ) (7168 2048 3283.270264 ) (6144 2048 3283.270264 ) (6144 2048 -2571.270020 ) 
4 2 4 (7188.560059 1024 3283.270264 ) (7168 1024 3283.270264 ) (7168 1024 -2571.270020 ) (7188.560059 1024 -2571.270020 ) 
4 2 3 (7168 2048 3283.270264 ) (7168 2048 -2571.270020 ) (7168 1024 -2571.270020 ) (7168 1024 3283.270264 ) 
4 3 11 (6144 1024 -2571.270020 ) (6144 1024 3283.270264 ) (6144 2048 3283.270264 ) (6144 2048 -2571.270020 ) 
4 3 5 (6144 1024 3283.270264 ) (6144 1024 -2571.270020 ) (7168 1024 -2571.270020 ) (7168 1024 3283.270264 ) 
4 4 6 (7188.560059 0 3283.270264 ) (7168 0 3283.270264 ) (7168 0 -2571.270020 ) (7188.560059 0 -2571.270020 ) 
4 4 5 (7168 1024 3283.270264 ) (7168 1024 -2571.270020 ) (7168 0 -2571.270020 ) (7168 0 3283.270264 ) 
4 5 14 (6144 0 -2571.270020 ) (6144 0 3283.270264 ) (6144 1024 3283.270264 ) (6144 1024 -2571.270020 ) 
4 5 7 (6144 0 3283.270264 ) (6144 0 -2571.270020 ) (7168 0 -2571.270020 ) (7168 0 3283.270264 ) 
4 6 20 (7188.560059 -1024 3283.270264 ) (7168 -1024 3283.270264 ) (7168 -1024 -2571.270020 ) (7188.560059 -1024 -2571.270020 ) 
4 6 7 (7168 0 3283.270264 ) (7168 0 -2571.270020 ) (7168 -1024 -2571.270020 ) (7168 -1024 3283.270264 ) 
4 7 21 (7168 -1024 -2571.270020 ) (7168 -1024 3283.270264 ) (6144 -1024 3283.270264 ) (6144 -1024 -2571.270020 ) 
4 7 15 (6144 -1024 -2571.270020 ) (6144 -1024 3283.270264 ) (6144 0 3283.270264 ) (6144 0 -2571.270020 ) 
4 8 11 (6144 2048 -2571.270020 ) (6144 2048 3283.270264 ) (5120 2048 3283.270264 ) (5120 2048 -2571.270020 ) 
4 8 9 (5120 2048 -2571.270020 ) (5120 2048 3283.270264 ) (5120 2194.890137 3283.270264 ) (5120 2194.890137 -2571.270020 ) 
4 9 12 (5120 2048 -2571.270020 ) (5120 2048 3283.270264 ) (4096 2048 3283.270264 ) (4096 2048 -2571.270020 ) 
4 9 10 (4096 2048 -2571.270020 ) (4096 2048 3283.270264 ) (4096 2194.890137 3283.270264 ) (4096 2194.890137 -2571.270020 ) 
4 10 40 (3072 2048 -2571.270020 ) (3072 2048 3283.270264 ) (3072 2194.890137 3283.270264 ) (3072 2194.890137 -2571.270020 ) 
4 10 13 (4096 2048 -2571.270020 ) (4096 2048 3283.270264 ) (3072 2048 3283.270264 ) (3072 2048 -2571.270020 ) 
4 11 14 (6144 1024 -2571.270020 ) (6144 1024 3283.270264 ) (5120 1024 3283.270264 ) (5120 1024 -2571.270020 ) 
4 11 12 (5120 1024 -2571.270020 ) (5120 1024 3283.270264 ) (5120 2048 3283.270264 ) (5120 2048 -2571.270020 ) 
4 12 16 (5120 1024 -2571.270020 ) (5120 1024 3283.270264 ) (4096 1024 3283.270264 ) (4096 1024 -2571.270020 ) 
4 12 13 (4096 2048 3283.270264 ) (4096 2048 -2571.270020 ) (4096 1024 -2571.270020 ) (4096 1024 3283.270264 ) 
4 13 48 (3072 1024 -2571.270020 ) (3072 1024 3283.270264 ) (3072 2048 3283.270264 ) (3072 2048 -2571.270020 ) 
4 13 17 (3072 1024 3283.270264 ) (3072 1024 -2571.270020 ) (4096 1024 -2571.270020 ) (4096 1024 3283.270264 ) 
4 14 16 (5120 1024 3283.270264 ) (5120 1024 -2571.270020 ) (5120 0 -2571.270020 ) (5120 0 3283.270264 ) 
4 14 15 (6144 0 -2571.270020 ) (6144 0 3283.270264 ) (5120 0 3283.270264 ) (5120 0 -2571.270020 ) 
4 15 28 (6144 -1024 -2571.270020 ) (6144 -1024 3283.270264 ) (5120 -1024 3283.270264 ) (5120 -1024 -2571.270020 ) 
4 15 18 (5120 -1024 -2571.270020 ) (5120 -1024 3283.270264 ) (5120 0 3283.270264 ) (5120 0 -2571.270020 ) 
4 16 18 (5120 0 -2571.270020 ) (5120 0 3283.270264 ) (4096 0 3283.270264 ) (4096 0 -2571.270020 ) 
4 16 17 (4096 1024 3283.270264 ) (4096 1024 -2571.270020 ) (4096 0 -2571.270020 ) (4096 0 3283.270264 ) 
4 17 60 (3072 0 -2571.270020 ) (3072 0 3283.270264 ) (3072 1024 3283.270264 ) (3072 1024 -2571.270020 ) 
4 17 19 (3072 0 3283.270264 ) (3072 0 -2571.270020 ) (4096 0 -2571.270020 ) (4096 0 3283.270264 ) 
4 18 30 (5120 -1024 -2571.270020 ) (5120 -1024 3283.270264 ) (4096 -1024 3283.270264 ) (4096 -1024 -2571.270020 ) 
4 18 19 (4096 0 3283.270264 ) (4096 0 -2571.270020 ) (4096 -1024 -2571.270020 ) (4096 -1024 3283.270264 ) 
4 19 61 (3072 -1024 -2571.270020 ) (3072 -1024 3283.270264 ) (3072 0 3283.270264 ) (3072 0 -2571.270020 ) 
4 19 31 (4096 -1024 -2571.270020 ) (4096 -1024 3283.270264 ) (3072 -1024 3283.270264 ) (3072 -1024 -2571.270020 ) 
4 20 22 (7188.560059 -2048 3283.270264 ) (7168 -2048 3283.270264 ) (7168 -2048 -2571.270020 ) (7188.560059 -2048 -2571.270020 ) 
4 20 21 (7168 -1024 3283.270264 ) (7168 -1024 -2571.270020 ) (7168 -2048 -2571.270020 ) (7168 -2048 3283.270264 ) 
4 21 28 (6144 -1024 3283.270264 ) (6144 -1024 -2571.270020 ) (6144 -2048 -2571.270020 ) (6144 -2048 3283.270264 ) 
4 21 23 (7168 -2048 -2571.270020 ) (7168 -2048 3283.270264 ) (6144 -2048 3283.270264 ) (6144 -2048 -2571.270020 ) 
4 22 24 (7188.560059 -3072 3283.270264 ) (7168 -3072 3283.270264 ) (7168 -3072 -2571.270020 ) (7188.560059 -3072 -2571.270020 ) 
4 22 23 (7168 -2048 3283.270264 ) (7168 -2048 -2571.270020 ) (7168 -3072 -2571.270020 ) (7168 -3072 3283.270264 ) 
4 23 29 (6144 -3072 -2571.270020 ) (6144 -3072 3283.270264 ) (6144 -2048 3283.270264 ) (6144 -2048 -2571.270020 ) 
4 23 25 (7168 -3072 -2571.270020 ) (7168 -3072 3283.270264 ) (6144 -3072 3283.270264 ) (6144 -3072 -2571.270020 ) 
4 24 26 (7188.560059 -4096 3283.270264 ) (7168 -4096 3283.270264 ) (7168 -4096 -2571.270020 ) (7188.560059 -4096 -2571.270020 ) 
4 24 25 (7168 -3072 3283.270264 ) (7168 -3072 -2571.270020 ) (7168 -4096 -2571.270020 ) (7168 -4096 3283.270264 ) 
4 25 34 (6144 -4096 -2571.270020 ) (6144 -4096 3283.270264 ) (6144 -3072 3283.270264 ) (6144 -3072 -2571.270020 ) 
4 25 27 (6144 -4096 3283.270264 ) (6144 -4096 -2571.270020 ) (7168 -4096 -2571.270020 ) (7168 -4096 3283.270264 ) 
4 26 27 (7168 -4096 3283.270264 ) (7168 -4096 -2571.270020 ) (7168 -4778.890137 -2571.270020 ) (7168 -4778.890137 3283.270264 ) 
4 27 37 (6144 -4778.890137 3283.270264 ) (6144 -4096 3283.270264 ) (6144 -4096 -2571.270020 ) (6144 -4778.890137 -2571.270020 ) 
4 28 30 (5120 -1024 3283.270264 ) (5120 -1024 -2571.270020 ) (5120 -2048 -2571.270020 ) (5120 -2048 3283.270264 ) 
4 28 29 (6144 -2048 -2571.270020 ) (6144 -2048 3283.270264 ) (5120 -2048 3283.270264 ) (5120 -2048 -2571.270020 ) 
4 29 34 (6144 -3072 -2571.270020 ) (6144 -3072 3283.270264 ) (5120 -3072 3283.270264 ) (5120 -3072 -2571.270020 ) 
4 29 32 (5120 -3072 -2571.270020 ) (5120 -3072 3283.270264 ) (5120 -2048 3283.270264 ) (5120 -2048 -2571.270020 ) 
4 30 32 (5120 -2048 -2571.270020 ) (5120 -2048 3283.270264 ) (4096 -2048 3283.270264 ) (4096 -2048 -2571.270020 ) 
4 30 31 (4096 -1024 3283.270264 ) (4096 -1024 -2571.270020 ) (4096 -2048 -2571.270020 ) (4096 -2048 3283.270264 ) 
4 31 133 (3072 -2048 -2571.270020 ) (3072 -2048 3283.270264 ) (3072 -1024 3283.270264 ) (3072 -1024 -2571.270020 ) 
4 31 33 (4096 -2048 -2571.270020 ) (4096 -2048 3283.270264 ) (3072 -2048 3283.270264 ) (3072 -2048 -2571.270020 ) 
4 32 35 (5120 -3072 -2571.270020 ) (5120 -3072 3283.270264 ) (4096 -3072 3283.270264 ) (4096 -3072 -2571.270020 ) 
4 32 33 (4096 -2048 3283.270264 ) (4096 -2048 -2571.270020 ) (4096 -3072 -2571.270020 ) (4096 -3072 3283.270264 ) 
4 33 134 (3072 -3072 -2571.270020 ) (3072 -3072 3283.270264 ) (3072 -2048 3283.270264 ) (3072 -2048 -2571.270020 ) 
4 33 36 (4096 -3072 -2571.270020 ) (4096 -3072 3283.270264 ) (3072 -3072 3283.270264 ) (3072 -3072 -2571.270020 ) 
4 34 37 (6144 -4096 -2571.270020 ) (6144 -4096 3283.270264 ) (5120 -4096 3283.270264 ) (5120 -4096 -2571.270020 ) 
4 34 35 (5120 -4096 -2571.270020 ) (5120 -4096 3283.270264 ) (5120 -3072 3283.270264 ) (5120 -3072 -2571.270020 ) 
4 35 38 (5120 -4096 -2571.270020 ) (5120 -4096 3283.270264 ) (4096 -4096 3283.270264 ) (4096 -4096 -2571.270020 ) 
4 35 36 (4096 -3072 3283.270264 ) (4096 -3072 -2571.270020 ) (4096 -4096 -2571.270020 ) (4096 -4096 3283.270264 ) 
4 36 149 (3072 -4096 -2571.270020 ) (3072 -4096 3283.270264 ) (3072 -3072 3283.270264 ) (3072 -3072 -2571.270020 ) 
4 36 39 (3072 -4096 3283.270264 ) (3072 -4096 -2571.270020 ) (4096 -4096 -2571.270020 ) (4096 -4096 3283.270264 ) 
4 37 38 (5120 -4096 3283.270264 ) (5120 -4096 -2571.270020 ) (5120 -4778.890137 -2571.270020 ) (5120 -4778.890137 3283.270264 ) 
4 38 39 (4096 -4096 3283.270264 ) (4096 -4096 -2571.270020 ) (4096 -4778.890137 -2571.270020 ) (4096 -4778.890137 3283.270264 ) 
4 39 152 (3072 -4778.890137 3283.270264 ) (3072 -4096 3283.270264 ) (3072 -4096 -2571.270020 ) (3072 -4778.890137 -2571.270020 ) 
4 40 48 (3072 2048 -2571.270020 ) (3072 2048 3283.270264 ) (2048 2048 3283.270264 ) (2048 2048 -2571.270020 ) 
4 40 41 (2048 2048 -2571.270020 ) (2048 2048 3283.270264 ) (2048 2194.890137 3283.270264 ) (2048 2194.890137 -2571.270020 ) 
4 41 53 (2048 2048 -2571.270020 ) (2048 2048 0 ) (1696 2048 0 ) (1696 2048 -2571.270020 ) 
4 41 50 (2048 2048 0 ) (2048 2048 568 ) (1696 2048 568 ) (1696 2048 0 ) 
4 41 49 (2048 2048 568 ) (2048 2048 3283.270264 ) (1696 2048 3283.270264 ) (1696 2048 568 ) 
4 41 43 (1696 2048 568 ) (1696 2048 3283.270264 ) (1696 2056 3283.270264 ) (1696 2056 568 ) 
4 41 44 (1696 2056 -2571.270020 ) (1696 2048 -2571.270020 ) (1696 2048 0 ) (1696 2056 0 ) 
4 41 42 (1696 2194.890137 3283.270264 ) (1696 2194.890137 -2571.270020 ) (1696 2056 -2571.270020 ) (1696 2056 3283.270264 ) 
4 42 45 (1024 2056 3283.270264 ) (1024 2194.890137 3283.270264 ) (1024 2194.890137 -2571.270020 ) (1024 2056 -2571.270020 ) 
4 42 43 (1696 2056 568 ) (1696 2056 3283.270264 ) (1024 2056 3283.270264 ) (1024 2056 568 ) 
4 42 44 (1024 2056 -2571.270020 ) (1696 2056 -2571.270020 ) (1696 2056 0 ) (1024 2056 0 ) 
4 43 49 (1696 2048 3283.270264 ) (1024 2048 3283.270264 ) (1024 2048 568 ) (1696 2048 568 ) 
4 43 46 (1024 2048 568 ) (1024 2048 3283.270264 ) (1024 2056 3283.270264 ) (1024 2056 568 ) 
4 44 54 (1024 2048 0 ) (1024 2048 -2571.270020 ) (1684 2048 -2571.270020 ) (1684 2048 0 ) 
4 44 53 (1684 2048 -2571.270020 ) (1696 2048 -2571.270020 ) (1696 2048 0 ) (1684 2048 0 ) 
4 44 47 (1024 2048 -2571.270020 ) (1024 2048 0 ) (1024 2056 0 ) (1024 2056 -2571.270020 ) 
4 45 98 (0 2056 3283.270264 ) (0 2194.890137 3283.270264 ) (0 2194.890137 -2571.270020 ) (0 2056 -2571.270020 ) 
4 45 46 (1024 2056 568 ) (1024 2056 3283.270264 ) (0 2056 3283.270264 ) (0 2056 568 ) 
4 45 47 (0 2056 -2571.270020 ) (1024 2056 -2571.270020 ) (1024 2056 0 ) (0 2056 0 ) 
4 46 99 (0 2048 568 ) (0 2048 3283.270264 ) (0 2056 3283.270264 ) (0 2056 568 ) 
4 46 56 (1024 2048 568 ) (1024 2048 3283.270264 ) (0 2048 3283.270264 ) (0 2048 568 ) 
4 47 100 (0 2048 -2571.270020 ) (0 2048 0 ) (0 2056 0 ) (0 2056 -2571.270020 ) 
4 47 58 (1024 2048 -2571.270020 ) (1024 2048 0 ) (0 2048 0 ) (0 2048 -2571.270020 ) 
4 48 60 (3072 1024 -2571.270020 ) (3072 1024 3283.270264 ) (2048 1024 3283.270264 ) (2048 1024 -2571.270020 ) 
4 48 53 (2048 1024 -2571.270020 ) (2048 1024 0 ) (2048 2048 0 ) (2048 2048 -2571.270020 ) 
4 48 51 (2048 1024 0 ) (2048 1024 568 ) (2048 2044 568 ) (2048 2044 0 ) 
4 48 50 (2048 2044 568 ) (2048 2048 568 ) (2048 2048 0 ) (2048 2044 0 ) 
4 48 49 (2048 1024 568 ) (2048 1024 3283.270264 ) (2048 2048 3283.270264 ) (2048 2048 568 ) 
4 49 63 (1696 1024 3283.270264 ) (1684 1024 3283.270264 ) (1684 1024 568 ) (1696 1024 568 ) 
4 49 62 (2048 1024 568 ) (2048 1024 3283.270264 ) (1696 1024 3283.270264 ) (1696 1024 568 ) 
4 49 64 (1684 1024 3283.270264 ) (1024 1024 3283.270264 ) (1024 1024 568 ) (1684 1024 568 ) 
4 49 56 (1024 2048 3283.270264 ) (1024 2048 568 ) (1024 1024 568 ) (1024 1024 3283.270264 ) 
4 49 51 (1696 2044 568 ) (2048 2044 568 ) (2048 1024 568 ) (1696 1024 568 ) 
4 49 52 (1024 1024 568 ) (1024 2044 568 ) (1684 2044 568 ) (1684 1024 568 ) 
4 49 50 (1696 2048 568 ) (2048 2048 568 ) (2048 2044 568 ) (1696 2044 568 ) 
4 50 53 (1696 2048 0 ) (2048 2048 0 ) (2048 2044 0 ) (1696 2044 0 ) 
4 50 51 (1696 2044 0 ) (2048 2044 0 ) (2048 2044 568 ) (1696 2044 568 ) 
4 51 62 (2048 1024 0 ) (2048 1024 568 ) (1696 1024 568 ) (1696 1024 0 ) 
4 51 53 (2048 1024 0 ) (1696 1024 0 ) (1696 2044 0 ) (2048 2044 0 ) 
4 52 64 (1684 1024 568 ) (1024 1024 568 ) (1024 1024 0 ) (1684 1024 0 ) 
4 52 57 (1024 2044 0 ) (1024 1024 0 ) (1024 1024 568 ) (1024 2044 568 ) 
4 53 70 (2048 1024 -2571.270020 ) (2048 1024 0 ) (1684 1024 0 ) (1684 1024 -2571.270020 ) 
4 53 55 (1684 2044 -2571.270020 ) (1684 1024 -2571.270020 ) (1684 1024 -64 ) (1684 2044 -64 ) 
4 53 54 (1684 2048 -2571.270020 ) (1684 2044 -2571.270020 ) (1684 2044 0 ) (1684 2048 0 ) 
4 54 58 (1024 2048 0 ) (1024 2048 -2571.270020 ) (1024 2044 -2571.270020 ) (1024 2044 0 ) 
4 54 55 (1024 2044 -2571.270020 ) (1684 2044 -2571.270020 ) (1684 2044 -64 ) (1024 2044 -64 ) 
4 55 71 (1024 1024 -64 ) (1024 1024 -2571.270020 ) (1684 1024 -2571.270020 ) (1684 1024 -64 ) 
4 55 59 (1024 2044 -2571.270020 ) (1024 1024 -2571.270020 ) (1024 1024 -64 ) (1024 2044 -64 ) 
4 56 103 (0 1024 568 ) (0 1024 3283.270264 ) (0 2048 3283.270264 ) (0 2048 568 ) 
4 56 72 (0 1024 3283.270264 ) (0 1024 568 ) (1024 1024 568 ) (1024 1024 3283.270264 ) 
4 56 57 (1024 1024 568 ) (0 1024 568 ) (0 2044 568 ) (1024 2044 568 ) 
4 57 105 (0 1024 0 ) (0 1024 568 ) (0 2044 568 ) (0 2044 0 ) 
4 57 81 (0 1024 1 ) (0 1024 0 ) (48 1024 0 ) (48 1024 1 ) 
4 57 80 (48 1024 0 ) (64 1024 0 ) (64 1024 1 ) (48 1024 1 ) 
4 57 73 (64 1024 0 ) (1024 1024 0 ) (1024 1024 1 ) (64 1024 1 ) 
4 57 72 (0 1024 568 ) (0 1024 1 ) (1024 1024 1 ) (1024 1024 568 ) 
4 58 107 (0 2044 0 ) (0 2048 0 ) (0 2048 -2571.270020 ) (0 2044 -2571.270020 ) 
4 58 59 (0 2044 -2571.270020 ) (1024 2044 -2571.270020 ) (1024 2044 -64 ) (0 2044 -64 ) 
4 59 108 (0 1024 -2571.270020 ) (0 1024 -64 ) (0 2044 -64 ) (0 2044 -2571.270020 ) 
4 59 83 (0 1024 -64 ) (0 1024 -2571.270020 ) (1024 1024 -2571.270020 ) (1024 1024 -64 ) 
4 60 70 (2048 1024 0 ) (2048 1024 -2571.270020 ) (2048 0 -2571.270020 ) (2048 0 0 ) 
4 60 65 (2048 512 0 ) (2048 0 0 ) (2048 0 3283.270264 ) (2048 512 3283.270264 ) 
4 60 62 (2048 1024 3283.270264 ) (2048 1024 0 ) (2048 512 0 ) (2048 512 3283.270264 ) 
4 60 61 (3072 0 -2571.270020 ) (3072 0 3283.270264 ) (2048 0 3283.270264 ) (2048 0 -2571.270020 ) 
4 61 133 (3072 -1024 -2571.270020 ) (3072 -1024 3283.270264 ) (2048 -1024 3283.270264 ) (2048 -1024 -2571.270020 ) 
4 61 88 (2048 -1024 -2571.270020 ) (2048 -1024 0 ) (2048 0 0 ) (2048 0 -2571.270020 ) 
4 61 85 (2048 -1024 0 ) (2048 -1024 60 ) (2048 0 60 ) (2048 0 0 ) 
4 61 84 (2048 -1024 60 ) (2048 -1024 3283.270264 ) (2048 0 3283.270264 ) (2048 0 60 ) 
4 62 70 (1696 1024 0 ) (2048 1024 0 ) (2048 512 0 ) (1696 512 0 ) 
4 62 65 (1696 512 0 ) (2048 512 0 ) (2048 512 3283.270264 ) (1696 512 3283.270264 ) 
4 62 63 (1696 512 568 ) (1696 512 3283.270264 ) (1696 1024 3283.270264 ) (1696 1024 568 ) 
4 63 66 (1696 512 568 ) (1696 512 3283.270264 ) (1684 512 3283.270264 ) (1684 512 568 ) 
4 63 64 (1684 512 568 ) (1684 512 3283.270264 ) (1684 1024 3283.270264 ) (1684 1024 568 ) 
4 64 73 (1024 1024 1 ) (1024 1024 0 ) (1024 512 0 ) (1024 512 1 ) 
4 64 72 (1024 1024 3283.270264 ) (1024 1024 1 ) (1024 512 1 ) (1024 512 3283.270264 ) 
4 64 68 (1024 512 3283.270264 ) (1024 512 1 ) (1628 512 1 ) (1628 512 3283.270264 ) 
4 64 67 (1628 512 0 ) (1684 512 0 ) (1684 512 3283.270264 ) (1628 512 3283.270264 ) 
4 65 85 (2048 0 0 ) (2048 0 60 ) (1696 0 60 ) (1696 0 0 ) 
4 65 84 (2048 0 60 ) (2048 0 3283.270264 ) (1696 0 3283.270264 ) (1696 0 60 ) 
4 65 70 (2048 0 0 ) (1696 0 0 ) (1696 512 0 ) (2048 512 0 ) 
4 65 66 (1696 0 3283.270264 ) (1696 512 3283.270264 ) (1696 512 60 ) (1696 0 60 ) 
4 66 84 (1696 0 3283.270264 ) (1684 0 3283.270264 ) (1684 0 60 ) (1696 0 60 ) 
4 66 67 (1684 0 3283.270264 ) (1684 512 3283.270264 ) (1684 512 60 ) (1684 0 60 ) 
4 67 87 (1628 0 60 ) (1628 0 0 ) (1684 0 0 ) (1684 0 60 ) 
4 67 84 (1684 0 3283.270264 ) (1628 0 3283.270264 ) (1628 0 60 ) (1684 0 60 ) 
4 67 68 (1628 496 3283.270264 ) (1628 512 3283.270264 ) (1628 512 1 ) (1628 496 1 ) 
4 67 69 (1628 0 3283.270264 ) (1628 496 3283.270264 ) (1628 496 0 ) (1628 0 0 ) 
4 68 72 (1024 496 1 ) (1024 496 3283.270264 ) (1024 512 3283.270264 ) (1024 512 1 ) 
4 68 69 (1628 496 1 ) (1628 496 3283.270264 ) (1024 496 3283.270264 ) (1024 496 1 ) 
4 69 87 (1024 0 60 ) (1024 0 0 ) (1628 0 0 ) (1628 0 60 ) 
4 69 84 (1628 0 3283.270264 ) (1024 0 3283.270264 ) (1024 0 60 ) (1628 0 60 ) 
4 69 76 (1024 144 0 ) (1024 0 0 ) (1024 0 1 ) (1024 144 1 ) 
4 69 75 (1024 160 0 ) (1024 144 0 ) (1024 144 1 ) (1024 160 1 ) 
4 69 74 (1024 496 0 ) (1024 160 0 ) (1024 160 1 ) (1024 496 1 ) 
4 69 72 (1024 0 1 ) (1024 0 3283.270264 ) (1024 496 3283.270264 ) (1024 496 1 ) 
4 70 88 (2048 0 -2571.270020 ) (2048 0 0 ) (1684 0 0 ) (1684 0 -2571.270020 ) 
4 70 71 (1684 1024 -2571.270020 ) (1684 0 -2571.270020 ) (1684 0 -64 ) (1684 1024 -64 ) 
4 71 89 (1024 0 -64 ) (1024 0 -2571.270020 ) (1684 0 -2571.270020 ) (1684 0 -64 ) 
4 71 83 (1024 1024 -64 ) (1024 1024 -2571.270020 ) (1024 0 -2571.270020 ) (1024 0 -64 ) 
4 72 112 (0 496 3283.270264 ) (0 512 3283.270264 ) (0 512 1 ) (0 496 1 ) 
4 72 111 (0 512 3283.270264 ) (0 1024 3283.270264 ) (0 1024 1 ) (0 512 1 ) 
4 72 113 (0 0 1 ) (0 0 3283.270264 ) (0 496 3283.270264 ) (0 496 1 ) 
4 72 90 (0 0 3283.270264 ) (0 0 1 ) (1024 0 1 ) (1024 0 3283.270264 ) 
4 72 81 (0 512 1 ) (0 1024 1 ) (48 1024 1 ) (48 512 1 ) 
4 72 82 (48 0 1 ) (0 0 1 ) (0 496 1 ) (48 496 1 ) 
4 72 80 (48 512 1 ) (48 1024 1 ) (64 1024 1 ) (64 512 1 ) 
4 72 79 (400 0 1 ) (64 0 1 ) (64 144 1 ) (400 144 1 ) 
4 72 77 (912 0 1 ) (652 0 1 ) (652 144 1 ) (912 144 1 ) 
4 72 78 (636 0 1 ) (416 0 1 ) (416 144 1 ) (636 144 1 ) 
4 72 76 (1024 0 1 ) (928 0 1 ) (928 144 1 ) (1024 144 1 ) 
4 72 75 (928 160 1 ) (1024 160 1 ) (1024 144 1 ) (928 144 1 ) 
4 72 73 (64 512 1 ) (64 1024 1 ) (1024 1024 1 ) (1024 512 1 ) 
4 72 74 (64 160 1 ) (64 496 1 ) (1024 496 1 ) (1024 160 1 ) 
4 73 80 (64 1024 0 ) (64 512 0 ) (64 512 1 ) (64 1024 1 ) 
4 74 75 (928 160 0 ) (1024 160 0 ) (1024 160 1 ) (928 160 1 ) 
4 75 76 (928 144 0 ) (1024 144 0 ) (1024 144 1 ) (928 144 1 ) 
4 76 91 (928 0 0 ) (1024 0 0 ) (1024 0 1 ) (928 0 1 ) 
4 77 92 (652 0 0 ) (912 0 0 ) (912 0 1 ) (652 0 1 ) 
4 78 93 (416 0 0 ) (636 0 0 ) (636 0 1 ) (416 0 1 ) 
4 79 94 (64 0 0 ) (400 0 0 ) (400 0 1 ) (64 0 1 ) 
4 80 81 (48 1024 0 ) (48 512 0 ) (48 512 1 ) (48 1024 1 ) 
4 81 111 (0 512 1 ) (0 1024 1 ) (0 1024 0 ) (0 512 0 ) 
4 82 113 (0 0 0 ) (0 0 1 ) (0 496 1 ) (0 496 0 ) 
4 82 95 (0 0 1 ) (0 0 0 ) (48 0 0 ) (48 0 1 ) 
4 83 119 (0 0 -2571.270020 ) (0 0 -64 ) (0 1024 -64 ) (0 1024 -2571.270020 ) 
4 83 97 (0 0 -64 ) (0 0 -2571.270020 ) (1024 0 -2571.270020 ) (1024 0 -64 ) 
4 84 137 (1408 -1024 568 ) (1024 -1024 568 ) (1024 -1024 60 ) (1408 -1024 60 ) 
4 84 136 (2048 -1024 60 ) (2048 -1024 568 ) (1408 -1024 568 ) (1408 -1024 60 ) 
4 84 135 (2048 -1024 568 ) (2048 -1024 3283.270264 ) (1024 -1024 3283.270264 ) (1024 -1024 568 ) 
4 84 90 (1024 0 3283.270264 ) (1024 0 60 ) (1024 -1024 60 ) (1024 -1024 3283.270264 ) 
4 84 86 (1696 -1024 60 ) (1684 -1024 60 ) (1684 -464 60 ) (1696 -464 60 ) 
4 84 85 (2048 -1024 60 ) (1696 -1024 60 ) (1696 0 60 ) (2048 0 60 ) 
4 84 87 (1684 -1024 60 ) (1024 -1024 60 ) (1024 0 60 ) (1684 0 60 ) 
4 85 136 (2048 -1024 0 ) (2048 -1024 60 ) (1696 -1024 60 ) (1696 -1024 0 ) 
4 85 88 (1696 0 0 ) (2048 0 0 ) (2048 -1024 0 ) (1696 -1024 0 ) 
4 85 86 (1696 -464 0 ) (1696 -1024 0 ) (1696 -1024 60 ) (1696 -464 60 ) 
4 86 136 (1696 -1024 60 ) (1684 -1024 60 ) (1684 -1024 0 ) (1696 -1024 0 ) 
4 86 88 (1696 -464 0 ) (1696 -1024 0 ) (1684 -1024 0 ) (1684 -464 0 ) 
4 86 87 (1684 -464 0 ) (1684 -1024 0 ) (1684 -1024 60 ) (1684 -464 60 ) 
4 87 137 (1408 -1024 60 ) (1024 -1024 60 ) (1024 -1024 0 ) (1408 -1024 0 ) 
4 87 136 (1684 -1024 60 ) (1408 -1024 60 ) (1408 -1024 0 ) (1684 -1024 0 ) 
4 87 91 (1024 0 1 ) (1024 0 0 ) (1024 -64 0 ) (1024 -64 1 ) 
4 87 96 (1024 -64 0 ) (1024 -1024 0 ) (1024 -1024 1 ) (1024 -64 1 ) 
4 87 90 (1024 0 60 ) (1024 0 1 ) (1024 -1024 1 ) (1024 -1024 60 ) 
4 88 139 (2048 -1024 -2571.270020 ) (2048 -1024 0 ) (1684 -1024 0 ) (1684 -1024 -2571.270020 ) 
4 88 89 (1684 0 -2571.270020 ) (1684 -1024 -2571.270020 ) (1684 -1024 -64 ) (1684 0 -64 ) 
4 89 140 (1024 -1024 -64 ) (1024 -1024 -2571.270020 ) (1684 -1024 -2571.270020 ) (1684 -1024 -64 ) 
4 89 97 (1024 0 -64 ) (1024 0 -2571.270020 ) (1024 -1024 -2571.270020 ) (1024 -1024 -64 ) 
4 90 143 (1024 -1024 1 ) (1024 -1024 568 ) (0 -1024 568 ) (0 -1024 1 ) 
4 90 142 (1024 -1024 568 ) (1024 -1024 3283.270264 ) (0 -1024 3283.270264 ) (0 -1024 568 ) 
4 90 122 (0 -64 3283.270264 ) (0 -48 3283.270264 ) (0 -48 1 ) (0 -64 1 ) 
4 90 121 (0 -48 3283.270264 ) (0 0 3283.270264 ) (0 0 1 ) (0 -48 1 ) 
4 90 123 (0 -1024 1 ) (0 -1024 3283.270264 ) (0 -64 3283.270264 ) (0 -64 1 ) 
4 90 95 (0 -48 1 ) (0 0 1 ) (48 0 1 ) (48 -48 1 ) 
4 90 94 (64 0 1 ) (400 0 1 ) (400 -48 1 ) (64 -48 1 ) 
4 90 92 (652 0 1 ) (912 0 1 ) (912 -64 1 ) (652 -64 1 ) 
4 90 93 (416 0 1 ) (636 0 1 ) (636 -64 1 ) (416 -64 1 ) 
4 90 91 (928 0 1 ) (1024 0 1 ) (1024 -64 1 ) (928 -64 1 ) 
4 90 96 (1024 -1024 1 ) (0 -1024 1 ) (0 -64 1 ) (1024 -64 1 ) 
4 91 96 (928 -64 0 ) (1024 -64 0 ) (1024 -64 1 ) (928 -64 1 ) 
4 92 96 (652 -64 0 ) (912 -64 0 ) (912 -64 1 ) (652 -64 1 ) 
4 93 96 (416 -64 0 ) (636 -64 0 ) (636 -64 1 ) (416 -64 1 ) 
4 95 121 (0 -48 1 ) (0 0 1 ) (0 0 0 ) (0 -48 0 ) 
4 96 143 (1024 -1024 0 ) (1024 -1024 1 ) (0 -1024 1 ) (0 -1024 0 ) 
4 96 123 (0 -1024 0 ) (0 -1024 1 ) (0 -64 1 ) (0 -64 0 ) 
4 97 145 (1024 -1024 -2571.270020 ) (1024 -1024 -64 ) (0 -1024 -64 ) (0 -1024 -2571.270020 ) 
4 97 129 (0 -1024 -2571.270020 ) (0 -1024 -64 ) (0 0 -64 ) (0 0 -2571.270020 ) 
4 98 99 (-908 2056 3283.270264 ) (-908 2056 568 ) (0 2056 568 ) (0 2056 3283.270264 ) 
4 98 100 (-908 2056 0 ) (-908 2056 -2571.270020 ) (0 2056 -2571.270020 ) (0 2056 0 ) 
4 98 101 (-908 2194.890137 3283.270264 ) (-908 2194.890137 -2571.270020 ) (-908 2056 -2571.270020 ) (-908 2056 3283.270264 ) 
4 99 103 (0 2048 568 ) (0 2048 3283.270264 ) (-908 2048 3283.270264 ) (-908 2048 568 ) 
4 99 101 (-908 2048 568 ) (-908 2048 3283.270264 ) (-908 2056 3283.270264 ) (-908 2056 568 ) 
4 100 107 (0 2048 -2571.270020 ) (0 2048 0 ) (-896 2048 0 ) (-896 2048 -2571.270020 ) 
4 100 109 (-896 2048 0 ) (-908 2048 0 ) (-908 2048 -2571.270020 ) (-896 2048 -2571.270020 ) 
4 100 101 (-908 2056 -2571.270020 ) (-908 2048 -2571.270020 ) (-908 2048 0 ) (-908 2056 0 ) 
4 101 109 (-1024 2048 0 ) (-1024 2048 -2571.270020 ) (-908 2048 -2571.270020 ) (-908 2048 0 ) 
4 101 104 (-1024 2048 568 ) (-1024 2048 0 ) (-908 2048 0 ) (-908 2048 568 ) 
4 101 103 (-908 2048 3283.270264 ) (-1024 2048 3283.270264 ) (-1024 2048 568 ) (-908 2048 568 ) 
4 101 102 (-1024 2048 -2571.270020 ) (-1024 2048 3283.270264 ) (-1024 2194.890137 3283.270264 ) (-1024 2194.890137 -2571.270020 ) 
4 102 110 (-1024 2048 -2571.270020 ) (-1024 2048 3283.270264 ) (-1088.560059 2048 3283.270264 ) (-1088.560059 2048 -2571.270020 ) 
4 103 117 (-896 1024 3283.270264 ) (-908 1024 3283.270264 ) (-908 1024 568 ) (-896 1024 568 ) 
4 103 118 (-908 1024 3283.270264 ) (-1024 1024 3283.270264 ) (-1024 1024 568 ) (-908 1024 568 ) 
4 103 114 (-288 1024 3283.270264 ) (-304 1024 3283.270264 ) (-304 1024 568 ) (-288 1024 568 ) 
4 103 116 (-304 1024 3283.270264 ) (-896 1024 3283.270264 ) (-896 1024 568 ) (-304 1024 568 ) 
4 103 111 (0 1024 568 ) (0 1024 3283.270264 ) (-288 1024 3283.270264 ) (-288 1024 568 ) 
4 103 110 (-1024 1024 568 ) (-1024 1024 3283.270264 ) (-1024 2048 3283.270264 ) (-1024 2048 568 ) 
4 103 105 (-896 2044 568 ) (0 2044 568 ) (0 1024 568 ) (-896 1024 568 ) 
4 103 106 (-1024 1024 568 ) (-1024 2044 568 ) (-908 2044 568 ) (-908 1024 568 ) 
4 103 104 (-1024 2044 568 ) (-1024 2048 568 ) (-908 2048 568 ) (-908 2044 568 ) 
4 104 110 (-1024 2044 568 ) (-1024 2048 568 ) (-1024 2048 0 ) (-1024 2044 0 ) 
4 104 109 (-1024 2044 0 ) (-1024 2048 0 ) (-908 2048 0 ) (-908 2044 0 ) 
4 104 106 (-1024 2044 0 ) (-908 2044 0 ) (-908 2044 568 ) (-1024 2044 568 ) 
4 105 114 (-288 1024 568 ) (-304 1024 568 ) (-304 1024 0 ) (-288 1024 0 ) 
4 105 116 (-304 1024 568 ) (-896 1024 568 ) (-896 1024 0 ) (-304 1024 0 ) 
4 105 111 (0 1024 0 ) (0 1024 568 ) (-288 1024 568 ) (-288 1024 0 ) 
4 106 118 (-908 1024 568 ) (-1024 1024 568 ) (-1024 1024 0 ) (-908 1024 0 ) 
4 106 110 (-1024 1024 0 ) (-1024 1024 568 ) (-1024 2044 568 ) (-1024 2044 0 ) 
4 106 109 (-908 1024 0 ) (-1024 1024 0 ) (-1024 2044 0 ) (-908 2044 0 ) 
4 107 108 (-896 2044 -64 ) (-896 2044 -2571.270020 ) (0 2044 -2571.270020 ) (0 2044 -64 ) 
4 107 109 (-896 2048 -2571.270020 ) (-896 2044 -2571.270020 ) (-896 2044 0 ) (-896 2048 0 ) 
4 108 119 (0 1024 -2571.270020 ) (0 1024 -64 ) (-896 1024 -64 ) (-896 1024 -2571.270020 ) 
4 108 109 (-896 2044 -2571.270020 ) (-896 1024 -2571.270020 ) (-896 1024 -64 ) (-896 2044 -64 ) 
4 109 120 (-896 1024 0 ) (-1024 1024 0 ) (-1024 1024 -2571.270020 ) (-896 1024 -2571.270020 ) 
4 109 110 (-1024 1024 -2571.270020 ) (-1024 1024 0 ) (-1024 2048 0 ) (-1024 2048 -2571.270020 ) 
4 110 131 (-1024 1024 -2571.270020 ) (-1024 1024 3283.270264 ) (-1088.560059 1024 3283.270264 ) (-1088.560059 1024 -2571.270020 ) 
4 111 114 (-288 1024 0 ) (-288 512 0 ) (-288 512 3283.270264 ) (-288 1024 3283.270264 ) 
4 111 112 (0 512 3283.270264 ) (-288 512 3283.270264 ) (-288 512 1 ) (0 512 1 ) 
4 112 115 (-288 496 1 ) (-288 496 3283.270264 ) (-288 512 3283.270264 ) (-288 512 1 ) 
4 112 113 (0 496 3283.270264 ) (-288 496 3283.270264 ) (-288 496 1 ) (0 496 1 ) 
4 113 121 (0 0 0 ) (0 0 3283.270264 ) (-288 0 3283.270264 ) (-288 0 0 ) 
4 113 115 (-288 0 1 ) (-288 0 3283.270264 ) (-288 496 3283.270264 ) (-288 496 1 ) 
4 114 115 (-304 512 3283.270264 ) (-304 512 1 ) (-288 512 1 ) (-288 512 3283.270264 ) 
4 114 116 (-304 1024 0 ) (-304 512 0 ) (-304 512 3283.270264 ) (-304 1024 3283.270264 ) 
4 115 124 (-288 0 1 ) (-288 0 3283.270264 ) (-304 0 3283.270264 ) (-304 0 1 ) 
4 115 116 (-304 0 1 ) (-304 0 3283.270264 ) (-304 512 3283.270264 ) (-304 512 1 ) 
4 116 126 (-896 0 0 ) (-304 0 0 ) (-304 0 3283.270264 ) (-896 0 3283.270264 ) 
4 116 117 (-896 0 568 ) (-896 0 3283.270264 ) (-896 1024 3283.270264 ) (-896 1024 568 ) 
4 117 127 (-896 0 568 ) (-896 0 3283.270264 ) (-908 0 3283.270264 ) (-908 0 568 ) 
4 117 118 (-908 0 568 ) (-908 0 3283.270264 ) (-908 1024 3283.270264 ) (-908 1024 568 ) 
4 118 131 (-1024 1024 3283.270264 ) (-1024 1024 0 ) (-1024 0 0 ) (-1024 0 3283.270264 ) 
4 118 128 (-1024 0 3283.270264 ) (-1024 0 0 ) (-908 0 0 ) (-908 0 3283.270264 ) 
4 118 120 (-1024 0 0 ) (-1024 1024 0 ) (-908 1024 0 ) (-908 0 0 ) 
4 119 129 (0 0 -2571.270020 ) (0 0 -64 ) (-896 0 -64 ) (-896 0 -2571.270020 ) 
4 119 120 (-896 1024 -2571.270020 ) (-896 0 -2571.270020 ) (-896 0 -64 ) (-896 1024 -64 ) 
4 120 131 (-1024 1024 0 ) (-1024 1024 -2571.270020 ) (-1024 0 -2571.270020 ) (-1024 0 0 ) 
4 120 130 (-896 0 0 ) (-1024 0 0 ) (-1024 0 -2571.270020 ) (-896 0 -2571.270020 ) 
4 121 124 (-288 -48 1 ) (-288 -48 3283.270264 ) (-288 0 3283.270264 ) (-288 0 1 ) 
4 121 122 (0 -48 3283.270264 ) (-288 -48 3283.270264 ) (-288 -48 1 ) (0 -48 1 ) 
4 122 124 (-288 -64 1 ) (-288 -64 3283.270264 ) (-288 -48 3283.270264 ) (-288 -48 1 ) 
4 122 123 (0 -64 3283.270264 ) (-288 -64 3283.270264 ) (-288 -64 1 ) (0 -64 1 ) 
4 123 156 (0 -1024 0 ) (0 -1024 568 ) (-288 -1024 568 ) (-288 -1024 0 ) 
4 123 155 (0 -1024 568 ) (0 -1024 3283.270264 ) (-288 -1024 3283.270264 ) (-288 -1024 568 ) 
4 123 125 (-288 -64 0 ) (-288 -1024 0 ) (-288 -1024 3283.270264 ) (-288 -64 3283.270264 ) 
4 124 125 (-304 -64 3283.270264 ) (-304 -64 1 ) (-288 -64 1 ) (-288 -64 3283.270264 ) 
4 124 126 (-304 -64 1 ) (-304 -64 3283.270264 ) (-304 0 3283.270264 ) (-304 0 1 ) 
4 125 156 (-304 -1024 0 ) (-288 -1024 0 ) (-288 -1024 568 ) (-304 -1024 568 ) 
4 125 155 (-288 -1024 568 ) (-288 -1024 3283.270264 ) (-304 -1024 3283.270264 ) (-304 -1024 568 ) 
4 125 126 (-304 -64 0 ) (-304 -1024 0 ) (-304 -1024 3283.270264 ) (-304 -64 3283.270264 ) 
4 126 156 (-896 -1024 0 ) (-304 -1024 0 ) (-304 -1024 568 ) (-896 -1024 568 ) 
4 126 155 (-304 -1024 568 ) (-304 -1024 3283.270264 ) (-896 -1024 3283.270264 ) (-896 -1024 568 ) 
4 126 127 (-896 -1024 568 ) (-896 -1024 3283.270264 ) (-896 0 3283.270264 ) (-896 0 568 ) 
4 127 155 (-896 -1024 568 ) (-896 -1024 3283.270264 ) (-908 -1024 3283.270264 ) (-908 -1024 568 ) 
4 127 128 (-908 -1024 568 ) (-908 -1024 3283.270264 ) (-908 0 3283.270264 ) (-908 0 568 ) 
4 128 159 (-1024 -1024 568 ) (-1024 -1024 0 ) (-908 -1024 0 ) (-908 -1024 568 ) 
4 128 155 (-1024 -1024 3283.270264 ) (-1024 -1024 568 ) (-908 -1024 568 ) (-908 -1024 3283.270264 ) 
4 128 132 (-1024 -1024 0 ) (-1024 -1024 3283.270264 ) (-1024 0 3283.270264 ) (-1024 0 0 ) 
4 128 130 (-1024 -1024 0 ) (-1024 0 0 ) (-908 0 0 ) (-908 -1024 0 ) 
4 129 160 (0 -1024 -2571.270020 ) (0 -1024 -64 ) (-896 -1024 -64 ) (-896 -1024 -2571.270020 ) 
4 129 130 (-896 0 -2571.270020 ) (-896 -1024 -2571.270020 ) (-896 -1024 -64 ) (-896 0 -64 ) 
4 130 162 (-896 -1024 0 ) (-1024 -1024 0 ) (-1024 -1024 -2571.270020 ) (-896 -1024 -2571.270020 ) 
4 130 132 (-1024 -1024 -2571.270020 ) (-1024 -1024 0 ) (-1024 0 0 ) (-1024 0 -2571.270020 ) 
4 131 132 (-1024 0 -2571.270020 ) (-1024 0 3283.270264 ) (-1088.560059 0 3283.270264 ) (-1088.560059 0 -2571.270020 ) 
4 132 164 (-1024 -1024 -2571.270020 ) (-1024 -1024 3283.270264 ) (-1088.560059 -1024 3283.270264 ) (-1088.560059 -1024 -2571.270020 ) 
4 133 139 (2048 -1024 0 ) (2048 -1024 -2571.270020 ) (2048 -2048 -2571.270020 ) (2048 -2048 0 ) 
4 133 136 (2048 -1024 568 ) (2048 -1024 0 ) (2048 -2048 0 ) (2048 -2048 568 ) 
4 133 135 (2048 -1024 3283.270264 ) (2048 -1024 568 ) (2048 -2048 568 ) (2048 -2048 3283.270264 ) 
4 133 134 (3072 -2048 -2571.270020 ) (3072 -2048 3283.270264 ) (2048 -2048 3283.270264 ) (2048 -2048 -2571.270020 ) 
4 134 149 (3072 -3072 -2571.270020 ) (3072 -3072 3283.270264 ) (2048 -3072 3283.270264 ) (2048 -3072 -2571.270020 ) 
4 134 147 (2048 -3072 -2571.270020 ) (2048 -3072 3283.270264 ) (2048 -2048 3283.270264 ) (2048 -2048 -2571.270020 ) 
4 135 147 (2048 -2048 568 ) (2048 -2048 3283.270264 ) (1024 -2048 3283.270264 ) (1024 -2048 568 ) 
4 135 142 (1024 -1024 3283.270264 ) (1024 -1024 568 ) (1024 -2048 568 ) (1024 -2048 3283.270264 ) 
4 135 137 (1024 -1136 568 ) (1024 -1024 568 ) (1408 -1024 568 ) (1408 -1136 568 ) 
4 135 138 (1024 -2048 568 ) (1024 -1148 568 ) (1408 -1148 568 ) (1408 -2048 568 ) 
4 135 136 (1408 -1024 568 ) (2048 -1024 568 ) (2048 -2048 568 ) (1408 -2048 568 ) 
4 136 147 (2048 -2048 0 ) (2048 -2048 568 ) (1408 -2048 568 ) (1408 -2048 0 ) 
4 136 141 (1684 -2048 0 ) (1408 -2048 0 ) (1408 -1136 0 ) (1684 -1136 0 ) 
4 136 139 (2048 -2048 0 ) (1684 -2048 0 ) (1684 -1024 0 ) (2048 -1024 0 ) 
4 136 137 (1408 -1024 0 ) (1408 -1136 0 ) (1408 -1136 568 ) (1408 -1024 568 ) 
4 136 138 (1408 -1148 0 ) (1408 -2048 0 ) (1408 -2048 568 ) (1408 -1148 568 ) 
4 137 143 (1024 -1024 568 ) (1024 -1024 0 ) (1024 -1136 0 ) (1024 -1136 568 ) 
4 138 147 (1408 -2048 568 ) (1024 -2048 568 ) (1024 -2048 0 ) (1408 -2048 0 ) 
4 138 144 (1024 -1148 0 ) (1024 -2048 0 ) (1024 -2048 568 ) (1024 -1148 568 ) 
4 138 141 (1408 -2048 0 ) (1024 -2048 0 ) (1024 -1148 0 ) (1408 -1148 0 ) 
4 139 147 (2048 -2048 -2571.270020 ) (2048 -2048 0 ) (1684 -2048 0 ) (1684 -2048 -2571.270020 ) 
4 139 140 (1684 -1024 -2571.270020 ) (1684 -1136 -2571.270020 ) (1684 -1136 -64 ) (1684 -1024 -64 ) 
4 139 141 (1684 -1136 -2571.270020 ) (1684 -2048 -2571.270020 ) (1684 -2048 0 ) (1684 -1136 0 ) 
4 140 145 (1024 -1024 -64 ) (1024 -1024 -2571.270020 ) (1024 -1136 -2571.270020 ) (1024 -1136 -64 ) 
4 140 141 (1024 -1136 -2571.270020 ) (1684 -1136 -2571.270020 ) (1684 -1136 -64 ) (1024 -1136 -64 ) 
4 141 147 (1684 -2048 0 ) (1024 -2048 0 ) (1024 -2048 -2571.270020 ) (1684 -2048 -2571.270020 ) 
4 141 146 (1024 -1136 -2571.270020 ) (1024 -2048 -2571.270020 ) (1024 -2048 0 ) (1024 -1136 0 ) 
4 142 155 (0 -1024 3283.270264 ) (0 -1024 568 ) (0 -2048 568 ) (0 -2048 3283.270264 ) 
4 142 148 (1024 -2048 568 ) (1024 -2048 3283.270264 ) (0 -2048 3283.270264 ) (0 -2048 568 ) 
4 142 143 (0 -1136 568 ) (0 -1024 568 ) (1024 -1024 568 ) (1024 -1136 568 ) 
4 142 144 (1024 -2048 568 ) (0 -2048 568 ) (0 -1148 568 ) (1024 -1148 568 ) 
4 143 156 (0 -1024 568 ) (0 -1024 0 ) (0 -1136 0 ) (0 -1136 568 ) 
4 144 157 (0 -1148 0 ) (0 -2048 0 ) (0 -2048 568 ) (0 -1148 568 ) 
4 144 148 (1024 -2048 0 ) (1024 -2048 568 ) (0 -2048 568 ) (0 -2048 0 ) 
4 144 146 (1024 -1148 0 ) (1024 -2048 0 ) (0 -2048 0 ) (0 -1148 0 ) 
4 145 160 (0 -1024 -64 ) (0 -1024 -2571.270020 ) (0 -1136 -2571.270020 ) (0 -1136 -64 ) 
4 145 146 (0 -1136 -2571.270020 ) (1024 -1136 -2571.270020 ) (1024 -1136 -64 ) (0 -1136 -64 ) 
4 146 161 (0 -1136 -2571.270020 ) (0 -2048 -2571.270020 ) (0 -2048 0 ) (0 -1136 0 ) 
4 146 148 (1024 -2048 -2571.270020 ) (1024 -2048 0 ) (0 -2048 0 ) (0 -2048 -2571.270020 ) 
4 147 150 (2048 -3072 -2571.270020 ) (2048 -3072 3283.270264 ) (1024 -3072 3283.270264 ) (1024 -3072 -2571.270020 ) 
4 147 148 (1024 -2048 3283.270264 ) (1024 -2048 -2571.270020 ) (1024 -3072 -2571.270020 ) (1024 -3072 3283.270264 ) 
4 148 163 (0 -3072 -2571.270020 ) (0 -3072 3283.270264 ) (0 -2048 3283.270264 ) (0 -2048 -2571.270020 ) 
4 148 151 (1024 -3072 -2571.270020 ) (1024 -3072 3283.270264 ) (0 -3072 3283.270264 ) (0 -3072 -2571.270020 ) 
4 149 152 (3072 -4096 -2571.270020 ) (3072 -4096 3283.270264 ) (2048 -4096 3283.270264 ) (2048 -4096 -2571.270020 ) 
4 149 150 (2048 -4096 -2571.270020 ) (2048 -4096 3283.270264 ) (2048 -3072 3283.270264 ) (2048 -3072 -2571.270020 ) 
4 150 153 (2048 -4096 -2571.270020 ) (2048 -4096 3283.270264 ) (1024 -4096 3283.270264 ) (1024 -4096 -2571.270020 ) 
4 150 151 (1024 -3072 3283.270264 ) (1024 -3072 -2571.270020 ) (1024 -4096 -2571.270020 ) (1024 -4096 3283.270264 ) 
4 151 166 (0 -4096 -2571.270020 ) (0 -4096 3283.270264 ) (0 -3072 3283.270264 ) (0 -3072 -2571.270020 ) 
4 151 154 (0 -4096 3283.270264 ) (0 -4096 -2571.270020 ) (1024 -4096 -2571.270020 ) (1024 -4096 3283.270264 ) 
4 152 153 (2048 -4096 3283.270264 ) (2048 -4096 -2571.270020 ) (2048 -4778.890137 -2571.270020 ) (2048 -4778.890137 3283.270264 ) 
4 153 154 (1024 -4096 3283.270264 ) (1024 -4096 -2571.270020 ) (1024 -4778.890137 -2571.270020 ) (1024 -4778.890137 3283.270264 ) 
4 154 168 (0 -4778.890137 3283.270264 ) (0 -4096 3283.270264 ) (0 -4096 -2571.270020 ) (0 -4778.890137 -2571.270020 ) 
4 155 164 (-1024 -1024 3283.270264 ) (-1024 -1024 568 ) (-1024 -2048 568 ) (-1024 -2048 3283.270264 ) 
4 155 163 (0 -2048 568 ) (0 -2048 3283.270264 ) (-1024 -2048 3283.270264 ) (-1024 -2048 568 ) 
4 155 158 (-896 -2048 568 ) (-908 -2048 568 ) (-908 -1136 568 ) (-896 -1136 568 ) 
4 155 159 (-908 -2048 568 ) (-1024 -2048 568 ) (-1024 -1024 568 ) (-908 -1024 568 ) 
4 155 156 (-896 -1136 568 ) (-896 -1024 568 ) (0 -1024 568 ) (0 -1136 568 ) 
4 155 157 (0 -2048 568 ) (-896 -2048 568 ) (-896 -1148 568 ) (0 -1148 568 ) 
4 157 163 (0 -2048 0 ) (0 -2048 568 ) (-896 -2048 568 ) (-896 -2048 0 ) 
4 157 161 (0 -1148 0 ) (0 -2048 0 ) (-896 -2048 0 ) (-896 -1148 0 ) 
4 157 158 (-896 -1148 0 ) (-896 -2048 0 ) (-896 -2048 568 ) (-896 -1148 568 ) 
4 158 163 (-896 -2048 568 ) (-908 -2048 568 ) (-908 -2048 0 ) (-896 -2048 0 ) 
4 158 162 (-896 -1136 0 ) (-896 -2048 0 ) (-908 -2048 0 ) (-908 -1136 0 ) 
4 158 159 (-908 -1136 0 ) (-908 -2048 0 ) (-908 -2048 568 ) (-908 -1136 568 ) 
4 159 164 (-1024 -1024 568 ) (-1024 -1024 0 ) (-1024 -2048 0 ) (-1024 -2048 568 ) 
4 159 163 (-908 -2048 568 ) (-1024 -2048 568 ) (-1024 -2048 0 ) (-908 -2048 0 ) 
4 159 162 (-1024 -2048 0 ) (-1024 -1024 0 ) (-908 -1024 0 ) (-908 -2048 0 ) 
4 160 161 (-896 -1136 -64 ) (-896 -1136 -2571.270020 ) (0 -1136 -2571.270020 ) (0 -1136 -64 ) 
4 160 162 (-896 -1024 -2571.270020 ) (-896 -1136 -2571.270020 ) (-896 -1136 -64 ) (-896 -1024 -64 ) 
4 161 163 (0 -2048 -2571.270020 ) (0 -2048 0 ) (-896 -2048 0 ) (-896 -2048 -2571.270020 ) 
4 161 162 (-896 -1136 -2571.270020 ) (-896 -2048 -2571.270020 ) (-896 -2048 0 ) (-896 -1136 0 ) 
4 162 164 (-1024 -1024 0 ) (-1024 -1024 -2571.270020 ) (-1024 -2048 -2571.270020 ) (-1024 -2048 0 ) 
4 162 163 (-896 -2048 0 ) (-1024 -2048 0 ) (-1024 -2048 -2571.270020 ) (-896 -2048 -2571.270020 ) 
4 163 166 (0 -3072 -2571.270020 ) (0 -3072 3283.270264 ) (-1024 -3072 3283.270264 ) (-1024 -3072 -2571.270020 ) 
4 163 165 (-1024 -3072 -2571.270020 ) (-1024 -3072 3283.270264 ) (-1024 -2048 3283.270264 ) (-1024 -2048 -2571.270020 ) 
4 164 165 (-1024 -2048 -2571.270020 ) (-1024 -2048 3283.270264 ) (-1088.560059 -2048 3283.270264 ) (-1088.560059 -2048 -2571.270020 ) 
4 165 167 (-1024 -3072 -2571.270020 ) (-1024 -3072 3283.270264 ) (-1088.560059 -3072 3283.270264 ) (-1088.560059 -3072 -2571.270020 ) 
4 166 168 (0 -4096 -2571.270020 ) (0 -4096 3283.270264 ) (-1024 -4096 3283.270264 ) (-1024 -4096 -2571.270020 ) 
4 166 167 (-1024 -4096 -2571.270020 ) (-1024 -4096 3283.270264 ) (-1024 -3072 3283.270264 ) (-1024 -3072 -2571.270020 ) 
4 167 169 (-1024 -4096 -2571.270020 ) (-1024 -4096 3283.270264 ) (-1088.560059 -4096 3283.270264 ) (-1088.560059 -4096 -2571.270020 ) 
4 168 169 (-1024 -4096 3283.270264 ) (-1024 -4096 -2571.270020 ) (-1024 -4778.890137 -2571.270020 ) (-1024 -4778.890137 3283.270264 ) 
